This file contains any messages produced by compilers while
running configure, to aid debugging if configure makes a mistake.

It was created by configure, which was
generated by GNU Autoconf 2.69.  Invocation command line was

  $ ./configure 

## --------- ##
## Platform. ##
## --------- ##

hostname = cc-apex
uname -m = x86_64
uname -r = 4.15.9-1-ARCH
uname -s = Linux
uname -v = #1 SMP PREEMPT Sun Mar 11 17:54:33 UTC 2018

/usr/bin/uname -p = unknown
/bin/uname -X     = unknown

/bin/arch              = unknown
/usr/bin/arch -k       = unknown
/usr/convex/getsysinfo = unknown
/usr/bin/hostinfo      = unknown
/bin/machine           = unknown
/usr/bin/oslevel       = unknown
/bin/universe          = unknown

PATH: /usr/local/sbin
PATH: /usr/local/bin
PATH: /usr/bin
PATH: /usr/bin/site_perl
PATH: /usr/bin/vendor_perl
PATH: /usr/bin/core_perl


## ----------- ##
## Core tests. ##
## ----------- ##

configure:2192: checking for gcc
configure:2208: found /usr/bin/gcc
configure:2219: result: gcc
configure:2448: checking for C compiler version
configure:2457: gcc --version >&5
gcc (GCC) 7.3.0
Copyright (C) 2017 Free Software Foundation, Inc.
This is free software; see the source for copying conditions.  There is NO
warranty; not even for MERCHANTABILITY or FITNESS FOR A PARTICULAR PURPOSE.

configure:2468: $? = 0
configure:2457: gcc -v >&5
Using built-in specs.
COLLECT_GCC=gcc
COLLECT_LTO_WRAPPER=/usr/lib/gcc/x86_64-pc-linux-gnu/7.3.0/lto-wrapper
Target: x86_64-pc-linux-gnu
Configured with: /build/gcc/src/gcc/configure --prefix=/usr --libdir=/usr/lib --libexecdir=/usr/lib --mandir=/usr/share/man --infodir=/usr/share/info --with-bugurl=https://bugs.archlinux.org/ --enable-languages=c,c++,ada,fortran,go,lto,objc,obj-c++ --enable-shared --enable-threads=posix --enable-libmpx --with-system-zlib --with-isl --enable-__cxa_atexit --disable-libunwind-exceptions --enable-clocale=gnu --disable-libstdcxx-pch --disable-libssp --enable-gnu-unique-object --enable-linker-build-id --enable-lto --enable-plugin --enable-install-libiberty --with-linker-hash-style=gnu --enable-gnu-indirect-function --enable-multilib --disable-werror --enable-checking=release --enable-default-pie --enable-default-ssp
Thread model: posix
gcc version 7.3.0 (GCC) 
configure:2468: $? = 0
configure:2457: gcc -V >&5
gcc: error: unrecognized command line option '-V'
gcc: fatal error: no input files
compilation terminated.
configure:2468: $? = 1
configure:2457: gcc -qversion >&5
gcc: error: unrecognized command line option '-qversion'; did you mean '--version'?
gcc: fatal error: no input files
compilation terminated.
configure:2468: $? = 1
configure:2488: checking whether the C compiler works
configure:2510: gcc -m32 -m32  conftest.c  >&5
configure:2514: $? = 0
configure:2562: result: yes
configure:2565: checking for C compiler default output file name
configure:2567: result: a.out
configure:2573: checking for suffix of executables
configure:2580: gcc -o conftest -m32 -m32  conftest.c  >&5
configure:2584: $? = 0
configure:2606: result: 
configure:2628: checking whether we are cross compiling
configure:2636: gcc -o conftest -m32 -m32  conftest.c  >&5
configure:2640: $? = 0
configure:2647: ./conftest
configure:2651: $? = 0
configure:2666: result: no
configure:2671: checking for suffix of object files
configure:2693: gcc -c -m32 -m32 conftest.c >&5
configure:2697: $? = 0
configure:2718: result: o
configure:2722: checking whether we are using the GNU C compiler
configure:2741: gcc -c -m32 -m32 conftest.c >&5
configure:2741: $? = 0
configure:2750: result: yes
configure:2759: checking whether gcc accepts -g
configure:2779: gcc -c -g -m32 conftest.c >&5
configure:2779: $? = 0
configure:2820: result: yes
configure:2837: checking for gcc option to accept ISO C89
configure:2900: gcc  -c -m32 -m32 conftest.c >&5
configure:2900: $? = 0
configure:2913: result: none needed
configure:2944: checking how to run the C preprocessor
configure:2975: gcc -E -m32 conftest.c
configure:2975: $? = 0
configure:2989: gcc -E -m32 conftest.c
conftest.c:9:10: fatal error: ac_nonexistent.h: No such file or directory
 #include <ac_nonexistent.h>
          ^~~~~~~~~~~~~~~~~~
compilation terminated.
configure:2989: $? = 1
configure: failed program was:
| /* confdefs.h */
| #define PACKAGE_NAME ""
| #define PACKAGE_TARNAME ""
| #define PACKAGE_VERSION ""
| #define PACKAGE_STRING ""
| #define PACKAGE_BUGREPORT ""
| #define PACKAGE_URL ""
| /* end confdefs.h.  */
| #include <ac_nonexistent.h>
configure:3014: result: gcc -E
configure:3034: gcc -E -m32 conftest.c
configure:3034: $? = 0
configure:3048: gcc -E -m32 conftest.c
conftest.c:9:10: fatal error: ac_nonexistent.h: No such file or directory
 #include <ac_nonexistent.h>
          ^~~~~~~~~~~~~~~~~~
compilation terminated.
configure:3048: $? = 1
configure: failed program was:
| /* confdefs.h */
| #define PACKAGE_NAME ""
| #define PACKAGE_TARNAME ""
| #define PACKAGE_VERSION ""
| #define PACKAGE_STRING ""
| #define PACKAGE_BUGREPORT ""
| #define PACKAGE_URL ""
| /* end confdefs.h.  */
| #include <ac_nonexistent.h>
configure:3077: checking for grep that handles long lines and -e
configure:3135: result: /usr/bin/grep
configure:3140: checking for egrep
configure:3202: result: /usr/bin/grep -E
configure:3208: checking whether gcc needs -traditional
configure:3242: result: no
configure:3292: checking for a BSD-compatible install
configure:3360: result: /usr/bin/install -c
configure:3414: checking for ranlib
configure:3430: found /usr/bin/ranlib
configure:3441: result: ranlib
configure:3464: checking for ANSI C header files
configure:3484: gcc -c -m32 -m32 conftest.c >&5
configure:3484: $? = 0
configure:3557: gcc -o conftest -m32 -m32  conftest.c  >&5
configure:3557: $? = 0
configure:3557: ./conftest
configure:3557: $? = 0
configure:3568: result: yes
configure:3581: checking for sys/types.h
configure:3581: gcc -c -m32 -m32 conftest.c >&5
configure:3581: $? = 0
configure:3581: result: yes
configure:3581: checking for sys/stat.h
configure:3581: gcc -c -m32 -m32 conftest.c >&5
configure:3581: $? = 0
configure:3581: result: yes
configure:3581: checking for stdlib.h
configure:3581: gcc -c -m32 -m32 conftest.c >&5
configure:3581: $? = 0
configure:3581: result: yes
configure:3581: checking for string.h
configure:3581: gcc -c -m32 -m32 conftest.c >&5
configure:3581: $? = 0
configure:3581: result: yes
configure:3581: checking for memory.h
configure:3581: gcc -c -m32 -m32 conftest.c >&5
configure:3581: $? = 0
configure:3581: result: yes
configure:3581: checking for strings.h
configure:3581: gcc -c -m32 -m32 conftest.c >&5
configure:3581: $? = 0
configure:3581: result: yes
configure:3581: checking for inttypes.h
configure:3581: gcc -c -m32 -m32 conftest.c >&5
configure:3581: $? = 0
configure:3581: result: yes
configure:3581: checking for stdint.h
configure:3581: gcc -c -m32 -m32 conftest.c >&5
configure:3581: $? = 0
configure:3581: result: yes
configure:3581: checking for unistd.h
configure:3581: gcc -c -m32 -m32 conftest.c >&5
configure:3581: $? = 0
configure:3581: result: yes
configure:3593: checking for BSD string and memory functions
configure:3606: gcc -o conftest -m32 -m32  conftest.c  >&5
configure:3606: $? = 0
configure:3607: result: yes
configure:3620: checking for string.h
configure:3620: result: yes
configure:3634: checking for strcasecmp
configure:3634: gcc -o conftest -m32 -m32  conftest.c  >&5
conftest.c:43:6: warning: conflicting types for built-in function 'strcasecmp' [-Wbuiltin-declaration-mismatch]
 char strcasecmp ();
      ^~~~~~~~~~
configure:3634: $? = 0
configure:3634: result: yes
configure:3634: checking for sighold
configure:3634: gcc -o conftest -m32 -m32  conftest.c  >&5
configure:3634: $? = 0
configure:3634: result: yes
configure:3649: checking for unistd.h
configure:3649: result: yes
configure:3649: checking for stdlib.h
configure:3649: result: yes
configure:3649: checking varargs.h usability
configure:3649: gcc -c -m32 -m32 conftest.c >&5
In file included from conftest.c:57:0:
/usr/lib/gcc/x86_64-pc-linux-gnu/7.3.0/include/varargs.h:4:2: error: #error "GCC no longer implements <varargs.h>."
 #error "GCC no longer implements <varargs.h>."
  ^~~~~
/usr/lib/gcc/x86_64-pc-linux-gnu/7.3.0/include/varargs.h:5:2: error: #error "Revise your code to use <stdarg.h>."
 #error "Revise your code to use <stdarg.h>."
  ^~~~~
configure:3649: $? = 1
configure: failed program was:
| /* confdefs.h */
| #define PACKAGE_NAME ""
| #define PACKAGE_TARNAME ""
| #define PACKAGE_VERSION ""
| #define PACKAGE_STRING ""
| #define PACKAGE_BUGREPORT ""
| #define PACKAGE_URL ""
| #define STDC_HEADERS 1
| #define HAVE_SYS_TYPES_H 1
| #define HAVE_SYS_STAT_H 1
| #define HAVE_STDLIB_H 1
| #define HAVE_STRING_H 1
| #define HAVE_MEMORY_H 1
| #define HAVE_STRINGS_H 1
| #define HAVE_INTTYPES_H 1
| #define HAVE_STDINT_H 1
| #define HAVE_UNISTD_H 1
| #define HAVE_STRING_H 1
| #define HAVE_STRCASECMP 1
| #define HAVE_SIGHOLD 1
| #define HAVE_UNISTD_H 1
| #define HAVE_STDLIB_H 1
| /* end confdefs.h.  */
| #include <stdio.h>
| #ifdef HAVE_SYS_TYPES_H
| # include <sys/types.h>
| #endif
| #ifdef HAVE_SYS_STAT_H
| # include <sys/stat.h>
| #endif
| #ifdef STDC_HEADERS
| # include <stdlib.h>
| # include <stddef.h>
| #else
| # ifdef HAVE_STDLIB_H
| #  include <stdlib.h>
| # endif
| #endif
| #ifdef HAVE_STRING_H
| # if !defined STDC_HEADERS && defined HAVE_MEMORY_H
| #  include <memory.h>
| # endif
| # include <string.h>
| #endif
| #ifdef HAVE_STRINGS_H
| # include <strings.h>
| #endif
| #ifdef HAVE_INTTYPES_H
| # include <inttypes.h>
| #endif
| #ifdef HAVE_STDINT_H
| # include <stdint.h>
| #endif
| #ifdef HAVE_UNISTD_H
| # include <unistd.h>
| #endif
| #include <varargs.h>
configure:3649: result: no
configure:3649: checking varargs.h presence
configure:3649: gcc -E -m32 conftest.c
In file included from conftest.c:24:0:
/usr/lib/gcc/x86_64-pc-linux-gnu/7.3.0/include/varargs.h:4:2: error: #error "GCC no longer implements <varargs.h>."
 #error "GCC no longer implements <varargs.h>."
  ^~~~~
/usr/lib/gcc/x86_64-pc-linux-gnu/7.3.0/include/varargs.h:5:2: error: #error "Revise your code to use <stdarg.h>."
 #error "Revise your code to use <stdarg.h>."
  ^~~~~
configure:3649: $? = 1
configure: failed program was:
| /* confdefs.h */
| #define PACKAGE_NAME ""
| #define PACKAGE_TARNAME ""
| #define PACKAGE_VERSION ""
| #define PACKAGE_STRING ""
| #define PACKAGE_BUGREPORT ""
| #define PACKAGE_URL ""
| #define STDC_HEADERS 1
| #define HAVE_SYS_TYPES_H 1
| #define HAVE_SYS_STAT_H 1
| #define HAVE_STDLIB_H 1
| #define HAVE_STRING_H 1
| #define HAVE_MEMORY_H 1
| #define HAVE_STRINGS_H 1
| #define HAVE_INTTYPES_H 1
| #define HAVE_STDINT_H 1
| #define HAVE_UNISTD_H 1
| #define HAVE_STRING_H 1
| #define HAVE_STRCASECMP 1
| #define HAVE_SIGHOLD 1
| #define HAVE_UNISTD_H 1
| #define HAVE_STDLIB_H 1
| /* end confdefs.h.  */
| #include <varargs.h>
configure:3649: result: no
configure:3649: checking for varargs.h
configure:3649: result: no
configure:3649: checking for string.h
configure:3649: result: yes
configure:3649: checking alloca.h usability
configure:3649: gcc -c -m32 -m32 conftest.c >&5
configure:3649: $? = 0
configure:3649: result: yes
configure:3649: checking alloca.h presence
configure:3649: gcc -E -m32 conftest.c
configure:3649: $? = 0
configure:3649: result: yes
configure:3649: checking for alloca.h
configure:3649: result: yes
configure:3649: checking dirent.h usability
configure:3649: gcc -c -m32 -m32 conftest.c >&5
configure:3649: $? = 0
configure:3649: result: yes
configure:3649: checking dirent.h presence
configure:3649: gcc -E -m32 conftest.c
configure:3649: $? = 0
configure:3649: result: yes
configure:3649: checking for dirent.h
configure:3649: result: yes
configure:3649: checking sys/ptem.h usability
configure:3649: gcc -c -m32 -m32 conftest.c >&5
conftest.c:60:10: fatal error: sys/ptem.h: No such file or directory
 #include <sys/ptem.h>
          ^~~~~~~~~~~~
compilation terminated.
configure:3649: $? = 1
configure: failed program was:
| /* confdefs.h */
| #define PACKAGE_NAME ""
| #define PACKAGE_TARNAME ""
| #define PACKAGE_VERSION ""
| #define PACKAGE_STRING ""
| #define PACKAGE_BUGREPORT ""
| #define PACKAGE_URL ""
| #define STDC_HEADERS 1
| #define HAVE_SYS_TYPES_H 1
| #define HAVE_SYS_STAT_H 1
| #define HAVE_STDLIB_H 1
| #define HAVE_STRING_H 1
| #define HAVE_MEMORY_H 1
| #define HAVE_STRINGS_H 1
| #define HAVE_INTTYPES_H 1
| #define HAVE_STDINT_H 1
| #define HAVE_UNISTD_H 1
| #define HAVE_STRING_H 1
| #define HAVE_STRCASECMP 1
| #define HAVE_SIGHOLD 1
| #define HAVE_UNISTD_H 1
| #define HAVE_STDLIB_H 1
| #define HAVE_STRING_H 1
| #define HAVE_ALLOCA_H 1
| #define HAVE_DIRENT_H 1
| /* end confdefs.h.  */
| #include <stdio.h>
| #ifdef HAVE_SYS_TYPES_H
| # include <sys/types.h>
| #endif
| #ifdef HAVE_SYS_STAT_H
| # include <sys/stat.h>
| #endif
| #ifdef STDC_HEADERS
| # include <stdlib.h>
| # include <stddef.h>
| #else
| # ifdef HAVE_STDLIB_H
| #  include <stdlib.h>
| # endif
| #endif
| #ifdef HAVE_STRING_H
| # if !defined STDC_HEADERS && defined HAVE_MEMORY_H
| #  include <memory.h>
| # endif
| # include <string.h>
| #endif
| #ifdef HAVE_STRINGS_H
| # include <strings.h>
| #endif
| #ifdef HAVE_INTTYPES_H
| # include <inttypes.h>
| #endif
| #ifdef HAVE_STDINT_H
| # include <stdint.h>
| #endif
| #ifdef HAVE_UNISTD_H
| # include <unistd.h>
| #endif
| #include <sys/ptem.h>
configure:3649: result: no
configure:3649: checking sys/ptem.h presence
configure:3649: gcc -E -m32 conftest.c
conftest.c:27:10: fatal error: sys/ptem.h: No such file or directory
 #include <sys/ptem.h>
          ^~~~~~~~~~~~
compilation terminated.
configure:3649: $? = 1
configure: failed program was:
| /* confdefs.h */
| #define PACKAGE_NAME ""
| #define PACKAGE_TARNAME ""
| #define PACKAGE_VERSION ""
| #define PACKAGE_STRING ""
| #define PACKAGE_BUGREPORT ""
| #define PACKAGE_URL ""
| #define STDC_HEADERS 1
| #define HAVE_SYS_TYPES_H 1
| #define HAVE_SYS_STAT_H 1
| #define HAVE_STDLIB_H 1
| #define HAVE_STRING_H 1
| #define HAVE_MEMORY_H 1
| #define HAVE_STRINGS_H 1
| #define HAVE_INTTYPES_H 1
| #define HAVE_STDINT_H 1
| #define HAVE_UNISTD_H 1
| #define HAVE_STRING_H 1
| #define HAVE_STRCASECMP 1
| #define HAVE_SIGHOLD 1
| #define HAVE_UNISTD_H 1
| #define HAVE_STDLIB_H 1
| #define HAVE_STRING_H 1
| #define HAVE_ALLOCA_H 1
| #define HAVE_DIRENT_H 1
| /* end confdefs.h.  */
| #include <sys/ptem.h>
configure:3649: result: no
configure:3649: checking for sys/ptem.h
configure:3649: result: no
configure:3649: checking sys/pte.h usability
configure:3649: gcc -c -m32 -m32 conftest.c >&5
conftest.c:60:10: fatal error: sys/pte.h: No such file or directory
 #include <sys/pte.h>
          ^~~~~~~~~~~
compilation terminated.
configure:3649: $? = 1
configure: failed program was:
| /* confdefs.h */
| #define PACKAGE_NAME ""
| #define PACKAGE_TARNAME ""
| #define PACKAGE_VERSION ""
| #define PACKAGE_STRING ""
| #define PACKAGE_BUGREPORT ""
| #define PACKAGE_URL ""
| #define STDC_HEADERS 1
| #define HAVE_SYS_TYPES_H 1
| #define HAVE_SYS_STAT_H 1
| #define HAVE_STDLIB_H 1
| #define HAVE_STRING_H 1
| #define HAVE_MEMORY_H 1
| #define HAVE_STRINGS_H 1
| #define HAVE_INTTYPES_H 1
| #define HAVE_STDINT_H 1
| #define HAVE_UNISTD_H 1
| #define HAVE_STRING_H 1
| #define HAVE_STRCASECMP 1
| #define HAVE_SIGHOLD 1
| #define HAVE_UNISTD_H 1
| #define HAVE_STDLIB_H 1
| #define HAVE_STRING_H 1
| #define HAVE_ALLOCA_H 1
| #define HAVE_DIRENT_H 1
| /* end confdefs.h.  */
| #include <stdio.h>
| #ifdef HAVE_SYS_TYPES_H
| # include <sys/types.h>
| #endif
| #ifdef HAVE_SYS_STAT_H
| # include <sys/stat.h>
| #endif
| #ifdef STDC_HEADERS
| # include <stdlib.h>
| # include <stddef.h>
| #else
| # ifdef HAVE_STDLIB_H
| #  include <stdlib.h>
| # endif
| #endif
| #ifdef HAVE_STRING_H
| # if !defined STDC_HEADERS && defined HAVE_MEMORY_H
| #  include <memory.h>
| # endif
| # include <string.h>
| #endif
| #ifdef HAVE_STRINGS_H
| # include <strings.h>
| #endif
| #ifdef HAVE_INTTYPES_H
| # include <inttypes.h>
| #endif
| #ifdef HAVE_STDINT_H
| # include <stdint.h>
| #endif
| #ifdef HAVE_UNISTD_H
| # include <unistd.h>
| #endif
| #include <sys/pte.h>
configure:3649: result: no
configure:3649: checking sys/pte.h presence
configure:3649: gcc -E -m32 conftest.c
conftest.c:27:10: fatal error: sys/pte.h: No such file or directory
 #include <sys/pte.h>
          ^~~~~~~~~~~
compilation terminated.
configure:3649: $? = 1
configure: failed program was:
| /* confdefs.h */
| #define PACKAGE_NAME ""
| #define PACKAGE_TARNAME ""
| #define PACKAGE_VERSION ""
| #define PACKAGE_STRING ""
| #define PACKAGE_BUGREPORT ""
| #define PACKAGE_URL ""
| #define STDC_HEADERS 1
| #define HAVE_SYS_TYPES_H 1
| #define HAVE_SYS_STAT_H 1
| #define HAVE_STDLIB_H 1
| #define HAVE_STRING_H 1
| #define HAVE_MEMORY_H 1
| #define HAVE_STRINGS_H 1
| #define HAVE_INTTYPES_H 1
| #define HAVE_STDINT_H 1
| #define HAVE_UNISTD_H 1
| #define HAVE_STRING_H 1
| #define HAVE_STRCASECMP 1
| #define HAVE_SIGHOLD 1
| #define HAVE_UNISTD_H 1
| #define HAVE_STDLIB_H 1
| #define HAVE_STRING_H 1
| #define HAVE_ALLOCA_H 1
| #define HAVE_DIRENT_H 1
| /* end confdefs.h.  */
| #include <sys/pte.h>
configure:3649: result: no
configure:3649: checking for sys/pte.h
configure:3649: result: no
configure:3649: checking sys/stream.h usability
configure:3649: gcc -c -m32 -m32 conftest.c >&5
conftest.c:60:10: fatal error: sys/stream.h: No such file or directory
 #include <sys/stream.h>
          ^~~~~~~~~~~~~~
compilation terminated.
configure:3649: $? = 1
configure: failed program was:
| /* confdefs.h */
| #define PACKAGE_NAME ""
| #define PACKAGE_TARNAME ""
| #define PACKAGE_VERSION ""
| #define PACKAGE_STRING ""
| #define PACKAGE_BUGREPORT ""
| #define PACKAGE_URL ""
| #define STDC_HEADERS 1
| #define HAVE_SYS_TYPES_H 1
| #define HAVE_SYS_STAT_H 1
| #define HAVE_STDLIB_H 1
| #define HAVE_STRING_H 1
| #define HAVE_MEMORY_H 1
| #define HAVE_STRINGS_H 1
| #define HAVE_INTTYPES_H 1
| #define HAVE_STDINT_H 1
| #define HAVE_UNISTD_H 1
| #define HAVE_STRING_H 1
| #define HAVE_STRCASECMP 1
| #define HAVE_SIGHOLD 1
| #define HAVE_UNISTD_H 1
| #define HAVE_STDLIB_H 1
| #define HAVE_STRING_H 1
| #define HAVE_ALLOCA_H 1
| #define HAVE_DIRENT_H 1
| /* end confdefs.h.  */
| #include <stdio.h>
| #ifdef HAVE_SYS_TYPES_H
| # include <sys/types.h>
| #endif
| #ifdef HAVE_SYS_STAT_H
| # include <sys/stat.h>
| #endif
| #ifdef STDC_HEADERS
| # include <stdlib.h>
| # include <stddef.h>
| #else
| # ifdef HAVE_STDLIB_H
| #  include <stdlib.h>
| # endif
| #endif
| #ifdef HAVE_STRING_H
| # if !defined STDC_HEADERS && defined HAVE_MEMORY_H
| #  include <memory.h>
| # endif
| # include <string.h>
| #endif
| #ifdef HAVE_STRINGS_H
| # include <strings.h>
| #endif
| #ifdef HAVE_INTTYPES_H
| # include <inttypes.h>
| #endif
| #ifdef HAVE_STDINT_H
| # include <stdint.h>
| #endif
| #ifdef HAVE_UNISTD_H
| # include <unistd.h>
| #endif
| #include <sys/stream.h>
configure:3649: result: no
configure:3649: checking sys/stream.h presence
configure:3649: gcc -E -m32 conftest.c
conftest.c:27:10: fatal error: sys/stream.h: No such file or directory
 #include <sys/stream.h>
          ^~~~~~~~~~~~~~
compilation terminated.
configure:3649: $? = 1
configure: failed program was:
| /* confdefs.h */
| #define PACKAGE_NAME ""
| #define PACKAGE_TARNAME ""
| #define PACKAGE_VERSION ""
| #define PACKAGE_STRING ""
| #define PACKAGE_BUGREPORT ""
| #define PACKAGE_URL ""
| #define STDC_HEADERS 1
| #define HAVE_SYS_TYPES_H 1
| #define HAVE_SYS_STAT_H 1
| #define HAVE_STDLIB_H 1
| #define HAVE_STRING_H 1
| #define HAVE_MEMORY_H 1
| #define HAVE_STRINGS_H 1
| #define HAVE_INTTYPES_H 1
| #define HAVE_STDINT_H 1
| #define HAVE_UNISTD_H 1
| #define HAVE_STRING_H 1
| #define HAVE_STRCASECMP 1
| #define HAVE_SIGHOLD 1
| #define HAVE_UNISTD_H 1
| #define HAVE_STDLIB_H 1
| #define HAVE_STRING_H 1
| #define HAVE_ALLOCA_H 1
| #define HAVE_DIRENT_H 1
| /* end confdefs.h.  */
| #include <sys/stream.h>
configure:3649: result: no
configure:3649: checking for sys/stream.h
configure:3649: result: no
configure:3649: checking termcap.h usability
configure:3649: gcc -c -m32 -m32 conftest.c >&5
configure:3649: $? = 0
configure:3649: result: yes
configure:3649: checking termcap.h presence
configure:3649: gcc -E -m32 conftest.c
configure:3649: $? = 0
configure:3649: result: yes
configure:3649: checking for termcap.h
configure:3649: result: yes
configure:3649: checking termio.h usability
configure:3649: gcc -c -m32 -m32 conftest.c >&5
configure:3649: $? = 0
configure:3649: result: yes
configure:3649: checking termio.h presence
configure:3649: gcc -E -m32 conftest.c
configure:3649: $? = 0
configure:3649: result: yes
configure:3649: checking for termio.h
configure:3649: result: yes
configure:3660: checking sys/file.h usability
configure:3660: gcc -c -m32 -m32 conftest.c >&5
configure:3660: $? = 0
configure:3660: result: yes
configure:3660: checking sys/file.h presence
configure:3660: gcc -E -m32 conftest.c
configure:3660: $? = 0
configure:3660: result: yes
configure:3660: checking for sys/file.h
configure:3660: result: yes
configure:3671: checking for TIOCGWINSZ in sys/ioctl.h
configure:3685: gcc -o conftest -m32 -m32  conftest.c  >&5
configure:3685: $? = 0
configure:3693: checking for programs able to redeclare getpw functions
configure:3708: gcc -o conftest -m32 -m32  conftest.c  >&5
configure:3708: $? = 0
configure:3717: checking for size_t
configure:3717: gcc -c -m32 -m32 conftest.c >&5
configure:3717: $? = 0
configure:3717: gcc -c -m32 -m32 conftest.c >&5
conftest.c: In function 'main':
conftest.c:66:21: error: expected expression before ')' token
 if (sizeof ((size_t)))
                     ^
configure:3717: $? = 1
configure: failed program was:
| /* confdefs.h */
| #define PACKAGE_NAME ""
| #define PACKAGE_TARNAME ""
| #define PACKAGE_VERSION ""
| #define PACKAGE_STRING ""
| #define PACKAGE_BUGREPORT ""
| #define PACKAGE_URL ""
| #define STDC_HEADERS 1
| #define HAVE_SYS_TYPES_H 1
| #define HAVE_SYS_STAT_H 1
| #define HAVE_STDLIB_H 1
| #define HAVE_STRING_H 1
| #define HAVE_MEMORY_H 1
| #define HAVE_STRINGS_H 1
| #define HAVE_INTTYPES_H 1
| #define HAVE_STDINT_H 1
| #define HAVE_UNISTD_H 1
| #define HAVE_STRING_H 1
| #define HAVE_STRCASECMP 1
| #define HAVE_SIGHOLD 1
| #define HAVE_UNISTD_H 1
| #define HAVE_STDLIB_H 1
| #define HAVE_STRING_H 1
| #define HAVE_ALLOCA_H 1
| #define HAVE_DIRENT_H 1
| #define HAVE_TERMCAP_H 1
| #define HAVE_TERMIO_H 1
| #define GWINSZ_IN_SYS_IOCTL 1
| /* end confdefs.h.  */
| #include <stdio.h>
| #ifdef HAVE_SYS_TYPES_H
| # include <sys/types.h>
| #endif
| #ifdef HAVE_SYS_STAT_H
| # include <sys/stat.h>
| #endif
| #ifdef STDC_HEADERS
| # include <stdlib.h>
| # include <stddef.h>
| #else
| # ifdef HAVE_STDLIB_H
| #  include <stdlib.h>
| # endif
| #endif
| #ifdef HAVE_STRING_H
| # if !defined STDC_HEADERS && defined HAVE_MEMORY_H
| #  include <memory.h>
| # endif
| # include <string.h>
| #endif
| #ifdef HAVE_STRINGS_H
| # include <strings.h>
| #endif
| #ifdef HAVE_INTTYPES_H
| # include <inttypes.h>
| #endif
| #ifdef HAVE_STDINT_H
| # include <stdint.h>
| #endif
| #ifdef HAVE_UNISTD_H
| # include <unistd.h>
| #endif
| int
| main ()
| {
| if (sizeof ((size_t)))
| 	    return 0;
|   ;
|   return 0;
| }
configure:3717: result: yes
configure:3730: checking for working alloca.h
configure:3747: gcc -o conftest -m32 -m32  conftest.c  >&5
configure:3747: $? = 0
configure:3755: result: yes
configure:3763: checking for alloca
configure:3800: gcc -o conftest -m32 -m32  conftest.c  >&5
configure:3800: $? = 0
configure:3808: result: yes
configure:4033: creating ./config.status

## ---------------------- ##
## Running config.status. ##
## ---------------------- ##

This file was extended by config.status, which was
generated by GNU Autoconf 2.69.  Invocation command line was

  CONFIG_FILES    = 
  CONFIG_HEADERS  = 
  CONFIG_LINKS    = 
  CONFIG_COMMANDS = 
  $ ./config.status 

on cc-apex

config.status:822: creating Makefile
config.status:822: creating config.h
config.status:1011: executing default commands

## ---------------- ##
## Cache variables. ##
## ---------------- ##

ac_cv_c_compiler_gnu=yes
ac_cv_env_CC_set=
ac_cv_env_CC_value=
ac_cv_env_CFLAGS_set=set
ac_cv_env_CFLAGS_value=-m32
ac_cv_env_CPPFLAGS_set=set
ac_cv_env_CPPFLAGS_value=-m32
ac_cv_env_CPP_set=
ac_cv_env_CPP_value=
ac_cv_env_LDFLAGS_set=
ac_cv_env_LDFLAGS_value=
ac_cv_env_LIBS_set=
ac_cv_env_LIBS_value=
ac_cv_env_build_alias_set=
ac_cv_env_build_alias_value=
ac_cv_env_host_alias_set=
ac_cv_env_host_alias_value=
ac_cv_env_target_alias_set=
ac_cv_env_target_alias_value=
ac_cv_func_alloca_works=yes
ac_cv_func_sighold=yes
ac_cv_func_strcasecmp=yes
ac_cv_header_alloca_h=yes
ac_cv_header_dirent_h=yes
ac_cv_header_inttypes_h=yes
ac_cv_header_memory_h=yes
ac_cv_header_stdc=yes
ac_cv_header_stdint_h=yes
ac_cv_header_stdlib_h=yes
ac_cv_header_string_h=yes
ac_cv_header_strings_h=yes
ac_cv_header_sys_file_h=yes
ac_cv_header_sys_pte_h=no
ac_cv_header_sys_ptem_h=no
ac_cv_header_sys_stat_h=yes
ac_cv_header_sys_stream_h=no
ac_cv_header_sys_types_h=yes
ac_cv_header_termcap_h=yes
ac_cv_header_termio_h=yes
ac_cv_header_unistd_h=yes
ac_cv_header_varargs_h=no
ac_cv_objext=o
ac_cv_path_EGREP='/usr/bin/grep -E'
ac_cv_path_GREP=/usr/bin/grep
ac_cv_path_install='/usr/bin/install -c'
ac_cv_prog_CPP='gcc -E'
ac_cv_prog_ac_ct_CC=gcc
ac_cv_prog_ac_ct_RANLIB=ranlib
ac_cv_prog_cc_c89=
ac_cv_prog_cc_g=yes
ac_cv_prog_gcc_traditional=no
ac_cv_type_size_t=yes
ac_cv_working_alloca_h=yes

## ----------------- ##
## Output variables. ##
## ----------------- ##

ALLOCA=''
CC='gcc'
CFLAGS='-m32'
CPP='gcc -E'
CPPFLAGS='-m32'
DEFS='-DHAVE_CONFIG_H'
ECHO_C=''
ECHO_N='-n'
ECHO_T=''
EGREP='/usr/bin/grep -E'
EXEEXT=''
GREP='/usr/bin/grep'
INSTALL_DATA='${INSTALL} -m 644'
INSTALL_PROGRAM='${INSTALL}'
INSTALL_SCRIPT='${INSTALL}'
LDFLAGS=''
LIBOBJS=''
LIBS=''
LTLIBOBJS=''
OBJEXT='o'
PACKAGE_BUGREPORT=''
PACKAGE_NAME=''
PACKAGE_STRING=''
PACKAGE_TARNAME=''
PACKAGE_URL=''
PACKAGE_VERSION=''
PATH_SEPARATOR=':'
RANLIB='ranlib'
SHELL='/bin/sh'
ac_ct_CC='gcc'
bindir='${exec_prefix}/bin'
build_alias=''
datadir='${datarootdir}'
datarootdir='${prefix}/share'
docdir='${datarootdir}/doc/${PACKAGE}'
dvidir='${docdir}'
exec_prefix='${prefix}'
host_alias=''
htmldir='${docdir}'
includedir='${prefix}/include'
infodir='${datarootdir}/info'
libdir='${exec_prefix}/lib'
libexecdir='${exec_prefix}/libexec'
localedir='${datarootdir}/locale'
localstatedir='${prefix}/var'
mandir='${datarootdir}/man'
oldincludedir='/usr/include'
pdfdir='${docdir}'
prefix='/usr/local'
program_transform_name='s,x,x,'
psdir='${docdir}'
sbindir='${exec_prefix}/sbin'
sharedstatedir='${prefix}/com'
sysconfdir='${prefix}/etc'
target_alias=''

## ----------- ##
## confdefs.h. ##
## ----------- ##

/* confdefs.h */
#define PACKAGE_NAME ""
#define PACKAGE_TARNAME ""
#define PACKAGE_VERSION ""
#define PACKAGE_STRING ""
#define PACKAGE_BUGREPORT ""
#define PACKAGE_URL ""
#define STDC_HEADERS 1
#define HAVE_SYS_TYPES_H 1
#define HAVE_SYS_STAT_H 1
#define HAVE_STDLIB_H 1
#define HAVE_STRING_H 1
#define HAVE_MEMORY_H 1
#define HAVE_STRINGS_H 1
#define HAVE_INTTYPES_H 1
#define HAVE_STDINT_H 1
#define HAVE_UNISTD_H 1
#define HAVE_STRING_H 1
#define HAVE_STRCASECMP 1
#define HAVE_SIGHOLD 1
#define HAVE_UNISTD_H 1
#define HAVE_STDLIB_H 1
#define HAVE_STRING_H 1
#define HAVE_ALLOCA_H 1
#define HAVE_DIRENT_H 1
#define HAVE_TERMCAP_H 1
#define HAVE_TERMIO_H 1
#define GWINSZ_IN_SYS_IOCTL 1
#define HAVE_ALLOCA_H 1
#define HAVE_ALLOCA 1

configure: exit 0
