2026.111.08:00:00;APEX Database Weather Data for Timerange of c261f
2026.111.08:00:00;The format is wx/temp[C],press[mbar],humid[%],speed[m/s],direction[deg],pwv[mm]
2026.111.08:01:00/wx/-4.80,554.9,46.4,3.48,327,1.32
2026.111.08:02:00/wx/-4.80,554.9,46.3,2.66,329,1.30
2026.111.08:03:00/wx/-4.80,554.9,46.4,3.14,334,1.28
2026.111.08:04:00/wx/-4.80,554.9,46.3,2.92,334,1.29
2026.111.08:05:00/wx/-4.80,554.9,46.3,2.79,329,1.29
2026.111.08:06:00/wx/-4.80,554.8,46.4,2.76,329,1.31
2026.111.08:07:00/wx/-4.90,554.8,46.4,3.51,338,1.29
2026.111.08:08:00/wx/-4.80,554.8,46.5,3.29,328,1.28
2026.111.08:09:00/wx/-4.70,554.8,46.4,3.33,333,1.27
2026.111.08:10:00/wx/-4.70,554.8,46.1,3.43,329,1.27
2026.111.08:11:00/wx/-4.87,554.8,46.0,3.21,331,1.31
2026.111.08:12:00/wx/-4.80,554.9,46.6,3.41,339,1.30
2026.111.08:13:00/wx/-4.80,554.8,46.4,3.23,335,1.27
2026.111.08:14:00/wx/-4.80,554.8,46.4,3.24,325,1.27
2026.111.08:15:00/wx/-4.80,554.8,46.5,3.46,331,1.27
2026.111.08:16:00/wx/-4.70,554.8,46.3,2.63,321,1.28
2026.111.08:17:00/wx/-4.71,554.8,46.2,2.94,330,1.28
2026.111.08:18:00/wx/-4.70,554.8,46.2,3.29,338,1.29
2026.111.08:19:00/wx/-4.70,554.8,46.1,3.55,330,1.31
2026.111.08:20:00/wx/-4.70,554.8,46.1,3.23,329,1.31
2026.111.08:21:00/wx/-4.80,554.8,46.3,3.21,334,1.29
2026.111.08:22:00/wx/-4.80,554.8,46.4,3.23,337,1.28
2026.111.08:23:00/wx/-4.80,554.8,46.4,2.98,336,1.27
2026.111.08:24:00/wx/-4.90,554.7,46.5,3.13,333,1.27
2026.111.08:25:00/wx/-4.80,554.7,46.6,3.43,339,1.28
2026.111.08:26:00/wx/-4.80,554.8,46.6,3.35,328,1.29
2026.111.08:27:00/wx/-4.90,554.8,46.4,3.34,335,1.27
2026.111.08:28:00/wx/-4.90,554.8,46.7,3.90,342,1.27
2026.111.08:29:00/wx/-4.80,554.8,46.4,3.63,346,1.27
2026.111.08:30:00/wx/-4.80,554.7,46.5,3.81,339,1.27
2026.111.08:31:00/wx/-4.80,554.8,46.5,3.57,326,1.27
2026.111.08:32:00/wx/-4.81,554.7,46.3,3.16,321,1.27
2026.111.08:33:00/wx/-4.82,554.7,46.6,3.20,335,1.28
2026.111.08:34:00/wx/-4.90,554.8,46.6,3.43,337,1.28
2026.111.08:35:00/wx/-4.90,554.7,46.8,3.77,334,1.28
2026.111.08:36:00/wx/-4.80,554.8,46.5,3.58,335,1.29
2026.111.08:37:00/wx/-4.80,554.7,46.5,3.46,337,1.28
2026.111.08:38:00/wx/-4.80,554.7,46.5,3.33,335,1.29
2026.111.08:39:00/wx/-4.90,554.7,46.5,3.63,333,1.28
2026.111.08:40:00/wx/-5.00,554.7,46.7,3.61,338,1.29
2026.111.08:41:00/wx/-4.90,554.7,46.7,3.17,340,1.29
2026.111.08:42:00/wx/-4.90,554.7,46.7,3.24,334,1.28
2026.111.08:43:00/wx/-4.90,554.7,46.7,3.71,340,1.29
2026.111.08:44:00/wx/-4.80,554.7,46.7,3.43,337,1.31
2026.111.08:45:00/wx/-4.80,554.7,46.4,3.72,344,1.32
2026.111.08:46:00/wx/-4.80,554.7,46.5,3.62,340,1.32
2026.111.08:47:00/wx/-4.80,554.7,46.6,3.27,338,1.33
2026.111.08:48:00/wx/-4.73,554.7,46.5,3.37,342,1.32
2026.111.08:49:00/wx/-4.70,554.7,46.3,3.24,341,1.31
2026.111.08:50:00/wx/-4.70,554.7,46.2,3.09,342,1.31
2026.111.08:51:00/wx/-4.70,554.7,46.3,3.04,331,1.29
2026.111.08:52:00/wx/-4.70,554.7,46.0,3.33,337,1.27
2026.111.08:53:00/wx/-4.70,554.7,46.2,3.07,344,1.27
2026.111.08:54:00/wx/-4.70,554.7,46.4,2.73,335,1.26
2026.111.08:55:00/wx/-4.74,554.7,46.4,2.95,332,1.27
2026.111.08:56:00/wx/-4.70,554.7,46.3,3.06,335,1.24
2026.111.08:57:00/wx/-4.80,554.7,46.2,2.67,330,1.26
2026.111.08:58:00/wx/-4.90,554.7,46.3,2.79,326,1.23
2026.111.08:59:00/wx/-4.90,554.7,46.5,3.03,326,1.27
2026.111.09:00:00/wx/-4.90,554.7,46.6,2.89,331,1.25
2026.111.09:01:00/wx/-4.90,554.7,46.6,2.75,333,1.28
2026.111.09:02:00/wx/-4.90,554.7,46.6,2.90,329,1.24
2026.111.09:03:00/wx/-4.90,554.7,46.4,2.86,331,1.24
2026.111.09:04:00/wx/-4.90,554.7,46.5,2.93,328,1.24
2026.111.09:05:00/wx/-4.90,554.7,46.6,2.63,329,1.22
2026.111.09:06:00/wx/-4.90,554.7,46.5,2.52,338,1.21
2026.111.09:07:00/wx/-5.24,554.7,46.5,2.77,339,1.23
2026.111.09:08:00/wx/-5.19,554.7,47.2,2.96,338,1.23
2026.111.09:09:00/wx/-5.57,554.7,47.0,3.25,340,1.24
2026.111.09:10:00/wx/-5.20,554.7,47.0,2.87,330,1.24
2026.111.09:11:00/wx/-5.40,554.7,46.8,2.93,329,1.23
2026.111.09:12:00/wx/-5.50,554.7,47.4,3.19,334,1.26
2026.111.09:13:00/wx/-5.40,554.7,47.5,2.72,327,1.30
2026.111.09:14:00/wx/-5.20,554.7,47.3,2.65,331,1.24
2026.111.09:15:00/wx/-5.20,554.7,47.1,2.90,332,1.25
2026.111.09:16:00/wx/-5.40,554.7,47.1,3.33,324,1.25
2026.111.09:17:00/wx/-5.10,554.7,47.1,3.21,338,1.24
2026.111.09:18:00/wx/-4.90,554.7,46.6,2.94,333,1.21
2026.111.09:19:00/wx/-4.90,554.7,46.4,2.94,340,1.22
2026.111.09:20:00/wx/-4.83,554.7,46.3,2.78,337,1.25
2026.111.09:21:00/wx/-4.80,554.7,46.0,2.43,343,1.18
2026.111.09:22:00/wx/-4.80,554.7,45.9,2.86,338,1.21
2026.111.09:23:00/wx/-4.70,554.7,45.7,2.96,339,1.22
2026.111.09:24:00/wx/-4.70,554.7,45.5,3.30,332,1.21
2026.111.09:25:00/wx/-4.76,554.7,45.3,3.19,332,1.26
2026.111.09:26:00/wx/-4.90,554.7,45.8,2.93,340,1.22
2026.111.09:27:00/wx/-5.55,554.7,45.1,2.66,333,1.24
2026.111.09:28:00/wx/-5.50,554.7,47.3,2.55,328,1.24
2026.111.09:29:00/wx/-5.32,554.7,47.3,2.41,325,1.22
2026.111.09:30:00/wx/-5.14,554.7,46.9,3.20,337,1.21
2026.111.09:31:00/wx/-4.90,554.7,46.3,2.73,346,1.22
2026.111.09:32:00/wx/-5.00,554.7,46.1,3.28,339,1.22
2026.111.09:33:00/wx/-5.02,554.7,46.4,3.31,328,1.23
2026.111.09:34:00/wx/-4.80,554.7,46.1,2.75,336,1.21
2026.111.09:35:00/wx/-4.80,554.7,46.0,2.96,326,1.21
2026.111.09:36:00/wx/-4.80,554.7,45.9,2.54,326,1.20
2026.111.09:37:00/wx/-5.26,554.7,45.4,2.90,328,1.19
2026.111.09:38:00/wx/-5.10,554.7,46.4,2.93,326,1.19
2026.111.09:39:00/wx/-4.97,554.7,46.3,3.18,336,1.21
2026.111.09:40:00/wx/-5.13,554.7,46.0,3.19,329,1.20
2026.111.09:41:00/wx/-4.89,554.7,46.2,2.31,330,1.20
2026.111.09:42:00/wx/-4.70,554.7,45.9,2.32,321,1.18
2026.111.09:43:00/wx/-4.70,554.7,45.5,2.83,322,1.15
2026.111.09:44:00/wx/-4.90,554.7,45.7,2.81,334,1.18
2026.111.09:45:00/wx/-4.81,554.7,46.0,2.65,333,1.17
2026.111.09:46:00/wx/-5.00,554.7,46.0,2.71,329,1.18
2026.111.09:47:00/wx/-5.47,554.7,46.4,2.65,323,1.16
2026.111.09:48:00/wx/-5.50,554.8,47.4,2.83,328,1.17
2026.111.09:49:00/wx/-5.40,554.7,47.3,2.87,334,1.17
2026.111.09:50:00/wx/-5.30,554.8,47.2,3.25,327,1.21
2026.111.09:51:00/wx/-5.20,554.7,47.3,2.78,331,1.20
2026.111.09:52:00/wx/-5.20,554.8,47.1,2.93,330,1.16
2026.111.09:53:00/wx/-5.00,554.7,47.1,4.03,322,1.20
2026.111.09:54:00/wx/-4.90,554.8,46.6,2.84,334,1.22
2026.111.09:55:00/wx/-4.90,554.8,46.3,3.21,327,1.21
2026.111.09:56:00/wx/-4.80,554.8,46.2,2.92,332,1.22
2026.111.09:57:00/wx/-5.00,554.8,46.2,3.29,326,1.21
2026.111.09:58:00/wx/-4.90,554.8,46.2,3.03,333,1.21
2026.111.09:59:00/wx/-4.89,554.8,46.2,3.13,338,1.21
2026.111.10:00:00/wx/-5.11,554.8,46.5,2.85,331,1.22
2026.111.10:01:00/wx/-5.00,554.8,46.7,3.27,340,1.22
2026.111.10:02:00/wx/-5.00,554.8,46.5,3.23,335,1.24
2026.111.10:03:00/wx/-4.90,554.8,46.4,3.23,334,1.23
2026.111.10:04:00/wx/-4.86,554.8,46.4,3.31,343,1.23
2026.111.10:05:00/wx/-4.90,554.8,46.3,3.43,334,1.22
2026.111.10:06:00/wx/-4.90,554.9,46.4,3.22,339,1.24
2026.111.10:07:00/wx/-4.80,554.8,46.2,3.17,335,1.23
2026.111.10:08:00/wx/-4.90,554.9,46.1,3.04,345,1.22
2026.111.10:09:00/wx/-5.03,554.9,46.3,3.68,330,1.23
2026.111.10:10:00/wx/-5.30,554.9,47.1,3.55,343,1.24
2026.111.10:11:00/wx/-5.40,554.9,47.5,3.64,340,1.24
2026.111.10:12:00/wx/-5.02,554.9,47.5,3.43,343,1.24
2026.111.10:13:00/wx/-5.00,554.9,47.0,3.42,340,1.24
2026.111.10:14:00/wx/-5.20,554.9,47.2,3.63,338,1.25
2026.111.10:15:00/wx/-5.10,554.9,47.2,3.65,338,1.26
2026.111.10:16:00/wx/-4.90,555.0,46.9,3.37,338,1.25
2026.111.10:17:00/wx/-4.90,555.0,46.7,3.24,330,1.26
2026.111.10:18:00/wx/-4.90,554.9,46.6,3.13,339,1.26
2026.111.10:19:00/wx/-4.86,554.9,46.3,3.08,332,1.26
2026.111.10:20:00/wx/-4.90,555.0,46.5,3.10,319,1.27
2026.111.10:21:00/wx/-5.10,554.9,46.8,2.82,329,1.27
2026.111.10:22:00/wx/-5.10,555.0,47.0,3.42,331,1.27
2026.111.10:23:00/wx/-5.09,555.0,46.9,3.38,328,1.27
2026.111.10:24:00/wx/-4.96,555.0,46.7,3.09,336,1.27
2026.111.10:25:00/wx/-4.90,555.0,46.6,3.06,329,1.29
2026.111.10:26:00/wx/-4.87,555.0,46.4,3.21,332,1.29
2026.111.10:27:00/wx/-4.90,555.0,46.3,3.09,331,1.28
2026.111.10:28:00/wx/-4.90,555.0,46.4,3.23,331,1.28
2026.111.10:29:00/wx/-4.84,555.0,46.3,3.23,339,1.26
2026.111.10:30:00/wx/-4.90,555.0,46.2,3.33,343,1.27
2026.111.10:31:00/wx/-4.83,555.0,46.4,3.39,342,1.27
2026.111.10:32:00/wx/-4.80,555.0,46.3,3.58,340,1.25
2026.111.10:33:00/wx/-4.79,555.0,46.3,2.65,349,1.24
2026.111.10:34:00/wx/-4.80,555.0,46.3,3.01,335,1.27
2026.111.10:35:00/wx/-4.90,555.0,46.5,3.03,339,1.24
2026.111.10:36:00/wx/-5.00,555.0,46.7,3.58,332,1.23
2026.111.10:37:00/wx/-4.90,555.0,46.5,2.80,329,1.25
2026.111.10:38:00/wx/-4.80,555.0,46.5,3.16,340,1.26
2026.111.10:39:00/wx/-4.80,555.0,46.4,2.55,336,1.23
2026.111.10:40:00/wx/-4.90,555.0,46.5,2.63,331,1.22
2026.111.10:41:00/wx/-5.04,555.0,46.7,2.83,331,1.25
2026.111.10:42:00/wx/-5.00,555.0,47.0,2.86,338,1.22
2026.111.10:43:00/wx/-5.10,555.0,46.9,3.03,333,1.22
2026.111.10:44:00/wx/-5.00,555.0,47.2,3.09,334,1.22
2026.111.10:45:00/wx/-5.00,555.0,47.2,3.03,336,1.23
2026.111.10:46:00/wx/-5.10,555.1,47.3,2.78,336,1.22
2026.111.10:47:00/wx/-4.91,555.0,47.4,2.64,332,1.23
2026.111.10:48:00/wx/-5.00,555.0,47.0,3.07,331,1.22
2026.111.10:49:00/wx/-4.90,555.0,47.2,3.31,340,1.19
2026.111.10:50:00/wx/-4.90,555.0,46.8,2.84,328,1.17
2026.111.10:51:00/wx/-5.05,555.0,46.8,3.35,344,1.19
2026.111.10:52:00/wx/-5.00,555.0,47.3,2.63,327,1.19
2026.111.10:53:00/wx/-4.89,555.1,47.1,2.79,342,1.21
2026.111.10:54:00/wx/-4.92,555.1,47.1,2.94,341,1.18
2026.111.10:55:00/wx/-5.00,555.1,47.3,2.97,341,1.16
2026.111.10:56:00/wx/-5.10,555.1,47.2,2.73,316,1.18
2026.111.10:57:00/wx/-5.00,555.1,47.4,2.53,323,1.18
2026.111.10:58:00/wx/-5.00,555.1,47.3,2.58,323,1.17
2026.111.10:59:00/wx/-5.00,555.1,47.3,2.95,333,1.17
2026.111.11:00:00/wx/-4.90,555.1,47.1,2.72,326,1.17
2026.111.11:01:00/wx/-5.00,555.1,47.0,3.46,333,1.18
2026.111.11:02:00/wx/-5.00,555.1,46.9,3.34,340,1.18
2026.111.11:03:00/wx/-4.90,555.1,46.9,2.96,345,1.17
2026.111.11:04:00/wx/-5.00,555.1,46.9,3.01,339,1.16
2026.111.11:05:00/wx/-5.01,555.1,46.8,3.41,322,1.17
2026.111.11:06:00/wx/-4.94,555.1,47.1,3.21,325,1.18
2026.111.11:07:00/wx/-4.90,555.1,47.0,3.04,323,1.18
2026.111.11:08:00/wx/-4.97,555.1,47.1,3.00,331,1.20
2026.111.11:09:00/wx/-4.90,555.1,47.0,2.86,325,1.21
2026.111.11:10:00/wx/-4.80,555.1,47.0,2.38,328,1.19
2026.111.11:11:00/wx/-4.90,555.1,46.8,2.83,324,1.18
2026.111.11:12:00/wx/-4.90,555.1,46.9,3.03,328,1.18
2026.111.11:13:00/wx/-5.00,555.1,47.0,3.07,336,1.17
2026.111.11:14:00/wx/-5.00,555.1,47.1,2.98,334,1.17
2026.111.11:15:00/wx/-5.10,555.1,47.0,2.76,342,1.16
2026.111.11:16:00/wx/-5.06,555.1,47.1,3.22,336,1.15
2026.111.11:17:00/wx/-5.20,555.1,46.9,3.03,338,1.16
2026.111.11:18:00/wx/-5.17,555.1,47.5,2.94,330,1.15
2026.111.11:19:00/wx/-5.00,555.1,47.2,3.59,345,1.16
2026.111.11:20:00/wx/-5.29,555.1,46.8,3.29,336,1.16
2026.111.11:21:00/wx/-4.99,555.1,47.6,3.23,347,1.14
2026.111.11:22:00/wx/-5.00,555.1,47.5,3.63,333,1.13
2026.111.11:23:00/wx/-4.87,555.1,47.5,2.81,353,1.14
2026.111.11:24:00/wx/-5.11,555.2,47.8,3.07,336,1.14
2026.111.11:25:00/wx/-4.90,555.2,48.1,3.39,335,1.13
2026.111.11:26:00/wx/-4.70,555.2,46.8,2.57,346,1.13
2026.111.11:27:00/wx/-4.60,555.2,45.9,2.83,336,1.14
2026.111.11:28:00/wx/-4.73,555.2,45.1,3.05,337,1.14
2026.111.11:29:00/wx/-4.80,555.2,46.1,2.74,326,1.13
2026.111.11:30:00/wx/-4.70,555.2,45.6,2.83,330,1.11
2026.111.11:31:00/wx/-4.80,555.2,45.6,3.33,339,1.10
2026.111.11:32:00/wx/-4.90,555.2,46.1,2.63,326,1.11
2026.111.11:33:00/wx/-4.90,555.2,46.4,2.79,329,1.12
2026.111.11:34:00/wx/-4.89,555.2,45.8,3.13,336,1.13
2026.111.11:35:00/wx/-4.90,555.2,45.8,3.31,338,1.14
2026.111.11:36:00/wx/-4.90,555.2,46.2,2.77,332,1.14
2026.111.11:37:00/wx/-4.90,555.2,46.3,3.02,342,1.15
2026.111.11:38:00/wx/-4.86,555.2,45.9,2.92,338,1.16
2026.111.11:39:00/wx/-4.80,555.3,45.7,2.85,335,1.16
2026.111.11:40:00/wx/-4.82,555.2,45.7,2.88,334,1.17
2026.111.11:41:00/wx/-4.87,555.3,45.6,2.39,350,1.17
2026.111.11:42:00/wx/-5.01,555.2,44.9,2.44,-10,1.16
2026.111.11:43:00/wx/-4.95,555.3,45.9,2.83,346,1.17
2026.111.11:44:00/wx/-4.88,555.3,45.9,3.11,354,1.19
2026.111.11:45:00/wx/-5.37,555.3,47.2,2.88,347,1.20
2026.111.11:46:00/wx/-4.93,555.3,46.7,2.42,334,1.19
2026.111.11:47:00/wx/-4.80,555.3,45.8,2.53,349,1.20
2026.111.11:48:00/wx/-4.94,555.3,45.6,3.03,353,1.18
2026.111.11:49:00/wx/-4.60,555.3,45.7,3.21,347,1.18
2026.111.11:50:00/wx/-4.50,555.3,45.2,3.01,265,1.18
2026.111.11:51:00/wx/-4.57,555.3,45.4,2.55,343,1.18
2026.111.11:52:00/wx/-4.90,555.3,45.8,2.74,345,1.16
2026.111.11:53:00/wx/-5.00,555.3,46.0,2.69,337,1.15
2026.111.11:54:00/wx/-4.90,555.3,46.3,2.35,333,1.15
2026.111.11:55:00/wx/-4.80,555.3,45.8,3.20,339,1.16
2026.111.11:56:00/wx/-5.00,555.3,46.3,2.45,321,1.16
2026.111.11:57:00/wx/-5.09,555.3,46.9,2.42,322,1.15
2026.111.11:58:00/wx/-5.00,555.4,46.2,2.82,325,1.16
2026.111.11:59:00/wx/-5.00,555.4,46.4,2.65,333,1.16
2026.111.12:00:00/wx/-5.00,555.4,46.9,2.54,331,1.17
2026.111.12:01:00/wx/-5.02,555.4,47.0,2.28,329,1.17
2026.111.12:02:00/wx/-5.01,555.4,47.6,2.23,338,1.17
2026.111.12:03:00/wx/-5.22,555.4,49.5,2.22,330,1.17
2026.111.12:04:00/wx/-4.70,555.4,47.3,2.93,344,1.16
2026.111.12:05:00/wx/-4.60,555.4,47.3,2.83,336,1.17
2026.111.12:06:00/wx/-4.40,555.4,46.5,2.89,327,1.18
2026.111.12:07:00/wx/-4.50,555.4,49.3,2.82,343,1.19
2026.111.12:08:00/wx/-4.60,555.5,48.3,2.60,335,1.20
2026.111.12:09:00/wx/-4.50,555.5,47.5,2.73,340,1.21
2026.111.12:10:00/wx/-4.50,555.5,49.3,3.00,339,1.20
2026.111.12:11:00/wx/-4.60,555.5,48.6,2.41,338,1.18
2026.111.12:12:00/wx/-4.60,555.5,53.3,2.77,342,1.19
2026.111.12:13:00/wx/-4.53,555.5,49.3,2.75,339,1.20
2026.111.12:14:00/wx/-4.60,555.5,51.7,2.33,329,1.20
2026.111.12:15:00/wx/-4.65,555.5,50.3,2.66,336,1.20
2026.111.12:16:00/wx/-4.60,555.5,49.2,2.57,335,1.22
2026.111.12:17:00/wx/-4.40,555.5,50.0,2.66,336,1.21
2026.111.12:18:00/wx/-4.20,555.5,48.3,1.73,325,1.22
2026.111.12:19:00/wx/-4.40,555.5,52.9,2.14,314,1.23
2026.111.12:20:00/wx/-4.15,555.5,49.0,3.29,349,1.21
2026.111.12:21:00/wx/-3.91,555.5,50.2,3.43,352,1.23
2026.111.12:22:00/wx/-3.80,555.5,48.3,3.15,339,1.23
2026.111.12:23:00/wx/-3.80,555.5,47.6,3.51,339,1.25
2026.111.12:24:00/wx/-3.70,555.5,48.4,2.20,339,1.23
2026.111.12:25:00/wx/-3.70,555.5,46.7,2.63,347,1.23
2026.111.12:26:00/wx/-3.70,555.6,46.1,3.05,310,1.24
2026.111.12:27:00/wx/-3.70,555.5,47.0,3.15,328,1.26
2026.111.12:28:00/wx/-3.70,555.6,47.5,2.73,340,1.25
2026.111.12:29:00/wx/-3.80,555.6,46.6,2.85,338,1.26
2026.111.12:30:00/wx/-3.80,555.6,48.4,3.06,335,1.26
2026.111.12:31:00/wx/-3.80,555.6,48.2,3.54,339,1.26
2026.111.12:32:00/wx/-3.66,555.6,49.5,3.17,347,1.25
2026.111.12:33:00/wx/-3.50,555.6,50.1,3.80,339,1.27
2026.111.12:34:00/wx/-3.60,555.6,50.9,2.66,339,1.25
2026.111.12:35:00/wx/-3.50,555.6,48.4,3.58,339,1.25
2026.111.12:36:00/wx/-3.50,555.6,47.4,3.13,338,1.25
2026.111.12:37:00/wx/-3.30,555.7,47.4,3.72,351,1.25
2026.111.12:38:00/wx/-3.28,555.7,47.6,3.94,343,1.24
2026.111.12:39:00/wx/-3.39,555.7,46.3,2.17,342,1.25
2026.111.12:40:00/wx/-3.30,555.7,46.3,3.41,350,1.23
2026.111.12:41:00/wx/-3.30,555.8,45.3,2.63,345,1.24
2026.111.12:42:00/wx/-3.20,555.8,46.3,2.27,332,1.29
2026.111.12:43:00/wx/-3.00,555.8,47.1,2.04,318,1.23
2026.111.12:44:00/wx/-3.10,555.8,44.3,2.02,296,1.27
2026.111.12:45:00/wx/-3.20,555.8,44.2,2.53,343,1.27
2026.111.12:46:00/wx/-3.10,555.8,45.1,3.73,309,1.27
2026.111.12:47:00/wx/-3.30,555.8,44.3,3.17,322,1.26
2026.111.12:48:00/wx/-3.30,555.9,44.1,2.61,333,1.29
2026.111.12:49:00/wx/-3.20,555.8,44.6,2.38,343,1.25
2026.111.12:50:00/wx/-3.10,555.9,44.6,2.46,315,1.26
2026.111.12:51:00/wx/-3.10,555.9,44.2,2.43,282,1.26
2026.111.12:52:00/wx/-3.20,555.9,43.3,3.26,296,1.30
2026.111.12:53:00/wx/-3.30,555.9,43.6,2.90,271,1.26
2026.111.12:54:00/wx/-3.20,555.9,44.3,1.93,305,1.27
2026.111.12:55:00/wx/-3.03,555.9,43.7,2.81,301,1.30
2026.111.12:56:00/wx/-3.10,555.9,43.5,2.94,294,1.30
2026.111.12:57:00/wx/-3.15,555.9,42.3,3.22,285,1.28
2026.111.12:58:00/wx/-3.10,555.9,43.4,3.13,275,1.25
2026.111.12:59:00/wx/-3.07,555.9,43.7,3.00,283,1.26
2026.111.13:00:00/wx/-2.92,555.9,41.8,2.78,289,1.26
2026.111.13:01:00/wx/-3.00,555.9,40.9,3.22,284,1.24
2026.111.13:02:00/wx/-2.89,555.9,41.7,3.02,280,1.22
2026.111.13:03:00/wx/-3.00,555.9,41.9,3.82,299,1.24
2026.111.13:04:00/wx/-2.78,555.9,42.1,3.74,315,1.25
2026.111.13:05:00/wx/-2.43,555.9,41.7,3.59,314,1.21
2026.111.13:06:00/wx/-2.61,555.9,39.5,3.66,279,1.26
2026.111.13:07:00/wx/-2.74,555.9,40.8,4.21,299,1.25
2026.111.13:08:00/wx/-2.70,556.0,40.8,4.15,313,1.26
2026.111.13:09:00/wx/-2.80,555.9,41.2,4.45,320,1.27
2026.111.13:10:00/wx/-2.60,555.9,40.8,4.26,304,1.23
2026.111.13:11:00/wx/-2.69,556.0,40.6,2.89,330,1.19
2026.111.13:12:00/wx/-2.50,556.0,40.8,2.78,336,1.18
2026.111.13:13:00/wx/-2.30,556.0,40.8,3.33,282,1.16
2026.111.13:14:00/wx/-2.50,555.9,38.2,3.29,289,1.17
2026.111.13:15:00/wx/-2.30,555.9,38.9,4.38,304,1.14
2026.111.13:16:00/wx/-2.40,556.0,38.6,4.31,310,1.21
2026.111.13:17:00/wx/-2.60,556.0,38.8,3.47,306,1.22
2026.111.13:18:00/wx/-2.50,556.0,38.1,4.63,285,1.20
2026.111.13:19:00/wx/-2.70,556.0,37.4,4.45,277,1.21
2026.111.13:20:00/wx/-2.52,556.0,38.7,3.77,283,1.19
2026.111.13:21:00/wx/-2.49,556.0,38.8,2.02,291,1.20
2026.111.13:22:00/wx/-2.30,556.0,37.7,3.25,299,1.17
2026.111.13:23:00/wx/-2.00,556.0,38.0,4.03,278,1.20
2026.111.13:24:00/wx/-2.10,556.0,37.6,3.85,291,1.23
2026.111.13:25:00/wx/-2.40,556.0,37.3,3.12,292,1.23
2026.111.13:26:00/wx/-2.21,556.0,36.9,3.88,305,1.22
2026.111.13:27:00/wx/-2.07,555.9,35.9,3.39,312,1.17
2026.111.13:28:00/wx/-2.00,556.0,35.6,4.63,281,1.14
2026.111.13:29:00/wx/-2.10,555.9,36.7,2.12,303,1.11
2026.111.13:30:00/wx/-2.10,556.0,36.5,3.42,281,1.11
2026.111.13:31:00/wx/-1.89,556.0,36.3,5.76,289,1.11
2026.111.13:32:00/wx/-2.01,556.0,35.8,3.79,268,1.15
2026.111.13:33:00/wx/-2.10,556.0,36.7,3.20,266,1.14
2026.111.13:34:00/wx/-2.00,556.0,36.4,3.84,296,1.11
2026.111.13:35:00/wx/-1.70,556.0,36.8,4.36,313,1.07
2026.111.13:36:00/wx/-2.01,556.1,34.4,3.73,280,1.13
2026.111.13:37:00/wx/-1.83,556.1,34.4,6.26,310,1.15
2026.111.13:38:00/wx/-1.80,556.1,33.5,3.16,281,1.17
2026.111.13:39:00/wx/-2.05,556.0,35.3,4.23,289,1.16
2026.111.13:40:00/wx/-1.70,556.1,35.3,4.63,281,1.16
2026.111.13:41:00/wx/-1.88,556.0,34.8,3.18,302,1.15
2026.111.13:42:00/wx/-1.28,556.1,34.5,4.52,288,1.15
2026.111.13:43:00/wx/-1.59,556.1,34.5,4.45,287,1.16
2026.111.13:44:00/wx/-1.75,556.1,34.5,4.65,278,1.23
2026.111.13:45:00/wx/-1.80,556.1,34.4,4.38,286,1.19
2026.111.13:46:00/wx/-1.60,556.1,34.7,4.42,295,1.21
2026.111.13:47:00/wx/-1.49,556.2,33.4,5.65,305,1.19
2026.111.13:48:00/wx/-1.70,556.1,33.9,5.46,294,1.17
2026.111.13:49:00/wx/-1.80,556.1,33.4,4.90,303,1.20
2026.111.13:50:00/wx/-1.50,556.1,32.2,2.70,315,1.29
2026.111.13:51:00/wx/-1.49,556.1,32.3,4.20,296,1.28
2026.111.13:52:00/wx/-1.70,556.1,32.6,5.15,305,1.23
2026.111.13:53:00/wx/-1.71,556.1,32.7,5.01,314,1.25
2026.111.13:54:00/wx/-1.80,556.1,33.4,3.76,322,1.20
2026.111.13:55:00/wx/-1.60,556.1,33.7,3.73,320,1.19
2026.111.13:56:00/wx/-1.40,556.1,33.6,3.96,299,1.24
2026.111.13:57:00/wx/-1.11,556.1,33.5,4.39,287,1.17
2026.111.13:58:00/wx/-1.11,556.1,31.5,5.11,282,1.15
2026.111.13:59:00/wx/-1.20,556.1,32.5,4.23,281,1.21
2026.111.14:00:00/wx/-1.30,556.1,32.1,4.33,302,1.23
2026.111.14:01:00/wx/-1.40,556.1,32.7,3.03,256,1.24
2026.111.14:02:00/wx/-1.29,556.1,32.8,3.20,272,1.24
2026.111.14:03:00/wx/-0.66,556.1,33.2,4.36,311,1.27
2026.111.14:04:00/wx/-0.69,556.1,32.4,5.40,285,1.21
2026.111.14:05:00/wx/-1.00,556.1,32.6,5.53,295,1.17
2026.111.14:06:00/wx/-0.74,556.1,33.0,4.68,278,1.31
2026.111.14:07:00/wx/-0.81,556.1,33.0,5.23,307,1.18
2026.111.14:08:00/wx/-0.90,556.1,32.0,3.92,290,1.10
2026.111.14:09:00/wx/-0.74,556.1,32.2,3.34,313,1.15
2026.111.14:10:00/wx/-0.61,556.2,31.3,5.84,289,1.19
2026.111.14:11:00/wx/-0.78,556.1,31.7,7.08,310,1.22
2026.111.14:12:00/wx/-0.81,556.1,32.9,4.05,308,1.36
2026.111.14:13:00/wx/-0.90,556.1,32.3,4.62,282,1.35
2026.111.14:14:00/wx/-0.50,556.2,31.8,4.79,308,1.32
2026.111.14:15:00/wx/-0.80,556.2,33.0,4.23,301,1.36
2026.111.14:16:00/wx/-0.64,556.1,34.3,3.71,298,1.30
2026.111.14:17:00/wx/-0.59,556.2,33.7,6.15,281,1.24
2026.111.14:18:00/wx/-0.79,556.2,34.0,5.72,303,1.26
2026.111.14:19:00/wx/-0.46,556.2,34.3,5.09,305,1.28
2026.111.14:20:00/wx/0.09,556.2,31.9,6.85,289,1.25
2026.111.14:21:00/wx/-0.41,556.2,30.7,4.83,291,1.24
2026.111.14:22:00/wx/0.10,556.2,31.8,4.67,313,1.21
2026.111.14:23:00/wx/-0.34,556.2,31.6,4.10,285,1.38
2026.111.14:24:00/wx/-0.05,556.2,32.4,7.43,282,1.41
2026.111.14:25:00/wx/-0.22,556.2,32.2,6.24,298,1.35
2026.111.14:26:00/wx/-0.60,556.2,32.7,6.21,298,1.27
2026.111.14:27:00/wx/-0.60,556.2,33.0,5.16,307,1.22
2026.111.14:28:00/wx/-0.42,556.2,32.9,5.73,280,1.26
2026.111.14:29:00/wx/0.01,556.2,30.9,6.24,306,1.31
2026.111.14:30:00/wx/-0.42,556.2,30.6,6.77,305,1.32
2026.111.14:31:00/wx/0.20,556.2,30.9,7.59,286,1.28
2026.111.14:32:00/wx/0.00,556.2,30.3,7.63,286,1.21
2026.111.14:33:00/wx/-0.14,556.2,31.0,7.38,281,1.21
2026.111.14:34:00/wx/-0.50,556.2,31.8,5.76,290,1.23
2026.111.14:35:00/wx/-0.24,556.2,32.5,4.22,274,1.28
2026.111.14:36:00/wx/-0.20,556.2,31.9,5.91,289,1.22
2026.111.14:37:00/wx/-0.20,556.2,32.0,6.33,282,1.31
2026.111.14:38:00/wx/0.40,556.3,31.4,7.79,286,1.30
2026.111.14:39:00/wx/-0.37,556.3,31.6,5.89,280,1.28
2026.111.14:40:00/wx/0.10,556.3,31.5,7.23,296,1.23
2026.111.14:41:00/wx/-0.26,556.3,30.8,6.88,308,1.18
2026.111.14:42:00/wx/-0.50,556.3,31.9,4.33,309,1.23
2026.111.14:43:00/wx/-0.40,556.3,30.7,6.83,293,1.29
2026.111.14:44:00/wx/-0.60,556.3,31.1,4.90,304,1.32
2026.111.14:45:00/wx/0.38,556.3,30.2,8.09,286,1.26
2026.111.14:46:00/wx/0.41,556.3,30.3,8.04,288,1.28
2026.111.14:47:00/wx/-0.01,556.3,30.8,6.29,320,1.34
2026.111.14:48:00/wx/-0.15,556.2,32.6,4.86,284,1.27
2026.111.14:49:00/wx/-0.19,556.3,32.0,6.03,291,1.34
2026.111.14:50:00/wx/-0.23,556.2,30.4,3.15,284,1.33
2026.111.14:51:00/wx/-0.15,556.2,32.3,4.41,295,1.36
2026.111.14:52:00/wx/-0.29,556.3,31.8,4.35,297,1.32
2026.111.14:53:00/wx/0.40,556.3,30.9,6.16,263,1.24
2026.111.14:54:00/wx/-0.30,556.3,31.5,3.75,278,1.24
2026.111.14:55:00/wx/0.00,556.3,31.2,4.92,290,1.18
2026.111.14:56:00/wx/0.02,556.3,30.3,7.32,313,1.20
2026.111.14:57:00/wx/-0.20,556.2,31.0,4.37,341,1.23
2026.111.14:58:00/wx/0.64,556.3,30.3,4.61,263,1.24
2026.111.14:59:00/wx/0.49,556.2,30.8,8.01,276,1.21
2026.111.15:00:00/wx/0.53,556.3,29.7,5.72,286,1.19
2026.111.15:01:00/wx/0.09,556.2,31.0,4.41,265,1.18
2026.111.15:02:00/wx/0.02,556.2,32.3,5.75,283,1.18
2026.111.15:03:00/wx/0.69,556.2,31.1,7.49,289,1.26
2026.111.15:04:00/wx/0.21,556.2,30.7,5.99,274,1.24
2026.111.15:05:00/wx/0.40,556.2,30.4,6.59,284,1.17
2026.111.15:06:00/wx/0.10,556.2,30.2,4.36,321,1.19
2026.111.15:07:00/wx/0.51,556.2,30.5,6.37,266,1.30
2026.111.15:08:00/wx/0.77,556.2,30.0,6.58,280,1.24
2026.111.15:09:00/wx/0.50,556.3,29.9,8.33,293,1.24
2026.111.15:10:00/wx/-0.18,556.2,30.9,4.98,304,1.28
2026.111.15:11:00/wx/0.12,556.2,31.2,3.42,281,1.30
2026.111.15:12:00/wx/-0.22,556.2,32.8,4.21,328,1.33
2026.111.15:13:00/wx/0.20,556.2,33.8,3.96,305,1.29
2026.111.15:14:00/wx/1.40,556.2,29.9,7.13,284,1.22
2026.111.15:15:00/wx/1.04,556.2,29.0,6.49,281,1.20
2026.111.15:16:00/wx/0.33,556.2,29.0,4.74,267,1.21
2026.111.15:17:00/wx/0.41,556.2,30.2,4.38,266,1.24
2026.111.15:18:00/wx/0.31,556.2,31.1,4.39,258,1.23
2026.111.15:19:00/wx/0.50,556.2,31.1,6.83,314,1.27
2026.111.15:20:00/wx/0.50,556.2,32.6,5.38,280,1.17
2026.111.15:21:00/wx/0.75,556.2,30.8,7.39,278,1.22
2026.111.15:22:00/wx/0.50,556.2,30.8,5.85,275,1.30
2026.111.15:23:00/wx/0.50,556.2,31.1,7.04,279,1.25
2026.111.15:24:00/wx/0.31,556.2,30.9,6.31,289,1.23
2026.111.15:25:00/wx/0.59,556.2,29.0,3.44,286,1.19
2026.111.15:26:00/wx/0.91,556.2,30.5,5.33,268,1.19
2026.111.15:27:00/wx/0.73,556.1,31.6,8.08,249,1.21
2026.111.15:28:00/wx/0.92,556.2,31.4,4.15,278,1.19
2026.111.15:29:00/wx/1.01,556.1,31.8,4.11,286,1.14
2026.111.15:30:00/wx/0.76,556.1,30.6,4.93,280,1.13
2026.111.15:31:00/wx/0.80,556.1,29.5,6.54,275,1.16
2026.111.15:32:00/wx/0.91,556.1,30.2,4.39,266,1.17
2026.111.15:33:00/wx/1.03,556.1,30.2,6.00,273,1.24
2026.111.15:34:00/wx/0.78,556.1,29.9,4.92,275,1.23
2026.111.15:35:00/wx/0.97,556.1,30.6,6.85,285,1.27
2026.111.15:36:00/wx/0.89,556.1,31.0,4.92,281,1.24
2026.111.15:37:00/wx/1.42,556.1,28.3,5.12,261,1.23
2026.111.15:38:00/wx/0.47,556.1,29.3,6.84,249,1.15
2026.111.15:39:00/wx/0.50,556.1,30.8,4.89,293,1.14
2026.111.15:40:00/wx/1.01,556.1,29.8,7.11,288,1.20
2026.111.15:41:00/wx/0.69,556.1,29.6,6.09,290,1.32
2026.111.15:42:00/wx/1.01,556.1,30.3,8.02,273,1.40
2026.111.15:43:00/wx/1.27,556.0,28.3,5.80,297,1.20
2026.111.15:44:00/wx/0.89,556.0,29.0,5.45,305,1.13
2026.111.15:45:00/wx/0.64,556.1,28.7,6.23,269,1.22
2026.111.15:46:00/wx/0.50,556.0,28.9,6.13,255,1.47
2026.111.15:47:00/wx/0.94,556.0,28.8,5.85,276,1.14
2026.111.15:48:00/wx/1.30,556.0,29.7,8.52,280,1.14
2026.111.15:49:00/wx/1.14,556.0,29.8,5.41,281,1.06
2026.111.15:50:00/wx/0.88,556.0,29.1,7.39,301,1.34
2026.111.15:51:00/wx/0.90,555.9,31.7,5.23,250,1.32
2026.111.15:52:00/wx/0.83,556.0,29.2,4.55,275,1.27
2026.111.15:53:00/wx/1.23,556.0,31.6,6.15,269,1.29
2026.111.15:54:00/wx/1.19,556.0,27.7,6.60,298,1.27
2026.111.15:55:00/wx/0.82,555.9,28.9,6.12,285,1.42
2026.111.15:56:00/wx/1.40,556.0,28.7,7.23,296,1.31
2026.111.15:57:00/wx/1.31,556.0,28.2,7.63,246,1.33
2026.111.15:58:00/wx/1.09,556.0,30.1,6.08,280,1.31
2026.111.15:59:00/wx/0.95,556.0,29.4,6.49,288,1.17
2026.111.16:00:00/wx/0.69,556.0,29.5,8.96,297,1.24
2026.111.16:01:00/wx/0.50,555.9,31.0,6.53,296,1.37
2026.111.16:02:00/wx/1.15,556.0,30.2,7.51,270,1.34
2026.111.16:03:00/wx/0.98,555.9,31.2,5.30,281,1.35
2026.111.16:04:00/wx/1.58,556.0,31.2,7.01,287,1.45
2026.111.16:05:00/wx/1.17,556.0,29.0,7.51,280,1.12
2026.111.16:06:00/wx/1.74,555.9,29.2,8.84,293,1.22
2026.111.16:07:00/wx/0.99,556.0,29.5,6.76,293,1.28
2026.111.16:08:00/wx/1.01,556.0,29.6,7.05,281,1.26
2026.111.16:09:00/wx/0.67,556.0,29.1,6.67,289,1.27
2026.111.16:10:00/wx/0.70,556.0,30.6,9.23,286,1.19
2026.111.16:11:00/wx/1.49,555.9,30.8,7.15,286,1.12
2026.111.16:12:00/wx/1.07,556.0,29.8,8.04,286,1.20
2026.111.16:13:00/wx/0.69,555.9,30.6,6.92,285,1.21
2026.111.16:14:00/wx/0.80,555.9,31.4,4.89,251,1.36
2026.111.16:15:00/wx/1.63,555.9,29.8,8.94,275,1.35
2026.111.16:16:00/wx/0.81,555.9,31.2,6.67,263,1.26
2026.111.16:17:00/wx/1.00,555.9,31.3,5.43,281,1.41
2026.111.16:18:00/wx/1.09,555.9,31.0,6.83,282,1.18
2026.111.16:19:00/wx/0.80,555.9,32.8,6.24,283,1.54
2026.111.16:20:00/wx/1.23,555.9,32.3,6.18,267,1.28
2026.111.16:21:00/wx/1.04,555.9,31.7,6.53,279,1.38
2026.111.16:22:00/wx/1.45,555.9,29.5,7.22,289,1.25
2026.111.16:23:00/wx/1.50,555.9,29.8,7.93,278,1.21
2026.111.16:24:00/wx/1.09,555.9,30.2,7.85,285,1.14
2026.111.16:25:00/wx/1.20,555.9,31.0,8.15,304,1.39
2026.111.16:26:00/wx/1.17,555.9,31.0,7.12,283,1.28
2026.111.16:27:00/wx/2.22,555.9,30.4,6.91,275,1.33
2026.111.16:28:00/wx/1.60,555.9,30.2,7.33,259,1.20
2026.111.16:29:00/wx/0.96,555.9,30.9,6.39,271,1.18
2026.111.16:30:00/wx/0.57,555.8,31.3,7.25,284,1.29
2026.111.16:31:00/wx/0.56,555.9,30.7,7.17,263,1.18
2026.111.16:32:00/wx/1.09,555.8,31.7,7.01,257,1.18
2026.111.16:33:00/wx/1.60,555.8,30.1,5.93,267,1.25
2026.111.16:34:00/wx/1.28,555.8,30.4,9.32,292,1.31
2026.111.16:35:00/wx/1.32,555.8,29.1,7.02,279,1.42
2026.111.16:36:00/wx/1.79,555.9,30.2,6.68,285,1.36
2026.111.16:37:00/wx/2.30,555.8,27.4,10.89,282,1.22
2026.111.16:38:00/wx/1.10,555.8,29.2,6.03,266,1.21
2026.111.16:39:00/wx/0.60,555.8,29.4,6.46,272,1.23
2026.111.16:40:00/wx/0.11,555.8,30.7,6.13,276,1.42
2026.111.16:41:00/wx/0.78,555.8,31.8,4.24,250,1.22
2026.111.16:42:00/wx/0.76,555.8,30.9,8.77,294,1.23
2026.111.16:43:00/wx/1.60,555.7,30.5,7.04,280,1.24
2026.111.16:44:00/wx/1.80,555.8,27.4,7.37,260,1.18
2026.111.16:45:00/wx/1.99,555.8,27.9,6.57,259,1.39
2026.111.16:46:00/wx/1.25,555.8,29.5,6.30,280,1.24
2026.111.16:47:00/wx/1.61,555.8,28.7,8.34,271,1.37
2026.111.16:48:00/wx/1.49,555.8,27.8,7.59,279,1.35
2026.111.16:49:00/wx/0.85,555.8,28.2,5.25,273,1.14
2026.111.16:50:00/wx/0.79,555.8,30.3,5.03,270,1.27
2026.111.16:51:00/wx/1.07,555.8,31.1,9.23,303,1.32
2026.111.16:52:00/wx/1.33,555.8,32.0,6.31,268,1.33
2026.111.16:53:00/wx/1.78,555.8,28.5,5.66,273,1.40
2026.111.16:54:00/wx/0.89,555.8,31.4,5.70,280,1.41
2026.111.16:55:00/wx/1.57,555.8,31.0,6.77,289,1.51
2026.111.16:56:00/wx/1.62,555.8,29.5,8.28,282,1.43
2026.111.16:57:00/wx/1.75,555.8,30.3,6.68,285,1.17
2026.111.16:58:00/wx/1.02,555.7,31.6,6.56,256,1.22
2026.111.16:59:00/wx/1.12,555.7,32.6,5.61,282,1.38
2026.111.17:00:00/wx/1.30,555.8,33.2,5.62,266,1.39
2026.111.17:01:00/wx/1.31,555.8,32.9,6.18,273,1.21
2026.111.17:02:00/wx/1.48,555.8,31.5,6.32,265,1.22
2026.111.17:03:00/wx/0.92,555.8,33.4,5.97,272,1.52
2026.111.17:04:00/wx/0.99,555.8,32.1,7.41,280,1.33
2026.111.17:05:00/wx/0.50,555.8,34.4,4.73,282,1.33
2026.111.17:06:00/wx/1.00,555.8,31.2,8.06,289,1.54
2026.111.17:07:00/wx/0.72,555.8,30.7,6.96,285,1.61
2026.111.17:08:00/wx/1.70,555.8,32.7,4.95,272,1.60
2026.111.17:09:00/wx/0.90,555.8,32.7,6.02,262,1.36
2026.111.17:10:00/wx/1.40,555.8,32.2,8.13,267,1.45
2026.111.17:11:00/wx/1.14,555.7,33.4,6.01,274,1.28
2026.111.17:12:00/wx/1.39,555.7,32.3,7.65,251,1.32
2026.111.17:13:00/wx/1.47,555.8,31.4,8.34,276,1.50
2026.111.17:14:00/wx/1.34,555.7,33.5,9.95,242,1.39
2026.111.17:15:00/wx/1.10,555.7,33.0,7.42,250,1.33
2026.111.17:16:00/wx/1.33,555.8,32.8,6.90,273,1.35
2026.111.17:17:00/wx/0.99,555.7,34.5,5.19,259,1.53
2026.111.17:18:00/wx/1.62,555.7,33.6,4.43,269,1.60
2026.111.17:19:00/wx/1.46,555.7,31.2,6.05,273,1.67
2026.111.17:20:00/wx/1.09,555.7,31.1,8.48,294,1.50
2026.111.17:21:00/wx/0.60,555.7,32.5,7.58,306,1.54
2026.111.17:22:00/wx/0.69,555.7,34.3,4.27,272,1.44
2026.111.17:23:00/wx/1.65,555.7,33.9,6.76,281,1.61
2026.111.17:24:00/wx/1.88,555.7,32.3,6.39,278,1.39
2026.111.17:25:00/wx/1.30,555.7,32.3,7.09,263,1.43
2026.111.17:26:00/wx/1.20,555.7,31.9,7.80,254,1.59
2026.111.17:27:00/wx/1.10,555.7,32.6,7.57,298,1.59
2026.111.17:28:00/wx/1.27,555.6,33.6,6.78,309,1.53
2026.111.17:29:00/wx/1.94,555.6,32.3,8.70,254,1.60
2026.111.17:30:00/wx/1.17,555.7,33.6,8.21,252,1.54
2026.111.17:31:00/wx/0.55,555.7,35.3,5.50,260,1.61
2026.111.17:32:00/wx/0.59,555.7,35.6,8.77,289,1.49
2026.111.17:33:00/wx/0.20,555.6,36.7,4.03,268,1.41
2026.111.17:34:00/wx/1.14,555.6,36.6,7.06,294,1.63
2026.111.17:35:00/wx/1.06,555.6,34.3,9.11,244,1.60
2026.111.17:36:00/wx/1.81,555.6,33.7,7.81,259,1.55
2026.111.17:37:00/wx/1.40,555.6,34.2,5.53,266,1.49
2026.111.17:38:00/wx/1.17,555.6,31.9,8.67,300,1.58
2026.111.17:39:00/wx/0.60,555.6,34.7,5.43,275,1.73
2026.111.17:40:00/wx/1.60,555.6,34.5,5.00,264,1.80
2026.111.17:41:00/wx/0.68,555.6,33.0,4.73,266,1.87
2026.111.17:42:00/wx/0.80,555.5,34.7,3.93,280,1.97
2026.111.17:43:00/wx/1.43,555.6,33.8,7.55,268,1.83
2026.111.17:44:00/wx/1.05,555.6,33.8,7.70,265,1.66
2026.111.17:45:00/wx/0.17,555.6,35.7,4.66,260,1.62
2026.111.17:46:00/wx/0.50,555.6,36.0,8.03,252,1.74
2026.111.17:47:00/wx/0.80,555.6,36.3,7.33,292,1.65
2026.111.17:48:00/wx/1.23,555.6,36.2,6.87,248,1.87
2026.111.17:49:00/wx/1.28,555.6,35.1,7.79,262,1.85
2026.111.17:50:00/wx/1.08,555.6,35.1,8.11,285,1.86
2026.111.17:51:00/wx/0.54,555.6,36.5,5.99,291,1.99
2026.111.17:52:00/wx/0.20,555.6,37.7,5.43,291,1.93
2026.111.17:53:00/wx/1.25,555.6,35.5,6.92,271,1.80
2026.111.17:54:00/wx/1.00,555.5,36.5,6.74,271,1.67
2026.111.17:55:00/wx/1.17,555.5,35.8,9.25,244,1.55
2026.111.17:56:00/wx/0.66,555.6,33.0,6.91,282,1.69
2026.111.17:57:00/wx/0.69,555.6,34.0,6.94,275,1.79
2026.111.17:58:00/wx/0.54,555.6,35.3,7.17,274,1.91
2026.111.17:59:00/wx/0.80,555.6,35.5,7.94,298,1.75
2026.111.18:00:00/wx/0.41,555.6,36.9,5.55,296,1.63
2026.111.18:01:00/wx/0.25,555.6,37.6,7.11,302,1.75
2026.111.18:02:00/wx/0.40,555.6,38.7,5.60,267,1.89
2026.111.18:03:00/wx/0.64,555.6,38.9,6.22,263,1.97
2026.111.18:04:00/wx/0.52,555.6,36.7,5.25,268,1.76
2026.111.18:05:00/wx/0.76,555.6,36.5,9.07,282,1.69
2026.111.18:06:00/wx/0.57,555.6,36.4,5.03,269,1.63
2026.111.18:07:00/wx/1.00,555.5,36.6,5.70,293,1.72
2026.111.18:08:00/wx/1.05,555.6,35.5,9.52,290,1.66
2026.111.18:09:00/wx/0.82,555.6,35.8,7.74,295,1.90
2026.111.18:10:00/wx/1.05,555.6,38.0,7.08,288,1.84
2026.111.18:11:00/wx/1.33,555.6,36.5,6.94,256,1.76
2026.111.18:12:00/wx/0.81,555.5,36.8,9.53,246,1.87
2026.111.18:13:00/wx/0.52,555.6,38.7,7.12,271,2.04
2026.111.18:14:00/wx/0.90,555.6,37.7,7.43,274,2.21
2026.111.18:15:00/wx/1.30,555.6,38.5,6.73,285,3.78
2026.111.18:16:00/wx/1.09,555.5,38.3,5.26,280,2.08
2026.111.18:17:00/wx/0.38,555.5,39.7,6.14,291,2.04
2026.111.18:18:00/wx/1.17,555.5,38.4,9.61,251,2.15
2026.111.18:19:00/wx/0.41,555.6,39.0,6.19,271,2.05
2026.111.18:20:00/wx/0.50,555.5,39.6,4.22,268,1.95
2026.111.18:21:00/wx/0.60,555.5,39.5,6.56,277,1.94
2026.111.18:22:00/wx/0.63,555.5,37.6,7.45,269,1.91
2026.111.18:23:00/wx/1.45,555.5,36.8,7.49,267,2.02
2026.111.18:24:00/wx/1.50,555.5,36.0,9.72,259,1.65
2026.111.18:25:00/wx/0.59,555.5,36.3,9.72,281,1.68
2026.111.18:26:00/wx/0.41,555.5,38.2,8.01,287,1.86
2026.111.18:27:00/wx/0.58,555.5,38.1,7.73,298,1.91
2026.111.18:28:00/wx/0.77,555.5,37.8,8.90,276,1.97
2026.111.18:29:00/wx/0.58,555.5,37.9,4.27,285,1.84
2026.111.18:30:00/wx/0.50,555.5,39.4,5.89,292,2.03
2026.111.18:31:00/wx/0.41,555.4,38.6,6.12,288,2.15
2026.111.18:32:00/wx/0.67,555.4,40.1,4.03,263,2.03
2026.111.18:33:00/wx/1.20,555.4,36.9,6.37,282,1.45
2026.111.18:34:00/wx/0.75,555.4,37.0,7.72,296,1.56
2026.111.18:35:00/wx/0.54,555.5,39.1,7.04,257,1.64
2026.111.18:36:00/wx/0.51,555.4,38.5,6.80,262,1.68
2026.111.18:37:00/wx/1.57,555.4,36.9,4.92,268,1.81
2026.111.18:38:00/wx/1.21,555.4,36.0,8.09,274,1.61
2026.111.18:39:00/wx/1.34,555.4,36.7,6.81,273,1.46
2026.111.18:40:00/wx/0.50,555.4,36.7,5.53,269,1.86
2026.111.18:41:00/wx/0.60,555.4,37.6,5.73,292,1.74
2026.111.18:42:00/wx/1.59,555.4,35.8,9.53,279,1.85
2026.111.18:43:00/wx/0.59,555.4,37.8,8.68,282,1.69
2026.111.18:44:00/wx/0.48,555.4,37.7,7.57,294,1.94
2026.111.18:45:00/wx/0.46,555.4,39.2,7.31,287,1.74
2026.111.18:46:00/wx/0.70,555.4,38.4,11.43,243,1.68
2026.111.18:47:00/wx/0.30,555.4,38.9,7.91,265,1.69
2026.111.18:48:00/wx/1.49,555.4,37.3,6.62,274,1.57
2026.111.18:49:00/wx/0.58,555.4,37.7,5.88,277,1.66
2026.111.18:50:00/wx/0.72,555.4,38.7,5.78,275,1.70
2026.111.18:51:00/wx/0.80,555.4,38.8,5.12,264,1.98
2026.111.18:52:00/wx/1.43,555.4,36.9,6.84,266,1.82
2026.111.18:53:00/wx/1.01,555.4,36.6,6.10,261,1.66
2026.111.18:54:00/wx/0.57,555.4,38.1,6.65,270,1.85
2026.111.18:55:00/wx/1.17,555.4,36.9,8.53,262,1.90
2026.111.18:56:00/wx/1.28,555.5,36.3,10.57,279,1.89
2026.111.18:57:00/wx/0.14,555.5,38.7,8.96,282,1.81
2026.111.18:58:00/wx/0.18,555.4,40.0,4.21,274,1.90
2026.111.18:59:00/wx/0.77,555.5,38.9,7.18,269,1.96
2026.111.19:00:00/wx/0.59,555.4,39.6,7.85,284,1.97
2026.111.19:01:00/wx/0.78,555.5,37.9,11.85,292,1.77
2026.111.19:02:00/wx/0.25,555.4,38.4,7.88,291,1.75
2026.111.19:03:00/wx/0.20,555.4,38.7,7.23,285,1.95
2026.111.19:04:00/wx/0.74,555.4,38.6,8.85,258,1.94
2026.111.19:05:00/wx/0.62,555.5,38.4,8.26,267,2.08
2026.111.19:06:00/wx/0.04,555.4,40.0,6.91,275,2.03
2026.111.19:07:00/wx/0.32,555.4,38.8,8.87,266,2.10
2026.111.19:08:00/wx/0.50,555.4,39.4,8.13,279,1.92
2026.111.19:09:00/wx/0.84,555.4,37.8,9.40,283,1.78
2026.111.19:10:00/wx/0.47,555.4,38.1,8.97,286,1.57
2026.111.19:11:00/wx/0.58,555.4,37.7,9.95,271,1.40
2026.111.19:12:00/wx/0.60,555.5,38.3,9.30,279,1.62
2026.111.19:13:00/wx/0.40,555.4,38.7,8.23,274,1.75
2026.111.19:14:00/wx/0.20,555.4,38.3,8.28,286,1.69
2026.111.19:15:00/wx/0.49,555.4,39.3,11.72,280,1.72
2026.111.19:16:00/wx/-0.08,555.4,40.2,7.53,277,1.48
2026.111.19:17:00/wx/0.17,555.3,39.4,7.37,298,2.12
2026.111.19:18:00/wx/0.53,555.3,40.0,8.84,274,1.82
2026.111.19:19:00/wx/0.50,555.3,38.6,5.89,272,1.67
2026.111.19:20:00/wx/1.38,555.4,36.7,6.37,278,1.57
2026.111.19:21:00/wx/1.11,555.4,36.9,7.16,271,1.56
2026.111.19:22:00/wx/0.69,555.3,38.2,6.75,289,1.69
2026.111.19:23:00/wx/0.91,555.4,37.9,5.52,272,1.89
2026.111.19:24:00/wx/0.34,555.4,38.7,5.24,270,2.05
2026.111.19:25:00/wx/0.99,555.4,38.1,6.44,265,1.99
2026.111.19:26:00/wx/0.37,555.4,38.1,10.60,279,1.83
2026.111.19:27:00/wx/0.19,555.3,39.0,9.78,281,1.65
2026.111.19:28:00/wx/0.11,555.4,39.0,11.05,278,1.60
2026.111.19:29:00/wx/-0.38,555.3,40.1,8.59,276,1.51
2026.111.19:30:00/wx/-0.30,555.3,40.1,6.41,266,1.78
2026.111.19:31:00/wx/-0.24,555.3,40.2,5.81,271,2.11
2026.111.19:32:00/wx/0.20,555.3,40.2,4.42,274,2.24
2026.111.19:33:00/wx/0.29,555.4,39.3,9.71,254,2.26
2026.111.19:34:00/wx/-0.25,555.3,40.5,7.78,285,2.05
2026.111.19:35:00/wx/0.60,555.3,39.4,8.65,274,2.20
2026.111.19:36:00/wx/0.45,555.3,39.6,8.47,277,2.12
2026.111.19:37:00/wx/0.05,555.3,40.7,7.68,276,2.09
2026.111.19:38:00/wx/0.18,555.3,41.1,8.60,266,1.93
2026.111.19:39:00/wx/-0.20,555.3,42.0,7.45,277,2.05
2026.111.19:40:00/wx/-0.20,555.3,42.8,9.23,261,1.90
2026.111.19:41:00/wx/-0.39,555.3,43.7,8.10,265,2.25
2026.111.19:42:00/wx/0.23,555.4,42.8,10.39,284,1.68
2026.111.19:43:00/wx/0.18,555.3,41.6,10.81,281,1.65
2026.111.19:44:00/wx/0.08,555.3,40.9,8.18,279,2.15
2026.111.19:45:00/wx/0.30,555.4,40.7,7.43,260,2.05
2026.111.19:46:00/wx/0.40,555.3,40.2,9.68,254,1.80
2026.111.19:47:00/wx/-0.01,555.4,41.7,6.96,268,2.19
2026.111.19:48:00/wx/-0.06,555.4,41.8,6.99,260,2.28
2026.111.19:49:00/wx/0.27,555.3,40.8,6.39,261,2.25
2026.111.19:50:00/wx/0.50,555.4,40.9,8.33,272,1.82
2026.111.19:51:00/wx/0.26,555.4,41.2,11.21,279,1.83
2026.111.19:52:00/wx/0.09,555.4,41.6,7.63,262,2.07
2026.111.19:53:00/wx/0.21,555.4,41.0,9.53,278,2.07
2026.111.19:54:00/wx/0.11,555.3,40.4,7.94,274,1.97
2026.111.19:55:00/wx/-0.01,555.4,40.6,10.89,301,2.23
2026.111.19:56:00/wx/0.85,555.4,39.7,8.94,271,2.13
2026.111.19:57:00/wx/-0.10,555.3,41.2,5.80,260,1.96
2026.111.19:58:00/wx/-0.23,555.3,41.6,9.37,281,1.89
2026.111.19:59:00/wx/0.40,555.4,40.7,7.96,266,1.92
2026.111.20:00:00/wx/-0.00,555.4,39.9,9.99,274,2.00
2026.111.20:01:00/wx/-0.02,555.3,41.0,6.27,281,2.04
2026.111.20:02:00/wx/0.22,555.3,40.1,9.62,279,1.76
2026.111.20:03:00/wx/-0.18,555.4,41.3,11.39,287,1.67
2026.111.20:04:00/wx/-0.13,555.4,41.0,10.23,276,2.06
2026.111.20:05:00/wx/-0.39,555.4,41.7,6.06,261,2.10
2026.111.20:06:00/wx/-0.15,555.4,41.2,8.11,269,2.20
2026.111.20:07:00/wx/-0.21,555.4,41.5,8.32,275,1.97
2026.111.20:08:00/wx/-0.24,555.4,41.6,9.42,283,2.00
2026.111.20:09:00/wx/-0.38,555.4,41.3,6.66,278,2.15
2026.111.20:10:00/wx/0.36,555.4,39.9,8.35,275,1.80
2026.111.20:11:00/wx/-0.37,555.4,40.9,7.84,266,1.92
2026.111.20:12:00/wx/0.21,555.5,40.0,13.59,278,1.88
2026.111.20:13:00/wx/-0.74,555.5,41.6,7.83,277,1.92
2026.111.20:14:00/wx/-0.60,555.5,42.3,8.61,281,2.10
2026.111.20:15:00/wx/-0.32,555.5,41.6,9.18,279,2.35
2026.111.20:16:00/wx/0.36,555.5,40.6,8.87,293,2.20
2026.111.20:17:00/wx/0.40,555.5,39.3,6.33,273,2.15
2026.111.20:18:00/wx/0.20,555.5,40.3,11.07,286,2.20
2026.111.20:19:00/wx/-0.62,555.5,41.9,8.28,283,1.97
2026.111.20:20:00/wx/-0.09,555.5,41.3,7.69,265,2.21
2026.111.20:21:00/wx/-0.30,555.5,41.0,7.25,262,2.10
2026.111.20:22:00/wx/-0.20,555.5,40.5,7.03,265,2.15
2026.111.20:23:00/wx/-0.26,555.5,41.0,10.01,256,2.22
2026.111.20:24:00/wx/-0.20,555.5,40.9,9.84,279,2.39
2026.111.20:25:00/wx/0.08,555.5,40.0,10.52,252,2.05
2026.111.20:26:00/wx/-0.22,555.5,40.2,9.31,274,2.19
2026.111.20:27:00/wx/-0.50,555.5,41.3,8.33,282,2.24
2026.111.20:28:00/wx/-0.46,555.5,40.8,8.58,296,2.22
2026.111.20:29:00/wx/-0.21,555.4,40.7,6.31,275,2.48
2026.111.20:30:00/wx/-0.31,555.5,40.8,6.67,265,2.54
2026.111.20:31:00/wx/0.32,555.5,39.6,5.26,261,2.42
2026.111.20:32:00/wx/0.61,555.5,38.5,7.21,270,2.09
2026.111.20:33:00/wx/0.05,555.5,38.9,7.75,271,1.86
2026.111.20:34:00/wx/-0.58,555.4,40.6,6.35,275,2.02
2026.111.20:35:00/wx/0.01,555.5,39.3,9.36,271,1.94
2026.111.20:36:00/wx/-0.40,555.4,39.7,8.26,260,1.80
2026.111.20:37:00/wx/-0.29,555.4,39.3,8.12,278,1.84
2026.111.20:38:00/wx/-0.39,555.5,38.9,8.67,273,1.81
2026.111.20:39:00/wx/-0.20,555.5,39.3,11.35,279,1.97
2026.111.20:40:00/wx/-0.22,555.5,39.5,6.81,273,1.74
2026.111.20:41:00/wx/-0.50,555.5,39.8,8.60,253,1.75
2026.111.20:42:00/wx/-0.80,555.4,40.2,8.01,272,1.97
2026.111.20:43:00/wx/-0.60,555.5,39.7,6.66,276,1.96
2026.111.20:44:00/wx/-0.39,555.5,39.2,8.94,273,1.81
2026.111.20:45:00/wx/-0.25,555.5,38.7,8.47,277,1.78
2026.111.20:46:00/wx/-0.81,555.5,40.2,8.13,282,1.82
2026.111.20:47:00/wx/-0.19,555.4,39.9,5.12,267,1.97
2026.111.20:48:00/wx/0.17,555.5,38.7,6.23,255,1.90
2026.111.20:49:00/wx/-0.39,555.4,38.8,8.40,239,1.85
2026.111.20:50:00/wx/-0.18,555.5,39.3,7.10,265,2.11
2026.111.20:51:00/wx/-0.53,555.5,40.8,6.31,255,1.80
2026.111.20:52:00/wx/-0.52,555.4,40.1,7.24,257,1.84
2026.111.20:53:00/wx/-0.60,555.5,40.1,8.92,250,1.87
2026.111.20:54:00/wx/-0.50,555.5,40.7,4.63,259,2.13
2026.111.20:55:00/wx/-0.47,555.5,40.6,9.01,276,2.01
2026.111.20:56:00/wx/-0.38,555.5,40.1,6.11,276,2.07
2026.111.20:57:00/wx/-0.32,555.5,40.1,5.53,281,2.02
2026.111.20:58:00/wx/-0.39,555.6,40.1,7.31,270,2.07
2026.111.20:59:00/wx/-0.90,555.6,41.9,8.22,257,2.00
2026.111.21:00:00/wx/-0.79,555.5,42.0,8.68,252,1.96
2026.111.21:01:00/wx/-0.42,555.6,40.8,9.31,258,1.91
2026.111.21:02:00/wx/-0.82,555.6,41.4,11.31,250,1.92
2026.111.21:03:00/wx/-0.90,555.6,42.5,9.08,250,2.00
2026.111.21:04:00/wx/-1.10,555.6,43.5,6.13,260,1.83
2026.111.21:05:00/wx/-0.88,555.6,43.3,5.58,259,1.95
2026.111.21:06:00/wx/-1.01,555.6,43.2,6.71,280,2.00
2026.111.21:07:00/wx/-0.50,555.6,41.6,7.23,268,1.95
2026.111.21:08:00/wx/-0.80,555.6,42.0,6.78,262,2.07
2026.111.21:09:00/wx/-1.10,555.6,43.0,6.73,267,2.05
2026.111.21:10:00/wx/-0.90,555.6,43.1,7.52,276,2.06
2026.111.21:11:00/wx/-1.07,555.7,44.1,7.56,280,1.90
2026.111.21:12:00/wx/-0.93,555.7,43.1,8.27,278,1.95
2026.111.21:13:00/wx/-1.31,555.7,43.5,7.50,286,2.17
2026.111.21:14:00/wx/-1.29,555.7,44.0,5.37,276,2.18
2026.111.21:15:00/wx/-0.90,555.6,43.4,7.67,254,2.05
2026.111.21:16:00/wx/-1.00,555.6,43.3,7.32,246,2.03
2026.111.21:17:00/wx/-0.90,555.7,44.4,5.29,254,2.52
2026.111.21:18:00/wx/-0.90,555.7,43.1,9.41,242,2.40
2026.111.21:19:00/wx/-1.20,555.7,44.0,8.06,250,2.24
2026.111.21:20:00/wx/-1.26,555.7,44.7,5.77,281,2.47
2026.111.21:21:00/wx/-1.20,555.7,44.8,5.60,262,2.46
2026.111.21:22:00/wx/-1.20,555.7,44.2,7.23,290,2.31
2026.111.21:23:00/wx/-1.11,555.7,44.3,5.06,283,2.55
2026.111.21:24:00/wx/-0.80,555.7,43.5,5.24,246,2.51
2026.111.21:25:00/wx/-0.80,555.7,43.5,7.10,254,2.54
2026.111.21:26:00/wx/-1.10,555.7,44.8,7.61,257,2.60
2026.111.21:27:00/wx/-1.33,555.7,45.9,6.02,263,2.25
2026.111.21:28:00/wx/-1.40,555.7,46.4,7.35,246,2.40
2026.111.21:29:00/wx/-1.40,555.7,47.4,5.59,249,2.35
2026.111.21:30:00/wx/-1.25,555.7,46.4,5.80,250,2.46
2026.111.21:31:00/wx/-1.50,555.7,47.0,6.33,246,2.68
2026.111.21:32:00/wx/-1.50,555.7,47.6,5.86,245,2.53
2026.111.21:33:00/wx/-1.20,555.7,47.1,5.31,253,2.52
2026.111.21:34:00/wx/-1.30,555.7,46.3,7.70,249,2.62
2026.111.21:35:00/wx/-1.45,555.7,46.1,8.94,247,2.53
2026.111.21:36:00/wx/-1.50,555.7,46.8,5.63,251,2.55
2026.111.21:37:00/wx/-1.50,555.7,47.9,4.18,261,2.53
2026.111.21:38:00/wx/-1.50,555.7,48.0,7.51,249,2.42
2026.111.21:39:00/wx/-1.70,555.7,48.9,6.20,257,2.32
2026.111.21:40:00/wx/-1.50,555.7,49.0,6.03,260,2.48
2026.111.21:41:00/wx/-1.60,555.7,48.6,5.63,270,2.57
2026.111.21:42:00/wx/-1.70,555.7,49.0,5.67,254,2.54
2026.111.21:43:00/wx/-1.79,555.7,48.9,5.61,259,2.16
2026.111.21:44:00/wx/-1.70,555.7,48.9,7.72,249,2.21
2026.111.21:45:00/wx/-1.77,555.7,49.1,8.00,250,2.39
2026.111.21:46:00/wx/-1.80,555.7,49.6,6.83,246,2.40
2026.111.21:47:00/wx/-1.80,555.8,50.1,6.03,255,2.40
2026.111.21:48:00/wx/-1.90,555.8,51.2,5.57,256,2.45
2026.111.21:49:00/wx/-1.80,555.7,51.2,6.13,255,2.31
2026.111.21:50:00/wx/-1.80,555.7,51.2,4.84,258,2.47
2026.111.21:51:00/wx/-1.80,555.8,51.0,5.28,270,2.65
2026.111.21:52:00/wx/-1.90,555.7,51.1,7.68,248,2.61
2026.111.21:53:00/wx/-2.00,555.8,51.6,6.30,247,2.52
2026.111.21:54:00/wx/-2.00,555.7,51.4,6.90,245,2.59
2026.111.21:55:00/wx/-2.10,555.8,51.7,5.66,247,2.54
2026.111.21:56:00/wx/-2.00,555.7,51.9,6.28,253,2.56
2026.111.21:57:00/wx/-2.10,555.8,52.3,5.87,250,2.72
2026.111.21:58:00/wx/-2.10,555.8,53.2,5.04,247,2.63
2026.111.21:59:00/wx/-2.10,555.8,52.2,6.01,248,2.53
2026.111.22:00:00/wx/-2.02,555.8,51.3,6.41,239,2.45
2026.111.22:01:00/wx/-2.00,555.8,50.6,8.48,248,2.48
2026.111.22:02:00/wx/-2.10,555.8,51.5,7.67,257,2.45
2026.111.22:03:00/wx/-2.20,555.8,51.9,6.67,254,2.45
2026.111.22:04:00/wx/-2.20,555.8,52.1,6.43,268,2.53
2026.111.22:05:00/wx/-2.20,555.8,52.3,7.27,248,2.55
2026.111.22:06:00/wx/-2.30,555.8,52.2,6.61,250,2.58
2026.111.22:07:00/wx/-2.40,555.8,52.8,5.08,254,2.59
2026.111.22:08:00/wx/-2.50,555.9,53.2,5.42,252,2.52
2026.111.22:09:00/wx/-2.50,555.8,53.5,3.67,259,2.42
2026.111.22:10:00/wx/-2.50,555.8,54.2,4.40,281,2.32
2026.111.22:11:00/wx/-2.50,555.9,54.7,4.40,281,2.52
2026.111.22:12:00/wx/-2.50,555.9,54.8,3.96,277,2.44
2026.111.22:13:00/wx/-2.50,555.8,55.6,4.82,258,2.62
2026.111.22:14:00/wx/-2.60,555.8,55.9,6.44,244,2.63
2026.111.22:15:00/wx/-2.60,555.8,56.8,6.66,237,2.67
2026.111.22:16:00/wx/-2.60,555.8,57.4,5.57,238,2.63
2026.111.22:17:00/wx/-2.67,555.8,57.4,5.58,236,2.69
2026.111.22:18:00/wx/-2.60,555.9,57.8,5.22,246,2.65
2026.111.22:19:00/wx/-2.80,555.9,57.8,4.79,250,2.60
2026.111.22:20:00/wx/-2.81,555.8,58.8,5.42,256,2.75
2026.111.22:21:00/wx/-2.90,555.9,58.7,6.08,244,2.72
2026.111.22:22:00/wx/-2.80,555.9,59.2,6.18,237,2.77
2026.111.22:23:00/wx/-2.80,555.9,59.1,5.02,250,2.80
2026.111.22:24:00/wx/-2.80,555.9,59.7,5.55,253,2.80
2026.111.22:25:00/wx/-2.99,555.9,60.0,5.10,252,2.15
2026.111.22:26:00/wx/-3.00,555.9,60.5,6.05,251,2.15
2026.111.22:27:00/wx/-2.90,555.9,60.9,6.09,243,2.18
2026.111.22:28:00/wx/-3.10,555.9,60.7,5.40,249,2.19
2026.111.22:29:00/wx/-3.31,555.9,61.3,4.69,255,2.46
2026.111.22:30:00/wx/-3.10,555.9,61.7,5.34,253,2.44
2026.111.22:31:00/wx/-3.00,555.9,61.7,4.12,266,2.43
2026.111.22:32:00/wx/-3.00,555.9,61.8,4.60,261,2.45
2026.111.22:33:00/wx/-3.00,555.9,61.4,4.26,259,2.51
2026.111.22:34:00/wx/-3.10,555.9,61.3,3.56,257,2.43
2026.111.22:35:00/wx/-3.10,555.9,61.6,4.74,252,2.42
2026.111.22:36:00/wx/-3.20,555.9,62.4,4.64,278,2.45
2026.111.22:37:00/wx/-3.00,555.9,62.9,4.02,271,2.49
2026.111.22:38:00/wx/-3.00,555.9,62.6,4.27,272,2.50
2026.111.22:39:00/wx/-3.00,555.9,61.8,4.78,255,2.50
2026.111.22:40:00/wx/-3.00,555.9,61.5,4.29,255,2.51
2026.111.22:41:00/wx/-3.10,555.9,61.5,4.10,260,2.44
2026.111.22:42:00/wx/-3.20,555.9,62.0,4.05,256,2.46
2026.111.22:43:00/wx/-3.20,555.9,61.8,3.34,268,2.42
2026.111.22:44:00/wx/-3.30,555.9,62.2,4.06,262,2.41
2026.111.22:45:00/wx/-3.30,555.8,62.3,3.75,262,2.35
2026.111.22:46:00/wx/-3.30,555.9,62.3,4.55,255,2.37
2026.111.22:47:00/wx/-3.40,555.9,62.4,4.70,258,2.29
2026.111.22:48:00/wx/-3.52,555.9,62.6,3.78,261,2.32
2026.111.22:49:00/wx/-3.70,555.9,63.2,3.66,259,2.34
2026.111.22:50:00/wx/-3.70,555.9,63.4,4.81,257,2.40
2026.111.22:51:00/wx/-3.60,555.9,63.3,4.29,254,2.36
2026.111.22:52:00/wx/-3.58,555.9,62.8,3.74,263,2.33
2026.111.22:53:00/wx/-3.81,555.9,62.9,6.42,250,2.31
2026.111.22:54:00/wx/-3.40,555.9,63.3,4.54,259,2.34
2026.111.22:55:00/wx/-3.40,555.9,62.8,4.43,264,2.35
2026.111.22:56:00/wx/-3.40,555.9,62.8,5.45,248,2.33
2026.111.22:57:00/wx/-3.20,555.9,62.6,4.10,261,2.33
2026.111.22:58:00/wx/-3.21,555.9,62.2,4.15,268,2.32
2026.111.22:59:00/wx/-3.40,555.9,62.3,3.62,269,2.33
2026.111.23:00:00/wx/-3.50,555.9,62.6,4.33,278,2.37
2026.111.23:01:00/wx/-3.50,556.0,62.1,4.30,281,2.43
2026.111.23:02:00/wx/-3.50,556.0,62.3,3.42,272,2.47
2026.111.23:03:00/wx/-3.52,555.9,61.8,2.70,259,2.40
2026.111.23:04:00/wx/-3.90,555.9,62.7,2.75,265,2.38
2026.111.23:05:00/wx/-3.90,556.0,63.4,3.83,252,2.39
2026.111.23:06:00/wx/-3.67,556.0,63.1,3.62,256,2.41
2026.111.23:07:00/wx/-3.78,556.0,62.4,3.09,274,2.42
2026.111.23:08:00/wx/-3.59,556.0,63.3,3.06,256,2.39
2026.111.23:09:00/wx/-3.70,556.0,63.1,3.47,270,2.38
2026.111.23:10:00/wx/-3.70,556.0,63.1,3.53,275,2.33
2026.111.23:11:00/wx/-3.56,556.0,62.9,3.76,265,2.33
2026.111.23:12:00/wx/-3.50,556.0,62.6,3.11,266,2.37
2026.111.23:13:00/wx/-3.60,556.0,62.9,3.32,275,2.40
2026.111.23:14:00/wx/-3.70,556.0,63.1,2.64,264,2.43
2026.111.23:15:00/wx/-3.80,556.0,63.5,3.65,259,2.50
2026.111.23:16:00/wx/-3.55,556.0,63.7,4.30,254,2.48
2026.111.23:17:00/wx/-3.49,556.0,63.2,4.71,254,2.40
2026.111.23:18:00/wx/-3.60,556.0,63.1,3.91,255,2.37
2026.111.23:19:00/wx/-3.70,556.0,63.3,3.86,260,2.33
2026.111.23:20:00/wx/-3.70,556.0,63.4,3.56,263,2.38
2026.111.23:21:00/wx/-3.71,556.0,63.5,3.96,260,2.38
2026.111.23:22:00/wx/-3.50,556.0,63.3,3.42,263,2.30
2026.111.23:23:00/wx/-3.62,556.0,62.9,4.44,254,2.25
2026.111.23:24:00/wx/-3.80,556.0,63.1,3.71,272,2.26
2026.111.23:25:00/wx/-3.90,556.0,63.5,3.54,272,2.33
2026.111.23:26:00/wx/-3.85,556.0,63.3,3.88,260,2.33
2026.111.23:27:00/wx/-3.80,556.0,63.3,4.56,256,2.31
2026.111.23:28:00/wx/-3.78,556.0,63.3,5.10,253,2.25
2026.111.23:29:00/wx/-3.60,556.0,63.1,4.44,256,2.28
2026.111.23:30:00/wx/-3.60,556.0,62.8,5.12,254,2.32
2026.111.23:31:00/wx/-3.60,556.1,62.8,3.85,262,2.34
2026.111.23:32:00/wx/-3.60,556.1,62.6,4.02,261,2.38
2026.111.23:33:00/wx/-3.60,556.1,62.6,3.76,271,2.33
2026.111.23:34:00/wx/-3.68,556.0,62.2,3.65,267,2.36
2026.111.23:35:00/wx/-3.60,556.1,62.7,4.30,265,2.37
2026.111.23:36:00/wx/-3.60,556.1,62.4,4.27,263,2.35
2026.111.23:37:00/wx/-3.51,556.0,62.5,3.87,264,2.36
2026.111.23:38:00/wx/-3.70,556.1,62.3,3.89,274,2.35
2026.111.23:39:00/wx/-4.17,556.1,61.8,2.90,281,2.28
2026.111.23:40:00/wx/-4.60,556.1,63.3,3.81,285,2.29
2026.111.23:41:00/wx/-4.70,556.1,64.5,3.72,296,2.31
2026.111.23:42:00/wx/-4.60,556.0,64.3,3.63,293,2.33
2026.111.23:43:00/wx/-4.60,556.1,64.1,3.79,287,2.31
2026.111.23:44:00/wx/-4.60,556.1,64.2,3.57,289,2.23
2026.111.23:45:00/wx/-4.50,556.1,64.4,3.52,285,2.21
2026.111.23:46:00/wx/-4.60,556.1,64.4,3.31,288,2.25
2026.111.23:47:00/wx/-4.50,556.2,64.8,3.43,285,2.29
2026.111.23:48:00/wx/-4.50,556.2,64.9,3.63,283,2.26
2026.111.23:49:00/wx/-4.50,556.2,64.6,3.66,288,2.25
2026.111.23:50:00/wx/-4.50,556.2,64.5,3.23,293,2.23
2026.111.23:51:00/wx/-4.60,556.2,64.7,3.20,294,2.23
2026.111.23:52:00/wx/-4.60,556.2,65.1,3.13,296,2.24
2026.111.23:53:00/wx/-4.60,556.2,65.5,3.39,283,2.24
2026.111.23:54:00/wx/-4.60,556.2,65.8,3.30,294,2.24
2026.111.23:55:00/wx/-4.50,556.2,65.8,3.11,296,2.22
2026.111.23:56:00/wx/-4.60,556.2,65.6,3.20,299,2.20
2026.111.23:57:00/wx/-4.70,556.2,65.9,3.03,293,2.18
2026.111.23:58:00/wx/-4.80,556.2,66.5,3.12,308,2.15
2026.111.23:59:00/wx/-4.80,556.2,67.0,3.20,307,2.12
2026.112.00:00:00/wx/-4.70,556.2,66.9,3.06,306,2.07
2026.112.00:01:00/wx/-4.70,556.2,66.9,3.07,308,2.05
2026.112.00:02:00/wx/-4.60,556.2,66.6,2.93,308,2.02
2026.112.00:03:00/wx/-4.70,556.2,66.6,3.14,310,2.02
2026.112.00:04:00/wx/-4.80,556.2,67.4,2.93,312,2.03
2026.112.00:05:00/wx/-4.90,556.3,68.0,3.01,306,2.02
2026.112.00:06:00/wx/-4.90,556.2,67.8,2.77,302,2.02
2026.112.00:07:00/wx/-4.90,556.3,68.3,2.73,297,2.05
2026.112.00:08:00/wx/-4.90,556.3,67.4,2.66,297,2.03
2026.112.00:09:00/wx/-4.80,556.3,67.1,2.90,285,2.04
2026.112.00:10:00/wx/-4.80,556.3,66.0,2.76,287,2.06
2026.112.00:11:00/wx/-4.91,556.3,65.7,2.69,291,2.09
2026.112.00:12:00/wx/-4.90,556.3,65.6,2.44,305,2.07
2026.112.00:13:00/wx/-5.00,556.3,66.0,2.67,300,2.12
2026.112.00:14:00/wx/-5.00,556.3,66.3,2.83,310,2.08
2026.112.00:15:00/wx/-5.00,556.3,66.2,2.58,313,2.07
2026.112.00:16:00/wx/-5.10,556.3,66.9,2.31,308,2.04
2026.112.00:17:00/wx/-5.10,556.3,67.6,2.94,320,2.01
2026.112.00:18:00/wx/-5.00,556.3,67.8,2.98,322,1.95
2026.112.00:19:00/wx/-4.90,556.3,67.5,2.95,321,1.97
2026.112.00:20:00/wx/-4.80,556.2,67.2,2.92,328,1.98
2026.112.00:21:00/wx/-4.70,556.2,66.4,2.80,324,1.99
2026.112.00:22:00/wx/-4.60,556.2,65.8,3.06,327,1.95
2026.112.00:23:00/wx/-4.60,556.2,65.8,3.37,323,1.91
2026.112.00:24:00/wx/-4.60,556.2,65.5,3.33,335,1.91
2026.112.00:25:00/wx/-4.50,556.2,65.6,3.47,332,1.85
2026.112.00:26:00/wx/-4.40,556.2,65.4,3.33,331,1.84
2026.112.00:27:00/wx/-4.30,556.2,65.0,3.89,332,1.84
2026.112.00:28:00/wx/-4.30,556.2,64.7,3.77,328,1.83
2026.112.00:29:00/wx/-4.30,556.2,64.6,3.43,336,1.78
2026.112.00:30:00/wx/-4.27,556.2,64.9,3.67,332,1.79
2026.112.00:31:00/wx/-4.20,556.2,64.5,4.03,332,1.75
2026.112.00:32:00/wx/-4.32,556.2,63.7,3.67,330,1.73
2026.112.00:33:00/wx/-4.20,556.2,64.3,3.55,330,1.70
2026.112.00:34:00/wx/-4.00,556.2,64.4,4.33,334,1.70
2026.112.00:35:00/wx/-4.00,556.2,63.7,3.97,334,1.68
2026.112.00:36:00/wx/-4.00,556.2,63.7,4.12,335,1.67
2026.112.00:37:00/wx/-4.01,556.2,63.5,3.75,331,1.69
2026.112.00:38:00/wx/-4.10,556.2,63.7,3.66,331,1.63
2026.112.00:39:00/wx/-4.10,556.2,63.8,3.93,330,1.57
2026.112.00:40:00/wx/-4.20,556.2,64.1,4.08,334,1.55
2026.112.00:41:00/wx/-4.10,556.2,64.0,4.38,334,1.57
2026.112.00:42:00/wx/-3.99,556.1,63.8,4.07,331,1.58
2026.112.00:43:00/wx/-4.10,556.2,64.2,3.92,333,1.55
2026.112.00:44:00/wx/-4.10,556.2,64.3,4.04,339,1.55
2026.112.00:45:00/wx/-4.00,556.2,64.7,3.82,334,1.56
2026.112.00:46:00/wx/-4.10,556.2,64.5,3.81,333,1.59
2026.112.00:47:00/wx/-4.00,556.2,65.0,3.51,331,1.65
2026.112.00:48:00/wx/-4.00,556.2,64.9,3.62,333,1.70
2026.112.00:49:00/wx/-4.10,556.2,65.1,3.61,332,1.65
2026.112.00:50:00/wx/-4.41,556.2,64.7,3.28,335,1.65
2026.112.00:51:00/wx/-4.31,556.2,65.5,3.46,337,1.63
2026.112.00:52:00/wx/-4.10,556.2,65.2,3.75,341,1.63
2026.112.00:53:00/wx/-4.28,556.2,64.4,3.99,340,1.65
2026.112.00:54:00/wx/-4.29,556.2,64.7,4.23,347,1.67
2026.112.00:55:00/wx/-4.26,556.2,64.4,3.89,355,1.64
2026.112.00:56:00/wx/-4.20,556.2,64.4,4.42,28,1.61
2026.112.00:57:00/wx/-3.90,556.2,64.0,4.06,353,1.56
2026.112.00:58:00/wx/-3.90,556.2,63.6,3.75,344,1.57
2026.112.00:59:00/wx/-3.90,556.2,63.5,3.82,345,1.55
2026.112.01:00:00/wx/-4.15,556.2,63.5,3.55,346,1.54
2026.112.01:01:00/wx/-4.51,556.2,64.6,4.45,348,1.49
2026.112.01:02:00/wx/-4.10,556.2,64.7,4.00,347,1.47
2026.112.01:03:00/wx/-4.11,556.1,64.3,3.83,290,1.45
2026.112.01:04:00/wx/-4.19,556.1,64.4,4.31,354,1.40
2026.112.01:05:00/wx/-4.37,556.1,64.0,2.89,341,1.32
2026.112.01:06:00/wx/-4.90,556.1,64.7,3.62,353,1.32
2026.112.01:07:00/wx/-4.66,556.2,66.4,3.54,352,1.32
2026.112.01:08:00/wx/-4.61,556.1,65.3,2.72,293,1.34
2026.112.01:09:00/wx/-4.32,556.1,66.0,2.87,348,1.38
2026.112.01:10:00/wx/-4.20,556.1,65.5,2.48,342,1.42
2026.112.01:11:00/wx/-4.20,556.1,65.6,2.05,337,1.45
2026.112.01:12:00/wx/-4.71,556.1,65.0,2.23,336,1.47
2026.112.01:13:00/wx/-4.63,556.1,66.3,2.38,340,1.45
2026.112.01:14:00/wx/-4.50,556.1,66.1,2.20,336,1.46
2026.112.01:15:00/wx/-4.40,556.1,66.0,2.19,333,1.44
2026.112.01:16:00/wx/-4.50,556.1,66.2,2.43,342,1.44
2026.112.01:17:00/wx/-4.30,556.1,66.4,2.40,334,1.50
2026.112.01:18:00/wx/-4.21,556.2,66.1,2.54,342,1.52
2026.112.01:19:00/wx/-4.10,556.1,66.0,2.54,356,1.38
2026.112.01:20:00/wx/-4.00,556.1,65.7,3.08,118,1.29
2026.112.01:21:00/wx/-4.00,556.1,65.2,3.14,357,1.18
2026.112.01:22:00/wx/-4.00,556.1,65.2,3.25,341,1.10
2026.112.01:23:00/wx/-4.00,556.1,65.2,3.01,330,1.06
2026.112.01:24:00/wx/-3.90,556.1,65.2,2.84,319,1.15
2026.112.01:25:00/wx/-4.00,556.1,64.8,3.18,315,1.21
2026.112.01:26:00/wx/-3.90,556.1,64.7,3.03,313,1.23
2026.112.01:27:00/wx/-3.90,556.1,64.8,3.05,318,1.25
2026.112.01:28:00/wx/-3.90,556.1,64.7,3.00,323,1.25
2026.112.01:29:00/wx/-3.91,556.1,64.5,2.93,332,1.32
2026.112.01:30:00/wx/-4.40,556.1,64.8,3.00,357,1.22
2026.112.01:31:00/wx/-4.40,556.1,66.1,3.23,348,1.18
2026.112.01:32:00/wx/-4.26,556.1,66.2,3.53,346,1.20
2026.112.01:33:00/wx/-4.20,556.1,65.7,3.78,335,1.18
2026.112.01:34:00/wx/-4.10,556.1,65.6,3.39,331,1.18
2026.112.01:35:00/wx/-4.07,556.1,65.7,3.71,343,1.20
2026.112.01:36:00/wx/-4.10,556.1,65.7,3.32,331,1.18
2026.112.01:37:00/wx/-4.00,556.1,65.8,3.23,332,1.17
2026.112.01:38:00/wx/-4.10,556.1,65.4,3.44,325,1.15
2026.112.01:39:00/wx/-4.20,556.1,65.8,3.16,324,1.18
2026.112.01:40:00/wx/-4.20,556.1,65.9,3.40,328,1.19
2026.112.01:41:00/wx/-4.20,556.1,65.9,3.43,333,1.21
2026.112.01:42:00/wx/-4.10,556.1,66.2,3.34,335,1.16
2026.112.01:43:00/wx/-4.10,556.1,66.6,3.14,338,1.14
2026.112.01:44:00/wx/-4.10,556.1,66.5,3.12,346,1.15
2026.112.01:45:00/wx/-4.10,556.1,67.1,2.83,342,1.12
2026.112.01:46:00/wx/-4.10,556.1,66.8,2.73,341,1.13
2026.112.01:47:00/wx/-4.20,556.1,66.8,2.33,329,1.14
2026.112.01:48:00/wx/-4.10,556.1,67.2,2.13,334,1.14
2026.112.01:49:00/wx/-4.13,556.1,67.1,2.25,311,1.18
2026.112.01:50:00/wx/-4.10,556.1,66.8,1.87,327,1.19
2026.112.01:51:00/wx/-4.00,556.0,66.5,2.43,341,1.20
2026.112.01:52:00/wx/-3.81,556.1,62.8,2.65,340,1.24
2026.112.01:53:00/wx/-3.41,556.1,56.1,2.44,337,1.23
2026.112.01:54:00/wx/-3.74,556.1,60.5,2.50,341,1.22
2026.112.01:55:00/wx/-3.98,556.1,64.6,2.18,337,1.22
2026.112.01:56:00/wx/-4.10,556.1,66.0,2.59,337,1.22
2026.112.01:57:00/wx/-3.75,556.1,59.8,1.95,327,1.22
2026.112.01:58:00/wx/-4.30,556.1,62.6,2.93,346,1.23
2026.112.01:59:00/wx/-4.47,556.1,61.8,2.55,333,1.23
