2026.107.15:00:01;APEX Database Weather Data for Timerange of c261b
2026.107.15:00:01;The format is wx/temp[C],press[mbar],humid[%],speed[m/s],direction[deg],pwv[mm]
2026.107.15:01:01/wx/3.09,555.7,11.1,5.04,209,1.10
2026.107.15:02:01/wx/3.07,555.7,9.6,4.67,227,1.07
2026.107.15:03:01/wx/3.29,555.7,9.4,6.64,223,1.03
2026.107.15:04:01/wx/2.80,555.7,9.7,4.85,235,1.04
2026.107.15:05:01/wx/2.72,555.7,9.4,5.12,237,1.03
2026.107.15:06:01/wx/3.20,555.7,9.7,7.18,225,1.01
2026.107.15:07:01/wx/2.77,555.8,9.0,5.30,229,1.03
2026.107.15:08:01/wx/2.71,555.7,9.4,3.88,252,1.05
2026.107.15:09:01/wx/2.95,555.7,9.7,4.22,226,1.04
2026.107.15:10:01/wx/3.11,555.7,9.2,4.15,222,1.04
2026.107.15:11:01/wx/2.95,555.7,9.3,6.27,208,1.04
2026.107.15:12:01/wx/3.23,555.7,9.5,3.86,196,1.05
2026.107.15:13:01/wx/3.52,555.7,8.6,7.28,207,1.00
2026.107.15:14:01/wx/3.60,555.7,8.8,6.04,238,1.04
2026.107.15:15:01/wx/3.20,555.7,9.4,6.41,235,1.08
2026.107.15:16:01/wx/3.37,555.7,9.0,7.34,225,1.08
2026.107.15:17:01/wx/3.02,555.7,9.3,4.07,211,1.07
2026.107.15:18:01/wx/2.69,555.7,9.6,3.19,220,1.09
2026.107.15:19:01/wx/3.61,555.7,9.0,5.69,228,1.04
2026.107.15:20:01/wx/3.42,555.7,9.0,7.02,220,1.06
2026.107.15:21:01/wx/3.01,555.7,9.6,3.15,238,1.02
2026.107.15:22:01/wx/2.72,555.7,9.4,4.32,215,1.07
2026.107.15:23:01/wx/3.21,555.7,9.5,7.57,242,1.01
2026.107.15:24:01/wx/3.20,555.7,8.8,5.12,230,1.04
2026.107.15:25:01/wx/3.90,555.6,9.0,3.83,220,1.04
2026.107.15:26:01/wx/3.09,555.7,9.6,3.05,240,1.06
2026.107.15:27:01/wx/3.00,555.7,9.4,2.90,201,1.03
2026.107.15:28:01/wx/3.62,555.6,9.1,7.17,232,1.01
2026.107.15:29:01/wx/3.38,555.7,8.4,6.20,235,1.02
2026.107.15:30:01/wx/3.30,555.7,8.9,5.62,224,1.02
2026.107.15:31:01/wx/3.17,555.6,8.8,4.51,229,1.02
2026.107.15:32:01/wx/3.53,555.7,8.5,6.72,239,1.04
2026.107.15:33:01/wx/3.67,555.6,8.2,4.98,245,1.05
2026.107.15:34:01/wx/3.47,555.6,8.8,4.28,244,1.08
2026.107.15:35:01/wx/3.50,555.7,9.1,3.92,235,1.03
2026.107.15:36:01/wx/3.59,555.6,8.8,5.78,238,0.98
2026.107.15:37:01/wx/3.43,555.7,7.6,5.51,235,1.00
2026.107.15:38:01/wx/3.52,555.7,7.8,5.50,234,1.02
2026.107.15:39:01/wx/3.22,555.7,8.3,6.23,238,1.03
2026.107.15:40:01/wx/3.10,555.6,8.7,4.02,224,1.02
2026.107.15:41:01/wx/3.10,555.6,9.1,5.01,248,1.02
2026.107.15:42:01/wx/3.61,555.6,8.7,5.73,199,1.04
2026.107.15:43:01/wx/3.29,555.6,8.2,3.70,206,1.02
2026.107.15:44:01/wx/3.64,555.6,9.3,4.63,226,1.08
2026.107.15:45:01/wx/3.20,555.6,9.0,5.18,232,1.08
2026.107.15:46:01/wx/3.41,555.6,9.7,3.50,215,1.05
2026.107.15:47:01/wx/3.40,555.5,8.4,8.32,215,1.03
2026.107.15:48:01/wx/3.55,555.6,8.3,8.33,232,0.99
2026.107.15:49:01/wx/3.85,555.6,8.2,5.69,214,0.98
2026.107.15:50:01/wx/4.09,555.6,7.8,7.64,226,1.02
2026.107.15:51:01/wx/3.96,555.5,8.0,5.42,213,1.01
2026.107.15:52:01/wx/3.80,555.6,8.1,7.48,236,1.03
2026.107.15:53:01/wx/3.94,555.5,8.2,9.03,213,1.10
2026.107.15:54:01/wx/3.17,555.5,8.4,5.47,215,1.08
2026.107.15:55:01/wx/3.79,555.5,8.6,7.88,196,1.05
2026.107.15:56:01/wx/3.24,555.5,9.0,6.54,197,1.05
2026.107.15:57:01/wx/4.08,555.5,9.1,8.18,214,1.01
2026.107.15:58:01/wx/3.64,555.5,8.8,7.17,228,1.05
2026.107.15:59:01/wx/3.77,555.6,8.6,7.33,225,1.03
2026.107.16:00:01/wx/4.50,555.5,8.2,8.10,217,1.07
2026.107.16:01:01/wx/4.61,555.5,8.2,8.56,213,1.05
2026.107.16:02:01/wx/4.30,555.5,8.0,7.53,219,1.02
2026.107.16:03:01/wx/3.37,555.5,8.2,6.19,200,1.05
2026.107.16:04:01/wx/3.40,555.5,9.3,7.12,199,1.17
2026.107.16:05:01/wx/3.28,555.5,8.9,4.47,211,1.17
2026.107.16:06:01/wx/3.34,555.5,8.5,6.25,196,1.07
2026.107.16:07:01/wx/3.60,555.5,8.5,7.52,225,1.11
2026.107.16:08:01/wx/3.72,555.5,10.1,6.64,227,1.09
2026.107.16:09:01/wx/3.71,555.5,8.8,7.55,231,1.10
2026.107.16:10:01/wx/3.94,555.5,8.0,9.19,228,1.01
2026.107.16:11:01/wx/4.22,555.5,7.6,6.66,229,1.01
2026.107.16:12:01/wx/4.40,555.5,7.9,8.52,234,0.99
2026.107.16:13:01/wx/3.75,555.5,8.7,7.03,237,1.09
2026.107.16:14:01/wx/4.14,555.5,8.2,5.84,212,1.08
2026.107.16:15:01/wx/3.99,555.4,7.9,8.71,205,1.12
2026.107.16:16:01/wx/5.52,555.5,9.1,7.04,221,1.15
2026.107.16:17:01/wx/5.50,555.4,8.9,5.52,242,1.18
2026.107.16:18:01/wx/5.36,555.5,8.7,5.98,230,1.15
2026.107.16:19:01/wx/5.44,555.5,8.4,6.93,244,1.24
2026.107.16:20:01/wx/4.72,555.5,12.8,9.77,243,1.23
2026.107.16:21:01/wx/3.80,555.5,14.5,5.22,266,1.33
2026.107.16:22:01/wx/3.90,555.4,14.9,4.66,249,1.33
2026.107.16:23:01/wx/4.10,555.5,15.7,6.76,231,1.32
2026.107.16:24:01/wx/4.28,555.3,15.4,5.05,259,1.20
2026.107.16:25:01/wx/4.97,555.4,10.6,6.96,230,1.21
2026.107.16:26:01/wx/5.06,555.4,12.1,5.91,221,1.19
2026.107.16:27:01/wx/4.21,555.4,9.5,6.71,240,1.17
2026.107.16:28:01/wx/4.11,555.4,12.9,7.51,245,1.18
2026.107.16:29:01/wx/3.89,555.4,14.6,8.11,234,1.19
2026.107.16:30:01/wx/3.62,555.4,16.4,4.91,257,1.27
2026.107.16:31:01/wx/3.90,555.4,15.9,7.28,245,1.24
2026.107.16:32:01/wx/3.50,555.4,15.3,5.53,230,1.19
2026.107.16:33:01/wx/3.29,555.4,16.4,1.95,257,1.16
2026.107.16:34:01/wx/3.68,555.4,16.8,4.62,245,1.11
2026.107.16:35:01/wx/4.39,555.4,15.2,7.57,234,1.11
2026.107.16:36:01/wx/3.50,555.4,15.6,5.35,229,1.11
2026.107.16:37:01/wx/3.62,555.4,15.2,4.26,233,1.09
2026.107.16:38:01/wx/3.70,555.4,16.3,6.47,246,1.16
2026.107.16:39:01/wx/3.61,555.3,16.3,3.28,266,1.16
2026.107.16:40:01/wx/3.56,555.4,16.1,6.01,255,1.24
2026.107.16:41:01/wx/3.48,555.4,16.9,4.94,258,1.27
2026.107.16:42:01/wx/3.20,555.4,17.7,6.31,252,-8.93
2026.107.16:43:01/wx/3.35,555.3,17.1,4.80,212,-39.67
2026.107.16:44:01/wx/3.40,555.3,17.3,3.32,237,-88.05
2026.107.16:45:01/wx/3.63,555.3,17.6,9.03,254,-151.17
2026.107.16:46:01/wx/3.31,555.3,17.0,6.79,240,-226.12
2026.107.16:47:01/wx/3.58,555.3,14.9,5.18,258,-309.98
2026.107.16:48:01/wx/3.60,555.3,16.2,4.87,272,-399.85
2026.107.16:49:01/wx/3.90,555.3,16.9,6.33,251,-492.82
2026.107.16:50:01/wx/3.79,555.3,17.5,7.51,252,-585.98
2026.107.16:51:01/wx/3.18,555.3,18.9,6.80,261,-676.42
2026.107.16:52:01/wx/3.49,555.3,15.7,5.04,245,-761.22
2026.107.16:53:01/wx/4.13,555.3,13.9,7.96,245,-837.49
2026.107.16:54:01/wx/4.00,555.3,14.2,6.42,220,-902.30
2026.107.16:55:01/wx/4.16,555.3,15.3,6.75,227,-952.75
2026.107.16:56:01/wx/3.89,555.3,16.2,9.34,240,-985.92
2026.107.16:57:01/wx/3.55,555.3,16.0,5.00,238,-998.92
2026.107.16:58:01/wx/3.73,555.3,15.1,6.46,246,-999.00
2026.107.16:59:01/wx/3.91,555.3,15.6,5.84,261,-999.00
2026.107.17:00:01/wx/3.65,555.3,16.9,3.35,261,-999.00
2026.107.17:01:01/wx/4.31,555.3,16.3,8.32,251,-999.00
2026.107.17:02:01/wx/3.65,555.3,16.2,5.47,255,-999.00
2026.107.17:03:01/wx/3.44,555.3,17.1,5.81,235,-999.00
2026.107.17:04:01/wx/3.61,555.3,16.7,6.78,250,-999.00
2026.107.17:05:01/wx/3.62,555.3,17.1,4.59,282,-999.00
2026.107.17:06:01/wx/3.51,555.3,17.3,3.62,245,-999.00
2026.107.17:07:01/wx/4.03,555.3,16.2,5.29,244,-999.00
2026.107.17:08:01/wx/3.70,555.3,16.2,4.89,253,-999.00
2026.107.17:09:01/wx/3.60,555.2,17.1,5.00,251,-999.00
2026.107.17:10:01/wx/3.74,555.2,17.5,3.96,238,-999.00
2026.107.17:11:01/wx/3.31,555.2,19.7,4.13,263,-999.00
2026.107.17:12:01/wx/3.59,555.2,20.4,7.55,253,-999.00
2026.107.17:13:01/wx/4.10,555.2,19.1,7.23,233,-999.00
2026.107.17:14:01/wx/3.81,555.2,19.7,8.32,244,-999.00
2026.107.17:15:01/wx/4.39,555.2,19.4,7.55,242,-999.00
2026.107.17:16:01/wx/4.22,555.2,17.7,8.01,243,-999.00
2026.107.17:17:01/wx/4.17,555.2,17.1,5.82,249,-999.00
2026.107.17:18:01/wx/3.80,555.2,17.3,7.66,246,-999.00
2026.107.17:19:01/wx/3.32,555.2,18.6,2.27,209,-999.00
2026.107.17:20:01/wx/3.80,555.2,17.5,6.10,231,-999.00
2026.107.17:21:01/wx/3.70,555.1,16.5,3.32,247,-999.00
2026.107.17:22:01/wx/4.25,555.1,16.5,7.15,236,-999.00
2026.107.17:23:01/wx/3.84,555.1,16.6,6.05,258,-999.00
2026.107.17:24:01/wx/3.48,555.1,17.4,6.20,258,-999.00
2026.107.17:25:01/wx/3.70,555.1,17.4,7.72,224,-999.00
2026.107.17:26:01/wx/3.70,555.1,18.2,2.82,235,-999.00
2026.107.17:27:01/wx/3.98,555.1,19.2,8.85,235,-999.00
2026.107.17:28:01/wx/3.63,555.1,20.2,7.65,250,-999.00
2026.107.17:29:01/wx/3.39,555.1,20.0,5.49,257,-999.00
2026.107.17:30:01/wx/4.06,555.1,19.9,4.33,268,-999.00
2026.107.17:31:01/wx/3.80,555.1,19.5,3.83,258,-999.00
2026.107.17:32:01/wx/3.95,555.1,18.0,7.12,231,-999.00
2026.107.17:33:01/wx/3.59,555.1,18.0,4.07,229,-999.00
2026.107.17:34:01/wx/3.95,555.1,19.7,6.41,230,-999.00
2026.107.17:35:01/wx/4.58,555.1,19.2,8.22,238,-999.00
2026.107.17:36:01/wx/3.89,555.1,18.1,2.22,254,-999.00
2026.107.17:37:01/wx/3.80,555.1,18.3,5.75,233,-999.00
2026.107.17:38:01/wx/3.70,555.0,19.0,4.78,214,-999.00
2026.107.17:39:01/wx/4.43,555.1,18.4,7.03,237,-999.00
2026.107.17:40:01/wx/3.70,555.0,17.4,8.02,246,-999.00
2026.107.17:41:01/wx/3.39,555.1,19.4,8.51,252,-999.00
2026.107.17:42:01/wx/3.49,555.1,18.5,7.29,230,-999.00
2026.107.17:43:01/wx/4.00,555.1,18.1,5.37,258,-999.00
2026.107.17:44:01/wx/3.71,555.1,18.2,7.83,256,-999.00
2026.107.17:45:01/wx/3.33,555.1,17.7,4.44,273,-999.00
2026.107.17:46:01/wx/3.31,555.1,18.9,3.56,267,-999.00
2026.107.17:47:01/wx/4.08,555.0,18.8,7.62,237,-999.00
2026.107.17:48:01/wx/4.31,555.0,15.9,4.32,238,-999.00
2026.107.17:49:01/wx/4.59,555.0,17.5,9.99,235,-999.00
2026.107.17:50:01/wx/4.03,555.0,17.7,10.30,246,-999.00
2026.107.17:51:01/wx/3.70,555.0,17.9,7.29,227,-999.00
2026.107.17:52:01/wx/3.70,555.0,18.9,7.05,239,-999.00
2026.107.17:53:01/wx/3.41,555.0,19.1,6.47,256,-999.00
2026.107.17:54:01/wx/3.98,555.0,19.4,8.47,243,-999.00
2026.107.17:55:01/wx/4.02,555.0,19.7,5.53,261,-999.00
2026.107.17:56:01/wx/3.60,554.9,20.5,5.54,262,-999.00
2026.107.17:57:01/wx/4.20,555.0,19.2,5.67,265,-999.00
2026.107.17:58:01/wx/3.80,555.0,17.1,8.72,247,-999.00
2026.107.17:59:01/wx/3.60,554.9,18.0,4.97,272,-999.00
2026.107.18:00:01/wx/3.70,554.9,17.8,4.93,261,-999.00
2026.107.18:01:01/wx/3.75,554.9,17.6,7.56,238,-999.00
2026.107.18:02:01/wx/3.80,554.9,18.1,6.86,245,-999.00
2026.107.18:03:01/wx/4.20,555.0,17.9,5.60,262,-999.00
2026.107.18:04:01/wx/4.37,554.9,17.2,10.87,241,-999.00
2026.107.18:05:01/wx/4.44,554.9,16.8,5.43,232,-999.00
2026.107.18:06:01/wx/3.87,554.9,17.4,4.66,237,-999.00
2026.107.18:07:01/wx/3.71,554.9,17.4,5.42,244,-999.00
2026.107.18:08:01/wx/3.90,554.9,16.6,7.59,252,-999.00
2026.107.18:09:01/wx/3.69,554.9,16.6,6.13,239,-999.00
2026.107.18:10:01/wx/3.91,554.8,15.9,5.55,230,-999.00
2026.107.18:11:01/wx/4.27,554.9,16.7,11.26,244,-999.00
2026.107.18:12:01/wx/3.43,554.9,17.6,6.87,250,-999.00
2026.107.18:13:01/wx/3.50,554.9,17.4,8.91,244,-999.00
2026.107.18:14:01/wx/3.50,554.9,17.9,6.81,227,-999.00
2026.107.18:15:01/wx/3.01,554.9,18.4,5.09,242,-999.00
2026.107.18:16:01/wx/3.83,554.8,18.3,9.85,250,-999.00
2026.107.18:17:01/wx/3.62,554.9,17.9,8.99,234,-999.00
2026.107.18:18:01/wx/3.20,554.9,18.2,5.89,254,-999.00
2026.107.18:19:01/wx/3.34,554.9,18.5,5.89,246,-999.00
2026.107.18:20:01/wx/3.60,554.9,18.5,7.35,250,-999.00
2026.107.18:21:01/wx/3.42,554.8,18.6,6.35,237,-999.00
2026.107.18:22:01/wx/3.60,554.8,18.7,5.58,270,-999.00
2026.107.18:23:01/wx/3.78,554.8,18.1,6.37,241,-999.00
2026.107.18:24:01/wx/3.93,554.8,17.8,6.95,233,-999.00
2026.107.18:25:01/wx/3.50,554.7,18.5,8.42,242,-999.00
2026.107.18:26:01/wx/4.86,554.8,17.6,4.68,267,-999.00
2026.107.18:27:01/wx/4.49,554.8,17.1,7.47,237,-999.00
2026.107.18:28:01/wx/4.07,554.8,17.2,5.45,266,-999.00
2026.107.18:29:01/wx/4.02,554.8,17.7,9.38,243,-999.00
2026.107.18:30:01/wx/4.00,554.8,17.8,8.53,247,-999.00
2026.107.18:31:01/wx/3.38,554.8,18.0,6.84,239,-999.00
2026.107.18:32:01/wx/3.62,554.8,16.9,7.26,231,-999.00
2026.107.18:33:01/wx/3.80,554.8,17.4,6.71,245,-999.00
2026.107.18:34:01/wx/4.05,554.8,16.9,10.32,232,-999.00
2026.107.18:35:01/wx/3.10,554.8,18.1,4.83,241,-999.00
2026.107.18:36:01/wx/3.68,554.8,18.1,6.82,257,-999.00
2026.107.18:37:01/wx/3.89,554.8,17.9,6.09,258,-999.00
2026.107.18:38:01/wx/3.65,554.8,17.9,9.18,240,-999.00
2026.107.18:39:01/wx/3.67,554.8,16.5,7.06,224,-999.00
2026.107.18:40:01/wx/3.70,554.8,17.6,3.73,279,-999.00
2026.107.18:41:01/wx/3.59,554.7,17.7,8.98,236,-999.00
2026.107.18:42:01/wx/3.39,554.7,17.9,5.76,266,-999.00
2026.107.18:43:01/wx/3.42,554.8,17.8,7.65,243,-999.00
2026.107.18:44:01/wx/2.97,554.8,18.5,5.14,254,-999.00
2026.107.18:45:01/wx/3.11,554.8,18.1,5.02,269,-999.00
2026.107.18:46:01/wx/4.14,554.7,17.7,6.47,226,-999.00
2026.107.18:47:01/wx/3.90,554.7,17.0,4.57,241,-999.00
2026.107.18:48:01/wx/4.03,554.7,16.8,6.18,249,-999.00
2026.107.18:49:01/wx/4.15,554.7,17.1,9.17,241,-999.00
2026.107.18:50:01/wx/3.70,554.7,17.0,7.78,240,-999.00
2026.107.18:51:01/wx/3.80,554.7,16.7,6.81,248,-999.00
2026.107.18:52:01/wx/3.79,554.7,17.1,7.61,253,-999.00
2026.107.18:53:01/wx/4.05,554.8,16.1,8.40,243,-999.00
2026.107.18:54:01/wx/3.60,554.7,17.1,10.87,242,-999.00
2026.107.18:55:01/wx/3.50,554.7,17.5,7.19,245,-999.00
2026.107.18:56:01/wx/3.24,554.7,17.5,4.41,270,-999.00
2026.107.18:57:01/wx/3.70,554.7,16.5,9.97,250,-999.00
2026.107.18:58:01/wx/3.50,554.7,16.5,6.74,235,-998.55
2026.107.18:59:01/wx/3.50,554.7,16.5,7.99,215,-898.53
2026.107.19:00:01/wx/3.50,554.7,16.5,8.64,217,-675.09
2026.107.19:01:01/wx/3.50,554.7,16.4,8.89,231,-403.01
2026.107.19:02:01/wx/3.50,554.7,16.3,8.95,245,-157.07
2026.107.19:03:01/wx/3.50,554.7,16.2,9.03,245,-12.06
2026.107.19:04:01/wx/3.70,554.7,15.7,8.12,229,1.08
2026.107.19:05:01/wx/3.25,554.7,15.6,5.43,263,1.07
2026.107.19:06:01/wx/3.27,554.7,16.8,6.38,251,1.08
2026.107.19:07:01/wx/3.30,554.7,16.4,8.59,248,1.02
2026.107.19:08:01/wx/3.03,554.6,16.8,5.58,259,1.16
2026.107.19:09:01/wx/3.99,554.7,14.7,5.42,273,1.13
2026.107.19:10:01/wx/3.55,554.7,15.9,6.74,283,1.09
2026.107.19:11:01/wx/3.41,554.7,17.4,6.21,242,1.09
2026.107.19:12:01/wx/3.37,554.7,17.4,6.72,266,1.08
2026.107.19:13:01/wx/2.78,554.7,17.6,9.29,244,1.12
2026.107.19:14:01/wx/2.59,554.7,17.6,7.90,251,1.16
2026.107.19:15:01/wx/2.70,554.6,19.2,5.85,221,1.16
2026.107.19:16:01/wx/3.62,554.7,18.3,6.80,281,1.22
2026.107.19:17:01/wx/3.25,554.7,18.2,5.96,286,1.16
2026.107.19:18:01/wx/3.93,554.6,16.0,8.76,238,1.16
2026.107.19:19:01/wx/3.92,554.7,17.5,6.53,260,1.22
2026.107.19:20:01/wx/3.20,554.7,17.1,7.41,252,1.16
2026.107.19:21:01/wx/3.23,554.7,17.9,5.50,267,1.25
2026.107.19:22:01/wx/2.80,554.6,18.8,4.59,274,1.22
2026.107.19:23:01/wx/2.94,554.7,18.1,8.56,249,1.25
2026.107.19:24:01/wx/2.79,554.7,18.6,6.06,280,1.24
2026.107.19:25:01/wx/2.59,554.6,18.6,4.92,275,1.22
2026.107.19:26:01/wx/2.71,554.7,18.5,5.46,266,1.28
2026.107.19:27:01/wx/2.84,554.6,19.2,7.27,249,1.27
2026.107.19:28:01/wx/2.92,554.7,18.2,8.54,250,1.21
2026.107.19:29:01/wx/2.57,554.6,17.4,5.72,269,1.19
2026.107.19:30:01/wx/2.54,554.6,18.9,6.40,264,1.14
2026.107.19:31:01/wx/2.50,554.6,20.0,7.53,287,1.13
2026.107.19:32:01/wx/3.29,554.6,18.2,6.79,252,1.14
2026.107.19:33:01/wx/3.25,554.6,17.0,8.56,250,1.12
2026.107.19:34:01/wx/2.72,554.6,17.0,7.42,275,1.05
2026.107.19:35:01/wx/3.02,554.6,18.7,6.64,280,1.06
2026.107.19:36:01/wx/3.20,554.6,19.0,7.63,258,1.20
2026.107.19:37:01/wx/2.23,554.6,19.1,6.13,256,1.29
2026.107.19:38:01/wx/2.09,554.6,18.5,5.36,254,1.15
2026.107.19:39:01/wx/2.24,554.6,18.6,5.61,270,1.15
2026.107.19:40:01/wx/2.56,554.6,18.7,6.87,279,1.23
2026.107.19:41:01/wx/2.50,554.6,19.0,7.03,283,1.22
2026.107.19:42:01/wx/2.43,554.7,18.8,6.91,261,1.17
2026.107.19:43:01/wx/2.64,554.7,20.1,8.46,284,1.16
2026.107.19:44:01/wx/2.22,554.6,20.9,6.55,280,1.18
2026.107.19:45:01/wx/2.04,554.6,20.9,4.76,282,1.11
2026.107.19:46:01/wx/2.50,554.6,20.4,6.52,232,1.13
2026.107.19:47:01/wx/2.15,554.6,20.8,6.96,250,1.04
2026.107.19:48:01/wx/2.51,554.6,20.8,6.53,252,1.12
2026.107.19:49:01/wx/2.16,554.6,20.4,6.01,248,1.16
2026.107.19:50:01/wx/2.16,554.6,19.3,8.17,244,1.16
2026.107.19:51:01/wx/2.31,554.6,19.8,4.09,263,1.10
2026.107.19:52:01/wx/3.46,554.6,19.8,4.68,256,1.06
2026.107.19:53:01/wx/3.11,554.6,19.9,6.82,255,1.09
2026.107.19:54:01/wx/2.23,554.6,21.0,5.13,255,1.10
2026.107.19:55:01/wx/2.20,554.6,20.8,4.32,273,1.09
2026.107.19:56:01/wx/2.29,554.6,20.9,5.99,281,1.13
2026.107.19:57:01/wx/2.20,554.6,21.2,4.30,270,1.19
2026.107.19:58:01/wx/2.41,554.7,20.3,7.01,246,1.11
2026.107.19:59:01/wx/2.48,554.6,18.8,6.46,248,1.14
2026.107.20:00:01/wx/1.90,554.7,19.4,5.42,257,1.18
2026.107.20:01:01/wx/2.30,554.6,19.9,5.64,257,1.10
2026.107.20:02:01/wx/2.33,554.6,19.8,6.92,244,1.16
2026.107.20:03:01/wx/2.20,554.7,20.4,6.43,285,1.13
2026.107.20:04:01/wx/2.43,554.6,20.6,5.50,260,1.07
2026.107.20:05:01/wx/2.73,554.6,19.7,3.43,277,1.09
2026.107.20:06:01/wx/2.49,554.7,19.6,5.22,247,1.09
2026.107.20:07:01/wx/2.60,554.6,20.1,6.00,267,1.15
2026.107.20:08:01/wx/2.61,554.7,20.2,6.04,261,1.16
2026.107.20:09:01/wx/2.30,554.7,20.4,6.52,272,1.09
2026.107.20:10:01/wx/2.13,554.7,19.1,5.95,252,1.07
2026.107.20:11:01/wx/1.99,554.7,19.1,6.52,256,1.07
2026.107.20:12:01/wx/2.05,554.7,18.5,5.26,278,1.05
2026.107.20:13:01/wx/2.30,554.7,17.4,6.42,254,1.02
2026.107.20:14:01/wx/1.69,554.7,16.6,5.65,239,1.05
2026.107.20:15:01/wx/2.10,554.7,18.2,5.32,267,1.06
2026.107.20:16:01/wx/1.89,554.7,18.1,5.91,249,1.05
2026.107.20:17:01/wx/2.00,554.7,18.4,5.94,270,1.09
2026.107.20:18:01/wx/2.40,554.7,18.4,5.62,252,1.03
2026.107.20:19:01/wx/1.91,554.7,18.3,8.61,250,1.03
2026.107.20:20:01/wx/1.49,554.7,18.4,7.29,250,1.00
2026.107.20:21:01/wx/1.60,554.7,18.2,6.90,242,0.98
2026.107.20:22:01/wx/1.74,554.7,18.5,8.10,248,1.09
2026.107.20:23:01/wx/1.60,554.7,19.0,6.43,252,1.07
2026.107.20:24:01/wx/1.54,554.7,18.7,5.29,264,1.08
2026.107.20:25:01/wx/2.07,554.7,18.2,5.34,262,1.06
2026.107.20:26:01/wx/1.79,554.7,17.5,6.00,259,1.11
2026.107.20:27:01/wx/1.64,554.7,17.0,4.59,257,1.06
2026.107.20:28:01/wx/1.51,554.7,17.4,6.05,247,1.01
2026.107.20:29:01/wx/1.80,554.7,16.5,7.10,253,1.09
2026.107.20:30:01/wx/1.70,554.7,15.5,6.47,251,1.01
2026.107.20:31:01/wx/1.42,554.7,14.6,6.25,254,1.00
2026.107.20:32:01/wx/1.23,554.7,16.0,5.76,255,1.02
2026.107.20:33:01/wx/1.40,554.7,17.4,7.24,252,1.10
2026.107.20:34:01/wx/1.36,554.7,17.7,5.99,257,0.98
2026.107.20:35:01/wx/1.39,554.7,17.6,7.14,248,0.95
2026.107.20:36:01/wx/1.72,554.7,15.0,7.45,244,0.93
2026.107.20:37:01/wx/1.73,554.7,16.1,7.49,247,0.99
2026.107.20:38:01/wx/1.51,554.7,17.5,2.84,271,0.98
2026.107.20:39:01/wx/1.80,554.7,16.5,7.60,247,0.99
2026.107.20:40:01/wx/1.59,554.6,16.8,6.81,264,0.98
2026.107.20:41:01/wx/1.77,554.7,16.8,6.40,253,0.97
2026.107.20:42:01/wx/1.42,554.7,16.9,5.41,263,0.97
2026.107.20:43:01/wx/1.51,554.7,16.6,5.60,255,1.02
2026.107.20:44:01/wx/1.65,554.7,15.6,8.33,252,0.95
2026.107.20:45:01/wx/1.30,554.7,15.5,7.17,250,0.93
2026.107.20:46:01/wx/1.40,554.7,15.9,7.45,251,0.96
2026.107.20:47:01/wx/1.29,554.6,16.1,4.91,272,0.92
2026.107.20:48:01/wx/1.91,554.6,14.8,5.23,263,0.95
2026.107.20:49:01/wx/1.84,554.7,14.2,7.27,246,0.93
2026.107.20:50:01/wx/1.50,554.7,14.6,6.82,252,0.92
2026.107.20:51:01/wx/1.60,554.7,15.0,7.00,252,0.92
2026.107.20:52:01/wx/1.50,554.7,15.4,3.86,276,0.93
2026.107.20:53:01/wx/1.40,554.7,15.4,8.07,244,0.92
2026.107.20:54:01/wx/1.61,554.7,15.7,6.64,245,0.95
2026.107.20:55:01/wx/1.40,554.7,15.9,5.92,268,0.94
2026.107.20:56:01/wx/1.26,554.7,16.7,4.55,276,1.00
2026.107.20:57:01/wx/1.38,554.7,16.2,3.65,277,0.99
2026.107.20:58:01/wx/1.50,554.7,16.4,5.51,274,0.97
2026.107.20:59:01/wx/1.47,554.7,17.0,4.92,252,0.98
2026.107.21:00:01/wx/1.60,554.7,16.3,5.43,286,0.96
2026.107.21:01:01/wx/1.70,554.8,15.2,4.98,280,0.95
2026.107.21:02:01/wx/1.59,554.8,15.3,4.04,282,0.97
2026.107.21:03:01/wx/1.80,554.8,14.8,6.02,294,0.96
2026.107.21:04:01/wx/1.41,554.8,15.2,7.24,288,0.98
2026.107.21:05:01/wx/1.00,554.8,15.5,5.53,284,1.00
2026.107.21:06:01/wx/1.04,554.8,16.0,3.22,271,1.03
2026.107.21:07:01/wx/1.30,554.8,15.5,6.79,288,0.99
2026.107.21:08:01/wx/1.01,554.8,15.1,5.93,284,1.00
2026.107.21:09:01/wx/1.20,554.8,15.2,5.26,287,0.99
2026.107.21:10:01/wx/1.19,554.8,14.9,5.46,255,0.99
2026.107.21:11:01/wx/1.20,554.8,14.7,4.86,259,0.99
2026.107.21:12:01/wx/1.00,554.8,15.1,3.60,280,0.98
2026.107.21:13:01/wx/1.10,554.8,14.6,5.72,294,0.96
2026.107.21:14:01/wx/1.11,554.8,14.7,3.59,262,0.96
2026.107.21:15:01/wx/1.20,554.8,14.7,2.79,283,0.95
2026.107.21:16:01/wx/1.30,554.8,14.3,6.20,294,0.93
2026.107.21:17:01/wx/1.21,554.8,14.3,6.09,291,0.92
2026.107.21:18:01/wx/1.08,554.8,14.6,3.96,272,0.93
2026.107.21:19:01/wx/1.10,554.8,15.0,4.87,287,0.95
2026.107.21:20:01/wx/1.09,554.7,14.7,6.48,284,0.94
2026.107.21:21:01/wx/1.15,554.8,15.1,5.15,285,0.96
2026.107.21:22:01/wx/1.20,554.8,15.4,4.42,285,0.98
2026.107.21:23:01/wx/1.10,554.8,15.2,4.71,297,0.96
2026.107.21:24:01/wx/1.10,554.8,15.1,7.16,293,0.96
2026.107.21:25:01/wx/0.99,554.7,15.4,5.35,284,0.98
2026.107.21:26:01/wx/1.00,554.7,15.5,4.94,285,0.98
2026.107.21:27:01/wx/1.00,554.8,15.5,5.03,288,0.98
2026.107.21:28:01/wx/0.94,554.8,15.6,4.89,287,0.96
2026.107.21:29:01/wx/1.10,554.8,15.5,5.52,272,0.98
2026.107.21:30:01/wx/0.81,554.7,15.5,4.68,263,0.98
2026.107.21:31:01/wx/1.00,554.8,15.4,6.49,278,0.98
2026.107.21:32:01/wx/1.00,554.8,15.1,5.93,289,0.99
2026.107.21:33:01/wx/1.00,554.8,15.2,5.65,284,0.99
2026.107.21:34:01/wx/0.81,554.8,14.8,5.72,281,0.99
2026.107.21:35:01/wx/0.80,554.8,14.8,5.66,283,1.01
2026.107.21:36:01/wx/0.81,554.8,14.6,5.27,296,1.02
2026.107.21:37:01/wx/0.70,554.8,14.4,4.53,277,0.98
2026.107.21:38:01/wx/0.70,554.8,14.4,5.19,279,0.98
2026.107.21:39:01/wx/0.69,554.8,14.3,5.43,284,0.98
2026.107.21:40:01/wx/0.60,554.8,14.1,3.81,284,0.98
2026.107.21:41:01/wx/0.60,554.8,14.2,4.28,283,1.00
2026.107.21:42:01/wx/0.60,554.8,14.3,4.86,278,1.01
2026.107.21:43:01/wx/0.50,554.8,14.5,4.14,296,1.00
2026.107.21:44:01/wx/0.49,554.9,14.5,4.10,297,1.00
2026.107.21:45:01/wx/0.50,554.9,14.3,4.27,292,0.99
2026.107.21:46:01/wx/0.63,554.8,13.5,4.81,282,0.98
2026.107.21:47:01/wx/0.60,554.9,12.8,5.95,284,0.96
2026.107.21:48:01/wx/0.50,554.9,13.0,3.82,275,0.97
2026.107.21:49:01/wx/0.40,554.8,11.4,5.62,283,0.94
2026.107.21:50:01/wx/0.40,554.8,11.5,4.71,286,0.94
2026.107.21:51:01/wx/0.40,554.8,12.1,5.79,298,0.93
2026.107.21:52:01/wx/0.40,554.8,12.7,6.70,288,0.95
2026.107.21:53:01/wx/0.34,554.8,13.8,5.07,297,0.96
2026.107.21:54:01/wx/0.30,554.8,14.1,5.42,299,0.96
2026.107.21:55:01/wx/0.30,554.8,13.6,5.37,295,0.94
2026.107.21:56:01/wx/0.20,554.8,14.4,5.26,295,0.97
2026.107.21:57:01/wx/0.20,554.8,14.0,5.24,301,0.92
2026.107.21:58:01/wx/0.20,554.8,12.6,6.00,303,0.95
2026.107.21:59:01/wx/0.20,554.8,13.1,4.67,297,0.94
2026.107.22:00:01/wx/0.20,554.9,13.3,5.09,283,0.96
2026.107.22:01:01/wx/0.10,554.9,13.3,4.59,279,0.94
2026.107.22:02:01/wx/0.00,554.9,13.4,4.86,274,0.95
2026.107.22:03:01/wx/0.00,554.9,13.3,4.59,272,0.95
2026.107.22:04:01/wx/-0.10,554.9,13.4,3.93,275,0.96
2026.107.22:05:01/wx/-0.20,555.0,13.4,4.62,280,0.96
2026.107.22:06:01/wx/-0.20,555.0,13.2,3.81,267,0.94
2026.107.22:07:01/wx/-0.21,555.0,13.1,4.56,283,0.93
2026.107.22:08:01/wx/-0.30,554.9,13.1,3.89,285,0.94
2026.107.22:09:01/wx/-0.30,554.9,13.0,4.93,287,0.92
2026.107.22:10:01/wx/-0.41,554.9,13.0,3.82,264,0.92
2026.107.22:11:01/wx/-0.30,554.9,12.9,4.01,273,0.91
2026.107.22:12:01/wx/-0.40,554.9,12.7,5.07,279,0.87
2026.107.22:13:01/wx/-0.50,554.9,12.8,3.81,271,0.87
2026.107.22:14:01/wx/-0.50,554.9,12.7,4.83,282,0.88
2026.107.22:15:01/wx/-0.70,554.9,12.9,4.67,285,0.88
2026.107.22:16:01/wx/-0.70,554.9,13.1,4.54,281,0.88
2026.107.22:17:01/wx/-0.82,554.9,13.2,4.51,280,0.88
2026.107.22:18:01/wx/-0.90,554.9,13.5,4.00,267,0.87
2026.107.22:19:01/wx/-0.80,554.9,13.6,3.33,271,0.86
2026.107.22:20:01/wx/-0.90,554.9,13.4,5.17,281,0.88
2026.107.22:21:01/wx/-0.79,554.8,13.1,4.95,281,0.87
2026.107.22:22:01/wx/-0.82,554.9,13.0,4.35,279,0.88
2026.107.22:23:01/wx/-0.97,554.9,13.1,4.37,282,0.86
2026.107.22:24:01/wx/-1.10,554.9,13.3,5.03,283,0.87
2026.107.22:25:01/wx/-1.10,554.9,13.4,4.32,279,0.89
2026.107.22:26:01/wx/-1.00,554.9,13.7,4.01,277,0.91
2026.107.22:27:01/wx/-0.90,554.9,14.4,3.70,253,0.91
2026.107.22:28:01/wx/-1.20,554.9,15.8,3.11,258,0.93
2026.107.22:29:01/wx/-1.20,554.9,16.9,4.40,251,0.92
2026.107.22:30:01/wx/-1.10,554.9,17.1,3.90,255,0.89
2026.107.22:31:01/wx/-1.00,554.9,17.1,3.44,258,0.90
2026.107.22:32:01/wx/-1.08,554.9,17.0,3.43,258,0.89
2026.107.22:33:01/wx/-1.10,554.9,17.2,3.70,269,0.90
2026.107.22:34:01/wx/-1.10,554.9,17.4,4.93,252,0.90
2026.107.22:35:01/wx/-1.25,554.8,17.4,3.71,255,0.91
2026.107.22:36:01/wx/-1.30,554.9,17.5,3.53,259,0.92
2026.107.22:37:01/wx/-1.43,554.8,17.6,3.12,262,0.92
2026.107.22:38:01/wx/-1.30,554.8,17.7,3.68,268,0.94
2026.107.22:39:01/wx/-1.50,554.8,18.0,4.00,259,0.94
2026.107.22:40:01/wx/-1.50,554.8,18.6,4.30,260,0.95
2026.107.22:41:01/wx/-1.70,554.8,18.9,4.34,251,0.96
2026.107.22:42:01/wx/-1.80,554.8,19.3,3.85,255,0.96
2026.107.22:43:01/wx/-1.80,554.8,19.8,4.00,255,0.91
2026.107.22:44:01/wx/-1.80,554.8,20.1,4.52,252,0.92
2026.107.22:45:01/wx/-1.80,554.9,20.4,3.80,253,0.93
2026.107.22:46:01/wx/-1.90,554.9,20.6,3.53,253,0.93
2026.107.22:47:01/wx/-1.80,554.9,20.7,3.62,252,0.93
2026.107.22:48:01/wx/-1.80,554.8,20.8,4.49,249,0.92
2026.107.22:49:01/wx/-1.80,554.9,20.8,4.64,250,0.93
2026.107.22:50:01/wx/-1.76,554.9,20.7,4.21,247,0.93
2026.107.22:51:01/wx/-2.40,554.9,20.7,3.93,253,0.92
2026.107.22:52:01/wx/-2.06,554.9,21.3,4.39,249,0.93
2026.107.22:53:01/wx/-2.00,554.9,21.0,4.81,246,0.94
2026.107.22:54:01/wx/-1.90,554.8,21.0,5.08,250,0.95
2026.107.22:55:01/wx/-1.80,554.9,20.9,4.95,249,0.95
2026.107.22:56:01/wx/-1.80,554.9,20.9,4.72,250,0.96
2026.107.22:57:01/wx/-1.70,554.8,21.0,4.75,251,0.94
2026.107.22:58:01/wx/-1.59,554.8,20.9,4.37,254,0.95
2026.107.22:59:01/wx/-1.62,554.8,20.9,3.85,254,0.92
2026.107.23:00:01/wx/-1.80,554.9,21.0,3.60,257,0.92
2026.107.23:01:01/wx/-1.80,554.9,21.0,3.63,253,0.92
2026.107.23:02:01/wx/-2.18,554.9,21.1,2.57,252,0.93
2026.107.23:03:01/wx/-3.08,554.9,21.4,3.03,251,0.94
2026.107.23:04:01/wx/-3.47,554.9,22.9,3.31,255,0.96
2026.107.23:05:01/wx/-3.29,554.9,23.2,3.22,248,0.98
2026.107.23:06:01/wx/-3.40,554.9,23.7,3.02,250,0.99
2026.107.23:07:01/wx/-3.50,554.9,23.9,4.13,241,1.00
2026.107.23:08:01/wx/-3.21,554.9,23.8,3.76,250,1.00
2026.107.23:09:01/wx/-3.30,554.9,23.8,3.02,248,1.01
2026.107.23:10:01/wx/-3.40,554.9,23.8,2.98,248,1.01
2026.107.23:11:01/wx/-3.30,555.0,23.8,3.21,243,1.01
2026.107.23:12:01/wx/-3.40,554.9,23.8,1.87,251,1.00
2026.107.23:13:01/wx/-3.30,554.9,23.6,2.06,258,1.00
2026.107.23:14:01/wx/-3.27,555.0,23.4,3.09,248,1.00
2026.107.23:15:01/wx/-3.00,554.9,23.0,3.35,241,0.99
2026.107.23:16:01/wx/-2.90,554.9,22.6,3.13,250,1.00
2026.107.23:17:01/wx/-3.10,554.9,22.6,3.23,240,1.00
2026.107.23:18:01/wx/-3.20,554.9,22.7,3.03,247,1.01
2026.107.23:19:01/wx/-3.30,554.9,22.9,3.37,244,0.99
2026.107.23:20:01/wx/-3.40,554.9,23.0,3.48,247,0.99
2026.107.23:21:01/wx/-3.50,554.9,23.3,2.71,248,0.98
2026.107.23:22:01/wx/-3.76,554.9,23.5,2.63,251,0.99
2026.107.23:23:01/wx/-3.70,554.9,23.9,2.60,251,1.01
2026.107.23:24:01/wx/-3.70,554.9,24.1,1.88,253,1.03
2026.107.23:25:01/wx/-3.80,554.9,24.4,2.23,254,1.04
2026.107.23:26:01/wx/-3.80,554.9,24.7,1.65,262,1.03
2026.107.23:27:01/wx/-3.74,554.9,24.9,2.36,256,1.02
2026.107.23:28:01/wx/-3.51,554.9,24.9,2.04,258,1.02
2026.107.23:29:01/wx/-3.40,554.9,24.8,2.36,249,1.02
2026.107.23:30:01/wx/-3.57,554.9,24.8,2.65,251,1.02
2026.107.23:31:01/wx/-3.51,554.9,25.0,2.68,243,1.01
2026.107.23:32:01/wx/-3.50,554.9,25.2,2.67,251,1.01
2026.107.23:33:01/wx/-3.30,554.9,25.3,2.62,242,1.01
2026.107.23:34:01/wx/-3.30,554.9,25.3,2.65,251,1.00
2026.107.23:35:01/wx/-3.20,554.9,25.4,2.66,247,1.00
2026.107.23:36:01/wx/-3.19,554.9,25.3,3.20,247,1.00
2026.107.23:37:01/wx/-3.30,554.9,25.2,2.60,248,1.00
2026.107.23:38:01/wx/-3.50,554.8,25.5,2.33,253,1.00
2026.107.23:39:01/wx/-3.63,554.9,25.8,1.97,257,1.00
2026.107.23:40:01/wx/-3.90,554.8,26.2,2.01,259,1.00
2026.107.23:41:01/wx/-3.80,554.8,26.7,1.56,265,1.00
2026.107.23:42:01/wx/-3.27,554.9,26.6,2.26,278,0.98
2026.107.23:43:01/wx/-2.90,554.8,25.9,2.03,271,0.97
2026.107.23:44:01/wx/-2.80,554.9,25.7,2.14,255,0.96
2026.107.23:45:01/wx/-2.99,554.8,25.9,2.20,257,0.95
2026.107.23:46:01/wx/-2.98,554.8,26.1,1.90,265,0.95
2026.107.23:47:01/wx/-2.90,554.8,26.1,1.53,263,0.96
2026.107.23:48:01/wx/-3.20,554.8,26.0,1.93,253,0.97
2026.107.23:49:01/wx/-3.30,554.8,26.2,1.59,256,0.97
2026.107.23:50:01/wx/-3.30,554.8,26.2,1.62,258,0.95
2026.107.23:51:01/wx/-3.22,554.8,26.2,1.36,276,0.94
2026.107.23:52:01/wx/-3.20,554.8,26.2,1.46,275,0.96
2026.107.23:53:01/wx/-3.20,554.8,26.3,1.62,282,0.92
2026.107.23:54:01/wx/-3.30,554.8,26.3,1.53,274,0.91
2026.107.23:55:01/wx/-3.59,554.8,26.4,1.72,248,0.94
2026.107.23:56:01/wx/-3.80,554.8,26.6,1.84,238,0.96
2026.107.23:57:01/wx/-3.73,554.8,26.7,1.71,236,0.99
2026.107.23:58:01/wx/-3.49,554.8,26.8,1.62,226,0.99
2026.107.23:59:01/wx/-3.09,554.8,26.5,1.58,222,0.95
2026.108.00:00:01/wx/-2.90,554.8,26.2,1.24,219,0.95
2026.108.00:01:01/wx/-2.88,554.8,26.0,1.70,215,0.93
2026.108.00:02:01/wx/-2.72,554.8,26.0,2.26,220,0.92
2026.108.00:03:01/wx/-2.60,554.8,25.6,2.51,226,0.92
2026.108.00:04:01/wx/-2.55,554.8,25.1,2.64,220,0.90
2026.108.00:05:01/wx/-2.50,554.8,24.7,2.24,222,0.90
2026.108.00:06:01/wx/-2.50,554.9,24.6,2.04,222,0.89
2026.108.00:07:01/wx/-2.50,554.9,24.5,1.85,225,0.90
2026.108.00:08:01/wx/-2.60,554.9,24.5,2.43,215,0.90
2026.108.00:09:01/wx/-2.56,554.9,24.4,1.96,229,0.90
2026.108.00:10:01/wx/-2.69,554.9,24.4,1.24,253,0.89
2026.108.00:11:01/wx/-3.00,554.9,25.0,1.40,239,0.87
2026.108.00:12:01/wx/-3.10,554.9,25.4,1.20,244,0.88
2026.108.00:13:01/wx/-3.20,554.9,25.6,0.42,254,0.89
2026.108.00:14:01/wx/-3.30,554.9,25.7,0.52,260,0.88
2026.108.00:15:01/wx/-3.30,554.9,25.8,0.49,107,0.86
2026.108.00:16:01/wx/-3.30,554.9,25.7,0.58,46,0.85
2026.108.00:17:01/wx/-3.20,554.9,25.6,0.97,9,0.84
2026.108.00:18:01/wx/-2.99,554.9,25.8,1.60,5,0.86
2026.108.00:19:01/wx/-2.90,554.9,25.5,1.99,7,0.83
2026.108.00:20:01/wx/-2.80,554.9,26.1,2.10,7,0.83
2026.108.00:21:01/wx/-2.50,554.8,26.7,2.26,8,0.84
2026.108.00:22:01/wx/-2.40,554.8,26.3,2.36,3,0.83
2026.108.00:23:01/wx/-2.49,554.8,25.9,2.61,3,0.83
2026.108.00:24:01/wx/-2.40,554.8,26.1,2.34,3,0.82
2026.108.00:25:01/wx/-2.30,554.8,26.8,2.30,9,0.82
2026.108.00:26:01/wx/-2.20,554.8,26.9,1.96,16,0.82
2026.108.00:27:01/wx/-2.30,554.8,26.8,2.19,20,0.82
2026.108.00:28:01/wx/-1.89,554.8,25.4,2.19,16,0.82
2026.108.00:29:01/wx/-1.63,554.8,23.6,1.93,18,0.82
2026.108.00:30:01/wx/-1.50,554.8,22.6,2.00,21,0.82
2026.108.00:31:01/wx/-1.40,554.8,22.1,1.86,22,0.82
2026.108.00:32:01/wx/-1.31,554.9,21.3,2.10,25,0.79
2026.108.00:33:01/wx/-1.40,554.8,22.0,2.01,17,0.79
2026.108.00:34:01/wx/-1.76,554.8,24.9,1.97,32,0.77
2026.108.00:35:01/wx/-2.20,554.8,26.3,2.10,25,0.77
2026.108.00:36:01/wx/-1.99,554.9,26.1,2.05,22,0.77
2026.108.00:37:01/wx/-1.80,554.8,24.7,1.92,17,0.76
2026.108.00:38:01/wx/-1.70,554.9,24.1,1.58,25,0.78
2026.108.00:39:01/wx/-1.60,554.9,23.7,1.42,28,0.77
2026.108.00:40:01/wx/-1.60,554.8,23.6,1.10,51,0.76
2026.108.00:41:01/wx/-1.60,554.9,23.6,0.70,63,0.76
2026.108.00:42:01/wx/-1.60,554.8,21.8,1.61,107,0.76
2026.108.00:43:01/wx/-1.60,554.9,18.1,1.18,108,0.76
2026.108.00:44:01/wx/-1.70,554.9,17.9,0.92,103,0.74
2026.108.00:45:01/wx/-1.80,554.9,17.8,1.10,95,0.74
2026.108.00:46:01/wx/-2.00,554.9,17.8,0.47,120,0.74
2026.108.00:47:01/wx/-2.10,554.9,17.9,0.51,242,0.74
2026.108.00:48:01/wx/-2.10,555.0,18.2,0.83,224,0.74
2026.108.00:49:01/wx/-2.10,554.9,17.9,0.64,198,0.74
2026.108.00:50:01/wx/-2.10,555.0,17.3,1.13,161,0.72
2026.108.00:51:01/wx/-2.05,555.0,17.2,1.11,121,0.72
2026.108.00:52:01/wx/-2.10,554.9,17.3,1.31,92,0.72
2026.108.00:53:01/wx/-2.20,555.0,17.7,1.14,80,0.71
2026.108.00:54:01/wx/-2.20,555.0,17.2,1.33,85,0.71
2026.108.00:55:01/wx/-2.00,555.0,16.7,1.41,81,0.71
2026.108.00:56:01/wx/-2.10,555.0,17.1,1.36,72,0.71
2026.108.00:57:01/wx/-2.10,555.0,17.3,1.31,60,0.71
2026.108.00:58:01/wx/-2.00,555.0,16.7,1.68,31,0.70
2026.108.00:59:01/wx/-1.90,555.0,16.3,1.50,27,0.70
2026.108.01:00:01/wx/-1.39,555.0,14.3,1.60,19,0.71
2026.108.01:01:01/wx/-0.75,555.0,12.0,1.78,22,0.70
2026.108.01:02:01/wx/-0.21,555.0,10.4,1.90,12,0.70
2026.108.01:03:01/wx/0.33,555.0,9.2,1.52,357,0.71
2026.108.01:04:01/wx/0.58,555.0,8.6,1.34,347,0.70
2026.108.01:05:01/wx/0.70,555.0,8.4,1.55,340,0.70
2026.108.01:06:01/wx/0.91,555.1,7.8,1.69,332,0.71
2026.108.01:07:01/wx/0.90,555.1,7.6,1.63,302,0.71
2026.108.01:08:01/wx/1.00,555.1,7.4,1.77,321,0.72
2026.108.01:09:01/wx/1.30,555.0,6.7,1.95,325,0.71
2026.108.01:10:01/wx/1.40,555.1,6.6,1.73,303,0.71
2026.108.01:11:01/wx/1.30,555.1,6.7,1.65,312,0.70
2026.108.01:12:01/wx/1.50,555.1,6.3,1.93,305,0.70
2026.108.01:13:01/wx/1.63,555.1,5.8,1.77,294,0.70
2026.108.01:14:01/wx/1.70,555.1,5.7,1.54,306,0.71
2026.108.01:15:01/wx/1.60,555.1,5.9,2.11,277,0.70
2026.108.01:16:01/wx/1.67,555.1,5.6,2.38,290,0.70
2026.108.01:17:01/wx/1.50,555.1,5.8,2.23,278,0.70
2026.108.01:18:01/wx/1.40,555.1,5.6,2.06,261,0.70
2026.108.01:19:01/wx/0.91,555.1,5.7,2.10,254,0.70
2026.108.01:20:01/wx/0.59,555.1,5.8,2.01,233,0.71
2026.108.01:21:01/wx/0.30,555.1,6.0,2.18,251,0.72
2026.108.01:22:01/wx/0.30,555.2,6.0,1.43,252,0.71
2026.108.01:23:01/wx/0.10,555.2,6.1,1.57,238,0.72
2026.108.01:24:01/wx/0.00,555.2,6.2,1.85,254,0.72
2026.108.01:25:01/wx/-0.02,555.2,6.3,1.18,255,0.72
2026.108.01:26:01/wx/-0.20,555.2,6.4,1.65,255,0.72
2026.108.01:27:01/wx/-0.10,555.2,6.3,1.41,262,0.72
2026.108.01:28:01/wx/-0.10,555.2,6.4,1.77,253,0.72
2026.108.01:29:01/wx/-0.19,555.2,6.4,1.24,262,0.72
2026.108.01:30:01/wx/-0.20,555.2,6.4,1.70,259,0.72
2026.108.01:31:01/wx/-0.34,555.2,6.6,1.77,257,0.73
2026.108.01:32:01/wx/-0.40,555.2,6.7,1.23,255,0.72
2026.108.01:33:01/wx/-0.40,555.2,6.8,2.31,249,0.72
2026.108.01:34:01/wx/-0.30,555.2,6.8,2.34,247,0.72
2026.108.01:35:01/wx/-0.40,555.2,6.9,2.19,244,0.72
2026.108.01:36:01/wx/-0.40,555.2,7.0,2.13,249,0.73
2026.108.01:37:01/wx/-0.40,555.2,7.0,1.70,252,0.73
2026.108.01:38:01/wx/-0.50,555.2,7.2,1.90,256,0.73
2026.108.01:39:01/wx/-0.60,555.2,7.3,1.83,253,0.73
2026.108.01:40:01/wx/-0.70,555.1,7.4,1.64,262,0.73
2026.108.01:41:01/wx/-0.72,555.2,7.5,2.28,248,0.73
2026.108.01:42:01/wx/-0.70,555.1,7.5,2.20,239,0.72
2026.108.01:43:01/wx/-0.60,555.2,7.4,1.86,247,0.72
2026.108.01:44:01/wx/-0.70,555.2,7.5,1.23,252,0.72
2026.108.01:45:01/wx/-0.70,555.2,7.5,1.46,251,0.72
2026.108.01:46:01/wx/-0.70,555.2,7.5,1.44,244,0.73
2026.108.01:47:01/wx/-0.69,555.2,7.5,1.22,245,0.73
2026.108.01:48:01/wx/-0.60,555.2,7.5,1.11,245,0.74
2026.108.01:49:01/wx/-0.60,555.2,7.5,1.04,247,0.74
2026.108.01:50:01/wx/-0.60,555.2,7.5,1.00,236,0.73
2026.108.01:51:01/wx/-0.52,555.2,7.5,1.00,239,0.74
2026.108.01:52:01/wx/-0.40,555.3,7.5,1.33,230,0.74
2026.108.01:53:01/wx/-0.20,555.3,7.3,1.26,227,0.73
2026.108.01:54:01/wx/-0.10,555.2,7.2,1.32,234,0.73
2026.108.01:55:01/wx/0.03,555.2,7.2,1.40,237,0.72
2026.108.01:56:01/wx/0.10,555.3,7.2,1.52,239,0.73
2026.108.01:57:01/wx/0.00,555.3,7.2,1.32,239,0.74
2026.108.01:58:01/wx/0.00,555.3,7.2,1.22,236,0.74
2026.108.01:59:01/wx/0.00,555.2,7.3,1.12,232,0.72
2026.108.02:00:01/wx/0.00,555.3,7.3,1.02,222,0.72
2026.108.02:01:01/wx/-0.10,555.3,7.3,0.71,237,0.73
2026.108.02:02:01/wx/-0.30,555.3,7.4,0.51,230,0.72
2026.108.02:03:01/wx/-0.50,555.3,7.5,0.29,205,0.72
2026.108.02:04:01/wx/-0.80,555.3,7.7,0.50,21,0.71
2026.108.02:05:01/wx/-0.80,555.3,7.7,0.69,47,0.72
2026.108.02:06:01/wx/-0.70,555.3,7.7,0.63,35,0.72
2026.108.02:07:01/wx/-0.60,555.3,7.7,0.42,20,0.72
2026.108.02:08:01/wx/-0.60,555.3,7.6,0.72,12,0.71
2026.108.02:09:01/wx/-0.50,555.3,7.5,0.60,58,0.72
2026.108.02:10:01/wx/-0.50,555.3,7.5,0.46,66,0.72
2026.108.02:11:01/wx/-0.60,555.3,7.7,0.50,141,0.72
2026.108.02:12:01/wx/-0.60,555.3,7.8,0.37,207,0.72
2026.108.02:13:01/wx/-0.70,555.3,7.9,0.51,328,0.71
2026.108.02:14:01/wx/-0.60,555.3,7.8,0.50,44,0.70
2026.108.02:15:01/wx/-0.50,555.3,7.6,0.90,166,0.70
2026.108.02:16:01/wx/-0.59,555.3,7.7,0.22,266,0.70
2026.108.02:17:01/wx/-0.60,555.3,7.8,0.20,183,0.71
2026.108.02:18:01/wx/-0.67,555.3,7.8,0.20,170,0.72
2026.108.02:19:01/wx/-0.70,555.3,7.9,0.43,273,0.72
2026.108.02:20:01/wx/-0.70,555.3,7.8,0.58,212,0.71
2026.108.02:21:01/wx/-0.80,555.3,7.9,0.62,221,0.71
2026.108.02:22:01/wx/-0.90,555.3,8.1,0.29,282,0.71
2026.108.02:23:01/wx/-1.00,555.2,8.0,0.43,280,0.71
2026.108.02:24:01/wx/-1.11,555.2,8.1,0.32,98,0.70
2026.108.02:25:01/wx/-1.30,555.3,8.2,0.45,1,0.69
2026.108.02:26:01/wx/-1.20,555.2,8.3,0.53,333,0.68
2026.108.02:27:01/wx/-1.20,555.2,8.4,0.57,301,0.68
2026.108.02:28:01/wx/-1.20,555.2,8.3,0.61,80,0.68
2026.108.02:29:01/wx/-1.10,555.2,8.3,0.69,14,0.68
2026.108.02:30:01/wx/-0.90,555.2,8.2,0.54,10,0.68
2026.108.02:31:01/wx/-0.80,555.2,8.1,0.92,23,0.68
2026.108.02:32:01/wx/-0.60,555.2,8.0,1.14,15,0.68
2026.108.02:33:01/wx/-0.50,555.2,7.8,1.33,15,0.67
2026.108.02:34:01/wx/-0.30,555.2,7.6,1.60,13,0.67
2026.108.02:35:01/wx/-0.14,555.2,7.6,1.65,10,0.68
2026.108.02:36:01/wx/-0.10,555.2,7.5,1.50,12,0.68
2026.108.02:37:01/wx/0.00,555.2,7.5,1.34,16,0.68
2026.108.02:38:01/wx/0.10,555.2,7.4,1.41,26,0.67
2026.108.02:39:01/wx/0.10,555.2,7.4,1.33,12,0.69
2026.108.02:40:01/wx/0.16,555.2,7.4,0.99,31,0.69
2026.108.02:41:01/wx/0.00,555.2,7.5,1.10,28,0.68
2026.108.02:42:01/wx/-0.20,555.2,7.7,0.93,31,0.68
2026.108.02:43:01/wx/-0.57,555.2,8.0,0.84,86,0.68
2026.108.02:44:01/wx/-0.80,555.2,8.2,0.34,83,0.67
2026.108.02:45:01/wx/-0.90,555.2,8.2,0.86,180,0.67
2026.108.02:46:01/wx/-0.70,555.2,8.1,0.82,188,0.68
2026.108.02:47:01/wx/-0.57,555.2,8.0,0.59,148,0.68
2026.108.02:48:01/wx/-0.50,555.2,8.0,0.21,64,0.68
2026.108.02:49:01/wx/-0.60,555.2,8.1,0.23,147,0.68
2026.108.02:50:01/wx/-0.60,555.2,8.2,0.38,178,0.67
2026.108.02:51:01/wx/-0.60,555.2,8.2,0.52,207,0.67
2026.108.02:52:01/wx/-0.70,555.2,8.2,0.74,194,0.66
2026.108.02:53:01/wx/-0.60,555.2,8.2,0.60,214,0.66
2026.108.02:54:01/wx/-0.60,555.2,8.4,0.43,197,0.66
2026.108.02:55:01/wx/-0.67,555.2,8.3,0.28,199,0.66
2026.108.02:56:01/wx/-0.80,555.2,8.4,0.33,249,0.66
2026.108.02:57:01/wx/-0.80,555.2,8.2,0.58,253,0.66
2026.108.02:58:01/wx/-0.90,555.2,8.4,0.12,293,0.66
2026.108.02:59:01/wx/-1.02,555.2,8.5,0.11,297,0.67
2026.108.03:00:01/wx/-1.10,555.1,8.5,0.39,194,0.67
2026.108.03:01:01/wx/-1.20,555.1,8.7,0.41,249,0.67
2026.108.03:02:01/wx/-1.20,555.2,8.5,0.48,246,0.68
2026.108.03:03:01/wx/-1.21,555.2,8.5,1.48,225,0.68
2026.108.03:04:01/wx/-0.90,555.2,8.7,1.16,185,0.68
2026.108.03:05:01/wx/-0.80,555.1,8.7,0.77,151,0.68
2026.108.03:06:01/wx/-0.90,555.1,8.9,0.82,208,0.67
2026.108.03:07:01/wx/-0.90,555.1,8.9,0.42,137,0.68
2026.108.03:08:01/wx/-1.00,555.1,8.8,0.53,350,0.67
2026.108.03:09:01/wx/-1.00,555.2,8.9,0.81,230,0.67
2026.108.03:10:01/wx/-1.17,555.1,8.9,0.30,93,0.67
2026.108.03:11:01/wx/-1.30,555.1,8.9,0.62,55,0.68
2026.108.03:12:01/wx/-1.10,555.1,8.9,0.97,58,0.67
2026.108.03:13:01/wx/-1.00,555.1,8.8,0.71,48,0.68
2026.108.03:14:01/wx/-1.00,555.1,8.9,1.00,94,0.68
2026.108.03:15:01/wx/-1.00,555.1,8.7,0.72,75,0.67
2026.108.03:16:01/wx/-1.00,555.2,8.8,0.92,83,0.67
2026.108.03:17:01/wx/-1.00,555.2,8.7,0.39,148,0.67
2026.108.03:18:01/wx/-1.19,555.1,8.6,0.41,44,0.66
2026.108.03:19:01/wx/-1.40,555.1,8.7,0.44,55,0.67
2026.108.03:20:01/wx/-1.20,555.1,8.7,0.70,27,0.67
2026.108.03:21:01/wx/-1.30,555.2,8.7,0.44,257,0.67
2026.108.03:22:01/wx/-1.30,555.1,8.8,0.76,205,0.67
2026.108.03:23:01/wx/-1.30,555.1,8.8,0.33,181,0.68
2026.108.03:24:01/wx/-1.27,555.2,8.8,0.32,199,0.67
2026.108.03:25:01/wx/-1.30,555.2,8.8,0.34,210,0.67
2026.108.03:26:01/wx/-1.41,555.2,8.9,0.30,159,0.67
2026.108.03:27:01/wx/-1.50,555.2,8.9,0.37,195,0.67
2026.108.03:28:01/wx/-1.40,555.1,8.9,0.92,197,0.68
2026.108.03:29:01/wx/-1.40,555.2,8.9,0.76,196,0.69
2026.108.03:30:01/wx/-1.32,555.2,8.9,0.65,198,0.69
2026.108.03:31:01/wx/-1.30,555.2,8.9,0.59,165,0.69
2026.108.03:32:01/wx/-1.24,555.2,8.8,0.63,186,0.69
2026.108.03:33:01/wx/-1.20,555.2,8.8,1.02,198,0.69
2026.108.03:34:01/wx/-1.20,555.2,8.7,0.93,200,0.69
2026.108.03:35:01/wx/-1.20,555.2,8.7,1.23,209,0.69
2026.108.03:36:01/wx/-1.10,555.1,8.7,1.51,206,0.69
2026.108.03:37:01/wx/-1.03,555.1,8.7,1.49,210,0.69
2026.108.03:38:01/wx/-1.00,555.1,8.6,0.92,217,0.69
2026.108.03:39:01/wx/-1.00,555.1,8.7,0.93,215,0.69
2026.108.03:40:01/wx/-1.10,555.1,8.7,1.25,212,0.69
2026.108.03:41:01/wx/-1.10,555.1,8.7,1.15,211,0.69
2026.108.03:42:01/wx/-1.10,555.1,8.6,1.09,210,0.69
2026.108.03:43:01/wx/-1.10,555.1,8.6,1.02,218,0.69
2026.108.03:44:01/wx/-1.10,555.1,8.6,1.22,216,0.69
2026.108.03:45:01/wx/-1.30,555.1,8.8,1.14,219,0.68
2026.108.03:46:01/wx/-1.20,555.1,8.8,1.15,227,0.68
2026.108.03:47:01/wx/-1.10,555.1,8.7,1.32,233,0.69
2026.108.03:48:01/wx/-1.10,555.1,8.6,0.92,241,0.69
2026.108.03:49:01/wx/-1.30,555.1,8.7,0.73,263,0.69
2026.108.03:50:01/wx/-1.50,555.1,9.0,0.34,314,0.68
2026.108.03:51:01/wx/-1.70,555.1,9.1,0.41,301,0.69
2026.108.03:52:01/wx/-1.80,555.1,9.1,0.74,352,0.75
2026.108.03:53:01/wx/-1.80,555.1,9.1,0.84,329,0.69
2026.108.03:54:01/wx/-1.70,555.1,9.0,1.23,355,0.70
2026.108.03:55:01/wx/-1.60,555.1,8.9,1.02,9,0.70
2026.108.03:56:01/wx/-1.50,555.1,8.9,0.87,350,0.71
2026.108.03:57:01/wx/-1.40,555.1,8.9,0.48,279,0.71
2026.108.03:58:01/wx/-1.40,555.1,8.9,0.83,310,0.71
2026.108.03:59:01/wx/-1.40,555.1,8.9,0.79,291,0.70
2026.108.04:00:01/wx/-1.30,555.1,8.8,0.73,289,0.71
2026.108.04:01:01/wx/-1.30,555.1,8.8,0.77,289,0.71
2026.108.04:02:01/wx/-1.38,555.1,8.8,0.73,283,0.72
2026.108.04:03:01/wx/-1.40,555.1,8.8,0.64,307,0.73
2026.108.04:04:01/wx/-1.40,555.1,8.8,0.83,322,0.74
2026.108.04:05:01/wx/-1.50,555.1,8.9,0.83,342,0.73
2026.108.04:06:01/wx/-1.50,555.1,8.9,1.01,2,0.73
2026.108.04:07:01/wx/-1.50,555.1,8.9,1.09,12,0.73
2026.108.04:08:01/wx/-1.40,555.1,8.8,0.90,21,0.74
2026.108.04:09:01/wx/-1.40,555.1,8.8,0.95,17,0.74
2026.108.04:10:01/wx/-1.30,555.1,8.7,0.89,30,0.74
2026.108.04:11:01/wx/-1.27,555.1,8.7,0.94,28,0.74
2026.108.04:12:01/wx/-1.20,555.1,8.7,1.03,18,0.74
2026.108.04:13:01/wx/-1.20,555.0,8.7,1.00,18,0.74
2026.108.04:14:01/wx/-1.20,555.0,8.6,0.95,11,0.74
2026.108.04:15:01/wx/-1.10,555.1,8.6,1.01,14,0.73
2026.108.04:16:01/wx/-1.10,555.0,8.5,1.00,10,0.73
2026.108.04:17:01/wx/-1.10,555.0,8.5,0.79,10,0.73
2026.108.04:18:01/wx/-1.10,555.0,8.6,0.69,29,0.74
2026.108.04:19:01/wx/-1.15,555.0,8.6,0.60,41,0.74
2026.108.04:20:01/wx/-1.10,555.0,8.6,0.80,31,0.74
2026.108.04:21:01/wx/-1.10,555.0,8.5,0.91,25,0.73
2026.108.04:22:01/wx/-1.10,555.0,8.5,0.82,24,0.74
2026.108.04:23:01/wx/-1.10,554.9,8.5,0.49,7,0.74
2026.108.04:24:01/wx/-1.10,554.9,8.6,0.63,-37,0.74
2026.108.04:25:01/wx/-1.20,554.9,8.6,0.64,346,0.74
2026.108.04:26:01/wx/-1.30,554.9,8.5,0.53,324,0.75
2026.108.04:27:01/wx/-1.30,554.9,8.5,0.63,294,0.77
2026.108.04:28:01/wx/-1.30,554.9,8.6,0.63,281,0.78
2026.108.04:29:01/wx/-1.30,554.8,8.6,0.92,281,0.78
2026.108.04:30:01/wx/-1.20,554.8,8.4,0.82,270,0.80
2026.108.04:31:01/wx/-1.10,554.9,8.4,0.95,262,0.81
2026.108.04:32:01/wx/-1.10,554.8,8.3,0.83,285,0.82
2026.108.04:33:01/wx/-1.00,554.9,8.2,0.73,336,0.81
2026.108.04:34:01/wx/-0.90,554.8,7.8,0.70,5,0.80
2026.108.04:35:01/wx/-0.70,554.8,7.2,0.91,30,0.80
2026.108.04:36:01/wx/-0.64,554.8,7.3,1.26,55,0.77
2026.108.04:37:01/wx/-0.60,554.9,7.2,1.98,77,0.79
2026.108.04:38:01/wx/-0.64,554.9,7.2,2.13,89,0.79
2026.108.04:39:01/wx/-0.90,554.9,6.9,2.10,107,0.80
2026.108.04:40:01/wx/-1.10,554.8,6.5,1.73,109,0.82
2026.108.04:41:01/wx/-0.85,554.9,5.8,1.60,115,0.83
2026.108.04:42:01/wx/-0.60,554.9,5.4,2.20,102,0.84
2026.108.04:43:01/wx/-0.70,554.8,5.4,2.70,99,0.85
2026.108.04:44:01/wx/-0.60,554.8,5.0,2.75,94,0.85
2026.108.04:45:01/wx/-0.40,554.8,4.9,2.40,97,0.84
2026.108.04:46:01/wx/-0.40,554.8,4.8,2.61,104,0.83
2026.108.04:47:01/wx/-0.50,554.8,5.0,2.61,96,0.84
2026.108.04:48:01/wx/-0.37,554.8,4.9,2.75,97,0.85
2026.108.04:49:01/wx/-0.30,554.8,4.8,2.72,98,0.87
2026.108.04:50:01/wx/-0.31,554.8,4.7,3.02,108,0.86
2026.108.04:51:01/wx/-0.50,554.8,5.0,2.96,101,0.88
2026.108.04:52:01/wx/-0.70,554.8,5.2,2.71,103,0.91
2026.108.04:53:01/wx/-0.60,554.8,5.4,2.56,106,0.91
2026.108.04:54:01/wx/-0.70,554.8,5.6,2.74,100,0.90
2026.108.04:55:01/wx/-0.80,554.8,5.8,2.74,103,0.92
2026.108.04:56:01/wx/-0.97,554.8,6.1,2.82,105,0.93
2026.108.04:57:01/wx/-1.00,554.8,6.2,2.51,107,0.92
2026.108.04:58:01/wx/-1.10,554.8,6.3,2.76,100,0.95
2026.108.04:59:01/wx/-1.10,554.8,6.4,2.40,105,0.94
2026.108.05:00:01/wx/-1.20,554.8,6.5,2.38,107,0.94
2026.108.05:01:01/wx/-1.27,554.7,6.6,2.68,100,0.93
2026.108.05:02:01/wx/-1.20,554.7,6.3,2.51,104,0.94
2026.108.05:03:01/wx/-1.10,554.7,6.1,2.73,98,0.95
2026.108.05:04:01/wx/-1.09,554.7,6.0,2.65,101,0.95
2026.108.05:05:01/wx/-1.10,554.7,6.4,2.47,105,0.95
2026.108.05:06:01/wx/-1.10,554.7,6.6,2.51,100,0.96
2026.108.05:07:01/wx/-1.10,554.7,6.6,2.51,97,0.96
2026.108.05:08:01/wx/-1.10,554.7,6.7,2.47,97,0.96
2026.108.05:09:01/wx/-1.20,554.7,6.8,2.42,98,0.96
2026.108.05:10:01/wx/-1.00,554.6,6.6,2.21,92,0.96
2026.108.05:11:01/wx/-0.83,554.7,5.5,2.01,95,0.97
2026.108.05:12:01/wx/-0.70,554.6,4.7,2.11,98,1.00
2026.108.05:13:01/wx/-0.60,554.6,4.6,1.98,104,0.98
2026.108.05:14:01/wx/-0.50,554.6,5.2,2.01,102,0.98
2026.108.05:15:01/wx/-0.60,554.6,5.8,2.16,101,0.99
2026.108.05:16:01/wx/-0.60,554.6,5.4,2.58,96,1.01
2026.108.05:17:01/wx/-0.70,554.6,5.7,2.72,98,1.00
2026.108.05:18:01/wx/-0.70,554.6,6.2,2.35,100,1.02
2026.108.05:19:01/wx/-0.80,554.6,6.5,2.22,101,1.01
2026.108.05:20:01/wx/-0.80,554.6,6.5,2.31,93,1.03
2026.108.05:21:01/wx/-0.80,554.6,5.6,2.11,97,1.06
2026.108.05:22:01/wx/-0.70,554.6,5.8,2.30,92,1.07
2026.108.05:23:01/wx/-0.60,554.6,5.4,2.16,93,1.06
2026.108.05:24:01/wx/-0.50,554.6,5.1,2.11,93,1.04
2026.108.05:25:01/wx/-0.37,554.6,4.9,2.09,94,1.03
2026.108.05:26:01/wx/-0.20,554.6,4.3,1.90,93,1.05
2026.108.05:27:01/wx/0.11,554.6,3.9,2.01,81,1.06
2026.108.05:28:01/wx/0.55,554.6,3.6,2.01,78,1.08
2026.108.05:29:01/wx/0.70,554.6,3.5,1.81,76,1.08
2026.108.05:30:01/wx/0.80,554.6,3.6,2.07,79,1.11
2026.108.05:31:01/wx/1.00,554.6,3.4,1.81,87,1.09
2026.108.05:32:01/wx/1.00,554.6,3.3,1.71,86,1.07
2026.108.05:33:01/wx/0.85,554.6,3.4,1.28,76,1.06
2026.108.05:34:01/wx/0.00,554.6,4.4,1.10,345,1.06
2026.108.05:35:01/wx/-0.34,554.6,4.7,0.21,158,1.07
2026.108.05:36:01/wx/-0.60,554.6,4.9,0.65,10,1.08
2026.108.05:37:01/wx/-0.69,554.6,4.8,0.94,309,1.09
2026.108.05:38:01/wx/-0.54,554.6,4.5,0.48,20,1.10
2026.108.05:39:01/wx/-0.50,554.5,4.3,1.00,0,1.09
2026.108.05:40:01/wx/-0.30,554.5,4.2,0.90,28,1.12
2026.108.05:41:01/wx/-0.10,554.5,4.0,1.02,41,1.14
2026.108.05:42:01/wx/0.11,554.5,3.9,0.82,27,1.15
2026.108.05:43:01/wx/0.37,554.6,3.8,0.80,13,1.16
2026.108.05:44:01/wx/0.50,554.5,3.7,0.80,60,1.16
2026.108.05:45:01/wx/0.60,554.5,3.6,0.93,35,1.15
2026.108.05:46:01/wx/0.60,554.6,3.6,0.81,31,1.14
2026.108.05:47:01/wx/0.70,554.5,3.6,1.24,61,1.12
2026.108.05:48:01/wx/0.70,554.6,3.6,1.10,52,1.14
2026.108.05:49:01/wx/0.70,554.6,3.7,0.91,97,1.18
2026.108.05:50:01/wx/0.60,554.5,3.8,1.05,70,1.20
2026.108.05:51:01/wx/0.32,554.5,4.0,0.64,59,1.20
2026.108.05:52:01/wx/0.07,554.5,4.2,0.71,92,1.22
2026.108.05:53:01/wx/-0.10,554.5,4.4,0.64,64,1.23
2026.108.05:54:01/wx/-0.30,554.5,4.5,1.21,77,1.23
2026.108.05:55:01/wx/-0.40,554.5,4.8,1.02,83,1.22
2026.108.05:56:01/wx/-0.50,554.5,5.2,1.28,88,1.25
2026.108.05:57:01/wx/-0.57,554.6,5.5,1.15,78,1.29
2026.108.05:58:01/wx/-0.57,554.5,5.7,1.44,87,1.29
2026.108.05:59:01/wx/-0.60,554.5,5.8,1.22,94,1.28
2026.108.06:00:01/wx/-0.70,554.5,5.8,1.02,70,1.29
2026.108.06:01:01/wx/-0.80,554.5,5.9,1.11,78,1.29
2026.108.06:02:01/wx/-0.90,554.5,6.0,1.41,85,1.28
2026.108.06:03:01/wx/-1.10,554.5,6.2,1.44,93,1.30
2026.108.06:04:01/wx/-1.30,554.5,6.4,1.71,82,1.28
2026.108.06:05:01/wx/-1.55,554.5,6.7,1.11,51,1.29
2026.108.06:06:01/wx/-1.60,554.5,6.8,1.21,73,1.30
2026.108.06:07:01/wx/-1.80,554.5,7.0,1.99,85,1.31
2026.108.06:08:01/wx/-1.80,554.4,7.2,2.18,96,1.32
2026.108.06:09:01/wx/-1.90,554.5,7.3,1.50,85,1.32
2026.108.06:10:01/wx/-1.90,554.4,7.3,1.52,83,1.34
2026.108.06:11:01/wx/-1.90,554.4,7.4,1.61,86,1.34
2026.108.06:12:01/wx/-1.97,554.4,7.4,1.46,89,1.62
2026.108.06:13:01/wx/-1.90,554.4,7.4,1.19,59,1.34
2026.108.06:14:01/wx/-1.90,554.4,7.3,1.11,53,1.35
2026.108.06:15:01/wx/-1.80,554.4,7.2,1.66,79,1.33
2026.108.06:16:01/wx/-1.80,554.4,7.1,0.91,69,1.33
2026.108.06:17:01/wx/-1.80,554.3,7.1,1.10,40,1.32
2026.108.06:18:01/wx/-1.73,554.3,7.0,1.43,46,1.33
2026.108.06:19:01/wx/-1.50,554.3,6.8,0.99,50,1.32
2026.108.06:20:01/wx/-1.34,554.3,6.3,1.30,34,1.33
2026.108.06:21:01/wx/-1.20,554.3,6.3,1.40,43,1.31
2026.108.06:22:01/wx/-0.90,554.3,6.0,1.98,51,1.31
2026.108.06:23:01/wx/-0.80,554.2,6.1,1.77,56,1.29
2026.108.06:24:01/wx/-0.91,554.2,6.6,2.00,52,1.29
2026.108.06:25:01/wx/-0.80,554.2,6.7,1.76,62,1.30
2026.108.06:26:01/wx/-1.00,554.2,6.5,1.91,76,1.29
2026.108.06:27:01/wx/-0.83,554.2,6.0,2.07,75,1.29
2026.108.06:28:01/wx/-0.91,554.1,5.7,1.73,69,1.28
2026.108.06:29:01/wx/-0.90,554.1,5.5,2.22,80,1.30
2026.108.06:30:01/wx/-1.10,554.1,5.5,2.51,99,1.30
2026.108.06:31:01/wx/-0.90,554.1,5.2,2.21,90,1.31
2026.108.06:32:01/wx/-0.70,554.1,4.9,2.23,81,1.28
2026.108.06:33:01/wx/-0.80,554.1,5.0,2.82,67,1.28
2026.108.06:34:01/wx/-1.10,554.1,5.3,3.24,65,1.28
2026.108.06:35:01/wx/-1.10,554.1,5.7,3.62,64,1.27
2026.108.06:36:01/wx/-1.10,554.0,6.0,3.91,60,1.25
2026.108.06:37:01/wx/-0.41,554.1,5.7,3.97,64,1.25
2026.108.06:38:01/wx/0.75,554.1,5.1,3.97,60,1.29
2026.108.06:39:01/wx/0.83,554.0,5.0,3.90,59,1.27
2026.108.06:40:01/wx/1.16,554.0,4.6,3.81,76,1.28
2026.108.06:41:01/wx/1.20,554.0,4.6,3.59,64,1.29
2026.108.06:42:01/wx/1.24,554.0,4.8,3.91,66,1.29
2026.108.06:43:01/wx/1.60,554.0,5.0,4.01,45,1.30
2026.108.06:44:01/wx/1.80,554.0,5.0,3.93,67,1.27
2026.108.06:45:01/wx/1.57,554.0,5.2,4.13,64,1.29
2026.108.06:46:01/wx/1.30,553.9,5.7,4.51,59,1.29
2026.108.06:47:01/wx/1.70,553.9,5.6,4.51,84,1.29
2026.108.06:48:01/wx/1.80,553.9,5.5,4.06,69,1.28
2026.108.06:49:01/wx/1.57,553.9,5.8,4.79,65,1.28
2026.108.06:50:01/wx/1.80,553.9,5.9,4.51,62,1.28
2026.108.06:51:01/wx/1.90,553.9,6.2,3.93,69,1.26
2026.108.06:52:01/wx/1.91,553.9,6.2,4.59,64,1.28
2026.108.06:53:01/wx/1.40,553.9,6.5,4.62,72,1.28
2026.108.06:54:01/wx/1.53,553.9,6.7,4.45,67,1.27
2026.108.06:55:01/wx/1.67,553.9,6.7,5.18,57,1.31
2026.108.06:56:01/wx/2.00,553.9,6.6,4.70,72,1.30
2026.108.06:57:01/wx/2.05,553.9,6.5,5.28,60,1.30
2026.108.06:58:01/wx/1.90,553.9,6.7,5.14,70,1.35
2026.108.06:59:01/wx/2.00,553.8,6.6,5.14,69,1.36
2026.108.07:00:01/wx/1.60,553.8,6.8,3.98,74,1.35
2026.108.07:01:01/wx/1.89,553.8,6.3,5.50,71,1.33
2026.108.07:02:01/wx/1.64,553.8,6.4,5.35,71,1.34
2026.108.07:03:01/wx/1.90,553.8,6.0,4.22,68,1.35
2026.108.07:04:01/wx/1.60,553.8,6.2,5.63,64,1.35
2026.108.07:05:01/wx/1.79,553.8,6.2,5.62,65,1.34
2026.108.07:06:01/wx/1.90,553.7,6.1,5.99,66,1.33
2026.108.07:07:01/wx/1.60,553.7,6.4,4.65,68,1.34
2026.108.07:08:01/wx/1.70,553.7,6.5,5.91,69,1.35
2026.108.07:09:01/wx/1.65,553.7,6.5,5.63,77,1.33
2026.108.07:10:01/wx/1.70,553.7,6.9,6.12,62,1.32
2026.108.07:11:01/wx/1.70,553.7,6.9,5.75,72,1.32
2026.108.07:12:01/wx/1.76,553.7,7.4,5.78,70,1.31
2026.108.07:13:01/wx/1.80,553.6,7.7,4.81,74,1.35
2026.108.07:14:01/wx/1.80,553.6,7.8,5.95,70,1.37
2026.108.07:15:01/wx/1.70,553.6,7.8,5.87,64,1.35
2026.108.07:16:01/wx/1.69,553.6,8.3,6.72,64,1.35
2026.108.07:17:01/wx/1.50,553.6,9.4,5.84,65,1.34
2026.108.07:18:01/wx/1.10,553.6,9.8,5.71,67,1.37
2026.108.07:19:01/wx/1.26,553.6,9.9,6.43,67,1.38
2026.108.07:20:01/wx/1.30,553.6,9.6,6.95,64,1.37
2026.108.07:21:01/wx/1.30,553.6,9.9,6.69,72,1.35
2026.108.07:22:01/wx/1.14,553.6,10.0,6.40,65,1.36
2026.108.07:23:01/wx/1.10,553.6,10.2,7.11,60,1.36
2026.108.07:24:01/wx/1.25,553.6,10.1,6.94,63,1.34
2026.108.07:25:01/wx/0.79,553.6,10.6,6.91,60,1.33
2026.108.07:26:01/wx/1.11,553.6,10.8,6.93,59,1.33
2026.108.07:27:01/wx/0.90,553.6,11.0,6.88,60,1.30
2026.108.07:28:01/wx/1.40,553.6,10.8,7.01,58,1.29
2026.108.07:29:01/wx/1.60,553.6,10.6,7.10,59,1.28
2026.108.07:30:01/wx/1.60,553.6,10.7,7.20,60,1.29
2026.108.07:31:01/wx/1.52,553.6,10.9,7.34,59,1.28
2026.108.07:32:01/wx/1.40,553.6,11.0,7.37,61,1.30
2026.108.07:33:01/wx/1.20,553.6,11.2,7.50,62,1.29
2026.108.07:34:01/wx/1.00,553.5,11.3,7.55,62,1.28
2026.108.07:35:01/wx/1.10,553.6,11.3,7.59,64,1.29
2026.108.07:36:01/wx/1.27,553.5,11.2,7.25,64,1.30
2026.108.07:37:01/wx/1.12,553.5,11.2,7.48,62,1.32
2026.108.07:38:01/wx/0.90,553.5,11.4,7.01,63,1.33
2026.108.07:39:01/wx/1.06,553.5,11.4,7.32,61,1.29
2026.108.07:40:01/wx/1.00,553.5,11.4,7.00,61,1.30
2026.108.07:41:01/wx/1.00,553.5,11.6,7.21,60,1.29
2026.108.07:42:01/wx/0.93,553.5,11.6,6.32,59,1.30
2026.108.07:43:01/wx/0.70,553.5,11.8,6.80,62,1.29
2026.108.07:44:01/wx/0.90,553.5,11.8,6.75,60,1.37
2026.108.07:45:01/wx/0.80,553.5,11.8,6.59,58,1.36
2026.108.07:46:01/wx/0.56,553.5,12.1,6.40,62,1.37
2026.108.07:47:01/wx/0.62,553.5,12.1,6.37,61,1.37
2026.108.07:48:01/wx/0.42,553.5,12.1,6.62,64,1.34
2026.108.07:49:01/wx/0.34,553.5,12.1,5.78,65,1.32
2026.108.07:50:01/wx/0.30,553.5,12.0,6.08,70,1.32
2026.108.07:51:01/wx/0.20,553.5,12.2,5.68,71,1.32
2026.108.07:52:01/wx/0.30,553.5,12.0,5.34,65,1.32
2026.108.07:53:01/wx/0.39,553.5,11.9,4.55,66,1.31
2026.108.07:54:01/wx/0.36,553.5,11.9,5.23,76,1.33
2026.108.07:55:01/wx/0.50,553.5,11.8,5.41,72,1.30
2026.108.07:56:01/wx/0.43,553.6,11.8,5.52,65,1.29
2026.108.07:57:01/wx/0.32,553.5,11.9,3.27,49,1.29
2026.108.07:58:01/wx/-0.62,553.5,12.8,1.91,307,1.29
2026.108.07:59:01/wx/-0.90,553.6,13.5,1.20,302,1.21
2026.108.08:00:01/wx/-1.00,553.6,13.7,1.23,292,1.24
2026.108.08:01:01/wx/-1.00,553.6,13.6,1.11,303,1.26
2026.108.08:02:01/wx/-0.81,553.6,13.5,0.44,291,1.25
2026.108.08:03:01/wx/-0.80,553.5,13.4,1.15,42,1.24
2026.108.08:04:01/wx/-0.87,553.6,13.5,0.30,98,1.20
2026.108.08:05:01/wx/-1.10,553.6,13.6,0.92,207,1.19
2026.108.08:06:01/wx/-1.30,553.6,13.5,2.02,200,1.18
2026.108.08:07:01/wx/-0.81,553.6,13.2,3.20,194,1.19
2026.108.08:08:01/wx/-0.57,553.6,12.8,2.57,176,1.21
2026.108.08:09:01/wx/-0.24,553.6,12.2,2.05,173,1.20
2026.108.08:10:01/wx/-0.10,553.6,11.9,2.02,184,1.20
2026.108.08:11:01/wx/0.20,553.6,11.8,1.72,146,1.19
2026.108.08:12:01/wx/0.40,553.6,11.2,2.44,164,1.19
2026.108.08:13:01/wx/0.48,553.6,10.9,2.14,158,1.18
2026.108.08:14:01/wx/0.33,553.5,10.9,2.35,157,1.19
2026.108.08:15:01/wx/0.20,553.5,10.8,2.60,148,1.18
2026.108.08:16:01/wx/0.50,553.5,10.8,2.04,159,1.17
2026.108.08:17:01/wx/0.50,553.5,10.7,2.23,145,1.18
2026.108.08:18:01/wx/0.53,553.5,10.9,1.70,142,1.20
2026.108.08:19:01/wx/0.70,553.5,10.8,1.85,146,1.16
2026.108.08:20:01/wx/0.70,553.5,10.6,2.08,160,1.15
2026.108.08:21:01/wx/0.70,553.5,10.6,1.46,134,1.16
2026.108.08:22:01/wx/0.60,553.5,10.5,1.87,159,1.16
2026.108.08:23:01/wx/0.70,553.5,10.6,1.92,159,1.16
2026.108.08:24:01/wx/0.72,553.5,10.5,2.19,153,1.15
2026.108.08:25:01/wx/0.60,553.5,10.5,1.92,151,1.15
2026.108.08:26:01/wx/0.50,553.4,10.4,2.07,158,1.16
2026.108.08:27:01/wx/0.50,553.4,10.4,1.91,154,1.17
2026.108.08:28:01/wx/0.40,553.4,10.5,1.94,149,1.16
2026.108.08:29:01/wx/0.40,553.4,10.6,1.25,138,1.15
2026.108.08:30:01/wx/0.40,553.4,10.7,1.23,193,1.22
2026.108.08:31:01/wx/0.30,553.4,10.7,1.40,182,1.24
2026.108.08:32:01/wx/0.10,553.4,10.9,1.81,202,1.23
2026.108.08:33:01/wx/0.07,553.4,11.1,1.16,192,1.22
2026.108.08:34:01/wx/0.10,553.4,11.2,1.05,193,1.21
2026.108.08:35:01/wx/0.10,553.4,11.4,1.53,214,1.23
2026.108.08:36:01/wx/0.10,553.4,11.4,1.17,194,1.21
2026.108.08:37:01/wx/-0.10,553.4,11.4,1.12,186,1.22
2026.108.08:38:01/wx/-0.07,553.3,11.3,1.33,232,1.21
2026.108.08:39:01/wx/0.10,553.4,11.3,1.58,229,1.23
2026.108.08:40:01/wx/-0.51,553.3,11.4,2.01,307,1.23
2026.108.08:41:01/wx/-0.50,553.4,11.9,0.53,296,1.24
2026.108.08:42:01/wx/-0.40,553.4,11.9,1.63,254,1.23
2026.108.08:43:01/wx/-0.10,553.4,11.8,1.44,264,1.21
2026.108.08:44:01/wx/0.00,553.4,11.9,0.97,277,1.21
2026.108.08:45:01/wx/0.09,553.4,12.3,1.19,314,1.19
2026.108.08:46:01/wx/-0.06,553.4,12.4,0.32,273,1.21
2026.108.08:47:01/wx/-0.10,553.4,12.4,0.40,229,1.22
2026.108.08:48:01/wx/-0.20,553.4,12.5,0.33,182,1.23
2026.108.08:49:01/wx/-0.31,553.3,12.8,0.91,-12,1.21
2026.108.08:50:01/wx/-0.31,553.3,12.8,0.54,303,1.22
2026.108.08:51:01/wx/-0.57,553.3,13.0,1.31,24,1.22
2026.108.08:52:01/wx/-0.80,553.3,13.2,2.20,43,1.20
2026.108.08:53:01/wx/-1.15,553.3,13.5,2.70,74,1.20
2026.108.08:54:01/wx/-1.44,553.3,14.0,4.46,66,1.20
2026.108.08:55:01/wx/-0.49,553.3,13.4,3.55,59,1.20
2026.108.08:56:01/wx/-0.73,553.3,13.4,4.60,65,1.19
2026.108.08:57:01/wx/-0.60,553.3,13.4,4.81,61,1.19
2026.108.08:58:01/wx/-0.54,553.3,13.4,4.90,65,1.19
2026.108.08:59:01/wx/-0.42,553.3,13.4,4.64,67,1.17
2026.108.09:00:01/wx/-0.34,553.3,13.3,4.49,74,1.18
2026.108.09:01:01/wx/-0.34,553.3,13.3,5.41,63,1.17
2026.108.09:02:01/wx/-0.11,553.3,13.1,3.82,69,1.15
2026.108.09:03:01/wx/-0.45,553.3,13.4,3.74,67,1.11
2026.108.09:04:01/wx/-0.51,553.3,13.6,4.77,66,1.10
2026.108.09:05:01/wx/-0.35,553.3,13.3,5.70,66,1.11
2026.108.09:06:01/wx/0.39,553.3,13.0,5.07,69,1.10
2026.108.09:07:01/wx/-0.03,553.3,12.8,5.66,69,1.11
2026.108.09:08:01/wx/0.21,553.3,12.9,5.12,67,1.11
2026.108.09:09:01/wx/-0.20,553.3,13.0,5.41,61,1.12
2026.108.09:10:01/wx/0.28,553.3,13.1,5.37,69,1.13
2026.108.09:11:01/wx/0.12,553.3,12.9,5.49,61,1.13
2026.108.09:12:01/wx/0.70,553.3,12.6,4.74,64,1.14
2026.108.09:13:01/wx/0.35,553.3,12.7,3.66,57,1.13
2026.108.09:14:01/wx/0.50,553.3,12.7,5.71,64,1.12
2026.108.09:15:01/wx/0.83,553.3,12.4,5.11,67,1.11
2026.108.09:16:01/wx/0.30,553.3,12.6,5.55,69,1.13
2026.108.09:17:01/wx/0.38,553.3,12.6,5.10,70,1.14
2026.108.09:18:01/wx/0.00,553.3,12.9,5.17,72,1.15
2026.108.09:19:01/wx/0.10,553.3,12.9,6.31,64,1.12
2026.108.09:20:01/wx/0.00,553.3,12.8,6.16,65,1.11
2026.108.09:21:01/wx/0.25,553.3,12.7,4.92,63,1.14
2026.108.09:22:01/wx/0.60,553.3,12.7,3.98,76,1.12
2026.108.09:23:01/wx/0.50,553.3,12.6,5.85,67,1.10
2026.108.09:24:01/wx/0.90,553.3,12.6,5.31,70,1.08
2026.108.09:25:01/wx/0.90,553.3,12.2,5.01,70,1.08
2026.108.09:26:01/wx/1.12,553.3,12.0,4.13,68,1.07
2026.108.09:27:01/wx/0.42,553.3,12.4,5.76,65,1.08
2026.108.09:28:01/wx/0.39,553.3,12.5,5.33,67,1.09
2026.108.09:29:01/wx/0.70,553.3,12.5,4.39,67,1.09
2026.108.09:30:01/wx/0.20,553.3,12.8,5.26,70,1.09
2026.108.09:31:01/wx/-0.20,553.3,13.1,5.74,60,1.09
2026.108.09:32:01/wx/-0.10,553.3,13.2,4.70,71,1.06
2026.108.09:33:01/wx/-0.55,553.3,13.8,6.18,68,1.07
2026.108.09:34:01/wx/-0.10,553.3,13.2,6.21,62,1.05
2026.108.09:35:01/wx/-0.30,553.3,13.5,5.23,81,1.06
2026.108.09:36:01/wx/0.09,553.3,13.3,4.14,94,1.06
2026.108.09:37:01/wx/0.33,553.3,13.1,4.94,74,1.06
2026.108.09:38:01/wx/0.64,553.3,12.9,4.48,69,1.05
2026.108.09:39:01/wx/0.10,553.3,13.1,5.55,88,1.05
2026.108.09:40:01/wx/0.15,553.3,12.8,4.23,78,1.07
2026.108.09:41:01/wx/0.29,553.3,13.0,5.83,73,1.05
2026.108.09:42:01/wx/0.40,553.3,12.7,4.92,84,1.05
2026.108.09:43:01/wx/0.23,553.3,12.9,4.96,76,1.05
2026.108.09:44:01/wx/0.51,553.3,12.8,5.87,71,1.05
2026.108.09:45:01/wx/0.43,553.3,12.7,6.20,76,1.06
2026.108.09:46:01/wx/1.10,553.3,12.2,5.24,78,1.06
2026.108.09:47:01/wx/0.92,553.3,12.2,4.96,73,1.06
2026.108.09:48:01/wx/0.81,553.3,12.2,5.23,76,1.06
2026.108.09:49:01/wx/0.19,553.3,12.6,4.43,79,1.05
2026.108.09:50:01/wx/0.52,553.3,12.5,6.35,73,1.05
2026.108.09:51:01/wx/0.61,553.3,12.1,6.13,92,1.06
2026.108.09:52:01/wx/0.93,553.4,12.0,3.70,80,1.06
2026.108.09:53:01/wx/0.63,553.4,12.2,3.68,84,1.06
2026.108.09:54:01/wx/-0.20,553.4,12.9,4.52,77,1.03
2026.108.09:55:01/wx/-0.10,553.4,12.9,4.98,73,1.05
2026.108.09:56:01/wx/0.30,553.4,12.6,4.70,73,1.05
2026.108.09:57:01/wx/0.85,553.4,12.3,3.12,60,1.05
2026.108.09:58:01/wx/0.70,553.4,12.2,2.69,62,1.03
2026.108.09:59:01/wx/0.49,553.4,12.3,1.81,69,1.07
2026.108.10:00:01/wx/-0.26,553.4,13.0,3.40,60,1.06
2026.108.10:01:01/wx/-0.90,553.4,13.6,2.40,34,1.08
2026.108.10:02:01/wx/-1.26,553.4,14.2,1.37,166,1.07
2026.108.10:03:01/wx/-1.21,553.4,14.5,2.29,60,1.06
2026.108.10:04:01/wx/-1.28,553.4,14.5,2.18,76,1.07
2026.108.10:05:01/wx/-1.00,553.4,14.1,1.87,345,1.08
2026.108.10:06:01/wx/-1.00,553.4,14.2,1.24,324,1.07
2026.108.10:07:01/wx/-0.70,553.4,14.2,0.70,341,1.06
2026.108.10:08:01/wx/-0.60,553.4,14.0,0.52,342,1.06
2026.108.10:09:01/wx/-0.29,553.3,13.7,0.90,358,1.06
2026.108.10:10:01/wx/0.10,553.4,13.1,1.26,247,1.05
2026.108.10:11:01/wx/0.20,553.4,12.8,0.31,328,1.06
2026.108.10:12:01/wx/0.45,553.4,12.9,1.38,5,1.05
2026.108.10:13:01/wx/0.60,553.4,12.5,1.83,13,1.04
2026.108.10:14:01/wx/0.60,553.4,12.3,1.77,351,0.99
2026.108.10:15:01/wx/0.48,553.4,12.7,1.39,348,0.98
2026.108.10:16:01/wx/0.08,553.4,12.9,2.81,62,0.97
2026.108.10:17:01/wx/0.36,553.4,13.0,1.84,50,0.98
2026.108.10:18:01/wx/-0.09,553.4,13.2,1.47,109,0.97
2026.108.10:19:01/wx/-0.73,553.4,13.7,1.90,68,0.99
2026.108.10:20:01/wx/-0.98,553.4,14.1,5.09,71,1.01
2026.108.10:21:01/wx/0.30,553.4,13.0,3.50,76,1.01
2026.108.10:22:01/wx/0.30,553.4,12.6,4.83,61,1.01
2026.108.10:23:01/wx/0.10,553.4,12.8,4.15,44,1.02
2026.108.10:24:01/wx/-0.50,553.4,13.2,4.82,69,1.03
2026.108.10:25:01/wx/0.25,553.4,13.1,4.88,69,1.04
2026.108.10:26:01/wx/1.11,553.4,12.1,4.86,80,1.03
2026.108.10:27:01/wx/1.11,553.4,11.9,4.62,70,1.02
2026.108.10:28:01/wx/0.51,553.4,12.3,4.57,72,1.01
2026.108.10:29:01/wx/0.47,553.4,12.4,6.04,66,1.02
2026.108.10:30:01/wx/0.60,553.4,12.0,6.42,73,1.02
2026.108.10:31:01/wx/1.11,553.4,11.7,5.37,77,1.04
2026.108.10:32:01/wx/1.26,553.4,11.6,4.50,69,1.04
2026.108.10:33:01/wx/0.80,553.4,11.7,5.11,79,1.04
2026.108.10:34:01/wx/0.46,553.4,12.0,5.60,74,1.03
2026.108.10:35:01/wx/0.59,553.4,12.2,4.07,77,1.03
2026.108.10:36:01/wx/0.48,553.4,12.2,4.41,79,1.04
2026.108.10:37:01/wx/0.30,553.4,12.5,4.94,75,1.02
2026.108.10:38:01/wx/0.30,553.3,12.6,6.21,75,1.01
2026.108.10:39:01/wx/0.74,553.4,12.3,5.08,70,1.01
2026.108.10:40:01/wx/0.60,553.4,12.4,4.60,74,1.00
2026.108.10:41:01/wx/0.48,553.4,12.5,4.48,80,1.01
2026.108.10:42:01/wx/0.46,553.4,12.7,3.64,83,1.00
2026.108.10:43:01/wx/-0.30,553.4,13.3,4.81,64,1.01
2026.108.10:44:01/wx/0.29,553.4,13.1,5.63,76,1.05
2026.108.10:45:01/wx/0.79,553.5,12.5,4.34,83,1.04
2026.108.10:46:01/wx/0.25,553.4,12.8,4.13,74,1.05
2026.108.10:47:01/wx/-0.14,553.4,13.3,5.69,75,1.05
2026.108.10:48:01/wx/0.60,553.4,12.7,5.11,79,1.05
2026.108.10:49:01/wx/0.49,553.4,12.5,5.92,82,1.04
2026.108.10:50:01/wx/0.78,553.4,12.0,4.75,70,1.04
2026.108.10:51:01/wx/1.00,553.4,11.7,5.55,79,1.04
2026.108.10:52:01/wx/0.90,553.4,11.6,4.73,81,1.05
2026.108.10:53:01/wx/0.59,553.4,12.0,5.29,78,1.04
2026.108.10:54:01/wx/0.51,553.4,12.2,5.60,73,1.09
2026.108.10:55:01/wx/0.60,553.4,12.0,5.69,72,1.09
2026.108.10:56:01/wx/0.62,553.4,11.9,6.54,70,1.09
2026.108.10:57:01/wx/1.05,553.4,11.5,4.23,82,1.08
2026.108.10:58:01/wx/0.70,553.4,11.8,3.28,92,1.10
2026.108.10:59:01/wx/0.21,553.5,12.4,5.33,71,1.04
2026.108.11:00:01/wx/0.20,553.4,12.4,6.01,59,1.04
2026.108.11:01:01/wx/0.22,553.4,12.4,4.26,62,1.06
2026.108.11:02:01/wx/-0.35,553.5,13.2,5.51,79,1.06
2026.108.11:03:01/wx/0.61,553.5,12.5,4.78,81,1.05
2026.108.11:04:01/wx/0.34,553.5,12.2,3.67,98,1.05
2026.108.11:05:01/wx/0.11,553.5,12.9,2.51,75,1.04
2026.108.11:06:01/wx/-0.70,553.5,13.9,5.53,56,1.03
2026.108.11:07:01/wx/0.41,553.6,13.2,5.55,73,1.04
2026.108.11:08:01/wx/0.61,553.6,12.7,4.56,86,1.04
2026.108.11:09:01/wx/0.61,553.5,12.5,3.33,86,1.04
2026.108.11:10:01/wx/0.21,553.6,13.0,1.79,67,1.03
2026.108.11:11:01/wx/0.31,553.6,13.1,2.19,57,1.05
2026.108.11:12:01/wx/0.25,553.5,12.9,2.68,0,1.06
2026.108.11:13:01/wx/-0.41,553.5,13.7,1.66,42,1.06
2026.108.11:14:01/wx/-0.46,553.6,14.0,0.46,287,1.06
2026.108.11:15:01/wx/-0.69,553.6,14.4,0.67,39,1.05
2026.108.11:16:01/wx/-1.10,553.6,14.8,1.30,90,1.04
2026.108.11:17:01/wx/-1.10,553.6,15.3,0.86,3,1.04
2026.108.11:18:01/wx/-0.78,553.6,15.0,0.65,41,1.05
2026.108.11:19:01/wx/-0.51,553.6,14.0,0.94,84,1.05
2026.108.11:20:01/wx/-0.10,553.6,13.6,0.40,46,1.06
2026.108.11:21:01/wx/0.20,553.6,13.2,0.88,102,1.06
2026.108.11:22:01/wx/0.20,553.6,12.9,0.77,213,1.06
2026.108.11:23:01/wx/-0.01,553.6,13.1,1.36,159,1.06
2026.108.11:24:01/wx/0.11,553.6,14.0,0.32,136,1.06
2026.108.11:25:01/wx/0.00,553.6,14.2,0.24,267,1.05
2026.108.11:26:01/wx/-0.14,553.6,13.6,0.87,166,1.05
2026.108.11:27:01/wx/-0.40,553.6,13.7,1.21,153,1.04
2026.108.11:28:01/wx/-0.61,553.6,13.3,1.33,174,1.03
2026.108.11:29:01/wx/-0.90,553.6,13.2,1.15,149,1.08
2026.108.11:30:01/wx/-1.10,553.6,13.3,0.72,147,1.09
2026.108.11:31:01/wx/-0.80,553.6,14.3,0.86,227,1.07
2026.108.11:32:01/wx/-0.60,553.7,13.5,0.59,201,1.06
2026.108.11:33:01/wx/-0.52,553.6,12.9,1.47,171,1.06
2026.108.11:34:01/wx/-0.61,553.7,12.9,1.04,137,1.06
2026.108.11:35:01/wx/-0.20,553.7,13.1,1.52,169,1.05
2026.108.11:36:01/wx/-0.20,553.7,12.7,1.94,137,1.06
2026.108.11:37:01/wx/-0.09,553.7,12.8,1.93,138,1.06
2026.108.11:38:01/wx/-0.50,553.7,12.3,2.59,142,1.06
2026.108.11:39:01/wx/-0.50,553.7,12.3,2.54,107,1.03
2026.108.11:40:01/wx/-0.50,553.7,12.1,0.93,143,1.03
2026.108.11:41:01/wx/-0.50,553.7,12.0,1.91,135,1.03
2026.108.11:42:01/wx/-0.60,553.7,12.2,1.76,157,1.04
2026.108.11:43:01/wx/-0.50,553.7,12.1,1.86,133,1.03
2026.108.11:44:01/wx/-0.40,553.7,12.3,1.15,124,1.05
2026.108.11:45:01/wx/-0.20,553.7,12.1,2.84,128,1.03
2026.108.11:46:01/wx/0.00,553.7,11.4,2.32,125,1.04
2026.108.11:47:01/wx/0.00,553.8,12.0,1.61,145,1.05
2026.108.11:48:01/wx/0.00,553.7,11.7,1.56,169,1.05
2026.108.11:49:01/wx/0.20,553.8,11.6,2.74,138,1.04
2026.108.11:50:01/wx/0.09,553.8,11.7,1.64,131,1.04
2026.108.11:51:01/wx/0.00,553.8,12.0,1.94,126,1.04
2026.108.11:52:01/wx/0.20,553.8,12.1,1.21,136,1.04
2026.108.11:53:01/wx/0.20,553.8,12.0,1.61,131,1.05
2026.108.11:54:01/wx/0.20,553.8,11.9,1.52,131,1.03
2026.108.11:55:01/wx/0.00,553.8,11.7,1.59,158,1.01
2026.108.11:56:01/wx/-0.10,553.8,12.0,1.64,148,1.01
2026.108.11:57:01/wx/-0.30,553.8,12.3,2.72,141,1.01
2026.108.11:58:01/wx/-0.36,553.9,12.7,1.54,141,1.01
2026.108.11:59:01/wx/-0.11,553.9,13.1,1.00,135,0.98
2026.108.12:00:01/wx/0.10,553.9,12.6,2.28,145,0.96
2026.108.12:01:01/wx/0.13,553.9,12.4,1.14,166,0.97
2026.108.12:02:01/wx/0.10,553.9,12.9,1.14,174,1.00
2026.108.12:03:01/wx/0.30,553.9,12.4,2.57,151,1.00
2026.108.12:04:01/wx/0.40,553.9,12.2,0.95,153,0.98
2026.108.12:05:01/wx/0.53,553.9,12.4,2.21,116,0.97
2026.108.12:06:01/wx/0.60,553.9,11.4,2.66,138,0.97
2026.108.12:07:01/wx/0.70,553.9,11.9,1.51,134,0.99
2026.108.12:08:01/wx/0.74,553.9,12.2,2.45,134,1.02
2026.108.12:09:01/wx/0.90,554.0,11.6,2.04,124,1.02
2026.108.12:10:01/wx/0.78,554.0,11.4,2.04,179,1.02
2026.108.12:11:01/wx/0.72,554.0,12.0,1.99,165,0.99
2026.108.12:12:01/wx/0.70,554.0,12.1,1.91,165,1.00
2026.108.12:13:01/wx/0.80,554.0,12.2,1.36,161,1.06
2026.108.12:14:01/wx/0.80,554.0,11.7,1.96,181,1.05
2026.108.12:15:01/wx/1.14,554.0,12.0,1.40,97,1.08
2026.108.12:16:01/wx/1.47,554.0,11.1,3.28,102,1.09
2026.108.12:17:01/wx/1.59,554.1,10.8,1.63,128,1.10
2026.108.12:18:01/wx/1.50,554.1,11.5,0.66,122,1.09
2026.108.12:19:01/wx/1.60,554.0,11.4,1.25,101,1.05
2026.108.12:20:01/wx/1.80,554.1,11.0,2.03,111,1.07
2026.108.12:21:01/wx/1.72,554.0,10.8,2.88,112,1.09
2026.108.12:22:01/wx/1.61,554.0,11.2,1.88,110,1.08
2026.108.12:23:01/wx/1.85,554.0,11.5,3.45,104,1.05
2026.108.12:24:01/wx/1.80,554.0,11.3,2.01,128,1.08
2026.108.12:25:01/wx/1.80,554.1,11.4,2.19,107,1.09
2026.108.12:26:01/wx/1.80,554.1,11.2,1.58,130,1.09
2026.108.12:27:01/wx/1.80,554.1,11.2,2.75,139,1.10
2026.108.12:28:01/wx/1.91,554.1,11.3,1.57,157,1.13
2026.108.12:29:01/wx/1.80,554.1,11.2,2.21,119,1.13
2026.108.12:30:01/wx/1.90,554.1,11.2,1.91,127,1.12
2026.108.12:31:01/wx/1.90,554.1,11.2,1.20,111,1.13
2026.108.12:32:01/wx/2.21,554.1,11.3,1.17,106,1.13
2026.108.12:33:01/wx/2.30,554.1,11.2,1.23,107,1.13
2026.108.12:34:01/wx/2.40,554.1,11.1,0.71,135,1.16
2026.108.12:35:01/wx/2.60,554.1,10.9,1.65,117,1.15
2026.108.12:36:01/wx/2.79,554.2,10.7,1.86,113,1.14
2026.108.12:37:01/wx/2.92,554.2,10.7,2.31,96,1.15
2026.108.12:38:01/wx/2.81,554.1,10.7,2.54,120,1.14
2026.108.12:39:01/wx/2.70,554.1,11.1,1.72,102,1.14
2026.108.12:40:01/wx/2.80,554.2,10.8,2.02,62,1.14
2026.108.12:41:01/wx/2.89,554.2,11.2,0.73,129,1.16
2026.108.12:42:01/wx/2.70,554.2,11.3,1.57,116,1.14
2026.108.12:43:01/wx/2.76,554.2,11.1,0.98,82,1.13
2026.108.12:44:01/wx/3.11,554.2,11.1,0.53,83,1.14
2026.108.12:45:01/wx/3.65,554.2,10.7,0.51,93,1.13
2026.108.12:46:01/wx/4.20,554.2,10.2,0.41,166,1.12
2026.108.12:47:01/wx/3.97,554.2,9.9,1.33,205,1.15
2026.108.12:48:01/wx/3.63,554.2,9.9,1.98,147,1.13
2026.108.12:49:01/wx/3.40,554.2,10.4,1.69,132,1.16
2026.108.12:50:01/wx/3.30,554.2,10.6,1.86,157,1.15
2026.108.12:51:01/wx/3.30,554.2,10.4,0.71,331,1.13
2026.108.12:52:01/wx/3.13,554.2,10.5,1.56,309,1.14
2026.108.12:53:01/wx/3.10,554.3,10.5,1.01,282,1.14
2026.108.12:54:01/wx/3.20,554.3,10.7,0.35,230,1.13
2026.108.12:55:01/wx/3.30,554.3,10.5,0.53,320,1.12
2026.108.12:56:01/wx/3.49,554.3,9.7,1.50,80,1.13
2026.108.12:57:01/wx/4.08,554.3,9.6,2.96,53,1.13
2026.108.12:58:01/wx/4.09,554.3,9.3,0.58,133,1.14
2026.108.12:59:01/wx/4.41,554.3,8.8,1.15,91,1.10
2026.108.13:00:01/wx/4.50,554.3,8.6,2.18,202,1.09
2026.108.13:01:01/wx/4.20,554.4,8.6,1.70,14,1.09
2026.108.13:02:01/wx/4.24,554.3,8.6,1.52,31,1.07
2026.108.13:03:01/wx/4.00,554.3,8.2,2.81,41,1.08
2026.108.13:04:01/wx/4.20,554.3,8.4,2.67,29,1.09
2026.108.13:05:01/wx/4.20,554.4,8.3,2.23,53,1.09
2026.108.13:06:01/wx/3.80,554.4,8.6,3.60,25,1.10
2026.108.13:07:01/wx/3.60,554.4,9.0,2.97,29,1.09
2026.108.13:08:01/wx/3.80,554.4,9.1,2.62,355,1.09
2026.108.13:09:01/wx/3.80,554.4,8.5,3.65,351,1.09
2026.108.13:10:01/wx/3.94,554.4,8.2,3.48,37,1.10
2026.108.13:11:01/wx/3.80,554.4,8.1,3.80,25,1.11
2026.108.13:12:01/wx/4.05,554.4,8.5,3.89,18,1.09
2026.108.13:13:01/wx/3.80,554.4,8.6,3.20,31,1.10
2026.108.13:14:01/wx/3.85,554.4,8.6,3.78,24,1.13
2026.108.13:15:01/wx/4.00,554.4,8.3,3.92,20,1.13
2026.108.13:16:01/wx/3.81,554.4,8.0,2.11,8,1.12
2026.108.13:17:01/wx/3.80,554.5,8.1,3.35,13,1.11
2026.108.13:18:01/wx/4.00,554.5,8.3,3.67,19,1.11
2026.108.13:19:01/wx/3.80,554.4,8.1,3.05,29,1.13
2026.108.13:20:01/wx/3.99,554.5,8.4,1.65,105,1.15
2026.108.13:21:01/wx/4.29,554.5,8.6,4.33,16,1.13
2026.108.13:22:01/wx/4.27,554.5,8.6,5.14,13,1.12
2026.108.13:23:01/wx/4.10,554.5,8.7,4.12,33,1.13
2026.108.13:24:01/wx/4.00,554.5,8.8,3.86,24,1.13
2026.108.13:25:01/wx/3.90,554.5,8.7,3.41,37,1.09
2026.108.13:26:01/wx/4.29,554.5,8.3,3.65,32,1.09
2026.108.13:27:01/wx/3.94,554.5,8.0,2.67,206,1.10
2026.108.13:28:01/wx/4.20,554.5,7.6,3.34,50,1.09
2026.108.13:29:01/wx/4.24,554.5,7.1,3.17,34,1.14
2026.108.13:30:01/wx/4.39,554.5,7.2,3.08,297,1.14
2026.108.13:31:01/wx/4.51,554.5,7.0,4.70,-9,1.13
2026.108.13:32:01/wx/4.39,554.5,7.3,3.28,348,1.13
2026.108.13:33:01/wx/4.30,554.5,7.5,3.10,0,1.14
2026.108.13:34:01/wx/4.54,554.5,8.0,4.09,22,1.14
2026.108.13:35:01/wx/4.18,554.5,8.2,3.09,8,1.15
2026.108.13:36:01/wx/4.30,554.5,8.1,1.64,320,1.14
2026.108.13:37:01/wx/4.55,554.5,7.7,3.97,356,1.16
2026.108.13:38:01/wx/4.40,554.5,7.5,2.04,358,1.17
2026.108.13:39:01/wx/4.33,554.6,7.0,3.19,290,1.18
2026.108.13:40:01/wx/4.62,554.6,7.8,3.31,28,1.18
2026.108.13:41:01/wx/4.60,554.6,7.5,1.88,43,1.17
2026.108.13:42:01/wx/4.66,554.6,7.8,3.03,354,1.15
2026.108.13:43:01/wx/4.70,554.5,7.8,2.83,330,1.16
2026.108.13:44:01/wx/4.55,554.6,7.2,2.82,332,1.18
2026.108.13:45:01/wx/4.70,554.6,7.3,2.64,334,1.22
2026.108.13:46:01/wx/4.58,554.6,7.5,3.08,305,1.25
2026.108.13:47:01/wx/4.40,554.5,7.4,1.41,245,1.28
2026.108.13:48:01/wx/4.71,554.5,7.8,0.45,322,1.28
2026.108.13:49:01/wx/4.89,554.6,7.7,1.11,31,1.28
2026.108.13:50:01/wx/5.00,554.6,7.1,2.54,29,1.28
2026.108.13:51:01/wx/4.81,554.6,7.0,3.81,16,1.29
2026.108.13:52:01/wx/4.70,554.5,7.2,1.79,46,1.31
2026.108.13:53:01/wx/4.81,554.5,7.2,1.72,86,1.30
2026.108.13:54:01/wx/5.00,554.5,7.2,3.01,352,1.30
2026.108.13:55:01/wx/4.80,554.5,7.2,3.46,335,1.32
2026.108.13:56:01/wx/4.93,554.5,7.2,2.41,284,1.32
2026.108.13:57:01/wx/4.80,554.5,7.3,1.62,54,1.30
2026.108.13:58:01/wx/5.21,554.6,7.4,2.41,74,1.31
2026.108.13:59:01/wx/5.55,554.5,7.1,2.50,7,1.24
2026.108.14:00:01/wx/5.10,554.5,6.9,1.77,15,1.24
2026.108.14:01:01/wx/5.00,554.5,7.1,1.24,325,1.26
2026.108.14:02:01/wx/5.00,554.6,7.1,1.27,58,1.26
2026.108.14:03:01/wx/5.10,554.6,7.2,1.93,33,1.26
2026.108.14:04:01/wx/5.25,554.5,7.1,1.01,35,1.27
2026.108.14:05:01/wx/5.29,554.5,7.2,5.00,353,1.28
2026.108.14:06:01/wx/5.50,554.6,7.1,1.83,29,1.29
2026.108.14:07:01/wx/5.52,554.6,7.3,2.18,345,1.30
2026.108.14:08:01/wx/5.50,554.6,7.2,1.22,298,1.28
2026.108.14:09:01/wx/5.56,554.6,7.0,1.94,210,1.29
2026.108.14:10:01/wx/5.60,554.6,7.4,1.73,314,1.32
2026.108.14:11:01/wx/5.74,554.5,7.4,0.50,340,1.33
2026.108.14:12:01/wx/5.90,554.5,7.2,1.61,43,1.33
2026.108.14:13:01/wx/6.10,554.6,7.0,1.42,66,1.32
2026.108.14:14:01/wx/6.18,554.6,6.8,1.99,-38,1.35
2026.108.14:15:01/wx/5.90,554.6,7.2,1.63,355,1.35
2026.108.14:16:01/wx/5.86,554.6,6.9,2.09,232,1.34
2026.108.14:17:01/wx/5.80,554.6,7.0,2.33,297,1.31
2026.108.14:18:01/wx/5.80,554.6,7.0,1.36,258,1.26
2026.108.14:19:01/wx/5.70,554.6,6.4,3.91,326,1.27
2026.108.14:20:01/wx/5.50,554.6,7.3,2.83,279,1.29
2026.108.14:21:01/wx/5.45,554.6,8.1,3.09,263,1.26
2026.108.14:22:01/wx/5.21,554.6,7.8,3.64,258,1.23
2026.108.14:23:01/wx/4.93,554.6,7.7,2.48,279,1.23
2026.108.14:24:01/wx/5.10,554.6,7.9,4.52,241,1.20
2026.108.14:25:01/wx/5.20,554.6,7.5,2.52,233,1.19
2026.108.14:26:01/wx/5.28,554.6,7.6,4.43,245,1.18
2026.108.14:27:01/wx/5.10,554.6,8.2,3.21,247,1.18
2026.108.14:28:01/wx/5.00,554.6,7.7,3.80,244,1.17
2026.108.14:29:01/wx/4.95,554.6,8.0,3.04,254,1.23
2026.108.14:30:01/wx/5.10,554.6,8.1,1.83,280,1.22
2026.108.14:31:01/wx/5.10,554.6,8.2,3.54,262,1.26
2026.108.14:32:01/wx/5.19,554.6,7.8,1.84,248,1.24
2026.108.14:33:01/wx/5.30,554.6,7.5,2.89,251,1.24
2026.108.14:34:01/wx/5.27,554.6,7.3,3.19,288,1.24
2026.108.14:35:01/wx/5.71,554.6,7.1,1.46,275,1.26
2026.108.14:36:01/wx/5.90,554.6,7.0,3.54,267,1.28
2026.108.14:37:01/wx/6.19,554.6,6.8,3.32,302,1.24
2026.108.14:38:01/wx/6.20,554.6,7.2,2.27,281,1.22
2026.108.14:39:01/wx/6.13,554.6,6.6,2.07,250,1.21
2026.108.14:40:01/wx/5.89,554.6,6.0,3.56,320,1.22
2026.108.14:41:01/wx/5.60,554.6,4.6,1.68,292,1.25
2026.108.14:42:01/wx/5.79,554.6,5.0,1.27,320,1.30
2026.108.14:43:01/wx/6.48,554.6,5.5,3.00,283,1.32
2026.108.14:44:01/wx/5.91,554.6,5.5,3.15,284,1.26
2026.108.14:45:01/wx/5.89,554.6,5.4,2.79,269,1.23
2026.108.14:46:01/wx/5.54,554.6,4.7,2.10,249,1.29
2026.108.14:47:01/wx/5.50,554.6,5.8,2.62,242,1.27
2026.108.14:48:01/wx/5.63,554.6,6.6,4.14,255,1.28
2026.108.14:49:01/wx/5.60,554.6,6.1,4.64,290,1.24
2026.108.14:50:01/wx/5.88,554.6,6.7,3.28,274,1.26
2026.108.14:51:01/wx/5.60,554.6,7.9,3.83,277,1.29
2026.108.14:52:01/wx/5.70,554.6,6.5,2.83,301,1.30
2026.108.14:53:01/wx/5.77,554.6,7.1,2.06,276,1.29
2026.108.14:54:01/wx/5.94,554.6,6.8,4.30,273,1.29
2026.108.14:55:01/wx/5.29,554.6,6.4,2.50,306,1.30
2026.108.14:56:01/wx/5.33,554.6,7.5,2.68,323,1.29
2026.108.14:57:01/wx/5.80,554.7,7.8,2.83,293,1.33
2026.108.14:58:01/wx/5.85,554.6,7.9,3.95,246,1.37
2026.108.14:59:01/wx/5.40,554.6,9.7,4.10,235,1.30
2026.108.15:00:01/wx/5.17,554.6,10.6,5.98,251,1.29
2026.108.15:01:01/wx/4.70,554.6,12.5,4.58,264,1.31
2026.108.15:02:01/wx/4.81,554.6,12.6,4.04,264,1.30
2026.108.15:03:01/wx/5.17,554.6,12.5,4.84,287,1.29
2026.108.15:04:01/wx/4.71,554.6,12.1,2.95,281,1.28
2026.108.15:05:01/wx/4.70,554.6,13.1,3.24,296,1.29
2026.108.15:06:01/wx/4.84,554.6,14.4,3.87,267,1.25
2026.108.15:07:01/wx/4.50,554.6,15.1,4.87,304,1.23
2026.108.15:08:01/wx/5.00,554.6,11.9,1.72,301,1.27
2026.108.15:09:01/wx/5.10,554.6,12.6,3.13,294,1.29
2026.108.15:10:01/wx/5.27,554.6,12.7,3.45,299,1.26
2026.108.15:11:01/wx/4.99,554.6,13.5,3.31,276,1.22
2026.108.15:12:01/wx/5.00,554.6,11.1,3.68,268,1.18
2026.108.15:13:01/wx/4.70,554.6,11.2,2.92,259,1.26
2026.108.15:14:01/wx/4.70,554.6,8.9,2.32,280,1.26
2026.108.15:15:01/wx/5.09,554.6,9.7,3.71,292,1.27
2026.108.15:16:01/wx/4.80,554.6,12.1,1.92,267,1.29
2026.108.15:17:01/wx/4.90,554.6,11.3,3.28,279,1.30
2026.108.15:18:01/wx/5.11,554.6,12.3,3.91,295,1.24
2026.108.15:19:01/wx/4.90,554.6,10.2,2.42,248,1.31
2026.108.15:20:01/wx/4.93,554.5,9.8,2.48,294,1.33
2026.108.15:21:01/wx/5.23,554.5,12.0,3.14,257,1.24
2026.108.15:22:01/wx/5.30,554.5,9.7,3.05,318,1.22
2026.108.15:23:01/wx/5.29,554.5,12.4,2.66,282,1.37
2026.108.15:24:01/wx/5.70,554.5,12.2,4.33,295,1.31
2026.108.15:25:01/wx/5.66,554.5,11.3,4.38,283,1.26
2026.108.15:26:01/wx/5.31,554.5,7.8,0.91,265,1.24
2026.108.15:27:01/wx/5.50,554.5,7.0,2.36,295,1.25
2026.108.15:28:01/wx/5.71,554.5,7.8,3.98,303,1.21
2026.108.15:29:01/wx/5.80,554.5,7.1,2.23,274,1.24
2026.108.15:30:01/wx/5.74,554.5,5.9,1.58,274,1.22
2026.108.15:31:01/wx/6.08,554.4,6.9,4.32,295,1.21
2026.108.15:32:01/wx/6.00,554.5,7.8,3.86,303,1.19
2026.108.15:33:01/wx/5.82,554.5,5.9,3.46,319,1.19
2026.108.15:34:01/wx/6.00,554.4,4.6,2.73,339,1.22
2026.108.15:35:01/wx/5.90,554.5,4.8,1.57,307,1.28
2026.108.15:36:01/wx/6.28,554.5,6.5,4.37,305,1.31
2026.108.15:37:01/wx/6.14,554.5,8.2,2.94,300,1.27
2026.108.15:38:01/wx/5.68,554.4,8.0,2.96,276,1.29
2026.108.15:39:01/wx/5.39,554.5,7.3,2.23,259,1.39
2026.108.15:40:01/wx/5.35,554.5,5.8,2.94,302,1.21
2026.108.15:41:01/wx/5.98,554.5,7.8,5.42,282,1.23
2026.108.15:42:01/wx/5.94,554.5,8.1,4.47,287,1.26
2026.108.15:43:01/wx/5.74,554.5,7.0,3.19,250,1.25
2026.108.15:44:01/wx/6.00,554.4,6.6,3.44,277,1.22
2026.108.15:45:01/wx/5.90,554.5,7.4,4.41,246,1.32
2026.108.15:46:01/wx/6.39,554.4,8.8,4.29,264,1.30
2026.108.15:47:01/wx/6.52,554.4,6.6,3.79,256,1.25
2026.108.15:48:01/wx/5.91,554.5,6.6,4.38,276,1.28
2026.108.15:49:01/wx/5.49,554.5,7.1,5.11,278,1.38
2026.108.15:50:01/wx/5.35,554.5,6.2,3.47,265,1.41
2026.108.15:51:01/wx/5.01,554.5,6.5,5.63,295,1.35
2026.108.15:52:01/wx/5.83,554.5,6.6,3.82,282,1.36
2026.108.15:53:01/wx/5.70,554.4,5.3,2.25,298,1.31
2026.108.15:54:01/wx/5.68,554.4,7.9,4.44,256,1.29
2026.108.15:55:01/wx/5.62,554.4,11.9,4.73,260,1.35
2026.108.15:56:01/wx/5.30,554.4,13.3,4.58,262,1.29
2026.108.15:57:01/wx/5.43,554.5,11.8,7.54,283,1.45
2026.108.15:58:01/wx/5.09,554.4,7.5,3.10,283,1.38
2026.108.15:59:01/wx/5.59,554.4,12.7,5.12,282,1.38
2026.108.16:00:01/wx/5.80,554.4,14.2,4.57,250,1.34
2026.108.16:01:01/wx/5.90,554.4,11.2,5.43,280,1.47
2026.108.16:02:01/wx/5.79,554.4,12.4,4.49,249,1.48
2026.108.16:03:01/wx/6.18,554.4,8.2,5.03,247,1.32
2026.108.16:04:01/wx/5.26,554.4,15.8,5.67,244,1.36
2026.108.16:05:01/wx/5.68,554.4,16.1,6.28,257,1.34
2026.108.16:06:01/wx/5.40,554.4,15.5,6.83,283,1.39
2026.108.16:07:01/wx/4.87,554.4,16.7,3.19,284,1.31
2026.108.16:08:01/wx/5.46,554.4,16.0,3.77,270,1.24
2026.108.16:09:01/wx/5.68,554.4,17.2,5.97,251,1.22
2026.108.16:10:01/wx/5.66,554.4,18.1,5.73,264,1.38
2026.108.16:11:01/wx/5.20,554.4,12.6,4.73,270,1.23
2026.108.16:12:01/wx/5.45,554.4,14.5,5.77,261,1.40
2026.108.16:13:01/wx/5.54,554.4,12.9,5.38,302,1.27
2026.108.16:14:01/wx/5.89,554.4,9.9,6.02,260,1.27
2026.108.16:15:01/wx/5.32,554.4,16.4,6.02,238,1.35
2026.108.16:16:01/wx/5.31,554.4,17.0,4.56,271,1.36
2026.108.16:17:01/wx/5.21,554.4,14.9,4.23,256,1.24
2026.108.16:18:01/wx/4.89,554.4,19.3,4.60,261,1.32
2026.108.16:19:01/wx/4.49,554.4,19.6,4.51,260,1.37
2026.108.16:20:01/wx/5.45,554.4,17.9,5.21,297,1.22
2026.108.16:21:01/wx/5.49,554.3,18.1,6.02,272,1.41
2026.108.16:22:01/wx/5.70,554.3,16.1,6.03,251,1.23
2026.108.16:23:01/wx/5.53,554.4,17.2,4.24,279,1.27
2026.108.16:24:01/wx/5.06,554.3,18.1,4.96,272,1.49
2026.108.16:25:01/wx/4.94,554.3,19.5,5.05,269,1.38
2026.108.16:26:01/wx/5.29,554.4,16.7,5.99,275,1.43
2026.108.16:27:01/wx/4.79,554.3,19.0,5.76,236,1.33
2026.108.16:28:01/wx/4.39,554.3,18.9,4.61,266,1.40
2026.108.16:29:01/wx/4.39,554.3,17.5,5.06,262,1.35
2026.108.16:30:01/wx/4.33,554.3,20.3,4.23,268,1.46
2026.108.16:31:01/wx/4.53,554.3,21.7,7.37,303,1.50
2026.108.16:32:01/wx/5.40,554.4,18.5,4.71,276,1.38
2026.108.16:33:01/wx/4.80,554.3,18.3,6.08,279,1.31
2026.108.16:34:01/wx/4.72,554.3,20.1,5.05,263,1.49
2026.108.16:35:01/wx/4.40,554.3,20.4,4.03,275,1.36
2026.108.16:36:01/wx/4.79,554.3,18.6,4.11,270,1.50
2026.108.16:37:01/wx/4.25,554.3,17.1,4.54,268,1.40
2026.108.16:38:01/wx/3.90,554.3,19.0,5.03,253,1.44
2026.108.16:39:01/wx/4.28,554.3,19.2,6.95,278,1.37
2026.108.16:40:01/wx/3.82,554.2,21.3,3.85,275,1.34
2026.108.16:41:01/wx/3.94,554.3,23.0,2.93,279,1.40
2026.108.16:42:01/wx/4.23,554.3,20.2,2.92,275,1.47
2026.108.16:43:01/wx/4.30,554.3,20.3,7.13,280,1.39
2026.108.16:44:01/wx/4.14,554.2,23.9,4.78,246,1.54
2026.108.16:45:01/wx/4.65,554.2,20.0,7.26,283,1.41
2026.108.16:46:01/wx/4.32,554.2,22.5,4.07,260,1.46
2026.108.16:47:01/wx/4.34,554.2,23.2,3.84,275,1.38
2026.108.16:48:01/wx/4.40,554.2,18.7,4.83,258,1.34
2026.108.16:49:01/wx/4.26,554.2,24.0,5.39,278,1.40
2026.108.16:50:01/wx/4.20,554.3,22.9,4.85,248,1.46
2026.108.16:51:01/wx/4.25,554.2,20.4,3.97,268,1.43
2026.108.16:52:01/wx/3.81,554.3,21.6,4.35,252,1.33
2026.108.16:53:01/wx/3.60,554.3,24.4,2.53,262,1.57
2026.108.16:54:01/wx/4.18,554.2,22.9,4.00,268,1.40
2026.108.16:55:01/wx/4.68,554.3,21.9,4.72,248,1.41
2026.108.16:56:01/wx/4.28,554.2,24.8,5.32,277,1.61
2026.108.16:57:01/wx/4.54,554.3,20.9,4.82,267,1.57
2026.108.16:58:01/wx/4.20,554.3,21.3,6.36,279,1.44
2026.108.16:59:01/wx/3.90,554.3,21.1,4.53,298,1.44
2026.108.17:00:01/wx/4.51,554.2,21.8,5.40,241,1.45
2026.108.17:01:01/wx/4.06,554.3,23.1,5.61,254,1.53
2026.108.17:02:01/wx/3.70,554.3,22.0,4.52,270,1.56
2026.108.17:03:01/wx/3.60,554.3,16.3,4.02,285,1.48
2026.108.17:04:01/wx/4.00,554.3,17.9,3.67,268,1.50
2026.108.17:05:01/wx/4.90,554.3,17.0,4.88,261,1.54
2026.108.17:06:01/wx/4.45,554.3,20.1,5.38,249,1.62
2026.108.17:07:01/wx/4.28,554.3,21.8,6.57,278,1.39
2026.108.17:08:01/wx/3.71,554.2,20.4,5.19,286,1.53
2026.108.17:09:01/wx/4.15,554.3,18.5,6.13,263,1.78
2026.108.17:10:01/wx/3.80,554.3,18.9,4.53,266,1.55
2026.108.17:11:01/wx/3.64,554.3,23.8,4.05,278,1.65
2026.108.17:12:01/wx/4.42,554.3,22.1,5.37,270,1.63
2026.108.17:13:01/wx/4.21,554.3,18.9,5.15,272,1.45
2026.108.17:14:01/wx/3.68,554.2,18.3,3.96,289,1.59
2026.108.17:15:01/wx/4.70,554.2,18.9,6.63,259,1.43
2026.108.17:16:01/wx/3.70,554.2,16.4,3.85,275,1.60
2026.108.17:17:01/wx/3.83,554.2,18.0,6.08,287,1.57
2026.108.17:18:01/wx/3.22,554.2,18.5,5.99,294,1.64
2026.108.17:19:01/wx/3.35,554.2,22.9,4.84,303,1.68
2026.108.17:20:01/wx/4.00,554.2,23.4,5.73,270,1.59
2026.108.17:21:01/wx/4.26,554.2,19.9,6.98,304,1.53
2026.108.17:22:01/wx/3.63,554.2,20.4,4.41,265,1.56
2026.108.17:23:01/wx/4.07,554.2,20.0,5.42,259,1.54
2026.108.17:24:01/wx/3.48,554.2,19.7,5.02,258,1.69
2026.108.17:25:01/wx/4.50,554.2,17.7,7.33,280,1.64
