2026.106.16:00:00;APEX Database Weather Data for Timerange of c261a
2026.106.16:00:00;The format is wx/temp[C],press[mbar],humid[%],speed[m/s],direction[deg],pwv[mm]
2026.106.16:01:00/wx/2.32,555.4,13.9,11.98,241,1.08
2026.106.16:02:00/wx/2.08,555.4,14.1,9.15,248,1.09
2026.106.16:03:00/wx/1.82,555.4,14.0,8.77,273,1.10
2026.106.16:04:00/wx/1.90,555.4,14.0,11.20,242,1.08
2026.106.16:05:00/wx/1.40,555.4,13.9,9.82,248,1.09
2026.106.16:06:00/wx/1.80,555.4,14.6,10.16,243,1.07
2026.106.16:07:00/wx/1.85,555.4,13.7,10.44,249,1.08
2026.106.16:08:00/wx/2.07,555.4,14.4,10.64,250,1.12
2026.106.16:09:00/wx/2.15,555.3,13.9,10.19,242,1.08
2026.106.16:10:00/wx/2.40,555.3,13.3,11.78,243,1.12
2026.106.16:11:00/wx/2.13,555.3,12.9,11.49,229,1.11
2026.106.16:12:00/wx/1.79,555.4,14.3,10.03,249,1.06
2026.106.16:13:00/wx/1.70,555.3,14.6,10.68,246,1.10
2026.106.16:14:00/wx/2.13,555.3,14.5,10.33,234,1.19
2026.106.16:15:00/wx/2.18,555.3,15.3,10.93,245,1.14
2026.106.16:16:00/wx/1.45,555.3,14.9,10.86,248,1.08
2026.106.16:17:00/wx/1.69,555.3,13.9,10.67,239,1.10
2026.106.16:18:00/wx/2.21,555.3,14.0,10.37,247,1.14
2026.106.16:19:00/wx/2.02,555.4,12.7,9.99,251,1.20
2026.106.16:20:00/wx/1.60,555.3,13.8,9.63,239,1.18
2026.106.16:21:00/wx/2.01,555.3,13.7,10.50,247,1.16
2026.106.16:22:00/wx/1.91,555.3,13.4,10.66,252,1.22
2026.106.16:23:00/wx/1.43,555.3,14.5,10.19,249,1.17
2026.106.16:24:00/wx/1.45,555.3,15.0,7.87,249,1.19
2026.106.16:25:00/wx/2.16,555.3,13.2,10.77,246,1.18
2026.106.16:26:00/wx/1.75,555.3,13.8,7.80,251,2.00
2026.106.16:27:00/wx/2.11,555.3,13.4,9.37,256,1.18
2026.106.16:28:00/wx/1.72,555.3,13.0,11.42,241,1.16
2026.106.16:29:00/wx/2.00,555.3,13.7,9.30,241,1.19
2026.106.16:30:00/wx/1.91,555.3,13.3,11.09,253,1.23
2026.106.16:31:00/wx/1.71,555.3,13.9,6.45,261,1.19
2026.106.16:32:00/wx/1.90,555.3,12.6,13.32,246,1.17
2026.106.16:33:00/wx/1.39,555.3,12.8,10.50,244,1.13
2026.106.16:34:00/wx/1.89,555.3,14.2,6.47,273,1.20
2026.106.16:35:00/wx/1.99,555.3,14.9,7.26,273,1.15
2026.106.16:36:00/wx/1.57,555.3,16.7,6.70,269,1.31
2026.106.16:37:00/wx/2.00,555.2,16.9,12.92,248,1.37
2026.106.16:38:00/wx/2.03,555.2,15.4,9.96,234,1.27
2026.106.16:39:00/wx/2.18,555.3,14.0,12.52,247,1.39
2026.106.16:40:00/wx/1.43,555.3,14.2,10.14,244,1.29
2026.106.16:41:00/wx/1.95,555.2,15.6,10.49,235,1.28
2026.106.16:42:00/wx/2.30,555.2,13.8,11.22,237,1.35
2026.106.16:43:00/wx/1.70,555.3,13.9,10.96,243,1.23
2026.106.16:44:00/wx/1.60,555.2,14.6,9.67,251,1.24
2026.106.16:45:00/wx/1.33,555.2,14.2,6.87,259,1.18
2026.106.16:46:00/wx/1.90,555.3,14.1,11.39,250,1.26
2026.106.16:47:00/wx/1.60,555.2,14.2,10.99,249,1.29
2026.106.16:48:00/wx/1.59,555.3,13.7,11.06,242,1.36
2026.106.16:49:00/wx/1.69,555.2,14.2,9.07,238,1.26
2026.106.16:50:00/wx/2.14,555.3,14.3,9.32,236,1.28
2026.106.16:51:00/wx/1.52,555.3,14.6,10.89,238,1.28
2026.106.16:52:00/wx/1.71,555.3,15.4,11.32,250,1.33
2026.106.16:53:00/wx/2.30,555.3,14.6,10.55,238,1.37
2026.106.16:54:00/wx/2.01,555.2,15.3,8.62,237,1.42
2026.106.16:55:00/wx/2.09,555.3,15.9,8.62,251,1.26
2026.106.16:56:00/wx/3.22,555.2,13.7,8.56,246,1.24
2026.106.16:57:00/wx/2.69,555.3,13.9,11.02,246,1.25
2026.106.16:58:00/wx/2.06,555.2,14.9,7.34,245,1.35
2026.106.16:59:00/wx/2.32,555.2,13.5,7.57,260,1.19
2026.106.17:00:00/wx/2.95,555.2,14.6,11.19,242,1.28
2026.106.17:01:00/wx/1.85,555.2,15.3,8.92,239,1.19
2026.106.17:02:00/wx/1.52,555.2,14.8,8.93,247,1.29
2026.106.17:03:00/wx/2.16,555.2,15.4,9.57,245,1.35
2026.106.17:04:00/wx/2.20,555.2,13.5,10.23,243,1.35
2026.106.17:05:00/wx/2.55,555.2,14.2,10.49,245,1.35
2026.106.17:06:00/wx/1.81,555.2,13.8,10.96,239,1.33
2026.106.17:07:00/wx/2.53,555.2,13.3,11.30,240,1.23
2026.106.17:08:00/wx/2.34,555.2,13.5,10.67,238,1.29
2026.106.17:09:00/wx/1.80,555.2,13.8,8.32,243,1.42
2026.106.17:10:00/wx/2.46,555.2,15.4,11.26,239,1.34
2026.106.17:11:00/wx/1.98,555.2,17.3,10.37,245,1.44
2026.106.17:12:00/wx/1.93,555.2,16.8,10.18,233,1.35
2026.106.17:13:00/wx/2.44,555.2,17.0,8.79,243,1.39
2026.106.17:14:00/wx/2.90,555.2,16.6,12.62,242,1.41
2026.106.17:15:00/wx/2.28,555.2,15.2,12.66,245,1.30
2026.106.17:16:00/wx/1.77,555.2,15.9,8.48,250,1.42
2026.106.17:17:00/wx/3.01,555.1,13.9,10.08,243,1.26
2026.106.17:18:00/wx/2.38,555.1,13.7,9.14,239,1.32
2026.106.17:19:00/wx/2.30,555.1,14.3,9.82,242,1.37
2026.106.17:20:00/wx/2.62,555.1,13.5,10.65,240,1.35
2026.106.17:21:00/wx/2.96,555.1,12.8,10.77,239,1.57
2026.106.17:22:00/wx/2.49,555.1,13.0,9.46,237,1.48
2026.106.17:23:00/wx/2.46,555.1,13.2,10.19,240,1.36
2026.106.17:24:00/wx/2.09,555.1,13.0,11.46,231,1.41
2026.106.17:25:00/wx/1.85,555.0,14.3,9.85,243,1.53
2026.106.17:26:00/wx/2.82,555.1,13.9,8.85,247,1.36
2026.106.17:27:00/wx/2.42,555.1,13.1,10.40,240,1.46
2026.106.17:28:00/wx/1.98,555.1,15.2,9.23,234,1.46
2026.106.17:29:00/wx/1.69,555.1,16.1,6.39,234,1.53
2026.106.17:30:00/wx/1.87,555.1,16.4,8.01,241,1.48
2026.106.17:31:00/wx/3.42,555.0,15.4,9.87,229,1.50
2026.106.17:32:00/wx/2.72,555.1,15.9,6.77,275,1.50
2026.106.17:33:00/wx/2.86,555.1,16.3,9.12,252,1.47
2026.106.17:34:00/wx/2.99,555.1,14.1,11.93,236,1.51
2026.106.17:35:00/wx/2.53,555.2,14.7,10.90,243,1.55
2026.106.17:36:00/wx/2.10,555.1,13.4,12.62,236,1.45
2026.106.17:37:00/wx/2.80,555.1,12.6,11.86,246,1.47
2026.106.17:38:00/wx/2.15,555.1,14.4,8.27,256,1.46
2026.106.17:39:00/wx/2.32,555.1,14.6,13.56,244,1.60
2026.106.17:40:00/wx/2.23,555.1,14.5,12.69,241,1.59
2026.106.17:41:00/wx/3.10,555.1,13.9,9.82,237,1.42
2026.106.17:42:00/wx/2.34,555.1,14.6,10.39,241,1.48
2026.106.17:43:00/wx/2.32,555.1,15.9,7.80,277,1.49
2026.106.17:44:00/wx/2.90,555.1,14.5,10.90,245,1.44
2026.106.17:45:00/wx/2.02,555.1,13.8,9.06,249,1.43
2026.106.17:46:00/wx/2.40,555.1,14.2,8.72,244,1.51
2026.106.17:47:00/wx/2.65,555.1,14.0,10.11,249,1.51
2026.106.17:48:00/wx/3.43,555.0,14.9,11.83,234,1.57
2026.106.17:49:00/wx/2.40,555.0,15.1,8.81,239,1.61
2026.106.17:50:00/wx/1.94,555.0,16.0,9.92,229,1.57
2026.106.17:51:00/wx/3.22,555.0,15.6,6.15,262,1.48
2026.106.17:52:00/wx/3.62,555.0,15.3,9.26,270,1.50
2026.106.17:53:00/wx/2.01,555.0,16.9,7.30,280,1.55
2026.106.17:54:00/wx/1.78,555.0,17.7,8.29,273,1.45
2026.106.17:55:00/wx/1.82,555.0,18.2,8.88,253,1.56
2026.106.17:56:00/wx/2.01,555.0,14.8,11.63,236,1.58
2026.106.17:57:00/wx/2.35,555.0,16.1,10.97,248,1.68
2026.106.17:58:00/wx/2.30,555.0,17.0,7.25,250,1.45
2026.106.17:59:00/wx/2.53,555.0,16.3,10.30,240,1.50
2026.106.18:00:00/wx/2.87,555.0,15.7,10.32,242,1.54
2026.106.18:01:00/wx/2.61,555.0,15.9,6.11,248,1.47
2026.106.18:02:00/wx/2.82,554.9,14.4,9.50,227,1.45
2026.106.18:03:00/wx/2.21,554.9,15.5,11.07,239,1.54
2026.106.18:04:00/wx/2.03,554.9,15.5,11.42,241,1.45
2026.106.18:05:00/wx/1.90,554.9,15.9,10.13,252,1.49
2026.106.18:06:00/wx/2.16,554.9,17.8,8.10,287,1.52
2026.106.18:07:00/wx/2.08,554.9,18.9,9.28,273,1.55
2026.106.18:08:00/wx/1.30,555.0,18.8,7.33,278,1.59
2026.106.18:09:00/wx/1.16,554.8,18.8,2.85,237,1.54
2026.106.18:10:00/wx/1.95,554.8,18.5,8.09,285,1.51
2026.106.18:11:00/wx/2.32,554.9,16.8,6.33,254,1.54
2026.106.18:12:00/wx/2.68,554.8,17.1,9.75,236,1.62
2026.106.18:13:00/wx/2.50,554.8,16.4,10.43,239,1.58
2026.106.18:14:00/wx/3.74,554.9,14.6,11.02,237,1.57
2026.106.18:15:00/wx/3.80,554.9,13.3,11.48,231,1.57
2026.106.18:16:00/wx/2.59,554.9,14.4,7.77,249,1.58
2026.106.18:17:00/wx/2.29,554.9,15.1,10.38,248,1.69
2026.106.18:18:00/wx/2.20,554.9,16.0,8.92,252,1.80
2026.106.18:19:00/wx/2.58,554.9,16.4,11.23,243,1.82
2026.106.18:20:00/wx/1.72,554.9,15.3,7.90,235,1.68
2026.106.18:21:00/wx/2.48,554.9,16.0,10.28,244,1.59
2026.106.18:22:00/wx/2.64,554.9,16.7,9.81,239,1.61
2026.106.18:23:00/wx/2.10,554.9,16.0,12.32,243,1.68
2026.106.18:24:00/wx/1.90,554.9,16.3,10.58,236,1.63
2026.106.18:25:00/wx/2.20,554.9,16.3,10.60,243,1.61
2026.106.18:26:00/wx/1.60,554.9,14.7,9.90,241,1.65
2026.106.18:27:00/wx/2.13,554.8,15.5,13.27,235,1.78
2026.106.18:28:00/wx/1.91,554.9,16.3,10.91,245,1.62
2026.106.18:29:00/wx/1.49,554.8,17.4,10.08,240,1.74
2026.106.18:30:00/wx/1.78,554.8,17.3,12.06,245,1.69
2026.106.18:31:00/wx/2.15,554.8,14.7,10.75,242,1.53
2026.106.18:32:00/wx/2.20,554.8,15.0,13.13,240,1.62
2026.106.18:33:00/wx/1.90,554.9,16.6,7.95,255,1.71
2026.106.18:34:00/wx/1.46,554.9,16.1,10.25,248,1.64
2026.106.18:35:00/wx/1.71,554.9,17.5,7.06,257,1.63
2026.106.18:36:00/wx/2.23,554.9,18.1,8.99,235,1.63
2026.106.18:37:00/wx/2.66,554.8,16.6,9.06,225,1.65
2026.106.18:38:00/wx/1.80,554.8,17.5,9.46,244,1.73
2026.106.18:39:00/wx/1.81,554.8,18.3,14.14,245,1.78
2026.106.18:40:00/wx/1.58,554.8,18.2,10.97,239,1.75
2026.106.18:41:00/wx/2.66,554.9,16.8,11.01,249,1.59
2026.106.18:42:00/wx/2.37,554.9,17.4,8.38,263,1.74
2026.106.18:43:00/wx/2.90,554.9,16.9,8.42,282,1.69
2026.106.18:44:00/wx/1.77,554.8,17.3,6.39,263,1.76
2026.106.18:45:00/wx/2.41,554.9,17.0,7.45,282,1.62
2026.106.18:46:00/wx/2.68,554.9,16.6,6.70,262,1.69
2026.106.18:47:00/wx/2.00,554.8,16.4,6.34,274,1.71
2026.106.18:48:00/wx/2.80,554.8,15.9,12.56,246,1.60
2026.106.18:49:00/wx/2.75,554.8,16.4,10.10,243,1.67
2026.106.18:50:00/wx/2.20,554.8,17.6,10.82,247,1.65
2026.106.18:51:00/wx/2.28,554.8,17.8,9.25,249,1.66
2026.106.18:52:00/wx/1.76,554.8,17.5,10.14,243,1.60
2026.106.18:53:00/wx/2.20,554.8,16.9,7.52,270,1.61
2026.106.18:54:00/wx/1.77,554.8,18.0,5.95,275,1.68
2026.106.18:55:00/wx/2.00,554.8,18.2,9.03,253,1.61
2026.106.18:56:00/wx/2.59,554.8,17.1,7.65,263,1.68
2026.106.18:57:00/wx/1.53,554.8,18.4,6.39,268,1.64
2026.106.18:58:00/wx/1.62,554.7,19.6,5.82,273,1.69
2026.106.18:59:00/wx/2.51,554.7,18.7,8.10,257,1.66
2026.106.19:00:00/wx/2.60,554.8,18.2,7.63,282,1.75
2026.106.19:01:00/wx/2.27,554.8,18.0,7.36,278,1.79
2026.106.19:02:00/wx/2.31,554.7,17.3,8.10,283,1.70
2026.106.19:03:00/wx/2.34,554.8,15.9,8.63,272,1.68
2026.106.19:04:00/wx/2.04,554.8,16.1,6.80,275,1.71
2026.106.19:05:00/wx/1.74,554.7,16.8,6.89,274,1.82
2026.106.19:06:00/wx/2.37,554.7,14.7,9.58,248,1.79
2026.106.19:07:00/wx/1.72,554.7,15.2,7.18,253,1.71
2026.106.19:08:00/wx/2.05,554.7,15.3,8.93,280,1.57
2026.106.19:09:00/wx/1.76,554.7,15.3,6.62,275,1.60
2026.106.19:10:00/wx/1.49,554.7,16.1,4.40,271,1.66
2026.106.19:11:00/wx/1.95,554.7,16.3,10.93,248,1.76
2026.106.19:12:00/wx/1.80,554.7,17.1,7.76,277,1.58
2026.106.19:13:00/wx/1.78,554.7,16.6,8.38,258,1.59
2026.106.19:14:00/wx/1.38,554.7,15.8,8.90,247,1.59
2026.106.19:15:00/wx/1.89,554.7,15.3,6.28,260,1.61
2026.106.19:16:00/wx/2.41,554.7,15.3,10.50,252,1.74
2026.106.19:17:00/wx/2.73,554.7,15.7,6.74,261,1.81
2026.106.19:18:00/wx/1.59,554.7,16.3,9.65,251,1.70
2026.106.19:19:00/wx/1.24,554.6,17.2,9.55,240,1.74
2026.106.19:20:00/wx/1.99,554.7,17.6,8.51,256,1.64
2026.106.19:21:00/wx/2.07,554.7,17.9,9.76,260,1.64
2026.106.19:22:00/wx/1.80,554.6,17.6,6.42,258,1.61
2026.106.19:23:00/wx/1.90,554.6,17.0,9.86,232,1.66
2026.106.19:24:00/wx/1.48,554.6,17.0,11.15,238,1.63
2026.106.19:25:00/wx/1.30,554.6,16.6,7.32,237,1.62
2026.106.19:26:00/wx/1.85,554.6,16.2,7.02,264,1.71
2026.106.19:27:00/wx/1.80,554.7,16.1,8.13,271,1.69
2026.106.19:28:00/wx/1.94,554.6,17.0,5.87,269,1.67
2026.106.19:29:00/wx/2.30,554.7,16.2,9.71,251,1.67
2026.106.19:30:00/wx/2.20,554.7,15.4,10.84,248,1.64
2026.106.19:31:00/wx/1.95,554.7,15.1,7.82,236,1.60
2026.106.19:32:00/wx/1.50,554.7,15.4,6.62,252,1.61
2026.106.19:33:00/wx/1.37,554.7,16.7,10.80,253,1.65
2026.106.19:34:00/wx/1.10,554.7,16.4,9.53,244,1.82
2026.106.19:35:00/wx/1.98,554.7,15.6,11.12,247,1.79
2026.106.19:36:00/wx/1.30,554.7,17.2,6.49,268,1.88
2026.106.19:37:00/wx/1.40,554.7,18.1,8.42,248,1.88
2026.106.19:38:00/wx/1.50,554.7,17.6,12.15,249,2.08
2026.106.19:39:00/wx/1.19,554.7,18.0,5.49,273,1.99
2026.106.19:40:00/wx/1.50,554.7,17.4,11.30,242,2.13
2026.106.19:41:00/wx/1.57,554.7,16.1,7.37,242,2.11
2026.106.19:42:00/wx/1.08,554.7,17.0,9.73,248,2.03
2026.106.19:43:00/wx/1.25,554.7,16.8,9.87,245,2.03
2026.106.19:44:00/wx/1.23,554.7,15.4,9.20,248,2.11
2026.106.19:45:00/wx/1.28,554.7,16.7,10.18,241,1.93
2026.106.19:46:00/wx/1.60,554.7,14.0,11.18,242,1.95
2026.106.19:47:00/wx/1.93,554.7,14.6,9.22,248,1.93
2026.106.19:48:00/wx/1.82,554.7,15.7,10.11,239,1.94
2026.106.19:49:00/wx/1.72,554.7,16.3,9.22,250,1.93
2026.106.19:50:00/wx/1.08,554.7,17.4,8.87,248,2.06
2026.106.19:51:00/wx/1.40,554.7,17.8,7.53,249,2.04
2026.106.19:52:00/wx/1.79,554.7,17.1,9.54,249,2.21
2026.106.19:53:00/wx/1.69,554.7,15.9,8.79,233,2.16
2026.106.19:54:00/wx/1.51,554.8,16.5,8.59,252,2.13
2026.106.19:55:00/wx/1.13,554.8,15.9,10.88,243,2.12
2026.106.19:56:00/wx/0.95,554.8,16.1,8.43,249,2.11
2026.106.19:57:00/wx/1.13,554.7,15.6,6.57,251,2.06
2026.106.19:58:00/wx/1.92,554.8,15.4,9.36,235,2.14
2026.106.19:59:00/wx/1.81,554.8,14.4,8.04,241,2.09
2026.106.20:00:00/wx/2.18,554.8,14.2,9.15,250,2.18
2026.106.20:01:00/wx/2.10,554.8,16.1,8.19,257,2.15
2026.106.20:02:00/wx/1.89,554.7,15.0,9.65,250,1.97
2026.106.20:03:00/wx/1.73,554.8,15.1,10.42,243,2.11
2026.106.20:04:00/wx/2.00,554.7,14.9,9.73,244,1.94
2026.106.20:05:00/wx/2.08,554.8,14.6,8.33,252,1.92
2026.106.20:06:00/wx/1.82,554.8,14.6,9.50,243,1.96
2026.106.20:07:00/wx/2.36,554.8,13.8,9.14,251,1.91
2026.106.20:08:00/wx/1.94,554.8,14.5,8.46,247,1.92
2026.106.20:09:00/wx/2.00,554.8,15.0,7.72,240,2.06
2026.106.20:10:00/wx/1.87,554.8,16.0,11.21,241,1.94
2026.106.20:11:00/wx/1.86,554.8,17.0,7.85,235,2.09
2026.106.20:12:00/wx/1.80,554.8,16.2,8.62,258,2.21
2026.106.20:13:00/wx/2.06,554.8,16.0,8.58,266,2.01
2026.106.20:14:00/wx/1.50,554.8,16.2,10.93,247,2.09
2026.106.20:15:00/wx/1.30,554.8,17.0,6.25,259,2.15
2026.106.20:16:00/wx/1.20,554.8,15.7,11.40,245,2.15
2026.106.20:17:00/wx/1.15,554.8,16.2,7.38,276,2.11
2026.106.20:18:00/wx/0.96,554.8,16.7,6.61,271,2.11
2026.106.20:19:00/wx/1.19,554.8,16.4,11.54,240,2.18
2026.106.20:20:00/wx/1.21,554.9,16.1,11.81,247,2.19
2026.106.20:21:00/wx/1.40,554.9,15.9,10.87,250,2.06
2026.106.20:22:00/wx/1.10,554.9,15.6,9.01,247,2.04
2026.106.20:23:00/wx/0.86,554.8,15.7,6.99,261,2.16
2026.106.20:24:00/wx/1.09,554.9,14.8,13.02,247,2.10
2026.106.20:25:00/wx/0.78,554.9,15.1,7.48,258,2.03
2026.106.20:26:00/wx/1.29,554.8,14.6,7.73,241,2.05
2026.106.20:27:00/wx/1.52,554.8,14.4,10.57,238,2.11
2026.106.20:28:00/wx/1.01,554.8,15.0,10.72,241,2.07
2026.106.20:29:00/wx/1.20,554.9,15.1,10.52,246,2.04
2026.106.20:30:00/wx/0.85,554.9,15.1,9.45,249,2.01
2026.106.20:31:00/wx/0.90,554.9,14.9,8.14,282,2.09
2026.106.20:32:00/wx/0.57,554.9,14.3,10.43,282,2.05
2026.106.20:33:00/wx/0.79,554.9,13.8,8.56,270,2.07
2026.106.20:34:00/wx/0.50,554.9,13.4,5.02,272,2.10
2026.106.20:35:00/wx/0.70,554.9,12.8,5.93,269,2.03
2026.106.20:36:00/wx/0.90,554.9,12.1,9.53,252,2.00
2026.106.20:37:00/wx/0.89,554.9,11.8,8.63,266,1.92
2026.106.20:38:00/wx/0.88,554.9,11.8,8.12,253,1.97
2026.106.20:39:00/wx/0.67,554.9,11.6,6.91,275,1.83
2026.106.20:40:00/wx/0.69,554.9,11.3,8.00,252,1.88
2026.106.20:41:00/wx/0.70,554.9,11.3,9.03,274,1.85
2026.106.20:42:00/wx/0.59,554.9,11.1,6.43,257,1.84
2026.106.20:43:00/wx/0.67,554.9,11.2,7.41,256,1.94
2026.106.20:44:00/wx/0.81,554.9,11.3,6.99,279,1.90
2026.106.20:45:00/wx/0.80,554.9,11.2,7.90,260,1.92
2026.106.20:46:00/wx/0.40,554.9,11.2,7.93,258,1.92
2026.106.20:47:00/wx/0.47,554.9,11.5,7.83,271,1.90
2026.106.20:48:00/wx/0.10,554.9,11.5,8.03,253,1.93
2026.106.20:49:00/wx/0.19,554.9,11.8,7.35,267,1.92
2026.106.20:50:00/wx/0.10,554.9,12.1,6.88,265,1.89
2026.106.20:51:00/wx/0.10,554.9,12.4,7.93,260,1.89
2026.106.20:52:00/wx/0.14,554.9,13.0,7.73,267,1.84
2026.106.20:53:00/wx/0.38,554.9,13.2,7.16,268,1.85
2026.106.20:54:00/wx/0.50,554.9,13.4,8.45,260,1.86
2026.106.20:55:00/wx/0.36,554.9,13.7,7.17,272,1.83
2026.106.20:56:00/wx/0.30,554.9,14.4,7.53,264,1.86
2026.106.20:57:00/wx/0.61,554.9,15.9,11.14,247,1.87
2026.106.20:58:00/wx/0.49,554.8,16.9,9.59,244,1.92
2026.106.20:59:00/wx/1.17,554.9,15.4,7.23,276,1.90
2026.106.21:00:00/wx/0.99,554.9,14.6,7.84,252,1.97
2026.106.21:01:00/wx/0.79,554.9,14.6,6.87,267,1.97
2026.106.21:02:00/wx/0.65,554.9,16.2,11.08,240,1.94
2026.106.21:03:00/wx/0.69,554.9,17.2,9.41,243,1.99
2026.106.21:04:00/wx/0.50,554.9,17.6,9.89,254,1.88
2026.106.21:05:00/wx/0.53,554.9,17.2,10.00,233,1.88
2026.106.21:06:00/wx/0.41,554.9,16.9,9.58,246,1.91
2026.106.21:07:00/wx/0.60,554.9,16.8,10.99,235,1.90
2026.106.21:08:00/wx/0.50,554.9,16.7,11.03,244,1.81
2026.106.21:09:00/wx/0.42,554.9,16.9,11.84,239,2.05
2026.106.21:10:00/wx/0.30,555.0,16.8,10.77,250,2.00
2026.106.21:11:00/wx/0.19,554.9,16.8,9.82,250,2.03
2026.106.21:12:00/wx/0.10,554.9,17.0,6.69,256,2.07
2026.106.21:13:00/wx/0.39,554.9,16.7,10.00,245,2.09
2026.106.21:14:00/wx/0.60,554.9,17.4,10.76,243,2.21
2026.106.21:15:00/wx/0.31,555.0,17.4,10.51,245,2.19
2026.106.21:16:00/wx/0.20,555.0,18.5,12.03,249,2.17
2026.106.21:17:00/wx/0.20,554.9,19.2,9.37,242,2.06
2026.106.21:18:00/wx/0.30,554.9,19.4,12.02,245,2.14
2026.106.21:19:00/wx/-0.14,555.0,19.9,8.77,250,2.16
2026.106.21:20:00/wx/0.00,555.0,20.2,9.14,247,2.16
2026.106.21:21:00/wx/0.32,554.9,20.1,9.63,238,2.17
2026.106.21:22:00/wx/0.50,555.0,19.9,10.30,241,2.32
2026.106.21:23:00/wx/0.20,555.0,20.4,11.12,245,2.31
2026.106.21:24:00/wx/0.00,555.0,20.5,9.25,248,2.26
2026.106.21:25:00/wx/0.39,555.0,20.1,11.58,237,2.29
2026.106.21:26:00/wx/0.22,555.0,20.4,7.16,245,2.36
2026.106.21:27:00/wx/0.34,555.0,20.4,9.06,242,2.32
2026.106.21:28:00/wx/0.10,554.9,20.6,9.12,245,2.29
2026.106.21:29:00/wx/-0.11,554.9,20.7,9.51,247,2.27
2026.106.21:30:00/wx/-0.10,555.0,21.0,11.29,243,2.30
2026.106.21:31:00/wx/-0.28,554.9,21.2,8.64,243,2.26
2026.106.21:32:00/wx/-0.20,555.0,20.6,8.38,250,2.20
2026.106.21:33:00/wx/-0.10,554.9,20.5,9.62,243,2.20
2026.106.21:34:00/wx/0.05,554.9,20.6,8.30,249,2.08
2026.106.21:35:00/wx/-0.08,555.0,19.9,6.68,256,2.21
2026.106.21:36:00/wx/-0.28,555.0,21.7,12.20,242,2.24
2026.106.21:37:00/wx/-0.27,555.0,22.3,7.79,246,2.23
2026.106.21:38:00/wx/-0.30,555.0,23.0,9.02,249,2.29
2026.106.21:39:00/wx/-0.20,555.0,22.8,8.69,241,2.21
2026.106.21:40:00/wx/-0.20,555.0,22.8,7.88,242,2.29
2026.106.21:41:00/wx/-0.20,555.0,23.9,8.83,242,2.31
2026.106.21:42:00/wx/-0.10,555.1,23.5,12.07,245,2.19
2026.106.21:43:00/wx/-0.30,555.0,23.2,10.93,245,2.17
2026.106.21:44:00/wx/-0.33,555.0,23.7,10.07,240,2.24
2026.106.21:45:00/wx/-0.30,555.0,24.0,8.93,248,2.23
2026.106.21:46:00/wx/-0.40,555.1,24.1,11.05,240,2.22
2026.106.21:47:00/wx/-0.20,555.0,23.1,9.56,241,2.24
2026.106.21:48:00/wx/-0.40,555.1,23.3,8.97,243,2.21
2026.106.21:49:00/wx/-0.40,555.1,25.0,10.68,242,2.20
2026.106.21:50:00/wx/-0.60,555.0,26.1,10.82,243,2.13
2026.106.21:51:00/wx/-0.60,555.0,25.8,10.53,246,2.22
2026.106.21:52:00/wx/-0.47,555.0,25.6,10.30,244,2.28
2026.106.21:53:00/wx/-0.71,555.1,25.8,8.61,249,2.23
2026.106.21:54:00/wx/-0.86,555.1,25.7,6.97,259,2.28
2026.106.21:55:00/wx/-0.80,555.0,25.5,8.72,247,2.25
2026.106.21:56:00/wx/-0.80,555.1,25.1,9.40,245,2.19
2026.106.21:57:00/wx/-0.80,555.1,26.3,10.42,248,2.39
2026.106.21:58:00/wx/-0.90,555.1,27.6,8.35,251,2.33
2026.106.21:59:00/wx/-0.80,555.1,27.9,8.91,256,2.30
2026.106.22:00:00/wx/-0.80,555.1,27.7,7.93,247,2.31
2026.106.22:01:00/wx/-0.83,555.1,27.5,9.15,241,2.33
2026.106.22:02:00/wx/-0.99,555.1,29.5,9.41,248,2.42
2026.106.22:03:00/wx/-1.10,555.1,31.0,9.06,246,2.46
2026.106.22:04:00/wx/-1.10,555.1,31.2,7.64,248,2.41
2026.106.22:05:00/wx/-1.10,555.1,31.3,10.02,243,2.43
2026.106.22:06:00/wx/-1.13,555.1,30.7,9.89,243,2.38
2026.106.22:07:00/wx/-1.20,555.1,30.8,8.74,251,2.39
2026.106.22:08:00/wx/-1.20,555.1,30.7,8.69,247,2.45
2026.106.22:09:00/wx/-1.20,555.1,30.4,8.70,249,2.42
2026.106.22:10:00/wx/-1.20,555.1,30.2,8.13,251,2.45
2026.106.22:11:00/wx/-1.30,555.1,31.1,7.72,253,2.50
2026.106.22:12:00/wx/-1.30,555.1,31.2,5.97,260,2.39
2026.106.22:13:00/wx/-1.40,555.1,32.0,8.55,247,2.51
2026.106.22:14:00/wx/-1.50,555.1,32.6,9.76,247,2.49
2026.106.22:15:00/wx/-1.50,555.2,32.7,9.85,246,2.52
2026.106.22:16:00/wx/-1.54,555.2,33.0,9.67,247,2.57
2026.106.22:17:00/wx/-1.60,555.2,34.4,7.19,253,2.57
2026.106.22:18:00/wx/-1.62,555.2,35.3,7.76,249,2.57
2026.106.22:19:00/wx/-1.60,555.2,35.5,5.66,265,2.63
2026.106.22:20:00/wx/-1.40,555.2,35.7,6.14,260,2.64
2026.106.22:21:00/wx/-1.40,555.2,36.3,5.22,260,2.62
2026.106.22:22:00/wx/-1.60,555.2,40.5,6.17,255,2.76
2026.106.22:23:00/wx/-1.78,555.2,43.0,6.58,259,2.77
2026.106.22:24:00/wx/-1.62,555.2,42.2,5.68,263,2.61
2026.106.22:25:00/wx/-1.70,555.2,40.2,5.26,276,2.62
2026.106.22:26:00/wx/-1.75,555.2,39.3,6.89,279,2.57
2026.106.22:27:00/wx/-1.80,555.2,41.3,5.63,276,2.62
2026.106.22:28:00/wx/-1.80,555.2,43.3,5.90,277,2.75
2026.106.22:29:00/wx/-1.82,555.2,44.2,7.36,256,2.69
2026.106.22:30:00/wx/-1.80,555.2,44.6,5.34,268,2.72
2026.106.22:31:00/wx/-1.80,555.2,46.5,6.02,266,2.74
2026.106.22:32:00/wx/-1.90,555.2,47.0,6.96,254,2.75
2026.106.22:33:00/wx/-1.90,555.2,47.7,5.48,263,2.77
2026.106.22:34:00/wx/-1.90,555.3,47.9,6.92,266,2.79
2026.106.22:35:00/wx/-1.90,555.3,47.8,6.17,276,2.78
2026.106.22:36:00/wx/-2.00,555.2,48.4,5.31,269,2.78
2026.106.22:37:00/wx/-2.20,555.2,49.0,4.59,280,2.54
2026.106.22:38:00/wx/-2.20,555.3,49.7,5.32,273,2.60
2026.106.22:39:00/wx/-2.10,555.2,50.2,5.92,277,2.59
2026.106.22:40:00/wx/-2.00,555.3,50.1,5.72,259,2.63
2026.106.22:41:00/wx/-2.20,555.3,50.5,6.02,267,2.67
2026.106.22:42:00/wx/-2.10,555.3,51.4,4.13,272,2.67
2026.106.22:43:00/wx/-2.20,555.3,52.2,6.69,256,2.70
2026.106.22:44:00/wx/-2.10,555.3,52.5,5.35,271,2.70
2026.106.22:45:00/wx/-2.10,555.3,52.2,5.06,260,2.76
2026.106.22:46:00/wx/-2.15,555.3,52.4,5.82,261,2.75
2026.106.22:47:00/wx/-2.20,555.3,52.6,4.73,276,2.76
2026.106.22:48:00/wx/-2.30,555.3,53.1,6.09,276,2.77
2026.106.22:49:00/wx/-2.31,555.3,53.7,5.84,268,2.79
2026.106.22:50:00/wx/-2.19,555.3,53.9,6.23,277,2.82
2026.106.22:51:00/wx/-2.30,555.3,54.7,5.98,267,2.82
2026.106.22:52:00/wx/-2.20,555.3,55.2,7.23,271,2.85
2026.106.22:53:00/wx/-2.20,555.3,55.5,5.89,264,2.81
2026.106.22:54:00/wx/-2.30,555.3,55.7,5.07,265,2.86
2026.106.22:55:00/wx/-2.30,555.3,56.0,7.70,253,2.89
2026.106.22:56:00/wx/-2.30,555.4,55.7,5.88,258,2.88
2026.106.22:57:00/wx/-2.40,555.4,56.1,7.23,256,2.89
2026.106.22:58:00/wx/-2.40,555.4,55.9,5.46,266,2.90
2026.106.22:59:00/wx/-2.40,555.4,56.1,6.00,263,2.88
2026.106.23:00:00/wx/-2.40,555.4,56.1,6.27,278,2.86
2026.106.23:01:00/wx/-2.60,555.4,56.2,6.77,280,2.87
2026.106.23:02:00/wx/-2.70,555.4,56.6,5.62,278,2.90
2026.106.23:03:00/wx/-2.55,555.4,57.0,5.85,273,2.93
2026.106.23:04:00/wx/-2.50,555.4,55.8,5.86,261,2.92
2026.106.23:05:00/wx/-2.60,555.4,55.4,6.05,257,2.92
2026.106.23:06:00/wx/-2.76,555.4,55.5,7.98,250,2.91
2026.106.23:07:00/wx/-2.80,555.5,56.1,4.91,258,2.90
2026.106.23:08:00/wx/-2.74,555.5,55.7,5.37,268,2.89
2026.106.23:09:00/wx/-2.89,555.4,55.5,6.19,252,2.89
2026.106.23:10:00/wx/-2.88,555.5,55.6,7.06,252,2.93
2026.106.23:11:00/wx/-3.08,555.5,55.8,6.66,249,2.92
2026.106.23:12:00/wx/-3.10,555.5,55.8,4.42,257,2.92
2026.106.23:13:00/wx/-2.95,555.5,55.8,7.45,252,2.90
2026.106.23:14:00/wx/-2.90,555.5,55.3,6.31,253,2.88
2026.106.23:15:00/wx/-3.00,555.5,55.5,4.92,256,2.89
2026.106.23:16:00/wx/-3.00,555.5,55.8,6.82,249,2.89
2026.106.23:17:00/wx/-3.10,555.5,55.8,6.14,253,2.90
2026.106.23:18:00/wx/-3.10,555.5,55.9,4.90,260,2.91
2026.106.23:19:00/wx/-3.00,555.5,56.1,4.86,259,2.92
2026.106.23:20:00/wx/-3.00,555.5,56.1,5.64,256,4.09
2026.106.23:21:00/wx/-2.98,555.6,55.9,5.81,250,3.10
2026.106.23:22:00/wx/-3.20,555.5,56.2,5.90,249,3.14
2026.106.23:23:00/wx/-3.30,555.6,56.7,6.55,251,3.11
2026.106.23:24:00/wx/-3.30,555.6,56.8,4.81,251,3.12
2026.106.23:25:00/wx/-3.30,555.6,57.1,4.88,259,3.11
2026.106.23:26:00/wx/-3.28,555.6,57.1,5.07,254,3.08
2026.106.23:27:00/wx/-3.30,555.6,57.2,4.54,260,3.10
2026.106.23:28:00/wx/-3.30,555.6,57.2,5.22,256,3.08
2026.106.23:29:00/wx/-3.20,555.6,57.6,4.53,263,3.03
2026.106.23:30:00/wx/-3.33,555.6,58.6,5.99,253,3.00
2026.106.23:31:00/wx/-3.69,555.6,59.6,7.24,248,3.02
2026.106.23:32:00/wx/-3.80,555.6,60.5,7.80,247,2.93
2026.106.23:33:00/wx/-3.90,555.6,61.4,6.25,249,2.96
2026.106.23:34:00/wx/-4.00,555.6,62.0,5.83,249,2.91
2026.106.23:35:00/wx/-3.90,555.6,62.5,5.86,248,2.88
2026.106.23:36:00/wx/-3.90,555.6,62.6,5.15,251,2.82
2026.106.23:37:00/wx/-3.89,555.5,62.8,5.57,254,2.79
2026.106.23:38:00/wx/-3.80,555.5,62.3,4.57,253,2.75
2026.106.23:39:00/wx/-3.90,555.6,62.4,3.92,254,2.66
2026.106.23:40:00/wx/-3.94,555.5,62.4,4.28,251,2.61
2026.106.23:41:00/wx/-3.90,555.6,62.4,3.50,254,2.54
2026.106.23:42:00/wx/-4.00,555.5,62.3,3.93,250,2.57
2026.106.23:43:00/wx/-4.30,555.6,62.3,3.15,244,2.57
2026.106.23:44:00/wx/-4.40,555.5,63.2,2.82,251,2.58
2026.106.23:45:00/wx/-4.50,555.5,63.4,3.07,245,2.60
2026.106.23:46:00/wx/-4.60,555.5,63.3,3.34,240,2.65
2026.106.23:47:00/wx/-4.70,555.5,63.4,2.53,254,2.69
2026.106.23:48:00/wx/-4.64,555.5,64.0,2.67,252,2.65
2026.106.23:49:00/wx/-4.80,555.5,64.1,3.02,241,2.62
2026.106.23:50:00/wx/-4.80,555.5,64.5,3.18,236,2.57
2026.106.23:51:00/wx/-4.70,555.5,65.0,3.16,235,2.55
2026.106.23:52:00/wx/-4.58,555.5,65.0,3.93,235,2.53
2026.106.23:53:00/wx/-4.50,555.6,64.6,4.10,228,2.54
2026.106.23:54:00/wx/-4.50,555.6,64.5,4.90,227,2.52
2026.106.23:55:00/wx/-4.46,555.6,64.1,4.62,227,2.57
2026.106.23:56:00/wx/-4.40,555.5,63.6,4.52,227,2.51
2026.106.23:57:00/wx/-4.40,555.6,63.7,4.45,228,2.48
2026.106.23:58:00/wx/-4.50,555.5,63.6,3.93,229,2.41
2026.106.23:59:00/wx/-4.50,555.5,63.6,4.23,230,2.39
2026.107.00:00:00/wx/-4.50,555.5,63.4,4.48,227,2.40
2026.107.00:01:00/wx/-4.50,555.5,63.5,4.40,230,2.36
2026.107.00:02:00/wx/-4.50,555.5,63.4,4.10,234,2.33
2026.107.00:03:00/wx/-4.50,555.5,63.4,4.01,234,2.37
2026.107.00:04:00/wx/-4.61,555.6,63.3,3.52,237,2.41
2026.107.00:05:00/wx/-4.95,555.6,63.9,4.49,233,2.39
2026.107.00:06:00/wx/-4.70,555.6,64.3,3.82,230,2.35
2026.107.00:07:00/wx/-4.87,555.6,63.8,4.11,238,2.29
2026.107.00:08:00/wx/-4.72,555.6,64.2,3.57,233,2.29
2026.107.00:09:00/wx/-4.79,555.6,63.9,3.57,234,2.22
2026.107.00:10:00/wx/-4.70,555.6,63.8,3.89,232,2.26
2026.107.00:11:00/wx/-4.70,555.6,63.6,3.14,241,2.28
2026.107.00:12:00/wx/-4.90,555.5,63.6,2.78,248,2.18
2026.107.00:13:00/wx/-4.90,555.5,64.4,2.44,252,2.16
2026.107.00:14:00/wx/-5.00,555.5,64.3,1.51,266,2.22
2026.107.00:15:00/wx/-5.00,555.5,64.6,1.55,264,2.19
2026.107.00:16:00/wx/-5.10,555.5,64.6,1.53,293,2.19
2026.107.00:17:00/wx/-5.20,555.5,64.6,1.41,300,2.20
2026.107.00:18:00/wx/-5.50,555.5,64.8,1.64,284,2.16
2026.107.00:19:00/wx/-5.60,555.6,66.1,1.14,321,2.13
2026.107.00:20:00/wx/-5.54,555.6,66.9,1.40,320,2.15
2026.107.00:21:00/wx/-5.40,555.5,66.3,2.73,339,2.14
2026.107.00:22:00/wx/-5.10,555.5,65.6,2.17,347,2.12
2026.107.00:23:00/wx/-5.01,555.5,65.2,2.69,337,2.10
2026.107.00:24:00/wx/-5.00,555.5,65.1,2.72,324,2.08
2026.107.00:25:00/wx/-5.00,555.5,65.2,1.94,313,2.09
2026.107.00:26:00/wx/-5.00,555.5,65.2,1.83,295,2.06
2026.107.00:27:00/wx/-4.90,555.6,64.7,2.38,312,2.05
2026.107.00:28:00/wx/-4.90,555.5,64.6,2.16,327,1.97
2026.107.00:29:00/wx/-4.90,555.5,64.8,1.84,323,1.94
2026.107.00:30:00/wx/-4.83,555.5,65.0,1.70,317,1.95
2026.107.00:31:00/wx/-4.80,555.5,65.2,1.73,299,1.91
2026.107.00:32:00/wx/-4.80,555.5,65.2,0.89,278,1.89
2026.107.00:33:00/wx/-4.80,555.5,65.0,0.73,261,1.84
2026.107.00:34:00/wx/-4.80,555.5,64.7,0.93,268,1.80
2026.107.00:35:00/wx/-4.80,555.5,64.6,1.08,254,1.82
2026.107.00:36:00/wx/-4.70,555.5,64.5,1.03,247,1.83
2026.107.00:37:00/wx/-4.70,555.5,64.8,0.97,232,1.81
2026.107.00:38:00/wx/-4.70,555.5,64.3,1.12,232,1.80
2026.107.00:39:00/wx/-4.70,555.5,64.3,0.95,238,1.77
2026.107.00:40:00/wx/-4.80,555.5,64.6,1.17,214,1.73
2026.107.00:41:00/wx/-4.90,555.5,65.0,1.02,217,1.72
2026.107.00:42:00/wx/-4.90,555.5,64.8,0.63,245,1.70
2026.107.00:43:00/wx/-4.90,555.5,65.3,0.91,255,1.72
2026.107.00:44:00/wx/-4.90,555.5,65.3,0.98,251,1.70
2026.107.00:45:00/wx/-4.90,555.5,65.1,0.98,259,1.68
2026.107.00:46:00/wx/-4.90,555.5,65.1,0.63,274,1.66
2026.107.00:47:00/wx/-5.00,555.5,65.1,1.03,279,1.64
2026.107.00:48:00/wx/-5.00,555.5,65.3,0.92,253,1.63
2026.107.00:49:00/wx/-4.90,555.5,65.5,1.30,255,1.61
2026.107.00:50:00/wx/-4.92,555.5,65.3,1.68,250,1.62
2026.107.00:51:00/wx/-4.91,555.6,65.2,1.82,249,1.60
2026.107.00:52:00/wx/-4.94,555.5,65.1,1.99,243,1.60
2026.107.00:53:00/wx/-5.00,555.5,65.1,2.43,246,1.61
2026.107.00:54:00/wx/-4.97,555.6,65.4,2.32,239,1.57
2026.107.00:55:00/wx/-4.90,555.5,65.5,2.25,242,1.56
2026.107.00:56:00/wx/-4.90,555.5,65.5,2.22,243,1.56
2026.107.00:57:00/wx/-4.90,555.5,65.3,1.97,238,1.56
2026.107.00:58:00/wx/-4.90,555.5,65.3,1.72,249,1.54
2026.107.00:59:00/wx/-4.68,555.5,63.7,1.66,267,1.54
2026.107.01:00:00/wx/-4.02,555.5,54.9,1.77,279,1.54
2026.107.01:01:00/wx/-4.32,555.6,58.2,1.66,273,1.56
2026.107.01:02:00/wx/-4.50,555.6,61.1,2.13,282,1.60
2026.107.01:03:00/wx/-4.30,555.5,57.8,2.13,312,1.61
2026.107.01:04:00/wx/-3.97,555.6,53.6,2.17,311,1.59
2026.107.01:05:00/wx/-3.61,555.6,49.6,3.01,327,1.60
2026.107.01:06:00/wx/-3.48,555.6,46.7,4.13,334,1.61
2026.107.01:07:00/wx/-3.03,555.6,42.6,4.16,323,1.59
2026.107.01:08:00/wx/-2.90,555.5,41.8,4.33,325,1.57
2026.107.01:09:00/wx/-2.66,555.6,39.5,4.32,323,1.56
2026.107.01:10:00/wx/-2.40,555.6,38.0,4.25,317,1.54
2026.107.01:11:00/wx/-2.30,555.6,39.1,4.43,317,1.55
2026.107.01:12:00/wx/-2.30,555.6,39.1,4.36,314,1.54
2026.107.01:13:00/wx/-2.40,555.6,40.0,4.23,315,1.53
2026.107.01:14:00/wx/-2.40,555.6,40.6,4.09,314,1.52
2026.107.01:15:00/wx/-2.40,555.5,41.2,3.76,313,1.52
2026.107.01:16:00/wx/-2.40,555.5,41.8,3.65,315,1.51
2026.107.01:17:00/wx/-2.50,555.5,42.4,3.68,317,1.51
2026.107.01:18:00/wx/-2.50,555.5,42.4,3.53,319,1.48
2026.107.01:19:00/wx/-2.60,555.5,42.7,3.53,318,1.47
2026.107.01:20:00/wx/-2.60,555.5,42.2,3.54,323,1.46
2026.107.01:21:00/wx/-2.38,555.5,37.5,3.29,326,1.48
2026.107.01:22:00/wx/-2.20,555.5,36.2,3.43,328,1.43
2026.107.01:23:00/wx/-2.30,555.5,38.4,3.12,329,1.43
2026.107.01:24:00/wx/-2.40,555.5,38.9,3.03,329,1.43
2026.107.01:25:00/wx/-2.70,555.5,42.4,3.21,324,1.44
2026.107.01:26:00/wx/-2.37,555.5,36.7,3.06,340,1.40
2026.107.01:27:00/wx/-2.47,555.5,38.1,2.83,319,1.39
2026.107.01:28:00/wx/-2.70,555.4,41.3,2.94,334,1.38
2026.107.01:29:00/wx/-2.20,555.5,31.4,3.13,336,1.37
2026.107.01:30:00/wx/-1.90,555.5,27.2,3.45,337,1.38
2026.107.01:31:00/wx/-1.60,555.5,24.5,3.60,331,1.39
2026.107.01:32:00/wx/-0.90,555.5,15.9,3.59,331,1.38
2026.107.01:33:00/wx/-0.70,555.5,15.9,3.63,333,1.37
2026.107.01:34:00/wx/-0.44,555.5,13.2,3.30,332,1.38
2026.107.01:35:00/wx/-0.40,555.5,12.4,3.32,331,1.39
2026.107.01:36:00/wx/-0.30,555.5,11.5,3.42,327,1.40
2026.107.01:37:00/wx/-0.40,555.5,12.6,2.92,324,1.40
2026.107.01:38:00/wx/-0.70,555.5,14.7,3.67,328,1.42
2026.107.01:39:00/wx/-0.70,555.5,14.1,3.58,327,1.41
2026.107.01:40:00/wx/-0.70,555.5,13.7,3.53,331,1.44
2026.107.01:41:00/wx/-0.80,555.5,13.9,3.36,328,1.43
2026.107.01:42:00/wx/-0.97,555.5,15.3,3.56,326,1.43
2026.107.01:43:00/wx/-1.29,555.6,18.2,3.62,326,1.44
2026.107.01:44:00/wx/-1.27,555.5,16.6,4.03,337,1.45
2026.107.01:45:00/wx/-1.00,555.5,13.5,4.33,343,1.43
2026.107.01:46:00/wx/-0.70,555.5,11.8,3.47,341,1.42
2026.107.01:47:00/wx/-0.60,555.5,11.5,3.11,327,1.41
2026.107.01:48:00/wx/-0.69,555.5,11.8,3.04,332,1.40
2026.107.01:49:00/wx/-0.59,555.5,11.3,3.49,330,1.39
2026.107.01:50:00/wx/-0.70,555.5,11.2,3.43,338,1.40
2026.107.01:51:00/wx/-0.50,555.5,10.4,3.12,332,1.39
2026.107.01:52:00/wx/-0.60,555.5,10.1,3.34,333,1.40
2026.107.01:53:00/wx/-0.60,555.5,10.1,3.12,337,1.42
2026.107.01:54:00/wx/-0.49,555.5,10.0,2.78,337,1.42
2026.107.01:55:00/wx/-0.70,555.5,10.1,3.43,330,1.42
2026.107.01:56:00/wx/-0.60,555.5,10.3,3.28,326,1.41
2026.107.01:57:00/wx/-0.60,555.5,10.4,3.23,331,1.43
2026.107.01:58:00/wx/-0.60,555.5,10.7,2.98,333,1.42
2026.107.01:59:00/wx/-0.60,555.5,10.5,3.85,319,1.42
2026.107.02:00:00/wx/-0.70,555.6,10.7,3.03,317,1.41
2026.107.02:01:00/wx/-0.84,555.6,10.6,3.56,320,1.42
2026.107.02:02:00/wx/-0.90,555.6,11.0,2.92,331,1.43
2026.107.02:03:00/wx/-0.93,555.6,10.5,3.14,310,1.43
2026.107.02:04:00/wx/-1.16,555.7,11.3,3.24,314,1.41
2026.107.02:05:00/wx/-1.20,555.7,12.2,3.23,314,1.43
2026.107.02:06:00/wx/-1.30,555.7,12.8,3.39,315,1.45
2026.107.02:07:00/wx/-1.20,555.7,12.5,3.31,316,1.45
2026.107.02:08:00/wx/-1.32,555.7,13.2,3.84,310,1.46
2026.107.02:09:00/wx/-1.40,555.7,13.7,3.48,324,1.48
2026.107.02:10:00/wx/-1.50,555.7,13.0,3.14,312,1.50
2026.107.02:11:00/wx/-1.60,555.7,13.3,3.07,311,1.51
2026.107.02:12:00/wx/-1.60,555.7,14.0,3.03,312,1.52
2026.107.02:13:00/wx/-1.93,555.7,14.0,2.68,305,1.51
2026.107.02:14:00/wx/-2.10,555.7,14.9,2.63,300,1.49
2026.107.02:15:00/wx/-2.10,555.7,14.6,2.64,304,1.53
2026.107.02:16:00/wx/-2.10,555.7,15.4,2.48,299,1.54
2026.107.02:17:00/wx/-2.10,555.8,15.6,2.42,295,1.55
2026.107.02:18:00/wx/-2.10,555.8,17.0,2.50,297,1.55
2026.107.02:19:00/wx/-2.10,555.8,18.0,2.53,295,1.56
2026.107.02:20:00/wx/-2.10,555.8,18.7,2.55,287,1.56
2026.107.02:21:00/wx/-2.20,555.8,20.3,2.90,282,1.56
2026.107.02:22:00/wx/-2.00,555.8,21.9,2.64,280,1.57
2026.107.02:23:00/wx/-1.90,555.8,22.8,2.69,280,1.56
2026.107.02:24:00/wx/-1.90,555.7,23.4,3.03,282,1.58
2026.107.02:25:00/wx/-1.90,555.7,23.7,2.93,275,1.60
2026.107.02:26:00/wx/-1.90,555.8,23.8,3.21,279,1.59
2026.107.02:27:00/wx/-2.00,555.8,23.8,3.42,281,1.54
2026.107.02:28:00/wx/-2.10,555.8,23.7,3.36,286,1.53
2026.107.02:29:00/wx/-2.10,555.8,23.4,3.38,283,1.55
2026.107.02:30:00/wx/-2.20,555.8,23.7,3.41,282,1.53
2026.107.02:31:00/wx/-2.10,555.7,23.7,3.27,285,1.52
2026.107.02:32:00/wx/-2.20,555.8,23.7,3.33,284,1.53
2026.107.02:33:00/wx/-2.10,555.7,23.9,3.29,282,1.55
2026.107.02:34:00/wx/-2.02,555.7,24.2,3.28,285,1.52
2026.107.02:35:00/wx/-2.01,555.8,24.2,3.12,284,1.56
2026.107.02:36:00/wx/-2.10,555.8,24.4,3.09,281,1.54
2026.107.02:37:00/wx/-2.10,555.7,24.6,2.83,285,1.50
2026.107.02:38:00/wx/-2.10,555.7,24.7,2.72,294,1.53
2026.107.02:39:00/wx/-2.10,555.7,24.7,2.94,296,1.54
2026.107.02:40:00/wx/-2.30,555.7,24.9,2.74,300,1.52
2026.107.02:41:00/wx/-2.37,555.7,24.9,2.79,306,1.51
2026.107.02:42:00/wx/-2.50,555.7,24.8,3.13,305,1.52
2026.107.02:43:00/wx/-2.64,555.8,24.7,2.83,308,1.50
2026.107.02:44:00/wx/-2.70,555.8,25.2,2.84,319,1.53
2026.107.02:45:00/wx/-2.71,555.7,25.4,2.92,317,1.52
2026.107.02:46:00/wx/-2.70,555.8,25.4,2.87,316,1.54
2026.107.02:47:00/wx/-2.70,555.8,25.2,2.93,321,1.53
2026.107.02:48:00/wx/-2.66,555.8,25.2,2.78,315,1.52
2026.107.02:49:00/wx/-2.60,555.8,25.0,2.72,321,1.52
2026.107.02:50:00/wx/-2.60,555.8,24.9,2.58,316,1.52
2026.107.02:51:00/wx/-2.60,555.8,24.8,2.71,323,1.52
2026.107.02:52:00/wx/-2.60,555.8,25.0,2.83,323,1.52
2026.107.02:53:00/wx/-2.50,555.8,25.1,2.78,321,1.53
2026.107.02:54:00/wx/-2.50,555.8,25.0,2.61,325,1.54
2026.107.02:55:00/wx/-2.50,555.8,24.9,2.70,323,1.53
2026.107.02:56:00/wx/-2.50,555.8,25.0,2.53,324,1.53
2026.107.02:57:00/wx/-2.60,555.8,25.1,2.44,320,1.52
2026.107.02:58:00/wx/-2.70,555.8,25.4,2.45,320,1.53
2026.107.02:59:00/wx/-2.60,555.8,25.8,2.84,332,1.52
2026.107.03:00:00/wx/-2.50,555.8,25.7,2.79,326,1.53
2026.107.03:01:00/wx/-2.50,555.8,25.7,3.02,322,1.53
2026.107.03:02:00/wx/-2.50,555.8,25.8,2.64,327,1.56
2026.107.03:03:00/wx/-2.50,555.8,25.8,2.83,325,1.56
2026.107.03:04:00/wx/-2.50,555.8,25.8,2.44,328,1.55
2026.107.03:05:00/wx/-2.50,555.8,25.8,2.67,325,1.55
2026.107.03:06:00/wx/-2.40,555.8,25.8,2.42,331,1.56
2026.107.03:07:00/wx/-2.40,555.8,25.8,2.65,328,1.56
2026.107.03:08:00/wx/-2.50,555.8,26.0,2.25,326,1.56
2026.107.03:09:00/wx/-2.40,555.8,26.2,2.72,325,1.56
2026.107.03:10:00/wx/-2.50,555.8,26.2,3.20,331,1.56
2026.107.03:11:00/wx/-2.40,555.8,26.2,2.58,337,1.55
2026.107.03:12:00/wx/-2.40,555.8,26.1,2.05,324,1.56
2026.107.03:13:00/wx/-2.40,555.8,26.3,2.05,321,1.55
2026.107.03:14:00/wx/-2.50,555.8,26.3,2.33,330,1.56
2026.107.03:15:00/wx/-2.43,555.8,26.1,2.54,329,1.57
2026.107.03:16:00/wx/-2.40,555.8,26.1,2.35,324,1.59
2026.107.03:17:00/wx/-2.60,555.8,26.3,1.82,321,1.58
2026.107.03:18:00/wx/-2.65,555.8,26.5,2.80,344,1.61
2026.107.03:19:00/wx/-2.70,555.8,26.6,1.53,338,1.60
2026.107.03:20:00/wx/-2.95,555.8,27.1,2.07,313,1.59
2026.107.03:21:00/wx/-3.23,555.8,28.2,1.87,308,1.60
2026.107.03:22:00/wx/-3.10,555.8,28.3,1.09,308,1.61
2026.107.03:23:00/wx/-3.10,555.8,28.0,1.09,313,1.58
2026.107.03:24:00/wx/-3.10,555.8,28.0,1.03,284,1.59
2026.107.03:25:00/wx/-3.00,555.8,27.8,1.50,316,1.57
2026.107.03:26:00/wx/-2.91,555.8,27.5,1.43,326,1.58
2026.107.03:27:00/wx/-3.00,555.8,27.4,1.62,313,1.55
2026.107.03:28:00/wx/-2.90,555.8,27.6,2.17,314,1.55
2026.107.03:29:00/wx/-2.90,555.8,27.5,2.13,319,1.57
2026.107.03:30:00/wx/-2.90,555.8,27.5,2.14,322,1.56
2026.107.03:31:00/wx/-2.80,555.8,27.2,2.13,339,1.55
2026.107.03:32:00/wx/-2.80,555.8,27.1,1.92,293,1.56
2026.107.03:33:00/wx/-2.90,555.8,27.3,2.02,313,1.56
2026.107.03:34:00/wx/-2.90,555.8,27.4,2.53,316,1.55
2026.107.03:35:00/wx/-3.00,555.8,27.5,2.03,321,1.55
2026.107.03:36:00/wx/-3.00,555.8,27.7,2.25,318,1.54
2026.107.03:37:00/wx/-2.90,555.8,27.8,2.21,343,1.53
2026.107.03:38:00/wx/-2.96,555.8,27.8,2.27,308,1.55
2026.107.03:39:00/wx/-2.90,555.8,28.1,2.23,303,1.55
2026.107.03:40:00/wx/-3.00,555.7,28.6,2.39,310,1.56
2026.107.03:41:00/wx/-3.00,555.7,28.8,2.85,311,1.54
2026.107.03:42:00/wx/-2.80,555.8,28.8,2.61,311,1.55
2026.107.03:43:00/wx/-2.80,555.7,28.6,2.22,323,1.53
2026.107.03:44:00/wx/-2.80,555.8,28.5,2.12,314,1.35
2026.107.03:45:00/wx/-3.15,555.7,28.5,2.03,327,1.50
2026.107.03:46:00/wx/-3.29,555.8,28.8,2.31,318,1.49
2026.107.03:47:00/wx/-3.29,555.7,29.4,1.82,316,1.50
2026.107.03:48:00/wx/-3.40,555.7,29.5,1.52,258,1.49
2026.107.03:49:00/wx/-3.40,555.7,29.6,1.43,263,1.50
2026.107.03:50:00/wx/-3.35,555.7,29.6,1.91,293,1.50
2026.107.03:51:00/wx/-3.30,555.8,29.5,1.01,286,1.52
2026.107.03:52:00/wx/-3.48,555.7,29.6,1.43,290,1.54
2026.107.03:53:00/wx/-3.19,555.7,29.7,1.57,286,1.53
2026.107.03:54:00/wx/-3.30,555.8,29.6,2.12,297,1.53
2026.107.03:55:00/wx/-3.30,555.7,29.6,1.65,302,1.53
2026.107.03:56:00/wx/-3.30,555.8,29.7,1.73,305,1.53
2026.107.03:57:00/wx/-3.38,555.7,29.7,2.10,305,1.54
2026.107.03:58:00/wx/-3.12,555.8,29.5,1.92,324,1.53
2026.107.03:59:00/wx/-3.30,555.7,29.4,2.02,304,1.53
2026.107.04:00:00/wx/-3.65,555.7,29.9,2.22,315,1.53
2026.107.04:01:00/wx/-3.80,555.7,30.6,2.23,306,1.52
2026.107.04:02:00/wx/-3.77,555.8,30.6,2.52,316,1.54
2026.107.04:03:00/wx/-3.40,555.8,30.2,2.51,310,1.55
2026.107.04:04:00/wx/-3.18,555.8,30.0,3.07,320,1.55
2026.107.04:05:00/wx/-3.16,555.8,29.9,1.88,322,1.54
2026.107.04:06:00/wx/-3.10,555.8,29.8,2.32,320,1.55
2026.107.04:07:00/wx/-3.07,555.7,29.7,2.54,317,1.56
2026.107.04:08:00/wx/-2.90,555.7,29.5,2.25,332,1.56
2026.107.04:09:00/wx/-2.90,555.7,29.7,2.45,338,1.55
2026.107.04:10:00/wx/-2.84,555.7,29.6,2.19,331,1.55
2026.107.04:11:00/wx/-2.80,555.7,29.2,2.23,317,1.56
2026.107.04:12:00/wx/-2.70,555.7,29.5,2.81,329,1.55
2026.107.04:13:00/wx/-2.60,555.7,29.5,2.08,319,1.55
2026.107.04:14:00/wx/-2.61,555.7,29.4,2.52,326,1.53
2026.107.04:15:00/wx/-2.70,555.7,29.0,1.68,330,1.54
2026.107.04:16:00/wx/-2.70,555.7,29.4,1.03,286,1.56
2026.107.04:17:00/wx/-2.70,555.7,30.0,1.95,322,1.56
2026.107.04:18:00/wx/-2.90,555.7,29.4,2.39,308,1.56
2026.107.04:19:00/wx/-2.90,555.7,30.0,1.67,297,1.55
2026.107.04:20:00/wx/-2.80,555.7,29.9,2.02,315,1.57
2026.107.04:21:00/wx/-2.90,555.7,29.9,2.63,320,1.57
2026.107.04:22:00/wx/-2.86,555.7,30.1,2.69,322,1.56
2026.107.04:23:00/wx/-2.99,555.7,30.0,2.61,308,1.57
2026.107.04:24:00/wx/-2.90,555.7,30.1,2.85,338,1.60
2026.107.04:25:00/wx/-2.77,555.7,30.2,2.30,334,1.61
2026.107.04:26:00/wx/-2.80,555.7,30.5,2.93,330,1.61
2026.107.04:27:00/wx/-3.45,555.7,30.8,2.23,294,1.60
2026.107.04:28:00/wx/-3.40,555.7,31.7,1.94,306,1.59
2026.107.04:29:00/wx/-3.40,555.7,31.5,1.69,297,1.59
2026.107.04:30:00/wx/-3.50,555.7,31.5,1.88,282,1.57
2026.107.04:31:00/wx/-3.71,555.7,31.6,1.91,296,1.56
2026.107.04:32:00/wx/-4.25,555.7,32.3,1.96,313,1.56
2026.107.04:33:00/wx/-4.38,555.7,33.1,1.15,285,1.55
2026.107.04:34:00/wx/-4.58,555.7,33.3,2.42,326,1.56
2026.107.04:35:00/wx/-3.74,555.7,33.5,2.57,320,1.56
2026.107.04:36:00/wx/-3.49,555.7,32.8,2.06,312,1.57
2026.107.04:37:00/wx/-3.34,555.6,32.3,2.20,304,1.56
2026.107.04:38:00/wx/-3.40,555.6,32.6,2.63,284,1.55
2026.107.04:39:00/wx/-3.10,555.6,32.3,2.34,324,1.55
2026.107.04:40:00/wx/-3.20,555.6,30.8,2.09,311,1.53
2026.107.04:41:00/wx/-3.30,555.6,30.9,2.45,319,1.54
2026.107.04:42:00/wx/-3.20,555.6,31.7,2.46,317,1.55
2026.107.04:43:00/wx/-3.10,555.6,31.9,2.34,316,1.57
2026.107.04:44:00/wx/-3.10,555.6,31.9,2.72,312,1.55
2026.107.04:45:00/wx/-3.08,555.6,31.9,1.66,323,1.55
2026.107.04:46:00/wx/-3.30,555.6,32.0,2.41,317,1.52
2026.107.04:47:00/wx/-3.50,555.6,32.3,2.59,324,1.53
2026.107.04:48:00/wx/-3.21,555.6,32.8,3.05,331,1.51
2026.107.04:49:00/wx/-3.00,555.6,32.1,2.58,328,1.51
2026.107.04:50:00/wx/-2.90,555.6,32.1,2.69,329,1.50
2026.107.04:51:00/wx/-2.90,555.6,32.2,2.28,319,1.50
2026.107.04:52:00/wx/-2.90,555.6,32.6,2.29,319,1.53
2026.107.04:53:00/wx/-3.00,555.6,32.6,3.13,326,1.50
2026.107.04:54:00/wx/-3.00,555.6,32.0,2.45,331,1.47
2026.107.04:55:00/wx/-3.00,555.6,31.9,2.97,319,1.50
2026.107.04:56:00/wx/-3.00,555.6,32.3,3.23,326,1.46
2026.107.04:57:00/wx/-2.90,555.6,31.9,3.08,334,1.47
2026.107.04:58:00/wx/-2.90,555.6,31.7,3.23,334,1.47
2026.107.04:59:00/wx/-2.90,555.5,31.9,2.93,332,1.45
2026.107.05:00:00/wx/-2.91,555.5,32.3,3.13,329,1.44
2026.107.05:01:00/wx/-2.90,555.5,32.1,3.60,335,1.45
2026.107.05:02:00/wx/-2.90,555.5,31.8,3.33,333,1.44
2026.107.05:03:00/wx/-2.80,555.5,31.8,3.13,337,1.41
2026.107.05:04:00/wx/-2.90,555.5,31.6,3.43,330,1.40
2026.107.05:05:00/wx/-2.81,555.4,32.1,3.32,334,1.39
2026.107.05:06:00/wx/-2.80,555.5,32.0,2.73,333,1.41
2026.107.05:07:00/wx/-2.80,555.4,31.2,3.29,331,1.41
2026.107.05:08:00/wx/-2.90,555.4,31.2,3.23,332,1.39
2026.107.05:09:00/wx/-2.90,555.5,29.9,3.13,335,1.37
2026.107.05:10:00/wx/-3.00,555.5,29.6,3.39,327,1.38
2026.107.05:11:00/wx/-3.00,555.5,31.0,2.91,326,1.37
2026.107.05:12:00/wx/-3.22,555.5,31.6,3.11,307,1.40
2026.107.05:13:00/wx/-3.70,555.5,31.8,2.93,300,1.39
2026.107.05:14:00/wx/-3.81,555.5,33.4,3.47,334,1.41
2026.107.05:15:00/wx/-3.22,555.5,32.7,3.39,335,1.38
2026.107.05:16:00/wx/-2.89,555.4,32.2,3.66,331,1.36
2026.107.05:17:00/wx/-3.00,555.4,32.6,3.00,326,1.37
2026.107.05:18:00/wx/-2.90,555.4,31.8,3.53,337,1.37
2026.107.05:19:00/wx/-3.51,555.4,31.3,3.47,333,1.35
2026.107.05:20:00/wx/-3.10,555.5,31.9,3.06,331,1.34
2026.107.05:21:00/wx/-3.00,555.4,30.4,3.19,329,1.33
2026.107.05:22:00/wx/-3.00,555.4,31.1,3.77,322,1.37
2026.107.05:23:00/wx/-2.90,555.4,31.8,3.22,325,1.35
2026.107.05:24:00/wx/-2.90,555.4,30.3,3.72,332,1.33
2026.107.05:25:00/wx/-2.90,555.4,31.3,3.90,325,1.34
2026.107.05:26:00/wx/-2.80,555.3,31.7,3.06,327,1.43
2026.107.05:27:00/wx/-2.88,555.3,30.8,3.41,340,1.34
2026.107.05:28:00/wx/-3.00,555.3,30.8,3.65,323,1.34
2026.107.05:29:00/wx/-2.96,555.3,31.0,3.53,327,1.35
2026.107.05:30:00/wx/-2.90,555.3,30.3,2.84,329,1.34
2026.107.05:31:00/wx/-3.11,555.3,29.6,3.41,322,1.34
2026.107.05:32:00/wx/-3.28,555.3,30.0,2.90,336,1.34
2026.107.05:33:00/wx/-3.40,555.3,30.5,3.14,339,1.35
2026.107.05:34:00/wx/-3.44,555.3,30.6,3.76,331,1.31
2026.107.05:35:00/wx/-3.21,555.2,30.6,3.23,336,1.33
2026.107.05:36:00/wx/-3.04,555.2,30.0,3.90,331,1.33
2026.107.05:37:00/wx/-3.09,555.2,29.2,3.30,339,1.08
2026.107.05:38:00/wx/-3.19,555.2,29.4,3.54,332,1.29
2026.107.05:39:00/wx/-3.05,555.2,28.4,4.02,336,1.28
2026.107.05:40:00/wx/-3.09,555.2,28.9,4.13,329,1.28
2026.107.05:41:00/wx/-2.90,555.2,28.3,3.92,332,1.27
2026.107.05:42:00/wx/-2.90,555.2,28.4,3.47,335,1.27
2026.107.05:43:00/wx/-2.92,555.2,27.9,3.50,327,1.28
2026.107.05:44:00/wx/-3.35,555.2,28.6,3.95,341,1.29
2026.107.05:45:00/wx/-3.20,555.2,28.8,3.73,333,1.28
2026.107.05:46:00/wx/-3.51,555.2,28.6,3.55,340,1.29
2026.107.05:47:00/wx/-3.40,555.2,28.6,3.59,331,1.29
2026.107.05:48:00/wx/-3.10,555.2,28.1,3.98,339,1.30
2026.107.05:49:00/wx/-2.95,555.2,28.2,3.74,346,1.31
2026.107.05:50:00/wx/-2.90,555.1,28.3,3.83,346,1.32
2026.107.05:51:00/wx/-3.53,555.1,29.3,3.61,341,1.31
2026.107.05:52:00/wx/-3.00,555.2,27.6,3.55,340,1.31
2026.107.05:53:00/wx/-2.91,555.1,27.6,3.98,337,1.32
2026.107.05:54:00/wx/-3.16,555.1,28.1,3.46,338,1.31
2026.107.05:55:00/wx/-3.30,555.1,27.7,3.23,338,1.31
2026.107.05:56:00/wx/-3.98,555.1,28.4,3.02,316,1.32
2026.107.05:57:00/wx/-4.97,555.1,29.9,3.63,325,1.30
2026.107.05:58:00/wx/-4.56,555.1,30.9,4.19,334,1.29
2026.107.05:59:00/wx/-3.37,555.1,28.7,3.43,342,1.28
2026.107.06:00:00/wx/-3.20,555.1,27.4,3.13,332,1.23
2026.107.06:01:00/wx/-3.25,555.1,26.6,3.15,331,1.26
2026.107.06:02:00/wx/-3.32,555.1,26.8,3.64,338,1.27
2026.107.06:03:00/wx/-3.12,555.1,26.7,3.38,337,1.26
2026.107.06:04:00/wx/-2.93,555.1,26.7,3.60,322,1.27
2026.107.06:05:00/wx/-2.90,555.1,27.0,3.81,333,1.28
2026.107.06:06:00/wx/-2.80,555.1,26.6,3.11,336,1.29
2026.107.06:07:00/wx/-3.10,555.0,25.9,2.89,335,1.27
2026.107.06:08:00/wx/-3.56,555.0,26.7,2.89,322,1.31
2026.107.06:09:00/wx/-3.70,555.0,27.6,3.45,325,1.29
2026.107.06:10:00/wx/-3.69,555.0,27.3,4.06,317,1.27
2026.107.06:11:00/wx/-3.05,555.0,27.6,3.04,338,1.31
2026.107.06:12:00/wx/-2.80,555.0,26.8,3.13,333,1.30
2026.107.06:13:00/wx/-2.80,555.0,26.5,3.33,311,1.29
2026.107.06:14:00/wx/-2.80,555.0,26.8,3.11,326,1.32
2026.107.06:15:00/wx/-2.90,555.0,26.2,3.42,337,1.30
2026.107.06:16:00/wx/-2.95,555.0,26.7,3.79,330,1.32
2026.107.06:17:00/wx/-2.90,555.1,27.0,3.32,327,1.34
2026.107.06:18:00/wx/-3.03,555.0,27.0,3.85,335,1.30
2026.107.06:19:00/wx/-3.12,555.0,27.3,3.12,331,1.30
2026.107.06:20:00/wx/-3.20,555.0,26.8,3.23,334,1.31
2026.107.06:21:00/wx/-3.20,555.0,27.2,3.20,325,1.29
2026.107.06:22:00/wx/-3.10,555.0,27.7,3.42,324,1.29
2026.107.06:23:00/wx/-2.89,555.0,28.2,3.10,331,1.31
2026.107.06:24:00/wx/-2.93,555.0,27.2,3.61,332,1.30
2026.107.06:25:00/wx/-2.80,555.0,27.3,3.64,334,1.31
2026.107.06:26:00/wx/-3.00,555.0,26.9,3.60,340,1.32
2026.107.06:27:00/wx/-2.80,554.9,27.6,3.29,334,1.31
2026.107.06:28:00/wx/-2.80,555.0,27.4,3.91,336,1.31
2026.107.06:29:00/wx/-2.80,554.9,27.6,3.76,335,1.34
2026.107.06:30:00/wx/-2.80,554.9,27.1,3.60,338,1.34
2026.107.06:31:00/wx/-2.90,554.9,27.1,3.78,336,1.34
2026.107.06:32:00/wx/-2.90,554.9,27.3,3.73,333,1.34
2026.107.06:33:00/wx/-3.00,554.9,28.1,3.46,336,1.32
2026.107.06:34:00/wx/-3.00,554.9,28.2,3.50,332,1.31
2026.107.06:35:00/wx/-3.31,554.9,28.4,4.00,330,1.30
2026.107.06:36:00/wx/-3.10,554.9,28.6,3.68,332,1.32
2026.107.06:37:00/wx/-3.00,554.9,28.5,3.93,332,1.31
2026.107.06:38:00/wx/-3.20,554.9,28.4,4.00,327,1.30
2026.107.06:39:00/wx/-3.20,554.8,29.0,3.49,332,1.30
2026.107.06:40:00/wx/-3.50,554.8,29.1,3.14,321,1.33
2026.107.06:41:00/wx/-3.76,554.8,30.2,3.62,322,1.33
2026.107.06:42:00/wx/-3.20,554.9,30.1,4.03,336,1.34
2026.107.06:43:00/wx/-3.10,554.8,29.6,3.96,340,1.33
2026.107.06:44:00/wx/-3.20,554.8,29.5,4.04,334,1.33
2026.107.06:45:00/wx/-3.71,554.8,29.8,3.98,341,1.33
2026.107.06:46:00/wx/-3.74,554.8,30.5,3.85,332,1.31
2026.107.06:47:00/wx/-3.20,554.8,30.4,3.83,322,1.28
2026.107.06:48:00/wx/-3.20,554.8,29.8,3.86,336,1.28
2026.107.06:49:00/wx/-3.20,554.8,30.0,4.06,339,1.29
2026.107.06:50:00/wx/-3.10,554.8,29.7,3.76,338,1.30
2026.107.06:51:00/wx/-3.10,554.8,29.7,4.40,337,1.28
2026.107.06:52:00/wx/-3.00,554.8,29.9,3.83,338,1.29
2026.107.06:53:00/wx/-3.20,554.8,29.7,3.63,342,1.34
2026.107.06:54:00/wx/-3.20,554.8,30.2,3.64,330,1.35
2026.107.06:55:00/wx/-3.10,554.8,30.1,3.72,333,1.35
2026.107.06:56:00/wx/-3.10,554.8,30.5,3.72,337,1.37
2026.107.06:57:00/wx/-3.10,554.8,30.2,3.05,325,1.35
2026.107.06:58:00/wx/-3.30,554.8,30.5,3.37,331,1.32
2026.107.06:59:00/wx/-4.49,554.8,31.0,3.12,317,1.36
2026.107.07:00:00/wx/-5.03,554.8,32.9,3.57,331,1.34
2026.107.07:01:00/wx/-5.48,554.8,33.8,2.62,320,1.33
2026.107.07:02:00/wx/-5.21,554.8,34.4,2.62,304,1.33
2026.107.07:03:00/wx/-5.30,554.8,34.2,2.87,322,1.32
2026.107.07:04:00/wx/-5.40,554.8,34.5,2.54,313,1.34
2026.107.07:05:00/wx/-5.42,554.8,35.1,2.86,327,1.33
2026.107.07:06:00/wx/-5.25,554.8,35.6,3.64,327,1.32
2026.107.07:07:00/wx/-4.99,554.8,35.3,4.04,328,1.33
2026.107.07:08:00/wx/-4.19,554.8,34.3,3.50,324,1.34
2026.107.07:09:00/wx/-3.81,554.8,33.2,3.43,332,1.33
2026.107.07:10:00/wx/-3.77,554.8,32.1,3.26,335,1.33
2026.107.07:11:00/wx/-3.79,554.8,32.1,3.15,337,1.33
2026.107.07:12:00/wx/-3.79,554.8,32.4,3.14,331,1.32
2026.107.07:13:00/wx/-3.44,554.8,31.5,3.32,337,1.31
2026.107.07:14:00/wx/-3.30,554.8,31.5,3.63,336,1.33
2026.107.07:15:00/wx/-3.20,554.8,31.6,3.66,333,1.33
2026.107.07:16:00/wx/-3.20,554.8,31.6,3.50,338,1.30
2026.107.07:17:00/wx/-3.96,554.8,31.1,3.33,336,1.33
2026.107.07:18:00/wx/-4.22,554.8,33.2,3.13,326,1.32
2026.107.07:19:00/wx/-4.50,554.8,33.0,3.03,294,1.30
2026.107.07:20:00/wx/-4.40,554.8,33.7,1.99,302,1.31
2026.107.07:21:00/wx/-4.22,554.8,33.8,2.20,289,1.31
2026.107.07:22:00/wx/-4.00,554.8,33.9,2.04,308,1.31
2026.107.07:23:00/wx/-4.00,554.8,33.6,2.48,305,1.30
2026.107.07:24:00/wx/-3.80,554.8,33.9,3.13,321,1.31
2026.107.07:25:00/wx/-4.21,554.9,33.1,2.73,324,1.30
2026.107.07:26:00/wx/-4.40,554.8,33.3,2.62,315,1.30
2026.107.07:27:00/wx/-4.31,554.8,34.1,2.77,308,1.28
2026.107.07:28:00/wx/-4.34,554.9,34.8,3.16,331,1.27
2026.107.07:29:00/wx/-4.20,554.9,34.8,3.13,332,1.29
2026.107.07:30:00/wx/-4.40,554.9,34.5,3.30,327,1.29
2026.107.07:31:00/wx/-4.12,554.9,35.2,3.01,325,1.29
2026.107.07:32:00/wx/-3.78,554.9,34.2,2.65,326,1.27
2026.107.07:33:00/wx/-3.77,554.9,33.8,3.11,314,1.28
2026.107.07:34:00/wx/-3.80,554.9,34.0,2.53,327,1.28
2026.107.07:35:00/wx/-3.80,554.9,34.0,2.92,330,1.29
2026.107.07:36:00/wx/-3.80,554.9,33.8,2.31,316,1.29
2026.107.07:37:00/wx/-3.92,554.9,34.2,2.05,327,1.30
2026.107.07:38:00/wx/-4.20,554.9,34.6,2.28,314,1.30
2026.107.07:39:00/wx/-4.40,554.9,35.0,2.63,325,1.32
2026.107.07:40:00/wx/-4.35,554.9,36.0,2.37,308,1.31
2026.107.07:41:00/wx/-4.49,554.9,35.5,2.90,307,1.31
2026.107.07:42:00/wx/-4.27,554.8,35.8,2.82,321,1.32
2026.107.07:43:00/wx/-4.44,554.9,35.7,2.92,321,1.31
2026.107.07:44:00/wx/-4.00,554.9,36.3,2.95,332,1.30
2026.107.07:45:00/wx/-3.94,554.9,35.4,2.66,319,1.31
2026.107.07:46:00/wx/-4.48,554.9,35.1,3.52,332,1.31
2026.107.07:47:00/wx/-4.40,554.8,36.4,2.91,319,1.28
2026.107.07:48:00/wx/-4.36,554.8,36.6,2.99,324,1.29
2026.107.07:49:00/wx/-4.00,554.8,36.1,2.82,336,1.27
2026.107.07:50:00/wx/-3.86,554.8,35.7,3.03,326,1.28
2026.107.07:51:00/wx/-3.80,554.8,36.0,2.66,320,1.25
2026.107.07:52:00/wx/-3.70,554.8,36.0,2.84,317,1.26
2026.107.07:53:00/wx/-4.00,554.8,36.0,3.37,325,1.26
2026.107.07:54:00/wx/-3.69,554.8,36.1,2.13,323,1.27
2026.107.07:55:00/wx/-3.85,554.8,35.4,3.56,332,1.26
2026.107.07:56:00/wx/-4.20,554.8,36.3,2.99,316,1.25
2026.107.07:57:00/wx/-3.76,554.8,36.5,3.19,324,1.25
2026.107.07:58:00/wx/-3.77,554.8,36.1,3.30,331,1.24
2026.107.07:59:00/wx/-4.10,554.8,36.6,3.82,344,1.23
2026.107.08:00:00/wx/-4.21,554.8,35.6,3.78,340,1.24
2026.107.08:01:00/wx/-4.00,554.8,36.4,3.63,327,1.23
2026.107.08:02:00/wx/-3.76,554.8,36.5,3.43,323,1.23
2026.107.08:03:00/wx/-3.70,554.8,35.7,3.71,329,1.22
2026.107.08:04:00/wx/-3.60,554.8,36.6,3.05,328,1.21
2026.107.08:05:00/wx/-3.60,554.7,35.9,3.36,345,1.22
2026.107.08:06:00/wx/-3.60,554.7,34.9,3.33,310,1.20
2026.107.08:07:00/wx/-3.63,554.8,35.6,3.05,316,1.21
2026.107.08:08:00/wx/-3.70,554.8,36.5,2.53,315,1.23
2026.107.08:09:00/wx/-3.49,554.8,34.9,2.44,329,1.22
2026.107.08:10:00/wx/-3.80,554.8,34.0,2.89,319,1.23
2026.107.08:11:00/wx/-3.60,554.8,35.9,3.03,330,1.23
2026.107.08:12:00/wx/-3.50,554.7,36.8,2.77,323,1.24
2026.107.08:13:00/wx/-3.50,554.7,35.5,2.79,329,1.24
2026.107.08:14:00/wx/-3.52,554.8,34.7,3.05,321,1.25
2026.107.08:15:00/wx/-4.15,554.7,35.5,2.83,322,1.23
2026.107.08:16:00/wx/-3.90,554.8,35.5,2.63,321,1.24
2026.107.08:17:00/wx/-3.80,554.7,33.9,2.98,332,1.24
2026.107.08:18:00/wx/-3.70,554.7,34.4,2.56,321,1.24
2026.107.08:19:00/wx/-3.70,554.7,34.6,3.07,331,1.22
2026.107.08:20:00/wx/-3.60,554.7,33.2,3.03,315,1.21
2026.107.08:21:00/wx/-3.70,554.7,32.8,2.93,328,1.22
2026.107.08:22:00/wx/-3.50,554.7,32.8,2.99,326,1.21
2026.107.08:23:00/wx/-3.59,554.7,34.4,2.96,320,1.23
2026.107.08:24:00/wx/-3.50,554.7,33.6,3.23,320,1.22
2026.107.08:25:00/wx/-3.57,554.6,33.7,3.07,314,1.24
2026.107.08:26:00/wx/-3.70,554.6,32.3,2.63,310,1.22
2026.107.08:27:00/wx/-3.74,554.6,32.7,2.33,319,1.22
2026.107.08:28:00/wx/-4.10,554.6,29.7,2.19,317,1.21
2026.107.08:29:00/wx/-3.97,554.6,27.0,3.17,334,1.21
2026.107.08:30:00/wx/-3.74,554.6,29.1,3.14,341,1.22
2026.107.08:31:00/wx/-4.21,554.6,29.4,3.11,322,1.21
2026.107.08:32:00/wx/-4.15,554.7,27.5,3.42,338,1.20
2026.107.08:33:00/wx/-4.11,554.6,28.2,2.95,328,1.21
2026.107.08:34:00/wx/-3.92,554.6,29.3,3.25,330,1.21
2026.107.08:35:00/wx/-3.94,554.6,29.4,3.60,332,1.19
2026.107.08:36:00/wx/-3.69,554.6,28.5,3.57,332,1.17
2026.107.08:37:00/wx/-3.45,554.6,26.5,3.17,302,1.16
2026.107.08:38:00/wx/-3.69,554.6,26.7,3.41,326,1.17
2026.107.08:39:00/wx/-3.77,554.6,26.7,3.35,318,1.17
2026.107.08:40:00/wx/-3.81,554.6,26.6,3.19,332,1.16
2026.107.08:41:00/wx/-3.49,554.6,26.0,3.23,325,1.17
2026.107.08:42:00/wx/-3.36,554.6,25.7,3.36,338,1.18
2026.107.08:43:00/wx/-3.30,554.6,24.5,3.02,319,1.17
2026.107.08:44:00/wx/-3.33,554.6,24.2,3.10,325,1.17
2026.107.08:45:00/wx/-3.40,554.6,24.1,2.76,325,1.17
2026.107.08:46:00/wx/-3.50,554.6,24.4,3.04,323,1.18
2026.107.08:47:00/wx/-3.40,554.6,24.4,2.92,319,1.18
2026.107.08:48:00/wx/-3.40,554.6,25.0,3.43,331,1.17
2026.107.08:49:00/wx/-3.50,554.6,25.4,3.18,340,1.17
2026.107.08:50:00/wx/-3.40,554.6,24.4,3.63,339,1.17
2026.107.08:51:00/wx/-3.29,554.6,24.1,3.14,332,1.17
2026.107.08:52:00/wx/-3.20,554.6,23.5,2.99,335,1.17
2026.107.08:53:00/wx/-3.20,554.6,23.2,3.13,336,1.16
2026.107.08:54:00/wx/-3.10,554.6,22.9,3.10,327,1.17
2026.107.08:55:00/wx/-3.00,554.6,22.5,2.17,326,1.16
2026.107.08:56:00/wx/-3.00,554.6,22.4,3.01,327,1.17
2026.107.08:57:00/wx/-3.00,554.6,22.2,2.83,330,1.15
2026.107.08:58:00/wx/-3.00,554.6,22.0,3.04,322,1.15
2026.107.08:59:00/wx/-3.00,554.6,22.3,2.83,324,1.16
2026.107.09:00:00/wx/-3.10,554.6,21.7,3.02,326,1.15
2026.107.09:01:00/wx/-3.10,554.6,21.9,2.89,328,1.16
2026.107.09:02:00/wx/-3.10,554.6,21.4,3.22,328,1.16
2026.107.09:03:00/wx/-3.10,554.6,22.4,3.03,322,1.15
2026.107.09:04:00/wx/-3.10,554.6,22.0,3.35,324,1.15
2026.107.09:05:00/wx/-3.10,554.6,21.2,3.03,333,1.14
2026.107.09:06:00/wx/-3.00,554.6,20.7,3.63,328,1.15
2026.107.09:07:00/wx/-3.00,554.6,21.2,3.13,328,1.14
2026.107.09:08:00/wx/-3.00,554.6,21.1,3.14,332,1.14
2026.107.09:09:00/wx/-3.10,554.6,21.2,3.84,328,1.14
2026.107.09:10:00/wx/-3.10,554.6,21.8,3.42,330,1.14
2026.107.09:11:00/wx/-3.08,554.6,21.2,3.55,329,1.14
2026.107.09:12:00/wx/-3.10,554.6,21.0,3.59,332,1.14
2026.107.09:13:00/wx/-3.30,554.6,21.9,3.62,325,1.14
2026.107.09:14:00/wx/-3.15,554.6,20.2,3.36,327,1.15
2026.107.09:15:00/wx/-3.30,554.6,21.7,3.73,327,1.15
2026.107.09:16:00/wx/-3.10,554.6,20.6,3.60,322,1.15
2026.107.09:17:00/wx/-3.20,554.6,21.4,3.49,327,1.15
2026.107.09:18:00/wx/-3.12,554.6,19.7,4.02,334,1.16
2026.107.09:19:00/wx/-3.24,554.6,19.7,3.46,330,1.16
2026.107.09:20:00/wx/-3.30,554.7,19.5,3.52,334,1.16
2026.107.09:21:00/wx/-3.64,554.6,19.5,3.78,339,1.17
2026.107.09:22:00/wx/-3.97,554.6,19.6,2.90,341,1.16
2026.107.09:23:00/wx/-3.69,554.7,19.5,3.33,339,1.15
2026.107.09:24:00/wx/-3.68,554.7,19.3,4.00,334,1.16
2026.107.09:25:00/wx/-3.20,554.6,18.0,3.93,340,1.15
2026.107.09:26:00/wx/-3.16,554.7,18.0,4.69,343,1.15
2026.107.09:27:00/wx/-2.90,554.7,17.6,3.94,344,1.16
2026.107.09:28:00/wx/-2.80,554.7,17.2,4.63,343,1.15
2026.107.09:29:00/wx/-2.70,554.7,16.9,3.53,342,1.16
2026.107.09:30:00/wx/-2.80,554.7,16.8,2.93,330,1.15
2026.107.09:31:00/wx/-3.04,554.7,17.2,3.16,332,1.15
2026.107.09:32:00/wx/-3.76,554.7,18.1,3.38,317,1.16
2026.107.09:33:00/wx/-3.78,554.8,18.6,3.44,332,1.15
2026.107.09:34:00/wx/-3.43,554.8,17.9,3.46,338,1.14
2026.107.09:35:00/wx/-3.20,554.8,17.7,4.13,331,1.16
2026.107.09:36:00/wx/-3.04,554.8,17.5,3.92,341,1.16
2026.107.09:37:00/wx/-3.19,554.8,17.6,4.33,339,1.16
2026.107.09:38:00/wx/-3.00,554.8,17.4,3.53,339,1.18
2026.107.09:39:00/wx/-3.26,554.8,17.5,3.42,330,1.18
2026.107.09:40:00/wx/-3.20,554.8,17.2,3.73,336,1.17
2026.107.09:41:00/wx/-3.10,554.8,17.2,3.45,340,1.17
2026.107.09:42:00/wx/-3.00,554.8,17.1,3.64,336,1.17
2026.107.09:43:00/wx/-2.90,554.8,17.0,4.03,342,1.16
2026.107.09:44:00/wx/-2.93,554.9,16.9,3.36,336,1.16
2026.107.09:45:00/wx/-3.30,554.8,17.2,3.72,326,1.16
2026.107.09:46:00/wx/-3.10,554.9,17.4,3.12,322,1.17
2026.107.09:47:00/wx/-3.19,554.8,17.3,3.35,342,1.16
2026.107.09:48:00/wx/-3.40,554.9,17.6,3.03,327,1.15
2026.107.09:49:00/wx/-3.60,554.9,18.1,3.36,339,1.15
2026.107.09:50:00/wx/-3.30,554.9,17.6,2.77,332,1.16
2026.107.09:51:00/wx/-3.34,554.9,17.6,2.64,331,1.16
2026.107.09:52:00/wx/-4.10,554.9,18.6,3.02,330,1.15
2026.107.09:53:00/wx/-3.77,554.9,18.5,3.15,329,1.16
2026.107.09:54:00/wx/-4.17,554.8,18.7,2.95,334,1.16
2026.107.09:55:00/wx/-4.41,554.8,19.2,2.75,320,1.15
2026.107.09:56:00/wx/-4.09,554.9,19.2,3.86,341,1.16
2026.107.09:57:00/wx/-3.31,554.9,18.0,3.44,345,1.16
2026.107.09:58:00/wx/-3.06,554.8,17.4,3.43,339,1.16
2026.107.09:59:00/wx/-2.90,554.9,17.1,2.47,341,1.15
2026.107.10:00:00/wx/-3.01,554.9,17.0,3.45,343,1.14
2026.107.10:01:00/wx/-3.40,554.9,17.6,3.99,335,1.14
2026.107.10:02:00/wx/-3.10,554.9,17.2,3.44,344,1.14
2026.107.10:03:00/wx/-3.10,554.8,17.0,3.53,339,1.13
2026.107.10:04:00/wx/-3.10,554.9,17.0,3.00,330,1.14
2026.107.10:05:00/wx/-3.11,554.9,17.2,3.43,321,1.14
2026.107.10:06:00/wx/-3.10,554.9,17.2,2.77,324,1.14
2026.107.10:07:00/wx/-3.00,554.9,17.1,2.34,322,1.13
2026.107.10:08:00/wx/-3.03,554.9,17.0,2.67,329,1.13
2026.107.10:09:00/wx/-3.10,554.9,17.1,2.75,333,1.13
2026.107.10:10:00/wx/-3.21,554.8,17.1,2.56,332,1.12
2026.107.10:11:00/wx/-3.43,554.8,17.6,2.58,322,1.13
2026.107.10:12:00/wx/-3.90,554.8,18.1,2.33,324,1.11
2026.107.10:13:00/wx/-3.83,554.8,18.3,3.10,329,1.11
2026.107.10:14:00/wx/-3.22,554.9,17.5,3.21,329,1.12
2026.107.10:15:00/wx/-3.10,554.9,17.1,3.15,333,1.11
2026.107.10:16:00/wx/-3.21,554.9,17.2,3.60,326,1.12
2026.107.10:17:00/wx/-3.00,554.9,17.1,2.83,327,1.12
2026.107.10:18:00/wx/-3.06,554.9,17.0,3.33,335,1.11
2026.107.10:19:00/wx/-3.09,554.9,17.0,3.07,335,1.11
2026.107.10:20:00/wx/-3.32,554.9,17.3,3.35,327,1.11
2026.107.10:21:00/wx/-3.13,554.8,17.2,2.94,330,1.10
2026.107.10:22:00/wx/-3.00,554.8,16.7,4.03,329,1.10
2026.107.10:23:00/wx/-2.90,554.9,16.6,3.98,336,1.10
2026.107.10:24:00/wx/-2.80,554.9,16.3,3.34,338,1.11
2026.107.10:25:00/wx/-2.80,554.9,16.2,3.18,328,1.11
2026.107.10:26:00/wx/-2.91,554.9,16.2,3.68,331,1.10
2026.107.10:27:00/wx/-2.80,554.9,16.4,3.66,334,1.11
2026.107.10:28:00/wx/-2.84,554.9,16.3,3.73,331,1.11
2026.107.10:29:00/wx/-2.90,554.9,16.2,3.54,339,1.11
2026.107.10:30:00/wx/-2.80,554.9,15.9,3.14,339,1.11
2026.107.10:31:00/wx/-2.82,554.9,16.1,3.58,334,1.12
2026.107.10:32:00/wx/-2.81,554.9,16.2,3.94,334,1.10
2026.107.10:33:00/wx/-3.10,554.9,16.3,3.79,332,1.11
2026.107.10:34:00/wx/-2.90,554.9,16.4,4.01,330,1.11
2026.107.10:35:00/wx/-2.80,554.9,16.3,3.80,337,1.11
2026.107.10:36:00/wx/-2.80,554.9,16.0,3.80,333,1.11
2026.107.10:37:00/wx/-2.70,554.9,15.9,3.16,336,1.11
2026.107.10:38:00/wx/-2.95,554.9,15.9,3.69,336,1.12
2026.107.10:39:00/wx/-2.90,554.9,16.0,3.03,341,1.11
2026.107.10:40:00/wx/-3.01,554.9,15.9,3.01,324,1.11
2026.107.10:41:00/wx/-3.00,554.9,16.2,3.49,331,1.11
2026.107.10:42:00/wx/-3.40,554.9,16.6,2.80,329,1.11
2026.107.10:43:00/wx/-3.40,554.9,16.6,3.06,336,1.10
2026.107.10:44:00/wx/-3.50,554.9,17.1,3.63,332,1.11
2026.107.10:45:00/wx/-3.50,554.9,17.0,3.46,334,1.11
2026.107.10:46:00/wx/-3.12,554.9,16.5,3.38,347,1.11
2026.107.10:47:00/wx/-3.19,554.9,16.5,2.70,325,1.10
2026.107.10:48:00/wx/-3.66,554.9,16.8,3.30,333,1.10
2026.107.10:49:00/wx/-3.90,554.9,17.2,3.43,331,1.11
2026.107.10:50:00/wx/-3.50,554.9,16.6,3.12,334,1.12
2026.107.10:51:00/wx/-3.67,554.9,16.7,2.70,325,1.11
2026.107.10:52:00/wx/-4.06,554.9,17.5,2.88,309,1.10
2026.107.10:53:00/wx/-3.24,554.9,16.8,2.82,320,1.10
2026.107.10:54:00/wx/-2.90,554.9,16.2,2.93,324,1.10
2026.107.10:55:00/wx/-2.90,554.9,16.0,3.04,319,1.11
2026.107.10:56:00/wx/-2.98,554.9,16.2,3.13,325,1.09
2026.107.10:57:00/wx/-3.67,554.9,16.9,2.72,326,1.09
2026.107.10:58:00/wx/-3.86,555.0,17.1,2.84,324,1.10
2026.107.10:59:00/wx/-3.80,555.0,17.0,3.23,310,1.11
2026.107.11:00:00/wx/-3.50,555.0,16.9,2.85,309,1.10
2026.107.11:01:00/wx/-3.50,555.0,16.7,2.54,311,1.11
2026.107.11:02:00/wx/-3.70,555.0,17.0,2.43,311,1.11
2026.107.11:03:00/wx/-3.70,555.0,17.0,2.80,318,1.11
2026.107.11:04:00/wx/-3.69,555.0,16.9,3.02,321,1.12
2026.107.11:05:00/wx/-3.35,555.0,16.6,2.44,325,1.11
2026.107.11:06:00/wx/-3.21,555.0,16.4,2.63,312,1.11
2026.107.11:07:00/wx/-3.10,555.0,16.3,2.57,319,1.11
2026.107.11:08:00/wx/-3.10,555.0,16.1,2.73,334,1.12
2026.107.11:09:00/wx/-3.11,555.0,16.3,2.63,337,1.12
2026.107.11:10:00/wx/-3.20,555.0,15.9,2.50,333,1.10
2026.107.11:11:00/wx/-3.29,555.0,15.7,2.75,336,1.10
2026.107.11:12:00/wx/-3.57,555.0,16.2,2.70,331,1.12
2026.107.11:13:00/wx/-3.38,555.0,16.0,3.15,332,1.10
2026.107.11:14:00/wx/-3.30,555.0,16.1,2.72,337,1.09
2026.107.11:15:00/wx/-3.34,555.1,16.0,3.19,339,1.12
2026.107.11:16:00/wx/-3.11,555.0,16.0,2.74,335,1.11
2026.107.11:17:00/wx/-3.16,555.1,16.2,3.05,330,1.12
2026.107.11:18:00/wx/-3.20,555.0,16.2,2.64,314,1.12
2026.107.11:19:00/wx/-3.00,555.1,15.7,2.37,326,1.13
2026.107.11:20:00/wx/-2.94,555.1,15.5,1.98,322,1.12
2026.107.11:21:00/wx/-2.80,555.0,15.1,2.03,333,1.12
2026.107.11:22:00/wx/-2.80,555.1,15.4,1.68,324,1.12
2026.107.11:23:00/wx/-2.87,555.1,15.5,1.66,321,1.12
2026.107.11:24:00/wx/-2.80,555.0,15.8,1.55,332,1.11
2026.107.11:25:00/wx/-2.80,555.1,15.0,2.05,323,1.12
2026.107.11:26:00/wx/-2.90,555.1,15.2,2.13,317,1.11
2026.107.11:27:00/wx/-2.80,555.1,15.2,2.01,329,1.12
2026.107.11:28:00/wx/-2.81,555.1,15.4,1.37,307,1.11
2026.107.11:29:00/wx/-2.90,555.1,15.4,1.98,307,1.12
2026.107.11:30:00/wx/-3.10,555.1,15.2,2.18,323,1.12
2026.107.11:31:00/wx/-3.20,555.1,15.8,1.93,312,1.11
2026.107.11:32:00/wx/-3.10,555.1,15.5,2.27,311,1.11
2026.107.11:33:00/wx/-3.01,555.1,15.7,2.17,316,1.11
2026.107.11:34:00/wx/-2.81,555.1,15.6,2.29,317,1.12
2026.107.11:35:00/wx/-2.90,555.1,15.6,1.88,313,1.13
2026.107.11:36:00/wx/-2.90,555.1,15.7,2.13,311,1.13
2026.107.11:37:00/wx/-2.80,555.1,15.6,2.20,325,1.13
2026.107.11:38:00/wx/-2.70,555.1,15.3,2.19,309,1.13
2026.107.11:39:00/wx/-2.80,555.1,15.5,2.31,307,1.13
2026.107.11:40:00/wx/-2.90,555.1,15.5,2.28,325,1.13
2026.107.11:41:00/wx/-3.10,555.2,15.9,2.13,325,1.13
2026.107.11:42:00/wx/-3.10,555.2,15.9,2.65,325,1.14
2026.107.11:43:00/wx/-3.10,555.2,16.2,3.16,328,1.14
2026.107.11:44:00/wx/-2.90,555.2,15.5,2.47,338,1.14
2026.107.11:45:00/wx/-2.72,555.2,15.3,2.37,333,1.14
2026.107.11:46:00/wx/-3.00,555.2,16.0,3.01,333,1.13
2026.107.11:47:00/wx/-2.76,555.2,15.6,2.49,331,1.13
2026.107.11:48:00/wx/-2.70,555.1,15.4,2.13,327,1.13
2026.107.11:49:00/wx/-2.60,555.2,15.3,2.13,328,1.12
2026.107.11:50:00/wx/-2.50,555.2,15.4,2.60,339,1.12
2026.107.11:51:00/wx/-2.60,555.2,14.8,2.93,338,1.12
2026.107.11:52:00/wx/-2.64,555.2,15.3,2.74,349,1.11
2026.107.11:53:00/wx/-2.70,555.2,15.4,2.34,350,1.10
2026.107.11:54:00/wx/-2.72,555.2,15.8,2.66,351,1.10
2026.107.11:55:00/wx/-3.02,555.2,17.1,2.24,328,1.10
2026.107.11:56:00/wx/-2.79,555.2,16.0,2.94,333,1.10
2026.107.11:57:00/wx/-2.64,555.2,15.6,3.51,339,1.10
2026.107.11:58:00/wx/-2.50,555.2,15.5,3.15,332,1.10
2026.107.11:59:00/wx/-2.51,555.2,15.4,3.27,342,1.09
2026.107.12:00:00/wx/-2.40,555.2,15.2,3.01,325,1.10
2026.107.12:01:00/wx/-2.91,555.2,16.8,3.16,334,1.09
2026.107.12:02:00/wx/-2.70,555.2,15.8,3.54,344,1.08
2026.107.12:03:00/wx/-2.60,555.2,16.1,2.93,335,1.08
2026.107.12:04:00/wx/-2.73,555.2,17.6,3.11,331,1.07
2026.107.12:05:00/wx/-2.42,555.2,16.0,3.02,335,1.07
2026.107.12:06:00/wx/-2.30,555.2,15.5,2.87,343,1.08
2026.107.12:07:00/wx/-2.40,555.2,15.8,3.93,335,1.07
2026.107.12:08:00/wx/-2.20,555.2,14.7,3.83,339,1.08
2026.107.12:09:00/wx/-2.39,555.2,15.6,3.48,339,1.07
2026.107.12:10:00/wx/-2.50,555.3,17.3,3.57,335,1.06
2026.107.12:11:00/wx/-2.39,555.3,16.2,3.51,338,1.06
2026.107.12:12:00/wx/-2.20,555.3,16.0,2.63,329,1.07
2026.107.12:13:00/wx/-2.30,555.3,17.2,3.73,334,1.07
2026.107.12:14:00/wx/-2.20,555.3,15.9,2.90,333,1.08
2026.107.12:15:00/wx/-2.09,555.4,16.9,3.38,329,1.07
2026.107.12:16:00/wx/-2.08,555.3,15.9,3.49,326,1.11
2026.107.12:17:00/wx/-2.00,555.4,16.0,3.08,335,1.08
2026.107.12:18:00/wx/-1.90,555.4,16.1,2.71,333,1.09
2026.107.12:19:00/wx/-2.00,555.4,15.5,2.97,334,1.09
2026.107.12:20:00/wx/-2.10,555.4,15.7,2.55,318,1.09
2026.107.12:21:00/wx/-2.00,555.4,16.6,2.88,311,1.02
2026.107.12:22:00/wx/-2.00,555.4,18.1,3.20,317,1.05
2026.107.12:23:00/wx/-1.90,555.4,15.3,2.11,325,1.04
2026.107.12:24:00/wx/-1.80,555.4,17.0,2.35,312,1.05
2026.107.12:25:00/wx/-1.80,555.4,17.7,2.21,323,1.05
2026.107.12:26:00/wx/-1.70,555.4,16.3,2.84,315,1.05
2026.107.12:27:00/wx/-1.70,555.4,15.9,2.79,321,1.06
2026.107.12:28:00/wx/-1.60,555.4,15.8,2.53,322,1.06
2026.107.12:29:00/wx/-1.40,555.4,15.9,2.90,322,1.05
2026.107.12:30:00/wx/-1.40,555.4,15.4,2.43,323,1.06
2026.107.12:31:00/wx/-1.30,555.4,15.0,2.27,323,1.08
2026.107.12:32:00/wx/-1.20,555.5,15.0,2.73,325,1.09
2026.107.12:33:00/wx/-1.20,555.5,14.8,3.34,321,1.08
2026.107.12:34:00/wx/-1.30,555.5,14.3,2.44,295,1.08
2026.107.12:35:00/wx/-1.20,555.5,14.7,2.34,325,1.08
2026.107.12:36:00/wx/-1.20,555.5,14.5,2.50,321,1.09
2026.107.12:37:00/wx/-1.20,555.5,14.4,2.88,319,1.08
2026.107.12:38:00/wx/-1.20,555.5,14.3,2.26,319,1.07
2026.107.12:39:00/wx/-1.10,555.5,14.8,2.74,308,1.08
2026.107.12:40:00/wx/-1.10,555.4,14.8,2.13,270,1.06
2026.107.12:41:00/wx/-0.89,555.5,14.8,3.10,305,1.07
2026.107.12:42:00/wx/-1.00,555.4,13.7,2.65,295,1.07
2026.107.12:43:00/wx/-0.90,555.5,13.9,2.40,282,1.06
2026.107.12:44:00/wx/-0.76,555.5,14.6,3.09,312,1.09
2026.107.12:45:00/wx/-0.90,555.5,13.5,2.13,304,1.09
2026.107.12:46:00/wx/-0.76,555.5,14.1,2.59,325,1.09
2026.107.12:47:00/wx/-0.71,555.5,13.9,2.38,309,1.08
2026.107.12:48:00/wx/-0.60,555.5,13.5,2.76,291,1.05
2026.107.12:49:00/wx/-0.70,555.5,13.7,2.58,327,1.06
2026.107.12:50:00/wx/-0.80,555.5,13.7,2.83,332,1.04
2026.107.12:51:00/wx/-0.70,555.5,13.6,3.47,301,1.06
2026.107.12:52:00/wx/-0.71,555.5,13.8,2.25,309,1.03
2026.107.12:53:00/wx/-0.60,555.5,13.8,2.55,305,1.04
2026.107.12:54:00/wx/-0.53,555.5,13.5,2.72,310,1.04
2026.107.12:55:00/wx/-0.50,555.5,13.3,3.35,306,1.04
2026.107.12:56:00/wx/-0.50,555.5,12.9,3.33,299,1.03
2026.107.12:57:00/wx/-0.30,555.5,13.0,3.04,293,1.03
2026.107.12:58:00/wx/-0.50,555.5,12.1,2.98,285,1.02
2026.107.12:59:00/wx/-0.50,555.5,12.0,2.91,307,1.03
2026.107.13:00:00/wx/-0.40,555.5,11.6,3.10,299,1.03
2026.107.13:01:00/wx/-0.30,555.5,11.8,1.86,265,1.05
2026.107.13:02:00/wx/-0.10,555.5,11.5,3.32,285,1.02
2026.107.13:03:00/wx/-0.30,555.5,11.6,2.29,279,1.03
2026.107.13:04:00/wx/-0.20,555.6,10.6,2.10,284,1.05
2026.107.13:05:00/wx/-0.30,555.5,11.2,3.49,293,1.04
2026.107.13:06:00/wx/-0.25,555.5,11.5,3.00,298,1.06
2026.107.13:07:00/wx/-0.20,555.5,11.5,3.92,307,1.05
2026.107.13:08:00/wx/-0.20,555.5,11.5,3.90,295,1.05
2026.107.13:09:00/wx/0.09,555.6,11.6,4.08,303,1.03
2026.107.13:10:00/wx/-0.10,555.6,11.0,4.16,304,1.04
2026.107.13:11:00/wx/0.00,555.6,10.5,3.74,299,1.03
2026.107.13:12:00/wx/0.10,555.6,10.7,3.43,308,1.02
2026.107.13:13:00/wx/0.07,555.6,10.7,2.96,323,1.03
2026.107.13:14:00/wx/0.00,555.6,10.6,2.82,305,1.03
2026.107.13:15:00/wx/0.10,555.6,10.2,3.82,297,1.02
2026.107.13:16:00/wx/0.20,555.6,9.9,4.20,293,1.02
2026.107.13:17:00/wx/0.30,555.6,9.3,3.13,287,1.01
2026.107.13:18:00/wx/0.40,555.6,9.5,2.68,303,1.02
2026.107.13:19:00/wx/0.60,555.6,9.9,3.54,307,1.01
2026.107.13:20:00/wx/0.40,555.6,9.4,4.21,305,1.00
2026.107.13:21:00/wx/0.37,555.6,9.4,4.18,292,1.01
2026.107.13:22:00/wx/0.20,555.6,9.2,4.93,292,1.01
2026.107.13:23:00/wx/0.20,555.6,9.6,3.65,304,1.02
2026.107.13:24:00/wx/0.20,555.6,9.5,4.22,290,1.02
2026.107.13:25:00/wx/0.20,555.6,10.1,4.17,309,1.03
2026.107.13:26:00/wx/0.40,555.6,10.0,3.59,297,1.02
2026.107.13:27:00/wx/0.40,555.6,9.7,3.93,312,1.02
2026.107.13:28:00/wx/0.30,555.6,9.3,3.69,295,1.02
2026.107.13:29:00/wx/0.48,555.6,9.3,2.30,285,1.01
2026.107.13:30:00/wx/0.91,555.6,9.1,3.73,311,1.00
2026.107.13:31:00/wx/0.87,555.6,8.4,3.20,296,1.01
2026.107.13:32:00/wx/0.71,555.6,8.1,2.23,299,1.01
2026.107.13:33:00/wx/0.55,555.7,8.8,3.34,283,1.02
2026.107.13:34:00/wx/0.50,555.6,9.4,2.50,313,1.02
2026.107.13:35:00/wx/0.70,555.7,9.2,3.09,285,1.02
2026.107.13:36:00/wx/0.66,555.7,9.5,2.59,281,1.01
2026.107.13:37:00/wx/0.90,555.7,9.2,3.18,244,1.00
2026.107.13:38:00/wx/1.00,555.7,9.3,2.41,276,1.01
2026.107.13:39:00/wx/1.10,555.7,8.7,2.92,295,1.01
2026.107.13:40:00/wx/1.27,555.7,8.6,4.10,310,1.00
2026.107.13:41:00/wx/0.90,555.7,8.9,3.49,306,1.01
2026.107.13:42:00/wx/0.91,555.7,9.3,3.20,280,1.01
2026.107.13:43:00/wx/1.10,555.7,9.4,2.89,272,1.01
2026.107.13:44:00/wx/1.00,555.7,8.8,2.58,282,1.01
2026.107.13:45:00/wx/1.36,555.7,8.6,4.57,291,1.02
2026.107.13:46:00/wx/1.63,555.7,8.5,3.62,239,1.03
2026.107.13:47:00/wx/1.59,555.7,8.7,4.39,220,1.02
2026.107.13:48:00/wx/1.24,555.7,8.4,2.95,231,1.02
2026.107.13:49:00/wx/1.50,555.7,8.7,3.72,284,1.02
2026.107.13:50:00/wx/1.64,555.7,8.8,2.48,278,1.03
2026.107.13:51:00/wx/1.60,555.7,8.7,3.14,263,1.02
2026.107.13:52:00/wx/1.28,555.7,8.7,4.16,251,1.03
2026.107.13:53:00/wx/1.00,555.7,9.0,2.69,266,1.02
2026.107.13:54:00/wx/0.90,555.7,9.2,3.13,242,1.01
2026.107.13:55:00/wx/1.14,555.7,9.3,2.31,229,1.01
2026.107.13:56:00/wx/1.22,555.7,9.0,3.66,241,1.01
2026.107.13:57:00/wx/1.12,555.7,9.2,2.19,263,1.01
2026.107.13:58:00/wx/1.40,555.7,9.2,2.55,249,1.02
2026.107.13:59:00/wx/1.40,555.7,9.3,2.93,264,1.03
2026.107.14:00:00/wx/1.59,555.7,9.3,3.45,246,1.03
2026.107.14:01:00/wx/1.81,555.7,9.2,3.16,294,1.01
2026.107.14:02:00/wx/1.60,555.7,9.3,2.84,257,1.02
2026.107.14:03:00/wx/1.34,555.7,9.4,2.67,245,1.03
2026.107.14:04:00/wx/1.30,555.7,9.5,2.23,257,1.03
2026.107.14:05:00/wx/1.44,555.7,9.6,4.63,232,1.03
2026.107.14:06:00/wx/1.60,555.7,9.6,3.09,263,1.03
2026.107.14:07:00/wx/1.29,555.7,9.5,3.49,226,1.04
2026.107.14:08:00/wx/1.64,555.7,9.8,2.78,262,1.06
2026.107.14:09:00/wx/1.92,555.8,9.9,4.17,236,1.06
2026.107.14:10:00/wx/1.96,555.8,9.4,3.47,245,1.06
2026.107.14:11:00/wx/1.79,555.7,9.6,3.28,293,1.06
2026.107.14:12:00/wx/2.03,555.8,9.7,3.55,246,1.07
2026.107.14:13:00/wx/1.59,555.8,9.7,2.90,267,1.07
2026.107.14:14:00/wx/1.59,555.8,10.0,3.07,280,1.07
2026.107.14:15:00/wx/1.75,555.8,10.2,4.55,259,1.09
2026.107.14:16:00/wx/1.71,555.8,9.8,5.73,250,1.08
2026.107.14:17:00/wx/1.44,555.8,9.9,5.43,250,1.08
2026.107.14:18:00/wx/1.39,555.8,10.0,1.85,286,1.08
2026.107.14:19:00/wx/1.70,555.8,10.1,3.92,243,1.08
2026.107.14:20:00/wx/1.54,555.8,10.1,3.17,272,1.06
2026.107.14:21:00/wx/1.69,555.8,10.3,3.69,250,1.08
2026.107.14:22:00/wx/1.90,555.8,10.0,4.71,242,1.08
2026.107.14:23:00/wx/1.60,555.9,10.0,4.06,262,1.09
2026.107.14:24:00/wx/1.81,555.8,10.1,4.80,242,1.10
2026.107.14:25:00/wx/1.70,555.8,10.1,2.83,230,1.10
2026.107.14:26:00/wx/1.99,555.9,10.3,5.07,243,1.07
2026.107.14:27:00/wx/1.69,555.9,10.0,3.60,256,1.08
2026.107.14:28:00/wx/1.71,555.8,10.4,2.56,269,1.09
2026.107.14:29:00/wx/1.94,555.8,10.5,1.43,283,1.11
2026.107.14:30:00/wx/2.19,555.8,10.3,2.26,278,1.10
2026.107.14:31:00/wx/2.20,555.9,10.0,4.43,284,1.09
2026.107.14:32:00/wx/2.26,555.8,10.0,4.71,287,1.11
2026.107.14:33:00/wx/2.09,555.8,10.4,3.71,287,1.10
2026.107.14:34:00/wx/1.90,555.8,10.4,3.33,277,1.09
2026.107.14:35:00/wx/2.10,555.8,10.6,3.39,273,1.10
2026.107.14:36:00/wx/2.00,555.8,10.7,3.23,255,1.09
2026.107.14:37:00/wx/1.93,555.8,11.0,2.62,261,1.10
2026.107.14:38:00/wx/2.23,555.8,10.9,3.41,278,1.12
2026.107.14:39:00/wx/2.42,555.8,11.2,3.05,268,1.14
2026.107.14:40:00/wx/2.71,555.9,11.1,3.45,265,1.13
2026.107.14:41:00/wx/2.70,555.9,10.7,4.02,222,1.11
2026.107.14:42:00/wx/2.45,555.8,10.7,4.50,220,1.14
2026.107.14:43:00/wx/2.02,555.8,11.1,2.96,212,1.16
2026.107.14:44:00/wx/3.06,555.8,11.2,6.45,250,1.12
2026.107.14:45:00/wx/2.23,555.8,11.2,2.72,268,1.13
2026.107.14:46:00/wx/2.10,555.8,11.6,1.02,261,1.14
2026.107.14:47:00/wx/2.71,555.8,11.2,4.18,302,1.15
2026.107.14:48:00/wx/2.60,555.8,11.0,3.57,224,1.15
2026.107.14:49:00/wx/2.60,555.8,11.2,4.74,224,1.13
2026.107.14:50:00/wx/2.86,555.8,11.3,6.29,253,1.16
2026.107.14:51:00/wx/2.50,555.8,11.6,2.08,277,1.13
2026.107.14:52:00/wx/2.41,555.8,11.1,4.29,250,1.14
2026.107.14:53:00/wx/2.20,555.8,11.5,1.92,269,1.12
2026.107.14:54:00/wx/2.32,555.8,11.6,2.87,279,1.15
2026.107.14:55:00/wx/2.40,555.8,11.8,2.06,282,1.11
2026.107.14:56:00/wx/2.50,555.8,11.6,1.24,234,1.13
2026.107.14:57:00/wx/2.91,555.7,11.6,3.24,209,1.08
2026.107.14:58:00/wx/3.20,555.7,9.7,4.05,204,1.08
2026.107.14:59:00/wx/3.34,555.7,9.2,6.17,231,1.08
2026.107.15:00:00/wx/3.05,555.7,11.0,3.63,245,1.11
2026.107.15:01:00/wx/3.10,555.7,11.1,5.11,210,1.10
2026.107.15:02:00/wx/3.06,555.7,9.6,4.60,227,1.08
2026.107.15:03:00/wx/3.30,555.7,9.4,6.72,222,1.03
2026.107.15:04:00/wx/2.83,555.7,9.7,5.04,235,1.04
2026.107.15:05:00/wx/2.73,555.7,9.4,5.03,236,1.03
2026.107.15:06:00/wx/3.20,555.7,9.7,7.40,225,1.01
2026.107.15:07:00/wx/2.79,555.8,9.0,5.37,230,1.03
2026.107.15:08:00/wx/2.70,555.7,9.4,3.82,252,1.05
2026.107.15:09:00/wx/2.94,555.7,9.7,3.98,230,1.04
2026.107.15:10:00/wx/3.13,555.7,9.2,4.18,221,1.04
2026.107.15:11:00/wx/2.92,555.7,9.3,6.33,209,1.04
2026.107.15:12:00/wx/3.24,555.7,9.5,3.97,194,1.05
2026.107.15:13:00/wx/3.50,555.7,8.6,7.32,207,1.00
2026.107.15:14:00/wx/3.62,555.7,8.8,6.08,238,1.04
2026.107.15:15:00/wx/3.20,555.7,9.4,6.39,234,1.08
2026.107.15:16:00/wx/3.37,555.7,9.0,7.34,226,1.08
2026.107.15:17:00/wx/3.03,555.7,9.3,4.09,210,1.07
2026.107.15:18:00/wx/2.70,555.7,9.6,3.12,218,1.09
2026.107.15:19:00/wx/3.63,555.7,9.1,5.71,229,1.04
2026.107.15:20:00/wx/3.43,555.7,9.0,7.00,221,1.06
2026.107.15:21:00/wx/3.01,555.7,9.6,3.19,237,1.02
2026.107.15:22:00/wx/2.73,555.7,9.4,4.40,214,1.08
2026.107.15:23:00/wx/3.21,555.7,9.5,7.61,241,1.01
2026.107.15:24:00/wx/3.20,555.6,8.9,5.29,230,1.04
2026.107.15:25:00/wx/3.89,555.7,9.0,3.78,221,1.05
2026.107.15:26:00/wx/3.09,555.7,9.6,2.95,239,1.06
2026.107.15:27:00/wx/3.00,555.7,9.5,2.92,200,1.03
2026.107.15:28:00/wx/3.61,555.6,9.1,7.29,231,1.01
2026.107.15:29:00/wx/3.38,555.7,8.4,6.23,236,1.02
2026.107.15:30:00/wx/3.31,555.7,8.9,5.64,224,1.02
2026.107.15:31:00/wx/3.15,555.6,8.8,4.47,229,1.02
2026.107.15:32:00/wx/3.54,555.7,8.5,6.83,239,1.04
2026.107.15:33:00/wx/3.69,555.6,8.2,5.05,246,1.05
2026.107.15:34:00/wx/3.49,555.6,8.8,4.48,242,1.08
2026.107.15:35:00/wx/3.50,555.7,9.1,3.90,235,1.03
2026.107.15:36:00/wx/3.57,555.6,8.8,5.37,239,0.98
