2026.110.11:40:00;APEX Database Weather Data for Timerange of c261e
2026.110.11:40:00;The format is wx/temp[C],press[mbar],humid[%],speed[m/s],direction[deg],pwv[mm]
2026.110.11:41:00/wx/-3.70,555.0,22.6,4.11,341,2.81
2026.110.11:42:00/wx/-3.60,555.0,22.6,3.53,336,2.77
2026.110.11:43:00/wx/-3.70,555.0,22.7,3.37,339,2.75
2026.110.11:44:00/wx/-3.70,555.0,22.9,3.77,333,2.78
2026.110.11:45:00/wx/-3.60,555.0,22.4,3.48,342,2.77
2026.110.11:46:00/wx/-3.96,555.0,23.7,4.11,339,2.82
2026.110.11:47:00/wx/-3.80,555.0,23.3,3.55,332,2.83
2026.110.11:48:00/wx/-3.84,555.0,23.0,3.80,340,2.86
2026.110.11:49:00/wx/-3.98,555.0,23.9,3.93,348,2.83
2026.110.11:50:00/wx/-4.53,555.0,28.1,3.73,347,2.82
2026.110.11:51:00/wx/-4.24,555.0,25.7,4.00,338,2.84
2026.110.11:52:00/wx/-4.00,555.0,24.1,3.92,337,2.84
2026.110.11:53:00/wx/-3.84,555.0,23.6,4.40,337,2.89
2026.110.11:54:00/wx/-3.81,555.0,23.9,3.97,327,2.89
2026.110.11:55:00/wx/-3.70,555.0,23.4,3.69,336,2.79
2026.110.11:56:00/wx/-3.70,555.0,23.6,3.98,332,2.84
2026.110.11:57:00/wx/-3.70,555.0,23.7,4.18,337,2.82
2026.110.11:58:00/wx/-3.54,555.0,23.2,3.37,339,2.81
2026.110.11:59:00/wx/-3.70,555.0,24.0,3.96,327,2.76
2026.110.12:00:00/wx/-3.71,555.0,24.6,3.66,348,2.74
2026.110.12:01:00/wx/-3.80,555.0,26.1,3.77,342,2.76
2026.110.12:02:00/wx/-3.69,555.0,25.7,4.43,336,2.78
2026.110.12:03:00/wx/-3.40,555.0,23.1,3.37,338,2.78
2026.110.12:04:00/wx/-3.40,555.0,24.1,3.63,339,2.82
2026.110.12:05:00/wx/-3.40,555.0,24.3,3.87,339,2.85
2026.110.12:06:00/wx/-3.38,555.0,23.2,4.29,348,2.84
2026.110.12:07:00/wx/-3.39,555.0,23.0,4.20,342,2.83
2026.110.12:08:00/wx/-3.40,555.1,23.3,4.20,336,2.81
2026.110.12:09:00/wx/-3.50,555.1,24.8,4.13,337,2.80
2026.110.12:10:00/wx/-3.37,555.0,25.1,4.38,348,2.79
2026.110.12:11:00/wx/-3.20,555.1,23.5,3.90,343,2.81
2026.110.12:12:00/wx/-3.40,555.1,23.7,3.67,335,2.81
2026.110.12:13:00/wx/-3.50,555.1,25.5,2.87,323,2.79
2026.110.12:14:00/wx/-3.40,555.1,27.2,4.03,335,2.78
2026.110.12:15:00/wx/-3.30,555.1,24.1,3.85,333,2.82
2026.110.12:16:00/wx/-3.10,555.1,22.7,3.73,353,2.84
2026.110.12:17:00/wx/-3.09,555.1,22.3,3.72,332,2.81
2026.110.12:18:00/wx/-3.00,555.1,23.1,3.43,324,2.84
2026.110.12:19:00/wx/-2.90,555.1,23.5,4.03,333,2.81
2026.110.12:20:00/wx/-2.90,555.1,23.0,3.61,333,2.82
2026.110.12:21:00/wx/-2.81,555.2,22.8,3.17,340,2.77
2026.110.12:22:00/wx/-2.68,555.2,22.0,3.24,340,2.74
2026.110.12:23:00/wx/-2.50,555.2,22.2,3.63,324,2.78
2026.110.12:24:00/wx/-2.70,555.2,22.5,3.52,334,2.77
2026.110.12:25:00/wx/-2.70,555.2,22.5,3.08,325,2.75
2026.110.12:26:00/wx/-2.51,555.2,22.9,3.01,332,2.76
2026.110.12:27:00/wx/-2.60,555.2,22.9,3.66,324,2.75
2026.110.12:28:00/wx/-2.60,555.2,23.4,3.57,318,2.79
2026.110.12:29:00/wx/-2.50,555.2,24.5,3.31,323,2.76
2026.110.12:30:00/wx/-2.40,555.3,23.6,3.38,317,2.77
2026.110.12:31:00/wx/-2.50,555.2,23.3,3.62,328,2.75
2026.110.12:32:00/wx/-2.60,555.3,22.4,3.74,319,2.76
2026.110.12:33:00/wx/-2.62,555.3,22.5,3.43,314,2.77
2026.110.12:34:00/wx/-2.60,555.3,22.7,3.20,315,2.77
2026.110.12:35:00/wx/-2.50,555.3,23.3,3.72,309,2.79
2026.110.12:36:00/wx/-2.51,555.3,23.5,3.92,327,2.79
2026.110.12:37:00/wx/-2.30,555.3,24.3,2.95,308,2.79
2026.110.12:38:00/wx/-2.38,555.3,24.8,3.45,316,2.79
2026.110.12:39:00/wx/-2.40,555.3,24.4,2.69,308,2.81
2026.110.12:40:00/wx/-2.24,555.3,25.4,3.19,305,2.81
2026.110.12:41:00/wx/-2.19,555.3,24.2,3.89,313,2.81
2026.110.12:42:00/wx/-2.20,555.3,24.1,3.74,313,2.83
2026.110.12:43:00/wx/-2.18,555.3,23.1,3.77,293,2.81
2026.110.12:44:00/wx/-2.21,555.3,22.8,4.52,306,2.83
2026.110.12:45:00/wx/-2.30,555.3,23.1,3.88,299,2.82
2026.110.12:46:00/wx/-2.10,555.3,23.5,2.93,280,2.82
2026.110.12:47:00/wx/-2.00,555.3,23.3,4.38,291,2.84
2026.110.12:48:00/wx/-2.01,555.3,23.1,4.32,283,2.84
2026.110.12:49:00/wx/-2.10,555.4,22.8,4.71,292,2.85
2026.110.12:50:00/wx/-2.07,555.4,22.6,4.87,289,2.83
2026.110.12:51:00/wx/-2.10,555.4,23.1,4.03,278,2.83
2026.110.12:52:00/wx/-1.71,555.4,23.4,4.30,280,2.84
2026.110.12:53:00/wx/-1.99,555.4,22.5,4.27,293,2.86
2026.110.12:54:00/wx/-2.00,555.4,22.1,4.27,277,2.86
2026.110.12:55:00/wx/-2.13,555.4,21.7,3.49,263,2.80
2026.110.12:56:00/wx/-2.10,555.4,21.9,3.73,279,2.82
2026.110.12:57:00/wx/-1.99,555.4,21.7,3.46,275,2.81
2026.110.12:58:00/wx/-1.90,555.4,21.8,3.57,293,2.78
2026.110.12:59:00/wx/-1.91,555.4,21.2,4.48,290,2.72
2026.110.13:00:00/wx/-1.80,555.4,21.7,4.77,296,2.75
2026.110.13:01:00/wx/-1.89,555.4,21.6,4.39,294,2.77
2026.110.13:02:00/wx/-1.80,555.4,22.0,4.20,272,2.74
2026.110.13:03:00/wx/-2.00,555.5,21.8,4.13,277,2.73
2026.110.13:04:00/wx/-1.70,555.4,21.6,3.04,286,2.75
2026.110.13:05:00/wx/-1.28,555.5,21.8,3.75,277,2.79
2026.110.13:06:00/wx/-1.49,555.5,21.4,4.13,275,2.76
2026.110.13:07:00/wx/-1.86,555.5,21.2,3.36,281,2.77
2026.110.13:08:00/wx/-1.90,555.5,21.5,3.93,256,2.79
2026.110.13:09:00/wx/-1.80,555.6,21.7,2.92,273,2.82
2026.110.13:10:00/wx/-1.51,555.5,21.8,5.45,279,2.83
2026.110.13:11:00/wx/-1.80,555.5,21.7,3.93,283,2.83
2026.110.13:12:00/wx/-1.65,555.5,21.9,4.25,272,2.81
2026.110.13:13:00/wx/-1.60,555.5,22.2,4.60,289,2.83
2026.110.13:14:00/wx/-1.70,555.6,22.4,3.75,257,2.84
2026.110.13:15:00/wx/-1.68,555.6,22.5,4.66,282,2.79
2026.110.13:16:00/wx/-1.80,555.5,22.3,3.49,270,2.79
2026.110.13:17:00/wx/-1.29,555.5,22.2,4.34,262,2.79
2026.110.13:18:00/wx/-1.50,555.6,21.9,4.33,282,2.75
2026.110.13:19:00/wx/-1.36,555.6,22.4,3.90,277,2.76
2026.110.13:20:00/wx/-1.49,555.6,21.6,5.32,279,2.72
2026.110.13:21:00/wx/-1.70,555.5,21.5,5.44,287,2.70
2026.110.13:22:00/wx/-1.75,555.5,22.0,5.10,290,2.70
2026.110.13:23:00/wx/-1.20,555.5,21.8,6.43,295,2.69
2026.110.13:24:00/wx/-1.60,555.5,21.6,4.81,280,2.64
2026.110.13:25:00/wx/-1.71,555.5,22.2,3.94,279,2.64
2026.110.13:26:00/wx/-1.49,555.5,21.7,6.17,288,2.60
2026.110.13:27:00/wx/-1.66,555.5,21.9,5.46,283,2.63
2026.110.13:28:00/wx/-1.60,555.5,22.5,4.93,294,2.57
2026.110.13:29:00/wx/-1.40,555.5,22.4,4.64,287,2.64
2026.110.13:30:00/wx/-1.40,555.5,22.1,4.35,294,2.57
2026.110.13:31:00/wx/-1.13,555.5,22.5,4.04,259,2.64
2026.110.13:32:00/wx/-1.46,555.5,22.7,4.45,256,2.58
2026.110.13:33:00/wx/-1.20,555.5,22.6,5.23,279,2.62
2026.110.13:34:00/wx/-0.94,555.5,21.8,5.23,258,2.67
2026.110.13:35:00/wx/-1.30,555.5,22.7,3.50,266,2.64
2026.110.13:36:00/wx/-0.87,555.5,22.3,5.94,277,2.65
2026.110.13:37:00/wx/-1.19,555.6,21.6,5.88,280,2.63
2026.110.13:38:00/wx/-1.20,555.6,21.9,5.20,273,2.65
2026.110.13:39:00/wx/-0.78,555.5,21.9,5.38,256,2.55
2026.110.13:40:00/wx/-0.99,555.6,21.6,5.65,279,2.59
2026.110.13:41:00/wx/-1.10,555.6,21.7,4.83,273,2.63
2026.110.13:42:00/wx/-1.00,555.6,21.6,5.60,277,2.61
2026.110.13:43:00/wx/-0.89,555.6,21.5,5.25,269,2.59
2026.110.13:44:00/wx/-1.10,555.6,21.3,6.28,283,2.61
2026.110.13:45:00/wx/-0.89,555.6,20.9,6.96,300,2.58
2026.110.13:46:00/wx/-1.28,555.6,21.5,5.48,300,2.54
2026.110.13:47:00/wx/-1.09,555.6,21.5,3.90,271,2.47
2026.110.13:48:00/wx/-1.10,555.6,21.7,3.18,269,2.39
2026.110.13:49:00/wx/-0.85,555.6,21.4,4.66,285,2.39
2026.110.13:50:00/wx/-0.50,555.6,20.5,7.59,295,2.42
2026.110.13:51:00/wx/-0.57,555.6,20.8,6.78,292,2.51
2026.110.13:52:00/wx/-0.90,555.7,21.4,6.08,276,2.49
2026.110.13:53:00/wx/-0.92,555.6,21.5,5.35,275,2.49
2026.110.13:54:00/wx/-1.19,555.7,21.9,4.55,270,2.49
2026.110.13:55:00/wx/-0.70,555.7,21.8,5.63,266,2.55
2026.110.13:56:00/wx/-0.66,555.7,21.2,5.54,266,2.46
2026.110.13:57:00/wx/-0.93,555.7,21.6,5.52,273,2.56
2026.110.13:58:00/wx/-0.89,555.7,21.5,4.80,274,2.58
2026.110.13:59:00/wx/-0.93,555.7,21.4,6.97,289,2.59
2026.110.14:00:00/wx/-1.10,555.7,22.1,3.83,270,2.61
2026.110.14:01:00/wx/-0.96,555.7,22.4,3.12,268,2.52
2026.110.14:02:00/wx/-0.94,555.7,21.5,4.11,273,2.59
2026.110.14:03:00/wx/-0.52,555.7,21.0,6.66,282,2.57
2026.110.14:04:00/wx/-0.60,555.7,21.2,5.39,274,2.65
2026.110.14:05:00/wx/-0.20,555.8,21.4,5.83,291,2.64
2026.110.14:06:00/wx/0.63,555.8,21.1,5.21,282,2.64
2026.110.14:07:00/wx/-0.31,555.8,20.8,6.04,274,2.58
2026.110.14:08:00/wx/-0.80,555.8,20.8,5.36,273,2.58
2026.110.14:09:00/wx/-0.50,555.8,20.5,5.31,279,2.53
2026.110.14:10:00/wx/-0.91,555.8,20.7,2.62,271,2.44
2026.110.14:11:00/wx/-1.00,555.8,21.0,4.50,261,2.45
2026.110.14:12:00/wx/-0.72,555.8,21.0,4.07,251,2.59
2026.110.14:13:00/wx/-0.81,555.8,21.7,5.83,283,2.53
2026.110.14:14:00/wx/-0.54,555.8,22.6,5.41,284,2.61
2026.110.14:15:00/wx/-0.20,555.8,21.7,4.59,271,2.54
2026.110.14:16:00/wx/-0.60,555.8,21.9,5.61,272,2.59
2026.110.14:17:00/wx/-0.60,555.8,22.0,5.13,277,2.58
2026.110.14:18:00/wx/-0.51,555.8,21.9,5.01,256,2.57
2026.110.14:19:00/wx/0.17,555.8,21.0,5.91,243,2.49
2026.110.14:20:00/wx/-0.49,555.8,21.4,5.09,256,2.57
2026.110.14:21:00/wx/-0.77,555.8,22.5,5.57,251,2.57
2026.110.14:22:00/wx/-0.41,555.8,21.8,4.76,266,2.65
2026.110.14:23:00/wx/0.07,555.8,20.9,5.55,252,2.49
2026.110.14:24:00/wx/-0.58,555.8,20.9,4.89,275,2.45
2026.110.14:25:00/wx/-0.49,555.9,20.7,6.62,271,2.52
2026.110.14:26:00/wx/-0.40,555.8,20.6,4.79,267,2.45
2026.110.14:27:00/wx/-0.20,555.9,20.2,5.47,290,2.45
2026.110.14:28:00/wx/-0.17,555.9,19.8,7.05,249,2.55
2026.110.14:29:00/wx/0.05,555.9,20.0,7.92,244,2.52
2026.110.14:30:00/wx/-0.12,555.9,20.1,5.59,252,2.48
2026.110.14:31:00/wx/-0.30,555.9,21.1,4.02,268,2.53
2026.110.14:32:00/wx/-0.40,555.9,21.3,4.63,276,2.52
2026.110.14:33:00/wx/-0.51,555.8,20.1,5.63,292,2.45
2026.110.14:34:00/wx/-0.38,555.9,20.4,7.45,279,2.41
2026.110.14:35:00/wx/-0.68,555.8,20.2,5.86,287,2.31
2026.110.14:36:00/wx/-0.08,555.8,19.7,7.24,285,2.32
2026.110.14:37:00/wx/-0.30,555.9,19.2,4.73,255,2.45
2026.110.14:38:00/wx/-0.54,555.8,19.5,5.60,243,2.28
2026.110.14:39:00/wx/-0.02,555.9,19.7,5.68,276,2.37
2026.110.14:40:00/wx/0.01,555.9,19.6,6.02,254,2.39
2026.110.14:41:00/wx/0.13,555.9,19.4,5.23,291,2.44
2026.110.14:42:00/wx/0.30,555.9,19.0,6.93,287,2.36
2026.110.14:43:00/wx/0.09,555.9,19.3,6.50,292,2.22
2026.110.14:44:00/wx/-0.21,555.9,19.7,5.50,278,2.23
2026.110.14:45:00/wx/-0.27,555.9,19.6,3.97,284,2.32
2026.110.14:46:00/wx/0.10,555.9,20.1,5.14,272,2.51
2026.110.14:47:00/wx/0.68,555.9,19.5,8.68,250,2.49
2026.110.14:48:00/wx/-0.33,555.9,19.9,3.92,255,2.40
2026.110.14:49:00/wx/-0.11,555.9,19.7,5.94,269,2.45
2026.110.14:50:00/wx/0.40,555.9,18.8,4.51,277,2.28
2026.110.14:51:00/wx/0.10,555.9,19.6,3.74,267,2.41
2026.110.14:52:00/wx/0.83,555.9,19.8,4.00,267,2.54
2026.110.14:53:00/wx/0.83,555.9,20.1,6.28,247,2.55
2026.110.14:54:00/wx/0.31,555.9,21.7,5.15,262,2.59
2026.110.14:55:00/wx/-0.18,555.9,21.1,5.36,254,2.55
2026.110.14:56:00/wx/-0.51,555.9,21.8,5.39,274,2.40
2026.110.14:57:00/wx/-0.40,555.9,22.0,3.39,268,2.50
2026.110.14:58:00/wx/0.12,555.9,22.2,8.38,252,2.59
2026.110.14:59:00/wx/0.00,556.0,22.9,4.89,275,2.58
2026.110.15:00:00/wx/-0.00,555.9,22.9,7.99,243,2.53
2026.110.15:01:00/wx/-0.15,555.9,22.9,5.49,238,2.46
2026.110.15:02:00/wx/0.50,555.9,22.7,5.73,281,2.38
2026.110.15:03:00/wx/0.46,556.0,22.6,4.25,274,2.43
2026.110.15:04:00/wx/-0.30,555.9,22.0,5.02,259,2.45
2026.110.15:05:00/wx/-0.07,555.9,21.8,8.93,235,2.42
2026.110.15:06:00/wx/0.15,555.9,21.4,5.92,291,2.35
2026.110.15:07:00/wx/0.19,555.9,21.0,4.98,280,2.52
2026.110.15:08:00/wx/0.65,556.0,21.0,6.14,268,2.58
2026.110.15:09:00/wx/0.40,555.9,20.5,5.23,282,2.42
2026.110.15:10:00/wx/-0.04,556.0,20.3,7.44,275,2.52
2026.110.15:11:00/wx/-0.25,555.9,20.8,5.15,277,2.52
2026.110.15:12:00/wx/-0.42,556.0,20.8,8.57,278,2.52
2026.110.15:13:00/wx/-0.35,555.9,20.9,4.64,278,2.45
2026.110.15:14:00/wx/0.30,555.9,20.6,5.23,274,2.54
2026.110.15:15:00/wx/0.64,555.9,19.3,6.20,265,2.45
2026.110.15:16:00/wx/0.22,556.0,19.6,7.26,251,2.46
2026.110.15:17:00/wx/-0.04,556.0,19.4,6.66,254,2.38
2026.110.15:18:00/wx/-0.31,556.0,20.7,6.22,266,2.27
2026.110.15:19:00/wx/0.00,556.0,19.7,6.22,248,2.25
2026.110.15:20:00/wx/-0.33,555.9,19.8,4.34,253,2.35
2026.110.15:21:00/wx/0.59,555.9,19.3,7.76,284,2.32
2026.110.15:22:00/wx/0.92,555.9,19.1,8.09,245,2.54
2026.110.15:23:00/wx/-0.02,555.9,21.3,7.75,238,2.50
2026.110.15:24:00/wx/-0.20,555.9,21.1,5.53,267,2.32
2026.110.15:25:00/wx/-0.26,555.9,20.7,4.16,279,2.29
2026.110.15:26:00/wx/-0.03,555.9,19.9,6.55,250,2.41
2026.110.15:27:00/wx/1.27,555.9,18.9,6.05,273,2.49
2026.110.15:28:00/wx/0.47,555.9,20.7,5.83,281,2.49
2026.110.15:29:00/wx/0.19,555.9,21.3,3.87,259,2.46
2026.110.15:30:00/wx/0.37,555.9,20.7,7.57,253,2.54
2026.110.15:31:00/wx/0.28,555.9,22.5,5.06,255,2.50
2026.110.15:32:00/wx/-0.09,555.9,21.4,5.60,276,2.44
2026.110.15:33:00/wx/0.26,555.9,20.5,5.60,272,2.41
2026.110.15:34:00/wx/-0.21,555.9,21.3,6.47,253,2.24
2026.110.15:35:00/wx/0.29,555.9,20.7,6.68,275,2.30
2026.110.15:36:00/wx/0.40,555.9,20.5,6.35,268,2.39
2026.110.15:37:00/wx/0.42,555.9,21.6,5.96,279,2.40
2026.110.15:38:00/wx/0.15,555.9,21.8,5.05,266,2.41
2026.110.15:39:00/wx/0.82,555.9,20.7,10.07,248,2.49
2026.110.15:40:00/wx/0.49,555.8,21.0,5.82,238,2.53
2026.110.15:41:00/wx/0.28,555.9,21.8,4.82,270,2.38
2026.110.15:42:00/wx/0.37,555.9,21.3,7.52,279,2.38
2026.110.15:43:00/wx/0.23,555.9,20.8,4.48,247,2.28
2026.110.15:44:00/wx/0.41,555.9,20.2,6.12,278,2.34
2026.110.15:45:00/wx/1.46,555.8,19.6,4.85,266,2.38
2026.110.15:46:00/wx/0.80,555.8,20.3,8.04,283,2.34
2026.110.15:47:00/wx/0.63,555.8,21.0,6.50,271,2.39
2026.110.15:48:00/wx/0.99,555.9,20.5,8.52,250,2.35
2026.110.15:49:00/wx/0.06,555.8,21.6,5.17,274,2.30
2026.110.15:50:00/wx/0.46,555.8,21.9,5.54,238,2.33
2026.110.15:51:00/wx/0.50,555.8,21.0,7.03,278,2.45
2026.110.15:52:00/wx/0.64,555.8,21.7,7.88,288,2.34
2026.110.15:53:00/wx/0.46,555.8,22.1,5.38,264,2.56
2026.110.15:54:00/wx/0.18,555.9,24.1,6.70,273,2.59
2026.110.15:55:00/wx/0.10,555.8,24.2,7.98,246,2.52
2026.110.15:56:00/wx/0.40,555.9,22.9,4.83,276,2.46
2026.110.15:57:00/wx/0.20,555.9,23.2,7.72,280,2.47
2026.110.15:58:00/wx/0.84,555.8,21.6,4.23,275,2.39
2026.110.15:59:00/wx/1.05,555.9,21.0,5.34,277,2.45
2026.110.16:00:00/wx/0.54,555.9,21.6,8.60,246,2.34
2026.110.16:01:00/wx/0.60,555.8,22.1,5.13,253,2.50
2026.110.16:02:00/wx/0.89,555.9,22.3,7.60,276,2.67
2026.110.16:03:00/wx/0.29,555.8,24.2,5.36,256,2.61
2026.110.16:04:00/wx/1.50,555.9,24.2,5.67,273,2.66
2026.110.16:05:00/wx/0.87,555.9,24.8,7.47,286,2.67
2026.110.16:06:00/wx/0.68,555.9,25.1,8.43,277,2.63
2026.110.16:07:00/wx/1.16,555.9,24.8,10.15,250,2.66
2026.110.16:08:00/wx/0.12,555.9,25.2,7.82,253,2.53
2026.110.16:09:00/wx/1.15,555.9,24.5,7.43,260,2.45
2026.110.16:10:00/wx/1.29,555.9,23.4,7.61,249,2.45
2026.110.16:11:00/wx/1.10,555.9,24.2,5.23,275,2.47
2026.110.16:12:00/wx/0.60,555.9,22.7,5.53,285,2.63
2026.110.16:13:00/wx/0.30,555.8,23.4,6.53,303,2.63
2026.110.16:14:00/wx/0.40,555.9,27.5,5.69,280,2.70
2026.110.16:15:00/wx/0.52,555.9,29.0,7.89,279,2.70
2026.110.16:16:00/wx/0.50,555.9,30.2,5.47,276,2.68
2026.110.16:17:00/wx/0.47,555.9,29.2,8.08,252,2.67
2026.110.16:18:00/wx/0.90,555.9,28.2,6.43,278,2.64
2026.110.16:19:00/wx/0.81,555.8,26.9,7.35,249,2.65
2026.110.16:20:00/wx/0.16,555.8,28.4,7.01,247,2.67
2026.110.16:21:00/wx/0.91,555.8,27.1,5.42,275,2.63
2026.110.16:22:00/wx/0.57,555.8,28.3,7.97,255,2.66
2026.110.16:23:00/wx/0.60,555.8,28.1,8.73,278,2.53
2026.110.16:24:00/wx/0.24,555.8,27.7,10.79,250,2.44
2026.110.16:25:00/wx/0.22,555.8,27.3,4.69,260,2.46
2026.110.16:26:00/wx/0.08,555.8,27.4,6.64,253,2.51
2026.110.16:27:00/wx/0.56,555.7,27.0,4.63,261,2.56
2026.110.16:28:00/wx/1.40,555.8,27.3,9.73,279,2.57
2026.110.16:29:00/wx/0.56,555.8,27.6,6.46,276,2.57
2026.110.16:30:00/wx/0.15,555.8,27.6,6.97,263,2.55
2026.110.16:31:00/wx/1.52,555.8,25.9,7.84,251,2.64
2026.110.16:32:00/wx/2.06,555.7,24.7,7.67,251,2.66
2026.110.16:33:00/wx/0.79,555.7,26.0,9.37,244,2.63
2026.110.16:34:00/wx/0.64,555.7,26.3,8.29,252,2.65
2026.110.16:35:00/wx/1.60,555.7,25.3,7.77,266,2.57
2026.110.16:36:00/wx/0.80,555.7,26.0,5.44,278,2.56
2026.110.16:37:00/wx/1.14,555.7,26.4,6.89,258,2.67
2026.110.16:38:00/wx/1.62,555.7,26.9,9.90,251,2.57
2026.110.16:39:00/wx/0.30,555.7,28.1,11.08,245,2.41
2026.110.16:40:00/wx/0.31,555.7,27.7,10.62,251,2.44
2026.110.16:41:00/wx/0.78,555.7,27.2,7.34,273,2.45
2026.110.16:42:00/wx/0.83,555.6,26.4,8.90,245,2.42
2026.110.16:43:00/wx/1.27,555.6,24.9,9.26,253,2.46
2026.110.16:44:00/wx/0.49,555.6,25.6,8.60,247,2.39
2026.110.16:45:00/wx/1.28,555.7,24.9,6.87,267,2.38
2026.110.16:46:00/wx/1.73,555.7,24.0,8.51,255,2.40
2026.110.16:47:00/wx/1.85,555.6,22.6,9.85,247,2.42
2026.110.16:48:00/wx/1.67,555.7,22.4,8.07,257,2.22
2026.110.16:49:00/wx/0.84,555.6,24.0,9.22,252,2.12
2026.110.16:50:00/wx/0.40,555.7,25.5,8.33,252,2.18
2026.110.16:51:00/wx/0.76,555.7,26.1,8.81,266,2.16
2026.110.16:52:00/wx/0.59,555.7,26.2,7.61,278,2.15
2026.110.16:53:00/wx/0.90,555.7,26.0,8.85,257,2.29
2026.110.16:54:00/wx/0.78,555.6,26.0,9.26,257,2.25
2026.110.16:55:00/wx/0.60,555.6,25.6,9.03,286,2.21
2026.110.16:56:00/wx/1.50,555.7,24.6,9.95,265,2.14
2026.110.16:57:00/wx/0.70,555.7,24.7,8.07,268,2.20
2026.110.16:58:00/wx/0.66,555.7,24.5,9.01,257,2.17
2026.110.16:59:00/wx/-0.30,555.7,24.8,7.04,267,2.25
2026.110.17:00:00/wx/0.20,555.6,24.9,7.13,257,2.20
2026.110.17:01:00/wx/0.93,555.6,23.9,10.21,245,2.09
2026.110.17:02:00/wx/0.58,555.6,25.1,6.48,274,2.20
2026.110.17:03:00/wx/0.66,555.6,26.4,7.71,270,2.15
2026.110.17:04:00/wx/0.56,555.6,24.8,10.39,248,2.06
2026.110.17:05:00/wx/0.80,555.6,24.4,6.53,260,2.06
2026.110.17:06:00/wx/1.00,555.6,23.8,9.17,264,2.09
2026.110.17:07:00/wx/0.14,555.6,25.3,7.90,255,2.18
2026.110.17:08:00/wx/0.60,555.6,24.3,8.39,271,2.18
2026.110.17:09:00/wx/0.27,555.6,23.3,9.50,254,2.10
2026.110.17:10:00/wx/0.41,555.6,23.5,12.38,283,2.19
2026.110.17:11:00/wx/1.30,555.6,22.9,10.04,257,2.19
2026.110.17:12:00/wx/0.08,555.6,23.9,10.09,249,2.13
2026.110.17:13:00/wx/0.22,555.6,25.7,8.75,275,1.96
2026.110.17:14:00/wx/0.57,555.5,25.1,7.80,275,2.08
2026.110.17:15:00/wx/1.38,555.6,23.4,10.42,256,2.09
2026.110.17:16:00/wx/0.39,555.6,24.3,6.34,273,2.05
2026.110.17:17:00/wx/0.89,555.6,23.0,10.15,254,2.08
2026.110.17:18:00/wx/1.15,555.6,22.3,9.64,255,1.99
2026.110.17:19:00/wx/1.13,555.5,21.9,6.65,256,2.05
2026.110.17:20:00/wx/1.59,555.5,21.8,7.96,277,1.93
2026.110.17:21:00/wx/0.68,555.5,23.2,8.40,265,2.04
2026.110.17:22:00/wx/0.82,555.5,23.3,13.68,244,2.04
2026.110.17:23:00/wx/1.07,555.5,23.3,9.52,249,1.96
2026.110.17:24:00/wx/0.89,555.5,24.0,7.58,273,1.93
2026.110.17:25:00/wx/1.46,555.6,23.0,9.65,261,1.90
2026.110.17:26:00/wx/0.58,555.5,23.0,7.55,262,1.93
2026.110.17:27:00/wx/0.89,555.5,22.5,11.03,252,2.00
2026.110.17:28:00/wx/-0.21,555.5,22.4,9.40,253,1.86
2026.110.17:29:00/wx/0.40,555.5,24.1,6.93,270,1.98
2026.110.17:30:00/wx/0.72,555.5,24.1,8.23,272,2.01
2026.110.17:31:00/wx/0.80,555.5,23.4,8.45,255,2.02
2026.110.17:32:00/wx/0.20,555.5,23.5,8.33,267,2.06
2026.110.17:33:00/wx/0.97,555.5,22.7,7.83,269,1.93
2026.110.17:34:00/wx/0.86,555.4,23.1,7.92,274,1.98
2026.110.17:35:00/wx/0.42,555.4,23.8,6.36,261,2.02
2026.110.17:36:00/wx/0.94,555.5,22.9,12.01,245,1.91
2026.110.17:37:00/wx/1.40,555.5,23.4,6.83,276,1.92
2026.110.17:38:00/wx/1.55,555.5,22.0,8.35,266,1.96
2026.110.17:39:00/wx/0.24,555.4,23.1,7.57,260,2.11
2026.110.17:40:00/wx/1.04,555.5,23.8,9.08,258,2.03
2026.110.17:41:00/wx/0.25,555.4,23.7,10.60,255,1.95
2026.110.17:42:00/wx/0.10,555.5,24.5,7.53,279,2.10
2026.110.17:43:00/wx/0.50,555.4,24.9,8.57,279,1.98
2026.110.17:44:00/wx/0.28,555.5,24.8,8.90,277,1.93
2026.110.17:45:00/wx/0.00,555.5,25.2,5.24,272,1.98
2026.110.17:46:00/wx/0.06,555.5,24.6,7.56,277,2.01
2026.110.17:47:00/wx/0.32,555.4,24.6,7.65,283,1.91
2026.110.17:48:00/wx/0.40,555.4,24.6,7.37,274,2.01
2026.110.17:49:00/wx/0.11,555.5,24.9,8.77,280,1.95
2026.110.17:50:00/wx/0.21,555.5,25.2,8.31,264,2.04
2026.110.17:51:00/wx/0.65,555.5,25.1,8.59,262,2.13
2026.110.17:52:00/wx/-0.01,555.4,26.1,5.91,260,2.12
2026.110.17:53:00/wx/0.41,555.5,26.2,7.94,282,2.19
2026.110.17:54:00/wx/0.09,555.4,25.9,7.59,268,2.12
2026.110.17:55:00/wx/0.81,555.4,25.3,9.70,255,2.04
2026.110.17:56:00/wx/0.73,555.4,26.0,7.18,276,2.12
2026.110.17:57:00/wx/0.90,555.4,25.4,6.93,278,2.16
2026.110.17:58:00/wx/0.88,555.4,25.0,8.24,278,2.18
2026.110.17:59:00/wx/0.88,555.4,25.0,9.03,282,2.15
2026.110.18:00:00/wx/1.13,555.4,23.4,7.10,275,2.22
2026.110.18:01:00/wx/0.86,555.4,24.6,7.87,268,2.07
2026.110.18:02:00/wx/-0.08,555.4,26.1,7.67,296,2.09
2026.110.18:03:00/wx/0.85,555.4,25.7,9.85,240,2.14
2026.110.18:04:00/wx/0.40,555.4,25.7,7.53,276,2.14
2026.110.18:05:00/wx/0.84,555.4,25.9,7.28,274,2.16
2026.110.18:06:00/wx/0.28,555.4,25.7,9.46,293,2.09
2026.110.18:07:00/wx/0.96,555.4,25.4,7.04,268,2.12
2026.110.18:08:00/wx/0.98,555.4,25.2,8.37,275,2.08
2026.110.18:09:00/wx/0.90,555.3,25.3,9.73,277,2.08
2026.110.18:10:00/wx/1.49,555.4,23.9,9.02,277,2.08
2026.110.18:11:00/wx/0.20,555.3,23.9,9.30,289,2.06
2026.110.18:12:00/wx/1.43,555.4,23.3,10.49,279,2.05
2026.110.18:13:00/wx/0.94,555.3,23.4,9.09,283,2.06
2026.110.18:14:00/wx/0.50,555.4,24.1,8.13,255,2.05
2026.110.18:15:00/wx/0.28,555.4,24.5,8.38,269,1.97
2026.110.18:16:00/wx/0.78,555.4,24.8,9.21,278,2.00
2026.110.18:17:00/wx/1.05,555.4,24.8,8.78,274,2.00
2026.110.18:18:00/wx/1.81,555.4,23.6,11.23,250,1.97
2026.110.18:19:00/wx/0.30,555.3,24.2,8.13,245,2.05
2026.110.18:20:00/wx/-0.11,555.3,25.0,6.51,260,2.09
2026.110.18:21:00/wx/0.89,555.3,24.4,9.40,281,1.91
2026.110.18:22:00/wx/0.40,555.4,24.0,9.38,276,2.00
2026.110.18:23:00/wx/0.19,555.3,24.5,7.88,273,2.08
2026.110.18:24:00/wx/0.18,555.3,24.1,8.63,278,2.11
2026.110.18:25:00/wx/0.53,555.3,23.7,9.93,281,2.09
2026.110.18:26:00/wx/0.49,555.4,24.8,9.60,273,2.12
2026.110.18:27:00/wx/0.62,555.4,24.4,8.69,278,2.11
2026.110.18:28:00/wx/0.37,555.4,24.1,10.33,287,2.16
2026.110.18:29:00/wx/-0.31,555.4,24.6,7.42,280,2.14
2026.110.18:30:00/wx/0.34,555.4,25.6,8.82,268,2.12
2026.110.18:31:00/wx/0.19,555.4,26.6,6.98,270,2.21
2026.110.18:32:00/wx/0.24,555.4,25.7,9.46,282,2.13
2026.110.18:33:00/wx/0.47,555.3,25.2,8.23,260,2.24
2026.110.18:34:00/wx/-0.20,555.4,25.5,8.09,252,2.09
2026.110.18:35:00/wx/-0.48,555.4,25.9,9.79,242,2.05
2026.110.18:36:00/wx/-0.10,555.4,26.2,9.76,291,2.09
2026.110.18:37:00/wx/0.35,555.4,25.4,7.05,257,2.06
2026.110.18:38:00/wx/1.10,555.4,24.1,8.49,273,2.09
2026.110.18:39:00/wx/0.48,555.4,24.4,10.41,275,2.17
2026.110.18:40:00/wx/-0.28,555.4,25.8,7.32,274,2.18
2026.110.18:41:00/wx/-0.60,555.4,26.2,6.31,254,2.01
2026.110.18:42:00/wx/0.12,555.3,25.1,11.68,249,2.05
2026.110.18:43:00/wx/0.99,555.4,23.5,8.43,257,2.26
2026.110.18:44:00/wx/0.65,555.3,23.2,9.25,252,2.00
2026.110.18:45:00/wx/-0.25,555.3,23.5,9.01,251,1.98
2026.110.18:46:00/wx/1.10,555.3,23.9,9.33,273,2.07
2026.110.18:47:00/wx/0.74,555.3,23.7,11.01,281,2.08
2026.110.18:48:00/wx/0.85,555.3,23.9,11.07,249,2.08
2026.110.18:49:00/wx/0.42,555.3,25.9,8.63,254,2.14
2026.110.18:50:00/wx/0.56,555.3,26.6,8.84,276,2.10
2026.110.18:51:00/wx/0.00,555.3,26.8,5.43,272,2.09
2026.110.18:52:00/wx/-0.37,555.2,27.3,9.34,249,2.06
2026.110.18:53:00/wx/-0.02,555.2,27.2,10.41,254,2.00
2026.110.18:54:00/wx/0.74,555.2,26.4,9.48,278,1.90
2026.110.18:55:00/wx/0.16,555.2,27.2,7.05,268,2.06
2026.110.18:56:00/wx/0.10,555.2,26.5,8.53,263,1.95
2026.110.18:57:00/wx/-0.14,555.2,26.6,6.76,262,2.00
2026.110.18:58:00/wx/0.90,555.2,25.1,11.24,253,2.13
2026.110.18:59:00/wx/-0.35,555.2,26.1,11.89,249,2.13
2026.110.19:00:00/wx/0.27,555.2,26.8,10.11,257,2.07
2026.110.19:01:00/wx/-0.40,555.2,26.9,8.72,253,2.03
2026.110.19:02:00/wx/0.10,555.2,26.2,10.10,254,2.07
2026.110.19:03:00/wx/-0.23,555.2,26.8,6.89,253,2.12
2026.110.19:04:00/wx/1.27,555.2,25.5,10.76,255,2.15
2026.110.19:05:00/wx/0.28,555.2,26.6,12.18,252,2.23
2026.110.19:06:00/wx/-0.29,555.2,28.4,7.54,257,2.13
2026.110.19:07:00/wx/0.31,555.2,27.4,7.59,268,1.93
2026.110.19:08:00/wx/-0.01,555.2,28.2,7.11,274,1.98
2026.110.19:09:00/wx/0.64,555.2,26.8,7.18,265,1.93
2026.110.19:10:00/wx/0.70,555.2,26.2,8.13,268,2.03
2026.110.19:11:00/wx/0.21,555.1,27.4,8.86,258,1.95
2026.110.19:12:00/wx/0.01,555.2,25.7,10.10,248,1.87
2026.110.19:13:00/wx/0.39,555.2,25.9,11.87,253,1.93
2026.110.19:14:00/wx/0.04,555.2,26.7,12.13,253,1.92
2026.110.19:15:00/wx/0.01,555.2,27.4,12.53,247,1.87
2026.110.19:16:00/wx/0.00,555.2,27.4,7.61,268,1.95
2026.110.19:17:00/wx/-0.15,555.1,26.4,10.87,250,1.98
2026.110.19:18:00/wx/-0.49,555.2,26.8,5.78,277,2.10
2026.110.19:19:00/wx/0.61,555.2,26.3,6.76,259,2.03
2026.110.19:20:00/wx/0.40,555.2,27.3,10.98,252,2.07
2026.110.19:21:00/wx/0.61,555.1,28.3,7.75,256,2.10
2026.110.19:22:00/wx/0.73,555.1,28.8,11.60,246,2.10
2026.110.19:23:00/wx/-0.18,555.1,30.3,6.24,263,2.05
2026.110.19:24:00/wx/-0.19,555.1,30.8,6.86,261,2.06
2026.110.19:25:00/wx/0.13,555.2,31.0,11.38,287,2.13
2026.110.19:26:00/wx/-0.02,555.1,31.2,9.20,284,2.26
2026.110.19:27:00/wx/0.57,555.2,31.0,7.38,264,2.36
2026.110.19:28:00/wx/0.40,555.2,30.1,7.33,254,2.35
2026.110.19:29:00/wx/0.87,555.2,29.3,7.36,258,2.28
2026.110.19:30:00/wx/0.80,555.2,29.0,6.33,278,2.33
2026.110.19:31:00/wx/0.10,555.2,29.7,14.33,244,2.24
2026.110.19:32:00/wx/0.13,555.2,29.6,9.80,245,2.23
2026.110.19:33:00/wx/-0.40,555.2,31.2,8.83,238,2.28
2026.110.19:34:00/wx/0.23,555.2,30.7,7.56,273,2.27
2026.110.19:35:00/wx/0.71,555.2,30.1,8.13,257,2.24
2026.110.19:36:00/wx/0.36,555.3,29.8,9.06,256,2.26
2026.110.19:37:00/wx/-0.49,555.2,31.1,8.54,253,2.25
2026.110.19:38:00/wx/0.00,555.2,30.5,8.33,276,2.24
2026.110.19:39:00/wx/-0.16,555.3,30.7,6.61,255,2.30
2026.110.19:40:00/wx/0.00,555.2,30.9,5.61,265,2.38
2026.110.19:41:00/wx/0.02,555.2,32.5,7.53,245,2.43
2026.110.19:42:00/wx/0.32,555.2,32.1,9.54,241,2.39
2026.110.19:43:00/wx/0.50,555.2,32.6,11.43,247,2.31
2026.110.19:44:00/wx/0.16,555.3,31.5,8.02,276,2.28
2026.110.19:45:00/wx/-0.30,555.2,32.3,6.44,274,2.27
2026.110.19:46:00/wx/-0.40,555.3,33.7,8.81,278,2.26
2026.110.19:47:00/wx/-0.23,555.2,34.1,7.59,274,2.22
2026.110.19:48:00/wx/0.61,555.2,33.2,8.08,279,2.21
2026.110.19:49:00/wx/-0.15,555.2,32.5,8.59,244,2.22
2026.110.19:50:00/wx/0.07,555.1,32.7,10.92,224,2.29
2026.110.19:51:00/wx/0.79,555.2,31.7,9.88,235,2.31
2026.110.19:52:00/wx/0.34,555.2,32.1,10.66,247,2.32
2026.110.19:53:00/wx/0.37,555.2,32.5,11.77,238,2.19
2026.110.19:54:00/wx/0.60,555.2,32.9,10.02,252,2.26
2026.110.19:55:00/wx/0.40,555.3,32.9,7.28,271,2.34
2026.110.19:56:00/wx/0.74,555.2,32.5,10.28,248,2.43
2026.110.19:57:00/wx/-0.09,555.2,33.4,10.84,238,2.39
2026.110.19:58:00/wx/-0.72,555.2,35.3,8.55,254,2.31
2026.110.19:59:00/wx/-0.55,555.2,34.9,7.37,248,2.40
2026.110.20:00:00/wx/-0.53,555.2,35.6,11.35,242,2.43
2026.110.20:01:00/wx/-0.17,555.2,34.8,10.88,239,2.43
2026.110.20:02:00/wx/-0.31,555.2,34.8,8.55,249,2.50
2026.110.20:03:00/wx/0.01,555.2,35.1,9.92,237,2.43
2026.110.20:04:00/wx/-0.38,555.2,36.4,13.12,238,2.38
2026.110.20:05:00/wx/-0.80,555.3,37.6,9.92,246,2.37
2026.110.20:06:00/wx/-0.48,555.3,36.9,9.30,236,2.36
2026.110.20:07:00/wx/-1.00,555.2,38.4,7.59,238,2.33
2026.110.20:08:00/wx/-0.52,555.3,37.8,10.28,228,2.27
2026.110.20:09:00/wx/-0.87,555.3,38.0,8.01,238,2.43
2026.110.20:10:00/wx/-0.30,555.3,37.4,11.32,237,2.47
2026.110.20:11:00/wx/-0.77,555.3,36.2,9.67,228,2.40
2026.110.20:12:00/wx/-0.49,555.2,36.7,8.81,241,2.33
2026.110.20:13:00/wx/-0.42,555.3,36.4,10.55,238,2.44
2026.110.20:14:00/wx/-0.79,555.3,36.8,10.57,250,2.61
2026.110.20:15:00/wx/-0.70,555.3,37.1,8.22,249,2.63
2026.110.20:16:00/wx/-0.69,555.3,36.9,8.86,254,2.69
2026.110.20:17:00/wx/-0.90,555.3,37.2,10.75,249,2.64
2026.110.20:18:00/wx/-0.76,555.3,36.9,7.84,233,2.58
2026.110.20:19:00/wx/-0.92,555.3,36.5,9.74,255,2.51
2026.110.20:20:00/wx/-0.29,555.3,36.1,9.21,295,2.48
2026.110.20:21:00/wx/-0.45,555.3,37.0,5.84,258,2.46
2026.110.20:22:00/wx/-0.38,555.3,36.0,6.19,268,2.48
2026.110.20:23:00/wx/-0.77,555.3,36.3,8.79,247,2.56
2026.110.20:24:00/wx/-0.46,555.3,37.0,10.80,237,2.63
2026.110.20:25:00/wx/-0.71,555.3,37.4,8.82,242,2.58
2026.110.20:26:00/wx/-0.80,555.2,39.2,6.32,255,2.65
2026.110.20:27:00/wx/-0.39,555.3,39.2,9.70,280,2.49
2026.110.20:28:00/wx/-0.87,555.2,41.2,10.31,248,2.44
2026.110.20:29:00/wx/-0.77,555.2,40.1,11.93,243,2.41
2026.110.20:30:00/wx/-1.10,555.2,40.0,10.42,245,2.42
2026.110.20:31:00/wx/-0.69,555.2,39.8,9.97,240,2.54
2026.110.20:32:00/wx/-0.59,555.3,39.6,8.63,253,2.47
2026.110.20:33:00/wx/-0.99,555.3,40.7,11.18,246,2.53
2026.110.20:34:00/wx/-1.00,555.3,41.0,7.03,252,2.61
2026.110.20:35:00/wx/-1.40,555.3,41.7,7.58,253,2.67
2026.110.20:36:00/wx/-1.13,555.3,41.8,10.54,249,2.63
2026.110.20:37:00/wx/-1.31,555.2,42.0,6.62,247,2.66
2026.110.20:38:00/wx/-0.44,555.3,40.3,10.01,250,2.59
2026.110.20:39:00/wx/-1.00,555.2,40.8,7.91,241,2.50
2026.110.20:40:00/wx/-1.03,555.2,39.7,8.80,230,2.48
2026.110.20:41:00/wx/-1.05,555.2,40.0,9.36,234,2.46
2026.110.20:42:00/wx/-0.80,555.2,40.2,6.33,253,2.42
2026.110.20:43:00/wx/-0.17,555.2,38.6,8.22,271,2.31
2026.110.20:44:00/wx/-0.98,555.2,40.2,5.71,280,2.33
2026.110.20:45:00/wx/-0.62,555.2,39.8,6.02,273,2.29
2026.110.20:46:00/wx/-0.58,555.2,39.2,10.10,250,2.28
2026.110.20:47:00/wx/-0.60,555.2,39.0,7.83,255,2.32
2026.110.20:48:00/wx/-0.82,555.2,39.6,5.98,265,2.38
2026.110.20:49:00/wx/-0.17,555.3,38.7,8.20,264,2.39
2026.110.20:50:00/wx/-0.93,555.3,40.1,6.80,277,2.41
2026.110.20:51:00/wx/-1.30,555.2,41.4,5.33,262,2.45
2026.110.20:52:00/wx/-1.10,555.2,40.7,4.12,259,2.58
2026.110.20:53:00/wx/-0.64,555.2,40.4,6.23,250,2.60
2026.110.20:54:00/wx/-0.79,555.2,40.6,11.13,245,2.61
2026.110.20:55:00/wx/-1.29,555.2,43.4,9.19,240,2.72
2026.110.20:56:00/wx/-0.73,555.2,42.6,10.41,244,2.79
2026.110.20:57:00/wx/-1.01,555.2,43.3,8.80,243,2.78
2026.110.20:58:00/wx/-1.06,555.2,44.0,6.43,245,2.74
2026.110.20:59:00/wx/-0.80,555.2,43.4,9.71,253,2.82
2026.110.21:00:00/wx/-0.73,555.2,43.4,11.15,246,2.82
2026.110.21:01:00/wx/-1.20,555.2,44.5,9.20,253,2.91
2026.110.21:02:00/wx/-1.10,555.2,44.7,8.71,242,2.88
2026.110.21:03:00/wx/-0.90,555.2,44.6,10.13,241,2.86
2026.110.21:04:00/wx/-1.00,555.2,45.1,10.55,242,2.91
2026.110.21:05:00/wx/-0.80,555.2,45.5,10.16,247,2.96
2026.110.21:06:00/wx/-1.17,555.2,46.0,10.44,238,2.79
2026.110.21:07:00/wx/-1.40,555.2,46.7,10.10,240,2.72
2026.110.21:08:00/wx/-1.25,555.2,46.3,10.97,237,2.83
2026.110.21:09:00/wx/-0.90,555.2,45.6,10.62,236,2.76
2026.110.21:10:00/wx/-0.93,555.3,46.0,13.22,242,2.67
2026.110.21:11:00/wx/-1.18,555.3,46.1,10.92,246,2.76
2026.110.21:12:00/wx/-1.10,555.3,46.5,9.95,240,2.74
2026.110.21:13:00/wx/-1.24,555.3,46.2,7.68,249,2.74
2026.110.21:14:00/wx/-1.19,555.4,46.8,7.60,251,2.70
2026.110.21:15:00/wx/-1.03,555.3,46.5,8.98,282,2.68
2026.110.21:16:00/wx/-1.40,555.3,47.3,5.90,268,2.69
2026.110.21:17:00/wx/-1.30,555.3,47.9,8.73,247,2.63
2026.110.21:18:00/wx/-1.06,555.3,46.9,11.85,245,2.69
2026.110.21:19:00/wx/-1.30,555.3,48.1,7.03,275,2.78
2026.110.21:20:00/wx/-1.40,555.3,48.0,8.62,272,2.90
2026.110.21:21:00/wx/-1.39,555.3,49.1,9.56,253,2.96
2026.110.21:22:00/wx/-1.60,555.3,49.7,5.65,262,3.00
2026.110.21:23:00/wx/-1.50,555.4,49.8,7.61,260,3.04
2026.110.21:24:00/wx/-1.10,555.4,47.7,8.32,239,3.02
2026.110.21:25:00/wx/-1.34,555.4,48.8,8.45,253,3.00
2026.110.21:26:00/wx/-1.50,555.4,50.2,10.54,247,2.93
2026.110.21:27:00/wx/-1.41,555.4,50.0,6.82,257,2.87
2026.110.21:28:00/wx/-1.46,555.4,49.8,7.32,258,2.83
2026.110.21:29:00/wx/-1.50,555.4,49.7,10.53,253,2.77
2026.110.21:30:00/wx/-1.75,555.4,51.5,8.61,254,2.75
2026.110.21:31:00/wx/-1.79,555.3,51.8,6.44,253,2.77
2026.110.21:32:00/wx/-1.68,555.4,52.1,7.07,255,2.81
2026.110.21:33:00/wx/-1.70,555.4,52.2,6.79,265,2.87
2026.110.21:34:00/wx/-1.70,555.4,52.3,9.42,250,2.89
2026.110.21:35:00/wx/-1.50,555.4,51.5,7.66,254,2.96
2026.110.21:36:00/wx/-1.59,555.4,51.8,7.66,261,3.00
2026.110.21:37:00/wx/-1.58,555.4,52.2,9.55,250,3.08
2026.110.21:38:00/wx/-1.60,555.4,52.2,6.91,275,3.04
2026.110.21:39:00/wx/-1.61,555.4,52.7,9.97,251,3.07
2026.110.21:40:00/wx/-2.00,555.4,53.8,8.24,251,3.09
2026.110.21:41:00/wx/-1.90,555.4,53.7,9.70,249,3.11
2026.110.21:42:00/wx/-2.10,555.4,53.8,8.70,247,3.08
2026.110.21:43:00/wx/-1.92,555.5,53.6,10.49,242,3.01
2026.110.21:44:00/wx/-2.00,555.5,53.7,8.64,250,3.01
2026.110.21:45:00/wx/-2.00,555.5,53.8,6.76,246,3.02
2026.110.21:46:00/wx/-2.10,555.5,54.7,8.20,252,3.03
2026.110.21:47:00/wx/-2.10,555.5,55.6,7.67,243,3.11
2026.110.21:48:00/wx/-1.97,555.5,54.9,10.26,242,3.14
2026.110.21:49:00/wx/-2.20,555.5,56.0,7.32,242,3.19
2026.110.21:50:00/wx/-2.06,555.5,55.8,9.28,238,3.30
2026.110.21:51:00/wx/-2.10,555.5,55.7,11.09,247,3.21
2026.110.21:52:00/wx/-2.27,555.5,56.7,8.80,237,3.15
2026.110.21:53:00/wx/-2.30,555.5,58.4,8.92,232,3.08
2026.110.21:54:00/wx/-2.20,555.5,58.2,9.76,247,3.06
2026.110.21:55:00/wx/-2.40,555.5,58.0,9.17,245,3.03
2026.110.21:56:00/wx/-2.50,555.5,58.1,7.03,260,2.95
2026.110.21:57:00/wx/-2.50,555.5,59.0,7.39,241,2.91
2026.110.21:58:00/wx/-2.30,555.5,58.2,8.79,250,2.90
2026.110.21:59:00/wx/-2.40,555.5,57.7,9.74,244,2.93
2026.110.22:00:00/wx/-2.50,555.5,58.5,8.14,249,2.98
2026.110.22:01:00/wx/-2.60,555.5,58.8,5.52,262,2.91
2026.110.22:02:00/wx/-2.60,555.5,58.3,6.65,259,2.91
2026.110.22:03:00/wx/-2.60,555.5,58.4,6.99,253,2.88
2026.110.22:04:00/wx/-2.59,555.4,58.5,9.11,244,2.88
2026.110.22:05:00/wx/-2.53,555.5,58.0,9.67,243,2.92
2026.110.22:06:00/wx/-2.70,555.5,58.3,8.52,242,3.01
2026.110.22:07:00/wx/-2.76,555.5,58.9,7.84,239,2.96
2026.110.22:08:00/wx/-2.60,555.5,59.2,8.33,233,2.99
2026.110.22:09:00/wx/-2.70,555.5,60.0,7.67,242,3.00
2026.110.22:10:00/wx/-2.70,555.5,60.2,7.85,239,2.93
2026.110.22:11:00/wx/-2.80,555.5,60.1,8.72,238,2.96
2026.110.22:12:00/wx/-2.80,555.5,60.3,8.03,240,2.86
2026.110.22:13:00/wx/-2.89,555.5,60.8,6.64,241,2.85
2026.110.22:14:00/wx/-2.80,555.5,60.6,5.54,241,2.70
2026.110.22:15:00/wx/-2.80,555.4,60.0,10.05,233,2.68
2026.110.22:16:00/wx/-2.80,555.5,59.8,9.53,238,2.68
2026.110.22:17:00/wx/-2.90,555.5,60.6,9.26,235,3.15
2026.110.22:18:00/wx/-2.90,555.5,61.1,7.79,242,3.18
2026.110.22:19:00/wx/-2.90,555.5,61.3,7.58,237,3.32
2026.110.22:20:00/wx/-2.90,555.5,61.2,7.34,242,3.29
2026.110.22:21:00/wx/-2.90,555.5,61.6,7.06,243,3.03
2026.110.22:22:00/wx/-3.00,555.5,61.8,7.14,249,3.04
2026.110.22:23:00/wx/-3.00,555.5,61.9,8.17,241,2.95
2026.110.22:24:00/wx/-3.10,555.5,62.2,7.42,243,3.09
2026.110.22:25:00/wx/-3.10,555.5,62.7,7.50,237,3.03
2026.110.22:26:00/wx/-3.10,555.4,62.6,7.64,241,3.04
2026.110.22:27:00/wx/-3.10,555.4,62.7,7.84,238,3.07
2026.110.22:28:00/wx/-3.10,555.4,62.6,7.73,236,3.09
2026.110.22:29:00/wx/-3.20,555.4,63.1,7.29,235,2.94
2026.110.22:30:00/wx/-3.20,555.4,63.6,6.50,238,2.84
2026.110.22:31:00/wx/-3.20,555.5,63.5,6.61,235,2.87
2026.110.22:32:00/wx/-3.35,555.5,65.3,6.27,227,2.86
2026.110.22:33:00/wx/-3.50,555.5,67.5,6.81,226,2.93
2026.110.22:34:00/wx/-3.60,555.4,69.2,7.06,226,2.97
2026.110.22:35:00/wx/-3.77,555.4,70.2,9.52,219,2.80
2026.110.22:36:00/wx/-3.91,555.4,71.2,9.36,222,2.80
2026.110.22:37:00/wx/-4.10,555.4,71.6,9.09,214,2.83
2026.110.22:38:00/wx/-4.20,555.4,72.4,8.62,218,2.81
2026.110.22:39:00/wx/-4.20,555.3,72.9,9.26,215,2.78
2026.110.22:40:00/wx/-4.30,555.4,73.3,7.84,208,2.79
2026.110.22:41:00/wx/-4.40,555.4,73.8,8.04,218,2.75
2026.110.22:42:00/wx/-4.40,555.4,73.9,10.11,216,2.76
2026.110.22:43:00/wx/-4.30,555.4,74.2,10.52,218,2.66
2026.110.22:44:00/wx/-4.40,555.4,74.6,8.42,218,2.57
2026.110.22:45:00/wx/-4.40,555.4,75.0,8.35,218,2.63
2026.110.22:46:00/wx/-4.40,555.4,74.8,8.95,217,2.68
2026.110.22:47:00/wx/-4.45,555.4,74.7,9.71,215,2.66
2026.110.22:48:00/wx/-4.40,555.4,74.6,10.02,213,2.61
2026.110.22:49:00/wx/-4.50,555.4,75.0,6.61,219,2.62
2026.110.22:50:00/wx/-4.60,555.4,75.0,7.55,209,2.65
2026.110.22:51:00/wx/-4.69,555.4,75.4,10.33,210,2.61
2026.110.22:52:00/wx/-4.60,555.4,75.7,8.92,212,2.72
2026.110.22:53:00/wx/-4.60,555.5,76.0,6.82,212,2.69
2026.110.22:54:00/wx/-4.74,555.5,76.2,9.13,211,2.73
2026.110.22:55:00/wx/-4.80,555.5,76.5,7.42,208,2.90
2026.110.22:56:00/wx/-4.80,555.5,76.9,8.21,218,2.75
2026.110.22:57:00/wx/-4.80,555.5,76.8,7.71,216,2.67
2026.110.22:58:00/wx/-4.90,555.5,77.1,7.82,211,2.72
2026.110.22:59:00/wx/-4.90,555.5,77.7,5.69,213,2.77
2026.110.23:00:00/wx/-5.00,555.6,77.6,7.31,214,2.79
2026.110.23:01:00/wx/-5.00,555.6,77.5,7.42,211,2.86
2026.110.23:02:00/wx/-5.10,555.6,77.8,6.44,213,2.83
2026.110.23:03:00/wx/-5.10,555.6,78.5,6.03,217,2.85
2026.110.23:04:00/wx/-5.10,555.6,78.3,5.06,221,2.88
2026.110.23:05:00/wx/-5.20,555.6,78.1,5.11,211,2.90
2026.110.23:06:00/wx/-5.20,555.6,78.4,6.09,209,2.94
2026.110.23:07:00/wx/-5.10,555.7,78.5,6.03,203,2.94
2026.110.23:08:00/wx/-5.20,555.6,78.3,5.75,205,2.93
2026.110.23:09:00/wx/-5.20,555.6,78.6,6.05,207,2.94
2026.110.23:10:00/wx/-5.10,555.6,78.9,5.49,215,2.92
2026.110.23:11:00/wx/-5.20,555.7,79.0,4.65,208,2.95
2026.110.23:12:00/wx/-5.28,555.7,78.9,4.35,217,2.94
2026.110.23:13:00/wx/-5.30,555.7,79.2,4.78,215,2.95
2026.110.23:14:00/wx/-5.30,555.7,78.9,3.49,213,2.95
2026.110.23:15:00/wx/-5.50,555.7,79.0,3.90,212,2.94
2026.110.23:16:00/wx/-5.47,555.6,79.3,5.31,205,2.88
2026.110.23:17:00/wx/-5.30,555.7,79.2,4.35,205,2.76
2026.110.23:18:00/wx/-5.30,555.6,78.8,4.43,203,2.67
2026.110.23:19:00/wx/-5.30,555.6,79.3,4.29,217,2.67
2026.110.23:20:00/wx/-5.30,555.6,79.6,3.26,221,2.70
2026.110.23:21:00/wx/-5.40,555.7,79.5,3.04,218,2.72
2026.110.23:22:00/wx/-5.50,555.7,79.6,2.94,211,2.67
2026.110.23:23:00/wx/-5.60,555.6,79.5,3.28,209,2.77
2026.110.23:24:00/wx/-5.60,555.6,79.3,3.55,206,2.88
2026.110.23:25:00/wx/-5.60,555.7,79.3,3.98,206,2.75
2026.110.23:26:00/wx/-5.60,555.7,79.5,3.01,207,2.79
2026.110.23:27:00/wx/-5.60,555.7,79.7,3.15,200,2.81
2026.110.23:28:00/wx/-5.59,555.7,80.0,3.24,214,2.74
2026.110.23:29:00/wx/-5.50,555.7,79.8,2.47,203,2.75
2026.110.23:30:00/wx/-5.60,555.7,79.4,2.12,214,2.74
2026.110.23:31:00/wx/-5.80,555.7,79.5,1.89,208,2.77
2026.110.23:32:00/wx/-5.90,555.7,79.8,2.42,222,2.78
2026.110.23:33:00/wx/-6.00,555.7,79.8,1.81,204,2.79
2026.110.23:34:00/wx/-6.00,555.7,80.3,2.04,197,2.77
2026.110.23:35:00/wx/-6.00,555.7,81.0,1.32,194,2.72
2026.110.23:36:00/wx/-5.90,555.7,81.5,1.52,198,2.70
2026.110.23:37:00/wx/-5.80,555.7,81.6,1.30,192,2.71
2026.110.23:38:00/wx/-5.70,555.7,81.4,1.33,197,2.72
2026.110.23:39:00/wx/-5.60,555.7,80.9,1.40,195,2.70
2026.110.23:40:00/wx/-5.60,555.7,80.7,1.22,195,2.70
2026.110.23:41:00/wx/-5.60,555.7,80.6,1.73,197,2.73
2026.110.23:42:00/wx/-5.69,555.7,80.2,1.37,190,2.68
2026.110.23:43:00/wx/-5.70,555.7,79.7,1.50,184,2.62
2026.110.23:44:00/wx/-5.70,555.7,80.3,1.68,177,2.53
2026.110.23:45:00/wx/-5.60,555.6,80.3,1.62,182,2.49
2026.110.23:46:00/wx/-5.60,555.7,80.2,1.62,163,2.45
2026.110.23:47:00/wx/-5.70,555.7,79.9,2.11,170,2.47
2026.110.23:48:00/wx/-5.58,555.7,80.3,1.86,162,2.52
2026.110.23:49:00/wx/-5.50,555.6,80.5,1.71,153,2.54
2026.110.23:50:00/wx/-5.40,555.6,80.9,0.80,167,2.41
2026.110.23:51:00/wx/-5.50,555.6,81.1,1.02,93,2.30
2026.110.23:52:00/wx/-5.60,555.6,79.5,1.24,75,2.28
2026.110.23:53:00/wx/-5.80,555.6,78.9,1.41,74,2.30
2026.110.23:54:00/wx/-5.73,555.7,79.6,1.48,55,2.36
2026.110.23:55:00/wx/-5.70,555.7,79.9,1.20,65,2.28
2026.110.23:56:00/wx/-5.70,555.7,80.6,1.39,67,2.21
2026.110.23:57:00/wx/-5.70,555.6,80.9,1.30,84,2.19
2026.110.23:58:00/wx/-5.58,555.6,81.0,1.51,75,2.28
2026.110.23:59:00/wx/-5.50,555.7,80.6,1.64,81,2.29
2026.111.00:00:00/wx/-5.50,555.6,80.1,1.72,72,2.27
2026.111.00:01:00/wx/-5.50,555.7,80.0,1.66,77,2.24
2026.111.00:02:00/wx/-5.40,555.6,80.2,1.80,72,2.19
2026.111.00:03:00/wx/-5.40,555.6,80.2,1.83,63,2.16
2026.111.00:04:00/wx/-5.30,555.6,80.0,1.61,74,2.11
2026.111.00:05:00/wx/-5.30,555.6,80.0,1.71,74,2.11
2026.111.00:06:00/wx/-5.40,555.6,79.8,1.82,79,2.12
2026.111.00:07:00/wx/-5.30,555.6,79.8,1.61,90,2.18
2026.111.00:08:00/wx/-5.30,555.7,80.1,1.75,93,2.21
2026.111.00:09:00/wx/-5.30,555.7,80.2,1.71,96,2.21
2026.111.00:10:00/wx/-5.21,555.7,80.1,1.34,98,2.17
2026.111.00:11:00/wx/-5.30,555.7,79.5,1.35,88,2.16
2026.111.00:12:00/wx/-5.30,555.7,78.9,1.01,83,2.18
2026.111.00:13:00/wx/-5.20,555.7,79.5,0.88,87,2.40
2026.111.00:14:00/wx/-5.20,555.7,79.4,0.73,77,2.37
2026.111.00:15:00/wx/-5.20,555.7,78.9,0.60,80,2.36
2026.111.00:16:00/wx/-5.20,555.7,78.8,0.68,103,2.33
2026.111.00:17:00/wx/-5.20,555.7,79.3,0.91,105,2.31
2026.111.00:18:00/wx/-5.17,555.7,79.6,0.85,81,2.29
2026.111.00:19:00/wx/-5.10,555.7,78.3,0.51,32,2.23
2026.111.00:20:00/wx/-5.10,555.7,77.1,0.62,89,2.18
2026.111.00:21:00/wx/-5.10,555.7,77.7,0.56,87,2.09
2026.111.00:22:00/wx/-5.00,555.7,77.7,0.51,33,2.05
2026.111.00:23:00/wx/-4.90,555.7,75.7,0.29,51,2.01
2026.111.00:24:00/wx/-4.90,555.7,75.2,0.68,33,2.02
2026.111.00:25:00/wx/-4.89,555.7,75.0,0.92,32,2.00
2026.111.00:26:00/wx/-4.87,555.7,74.3,1.07,39,1.98
2026.111.00:27:00/wx/-4.90,555.7,74.8,0.90,36,1.94
2026.111.00:28:00/wx/-4.80,555.7,75.7,1.16,28,1.91
2026.111.00:29:00/wx/-4.71,555.7,75.3,1.01,41,1.86
2026.111.00:30:00/wx/-4.70,555.7,75.4,1.22,18,1.85
2026.111.00:31:00/wx/-4.60,555.7,74.9,1.56,15,1.83
2026.111.00:32:00/wx/-4.50,555.8,74.2,1.30,7,1.86
2026.111.00:33:00/wx/-4.50,555.8,73.9,1.40,0,1.90
2026.111.00:34:00/wx/-4.40,555.8,73.1,1.32,324,1.90
2026.111.00:35:00/wx/-4.40,555.8,72.1,1.85,355,1.90
2026.111.00:36:00/wx/-4.30,555.8,71.2,2.77,390,1.88
2026.111.00:37:00/wx/-4.30,555.8,69.5,2.84,352,1.87
2026.111.00:38:00/wx/-4.10,555.8,66.2,3.06,337,1.87
2026.111.00:39:00/wx/-4.00,555.8,64.1,2.65,325,1.85
2026.111.00:40:00/wx/-3.90,555.8,63.8,2.61,323,1.84
2026.111.00:41:00/wx/-4.10,555.8,63.0,2.51,331,1.83
2026.111.00:42:00/wx/-4.30,555.8,60.7,2.93,334,1.83
2026.111.00:43:00/wx/-4.25,555.8,60.4,2.98,341,1.83
2026.111.00:44:00/wx/-3.71,555.8,58.8,3.63,339,1.81
2026.111.00:45:00/wx/-3.50,555.7,57.1,2.82,331,1.80
2026.111.00:46:00/wx/-3.40,555.8,56.6,2.77,330,1.87
2026.111.00:47:00/wx/-3.50,555.8,56.0,3.35,332,1.91
2026.111.00:48:00/wx/-3.60,555.7,55.1,2.78,325,1.90
2026.111.00:49:00/wx/-3.60,555.7,54.2,3.25,338,1.86
2026.111.00:50:00/wx/-3.60,555.8,53.2,3.20,337,1.87
2026.111.00:51:00/wx/-3.70,555.8,52.3,3.43,336,1.84
2026.111.00:52:00/wx/-3.60,555.7,51.3,3.34,333,1.86
2026.111.00:53:00/wx/-3.40,555.7,50.5,3.30,334,1.81
2026.111.00:54:00/wx/-3.30,555.8,49.4,3.64,322,1.82
2026.111.00:55:00/wx/-3.40,555.7,49.2,3.20,335,1.81
2026.111.00:56:00/wx/-3.60,555.7,49.3,3.66,341,1.83
2026.111.00:57:00/wx/-3.70,555.8,49.4,3.53,341,1.85
2026.111.00:58:00/wx/-3.60,555.7,48.5,3.67,342,1.82
2026.111.00:59:00/wx/-3.50,555.7,48.7,3.34,340,1.79
2026.111.01:00:00/wx/-3.40,555.7,48.8,3.01,335,1.78
2026.111.01:01:00/wx/-3.40,555.7,48.9,3.13,334,1.79
2026.111.01:02:00/wx/-3.40,555.7,48.9,2.86,331,1.77
2026.111.01:03:00/wx/-3.46,555.7,48.8,3.09,336,1.74
2026.111.01:04:00/wx/-3.60,555.8,48.8,3.23,343,1.73
2026.111.01:05:00/wx/-3.60,555.7,48.7,3.33,339,1.77
2026.111.01:06:00/wx/-3.42,555.7,48.4,2.89,341,1.83
2026.111.01:07:00/wx/-3.50,555.8,47.8,2.86,338,1.88
2026.111.01:08:00/wx/-3.60,555.8,47.9,3.28,345,1.82
2026.111.01:09:00/wx/-4.00,555.8,47.9,3.43,322,1.73
2026.111.01:10:00/wx/-4.04,555.8,48.5,2.93,343,1.72
2026.111.01:11:00/wx/-4.17,555.8,49.1,2.85,345,1.72
2026.111.01:12:00/wx/-4.28,555.8,50.3,2.60,328,1.76
2026.111.01:13:00/wx/-4.10,555.8,49.9,2.72,339,1.78
2026.111.01:14:00/wx/-4.10,555.8,49.9,2.63,336,1.77
2026.111.01:15:00/wx/-4.20,555.8,49.9,3.03,349,1.76
2026.111.01:16:00/wx/-4.02,555.8,49.9,3.22,348,1.78
2026.111.01:17:00/wx/-3.90,555.9,49.2,2.29,336,1.81
2026.111.01:18:00/wx/-3.84,555.9,49.0,3.13,337,1.80
2026.111.01:19:00/wx/-3.60,555.8,48.1,2.73,340,1.80
2026.111.01:20:00/wx/-3.50,555.8,47.9,2.69,336,1.78
2026.111.01:21:00/wx/-3.60,555.8,48.0,2.73,338,1.79
2026.111.01:22:00/wx/-3.50,555.9,48.0,2.65,336,1.73
2026.111.01:23:00/wx/-3.57,555.9,47.8,2.53,328,1.71
2026.111.01:24:00/wx/-3.60,555.8,48.0,2.83,336,1.70
2026.111.01:25:00/wx/-3.60,555.8,48.1,2.78,331,1.69
2026.111.01:26:00/wx/-3.60,555.9,48.2,2.93,329,1.68
2026.111.01:27:00/wx/-3.62,555.9,48.1,2.96,332,1.68
2026.111.01:28:00/wx/-3.70,555.8,48.2,3.27,334,1.68
2026.111.01:29:00/wx/-3.60,555.8,48.0,2.94,337,1.69
2026.111.01:30:00/wx/-3.50,555.9,47.5,3.24,332,1.67
2026.111.01:31:00/wx/-3.60,555.8,47.2,3.54,332,1.66
2026.111.01:32:00/wx/-3.60,555.8,47.4,3.38,332,1.68
2026.111.01:33:00/wx/-3.43,555.8,47.4,3.48,329,1.63
2026.111.01:34:00/wx/-3.40,555.8,46.9,3.85,331,1.65
2026.111.01:35:00/wx/-3.30,555.8,46.9,3.54,330,1.63
2026.111.01:36:00/wx/-3.30,555.8,46.8,3.22,333,1.62
2026.111.01:37:00/wx/-3.42,555.8,46.9,3.60,330,1.60
2026.111.01:38:00/wx/-3.51,555.8,47.1,3.48,335,1.60
2026.111.01:39:00/wx/-3.40,555.8,47.0,3.32,336,1.60
2026.111.01:40:00/wx/-3.40,555.8,46.9,3.59,330,1.62
2026.111.01:41:00/wx/-3.40,555.8,46.9,3.91,325,1.61
2026.111.01:42:00/wx/-3.67,555.8,47.3,3.13,336,1.60
2026.111.01:43:00/wx/-3.60,555.8,47.4,3.29,332,1.61
2026.111.01:44:00/wx/-3.50,555.8,47.3,3.22,329,1.57
2026.111.01:45:00/wx/-3.50,555.8,47.0,3.53,329,1.59
2026.111.01:46:00/wx/-3.40,555.8,47.1,3.43,340,1.59
2026.111.01:47:00/wx/-3.30,555.8,46.8,3.26,332,1.57
2026.111.01:48:00/wx/-3.47,555.8,46.4,3.02,325,1.57
2026.111.01:49:00/wx/-3.92,555.8,47.1,3.54,329,1.59
2026.111.01:50:00/wx/-4.04,555.8,47.9,3.71,330,1.58
2026.111.01:51:00/wx/-4.40,555.8,48.9,3.83,322,1.52
2026.111.01:52:00/wx/-3.89,555.8,48.9,3.72,322,1.50
2026.111.01:53:00/wx/-3.70,555.7,48.2,3.63,325,1.50
2026.111.01:54:00/wx/-3.60,555.8,47.8,3.54,322,1.49
2026.111.01:55:00/wx/-3.60,555.8,47.6,3.61,326,1.46
2026.111.01:56:00/wx/-3.70,555.8,47.9,4.03,323,1.50
2026.111.01:57:00/wx/-3.90,555.8,48.2,3.52,321,1.47
2026.111.01:58:00/wx/-3.80,555.8,48.3,3.56,316,1.48
2026.111.01:59:00/wx/-3.70,555.8,47.9,3.43,312,1.51
2026.111.02:00:00/wx/-3.70,555.8,47.7,3.36,316,1.50
2026.111.02:01:00/wx/-3.70,555.8,47.6,3.23,321,1.55
2026.111.02:02:00/wx/-3.70,555.7,47.7,3.36,315,1.56
2026.111.02:03:00/wx/-3.69,555.7,47.5,3.20,323,1.55
2026.111.02:04:00/wx/-3.90,555.7,47.7,3.25,324,1.50
2026.111.02:05:00/wx/-3.79,555.8,47.9,3.60,327,1.49
2026.111.02:06:00/wx/-3.90,555.8,47.7,3.03,323,1.52
2026.111.02:07:00/wx/-3.78,555.8,47.4,3.35,321,1.49
2026.111.02:08:00/wx/-4.00,555.8,47.5,3.11,323,1.51
2026.111.02:09:00/wx/-3.82,555.8,47.5,2.87,322,1.49
2026.111.02:10:00/wx/-3.90,555.8,47.3,2.86,319,1.53
2026.111.02:11:00/wx/-4.00,555.8,47.3,2.54,321,1.52
2026.111.02:12:00/wx/-4.14,555.8,47.4,2.44,316,1.53
2026.111.02:13:00/wx/-4.31,555.8,48.0,2.40,311,1.51
2026.111.02:14:00/wx/-4.42,555.8,48.3,2.07,309,1.51
2026.111.02:15:00/wx/-4.56,555.8,48.6,2.12,309,1.52
2026.111.02:16:00/wx/-4.70,555.8,49.0,2.14,323,1.49
2026.111.02:17:00/wx/-4.80,555.8,49.5,2.02,326,1.50
2026.111.02:18:00/wx/-4.80,555.8,49.7,2.24,320,1.51
2026.111.02:19:00/wx/-4.90,555.9,49.8,2.18,320,1.54
2026.111.02:20:00/wx/-4.90,555.8,50.0,2.15,321,1.57
2026.111.02:21:00/wx/-4.70,555.8,49.8,2.42,333,1.59
2026.111.02:22:00/wx/-4.45,555.8,49.1,2.07,339,1.59
2026.111.02:23:00/wx/-4.30,555.9,48.6,2.24,334,1.59
2026.111.02:24:00/wx/-4.30,555.8,48.4,2.71,344,1.58
2026.111.02:25:00/wx/-4.40,555.8,48.1,2.22,338,1.55
2026.111.02:26:00/wx/-4.20,555.8,48.0,2.64,341,1.58
2026.111.02:27:00/wx/-4.00,555.9,47.3,2.78,342,1.60
2026.111.02:28:00/wx/-4.30,555.9,46.9,2.54,339,1.59
2026.111.02:29:00/wx/-4.18,555.8,47.5,2.23,336,1.57
2026.111.02:30:00/wx/-3.90,555.9,46.7,2.33,340,1.58
2026.111.02:31:00/wx/-3.90,555.9,46.2,2.45,353,1.58
2026.111.02:32:00/wx/-3.80,555.9,45.8,2.75,340,1.59
2026.111.02:33:00/wx/-3.70,555.9,45.5,2.32,352,1.56
2026.111.02:34:00/wx/-3.67,555.9,45.3,2.70,351,1.59
2026.111.02:35:00/wx/-3.60,555.9,45.0,2.34,352,1.54
2026.111.02:36:00/wx/-3.60,555.9,44.8,2.28,338,1.55
2026.111.02:37:00/wx/-3.44,555.9,44.6,2.78,349,1.59
2026.111.02:38:00/wx/-3.40,555.9,43.9,2.04,348,1.60
2026.111.02:39:00/wx/-3.30,555.9,44.0,2.62,345,1.55
2026.111.02:40:00/wx/-3.50,555.9,43.8,2.56,340,1.55
2026.111.02:41:00/wx/-3.40,555.9,43.5,2.87,342,1.55
2026.111.02:42:00/wx/-3.40,555.9,43.5,2.56,327,1.56
2026.111.02:43:00/wx/-3.40,555.9,43.2,3.43,348,1.56
2026.111.02:44:00/wx/-3.30,555.9,43.1,2.83,338,1.56
2026.111.02:45:00/wx/-3.30,555.9,42.9,2.61,332,1.59
2026.111.02:46:00/wx/-3.40,555.8,43.0,2.83,337,1.57
2026.111.02:47:00/wx/-3.40,555.9,43.3,2.43,321,1.54
2026.111.02:48:00/wx/-3.50,555.9,43.2,2.83,326,1.56
2026.111.02:49:00/wx/-3.56,555.9,43.3,2.33,322,1.50
2026.111.02:50:00/wx/-3.50,555.9,43.4,2.85,335,1.49
2026.111.02:51:00/wx/-3.50,555.9,43.1,2.90,334,1.47
2026.111.02:52:00/wx/-3.50,555.9,43.2,3.31,343,1.48
2026.111.02:53:00/wx/-3.40,555.8,42.9,2.93,338,1.48
2026.111.02:54:00/wx/-3.50,555.8,43.0,2.73,331,1.53
2026.111.02:55:00/wx/-3.40,555.8,43.2,2.74,325,1.51
2026.111.02:56:00/wx/-3.40,555.8,43.1,2.74,316,1.51
2026.111.02:57:00/wx/-3.40,555.8,43.2,2.62,320,1.47
2026.111.02:58:00/wx/-3.61,555.8,43.1,3.43,322,1.47
2026.111.02:59:00/wx/-3.54,555.8,43.3,3.77,331,1.46
2026.111.03:00:00/wx/-3.50,555.8,42.8,3.55,324,1.45
2026.111.03:01:00/wx/-3.57,555.8,43.0,3.26,319,1.45
2026.111.03:02:00/wx/-3.50,555.8,43.2,3.17,324,1.44
2026.111.03:03:00/wx/-3.40,555.8,43.3,2.93,330,1.44
2026.111.03:04:00/wx/-3.40,555.8,43.1,3.24,320,1.47
2026.111.03:05:00/wx/-3.40,555.8,43.0,3.43,327,1.46
2026.111.03:06:00/wx/-3.50,555.8,43.6,3.36,329,1.46
2026.111.03:07:00/wx/-3.82,555.8,43.6,3.28,334,1.47
2026.111.03:08:00/wx/-4.38,555.8,45.1,3.40,332,1.47
2026.111.03:09:00/wx/-3.80,555.8,45.2,3.05,330,1.47
2026.111.03:10:00/wx/-3.70,555.8,44.1,3.23,338,1.46
2026.111.03:11:00/wx/-3.60,555.8,44.3,3.02,336,1.48
2026.111.03:12:00/wx/-3.69,555.8,44.2,3.32,333,1.47
2026.111.03:13:00/wx/-3.80,555.8,44.3,3.52,340,1.45
2026.111.03:14:00/wx/-4.26,555.7,44.6,3.35,339,1.43
2026.111.03:15:00/wx/-4.30,555.7,45.3,3.73,347,1.44
2026.111.03:16:00/wx/-4.58,555.7,45.4,2.26,336,1.50
2026.111.03:17:00/wx/-4.70,555.7,46.6,3.42,333,1.47
2026.111.03:18:00/wx/-5.00,555.7,46.4,3.34,347,1.49
2026.111.03:19:00/wx/-5.48,555.7,46.8,3.38,337,1.49
2026.111.03:20:00/wx/-4.50,555.8,47.8,3.33,342,1.50
2026.111.03:21:00/wx/-4.20,555.7,46.1,2.94,326,1.49
2026.111.03:22:00/wx/-4.10,555.7,45.2,3.11,338,1.47
2026.111.03:23:00/wx/-4.10,555.8,45.2,3.23,335,1.49
2026.111.03:24:00/wx/-3.83,555.7,45.0,2.78,332,1.50
2026.111.03:25:00/wx/-4.00,555.8,44.6,2.33,321,1.48
2026.111.03:26:00/wx/-4.15,555.8,44.5,2.64,328,1.49
2026.111.03:27:00/wx/-4.01,555.7,45.3,2.40,325,1.48
2026.111.03:28:00/wx/-4.02,555.7,44.8,2.36,329,1.45
2026.111.03:29:00/wx/-4.26,555.8,44.9,1.92,323,1.45
2026.111.03:30:00/wx/-4.70,555.8,45.8,2.25,331,1.47
2026.111.03:31:00/wx/-4.35,555.8,46.5,2.82,329,1.49
2026.111.03:32:00/wx/-3.90,555.8,45.4,2.44,343,1.49
2026.111.03:33:00/wx/-3.80,555.7,44.8,2.69,339,1.46
2026.111.03:34:00/wx/-3.70,555.7,44.4,2.52,324,1.46
2026.111.03:35:00/wx/-3.70,555.7,44.2,2.53,326,1.46
2026.111.03:36:00/wx/-3.84,555.8,44.2,2.64,332,1.45
2026.111.03:37:00/wx/-4.10,555.7,44.5,2.82,336,1.46
2026.111.03:38:00/wx/-4.01,555.8,44.7,2.84,346,1.47
2026.111.03:39:00/wx/-4.77,555.8,45.1,3.63,336,1.49
2026.111.03:40:00/wx/-4.49,555.8,46.3,3.81,337,1.50
2026.111.03:41:00/wx/-3.98,555.8,45.1,3.23,330,1.48
2026.111.03:42:00/wx/-4.11,555.8,45.0,2.55,342,1.48
2026.111.03:43:00/wx/-4.00,555.8,45.0,2.90,335,1.49
2026.111.03:44:00/wx/-4.00,555.8,44.8,2.51,334,1.50
2026.111.03:45:00/wx/-3.90,555.8,44.4,2.13,339,1.48
2026.111.03:46:00/wx/-3.80,555.8,44.3,2.03,317,1.50
2026.111.03:47:00/wx/-3.80,555.8,44.3,1.50,327,1.48
2026.111.03:48:00/wx/-3.83,555.8,44.2,2.25,323,1.48
2026.111.03:49:00/wx/-4.00,555.8,44.1,2.02,321,1.49
2026.111.03:50:00/wx/-4.00,555.8,44.5,2.26,317,1.46
2026.111.03:51:00/wx/-4.00,555.8,44.5,2.28,319,1.48
2026.111.03:52:00/wx/-4.00,555.8,44.6,1.94,326,1.53
2026.111.03:53:00/wx/-4.21,555.8,44.7,2.20,326,1.52
2026.111.03:54:00/wx/-4.20,555.8,45.0,2.31,324,1.49
2026.111.03:55:00/wx/-4.10,555.8,45.0,1.95,334,1.47
2026.111.03:56:00/wx/-4.00,555.8,44.9,2.31,325,1.49
2026.111.03:57:00/wx/-4.00,555.8,44.7,2.33,325,1.50
2026.111.03:58:00/wx/-4.00,555.8,44.7,2.61,322,1.50
2026.111.03:59:00/wx/-4.00,555.8,44.8,2.54,315,1.48
2026.111.04:00:00/wx/-4.00,555.8,44.9,2.39,321,1.44
2026.111.04:01:00/wx/-4.00,555.8,44.7,2.36,308,1.49
2026.111.04:02:00/wx/-4.10,555.8,44.9,2.03,312,1.48
2026.111.04:03:00/wx/-4.10,555.8,45.3,2.44,327,1.44
2026.111.04:04:00/wx/-4.10,555.8,45.2,1.96,333,1.44
2026.111.04:05:00/wx/-4.19,555.8,45.1,1.93,319,1.46
2026.111.04:06:00/wx/-4.10,555.8,45.4,2.13,319,1.43
2026.111.04:07:00/wx/-4.10,555.8,45.4,1.83,319,1.46
2026.111.04:08:00/wx/-4.10,555.8,45.3,2.43,320,1.45
2026.111.04:09:00/wx/-4.20,555.8,45.4,2.51,318,1.44
2026.111.04:10:00/wx/-4.10,555.8,45.5,2.22,321,1.46
2026.111.04:11:00/wx/-4.19,555.8,45.6,2.59,309,1.45
2026.111.04:12:00/wx/-4.30,555.8,45.9,2.63,319,1.46
2026.111.04:13:00/wx/-4.20,555.8,45.9,2.62,325,1.43
2026.111.04:14:00/wx/-4.20,555.8,45.8,2.59,318,1.44
2026.111.04:15:00/wx/-4.20,555.8,46.0,2.63,314,1.45
2026.111.04:16:00/wx/-4.20,555.8,46.1,2.22,312,1.44
2026.111.04:17:00/wx/-4.30,555.7,46.1,2.63,320,1.44
2026.111.04:18:00/wx/-4.26,555.8,46.1,2.57,321,1.41
2026.111.04:19:00/wx/-4.20,555.8,46.0,2.62,322,1.46
2026.111.04:20:00/wx/-4.20,555.8,45.9,2.62,324,1.48
2026.111.04:21:00/wx/-4.30,555.8,46.1,2.66,320,1.47
2026.111.04:22:00/wx/-4.51,555.8,46.1,2.53,323,1.47
2026.111.04:23:00/wx/-4.70,555.8,46.5,2.63,321,1.47
2026.111.04:24:00/wx/-4.60,555.7,46.9,2.93,316,1.48
2026.111.04:25:00/wx/-4.60,555.8,46.6,2.53,321,1.50
2026.111.04:26:00/wx/-4.60,555.7,46.9,2.76,321,1.48
2026.111.04:27:00/wx/-4.60,555.7,46.5,2.83,322,1.48
2026.111.04:28:00/wx/-4.70,555.7,46.7,2.76,323,1.48
2026.111.04:29:00/wx/-4.80,555.7,47.1,2.81,327,1.51
2026.111.04:30:00/wx/-4.78,555.7,47.2,2.93,325,1.50
2026.111.04:31:00/wx/-4.60,555.7,46.7,2.63,324,1.51
2026.111.04:32:00/wx/-4.71,555.7,46.9,3.03,318,1.55
2026.111.04:33:00/wx/-4.90,555.7,47.4,2.77,316,1.55
2026.111.04:34:00/wx/-4.90,555.7,47.4,2.84,315,1.56
2026.111.04:35:00/wx/-4.67,555.7,47.2,2.74,315,1.55
2026.111.04:36:00/wx/-4.60,555.8,46.6,2.79,318,1.57
2026.111.04:37:00/wx/-4.70,555.7,46.8,3.04,315,1.56
2026.111.04:38:00/wx/-4.60,555.7,47.0,2.70,315,1.54
2026.111.04:39:00/wx/-4.60,555.7,46.6,2.92,317,1.54
2026.111.04:40:00/wx/-4.70,555.8,46.6,2.59,316,1.54
2026.111.04:41:00/wx/-4.70,555.7,46.9,2.64,321,1.53
2026.111.04:42:00/wx/-4.70,555.7,47.0,2.82,321,1.52
2026.111.04:43:00/wx/-4.76,555.7,46.9,2.53,317,1.52
2026.111.04:44:00/wx/-4.60,555.7,47.3,2.83,315,1.52
2026.111.04:45:00/wx/-4.67,555.7,47.1,2.46,317,1.50
2026.111.04:46:00/wx/-4.60,555.7,46.9,2.63,322,1.48
2026.111.04:47:00/wx/-4.60,555.7,46.9,2.33,313,1.45
2026.111.04:48:00/wx/-4.59,555.7,46.8,2.48,327,1.47
2026.111.04:49:00/wx/-4.70,555.7,47.1,2.73,325,1.50
2026.111.04:50:00/wx/-4.70,555.7,47.2,2.40,315,1.46
2026.111.04:51:00/wx/-4.80,555.7,46.9,2.36,322,1.43
2026.111.04:52:00/wx/-4.70,555.7,47.3,2.41,324,1.44
2026.111.04:53:00/wx/-4.66,555.7,46.9,2.33,321,1.45
2026.111.04:54:00/wx/-5.00,555.6,47.1,2.13,336,1.47
2026.111.04:55:00/wx/-5.05,555.6,47.6,2.91,331,1.46
2026.111.04:56:00/wx/-4.81,555.6,47.5,2.58,328,1.47
2026.111.04:57:00/wx/-4.60,555.6,47.1,2.66,324,1.50
2026.111.04:58:00/wx/-4.70,555.7,46.9,2.72,322,1.48
2026.111.04:59:00/wx/-4.70,555.7,46.9,2.83,316,1.46
2026.111.05:00:00/wx/-4.65,555.6,47.0,2.68,316,1.44
2026.111.05:01:00/wx/-4.80,555.6,46.7,2.82,318,1.42
2026.111.05:02:00/wx/-4.70,555.6,46.8,2.83,310,1.45
2026.111.05:03:00/wx/-4.70,555.6,46.5,2.88,306,1.45
2026.111.05:04:00/wx/-4.80,555.6,46.6,2.93,297,1.51
2026.111.05:05:00/wx/-4.70,555.6,46.4,3.05,302,1.50
2026.111.05:06:00/wx/-4.80,555.6,46.3,2.82,305,1.50
2026.111.05:07:00/wx/-4.72,555.6,46.3,3.03,314,1.49
2026.111.05:08:00/wx/-4.80,555.6,46.4,3.00,317,1.48
2026.111.05:09:00/wx/-4.80,555.5,46.5,2.74,320,1.47
2026.111.05:10:00/wx/-4.80,555.5,46.8,2.99,316,1.46
2026.111.05:11:00/wx/-4.80,555.5,46.9,2.75,320,1.46
2026.111.05:12:00/wx/-4.70,555.5,46.7,2.72,314,1.49
2026.111.05:13:00/wx/-4.70,555.6,46.8,2.53,311,1.48
2026.111.05:14:00/wx/-4.70,555.5,46.9,2.53,311,1.50
2026.111.05:15:00/wx/-4.80,555.5,47.0,2.85,309,1.50
2026.111.05:16:00/wx/-4.80,555.5,46.9,2.62,306,1.49
2026.111.05:17:00/wx/-4.90,555.5,46.9,2.66,312,1.48
2026.111.05:18:00/wx/-4.82,555.5,47.2,2.49,315,1.45
2026.111.05:19:00/wx/-4.80,555.5,47.1,2.44,311,1.45
2026.111.05:20:00/wx/-4.80,555.5,47.1,2.67,316,1.48
2026.111.05:21:00/wx/-4.71,555.4,46.9,2.83,315,1.48
2026.111.05:22:00/wx/-4.90,555.5,46.9,2.74,314,1.48
2026.111.05:23:00/wx/-4.90,555.5,47.2,2.73,312,1.48
2026.111.05:24:00/wx/-4.90,555.5,47.1,2.51,310,1.47
2026.111.05:25:00/wx/-5.00,555.5,47.3,2.63,309,1.46
2026.111.05:26:00/wx/-5.00,555.5,47.5,2.82,318,1.47
2026.111.05:27:00/wx/-5.10,555.5,47.5,2.70,305,1.52
2026.111.05:28:00/wx/-5.10,555.4,47.6,2.98,307,1.54
2026.111.05:29:00/wx/-5.00,555.4,47.4,2.65,314,1.49
2026.111.05:30:00/wx/-5.00,555.4,47.4,2.52,309,1.50
2026.111.05:31:00/wx/-4.90,555.4,47.3,2.33,310,1.50
2026.111.05:32:00/wx/-4.80,555.4,47.0,2.66,310,1.48
2026.111.05:33:00/wx/-4.80,555.4,46.7,2.63,312,1.50
2026.111.05:34:00/wx/-4.80,555.4,46.7,2.42,311,1.49
2026.111.05:35:00/wx/-4.90,555.4,46.9,2.56,317,1.48
2026.111.05:36:00/wx/-5.00,555.4,47.0,2.93,319,1.47
2026.111.05:37:00/wx/-4.90,555.3,46.9,2.57,324,1.48
2026.111.05:38:00/wx/-4.90,555.4,46.9,2.66,327,1.48
2026.111.05:39:00/wx/-4.80,555.3,46.8,2.64,315,1.48
2026.111.05:40:00/wx/-4.80,555.4,46.8,2.66,319,1.46
2026.111.05:41:00/wx/-4.80,555.4,46.7,2.74,319,1.48
2026.111.05:42:00/wx/-4.95,555.4,46.6,2.75,322,1.49
2026.111.05:43:00/wx/-5.00,555.4,46.8,2.74,320,1.51
2026.111.05:44:00/wx/-4.90,555.4,46.8,2.69,320,1.51
2026.111.05:45:00/wx/-4.98,555.4,46.7,2.31,310,1.49
2026.111.05:46:00/wx/-5.00,555.4,46.9,2.65,315,1.50
2026.111.05:47:00/wx/-5.10,555.4,47.1,2.89,310,1.50
2026.111.05:48:00/wx/-5.20,555.3,47.0,3.12,310,1.51
2026.111.05:49:00/wx/-5.10,555.4,47.0,2.73,317,1.49
2026.111.05:50:00/wx/-4.92,555.3,46.9,2.95,321,1.48
2026.111.05:51:00/wx/-5.00,555.4,46.5,2.84,324,1.48
2026.111.05:52:00/wx/-5.00,555.4,46.7,3.27,320,1.51
2026.111.05:53:00/wx/-5.30,555.4,46.8,2.84,324,1.50
2026.111.05:54:00/wx/-5.30,555.4,47.6,3.09,322,1.49
2026.111.05:55:00/wx/-5.50,555.4,47.6,2.70,320,1.48
2026.111.05:56:00/wx/-5.40,555.3,47.6,3.33,333,1.52
2026.111.05:57:00/wx/-5.30,555.3,47.4,3.23,334,1.48
2026.111.05:58:00/wx/-5.20,555.3,47.4,2.63,330,1.48
2026.111.05:59:00/wx/-4.86,555.3,47.0,3.15,328,1.48
2026.111.06:00:00/wx/-4.95,555.3,46.3,3.25,329,1.47
2026.111.06:01:00/wx/-4.79,555.3,46.8,3.13,331,1.50
2026.111.06:02:00/wx/-4.86,555.3,46.2,3.41,330,1.49
2026.111.06:03:00/wx/-4.60,555.4,46.2,3.13,324,1.48
2026.111.06:04:00/wx/-4.50,555.3,45.8,3.09,337,1.49
2026.111.06:05:00/wx/-4.50,555.4,45.5,3.05,332,1.48
2026.111.06:06:00/wx/-4.50,555.3,45.5,3.40,333,1.46
2026.111.06:07:00/wx/-4.40,555.3,45.4,3.67,337,1.44
2026.111.06:08:00/wx/-4.40,555.4,45.3,3.33,334,1.41
2026.111.06:09:00/wx/-4.50,555.3,45.3,2.70,323,1.42
2026.111.06:10:00/wx/-4.49,555.3,45.3,2.82,332,1.41
2026.111.06:11:00/wx/-4.50,555.3,45.4,2.74,324,1.42
2026.111.06:12:00/wx/-4.60,555.3,45.4,3.26,329,1.39
2026.111.06:13:00/wx/-4.70,555.3,45.6,3.33,330,1.31
2026.111.06:14:00/wx/-4.60,555.3,45.6,3.23,324,1.40
2026.111.06:15:00/wx/-4.70,555.3,45.4,3.30,335,1.41
2026.111.06:16:00/wx/-4.80,555.3,45.6,3.21,331,1.42
2026.111.06:17:00/wx/-4.70,555.3,45.8,3.05,335,1.45
2026.111.06:18:00/wx/-4.70,555.3,45.8,3.33,334,1.40
2026.111.06:19:00/wx/-4.74,555.3,45.9,3.38,333,1.37
2026.111.06:20:00/wx/-4.70,555.3,46.1,3.48,336,1.40
2026.111.06:21:00/wx/-4.88,555.3,46.3,3.36,334,1.38
2026.111.06:22:00/wx/-4.64,555.3,46.3,2.98,331,1.42
2026.111.06:23:00/wx/-4.70,555.3,46.0,2.56,320,1.40
2026.111.06:24:00/wx/-4.70,555.3,46.3,3.25,331,1.41
2026.111.06:25:00/wx/-4.60,555.3,46.4,3.51,330,1.39
2026.111.06:26:00/wx/-4.60,555.3,46.2,3.50,339,1.40
2026.111.06:27:00/wx/-4.50,555.3,46.0,3.57,335,1.38
2026.111.06:28:00/wx/-4.40,555.3,46.0,3.45,335,1.40
2026.111.06:29:00/wx/-4.44,555.3,45.8,3.19,328,1.41
2026.111.06:30:00/wx/-4.50,555.3,46.0,3.35,321,1.42
2026.111.06:31:00/wx/-4.50,555.3,46.0,3.43,329,1.41
2026.111.06:32:00/wx/-4.58,555.2,46.0,3.52,334,1.41
2026.111.06:33:00/wx/-4.60,555.2,46.1,3.54,336,1.39
2026.111.06:34:00/wx/-4.50,555.2,46.0,3.49,328,1.36
2026.111.06:35:00/wx/-4.50,555.2,45.8,3.35,334,1.36
2026.111.06:36:00/wx/-4.67,555.2,46.1,3.77,333,1.37
2026.111.06:37:00/wx/-4.60,555.2,46.1,3.58,334,1.39
2026.111.06:38:00/wx/-4.60,555.2,46.0,3.84,335,1.39
2026.111.06:39:00/wx/-4.64,555.2,46.1,3.58,334,1.36
2026.111.06:40:00/wx/-4.70,555.2,46.2,3.52,330,1.34
2026.111.06:41:00/wx/-4.70,555.2,46.2,3.37,327,1.36
2026.111.06:42:00/wx/-4.70,555.2,46.3,3.23,329,1.37
2026.111.06:43:00/wx/-4.70,555.2,46.2,3.06,329,1.38
2026.111.06:44:00/wx/-4.70,555.2,46.3,3.29,329,1.36
2026.111.06:45:00/wx/-4.80,555.2,46.3,3.33,328,1.35
2026.111.06:46:00/wx/-4.80,555.2,46.4,3.26,332,1.34
2026.111.06:47:00/wx/-4.90,555.2,46.5,3.44,329,1.31
2026.111.06:48:00/wx/-4.90,555.2,46.4,3.25,324,1.32
2026.111.06:49:00/wx/-5.80,555.1,47.0,2.76,318,1.33
2026.111.06:50:00/wx/-5.90,555.2,48.9,3.83,329,1.36
2026.111.06:51:00/wx/-5.66,555.2,48.7,3.53,333,1.36
2026.111.06:52:00/wx/-5.41,555.2,48.2,3.54,332,1.32
2026.111.06:53:00/wx/-5.40,555.1,48.0,3.72,332,1.31
2026.111.06:54:00/wx/-5.10,555.1,48.0,3.55,329,1.33
2026.111.06:55:00/wx/-5.10,555.1,47.4,3.33,331,1.34
2026.111.06:56:00/wx/-5.00,555.1,47.3,3.59,328,1.34
2026.111.06:57:00/wx/-5.00,555.1,47.0,3.68,332,1.35
2026.111.06:58:00/wx/-5.00,555.1,47.0,3.62,334,1.35
2026.111.06:59:00/wx/-4.96,555.1,46.8,3.46,337,1.35
2026.111.07:00:00/wx/-4.90,555.1,46.9,3.53,330,1.34
2026.111.07:01:00/wx/-4.90,555.1,46.7,3.85,334,1.33
2026.111.07:02:00/wx/-4.81,555.0,46.7,3.74,340,1.33
2026.111.07:03:00/wx/-4.90,555.1,46.6,3.73,335,1.34
2026.111.07:04:00/wx/-4.90,555.0,46.6,3.60,335,1.33
2026.111.07:05:00/wx/-4.90,555.0,46.7,4.03,334,1.33
2026.111.07:06:00/wx/-4.90,555.0,46.7,3.61,333,1.34
2026.111.07:07:00/wx/nan,nan,nan,nan,nan,nan
2026.111.07:08:00/wx/nan,nan,nan,nan,nan,nan
2026.111.07:09:00/wx/nan,nan,nan,nan,nan,nan
2026.111.07:10:00/wx/nan,nan,nan,nan,nan,nan
2026.111.07:11:00/wx/nan,nan,nan,nan,nan,nan
2026.111.07:12:00/wx/nan,nan,nan,nan,nan,nan
2026.111.07:13:00/wx/nan,nan,nan,nan,nan,nan
2026.111.07:14:00/wx/nan,nan,nan,nan,nan,nan
2026.111.07:15:00/wx/nan,nan,nan,nan,nan,nan
2026.111.07:16:00/wx/nan,nan,nan,nan,nan,nan
2026.111.07:17:00/wx/nan,nan,nan,nan,nan,nan
2026.111.07:18:00/wx/nan,nan,nan,nan,nan,nan
2026.111.07:19:00/wx/nan,nan,nan,nan,nan,nan
2026.111.07:20:00/wx/nan,nan,nan,nan,nan,nan
2026.111.07:21:00/wx/nan,nan,nan,nan,nan,nan
2026.111.07:22:00/wx/nan,nan,nan,nan,nan,nan
2026.111.07:23:00/wx/nan,nan,nan,nan,nan,nan
2026.111.07:24:00/wx/nan,nan,nan,nan,nan,nan
2026.111.07:25:00/wx/nan,nan,nan,nan,nan,nan
2026.111.07:26:00/wx/nan,nan,nan,nan,nan,nan
2026.111.07:27:00/wx/nan,nan,nan,nan,nan,nan
2026.111.07:28:00/wx/nan,nan,nan,nan,nan,nan
2026.111.07:29:00/wx/nan,nan,nan,nan,nan,nan
2026.111.07:30:00/wx/nan,nan,nan,nan,nan,nan
2026.111.07:31:00/wx/nan,nan,nan,nan,nan,nan
2026.111.07:32:00/wx/nan,nan,nan,nan,nan,nan
2026.111.07:33:00/wx/nan,nan,nan,nan,nan,nan
2026.111.07:34:00/wx/nan,nan,nan,nan,nan,nan
2026.111.07:35:00/wx/nan,nan,nan,nan,nan,nan
2026.111.07:36:00/wx/nan,nan,nan,nan,nan,nan
2026.111.07:37:00/wx/nan,nan,nan,nan,nan,nan
2026.111.07:38:00/wx/nan,nan,nan,nan,nan,nan
2026.111.07:39:00/wx/nan,nan,nan,nan,nan,nan
2026.111.07:40:00/wx/nan,nan,nan,nan,nan,nan
2026.111.07:41:00/wx/nan,nan,nan,nan,nan,nan
2026.111.07:42:00/wx/nan,nan,nan,nan,nan,nan
2026.111.07:43:00/wx/nan,nan,nan,nan,nan,nan
2026.111.07:44:00/wx/nan,nan,nan,nan,nan,nan
2026.111.07:45:00/wx/nan,nan,nan,nan,nan,nan
2026.111.07:46:00/wx/nan,nan,nan,nan,nan,nan
2026.111.07:47:00/wx/nan,nan,nan,nan,nan,nan
2026.111.07:48:00/wx/nan,nan,nan,nan,nan,nan
2026.111.07:49:00/wx/nan,nan,nan,nan,nan,nan
2026.111.07:50:00/wx/nan,nan,nan,nan,nan,nan
2026.111.07:51:00/wx/nan,nan,nan,nan,nan,nan
2026.111.07:52:00/wx/nan,nan,nan,nan,nan,nan
2026.111.07:53:00/wx/nan,nan,nan,nan,nan,nan
