2026.109.19:30:00;APEX Database Weather Data for Timerange of c261d
2026.109.19:30:00;The format is wx/temp[C],press[mbar],humid[%],speed[m/s],direction[deg],pwv[mm]
2026.109.19:31:00/wx/0.50,554.2,31.5,7.80,283,3.52
2026.109.19:32:00/wx/1.20,554.2,33.6,7.50,292,3.58
2026.109.19:33:00/wx/1.22,554.2,35.5,6.99,279,3.56
2026.109.19:34:00/wx/0.39,554.2,38.0,10.64,247,3.48
2026.109.19:35:00/wx/-0.01,554.2,39.7,6.23,259,3.59
2026.109.19:36:00/wx/0.40,554.2,39.7,10.57,277,3.42
2026.109.19:37:00/wx/0.30,554.2,39.7,11.83,249,3.66
2026.109.19:38:00/wx/0.16,554.2,40.8,11.00,244,3.67
2026.109.19:39:00/wx/0.21,554.2,40.2,7.71,243,3.64
2026.109.19:40:00/wx/0.16,554.3,39.9,6.81,258,3.68
2026.109.19:41:00/wx/0.31,554.3,39.9,9.97,255,3.60
2026.109.19:42:00/wx/0.00,554.2,40.5,8.82,244,3.66
2026.109.19:43:00/wx/0.40,554.3,39.0,9.64,246,3.58
2026.109.19:44:00/wx/-0.29,554.3,40.3,4.41,262,3.59
2026.109.19:45:00/wx/0.47,554.2,39.8,6.05,256,3.67
2026.109.19:46:00/wx/1.40,554.3,37.4,10.24,293,3.70
2026.109.19:47:00/wx/0.70,554.3,39.5,10.33,281,3.63
2026.109.19:48:00/wx/0.63,554.3,39.5,7.56,273,3.56
2026.109.19:49:00/wx/0.22,554.2,39.6,7.45,291,3.56
2026.109.19:50:00/wx/0.44,554.3,40.8,9.11,247,3.65
2026.109.19:51:00/wx/0.43,554.3,41.4,10.17,249,3.58
2026.109.19:52:00/wx/-0.20,554.3,42.3,5.55,279,3.65
2026.109.19:53:00/wx/0.11,554.3,42.7,7.73,261,3.82
2026.109.19:54:00/wx/0.40,554.3,41.5,9.41,253,3.93
2026.109.19:55:00/wx/1.09,554.3,40.8,9.05,275,3.91
2026.109.19:56:00/wx/-0.10,554.3,43.3,4.70,260,3.76
2026.109.19:57:00/wx/0.39,554.3,42.4,4.64,273,3.70
2026.109.19:58:00/wx/0.34,554.3,42.0,7.97,263,3.63
2026.109.19:59:00/wx/0.31,554.4,40.6,8.99,287,3.68
2026.109.20:00:00/wx/0.27,554.3,40.1,7.35,251,3.65
2026.109.20:01:00/wx/0.15,554.3,39.7,5.12,276,3.59
2026.109.20:02:00/wx/0.11,554.3,40.0,6.29,279,3.63
2026.109.20:03:00/wx/0.30,554.3,39.5,6.68,261,3.62
2026.109.20:04:00/wx/0.11,554.4,39.6,12.57,285,3.60
2026.109.20:05:00/wx/-0.02,554.3,40.0,6.73,272,3.64
2026.109.20:06:00/wx/-0.03,554.3,40.4,5.79,267,3.61
2026.109.20:07:00/wx/0.70,554.3,38.8,7.16,259,3.58
2026.109.20:08:00/wx/0.18,554.3,38.4,10.07,246,3.52
2026.109.20:09:00/wx/0.42,554.3,37.3,9.06,249,3.58
2026.109.20:10:00/wx/-0.16,554.3,38.6,8.56,255,3.69
2026.109.20:11:00/wx/-0.28,554.3,40.1,5.67,268,3.56
2026.109.20:12:00/wx/0.20,554.2,38.3,6.48,283,3.62
2026.109.20:13:00/wx/0.15,554.3,38.8,8.70,262,3.74
2026.109.20:14:00/wx/0.40,554.3,39.1,7.13,273,3.81
2026.109.20:15:00/wx/-0.17,554.3,40.2,11.45,283,3.75
2026.109.20:16:00/wx/-0.22,554.3,41.0,7.90,281,3.68
2026.109.20:17:00/wx/-0.09,554.3,40.8,9.11,248,3.69
2026.109.20:18:00/wx/-0.26,554.3,41.4,9.18,251,3.61
2026.109.20:19:00/wx/0.10,554.3,41.3,8.13,282,3.57
2026.109.20:20:00/wx/-0.15,554.3,39.9,6.97,268,3.53
2026.109.20:21:00/wx/-0.20,554.3,38.8,7.84,266,3.50
2026.109.20:22:00/wx/-0.21,554.4,37.4,10.08,282,3.51
2026.109.20:23:00/wx/-0.27,554.3,38.0,5.55,282,3.67
2026.109.20:24:00/wx/-0.20,554.3,37.8,9.33,257,3.53
2026.109.20:25:00/wx/-0.09,554.3,37.8,6.14,268,3.51
2026.109.20:26:00/wx/0.07,554.3,38.5,5.79,266,3.61
2026.109.20:27:00/wx/-0.33,554.3,38.9,6.41,270,3.56
2026.109.20:28:00/wx/-0.14,554.3,39.6,6.87,280,3.57
2026.109.20:29:00/wx/0.10,554.3,39.2,8.13,277,3.66
2026.109.20:30:00/wx/0.27,554.3,39.6,9.67,250,-999.00
2026.109.20:31:00/wx/-0.10,554.3,39.6,7.56,269,3.59
2026.109.20:32:00/wx/-0.08,554.3,39.1,11.71,233,3.62
2026.109.20:33:00/wx/-0.03,554.3,38.9,13.18,273,3.61
2026.109.20:34:00/wx/0.04,554.2,38.9,12.21,316,3.59
2026.109.20:35:00/wx/0.10,554.2,38.6,8.21,297,3.58
2026.109.20:36:00/wx/0.15,554.3,39.1,9.74,284,3.48
2026.109.20:37:00/wx/-0.21,554.3,40.4,9.29,294,3.62
2026.109.20:38:00/wx/-0.26,554.3,41.4,8.95,291,3.68
2026.109.20:39:00/wx/-0.70,554.3,42.3,7.30,281,3.69
2026.109.20:40:00/wx/-0.59,554.2,42.5,6.56,286,3.75
2026.109.20:41:00/wx/-0.50,554.2,42.0,6.75,286,3.76
2026.109.20:42:00/wx/-0.60,554.2,42.4,6.42,291,3.77
2026.109.20:43:00/wx/-0.40,554.2,41.9,6.02,282,3.78
2026.109.20:44:00/wx/0.37,554.3,40.1,7.24,276,3.52
2026.109.20:45:00/wx/0.62,554.3,39.5,5.09,281,3.55
2026.109.20:46:00/wx/0.20,554.3,40.4,5.06,270,3.66
2026.109.20:47:00/wx/0.30,554.3,39.8,10.53,280,3.64
2026.109.20:48:00/wx/-0.47,554.3,41.1,8.31,281,3.63
2026.109.20:49:00/wx/-0.51,554.3,42.4,6.51,288,3.61
2026.109.20:50:00/wx/-0.05,554.3,42.0,5.63,275,3.65
2026.109.20:51:00/wx/-0.13,554.3,41.6,7.92,276,3.70
2026.109.20:52:00/wx/0.20,554.3,40.8,8.11,274,3.68
2026.109.20:53:00/wx/-0.20,554.3,41.1,8.63,270,3.66
2026.109.20:54:00/wx/-0.39,554.3,42.2,8.65,274,3.71
2026.109.20:55:00/wx/-0.50,554.3,43.1,7.49,260,3.72
2026.109.20:56:00/wx/-0.40,554.3,42.0,8.13,250,3.73
2026.109.20:57:00/wx/-0.50,554.3,43.1,8.05,264,3.73
2026.109.20:58:00/wx/-0.86,554.3,45.1,6.81,251,3.70
2026.109.20:59:00/wx/-0.80,554.3,44.6,8.25,275,3.66
2026.109.21:00:00/wx/-0.44,554.3,42.6,8.45,294,3.70
2026.109.21:01:00/wx/-0.38,554.3,42.1,7.29,286,3.81
2026.109.21:02:00/wx/-0.80,554.3,44.2,7.65,283,3.93
2026.109.21:03:00/wx/-0.14,554.3,42.6,5.33,271,3.92
2026.109.21:04:00/wx/-0.20,554.3,43.4,4.73,263,3.96
2026.109.21:05:00/wx/0.00,554.2,43.2,9.45,282,3.92
2026.109.21:06:00/wx/-0.15,554.3,43.7,10.52,280,3.96
2026.109.21:07:00/wx/-0.49,554.3,45.5,5.93,268,3.97
2026.109.21:08:00/wx/-0.36,554.3,44.7,6.38,264,3.99
2026.109.21:09:00/wx/-0.80,554.3,45.6,5.73,260,3.99
2026.109.21:10:00/wx/-0.80,554.3,46.8,5.51,260,3.90
2026.109.21:11:00/wx/-0.72,554.3,46.1,10.22,245,3.88
2026.109.21:12:00/wx/-0.91,554.4,45.5,7.77,253,3.81
2026.109.21:13:00/wx/-1.00,554.3,46.7,6.56,254,3.82
2026.109.21:14:00/wx/-0.90,554.3,47.1,5.73,265,3.87
2026.109.21:15:00/wx/-0.46,554.3,45.6,6.47,260,3.89
2026.109.21:16:00/wx/-0.48,554.3,45.8,6.05,269,3.89
2026.109.21:17:00/wx/-0.61,554.4,47.2,5.93,270,4.00
2026.109.21:18:00/wx/-0.76,554.3,47.9,5.48,270,3.94
2026.109.21:19:00/wx/-0.80,554.3,48.9,4.93,280,3.97
2026.109.21:20:00/wx/-0.90,554.3,48.3,3.01,271,4.01
2026.109.21:21:00/wx/-1.00,554.3,47.9,4.93,256,4.06
2026.109.21:22:00/wx/-0.90,554.3,48.1,5.51,257,4.12
2026.109.21:23:00/wx/-1.00,554.3,47.5,7.33,244,4.14
2026.109.21:24:00/wx/-1.00,554.3,48.4,7.42,254,4.15
2026.109.21:25:00/wx/-0.80,554.4,48.9,7.16,276,4.13
2026.109.21:26:00/wx/-0.99,554.3,49.0,5.30,262,4.09
2026.109.21:27:00/wx/-1.12,554.3,50.2,4.84,260,4.18
2026.109.21:28:00/wx/-1.19,554.3,50.6,6.71,245,4.24
2026.109.21:29:00/wx/-1.29,554.3,51.6,6.78,253,4.23
2026.109.21:30:00/wx/-0.79,554.4,50.3,9.24,286,4.12
2026.109.21:31:00/wx/-1.20,554.4,50.8,6.96,280,4.07
2026.109.21:32:00/wx/-1.08,554.4,50.6,5.47,261,4.08
2026.109.21:33:00/wx/-1.20,554.3,50.6,7.06,281,4.09
2026.109.21:34:00/wx/-1.30,554.4,50.1,7.69,254,4.02
2026.109.21:35:00/wx/-1.30,554.4,50.5,5.41,261,4.01
2026.109.21:36:00/wx/-1.40,554.4,51.0,5.86,259,4.04
2026.109.21:37:00/wx/-1.18,554.5,50.8,6.23,278,4.08
2026.109.21:38:00/wx/-1.48,554.5,51.2,9.20,288,4.12
2026.109.21:39:00/wx/-1.50,554.5,51.8,7.51,281,4.09
2026.109.21:40:00/wx/-1.60,554.5,51.6,7.62,282,4.11
2026.109.21:41:00/wx/-1.70,554.4,52.5,6.03,280,4.15
2026.109.21:42:00/wx/-1.46,554.5,52.3,8.28,253,4.19
2026.109.21:43:00/wx/-1.58,554.4,52.3,9.00,252,4.26
2026.109.21:44:00/wx/-1.70,554.4,53.2,9.82,243,4.26
2026.109.21:45:00/wx/-1.75,554.5,53.3,9.69,250,4.22
2026.109.21:46:00/wx/-2.00,554.5,54.3,8.53,249,4.24
2026.109.21:47:00/wx/-2.00,554.5,54.6,7.13,261,4.53
2026.109.21:48:00/wx/-2.00,554.5,54.6,8.28,247,4.68
2026.109.21:49:00/wx/-1.91,554.5,54.4,8.84,247,4.69
2026.109.21:50:00/wx/-2.00,554.5,54.6,10.10,246,4.70
2026.109.21:51:00/wx/-2.10,554.5,55.1,9.32,246,4.65
2026.109.21:52:00/wx/-2.10,554.5,55.4,9.77,250,4.62
2026.109.21:53:00/wx/-2.00,554.5,54.8,9.07,247,4.66
2026.109.21:54:00/wx/-2.10,554.5,55.6,8.19,251,4.71
2026.109.21:55:00/wx/-2.00,554.5,55.3,10.11,240,4.76
2026.109.21:56:00/wx/-2.00,554.5,55.1,8.12,229,4.73
2026.109.21:57:00/wx/-2.00,554.6,55.2,8.34,243,4.62
2026.109.21:58:00/wx/-2.10,554.5,55.5,8.44,241,4.73
2026.109.21:59:00/wx/-2.13,554.6,56.1,10.17,239,4.64
2026.109.22:00:00/wx/-2.30,554.5,56.4,10.43,233,4.63
2026.109.22:01:00/wx/-2.20,554.5,56.4,8.86,229,4.55
2026.109.22:02:00/wx/-2.20,554.5,56.0,9.50,243,4.59
2026.109.22:03:00/wx/-2.20,554.5,56.2,8.72,237,4.57
2026.109.22:04:00/wx/-2.20,554.5,56.5,7.37,241,4.61
2026.109.22:05:00/wx/-2.18,554.5,56.2,8.30,245,4.73
2026.109.22:06:00/wx/-2.20,554.5,56.4,9.32,243,4.68
2026.109.22:07:00/wx/-2.30,554.5,56.5,9.96,238,4.64
2026.109.22:08:00/wx/-2.30,554.5,56.6,8.26,237,4.68
2026.109.22:09:00/wx/-2.40,554.5,57.2,6.90,223,4.65
2026.109.22:10:00/wx/-2.32,554.5,57.1,6.98,232,4.68
2026.109.22:11:00/wx/-2.20,554.5,56.8,6.71,230,4.66
2026.109.22:12:00/wx/-2.20,554.5,56.3,8.46,245,4.73
2026.109.22:13:00/wx/-2.30,554.6,56.8,9.10,251,4.74
2026.109.22:14:00/wx/-2.47,554.6,57.1,7.73,248,4.79
2026.109.22:15:00/wx/-2.29,554.6,57.0,9.25,237,4.72
2026.109.22:16:00/wx/-2.30,554.6,56.9,8.55,242,4.82
2026.109.22:17:00/wx/-2.30,554.6,56.9,9.16,239,4.97
2026.109.22:18:00/wx/-2.30,554.6,56.9,8.36,240,4.88
2026.109.22:19:00/wx/-2.40,554.6,57.1,8.19,240,4.89
2026.109.22:20:00/wx/-2.40,554.6,57.3,7.99,245,4.76
2026.109.22:21:00/wx/-2.50,554.6,57.5,7.39,238,4.71
2026.109.22:22:00/wx/-2.50,554.6,57.8,8.82,246,4.84
2026.109.22:23:00/wx/-2.50,554.6,57.8,8.12,255,4.87
2026.109.22:24:00/wx/-2.57,554.6,58.0,8.56,236,4.78
2026.109.22:25:00/wx/-2.50,554.6,57.9,8.08,240,4.68
2026.109.22:26:00/wx/-2.50,554.6,57.9,9.43,245,4.70
2026.109.22:27:00/wx/-2.54,554.6,58.1,9.23,238,4.68
2026.109.22:28:00/wx/-2.60,554.6,57.9,9.52,242,4.63
2026.109.22:29:00/wx/-2.60,554.6,58.2,6.97,241,4.68
2026.109.22:30:00/wx/-2.70,554.6,58.5,8.52,249,4.78
2026.109.22:31:00/wx/-2.70,554.6,58.8,9.76,246,4.77
2026.109.22:32:00/wx/-2.70,554.6,58.6,8.68,243,4.72
2026.109.22:33:00/wx/-2.80,554.6,58.8,7.92,243,4.75
2026.109.22:34:00/wx/-2.76,554.6,59.0,7.61,251,4.75
2026.109.22:35:00/wx/-2.70,554.6,58.9,7.81,244,4.73
2026.109.22:36:00/wx/-2.70,554.6,58.8,8.42,246,4.66
2026.109.22:37:00/wx/-2.69,554.6,58.8,9.47,242,4.75
2026.109.22:38:00/wx/-2.70,554.6,58.7,10.12,248,4.70
2026.109.22:39:00/wx/-2.80,554.7,59.1,8.58,247,4.76
2026.109.22:40:00/wx/-2.80,554.6,59.0,8.05,243,4.88
2026.109.22:41:00/wx/-2.80,554.7,58.9,9.63,249,4.94
2026.109.22:42:00/wx/-2.80,554.7,59.4,9.11,245,4.81
2026.109.22:43:00/wx/-2.80,554.6,59.0,8.02,244,4.70
2026.109.22:44:00/wx/-2.70,554.7,59.0,8.86,243,4.79
2026.109.22:45:00/wx/-2.80,554.6,59.4,8.84,250,4.82
2026.109.22:46:00/wx/-2.80,554.7,59.8,8.42,245,4.89
2026.109.22:47:00/wx/-2.80,554.7,59.6,7.99,247,4.84
2026.109.22:48:00/wx/-2.80,554.7,59.3,9.09,242,4.75
2026.109.22:49:00/wx/-2.80,554.7,59.0,8.20,245,4.74
2026.109.22:50:00/wx/-2.80,554.7,59.1,8.67,245,4.72
2026.109.22:51:00/wx/-2.80,554.7,58.8,8.45,236,4.82
2026.109.22:52:00/wx/-2.80,554.7,58.6,8.39,243,4.69
2026.109.22:53:00/wx/-2.80,554.7,58.6,7.10,250,4.65
2026.109.22:54:00/wx/-2.90,554.7,59.0,5.61,258,4.69
2026.109.22:55:00/wx/-2.90,554.8,59.4,6.65,252,4.68
2026.109.22:56:00/wx/-2.90,554.7,59.1,6.86,252,4.68
2026.109.22:57:00/wx/-3.00,554.7,59.2,4.30,253,4.62
2026.109.22:58:00/wx/-3.00,554.7,60.1,5.39,262,4.55
2026.109.22:59:00/wx/-3.00,554.7,60.2,4.26,273,4.54
2026.109.23:00:00/wx/-3.10,554.7,61.5,6.50,282,4.49
2026.109.23:01:00/wx/-3.10,554.7,62.1,5.35,280,4.47
2026.109.23:02:00/wx/-3.10,554.7,62.5,5.74,253,4.52
2026.109.23:03:00/wx/-3.10,554.7,61.0,6.19,252,4.46
2026.109.23:04:00/wx/-3.10,554.7,60.5,5.13,252,4.43
2026.109.23:05:00/wx/-3.10,554.7,60.5,6.28,247,4.52
2026.109.23:06:00/wx/-3.10,554.7,61.3,5.66,248,4.54
2026.109.23:07:00/wx/-3.20,554.7,61.9,5.68,244,4.54
2026.109.23:08:00/wx/-3.20,554.7,61.6,5.53,250,4.51
2026.109.23:09:00/wx/-3.20,554.8,61.4,5.08,246,4.52
2026.109.23:10:00/wx/-3.20,554.8,61.2,5.86,255,4.56
2026.109.23:11:00/wx/-3.53,554.8,60.3,6.93,240,4.51
2026.109.23:12:00/wx/-3.72,554.8,60.4,6.16,243,4.47
2026.109.23:13:00/wx/-3.80,554.8,62.2,8.31,236,4.43
2026.109.23:14:00/wx/-3.90,554.8,63.1,5.45,254,4.37
2026.109.23:15:00/wx/-4.00,554.8,64.0,5.73,245,4.36
2026.109.23:16:00/wx/-4.10,554.8,63.8,5.20,242,4.43
2026.109.23:17:00/wx/-4.00,554.8,63.3,5.85,250,4.42
2026.109.23:18:00/wx/-4.00,554.8,62.8,6.40,236,4.37
2026.109.23:19:00/wx/-4.00,554.8,62.9,4.10,250,4.33
2026.109.23:20:00/wx/-4.00,554.9,63.2,3.33,256,4.27
2026.109.23:21:00/wx/-4.00,554.8,63.5,2.88,269,4.30
2026.109.23:22:00/wx/-4.10,554.8,63.1,2.64,259,4.32
2026.109.23:23:00/wx/-4.30,554.9,62.8,4.07,240,4.35
2026.109.23:24:00/wx/-4.47,554.9,62.9,5.44,227,4.38
2026.109.23:25:00/wx/-4.40,554.8,63.8,4.42,228,4.36
2026.109.23:26:00/wx/-4.50,554.8,64.1,3.79,234,4.29
2026.109.23:27:00/wx/-4.50,554.8,64.7,4.24,240,4.26
2026.109.23:28:00/wx/-4.50,554.8,64.7,3.58,236,4.14
2026.109.23:29:00/wx/-4.50,554.8,65.0,3.39,237,4.14
2026.109.23:30:00/wx/-4.60,554.8,65.2,2.52,253,3.99
2026.109.23:31:00/wx/-4.60,554.8,65.5,2.65,260,3.90
2026.109.23:32:00/wx/-4.50,554.8,65.4,2.61,279,3.85
2026.109.23:33:00/wx/-4.50,554.8,65.1,2.83,278,3.93
2026.109.23:34:00/wx/-4.60,554.8,65.1,2.21,265,3.88
2026.109.23:35:00/wx/-4.60,554.8,65.2,2.53,256,3.78
2026.109.23:36:00/wx/-4.61,554.8,65.3,4.50,237,3.73
2026.109.23:37:00/wx/-4.50,554.8,65.0,3.43,246,3.82
2026.109.23:38:00/wx/-4.50,554.8,65.3,3.50,257,3.84
2026.109.23:39:00/wx/-4.60,554.8,65.4,2.59,237,3.74
2026.109.23:40:00/wx/-4.70,554.8,65.6,2.33,253,3.77
2026.109.23:41:00/wx/-4.90,554.7,65.7,2.26,240,3.77
2026.109.23:42:00/wx/-5.00,554.7,66.0,4.25,219,3.75
2026.109.23:43:00/wx/-4.80,554.7,66.1,2.80,235,3.73
2026.109.23:44:00/wx/-4.88,554.7,66.1,2.89,237,3.71
2026.109.23:45:00/wx/-4.90,554.7,66.3,3.32,240,3.74
2026.109.23:46:00/wx/-5.00,554.7,66.2,3.21,234,3.74
2026.109.23:47:00/wx/-5.20,554.8,66.3,4.20,217,3.69
2026.109.23:48:00/wx/-5.20,554.8,66.9,5.00,215,3.67
2026.109.23:49:00/wx/-5.02,554.8,67.2,4.83,214,3.73
2026.109.23:50:00/wx/-4.90,554.8,67.5,3.61,225,3.70
2026.109.23:51:00/wx/-4.90,554.8,67.4,3.42,238,3.71
2026.109.23:52:00/wx/-5.00,554.8,67.7,2.84,236,3.77
2026.109.23:53:00/wx/-5.10,554.8,67.6,2.19,236,3.84
2026.109.23:54:00/wx/-5.20,554.8,67.5,2.34,243,3.85
2026.109.23:55:00/wx/-5.30,554.8,67.6,4.00,230,3.79
2026.109.23:56:00/wx/-5.10,554.8,68.5,3.99,233,3.82
2026.109.23:57:00/wx/-5.00,554.8,68.3,3.35,237,3.81
2026.109.23:58:00/wx/-5.30,554.8,68.8,3.93,244,3.77
2026.109.23:59:00/wx/-5.20,554.8,69.7,3.80,241,3.82
2026.110.00:00:00/wx/-5.20,554.8,69.7,3.64,244,3.76
2026.110.00:01:00/wx/-5.20,554.8,69.5,4.04,250,3.73
2026.110.00:02:00/wx/-5.30,554.8,69.5,3.93,243,3.76
2026.110.00:03:00/wx/-5.40,554.8,69.6,3.11,228,3.73
2026.110.00:04:00/wx/-5.40,554.8,70.1,3.61,231,3.73
2026.110.00:05:00/wx/-5.40,554.8,70.5,3.87,244,3.68
2026.110.00:06:00/wx/-5.40,554.8,70.8,2.65,254,3.75
2026.110.00:07:00/wx/-5.50,554.8,71.2,3.62,242,3.78
2026.110.00:08:00/wx/-5.70,554.8,71.3,3.00,248,3.78
2026.110.00:09:00/wx/-5.80,554.9,71.8,3.34,243,3.76
2026.110.00:10:00/wx/-5.70,554.9,72.2,4.04,243,3.79
2026.110.00:11:00/wx/-5.66,554.9,72.5,4.04,247,3.82
2026.110.00:12:00/wx/-5.70,554.9,73.2,4.82,242,3.80
2026.110.00:13:00/wx/-5.56,554.9,73.5,4.48,245,3.82
2026.110.00:14:00/wx/-5.41,554.9,74.3,3.23,281,3.85
2026.110.00:15:00/wx/-5.51,555.0,74.4,3.52,253,3.85
2026.110.00:16:00/wx/-5.50,555.0,74.1,4.05,252,3.86
2026.110.00:17:00/wx/-5.40,555.0,74.5,1.93,267,3.86
2026.110.00:18:00/wx/-5.60,555.0,74.6,3.23,250,3.92
2026.110.00:19:00/wx/-5.90,555.0,74.0,4.08,228,4.00
2026.110.00:20:00/wx/-5.80,555.0,74.9,5.26,229,3.97
2026.110.00:21:00/wx/-5.70,555.0,75.3,3.29,241,3.93
2026.110.00:22:00/wx/-5.91,555.0,75.1,3.11,231,3.83
2026.110.00:23:00/wx/-5.99,555.0,75.9,3.15,244,3.75
2026.110.00:24:00/wx/-6.10,555.0,76.5,3.29,253,3.75
2026.110.00:25:00/wx/-5.88,555.0,76.9,3.59,246,3.77
2026.110.00:26:00/wx/-6.10,555.0,75.1,3.05,237,3.75
2026.110.00:27:00/wx/-6.20,555.0,75.9,3.64,232,3.79
2026.110.00:28:00/wx/-6.06,555.0,76.6,3.99,229,3.80
2026.110.00:29:00/wx/-5.90,555.0,76.8,2.84,236,3.71
2026.110.00:30:00/wx/-5.90,555.0,76.6,2.68,236,3.75
2026.110.00:31:00/wx/-6.00,555.0,76.8,1.78,237,3.70
2026.110.00:32:00/wx/-6.20,555.0,76.3,2.73,228,3.70
2026.110.00:33:00/wx/-6.20,555.0,77.0,2.68,225,3.71
2026.110.00:34:00/wx/-5.91,555.0,77.5,2.73,224,3.63
2026.110.00:35:00/wx/-5.67,555.0,77.4,2.58,225,3.51
2026.110.00:36:00/wx/-5.60,555.1,76.7,2.68,230,3.50
2026.110.00:37:00/wx/-5.60,555.0,76.4,2.62,239,3.39
2026.110.00:38:00/wx/-5.60,555.0,76.2,2.39,219,3.38
2026.110.00:39:00/wx/-5.60,555.0,76.7,2.83,217,3.39
2026.110.00:40:00/wx/-5.60,555.0,76.7,2.26,211,3.36
2026.110.00:41:00/wx/-5.62,555.0,76.6,2.65,230,3.31
2026.110.00:42:00/wx/-5.70,555.0,76.5,1.97,224,3.31
2026.110.00:43:00/wx/-5.60,555.0,76.6,1.78,237,3.31
2026.110.00:44:00/wx/-5.60,555.0,76.8,2.22,237,3.33
2026.110.00:45:00/wx/-5.67,555.0,76.7,1.69,227,3.43
2026.110.00:46:00/wx/-5.70,555.0,76.8,1.62,237,3.47
2026.110.00:47:00/wx/-5.70,555.0,76.8,1.54,236,3.49
2026.110.00:48:00/wx/-5.70,555.0,76.6,1.88,227,3.32
2026.110.00:49:00/wx/-5.70,555.0,76.4,2.52,213,3.37
2026.110.00:50:00/wx/-5.70,555.0,76.3,2.58,229,3.37
2026.110.00:51:00/wx/-5.90,555.0,76.0,2.14,240,3.36
2026.110.00:52:00/wx/-5.90,555.0,77.1,2.24,242,3.34
2026.110.00:53:00/wx/-5.94,555.0,77.1,1.96,228,3.32
2026.110.00:54:00/wx/-5.90,555.0,77.5,1.82,240,3.33
2026.110.00:55:00/wx/-5.90,555.0,77.2,1.85,223,3.42
2026.110.00:56:00/wx/-5.90,555.0,77.1,1.72,240,3.36
2026.110.00:57:00/wx/-5.90,555.0,77.0,2.53,244,3.40
2026.110.00:58:00/wx/-6.10,555.0,76.4,2.56,242,3.39
2026.110.00:59:00/wx/-6.00,555.0,77.0,2.12,243,3.39
2026.110.01:00:00/wx/-5.90,555.0,77.8,1.74,239,3.32
2026.110.01:01:00/wx/-5.90,555.0,77.8,1.72,235,3.33
2026.110.01:02:00/wx/-5.90,555.0,77.6,1.70,253,3.29
2026.110.01:03:00/wx/-6.00,555.0,77.3,1.74,241,3.39
2026.110.01:04:00/wx/-5.90,555.0,77.3,1.53,247,3.38
2026.110.01:05:00/wx/-5.99,554.9,77.1,1.31,248,3.33
2026.110.01:06:00/wx/-6.38,554.9,76.6,0.81,257,3.36
2026.110.01:07:00/wx/-6.50,554.9,76.6,1.72,245,3.37
2026.110.01:08:00/wx/-6.30,554.9,78.1,1.52,245,3.38
2026.110.01:09:00/wx/-6.10,554.9,78.4,1.45,251,3.42
2026.110.01:10:00/wx/-6.20,554.9,77.6,2.02,242,3.45
2026.110.01:11:00/wx/-6.10,555.0,77.7,2.23,240,3.45
2026.110.01:12:00/wx/-5.98,555.0,77.9,2.22,248,3.43
2026.110.01:13:00/wx/-5.90,555.0,77.5,2.00,250,3.37
2026.110.01:14:00/wx/-6.00,555.0,76.8,2.73,251,3.29
2026.110.01:15:00/wx/-5.96,555.0,76.7,2.59,252,3.30
2026.110.01:16:00/wx/-5.40,555.0,75.1,1.95,261,3.31
2026.110.01:17:00/wx/-5.50,555.1,74.4,1.89,262,3.33
2026.110.01:18:00/wx/-5.42,555.1,74.6,1.56,264,3.34
2026.110.01:19:00/wx/-5.40,555.0,74.1,1.95,269,3.32
2026.110.01:20:00/wx/-5.20,555.1,72.5,2.40,281,3.33
2026.110.01:21:00/wx/-4.91,555.1,70.4,2.64,295,3.33
2026.110.01:22:00/wx/-4.70,555.1,68.3,2.78,303,3.34
2026.110.01:23:00/wx/-4.60,555.1,66.9,2.93,312,3.30
2026.110.01:24:00/wx/-4.50,555.1,66.1,2.73,308,3.33
2026.110.01:25:00/wx/-4.56,555.1,65.0,2.88,305,3.37
2026.110.01:26:00/wx/-4.70,555.1,66.1,2.83,311,3.38
2026.110.01:27:00/wx/-4.70,555.1,66.6,3.41,313,3.36
2026.110.01:28:00/wx/-4.70,555.1,66.0,3.33,325,3.40
2026.110.01:29:00/wx/-4.50,555.1,65.7,3.54,324,3.41
2026.110.01:30:00/wx/-4.40,555.1,64.9,3.72,324,3.43
2026.110.01:31:00/wx/-4.40,555.1,64.7,3.73,325,3.45
2026.110.01:32:00/wx/-4.30,555.1,64.1,4.01,324,3.48
2026.110.01:33:00/wx/-4.51,555.1,62.9,4.35,326,3.54
2026.110.01:34:00/wx/-4.18,555.1,62.3,4.25,324,3.54
2026.110.01:35:00/wx/-4.40,555.1,61.0,4.25,328,3.56
2026.110.01:36:00/wx/-4.90,555.1,62.3,4.03,325,3.60
2026.110.01:37:00/wx/-5.00,555.2,63.2,4.34,326,3.63
2026.110.01:38:00/wx/-4.62,555.1,62.9,4.73,325,3.64
2026.110.01:39:00/wx/-4.20,555.1,61.5,4.57,327,3.67
2026.110.01:40:00/wx/-4.10,555.1,60.6,5.12,327,3.68
2026.110.01:41:00/wx/-4.00,555.1,59.9,4.93,328,3.71
2026.110.01:42:00/wx/-3.83,555.1,58.7,5.05,329,3.70
2026.110.01:43:00/wx/-3.70,555.2,58.0,4.86,326,3.76
2026.110.01:44:00/wx/-3.70,555.1,57.8,4.72,326,3.75
2026.110.01:45:00/wx/-3.90,555.2,57.9,4.83,327,3.75
2026.110.01:46:00/wx/-4.00,555.1,58.0,4.83,329,3.75
2026.110.01:47:00/wx/-4.20,555.1,58.3,4.97,330,3.67
2026.110.01:48:00/wx/-4.30,555.2,58.5,4.83,330,3.61
2026.110.01:49:00/wx/-4.31,555.1,58.7,4.85,331,3.67
2026.110.01:50:00/wx/-4.30,555.1,58.9,4.83,329,3.64
2026.110.01:51:00/wx/-4.10,555.2,59.0,4.83,332,3.60
2026.110.01:52:00/wx/-4.25,555.1,58.9,4.87,334,3.60
2026.110.01:53:00/wx/-4.10,555.1,58.7,4.75,334,3.58
2026.110.01:54:00/wx/-4.00,555.1,58.0,4.83,335,3.59
2026.110.01:55:00/wx/-4.00,555.1,57.8,4.82,335,3.58
2026.110.01:56:00/wx/-3.80,555.1,58.0,4.84,334,3.60
2026.110.01:57:00/wx/-3.80,555.1,57.5,4.83,334,3.59
2026.110.01:58:00/wx/-3.71,555.1,57.3,4.75,331,3.60
2026.110.01:59:00/wx/-3.83,555.1,57.2,4.83,334,3.63
2026.110.02:00:00/wx/-3.73,555.1,57.3,4.72,334,3.69
2026.110.02:01:00/wx/-3.71,555.1,57.3,4.73,330,3.74
2026.110.02:02:00/wx/-3.74,555.1,57.3,4.59,327,3.77
2026.110.02:03:00/wx/-3.99,555.1,57.0,4.73,327,3.77
2026.110.02:04:00/wx/-4.30,555.1,57.8,4.51,328,3.73
2026.110.02:05:00/wx/-4.31,555.1,57.9,5.01,325,3.74
2026.110.02:06:00/wx/-4.10,555.1,58.0,5.02,320,3.74
2026.110.02:07:00/wx/-4.24,555.1,58.0,5.07,324,3.74
2026.110.02:08:00/wx/-4.79,555.2,58.8,5.12,327,3.71
2026.110.02:09:00/wx/-4.72,555.2,59.7,5.11,326,3.72
2026.110.02:10:00/wx/-4.60,555.2,59.6,5.10,325,3.71
2026.110.02:11:00/wx/-4.50,555.2,59.3,5.13,322,3.78
2026.110.02:12:00/wx/-4.64,555.2,59.5,5.29,315,3.73
2026.110.02:13:00/wx/-4.99,555.1,59.3,4.53,319,3.75
2026.110.02:14:00/wx/-5.51,555.2,60.8,4.65,320,3.76
2026.110.02:15:00/wx/-5.97,555.2,61.4,3.72,304,3.83
2026.110.02:16:00/wx/-5.99,555.1,63.2,4.73,322,3.80
2026.110.02:17:00/wx/-6.10,555.2,62.9,4.43,319,3.86
2026.110.02:18:00/wx/-6.00,555.1,63.8,4.72,320,3.80
2026.110.02:19:00/wx/-5.76,555.2,63.7,4.73,318,3.81
2026.110.02:20:00/wx/-6.02,555.1,63.1,5.27,316,3.84
2026.110.02:21:00/wx/-6.11,555.2,63.5,4.85,317,3.85
2026.110.02:22:00/wx/-5.85,555.2,63.9,5.18,313,3.83
2026.110.02:23:00/wx/-6.20,555.2,63.1,4.83,317,3.84
2026.110.02:24:00/wx/-6.44,555.2,64.1,4.66,316,3.82
2026.110.02:25:00/wx/-6.50,555.2,64.9,4.93,316,3.84
2026.110.02:26:00/wx/-6.40,555.2,64.9,4.62,314,3.83
2026.110.02:27:00/wx/-5.98,555.2,65.3,5.14,310,3.82
2026.110.02:28:00/wx/-5.90,555.2,63.4,4.33,312,3.85
2026.110.02:29:00/wx/-6.20,555.1,63.7,5.14,317,3.90
2026.110.02:30:00/wx/-6.10,555.1,64.0,4.95,315,3.90
2026.110.02:31:00/wx/-6.20,555.1,63.8,4.84,314,3.90
2026.110.02:32:00/wx/-6.30,555.1,64.3,4.73,313,3.89
2026.110.02:33:00/wx/-6.50,555.1,64.5,4.63,316,3.93
2026.110.02:34:00/wx/-6.50,555.1,65.0,4.44,315,3.91
2026.110.02:35:00/wx/-6.69,555.1,65.0,4.79,319,3.90
2026.110.02:36:00/wx/-6.50,555.1,65.5,4.65,315,3.90
2026.110.02:37:00/wx/-6.50,555.1,65.0,4.27,316,3.96
2026.110.02:38:00/wx/-6.90,555.1,65.2,4.43,319,3.92
2026.110.02:39:00/wx/-6.86,555.1,66.1,4.65,319,3.92
2026.110.02:40:00/wx/-6.80,555.1,66.4,4.81,317,3.94
2026.110.02:41:00/wx/-6.58,555.1,66.4,4.82,319,3.94
2026.110.02:42:00/wx/-6.80,555.1,65.6,4.24,314,3.98
2026.110.02:43:00/wx/-6.49,555.1,66.5,4.65,319,3.98
2026.110.02:44:00/wx/-6.20,555.1,65.7,4.77,317,3.98
2026.110.02:45:00/wx/-6.28,555.1,65.0,4.51,319,4.00
2026.110.02:46:00/wx/-6.40,555.1,65.5,4.65,319,4.03
2026.110.02:47:00/wx/-6.57,555.1,65.8,4.54,319,4.01
2026.110.02:48:00/wx/-6.70,555.2,66.1,4.54,315,4.03
2026.110.02:49:00/wx/-6.80,555.2,66.3,4.73,317,4.02
2026.110.02:50:00/wx/-6.70,555.2,66.5,4.05,313,4.00
2026.110.02:51:00/wx/-7.00,555.2,66.5,4.57,315,4.01
2026.110.02:52:00/wx/-6.71,555.2,67.5,4.46,315,3.98
2026.110.02:53:00/wx/-6.40,555.2,67.0,4.34,313,3.90
2026.110.02:54:00/wx/-6.30,555.2,66.7,4.38,317,3.91
2026.110.02:55:00/wx/-6.21,555.2,66.6,4.04,316,3.88
2026.110.02:56:00/wx/-6.28,555.1,66.5,4.33,318,3.84
2026.110.02:57:00/wx/-6.02,555.2,66.5,4.40,321,3.84
2026.110.02:58:00/wx/-6.20,555.2,65.7,4.53,328,3.84
2026.110.02:59:00/wx/-6.20,555.2,66.1,4.56,327,3.77
2026.110.03:00:00/wx/-6.10,555.2,66.4,4.93,326,3.79
2026.110.03:01:00/wx/-5.97,555.2,66.3,4.82,321,3.81
2026.110.03:02:00/wx/-5.82,555.2,66.1,4.87,321,3.86
2026.110.03:03:00/wx/-5.80,555.2,66.0,4.83,324,3.84
2026.110.03:04:00/wx/-5.78,555.2,66.1,4.51,322,3.86
2026.110.03:05:00/wx/-6.20,555.3,66.3,4.43,326,3.84
2026.110.03:06:00/wx/-6.47,555.2,67.2,4.50,327,3.89
2026.110.03:07:00/wx/-5.93,555.2,68.0,4.62,322,3.93
2026.110.03:08:00/wx/-5.60,555.2,66.9,4.73,326,3.84
2026.110.03:09:00/wx/-5.65,555.2,66.6,4.59,324,3.89
2026.110.03:10:00/wx/-5.80,555.2,66.6,4.82,324,3.86
2026.110.03:11:00/wx/-5.76,555.3,66.7,4.80,326,3.85
2026.110.03:12:00/wx/-5.71,555.3,66.3,4.73,324,3.81
2026.110.03:13:00/wx/-5.60,555.3,66.2,4.81,322,3.83
2026.110.03:14:00/wx/-5.40,555.3,66.3,4.62,319,3.75
2026.110.03:15:00/wx/-5.90,555.2,65.3,4.73,321,3.74
2026.110.03:16:00/wx/-6.21,555.3,66.4,4.37,319,3.71
2026.110.03:17:00/wx/-6.20,555.3,67.7,4.89,318,3.66
2026.110.03:18:00/wx/-6.29,555.3,67.6,4.62,319,3.62
2026.110.03:19:00/wx/-6.00,555.3,68.0,4.60,320,3.66
2026.110.03:20:00/wx/-6.20,555.2,67.6,4.43,324,3.69
2026.110.03:21:00/wx/-6.23,555.2,68.5,4.53,322,3.66
2026.110.03:22:00/wx/-6.20,555.2,68.8,4.63,323,3.64
2026.110.03:23:00/wx/-6.10,555.2,68.9,4.54,325,3.65
2026.110.03:24:00/wx/-6.10,555.2,68.8,4.80,323,3.65
2026.110.03:25:00/wx/-6.10,555.2,68.9,4.63,328,3.62
2026.110.03:26:00/wx/-6.20,555.2,69.0,4.78,329,3.57
2026.110.03:27:00/wx/-6.29,555.2,69.0,4.71,330,3.64
2026.110.03:28:00/wx/-6.10,555.2,69.2,4.68,335,3.54
2026.110.03:29:00/wx/-6.04,555.2,69.1,4.74,332,3.55
2026.110.03:30:00/wx/-5.69,555.2,69.1,4.73,333,3.51
2026.110.03:31:00/wx/-5.60,555.2,68.6,4.99,333,3.45
2026.110.03:32:00/wx/-5.60,555.2,68.0,4.94,333,3.46
2026.110.03:33:00/wx/-5.50,555.2,67.8,4.98,331,3.44
2026.110.03:34:00/wx/-5.40,555.2,67.4,5.15,330,3.32
2026.110.03:35:00/wx/-5.40,555.2,67.1,4.97,337,3.36
2026.110.03:36:00/wx/-5.25,555.2,67.1,4.70,331,3.39
2026.110.03:37:00/wx/-5.50,555.2,67.3,5.14,334,3.39
2026.110.03:38:00/wx/-5.40,555.2,67.1,5.01,330,3.37
2026.110.03:39:00/wx/-5.32,555.2,67.4,5.34,328,3.37
2026.110.03:40:00/wx/-5.30,555.2,66.6,5.33,329,3.33
2026.110.03:41:00/wx/-5.10,555.2,66.7,4.88,328,3.31
2026.110.03:42:00/wx/-5.20,555.3,66.3,4.84,328,3.33
2026.110.03:43:00/wx/-5.38,555.3,66.5,5.26,327,3.32
2026.110.03:44:00/wx/-5.40,555.3,66.6,4.90,329,3.37
2026.110.03:45:00/wx/-5.50,555.3,66.7,4.82,331,3.34
2026.110.03:46:00/wx/-5.50,555.3,66.9,5.03,328,3.30
2026.110.03:47:00/wx/-5.30,555.3,67.1,4.94,328,3.31
2026.110.03:48:00/wx/-5.43,555.3,66.5,5.02,330,3.43
2026.110.03:49:00/wx/-5.40,555.3,66.7,5.48,332,3.36
2026.110.03:50:00/wx/-5.50,555.3,66.9,5.32,334,3.35
2026.110.03:51:00/wx/-5.30,555.3,66.9,5.13,335,3.32
2026.110.03:52:00/wx/-5.20,555.3,66.6,4.74,333,3.27
2026.110.03:53:00/wx/-5.20,555.3,66.4,4.60,331,3.29
2026.110.03:54:00/wx/-5.40,555.3,66.2,4.98,330,3.28
2026.110.03:55:00/wx/-5.49,555.3,66.6,4.92,326,3.28
2026.110.03:56:00/wx/-5.60,555.3,66.6,4.85,338,3.25
2026.110.03:57:00/wx/-5.60,555.3,67.0,4.93,332,3.25
2026.110.03:58:00/wx/-5.40,555.2,67.1,4.92,334,3.21
2026.110.03:59:00/wx/-5.21,555.3,66.6,5.03,337,3.17
2026.110.04:00:00/wx/-5.20,555.3,65.9,5.22,333,3.15
2026.110.04:01:00/wx/-5.20,555.2,65.7,4.92,339,3.09
2026.110.04:02:00/wx/-5.20,555.3,65.8,4.83,327,3.06
2026.110.04:03:00/wx/-5.00,555.2,65.8,4.63,336,3.05
2026.110.04:04:00/wx/-5.00,555.2,65.4,4.84,331,3.06
2026.110.04:05:00/wx/-5.00,555.2,65.5,5.01,333,3.05
2026.110.04:06:00/wx/-5.18,555.2,65.5,5.09,332,3.03
2026.110.04:07:00/wx/-4.90,555.2,65.5,5.13,336,3.07
2026.110.04:08:00/wx/-5.00,555.2,65.0,4.97,335,3.16
2026.110.04:09:00/wx/-4.90,555.2,65.3,4.71,336,3.12
2026.110.04:10:00/wx/-5.00,555.2,64.9,4.86,337,3.15
2026.110.04:11:00/wx/-4.80,555.2,65.4,4.76,335,3.05
2026.110.04:12:00/wx/-4.80,555.2,65.0,4.93,339,3.00
2026.110.04:13:00/wx/-4.80,555.2,65.1,4.53,336,3.20
2026.110.04:14:00/wx/-5.08,555.2,65.0,4.71,334,2.98
2026.110.04:15:00/wx/-4.93,555.2,65.6,4.58,340,2.98
2026.110.04:16:00/wx/-4.93,555.2,65.9,4.98,343,2.92
2026.110.04:17:00/wx/-4.90,555.1,65.7,4.50,342,2.88
2026.110.04:18:00/wx/-5.00,555.2,65.8,5.11,340,2.88
2026.110.04:19:00/wx/-5.01,555.2,66.1,5.36,341,2.91
2026.110.04:20:00/wx/-4.67,555.2,65.5,5.03,342,2.94
2026.110.04:21:00/wx/-4.53,555.2,65.2,5.34,342,2.90
2026.110.04:22:00/wx/-4.50,555.2,64.6,5.25,334,2.92
2026.110.04:23:00/wx/-4.60,555.2,64.5,5.33,337,2.94
2026.110.04:24:00/wx/-4.40,555.2,64.5,5.24,339,2.89
2026.110.04:25:00/wx/-4.64,555.2,63.9,5.26,337,2.93
2026.110.04:26:00/wx/-4.98,555.2,64.7,5.16,336,2.91
2026.110.04:27:00/wx/-5.31,555.2,65.1,5.19,335,2.97
2026.110.04:28:00/wx/-4.94,555.2,66.2,5.19,338,2.97
2026.110.04:29:00/wx/-4.90,555.1,65.4,5.23,337,2.93
2026.110.04:30:00/wx/-4.70,555.1,65.2,5.07,338,2.92
2026.110.04:31:00/wx/-4.60,555.2,64.6,5.05,340,2.91
2026.110.04:32:00/wx/-4.80,555.2,64.5,4.96,337,2.91
2026.110.04:33:00/wx/-4.80,555.2,64.4,5.19,338,2.93
2026.110.04:34:00/wx/-4.90,555.2,64.3,5.13,338,2.92
2026.110.04:35:00/wx/-4.80,555.2,64.6,5.12,338,2.90
2026.110.04:36:00/wx/-4.51,555.2,64.0,5.32,338,2.99
2026.110.04:37:00/wx/-4.41,555.2,63.5,5.09,340,2.96
2026.110.04:38:00/wx/-4.50,555.2,63.1,4.92,335,2.95
2026.110.04:39:00/wx/-4.40,555.2,63.1,5.03,339,2.97
2026.110.04:40:00/wx/-4.70,555.2,63.0,4.35,336,2.97
2026.110.04:41:00/wx/-4.60,555.2,63.4,4.72,334,3.02
2026.110.04:42:00/wx/-4.58,555.2,62.8,4.96,333,3.04
2026.110.04:43:00/wx/-4.77,555.2,62.9,4.71,336,2.98
2026.110.04:44:00/wx/-4.60,555.2,63.5,4.53,335,3.03
2026.110.04:45:00/wx/-4.64,555.2,62.8,4.29,333,3.02
2026.110.04:46:00/wx/-4.70,555.2,63.6,4.34,332,3.02
2026.110.04:47:00/wx/-4.50,555.2,63.1,4.32,333,3.02
2026.110.04:48:00/wx/-4.50,555.2,62.7,4.40,330,3.04
2026.110.04:49:00/wx/-4.40,555.2,62.6,4.66,332,3.04
2026.110.04:50:00/wx/-4.60,555.2,62.4,4.43,330,3.08
2026.110.04:51:00/wx/-4.60,555.3,62.9,4.34,330,3.10
2026.110.04:52:00/wx/-4.50,555.2,62.8,4.44,328,3.06
2026.110.04:53:00/wx/-4.43,555.2,62.7,4.84,336,3.06
2026.110.04:54:00/wx/-4.31,555.3,62.8,4.93,333,3.03
2026.110.04:55:00/wx/-4.50,555.3,62.2,4.69,334,3.08
2026.110.04:56:00/wx/-4.60,555.3,62.8,4.53,336,3.04
2026.110.04:57:00/wx/-4.60,555.3,63.3,4.58,331,2.99
2026.110.04:58:00/wx/-4.51,555.3,63.2,4.49,333,2.97
2026.110.04:59:00/wx/-4.81,555.3,62.8,3.93,326,3.01
2026.110.05:00:00/wx/-5.00,555.3,63.5,4.68,334,3.01
2026.110.05:01:00/wx/-4.90,555.3,63.4,4.73,332,3.01
2026.110.05:02:00/wx/-4.88,555.3,63.3,4.72,332,2.98
2026.110.05:03:00/wx/-4.80,555.3,63.6,4.68,333,3.01
2026.110.05:04:00/wx/-4.90,555.3,63.3,5.05,332,3.05
2026.110.05:05:00/wx/-4.90,555.3,64.3,4.63,335,3.03
2026.110.05:06:00/wx/-4.81,555.3,63.8,4.54,331,3.02
2026.110.05:07:00/wx/-4.97,555.2,64.2,5.18,335,3.03
2026.110.05:08:00/wx/-4.80,555.2,64.4,4.90,339,3.02
2026.110.05:09:00/wx/-4.90,555.2,64.3,5.23,336,2.98
2026.110.05:10:00/wx/-5.10,555.2,64.4,4.74,335,2.93
2026.110.05:11:00/wx/-4.90,555.2,65.3,5.13,333,2.89
2026.110.05:12:00/wx/-4.77,555.2,64.3,5.05,338,2.90
2026.110.05:13:00/wx/-5.07,555.2,64.1,4.83,336,2.91
2026.110.05:14:00/wx/-5.50,555.2,65.1,5.17,335,2.90
2026.110.05:15:00/wx/-5.15,555.2,66.4,5.33,337,2.89
2026.110.05:16:00/wx/-4.90,555.2,65.3,4.93,340,2.87
2026.110.05:17:00/wx/-4.96,555.2,65.3,5.37,341,2.86
2026.110.05:18:00/wx/-4.88,555.2,65.1,4.77,337,2.80
2026.110.05:19:00/wx/-4.89,555.2,65.4,5.05,338,2.83
2026.110.05:20:00/wx/-5.10,555.2,64.8,4.88,330,2.84
2026.110.05:21:00/wx/-5.10,555.2,65.6,4.73,335,2.99
2026.110.05:22:00/wx/-5.00,555.2,65.4,4.82,334,2.98
2026.110.05:23:00/wx/-5.00,555.2,65.4,4.45,331,2.97
2026.110.05:24:00/wx/-5.30,555.2,64.7,4.81,325,3.00
2026.110.05:25:00/wx/-4.93,555.2,65.9,4.93,330,3.01
2026.110.05:26:00/wx/-4.80,555.2,65.2,5.13,329,2.94
2026.110.05:27:00/wx/-5.20,555.2,64.4,5.09,328,2.98
2026.110.05:28:00/wx/-4.92,555.2,65.0,5.20,329,2.90
2026.110.05:29:00/wx/-5.01,555.2,64.0,5.20,334,2.94
2026.110.05:30:00/wx/-4.89,555.2,64.3,4.71,331,2.95
2026.110.05:31:00/wx/-5.10,555.2,64.2,4.73,329,2.92
2026.110.05:32:00/wx/-4.95,555.2,64.5,4.78,329,2.90
2026.110.05:33:00/wx/-5.00,555.2,63.6,4.75,333,2.90
2026.110.05:34:00/wx/-5.30,555.2,63.4,4.51,330,2.94
2026.110.05:35:00/wx/-5.30,555.2,63.4,4.53,332,2.87
2026.110.05:36:00/wx/-5.40,555.2,63.4,4.27,327,2.85
2026.110.05:37:00/wx/-5.25,555.2,63.9,4.53,328,2.91
2026.110.05:38:00/wx/-5.00,555.2,62.9,4.62,331,2.88
2026.110.05:39:00/wx/-5.02,555.2,62.1,4.50,325,2.85
2026.110.05:40:00/wx/-4.90,555.2,62.8,3.90,329,2.79
2026.110.05:41:00/wx/-5.00,555.2,62.3,4.24,325,2.75
2026.110.05:42:00/wx/-5.00,555.2,62.4,4.12,331,2.71
2026.110.05:43:00/wx/-4.80,555.1,62.0,3.84,331,2.72
2026.110.05:44:00/wx/-4.70,555.1,61.7,4.31,330,2.66
2026.110.05:45:00/wx/-4.97,555.1,60.5,4.48,331,2.62
2026.110.05:46:00/wx/-5.00,555.1,61.4,4.52,334,2.61
2026.110.05:47:00/wx/-4.90,555.1,61.4,4.03,329,2.63
2026.110.05:48:00/wx/-4.90,555.1,60.8,4.62,333,2.66
2026.110.05:49:00/wx/-4.90,555.2,61.1,4.49,329,2.58
2026.110.05:50:00/wx/-4.79,555.2,61.1,4.74,330,2.60
2026.110.05:51:00/wx/-4.80,555.2,61.1,4.45,327,2.58
2026.110.05:52:00/wx/-4.80,555.2,60.9,4.41,327,2.60
2026.110.05:53:00/wx/-4.80,555.1,61.1,4.62,322,2.67
2026.110.05:54:00/wx/-4.80,555.2,60.5,4.29,318,2.61
2026.110.05:55:00/wx/-6.22,555.2,58.7,3.16,288,2.65
2026.110.05:56:00/wx/-6.79,555.2,62.8,3.39,315,2.61
2026.110.05:57:00/wx/-6.91,555.2,64.0,3.95,308,2.64
2026.110.05:58:00/wx/-6.70,555.2,64.6,3.92,316,2.65
2026.110.05:59:00/wx/-6.63,555.2,63.5,3.35,311,2.62
2026.110.06:00:00/wx/-6.87,555.2,63.6,2.84,315,2.61
2026.110.06:01:00/wx/-7.42,555.2,64.2,2.45,322,2.60
2026.110.06:02:00/wx/-7.69,555.2,65.0,4.23,328,2.59
2026.110.06:03:00/wx/-6.80,555.2,66.2,4.23,330,2.61
2026.110.06:04:00/wx/-5.83,555.2,64.6,4.42,329,2.58
2026.110.06:05:00/wx/-5.78,555.2,62.3,4.34,320,2.59
2026.110.06:06:00/wx/-5.50,555.2,62.6,4.43,328,2.58
2026.110.06:07:00/wx/-5.20,555.2,61.7,4.43,327,2.61
2026.110.06:08:00/wx/-5.00,555.2,60.3,4.33,330,2.68
2026.110.06:09:00/wx/-5.20,555.2,60.0,4.37,330,2.69
2026.110.06:10:00/wx/-5.58,555.2,60.1,4.44,331,2.72
2026.110.06:11:00/wx/-5.50,555.1,60.5,4.50,329,2.70
2026.110.06:12:00/wx/-5.27,555.1,60.7,4.49,332,2.68
2026.110.06:13:00/wx/-5.30,555.1,60.5,4.83,329,2.74
2026.110.06:14:00/wx/-5.20,555.1,60.3,4.08,332,2.75
2026.110.06:15:00/wx/-5.37,555.1,59.7,4.55,335,2.76
2026.110.06:16:00/wx/-5.68,555.1,60.3,4.09,317,2.74
2026.110.06:17:00/wx/-5.32,555.1,60.5,4.09,325,2.73
2026.110.06:18:00/wx/-5.30,555.1,59.5,4.53,331,2.71
2026.110.06:19:00/wx/-5.00,555.1,58.6,4.78,336,2.72
2026.110.06:20:00/wx/-5.21,555.1,57.9,4.90,331,2.72
2026.110.06:21:00/wx/-5.00,555.1,57.3,4.50,332,2.68
2026.110.06:22:00/wx/-5.34,555.1,57.1,4.56,333,2.65
2026.110.06:23:00/wx/-5.11,555.1,56.4,4.74,335,2.68
2026.110.06:24:00/wx/-5.32,555.1,56.2,5.08,340,2.65
2026.110.06:25:00/wx/-5.00,555.1,56.1,5.07,336,2.63
2026.110.06:26:00/wx/-4.80,555.1,55.5,4.96,331,2.65
2026.110.06:27:00/wx/-4.90,555.0,54.8,5.23,337,2.59
2026.110.06:28:00/wx/-4.89,555.1,54.5,5.13,335,2.52
2026.110.06:29:00/wx/-4.95,555.0,54.5,4.88,337,2.62
2026.110.06:30:00/wx/-4.89,555.0,54.2,4.92,336,2.57
2026.110.06:31:00/wx/-5.21,555.0,54.3,5.07,336,2.51
2026.110.06:32:00/wx/-4.92,555.1,54.5,4.59,335,2.54
2026.110.06:33:00/wx/-4.90,555.1,53.9,4.84,332,2.53
2026.110.06:34:00/wx/-4.90,555.1,53.4,4.91,338,2.57
2026.110.06:35:00/wx/-5.09,555.0,52.7,4.74,333,2.60
2026.110.06:36:00/wx/-4.87,555.1,51.5,4.34,333,2.60
2026.110.06:37:00/wx/-4.60,555.0,49.0,4.53,328,2.57
2026.110.06:38:00/wx/-4.60,555.0,48.3,4.54,333,2.52
2026.110.06:39:00/wx/-4.54,555.0,46.8,4.55,331,2.54
2026.110.06:40:00/wx/-4.50,555.0,47.6,4.83,329,2.61
2026.110.06:41:00/wx/-4.40,555.1,47.5,4.78,331,2.58
2026.110.06:42:00/wx/-4.20,555.0,44.5,4.82,330,2.55
2026.110.06:43:00/wx/-4.40,555.0,44.4,4.46,334,2.56
2026.110.06:44:00/wx/-4.44,555.0,45.0,4.00,329,2.58
2026.110.06:45:00/wx/-4.49,555.0,42.4,4.12,332,2.59
2026.110.06:46:00/wx/-4.37,555.0,41.8,4.14,327,2.57
2026.110.06:47:00/wx/-4.30,555.0,40.2,4.70,329,2.57
2026.110.06:48:00/wx/-4.22,555.0,38.7,4.30,326,2.58
2026.110.06:49:00/wx/-4.66,555.0,40.1,4.39,321,2.57
2026.110.06:50:00/wx/-4.70,555.0,40.9,4.43,320,2.60
2026.110.06:51:00/wx/-4.95,555.0,38.7,5.00,326,2.62
2026.110.06:52:00/wx/-4.60,555.0,35.8,3.41,319,2.65
2026.110.06:53:00/wx/-4.80,555.0,36.4,4.12,317,2.66
2026.110.06:54:00/wx/-4.80,555.0,36.5,4.39,317,2.68
2026.110.06:55:00/wx/-4.60,555.0,35.0,4.23,325,2.68
2026.110.06:56:00/wx/-4.50,555.0,34.8,4.07,326,2.68
2026.110.06:57:00/wx/-4.40,554.9,33.4,3.98,329,2.70
2026.110.06:58:00/wx/-4.70,554.9,34.3,3.94,327,2.71
2026.110.06:59:00/wx/-4.60,554.9,33.1,3.90,328,2.73
2026.110.07:00:00/wx/-4.70,554.9,32.8,3.93,321,2.73
2026.110.07:01:00/wx/-4.70,554.9,32.1,3.93,333,2.74
2026.110.07:02:00/wx/-4.79,554.9,31.3,4.11,332,2.70
2026.110.07:03:00/wx/-4.68,554.9,30.8,4.17,323,2.70
2026.110.07:04:00/wx/-4.50,554.9,30.0,3.98,335,2.72
2026.110.07:05:00/wx/-4.60,554.9,30.0,3.83,328,2.76
2026.110.07:06:00/wx/-4.50,554.9,29.4,4.42,329,2.75
2026.110.07:07:00/wx/-4.40,554.9,28.9,4.42,334,2.74
2026.110.07:08:00/wx/-4.38,554.9,28.4,4.00,334,2.78
2026.110.07:09:00/wx/-4.43,554.9,28.3,4.10,329,2.73
2026.110.07:10:00/wx/-4.40,554.9,28.0,4.52,332,2.70
2026.110.07:11:00/wx/-4.30,554.9,27.5,4.00,334,2.69
2026.110.07:12:00/wx/-4.20,554.9,27.0,4.12,334,2.68
2026.110.07:13:00/wx/-4.30,554.9,27.3,4.42,333,2.67
2026.110.07:14:00/wx/-4.30,554.9,27.2,4.62,332,2.69
2026.110.07:15:00/wx/-4.30,554.9,27.0,4.24,328,2.69
2026.110.07:16:00/wx/-4.30,554.9,27.4,4.00,333,2.71
2026.110.07:17:00/wx/-4.30,554.9,27.5,4.54,330,2.69
2026.110.07:18:00/wx/-4.30,554.9,27.4,4.48,330,2.69
2026.110.07:19:00/wx/-4.20,554.9,27.4,4.11,328,2.69
2026.110.07:20:00/wx/-4.40,554.9,27.8,4.12,331,2.69
2026.110.07:21:00/wx/-4.71,554.9,29.0,4.05,318,2.70
2026.110.07:22:00/wx/-5.19,554.9,30.5,3.86,324,2.63
2026.110.07:23:00/wx/-5.17,554.9,30.6,4.39,325,2.66
2026.110.07:24:00/wx/-4.80,554.9,29.3,4.38,331,2.69
2026.110.07:25:00/wx/-4.60,554.9,28.9,4.23,329,2.70
2026.110.07:26:00/wx/-4.44,554.9,28.0,4.59,331,2.73
2026.110.07:27:00/wx/-4.40,554.8,27.2,4.22,331,2.73
2026.110.07:28:00/wx/-4.30,554.9,26.8,3.76,327,2.75
2026.110.07:29:00/wx/-4.38,554.8,26.9,4.20,329,2.77
2026.110.07:30:00/wx/-4.40,554.8,27.1,4.18,323,2.79
2026.110.07:31:00/wx/-4.40,554.8,26.8,3.96,327,2.81
2026.110.07:32:00/wx/-4.60,554.8,27.3,4.23,326,2.85
2026.110.07:33:00/wx/-4.77,554.8,27.8,4.23,329,2.87
2026.110.07:34:00/wx/-5.59,554.8,30.2,4.15,327,2.91
2026.110.07:35:00/wx/-5.20,554.8,29.9,4.12,327,2.92
2026.110.07:36:00/wx/-5.61,554.8,30.6,3.67,320,2.94
2026.110.07:37:00/wx/-5.90,554.8,31.8,3.43,311,2.89
2026.110.07:38:00/wx/-5.86,554.8,31.7,3.65,322,2.86
2026.110.07:39:00/wx/-5.21,554.8,29.8,3.66,328,2.80
2026.110.07:40:00/wx/-5.32,554.8,29.8,3.91,322,2.77
2026.110.07:41:00/wx/-5.40,554.8,30.3,4.00,320,2.81
2026.110.07:42:00/wx/-5.60,554.8,30.6,3.83,312,2.90
2026.110.07:43:00/wx/-5.77,554.8,31.0,4.19,318,2.84
2026.110.07:44:00/wx/-5.32,554.8,30.0,4.68,315,2.78
2026.110.07:45:00/wx/-5.20,554.8,29.5,4.23,324,2.81
2026.110.07:46:00/wx/-5.10,554.7,29.4,4.40,317,2.77
2026.110.07:47:00/wx/-5.10,554.7,29.3,4.23,325,2.69
2026.110.07:48:00/wx/-5.37,554.7,29.6,4.40,322,2.70
2026.110.07:49:00/wx/-5.98,554.7,31.3,4.37,315,2.84
2026.110.07:50:00/wx/-5.60,554.7,31.3,4.65,327,2.79
2026.110.07:51:00/wx/-5.44,554.7,30.8,4.31,330,2.77
2026.110.07:52:00/wx/-5.10,554.7,29.6,4.83,330,2.76
2026.110.07:53:00/wx/-4.90,554.6,28.9,5.06,330,2.70
2026.110.07:54:00/wx/-4.81,554.6,28.8,4.50,328,2.86
2026.110.07:55:00/wx/-4.70,554.6,28.3,4.76,336,2.91
2026.110.07:56:00/wx/-4.82,554.6,28.7,5.26,332,2.94
2026.110.07:57:00/wx/-4.50,554.6,28.2,4.94,330,2.93
2026.110.07:58:00/wx/-4.40,554.6,27.6,4.80,326,2.88
2026.110.07:59:00/wx/-4.69,554.6,28.2,4.67,321,2.82
2026.110.08:00:00/wx/-5.20,554.7,30.0,5.09,321,2.84
2026.110.08:01:00/wx/-4.86,554.6,29.4,4.54,322,2.86
2026.110.08:02:00/wx/-4.50,554.6,28.2,4.43,334,2.86
2026.110.08:03:00/wx/-4.82,554.6,28.7,5.05,321,2.89
2026.110.08:04:00/wx/-4.50,554.6,28.3,4.16,331,2.84
2026.110.08:05:00/wx/-4.60,554.6,28.4,4.56,327,2.82
2026.110.08:06:00/wx/-4.50,554.6,28.1,4.63,332,2.76
2026.110.08:07:00/wx/-4.60,554.6,28.3,4.54,330,2.75
2026.110.08:08:00/wx/-4.40,554.6,27.9,4.95,326,2.77
2026.110.08:09:00/wx/-4.40,554.6,27.7,5.03,323,2.83
2026.110.08:10:00/wx/-4.61,554.6,28.0,4.98,329,2.80
2026.110.08:11:00/wx/-4.70,554.6,28.4,5.21,328,2.85
2026.110.08:12:00/wx/-4.60,554.6,28.5,5.14,327,2.93
2026.110.08:13:00/wx/-4.50,554.6,28.0,4.87,325,2.87
2026.110.08:14:00/wx/-4.69,554.6,28.5,5.05,318,2.80
2026.110.08:15:00/wx/-4.60,554.6,28.3,4.93,326,2.80
2026.110.08:16:00/wx/-4.50,554.6,28.0,4.38,327,2.83
2026.110.08:17:00/wx/-4.41,554.6,27.8,4.09,332,2.87
2026.110.08:18:00/wx/-4.85,554.6,28.9,4.65,326,2.89
2026.110.08:19:00/wx/-4.60,554.6,28.5,4.53,325,2.89
2026.110.08:20:00/wx/-4.73,554.6,28.5,5.54,309,2.89
2026.110.08:21:00/wx/-4.80,554.6,28.6,4.61,324,2.92
2026.110.08:22:00/wx/-4.79,554.6,28.5,4.21,321,2.95
2026.110.08:23:00/wx/-5.20,554.6,29.7,4.15,324,2.98
2026.110.08:24:00/wx/-5.10,554.6,29.7,4.73,328,2.97
2026.110.08:25:00/wx/-4.86,554.6,28.8,4.55,326,2.99
2026.110.08:26:00/wx/-4.80,554.6,28.3,4.55,319,2.97
2026.110.08:27:00/wx/-4.84,554.6,28.4,4.27,328,3.00
2026.110.08:28:00/wx/-6.51,554.6,32.6,3.27,303,2.93
2026.110.08:29:00/wx/-7.10,554.6,36.0,3.73,322,2.93
2026.110.08:30:00/wx/-7.19,554.6,36.8,4.73,329,2.92
2026.110.08:31:00/wx/-5.54,554.6,32.2,4.80,330,2.93
2026.110.08:32:00/wx/-5.00,554.6,29.6,4.71,328,2.93
2026.110.08:33:00/wx/-4.94,554.5,29.5,4.65,328,2.92
2026.110.08:34:00/wx/-4.80,554.5,29.0,4.83,328,2.87
2026.110.08:35:00/wx/-4.65,554.5,28.1,4.46,330,2.88
2026.110.08:36:00/wx/-4.60,554.5,27.6,5.08,329,2.91
2026.110.08:37:00/wx/-4.50,554.5,27.1,4.73,333,2.94
2026.110.08:38:00/wx/-4.66,554.5,27.5,4.57,332,2.97
2026.110.08:39:00/wx/-5.10,554.6,28.6,4.63,319,3.01
2026.110.08:40:00/wx/-5.30,554.5,29.2,4.98,325,2.98
2026.110.08:41:00/wx/-5.12,554.5,28.8,5.47,327,2.94
2026.110.08:42:00/wx/-4.73,554.5,27.6,4.71,333,2.90
2026.110.08:43:00/wx/-4.63,554.5,27.4,4.89,334,2.96
2026.110.08:44:00/wx/-4.79,554.5,27.5,4.64,321,2.88
2026.110.08:45:00/wx/-4.60,554.5,27.0,4.49,328,2.86
2026.110.08:46:00/wx/-4.60,554.5,26.7,4.74,333,2.87
2026.110.08:47:00/wx/-4.95,554.5,27.5,4.45,330,2.89
2026.110.08:48:00/wx/-5.00,554.5,28.0,4.67,323,2.83
2026.110.08:49:00/wx/-5.00,554.5,27.7,5.59,327,2.88
2026.110.08:50:00/wx/-4.74,554.5,27.0,4.72,324,2.92
2026.110.08:51:00/wx/-4.78,554.5,26.8,2.75,310,2.91
2026.110.08:52:00/wx/-6.23,554.5,30.5,4.19,314,2.93
2026.110.08:53:00/wx/-6.40,554.5,31.8,3.65,318,2.91
2026.110.08:54:00/wx/-6.19,554.5,31.3,4.66,319,2.91
2026.110.08:55:00/wx/-6.58,554.5,31.5,4.66,319,2.92
2026.110.08:56:00/wx/-6.70,554.5,32.4,4.40,314,2.96
2026.110.08:57:00/wx/-6.47,554.5,31.9,4.39,313,2.96
2026.110.08:58:00/wx/-5.93,554.5,30.6,4.39,315,2.94
2026.110.08:59:00/wx/-5.49,554.5,29.3,4.22,318,2.91
2026.110.09:00:00/wx/-5.20,554.5,28.3,4.18,319,2.94
2026.110.09:01:00/wx/-5.10,554.5,27.9,4.43,322,2.92
2026.110.09:02:00/wx/-5.00,554.6,27.5,4.49,320,2.90
2026.110.09:03:00/wx/-4.80,554.6,26.8,4.43,321,2.89
2026.110.09:04:00/wx/-4.80,554.6,26.7,4.16,322,2.89
2026.110.09:05:00/wx/-4.80,554.6,26.5,4.45,321,2.88
2026.110.09:06:00/wx/-4.70,554.6,26.3,4.23,326,2.90
2026.110.09:07:00/wx/-4.70,554.5,26.2,4.54,327,2.88
2026.110.09:08:00/wx/-4.70,554.5,26.2,4.68,329,2.89
2026.110.09:09:00/wx/-4.70,554.5,26.3,4.41,329,2.90
2026.110.09:10:00/wx/-4.80,554.5,26.7,4.87,317,2.91
2026.110.09:11:00/wx/-4.70,554.5,26.4,5.03,326,2.92
2026.110.09:12:00/wx/-4.70,554.5,26.4,4.55,321,2.90
2026.110.09:13:00/wx/-4.92,554.5,26.8,4.39,331,2.91
2026.110.09:14:00/wx/-4.70,554.5,26.3,4.17,327,2.91
2026.110.09:15:00/wx/-4.70,554.6,26.4,4.39,324,2.89
2026.110.09:16:00/wx/-4.80,554.5,26.6,4.33,325,2.88
2026.110.09:17:00/wx/-4.94,554.6,26.9,4.69,328,2.85
2026.110.09:18:00/wx/-4.90,554.6,26.9,4.00,329,2.86
2026.110.09:19:00/wx/-4.81,554.5,26.7,4.27,328,2.87
2026.110.09:20:00/wx/-4.74,554.5,26.7,4.45,332,2.85
2026.110.09:21:00/wx/-4.70,554.5,26.6,4.43,324,2.85
2026.110.09:22:00/wx/-4.70,554.5,26.5,4.27,327,2.89
2026.110.09:23:00/wx/-4.71,554.5,26.6,4.52,331,2.91
2026.110.09:24:00/wx/-4.62,554.5,26.3,4.34,330,2.87
2026.110.09:25:00/wx/-4.64,554.5,26.2,4.64,330,2.89
2026.110.09:26:00/wx/-4.40,554.5,25.7,3.95,328,2.87
2026.110.09:27:00/wx/-4.40,554.5,25.5,4.49,327,2.92
2026.110.09:28:00/wx/-4.70,554.5,26.3,4.26,328,2.89
2026.110.09:29:00/wx/-5.03,554.5,26.9,4.16,328,2.85
2026.110.09:30:00/wx/-5.58,554.5,28.6,3.44,318,2.88
2026.110.09:31:00/wx/-6.71,554.5,32.2,4.03,329,2.88
2026.110.09:32:00/wx/-6.35,554.5,32.0,3.61,317,2.84
2026.110.09:33:00/wx/-6.41,554.5,31.8,4.02,311,2.74
2026.110.09:34:00/wx/-6.18,554.5,31.2,3.83,322,2.76
2026.110.09:35:00/wx/-6.90,554.5,32.8,3.92,317,2.81
2026.110.09:36:00/wx/-6.90,554.5,33.2,3.77,314,2.81
2026.110.09:37:00/wx/-6.50,554.5,32.1,3.83,315,2.82
2026.110.09:38:00/wx/-6.40,554.5,31.6,4.65,319,2.83
2026.110.09:39:00/wx/-5.97,554.5,30.7,4.46,332,2.82
2026.110.09:40:00/wx/-6.03,554.5,30.8,4.66,326,2.79
2026.110.09:41:00/wx/-5.49,554.5,29.4,4.22,319,2.77
2026.110.09:42:00/wx/-5.20,554.5,28.2,3.92,326,2.82
2026.110.09:43:00/wx/-5.69,554.5,29.3,4.02,323,2.76
2026.110.09:44:00/wx/-6.02,554.5,30.7,4.67,321,2.75
2026.110.09:45:00/wx/-5.70,554.6,29.5,3.98,323,2.77
2026.110.09:46:00/wx/-5.29,554.6,28.5,4.01,324,2.79
2026.110.09:47:00/wx/-5.30,554.5,28.4,4.12,328,2.78
2026.110.09:48:00/wx/-5.41,554.6,28.5,4.43,330,2.71
2026.110.09:49:00/wx/-5.00,554.6,27.3,4.42,331,2.73
2026.110.09:50:00/wx/-5.10,554.6,27.5,4.40,326,2.72
2026.110.09:51:00/wx/-5.20,554.6,27.8,4.37,335,2.72
2026.110.09:52:00/wx/-5.04,554.6,27.5,4.71,330,2.71
2026.110.09:53:00/wx/-5.00,554.6,27.3,4.23,334,2.70
2026.110.09:54:00/wx/-4.77,554.6,26.7,4.28,329,2.66
2026.110.09:55:00/wx/-4.90,554.6,26.9,4.33,332,2.67
2026.110.09:56:00/wx/-4.60,554.6,26.4,4.33,330,2.70
2026.110.09:57:00/wx/-4.60,554.6,26.1,4.48,330,2.73
2026.110.09:58:00/wx/-4.70,554.6,26.2,4.23,332,2.69
2026.110.09:59:00/wx/-4.70,554.6,26.4,4.13,333,2.66
2026.110.10:00:00/wx/-4.59,554.5,26.1,4.26,330,2.65
2026.110.10:01:00/wx/-4.70,554.5,26.3,4.28,329,2.68
2026.110.10:02:00/wx/-4.92,554.6,26.7,4.36,342,2.68
2026.110.10:03:00/wx/-4.80,554.6,26.7,4.93,339,2.67
2026.110.10:04:00/wx/-4.69,554.6,26.4,3.95,332,2.69
2026.110.10:05:00/wx/-4.60,554.6,26.1,4.98,335,2.70
2026.110.10:06:00/wx/-4.60,554.6,25.8,4.08,337,2.64
2026.110.10:07:00/wx/-4.50,554.6,25.5,4.45,331,2.64
2026.110.10:08:00/wx/-4.50,554.6,25.6,4.93,337,2.62
2026.110.10:09:00/wx/-4.60,554.6,25.6,4.68,336,2.68
2026.110.10:10:00/wx/-4.50,554.6,25.5,4.35,332,2.66
2026.110.10:11:00/wx/-4.58,554.6,25.7,4.43,338,2.63
2026.110.10:12:00/wx/-4.33,554.6,25.2,4.59,338,2.63
2026.110.10:13:00/wx/-4.50,554.6,25.4,4.43,331,2.62
2026.110.10:14:00/wx/-4.60,554.6,25.8,4.76,338,2.63
2026.110.10:15:00/wx/-4.40,554.7,25.2,4.17,338,2.62
2026.110.10:16:00/wx/-4.30,554.6,24.9,3.95,338,2.63
2026.110.10:17:00/wx/-4.30,554.7,24.8,4.81,331,2.62
2026.110.10:18:00/wx/-4.30,554.7,24.7,3.74,335,2.61
2026.110.10:19:00/wx/-4.54,554.7,25.2,4.42,334,2.59
2026.110.10:20:00/wx/-4.61,554.7,25.5,4.28,335,2.57
2026.110.10:21:00/wx/-4.38,554.7,24.9,4.13,330,2.56
2026.110.10:22:00/wx/-4.60,554.7,25.3,4.07,336,2.60
2026.110.10:23:00/wx/-4.40,554.7,25.0,4.61,346,2.61
2026.110.10:24:00/wx/-4.45,554.7,25.0,4.11,337,2.61
2026.110.10:25:00/wx/-4.70,554.7,25.7,4.23,337,2.57
2026.110.10:26:00/wx/-4.50,554.7,25.3,3.96,336,2.57
2026.110.10:27:00/wx/-4.40,554.7,24.8,3.76,341,2.60
2026.110.10:28:00/wx/-4.30,554.7,24.6,3.96,345,2.61
2026.110.10:29:00/wx/-4.60,554.7,25.2,3.92,344,2.64
2026.110.10:30:00/wx/-4.91,554.7,26.3,3.66,340,2.65
2026.110.10:31:00/wx/-4.59,554.7,25.6,3.87,338,2.64
2026.110.10:32:00/wx/-4.67,554.7,25.4,4.23,325,2.64
2026.110.10:33:00/wx/-4.52,554.7,25.2,3.82,329,2.72
2026.110.10:34:00/wx/-5.14,554.7,26.9,3.39,345,2.68
2026.110.10:35:00/wx/-5.11,554.7,26.8,4.55,339,2.68
2026.110.10:36:00/wx/-4.74,554.7,25.8,3.57,336,2.73
2026.110.10:37:00/wx/-4.52,554.7,25.3,3.92,323,2.67
2026.110.10:38:00/wx/-4.29,554.7,24.7,3.57,327,2.64
2026.110.10:39:00/wx/-4.60,554.8,25.2,3.87,343,2.65
2026.110.10:40:00/wx/-4.50,554.8,25.0,3.83,339,2.70
2026.110.10:41:00/wx/-4.40,554.8,24.7,3.32,339,2.69
2026.110.10:42:00/wx/-4.30,554.7,24.4,4.07,339,2.71
2026.110.10:43:00/wx/-4.30,554.8,24.4,3.91,339,2.72
2026.110.10:44:00/wx/-4.65,554.8,25.2,3.67,310,2.70
2026.110.10:45:00/wx/-4.60,554.8,25.2,3.63,342,2.72
2026.110.10:46:00/wx/-4.40,554.8,24.6,3.74,345,2.71
2026.110.10:47:00/wx/-4.78,554.8,25.2,3.74,325,2.73
2026.110.10:48:00/wx/-4.79,554.8,25.7,4.14,338,2.71
2026.110.10:49:00/wx/-5.00,554.8,26.0,3.42,330,2.74
2026.110.10:50:00/wx/-4.80,554.8,25.9,3.53,339,2.76
2026.110.10:51:00/wx/-4.56,554.8,25.4,3.34,332,2.74
2026.110.10:52:00/wx/-4.40,554.8,24.8,4.27,330,2.74
2026.110.10:53:00/wx/-4.20,554.8,24.1,4.04,346,2.73
2026.110.10:54:00/wx/-4.20,554.8,23.9,4.09,337,2.73
2026.110.10:55:00/wx/-4.00,554.8,23.7,3.23,338,2.72
2026.110.10:56:00/wx/-4.00,554.8,23.6,3.66,339,2.71
2026.110.10:57:00/wx/-4.01,554.8,23.5,3.63,340,2.69
2026.110.10:58:00/wx/-4.10,554.8,23.4,3.81,341,2.69
2026.110.10:59:00/wx/-4.10,554.8,23.5,3.96,340,2.71
2026.110.11:00:00/wx/-4.00,554.8,23.5,3.73,342,2.70
2026.110.11:01:00/wx/-4.10,554.8,23.5,3.82,337,2.72
2026.110.11:02:00/wx/-4.10,554.8,23.6,3.62,339,2.71
2026.110.11:03:00/wx/-4.08,554.8,23.6,3.83,338,2.73
2026.110.11:04:00/wx/-4.10,554.7,23.6,3.47,332,2.72
2026.110.11:05:00/wx/-4.10,554.8,23.7,3.91,330,2.73
2026.110.11:06:00/wx/-4.35,554.8,24.1,3.83,332,2.71
2026.110.11:07:00/wx/-4.20,554.8,23.9,3.74,342,2.67
2026.110.11:08:00/wx/-4.18,554.8,23.9,3.53,343,2.60
2026.110.11:09:00/wx/-4.30,554.8,24.2,3.41,335,2.63
2026.110.11:10:00/wx/-4.40,554.8,24.5,3.34,334,2.62
2026.110.11:11:00/wx/-4.56,554.8,24.8,3.80,327,2.65
2026.110.11:12:00/wx/-4.51,554.8,24.9,3.40,333,2.69
2026.110.11:13:00/wx/-4.40,554.8,24.4,3.02,327,2.68
2026.110.11:14:00/wx/-4.42,554.8,24.6,3.68,327,2.71
2026.110.11:15:00/wx/-4.30,554.8,24.3,4.35,324,2.69
2026.110.11:16:00/wx/-4.10,554.8,23.8,4.08,334,2.66
2026.110.11:17:00/wx/-4.10,554.9,23.8,3.64,337,2.71
2026.110.11:18:00/wx/-4.10,554.9,23.8,3.99,337,2.70
2026.110.11:19:00/wx/-3.92,554.9,23.5,3.51,334,2.72
2026.110.11:20:00/wx/-4.30,554.9,24.2,3.54,331,2.70
2026.110.11:21:00/wx/-4.20,554.9,24.4,4.64,340,2.69
2026.110.11:22:00/wx/-4.20,554.9,24.6,3.33,339,2.71
2026.110.11:23:00/wx/-4.26,554.9,24.7,3.02,337,2.67
2026.110.11:24:00/wx/-4.10,555.0,23.9,3.66,339,2.67
2026.110.11:25:00/wx/-4.10,555.0,23.6,3.39,338,2.71
2026.110.11:26:00/wx/-4.10,554.9,23.6,3.59,342,2.70
2026.110.11:27:00/wx/-3.90,554.9,23.2,3.63,337,2.68
2026.110.11:28:00/wx/-3.80,555.0,23.2,2.93,345,2.64
2026.110.11:29:00/wx/-3.79,555.0,23.2,3.31,340,2.63
2026.110.11:30:00/wx/-3.90,555.0,23.2,3.78,339,2.64
2026.110.11:31:00/wx/-3.80,555.0,23.0,3.79,335,2.81
2026.110.11:32:00/wx/-3.70,555.0,22.9,3.73,336,2.84
2026.110.11:33:00/wx/-3.97,555.0,23.5,3.76,342,2.85
2026.110.11:34:00/wx/-3.80,555.0,23.3,3.12,336,2.82
2026.110.11:35:00/wx/-3.80,555.0,23.0,3.13,332,2.80
2026.110.11:36:00/wx/-3.80,555.0,22.8,3.61,337,2.76
2026.110.11:37:00/wx/-3.80,555.0,23.0,3.53,329,2.78
2026.110.11:38:00/wx/-3.80,555.0,23.1,3.44,333,2.76
2026.110.11:39:00/wx/-3.80,555.0,22.8,3.49,335,2.77
2026.110.11:40:00/wx/-3.70,555.0,22.6,3.59,333,2.82
2026.110.11:41:00/wx/-3.70,555.0,22.6,4.11,341,2.81
2026.110.11:42:00/wx/-3.60,555.0,22.6,3.53,336,2.77
2026.110.11:43:00/wx/-3.70,555.0,22.7,3.37,339,2.75
2026.110.11:44:00/wx/-3.70,555.0,22.9,3.77,333,2.78
2026.110.11:45:00/wx/-3.60,555.0,22.4,3.48,342,2.77
2026.110.11:46:00/wx/-3.96,555.0,23.7,4.11,339,2.82
2026.110.11:47:00/wx/-3.80,555.0,23.3,3.55,332,2.83
2026.110.11:48:00/wx/-3.84,555.0,23.0,3.80,340,2.86
2026.110.11:49:00/wx/-3.98,555.0,23.9,3.93,348,2.83
2026.110.11:50:00/wx/-4.53,555.0,28.1,3.73,347,2.82
2026.110.11:51:00/wx/-4.24,555.0,25.7,4.00,338,2.84
2026.110.11:52:00/wx/-4.00,555.0,24.1,3.92,337,2.84
2026.110.11:53:00/wx/-3.84,555.0,23.6,4.40,337,2.89
2026.110.11:54:00/wx/-3.81,555.0,23.9,3.97,327,2.89
2026.110.11:55:00/wx/-3.70,555.0,23.4,3.69,336,2.79
2026.110.11:56:00/wx/-3.70,555.0,23.6,3.98,332,2.84
2026.110.11:57:00/wx/-3.70,555.0,23.7,4.18,337,2.82
2026.110.11:58:00/wx/-3.54,555.0,23.2,3.37,339,2.81
2026.110.11:59:00/wx/-3.70,555.0,24.0,3.96,327,2.76
2026.110.12:00:00/wx/-3.71,555.0,24.6,3.66,348,2.74
2026.110.12:01:00/wx/-3.80,555.0,26.1,3.77,342,2.76
2026.110.12:02:00/wx/-3.69,555.0,25.7,4.43,336,2.78
2026.110.12:03:00/wx/-3.40,555.0,23.1,3.37,338,2.78
2026.110.12:04:00/wx/-3.40,555.0,24.1,3.63,339,2.82
2026.110.12:05:00/wx/-3.40,555.0,24.3,3.87,339,2.85
2026.110.12:06:00/wx/-3.38,555.0,23.2,4.29,348,2.84
2026.110.12:07:00/wx/-3.39,555.0,23.0,4.20,342,2.83
2026.110.12:08:00/wx/-3.40,555.1,23.3,4.20,336,2.81
2026.110.12:09:00/wx/-3.50,555.1,24.8,4.13,337,2.80
2026.110.12:10:00/wx/-3.37,555.0,25.1,4.38,348,2.79
2026.110.12:11:00/wx/-3.20,555.1,23.5,3.90,343,2.81
2026.110.12:12:00/wx/-3.40,555.1,23.7,3.67,335,2.81
2026.110.12:13:00/wx/-3.50,555.1,25.5,2.87,323,2.79
2026.110.12:14:00/wx/-3.40,555.1,27.2,4.03,335,2.78
2026.110.12:15:00/wx/-3.30,555.1,24.1,3.85,333,2.82
2026.110.12:16:00/wx/-3.10,555.1,22.7,3.73,353,2.84
2026.110.12:17:00/wx/-3.09,555.1,22.3,3.72,332,2.81
2026.110.12:18:00/wx/-3.00,555.1,23.1,3.43,324,2.84
2026.110.12:19:00/wx/-2.90,555.1,23.5,4.03,333,2.81
2026.110.12:20:00/wx/-2.90,555.1,23.0,3.61,333,2.82
2026.110.12:21:00/wx/-2.81,555.2,22.8,3.17,340,2.77
2026.110.12:22:00/wx/-2.68,555.2,22.0,3.24,340,2.74
2026.110.12:23:00/wx/-2.50,555.2,22.2,3.63,324,2.78
2026.110.12:24:00/wx/-2.70,555.2,22.5,3.52,334,2.77
2026.110.12:25:00/wx/-2.70,555.2,22.5,3.08,325,2.75
2026.110.12:26:00/wx/-2.51,555.2,22.9,3.01,332,2.76
2026.110.12:27:00/wx/-2.60,555.2,22.9,3.66,324,2.75
2026.110.12:28:00/wx/-2.60,555.2,23.4,3.57,318,2.79
2026.110.12:29:00/wx/-2.50,555.2,24.5,3.31,323,2.76
2026.110.12:30:00/wx/-2.40,555.3,23.6,3.38,317,2.77
2026.110.12:31:00/wx/-2.50,555.2,23.3,3.62,328,2.75
2026.110.12:32:00/wx/-2.60,555.3,22.4,3.74,319,2.76
2026.110.12:33:00/wx/-2.62,555.3,22.5,3.43,314,2.77
2026.110.12:34:00/wx/-2.60,555.3,22.7,3.20,315,2.77
2026.110.12:35:00/wx/-2.50,555.3,23.3,3.72,309,2.79
2026.110.12:36:00/wx/-2.51,555.3,23.5,3.92,327,2.79
2026.110.12:37:00/wx/-2.30,555.3,24.3,2.95,308,2.79
2026.110.12:38:00/wx/-2.38,555.3,24.8,3.45,316,2.79
2026.110.12:39:00/wx/-2.40,555.3,24.4,2.69,308,2.81
2026.110.12:40:00/wx/-2.24,555.3,25.4,3.19,305,2.81
2026.110.12:41:00/wx/-2.19,555.3,24.2,3.89,313,2.81
2026.110.12:42:00/wx/-2.20,555.3,24.1,3.74,313,2.83
2026.110.12:43:00/wx/-2.18,555.3,23.1,3.77,293,2.81
2026.110.12:44:00/wx/-2.21,555.3,22.8,4.52,306,2.83
2026.110.12:45:00/wx/-2.30,555.3,23.1,3.88,299,2.82
2026.110.12:46:00/wx/-2.10,555.3,23.5,2.93,280,2.82
2026.110.12:47:00/wx/-2.00,555.3,23.3,4.38,291,2.84
2026.110.12:48:00/wx/-2.01,555.3,23.1,4.32,283,2.84
2026.110.12:49:00/wx/-2.10,555.4,22.8,4.71,292,2.85
2026.110.12:50:00/wx/-2.07,555.4,22.6,4.87,289,2.83
2026.110.12:51:00/wx/-2.10,555.4,23.1,4.03,278,2.83
2026.110.12:52:00/wx/-1.71,555.4,23.4,4.30,280,2.84
2026.110.12:53:00/wx/-1.99,555.4,22.5,4.27,293,2.86
2026.110.12:54:00/wx/-2.00,555.4,22.1,4.27,277,2.86
2026.110.12:55:00/wx/-2.13,555.4,21.7,3.49,263,2.80
2026.110.12:56:00/wx/-2.10,555.4,21.9,3.73,279,2.82
2026.110.12:57:00/wx/-1.99,555.4,21.7,3.46,275,2.81
2026.110.12:58:00/wx/-1.90,555.4,21.8,3.57,293,2.78
2026.110.12:59:00/wx/-1.91,555.4,21.2,4.48,290,2.72
2026.110.13:00:00/wx/-1.80,555.4,21.7,4.77,296,2.75
2026.110.13:01:00/wx/-1.89,555.4,21.6,4.39,294,2.77
2026.110.13:02:00/wx/-1.80,555.4,22.0,4.20,272,2.74
2026.110.13:03:00/wx/-2.00,555.5,21.8,4.13,277,2.73
2026.110.13:04:00/wx/-1.70,555.4,21.6,3.04,286,2.75
2026.110.13:05:00/wx/-1.28,555.5,21.8,3.75,277,2.79
2026.110.13:06:00/wx/-1.49,555.5,21.4,4.13,275,2.76
2026.110.13:07:00/wx/-1.86,555.5,21.2,3.36,281,2.77
2026.110.13:08:00/wx/-1.90,555.5,21.5,3.93,256,2.79
2026.110.13:09:00/wx/-1.80,555.6,21.7,2.92,273,2.82
2026.110.13:10:00/wx/-1.51,555.5,21.8,5.45,279,2.83
2026.110.13:11:00/wx/-1.80,555.5,21.7,3.93,283,2.83
2026.110.13:12:00/wx/-1.65,555.5,21.9,4.25,272,2.81
2026.110.13:13:00/wx/-1.60,555.5,22.2,4.60,289,2.83
2026.110.13:14:00/wx/-1.70,555.6,22.4,3.75,257,2.84
2026.110.13:15:00/wx/-1.68,555.6,22.5,4.66,282,2.79
2026.110.13:16:00/wx/-1.80,555.5,22.3,3.49,270,2.79
2026.110.13:17:00/wx/-1.29,555.5,22.2,4.34,262,2.79
2026.110.13:18:00/wx/-1.50,555.6,21.9,4.33,282,2.75
2026.110.13:19:00/wx/-1.36,555.6,22.4,3.90,277,2.76
2026.110.13:20:00/wx/-1.49,555.6,21.6,5.32,279,2.72
2026.110.13:21:00/wx/-1.70,555.5,21.5,5.44,287,2.70
2026.110.13:22:00/wx/-1.75,555.5,22.0,5.10,290,2.70
2026.110.13:23:00/wx/-1.20,555.5,21.8,6.43,295,2.69
2026.110.13:24:00/wx/-1.60,555.5,21.6,4.81,280,2.64
2026.110.13:25:00/wx/-1.71,555.5,22.2,3.94,279,2.64
2026.110.13:26:00/wx/-1.49,555.5,21.7,6.17,288,2.60
2026.110.13:27:00/wx/-1.66,555.5,21.9,5.46,283,2.63
2026.110.13:28:00/wx/-1.60,555.5,22.5,4.93,294,2.57
2026.110.13:29:00/wx/-1.40,555.5,22.4,4.64,287,2.64
2026.110.13:30:00/wx/-1.40,555.5,22.1,4.35,294,2.57
2026.110.13:31:00/wx/-1.13,555.5,22.5,4.04,259,2.64
2026.110.13:32:00/wx/-1.46,555.5,22.7,4.45,256,2.58
2026.110.13:33:00/wx/-1.20,555.5,22.6,5.23,279,2.62
2026.110.13:34:00/wx/-0.94,555.5,21.8,5.23,258,2.67
2026.110.13:35:00/wx/-1.30,555.5,22.7,3.50,266,2.64
2026.110.13:36:00/wx/-0.87,555.5,22.3,5.94,277,2.65
2026.110.13:37:00/wx/-1.19,555.6,21.6,5.88,280,2.63
2026.110.13:38:00/wx/-1.20,555.6,21.9,5.20,273,2.65
2026.110.13:39:00/wx/-0.78,555.5,21.9,5.38,256,2.55
2026.110.13:40:00/wx/-0.99,555.6,21.6,5.65,279,2.59
2026.110.13:41:00/wx/-1.10,555.6,21.7,4.83,273,2.63
2026.110.13:42:00/wx/-1.00,555.6,21.6,5.60,277,2.61
2026.110.13:43:00/wx/-0.89,555.6,21.5,5.25,269,2.59
2026.110.13:44:00/wx/-1.10,555.6,21.3,6.28,283,2.61
2026.110.13:45:00/wx/-0.89,555.6,20.9,6.96,300,2.58
2026.110.13:46:00/wx/-1.28,555.6,21.5,5.48,300,2.54
2026.110.13:47:00/wx/-1.09,555.6,21.5,3.90,271,2.47
2026.110.13:48:00/wx/-1.10,555.6,21.7,3.18,269,2.39
2026.110.13:49:00/wx/-0.85,555.6,21.4,4.66,285,2.39
2026.110.13:50:00/wx/-0.50,555.6,20.5,7.59,295,2.42
2026.110.13:51:00/wx/-0.57,555.6,20.8,6.78,292,2.51
2026.110.13:52:00/wx/-0.90,555.7,21.4,6.08,276,2.49
2026.110.13:53:00/wx/-0.92,555.6,21.5,5.35,275,2.49
2026.110.13:54:00/wx/-1.19,555.7,21.9,4.55,270,2.49
2026.110.13:55:00/wx/-0.70,555.7,21.8,5.63,266,2.55
2026.110.13:56:00/wx/-0.66,555.7,21.2,5.54,266,2.46
2026.110.13:57:00/wx/-0.93,555.7,21.6,5.52,273,2.56
2026.110.13:58:00/wx/-0.89,555.7,21.5,4.80,274,2.58
2026.110.13:59:00/wx/-0.93,555.7,21.4,6.97,289,2.59
2026.110.14:00:00/wx/-1.10,555.7,22.1,3.83,270,2.61
2026.110.14:01:00/wx/-0.96,555.7,22.4,3.12,268,2.52
2026.110.14:02:00/wx/-0.94,555.7,21.5,4.11,273,2.59
2026.110.14:03:00/wx/-0.52,555.7,21.0,6.66,282,2.57
2026.110.14:04:00/wx/-0.60,555.7,21.2,5.39,274,2.65
2026.110.14:05:00/wx/-0.20,555.8,21.4,5.83,291,2.64
2026.110.14:06:00/wx/0.63,555.8,21.1,5.21,282,2.64
2026.110.14:07:00/wx/-0.31,555.8,20.8,6.04,274,2.58
2026.110.14:08:00/wx/-0.80,555.8,20.8,5.36,273,2.58
2026.110.14:09:00/wx/-0.50,555.8,20.5,5.31,279,2.53
2026.110.14:10:00/wx/-0.91,555.8,20.7,2.62,271,2.44
2026.110.14:11:00/wx/-1.00,555.8,21.0,4.50,261,2.45
2026.110.14:12:00/wx/-0.72,555.8,21.0,4.07,251,2.59
2026.110.14:13:00/wx/-0.81,555.8,21.7,5.83,283,2.53
2026.110.14:14:00/wx/-0.54,555.8,22.6,5.41,284,2.61
2026.110.14:15:00/wx/-0.20,555.8,21.7,4.59,271,2.54
2026.110.14:16:00/wx/-0.60,555.8,21.9,5.61,272,2.59
2026.110.14:17:00/wx/-0.60,555.8,22.0,5.13,277,2.58
2026.110.14:18:00/wx/-0.51,555.8,21.9,5.01,256,2.57
2026.110.14:19:00/wx/0.17,555.8,21.0,5.91,243,2.49
2026.110.14:20:00/wx/-0.49,555.8,21.4,5.09,256,2.57
2026.110.14:21:00/wx/-0.77,555.8,22.5,5.57,251,2.57
2026.110.14:22:00/wx/-0.41,555.8,21.8,4.76,266,2.65
2026.110.14:23:00/wx/0.07,555.8,20.9,5.55,252,2.49
2026.110.14:24:00/wx/-0.58,555.8,20.9,4.89,275,2.45
2026.110.14:25:00/wx/-0.49,555.9,20.7,6.62,271,2.52
2026.110.14:26:00/wx/-0.40,555.8,20.6,4.79,267,2.45
2026.110.14:27:00/wx/-0.20,555.9,20.2,5.47,290,2.45
2026.110.14:28:00/wx/-0.17,555.9,19.8,7.05,249,2.55
2026.110.14:29:00/wx/0.05,555.9,20.0,7.92,244,2.52
2026.110.14:30:00/wx/-0.12,555.9,20.1,5.59,252,2.48
2026.110.14:31:00/wx/-0.30,555.9,21.1,4.02,268,2.53
2026.110.14:32:00/wx/-0.40,555.9,21.3,4.63,276,2.52
2026.110.14:33:00/wx/-0.51,555.8,20.1,5.63,292,2.45
2026.110.14:34:00/wx/-0.38,555.9,20.4,7.45,279,2.41
2026.110.14:35:00/wx/-0.68,555.8,20.2,5.86,287,2.31
2026.110.14:36:00/wx/-0.08,555.8,19.7,7.24,285,2.32
2026.110.14:37:00/wx/-0.30,555.9,19.2,4.73,255,2.45
2026.110.14:38:00/wx/-0.54,555.8,19.5,5.60,243,2.28
2026.110.14:39:00/wx/-0.02,555.9,19.7,5.68,276,2.37
2026.110.14:40:00/wx/0.01,555.9,19.6,6.02,254,2.39
2026.110.14:41:00/wx/0.13,555.9,19.4,5.23,291,2.44
2026.110.14:42:00/wx/0.30,555.9,19.0,6.93,287,2.36
2026.110.14:43:00/wx/0.09,555.9,19.3,6.50,292,2.22
2026.110.14:44:00/wx/-0.21,555.9,19.7,5.50,278,2.23
2026.110.14:45:00/wx/-0.27,555.9,19.6,3.97,284,2.32
2026.110.14:46:00/wx/0.10,555.9,20.1,5.14,272,2.51
2026.110.14:47:00/wx/0.68,555.9,19.5,8.68,250,2.49
2026.110.14:48:00/wx/-0.33,555.9,19.9,3.92,255,2.40
2026.110.14:49:00/wx/-0.11,555.9,19.7,5.94,269,2.45
2026.110.14:50:00/wx/0.40,555.9,18.8,4.51,277,2.28
2026.110.14:51:00/wx/0.10,555.9,19.6,3.74,267,2.41
2026.110.14:52:00/wx/0.83,555.9,19.8,4.00,267,2.54
2026.110.14:53:00/wx/0.83,555.9,20.1,6.28,247,2.55
2026.110.14:54:00/wx/0.31,555.9,21.7,5.15,262,2.59
2026.110.14:55:00/wx/-0.18,555.9,21.1,5.36,254,2.55
2026.110.14:56:00/wx/-0.51,555.9,21.8,5.39,274,2.40
2026.110.14:57:00/wx/-0.40,555.9,22.0,3.39,268,2.50
2026.110.14:58:00/wx/0.12,555.9,22.2,8.38,252,2.59
2026.110.14:59:00/wx/0.00,556.0,22.9,4.89,275,2.58
2026.110.15:00:00/wx/-0.00,555.9,22.9,7.99,243,2.53
2026.110.15:01:00/wx/-0.15,555.9,22.9,5.49,238,2.46
2026.110.15:02:00/wx/0.50,555.9,22.7,5.73,281,2.38
2026.110.15:03:00/wx/0.46,556.0,22.6,4.25,274,2.43
2026.110.15:04:00/wx/-0.30,555.9,22.0,5.02,259,2.45
2026.110.15:05:00/wx/-0.07,555.9,21.8,8.93,235,2.42
2026.110.15:06:00/wx/0.15,555.9,21.4,5.92,291,2.35
2026.110.15:07:00/wx/0.19,555.9,21.0,4.98,280,2.52
2026.110.15:08:00/wx/0.65,556.0,21.0,6.14,268,2.58
2026.110.15:09:00/wx/0.40,555.9,20.5,5.23,282,2.42
2026.110.15:10:00/wx/-0.04,556.0,20.3,7.44,275,2.52
2026.110.15:11:00/wx/-0.25,555.9,20.8,5.15,277,2.52
2026.110.15:12:00/wx/-0.42,556.0,20.8,8.57,278,2.52
2026.110.15:13:00/wx/-0.35,555.9,20.9,4.64,278,2.45
2026.110.15:14:00/wx/0.30,555.9,20.6,5.23,274,2.54
2026.110.15:15:00/wx/0.64,555.9,19.3,6.20,265,2.45
2026.110.15:16:00/wx/0.22,556.0,19.6,7.26,251,2.46
2026.110.15:17:00/wx/-0.04,556.0,19.4,6.66,254,2.38
2026.110.15:18:00/wx/-0.31,556.0,20.7,6.22,266,2.27
2026.110.15:19:00/wx/0.00,556.0,19.7,6.22,248,2.25
2026.110.15:20:00/wx/-0.33,555.9,19.8,4.34,253,2.35
2026.110.15:21:00/wx/0.59,555.9,19.3,7.76,284,2.32
2026.110.15:22:00/wx/0.92,555.9,19.1,8.09,245,2.54
2026.110.15:23:00/wx/-0.02,555.9,21.3,7.75,238,2.50
2026.110.15:24:00/wx/-0.20,555.9,21.1,5.53,267,2.32
2026.110.15:25:00/wx/-0.26,555.9,20.7,4.16,279,2.29
2026.110.15:26:00/wx/-0.03,555.9,19.9,6.55,250,2.41
2026.110.15:27:00/wx/1.27,555.9,18.9,6.05,273,2.49
2026.110.15:28:00/wx/0.47,555.9,20.7,5.83,281,2.49
2026.110.15:29:00/wx/0.19,555.9,21.3,3.87,259,2.46
2026.110.15:30:00/wx/0.37,555.9,20.7,7.57,253,2.54
2026.110.15:31:00/wx/0.28,555.9,22.5,5.06,255,2.50
2026.110.15:32:00/wx/-0.09,555.9,21.4,5.60,276,2.44
2026.110.15:33:00/wx/0.26,555.9,20.5,5.60,272,2.41
2026.110.15:34:00/wx/-0.21,555.9,21.3,6.47,253,2.24
2026.110.15:35:00/wx/0.29,555.9,20.7,6.68,275,2.30
2026.110.15:36:00/wx/0.40,555.9,20.5,6.35,268,2.39
2026.110.15:37:00/wx/0.42,555.9,21.6,5.96,279,2.40
2026.110.15:38:00/wx/0.15,555.9,21.8,5.05,266,2.41
2026.110.15:39:00/wx/0.82,555.9,20.7,10.07,248,2.49
2026.110.15:40:00/wx/0.49,555.8,21.0,5.82,238,2.53
2026.110.15:41:00/wx/0.28,555.9,21.8,4.82,270,2.38
2026.110.15:42:00/wx/0.37,555.9,21.3,7.52,279,2.38
2026.110.15:43:00/wx/0.23,555.9,20.8,4.48,247,2.28
2026.110.15:44:00/wx/0.41,555.9,20.2,6.12,278,2.34
