2026.108.14:00:00;APEX Database Weather Data for Timerange of c261c
2026.108.14:00:00;The format is wx/temp[C],press[mbar],humid[%],speed[m/s],direction[deg],pwv[mm]
2026.108.14:01:00/wx/5.00,554.5,7.1,1.26,327,1.26
2026.108.14:02:00/wx/5.00,554.6,7.1,1.29,95,1.26
2026.108.14:03:00/wx/5.10,554.6,7.2,1.90,31,1.26
2026.108.14:04:00/wx/5.24,554.5,7.1,0.95,42,1.27
2026.108.14:05:00/wx/5.28,554.5,7.2,4.87,352,1.28
2026.108.14:06:00/wx/5.50,554.6,7.1,1.92,28,1.29
2026.108.14:07:00/wx/5.54,554.6,7.3,2.15,343,1.30
2026.108.14:08:00/wx/5.50,554.6,7.2,1.23,325,1.28
2026.108.14:09:00/wx/5.55,554.6,7.0,1.82,173,1.29
2026.108.14:10:00/wx/5.60,554.6,7.4,1.74,314,1.32
2026.108.14:11:00/wx/5.73,554.5,7.4,0.43,339,1.33
2026.108.14:12:00/wx/5.90,554.5,7.2,1.57,69,1.33
2026.108.14:13:00/wx/6.10,554.6,7.0,1.41,67,1.32
2026.108.14:14:00/wx/6.16,554.6,6.8,2.02,-37,1.35
2026.108.14:15:00/wx/5.90,554.6,7.2,1.70,354,1.35
2026.108.14:16:00/wx/5.87,554.6,6.9,2.09,229,1.34
2026.108.14:17:00/wx/5.80,554.6,7.0,2.31,295,1.31
2026.108.14:18:00/wx/5.80,554.6,7.0,1.34,256,1.26
2026.108.14:19:00/wx/5.69,554.6,6.4,3.93,327,1.27
2026.108.14:20:00/wx/5.51,554.6,7.3,2.77,279,1.29
2026.108.14:21:00/wx/5.44,554.6,8.1,3.14,259,1.26
2026.108.14:22:00/wx/5.22,554.6,7.8,3.65,258,1.23
2026.108.14:23:00/wx/4.91,554.6,7.7,2.49,282,1.24
2026.108.14:24:00/wx/5.10,554.6,7.9,4.36,239,1.20
2026.108.14:25:00/wx/5.19,554.6,7.5,2.51,233,1.19
2026.108.14:26:00/wx/5.25,554.6,7.6,4.40,243,1.18
2026.108.14:27:00/wx/5.10,554.6,8.2,3.21,249,1.18
2026.108.14:28:00/wx/5.00,554.6,7.7,3.78,243,1.17
2026.108.14:29:00/wx/4.94,554.6,8.0,2.87,259,1.23
2026.108.14:30:00/wx/5.10,554.6,8.1,1.83,282,1.22
2026.108.14:31:00/wx/5.10,554.6,8.2,3.58,260,1.26
2026.108.14:32:00/wx/5.18,554.6,7.8,1.91,248,1.24
2026.108.14:33:00/wx/5.30,554.6,7.5,2.85,251,1.24
2026.108.14:34:00/wx/5.26,554.6,7.3,3.22,289,1.24
2026.108.14:35:00/wx/5.70,554.6,7.1,1.53,276,1.25
2026.108.14:36:00/wx/5.90,554.6,7.0,3.63,265,1.28
2026.108.14:37:00/wx/6.17,554.6,6.8,3.26,302,1.24
2026.108.14:38:00/wx/6.20,554.6,7.2,2.32,281,1.23
2026.108.14:39:00/wx/6.14,554.6,6.6,2.03,252,1.21
2026.108.14:40:00/wx/5.90,554.6,6.0,3.63,318,1.22
2026.108.14:41:00/wx/5.60,554.6,4.5,1.76,295,1.25
2026.108.14:42:00/wx/5.78,554.6,5.0,1.19,323,1.30
2026.108.14:43:00/wx/6.45,554.6,5.4,2.75,280,1.32
2026.108.14:44:00/wx/5.92,554.6,5.5,3.16,283,1.26
2026.108.14:45:00/wx/5.90,554.6,5.4,2.80,269,1.23
2026.108.14:46:00/wx/5.55,554.6,4.7,2.17,248,1.29
2026.108.14:47:00/wx/5.49,554.6,5.8,2.67,242,1.27
2026.108.14:48:00/wx/5.62,554.6,6.6,4.07,256,1.28
2026.108.14:49:00/wx/5.60,554.6,6.1,4.54,286,1.24
2026.108.14:50:00/wx/5.89,554.6,6.6,3.36,275,1.25
2026.108.14:51:00/wx/5.58,554.6,7.8,3.73,275,1.29
2026.108.14:52:00/wx/5.70,554.6,6.5,2.91,301,1.30
2026.108.14:53:00/wx/5.78,554.6,7.0,2.06,272,1.29
2026.108.14:54:00/wx/5.95,554.6,6.8,4.35,273,1.29
2026.108.14:55:00/wx/5.30,554.6,6.4,2.58,303,1.31
2026.108.14:56:00/wx/5.31,554.6,7.5,2.50,320,1.29
2026.108.14:57:00/wx/5.79,554.7,7.8,2.81,293,1.33
2026.108.14:58:00/wx/5.86,554.6,7.8,3.80,246,1.38
2026.108.14:59:00/wx/5.40,554.6,9.7,4.14,236,1.30
2026.108.15:00:00/wx/5.18,554.6,10.6,5.88,251,1.29
2026.108.15:01:00/wx/4.69,554.6,12.4,4.59,263,1.31
2026.108.15:02:00/wx/4.80,554.6,12.6,4.03,264,1.30
2026.108.15:03:00/wx/5.18,554.6,12.5,4.85,287,1.29
2026.108.15:04:00/wx/4.71,554.6,12.1,3.06,282,1.28
2026.108.15:05:00/wx/4.70,554.6,13.0,3.21,297,1.29
2026.108.15:06:00/wx/4.85,554.6,14.3,3.90,267,1.25
2026.108.15:07:00/wx/4.50,554.6,15.2,4.83,304,1.23
2026.108.15:08:00/wx/5.00,554.6,11.9,1.72,299,1.27
2026.108.15:09:00/wx/5.11,554.6,12.5,3.12,295,1.29
2026.108.15:10:00/wx/5.28,554.6,12.7,3.57,300,1.26
2026.108.15:11:00/wx/4.99,554.6,13.5,3.35,274,1.22
2026.108.15:12:00/wx/5.00,554.6,11.1,3.63,268,1.18
2026.108.15:13:00/wx/4.70,554.6,11.2,2.93,256,1.24
2026.108.15:14:00/wx/4.70,554.6,8.9,2.29,278,1.26
2026.108.15:15:00/wx/5.10,554.6,9.6,3.71,292,1.27
2026.108.15:16:00/wx/4.80,554.6,12.1,2.00,271,1.30
2026.108.15:17:00/wx/4.90,554.6,11.3,3.23,280,1.30
2026.108.15:18:00/wx/5.11,554.6,12.3,3.89,297,1.24
2026.108.15:19:00/wx/4.90,554.6,10.3,2.39,250,1.31
2026.108.15:20:00/wx/4.92,554.5,9.7,2.41,290,1.33
2026.108.15:21:00/wx/5.24,554.5,12.0,3.15,257,1.24
2026.108.15:22:00/wx/5.30,554.5,9.7,3.09,317,1.22
2026.108.15:23:00/wx/5.29,554.5,12.4,2.61,278,1.37
2026.108.15:24:00/wx/5.71,554.5,12.2,4.35,294,1.31
2026.108.15:25:00/wx/5.67,554.5,11.3,4.27,282,1.26
2026.108.15:26:00/wx/5.32,554.5,7.9,1.03,267,1.24
2026.108.15:27:00/wx/5.50,554.5,7.0,2.33,298,1.25
2026.108.15:28:00/wx/5.71,554.5,7.7,4.11,303,1.21
2026.108.15:29:00/wx/5.81,554.5,7.1,2.25,276,1.23
2026.108.15:30:00/wx/5.73,554.5,5.9,1.59,278,1.22
2026.108.15:31:00/wx/6.07,554.5,6.8,4.14,294,1.21
2026.108.15:32:00/wx/6.00,554.5,7.8,3.96,303,1.19
2026.108.15:33:00/wx/5.83,554.5,6.0,3.51,318,1.19
2026.108.15:34:00/wx/6.01,554.4,4.6,2.71,339,1.22
2026.108.15:35:00/wx/5.90,554.5,4.8,1.62,305,1.28
2026.108.15:36:00/wx/6.26,554.5,6.4,4.36,304,1.31
2026.108.15:37:00/wx/6.12,554.5,8.2,2.84,305,1.27
2026.108.15:38:00/wx/5.68,554.4,8.0,2.86,277,1.29
2026.108.15:39:00/wx/5.40,554.5,7.3,2.23,260,1.39
2026.108.15:40:00/wx/5.34,554.5,5.8,2.83,302,1.23
2026.108.15:41:00/wx/5.98,554.5,7.7,5.34,283,1.22
2026.108.15:42:00/wx/5.96,554.5,8.1,4.49,287,1.26
2026.108.15:43:00/wx/5.74,554.5,7.0,3.18,250,1.25
2026.108.15:44:00/wx/6.00,554.4,6.7,3.43,277,1.22
2026.108.15:45:00/wx/5.87,554.5,7.4,4.42,246,1.32
2026.108.15:46:00/wx/6.39,554.4,8.8,4.36,262,1.31
2026.108.15:47:00/wx/6.55,554.4,6.7,3.84,255,1.25
2026.108.15:48:00/wx/5.91,554.5,6.6,4.34,277,1.28
2026.108.15:49:00/wx/5.50,554.5,7.1,5.23,278,1.37
2026.108.15:50:00/wx/5.36,554.5,6.2,3.44,267,1.41
2026.108.15:51:00/wx/5.02,554.5,6.5,5.49,294,1.35
2026.108.15:52:00/wx/5.82,554.5,6.6,3.81,282,1.36
2026.108.15:53:00/wx/5.71,554.4,5.3,2.13,299,1.31
2026.108.15:54:00/wx/5.70,554.4,7.8,4.52,255,1.29
2026.108.15:55:00/wx/5.62,554.4,11.9,4.79,259,1.35
2026.108.15:56:00/wx/5.30,554.4,13.1,4.55,262,1.29
2026.108.15:57:00/wx/5.45,554.5,11.9,7.57,283,1.45
2026.108.15:58:00/wx/5.09,554.4,7.5,3.14,284,1.38
2026.108.15:59:00/wx/5.60,554.4,12.7,5.28,282,1.38
2026.108.16:00:00/wx/5.80,554.4,14.2,4.70,249,1.33
2026.108.16:01:00/wx/5.92,554.4,11.3,5.39,279,1.47
2026.108.16:02:00/wx/5.76,554.4,12.2,4.62,247,1.49
2026.108.16:03:00/wx/6.17,554.4,8.2,4.97,249,1.32
2026.108.16:04:00/wx/5.28,554.4,15.7,5.65,244,1.36
2026.108.16:05:00/wx/5.62,554.4,16.1,6.27,256,1.34
2026.108.16:06:00/wx/5.42,554.4,15.5,6.88,283,1.39
2026.108.16:07:00/wx/4.88,554.4,16.7,3.22,282,1.31
2026.108.16:08:00/wx/5.45,554.4,16.0,3.92,271,1.23
2026.108.16:09:00/wx/5.69,554.4,17.2,6.16,250,1.22
2026.108.16:10:00/wx/5.68,554.4,18.0,5.91,260,1.38
2026.108.16:11:00/wx/5.21,554.4,12.8,4.82,271,1.24
2026.108.16:12:00/wx/5.44,554.4,14.4,5.97,258,1.40
2026.108.16:13:00/wx/5.55,554.4,13.0,5.39,302,1.27
2026.108.16:14:00/wx/5.89,554.4,9.7,6.14,260,1.27
2026.108.16:15:00/wx/5.32,554.4,16.3,6.13,238,1.35
2026.108.16:16:00/wx/5.30,554.4,17.0,4.53,272,1.36
2026.108.16:17:00/wx/5.23,554.4,14.8,4.18,256,1.24
2026.108.16:18:00/wx/4.88,554.4,19.3,4.45,260,1.33
2026.108.16:19:00/wx/4.49,554.4,19.7,4.44,257,1.38
2026.108.16:20:00/wx/5.42,554.4,17.8,5.23,297,1.22
2026.108.16:21:00/wx/5.50,554.3,18.2,5.93,272,1.41
2026.108.16:22:00/wx/5.70,554.3,16.0,5.94,251,1.22
2026.108.16:23:00/wx/5.55,554.4,17.2,4.27,278,1.27
2026.108.16:24:00/wx/5.07,554.3,18.1,4.91,272,1.49
2026.108.16:25:00/wx/4.93,554.3,19.5,4.98,271,1.38
2026.108.16:26:00/wx/5.30,554.4,16.7,6.03,274,1.43
2026.108.16:27:00/wx/4.78,554.3,18.9,5.68,235,1.33
2026.108.16:28:00/wx/4.37,554.3,18.9,4.49,265,1.39
2026.108.16:29:00/wx/4.39,554.3,17.4,4.90,262,1.35
2026.108.16:30:00/wx/4.34,554.3,20.3,4.36,267,1.47
2026.108.16:31:00/wx/4.50,554.3,21.7,7.43,304,1.51
2026.108.16:32:00/wx/5.42,554.3,18.5,4.97,276,1.38
2026.108.16:33:00/wx/4.80,554.3,18.3,6.08,280,1.31
2026.108.16:34:00/wx/4.72,554.3,20.2,4.95,264,1.49
2026.108.16:35:00/wx/4.40,554.3,20.3,3.94,274,1.36
2026.108.16:36:00/wx/4.79,554.3,18.6,4.04,272,1.50
2026.108.16:37:00/wx/4.25,554.3,17.1,4.44,269,1.41
2026.108.16:38:00/wx/3.90,554.3,18.9,5.02,254,1.44
2026.108.16:39:00/wx/4.29,554.3,19.2,7.02,279,1.37
2026.108.16:40:00/wx/3.83,554.2,21.3,3.92,274,1.34
2026.108.16:41:00/wx/3.92,554.3,23.0,2.82,278,1.40
2026.108.16:42:00/wx/4.23,554.3,20.2,2.99,275,1.48
2026.108.16:43:00/wx/4.29,554.3,20.2,7.18,278,1.39
2026.108.16:44:00/wx/4.13,554.2,23.9,4.79,246,1.54
2026.108.16:45:00/wx/4.68,554.2,20.2,7.17,283,1.41
2026.108.16:46:00/wx/4.31,554.2,22.5,3.96,260,1.46
2026.108.16:47:00/wx/4.35,554.2,23.2,3.85,272,1.38
2026.108.16:48:00/wx/4.40,554.2,18.6,4.78,258,1.34
2026.108.16:49:00/wx/4.27,554.2,24.0,5.63,277,1.40
2026.108.16:50:00/wx/4.20,554.3,22.9,4.78,251,1.46
2026.108.16:51:00/wx/4.27,554.2,20.3,3.98,269,1.44
2026.108.16:52:00/wx/3.80,554.3,21.6,4.45,252,1.33
2026.108.16:53:00/wx/3.61,554.3,24.3,2.54,261,1.57
2026.108.16:54:00/wx/4.16,554.2,23.0,3.96,268,1.39
2026.108.16:55:00/wx/4.67,554.3,22.0,4.66,251,1.41
2026.108.16:56:00/wx/4.25,554.2,24.7,5.39,277,1.61
2026.108.16:57:00/wx/4.55,554.3,21.0,4.65,269,1.57
2026.108.16:58:00/wx/4.20,554.3,21.4,6.33,279,1.44
2026.108.16:59:00/wx/3.86,554.3,21.0,4.49,297,1.44
2026.108.17:00:00/wx/4.51,554.2,21.8,5.38,243,1.45
2026.108.17:01:00/wx/4.07,554.3,23.1,5.71,253,1.54
2026.108.17:02:00/wx/3.70,554.3,22.0,4.54,270,1.56
2026.108.17:03:00/wx/3.60,554.3,16.3,4.13,286,1.48
2026.108.17:04:00/wx/4.00,554.3,17.8,3.43,270,1.50
2026.108.17:05:00/wx/4.91,554.3,17.0,4.96,259,1.53
2026.108.17:06:00/wx/4.46,554.3,20.0,5.62,248,1.62
2026.108.17:07:00/wx/4.25,554.3,22.1,6.34,278,1.38
2026.108.17:08:00/wx/3.70,554.2,20.2,5.23,287,1.53
2026.108.17:09:00/wx/4.15,554.3,18.5,6.02,266,1.78
2026.108.17:10:00/wx/3.80,554.3,18.8,4.64,264,1.55
2026.108.17:11:00/wx/3.63,554.3,23.7,4.21,278,1.65
2026.108.17:12:00/wx/4.39,554.3,22.2,5.32,271,1.63
2026.108.17:13:00/wx/4.21,554.3,18.8,5.07,271,1.45
2026.108.17:14:00/wx/3.68,554.2,18.3,4.05,290,1.60
2026.108.17:15:00/wx/4.70,554.3,19.0,6.48,260,1.43
2026.108.17:16:00/wx/3.72,554.2,16.4,3.61,276,1.60
2026.108.17:17:00/wx/3.84,554.2,18.0,6.29,287,1.56
2026.108.17:18:00/wx/3.20,554.2,18.4,5.95,295,1.64
2026.108.17:19:00/wx/3.36,554.2,22.9,4.99,301,1.68
2026.108.17:20:00/wx/4.01,554.2,23.5,5.71,269,1.59
2026.108.17:21:00/wx/4.27,554.2,20.0,6.98,303,1.53
2026.108.17:22:00/wx/3.65,554.2,20.4,4.56,268,1.56
2026.108.17:23:00/wx/4.09,554.2,20.0,5.42,259,1.54
2026.108.17:24:00/wx/3.51,554.2,19.7,5.07,259,1.69
2026.108.17:25:00/wx/4.51,554.2,17.7,7.36,281,1.64
2026.108.17:26:00/wx/4.34,554.2,19.3,7.30,277,1.59
2026.108.17:27:00/wx/4.75,554.2,18.8,4.98,253,1.51
2026.108.17:28:00/wx/3.97,554.2,22.8,2.95,255,1.59
2026.108.17:29:00/wx/3.65,554.2,25.7,2.74,264,1.64
2026.108.17:30:00/wx/4.31,554.2,22.1,6.03,294,1.75
2026.108.17:31:00/wx/3.96,554.2,21.7,5.23,283,1.55
2026.108.17:32:00/wx/4.15,554.2,21.7,6.54,284,1.65
2026.108.17:33:00/wx/3.95,554.2,20.9,6.34,246,1.71
2026.108.17:34:00/wx/3.45,554.2,24.0,3.56,273,1.76
2026.108.17:35:00/wx/3.30,554.2,23.7,3.93,276,1.68
2026.108.17:36:00/wx/4.11,554.1,19.8,5.84,261,1.53
2026.108.17:37:00/wx/4.05,554.2,20.1,5.31,272,1.64
2026.108.17:38:00/wx/3.20,554.1,21.6,5.83,290,1.67
2026.108.17:39:00/wx/4.03,554.1,20.5,6.22,271,1.59
2026.108.17:40:00/wx/3.60,554.1,22.9,5.03,282,1.61
2026.108.17:41:00/wx/3.78,554.2,23.1,5.68,254,1.49
2026.108.17:42:00/wx/4.49,554.1,21.8,7.82,248,1.61
2026.108.17:43:00/wx/4.10,554.1,21.5,7.06,273,1.63
2026.108.17:44:00/wx/3.47,554.1,21.3,7.23,248,1.51
2026.108.17:45:00/wx/3.30,554.1,22.0,4.63,258,1.53
2026.108.17:46:00/wx/3.00,554.1,24.4,4.83,277,1.48
2026.108.17:47:00/wx/3.84,554.1,22.0,8.61,281,1.47
2026.108.17:48:00/wx/4.05,554.1,22.7,8.71,279,1.55
2026.108.17:49:00/wx/3.63,554.1,22.2,6.74,273,1.59
2026.108.17:50:00/wx/3.51,554.1,24.9,6.65,257,1.60
2026.108.17:51:00/wx/3.43,554.1,21.3,7.79,278,1.52
2026.108.17:52:00/wx/3.17,554.1,21.3,6.39,278,1.52
2026.108.17:53:00/wx/3.66,554.1,21.3,7.57,279,1.51
2026.108.17:54:00/wx/3.43,554.1,22.3,6.74,292,1.62
2026.108.17:55:00/wx/3.51,554.1,21.3,7.46,279,1.56
2026.108.17:56:00/wx/3.32,554.1,23.2,7.20,273,1.53
2026.108.17:57:00/wx/3.62,554.1,19.9,7.96,279,1.62
2026.108.17:58:00/wx/3.87,554.1,20.4,9.13,290,1.57
2026.108.17:59:00/wx/3.43,554.1,21.2,5.67,273,1.74
2026.108.18:00:00/wx/4.11,554.1,20.5,8.58,284,1.65
2026.108.18:01:00/wx/4.10,554.1,20.5,7.98,288,1.62
2026.108.18:02:00/wx/3.63,554.1,20.3,8.06,262,1.44
2026.108.18:03:00/wx/3.41,554.1,20.9,7.98,277,1.56
2026.108.18:04:00/wx/3.31,554.1,21.9,5.43,278,1.50
2026.108.18:05:00/wx/3.41,554.1,22.5,5.44,271,1.61
2026.108.18:06:00/wx/3.44,554.0,23.1,5.29,277,1.71
2026.108.18:07:00/wx/3.10,554.0,24.6,6.43,237,1.77
2026.108.18:08:00/wx/3.10,554.0,26.0,6.73,251,1.72
2026.108.18:09:00/wx/3.87,554.0,21.6,9.33,280,1.71
2026.108.18:10:00/wx/3.72,554.0,19.4,6.07,273,1.55
2026.108.18:11:00/wx/3.54,553.9,18.7,6.15,278,1.56
2026.108.18:12:00/wx/3.90,554.0,23.1,9.33,248,1.63
2026.108.18:13:00/wx/3.68,554.0,23.2,7.30,274,1.72
2026.108.18:14:00/wx/3.70,554.0,19.4,6.74,288,1.82
2026.108.18:15:00/wx/3.27,554.0,23.0,8.39,272,1.75
2026.108.18:16:00/wx/3.24,554.0,24.2,7.61,258,1.63
2026.108.18:17:00/wx/3.20,554.0,24.5,7.43,248,1.65
2026.108.18:18:00/wx/2.84,554.0,25.4,6.16,263,1.70
2026.108.18:19:00/wx/3.08,554.0,22.4,6.71,286,1.76
2026.108.18:20:00/wx/3.55,554.1,22.5,7.92,281,1.67
2026.108.18:21:00/wx/3.07,554.0,19.8,6.52,279,1.56
2026.108.18:22:00/wx/3.20,554.0,20.6,6.63,277,1.72
2026.108.18:23:00/wx/3.04,554.0,19.1,5.42,281,1.73
2026.108.18:24:00/wx/2.99,554.0,20.9,6.61,268,1.59
2026.108.18:25:00/wx/2.85,554.0,19.4,8.31,284,1.60
2026.108.18:26:00/wx/2.80,554.0,20.9,8.19,283,1.59
2026.108.18:27:00/wx/2.90,554.0,21.6,8.53,252,1.69
2026.108.18:28:00/wx/2.39,554.0,23.8,8.32,253,1.67
2026.108.18:29:00/wx/2.02,553.9,24.6,5.83,267,1.61
2026.108.18:30:00/wx/2.43,554.0,23.8,7.14,261,1.65
2026.108.18:31:00/wx/3.36,554.0,21.4,8.75,289,1.70
2026.108.18:32:00/wx/2.79,554.0,21.8,6.44,289,1.63
2026.108.18:33:00/wx/2.94,554.0,22.3,7.36,253,1.64
2026.108.18:34:00/wx/2.79,554.0,22.1,4.12,269,1.67
2026.108.18:35:00/wx/2.71,553.9,21.0,8.71,236,1.75
2026.108.18:36:00/wx/2.89,553.9,20.1,7.06,245,1.70
2026.108.18:37:00/wx/2.80,553.9,20.6,4.76,268,1.72
2026.108.18:38:00/wx/3.92,553.9,20.0,4.42,275,1.58
2026.108.18:39:00/wx/3.72,553.9,19.7,6.43,267,1.67
2026.108.18:40:00/wx/3.12,553.9,21.0,7.25,249,1.78
2026.108.18:41:00/wx/2.95,553.9,21.8,6.06,271,1.79
2026.108.18:42:00/wx/3.09,553.9,17.2,8.12,289,1.72
2026.108.18:43:00/wx/2.80,553.9,18.3,8.42,284,1.66
2026.108.18:44:00/wx/3.20,553.9,18.2,6.20,250,1.65
2026.108.18:45:00/wx/3.30,553.9,17.6,6.70,280,1.73
2026.108.18:46:00/wx/2.88,553.9,18.8,5.70,266,1.72
2026.108.18:47:00/wx/2.51,553.8,21.5,5.54,275,1.74
2026.108.18:48:00/wx/3.50,553.9,18.1,6.98,276,1.62
2026.108.18:49:00/wx/3.21,553.9,20.0,9.12,280,1.72
2026.108.18:50:00/wx/2.59,553.9,21.1,7.90,286,1.77
2026.108.18:51:00/wx/2.69,553.9,22.8,5.99,266,1.73
2026.108.18:52:00/wx/2.20,553.8,23.0,6.84,256,1.61
2026.108.18:53:00/wx/2.63,553.9,22.4,7.35,275,1.69
2026.108.18:54:00/wx/2.90,553.8,20.6,7.13,277,1.68
2026.108.18:55:00/wx/2.76,553.8,22.1,6.08,274,1.65
2026.108.18:56:00/wx/2.42,553.8,22.5,5.80,269,1.61
2026.108.18:57:00/wx/2.34,553.8,23.5,4.47,275,1.63
2026.108.18:58:00/wx/2.42,553.8,23.0,5.30,264,1.56
2026.108.18:59:00/wx/2.30,553.8,22.1,7.73,287,1.59
2026.108.19:00:00/wx/3.00,553.8,22.4,4.18,260,1.53
2026.108.19:01:00/wx/2.38,553.7,22.8,6.80,262,1.59
2026.108.19:02:00/wx/2.34,553.8,21.4,8.71,283,1.70
2026.108.19:03:00/wx/2.49,553.8,21.6,5.81,277,1.70
2026.108.19:04:00/wx/2.20,553.8,22.0,5.13,269,1.66
2026.108.19:05:00/wx/2.64,553.7,21.0,8.51,298,1.59
2026.108.19:06:00/wx/3.33,553.7,20.3,8.14,291,1.66
2026.108.19:07:00/wx/3.20,553.7,21.2,9.01,249,1.69
2026.108.19:08:00/wx/2.89,553.7,21.8,5.90,277,1.56
2026.108.19:09:00/wx/2.47,553.7,20.4,6.24,269,1.62
2026.108.19:10:00/wx/2.42,553.7,21.3,7.81,254,1.75
2026.108.19:11:00/wx/2.29,553.7,21.9,6.24,260,1.71
2026.108.19:12:00/wx/2.40,553.7,21.7,6.44,279,1.68
2026.108.19:13:00/wx/2.64,553.7,21.4,7.41,265,1.64
2026.108.19:14:00/wx/2.31,553.7,23.0,6.32,268,1.66
2026.108.19:15:00/wx/2.90,553.7,22.7,8.55,292,1.55
2026.108.19:16:00/wx/2.69,553.7,22.0,7.17,270,1.63
2026.108.19:17:00/wx/2.30,553.7,22.1,6.90,266,1.57
2026.108.19:18:00/wx/2.00,553.7,23.0,9.18,287,1.73
2026.108.19:19:00/wx/2.10,553.7,23.0,6.34,268,1.64
2026.108.19:20:00/wx/2.00,553.6,24.1,6.70,250,1.75
2026.108.19:21:00/wx/2.51,553.7,24.3,8.40,281,1.73
2026.108.19:22:00/wx/2.96,553.6,24.3,5.92,268,1.69
2026.108.19:23:00/wx/3.12,553.5,23.7,9.19,274,1.87
2026.108.19:24:00/wx/2.76,553.7,23.1,8.99,281,1.73
2026.108.19:25:00/wx/2.25,553.6,24.6,6.17,272,1.71
2026.108.19:26:00/wx/2.60,553.6,24.7,10.36,246,1.84
2026.108.19:27:00/wx/2.03,553.6,24.8,9.14,253,1.89
2026.108.19:28:00/wx/2.10,553.6,24.1,7.17,266,1.74
2026.108.19:29:00/wx/2.51,553.6,23.9,8.25,252,1.73
2026.108.19:30:00/wx/2.47,553.6,23.2,6.56,280,1.82
2026.108.19:31:00/wx/2.40,553.6,23.9,6.03,280,1.77
2026.108.19:32:00/wx/3.10,553.7,23.4,7.90,280,1.78
2026.108.19:33:00/wx/2.13,553.7,24.9,8.41,279,1.79
2026.108.19:34:00/wx/2.48,553.6,26.1,7.81,290,1.88
2026.108.19:35:00/wx/2.62,553.6,26.2,7.94,278,1.93
2026.108.19:36:00/wx/2.30,553.6,26.0,7.83,278,1.92
2026.108.19:37:00/wx/2.55,553.6,27.0,7.86,256,1.78
2026.108.19:38:00/wx/2.12,553.6,26.6,10.81,249,1.81
2026.108.19:39:00/wx/1.91,553.6,27.1,6.94,244,1.91
2026.108.19:40:00/wx/1.70,553.6,27.4,8.93,250,1.94
2026.108.19:41:00/wx/1.70,553.6,27.5,6.82,260,1.88
2026.108.19:42:00/wx/1.90,553.6,26.3,6.77,261,1.95
2026.108.19:43:00/wx/2.01,553.6,25.5,6.18,266,2.06
2026.108.19:44:00/wx/2.00,553.6,25.8,6.82,269,2.00
2026.108.19:45:00/wx/1.53,553.6,27.3,7.85,252,1.86
2026.108.19:46:00/wx/2.31,553.6,27.1,9.28,278,1.93
2026.108.19:47:00/wx/1.95,553.6,27.9,6.73,278,1.90
2026.108.19:48:00/wx/1.60,553.6,29.1,6.74,263,2.08
2026.108.19:49:00/wx/1.74,553.6,29.8,7.83,279,1.88
2026.108.19:50:00/wx/1.80,553.6,29.5,6.73,270,1.91
2026.108.19:51:00/wx/1.49,553.6,31.2,7.47,280,1.97
2026.108.19:52:00/wx/1.33,553.6,32.6,6.59,263,1.99
2026.108.19:53:00/wx/1.80,553.6,31.3,7.20,268,1.97
2026.108.19:54:00/wx/1.60,553.6,31.5,7.11,279,1.92
2026.108.19:55:00/wx/1.86,553.5,31.6,9.57,280,1.87
2026.108.19:56:00/wx/1.79,553.6,31.9,8.84,252,1.87
2026.108.19:57:00/wx/1.90,553.6,30.8,7.65,277,1.96
2026.108.19:58:00/wx/1.90,553.6,32.2,7.58,263,2.01
2026.108.19:59:00/wx/1.93,553.6,33.6,6.67,277,2.08
2026.108.20:00:00/wx/2.09,553.6,32.5,8.20,271,2.00
2026.108.20:01:00/wx/1.82,553.6,31.2,5.70,276,2.01
2026.108.20:02:00/wx/1.90,553.6,32.1,7.97,297,1.82
2026.108.20:03:00/wx/2.90,553.6,31.2,7.23,263,1.97
2026.108.20:04:00/wx/1.80,553.6,32.2,7.27,276,2.06
2026.108.20:05:00/wx/1.70,553.6,32.3,7.41,280,2.15
2026.108.20:06:00/wx/1.43,553.6,32.2,7.11,279,2.09
2026.108.20:07:00/wx/1.69,553.6,30.6,8.50,279,2.01
2026.108.20:08:00/wx/1.20,553.6,33.1,6.60,277,1.95
2026.108.20:09:00/wx/1.72,553.6,33.1,7.04,274,1.88
2026.108.20:10:00/wx/1.30,553.6,33.8,8.99,283,1.92
2026.108.20:11:00/wx/1.10,553.6,33.8,5.14,277,2.03
2026.108.20:12:00/wx/1.95,553.5,32.4,7.38,272,1.94
2026.108.20:13:00/wx/1.40,553.5,32.1,5.73,272,2.04
2026.108.20:14:00/wx/2.17,553.5,31.4,5.37,275,1.99
2026.108.20:15:00/wx/1.82,553.5,32.5,8.89,285,2.07
2026.108.20:16:00/wx/1.92,553.5,33.2,5.66,274,2.02
2026.108.20:17:00/wx/1.73,553.5,33.0,7.37,269,2.10
2026.108.20:18:00/wx/1.60,553.5,34.7,6.63,266,2.20
2026.108.20:19:00/wx/1.29,553.5,34.7,5.46,267,2.26
2026.108.20:20:00/wx/1.11,553.5,34.4,7.09,253,2.15
2026.108.20:21:00/wx/1.74,553.5,32.1,7.91,282,2.12
2026.108.20:22:00/wx/2.12,553.6,33.5,7.20,256,2.12
2026.108.20:23:00/wx/1.10,553.6,36.0,5.33,272,2.10
2026.108.20:24:00/wx/1.00,553.6,36.6,8.56,251,2.10
2026.108.20:25:00/wx/1.21,553.6,36.5,10.24,249,2.12
2026.108.20:26:00/wx/1.70,553.6,35.5,6.47,248,2.15
2026.108.20:27:00/wx/1.76,553.6,33.0,9.41,248,2.28
2026.108.20:28:00/wx/1.20,553.6,34.7,9.25,246,2.20
2026.108.20:29:00/wx/1.19,553.6,34.9,4.91,259,2.18
2026.108.20:30:00/wx/0.92,553.6,34.0,10.82,247,2.22
2026.108.20:31:00/wx/0.93,553.6,34.8,5.80,262,2.09
2026.108.20:32:00/wx/0.92,553.6,34.2,6.11,263,2.05
2026.108.20:33:00/wx/1.20,553.6,34.8,5.33,261,1.98
2026.108.20:34:00/wx/1.18,553.6,35.6,4.47,266,2.10
2026.108.20:35:00/wx/1.31,553.6,35.1,6.21,271,2.13
2026.108.20:36:00/wx/1.31,553.6,34.1,6.76,276,2.13
2026.108.20:37:00/wx/1.27,553.6,35.3,7.58,289,1.93
2026.108.20:38:00/wx/1.31,553.6,35.6,6.41,265,1.93
2026.108.20:39:00/wx/1.36,553.6,34.9,8.38,244,1.95
2026.108.20:40:00/wx/1.00,553.6,35.9,7.33,248,2.11
2026.108.20:41:00/wx/0.96,553.6,36.7,6.57,252,2.04
2026.108.20:42:00/wx/0.99,553.7,36.2,5.87,269,2.02
2026.108.20:43:00/wx/1.10,553.6,34.4,5.57,279,2.12
2026.108.20:44:00/wx/1.06,553.6,34.7,6.41,279,2.08
2026.108.20:45:00/wx/1.11,553.7,35.1,9.61,288,2.23
2026.108.20:46:00/wx/1.07,553.6,35.5,8.06,285,2.24
2026.108.20:47:00/wx/1.25,553.6,36.5,6.11,256,2.28
2026.108.20:48:00/wx/1.09,553.6,36.5,9.58,243,2.09
2026.108.20:49:00/wx/1.05,553.6,36.7,6.42,262,2.21
2026.108.20:50:00/wx/1.00,553.6,36.5,8.93,254,2.10
2026.108.20:51:00/wx/0.66,553.6,36.6,6.35,266,2.07
2026.108.20:52:00/wx/1.00,553.6,36.3,5.82,272,2.16
2026.108.20:53:00/wx/0.59,553.6,35.9,4.95,253,2.16
2026.108.20:54:00/wx/0.70,553.6,35.3,7.07,287,2.16
2026.108.20:55:00/wx/0.90,553.6,34.4,5.13,265,2.09
2026.108.20:56:00/wx/0.95,553.6,34.8,6.96,251,2.05
2026.108.20:57:00/wx/0.70,553.6,35.0,6.68,273,2.04
2026.108.20:58:00/wx/0.80,553.6,34.3,7.22,279,2.03
2026.108.20:59:00/wx/0.60,553.6,33.4,7.68,282,2.05
2026.108.21:00:00/wx/0.90,553.6,33.6,6.53,279,2.18
2026.108.21:01:00/wx/0.60,553.6,34.0,6.65,276,2.09
2026.108.21:02:00/wx/0.70,553.6,34.2,8.48,284,2.23
2026.108.21:03:00/wx/0.60,553.6,32.6,7.78,286,2.10
2026.108.21:04:00/wx/0.60,553.6,34.1,5.39,294,2.09
2026.108.21:05:00/wx/0.50,553.6,35.1,7.73,295,2.13
2026.108.21:06:00/wx/0.56,553.6,34.1,7.63,278,2.05
2026.108.21:07:00/wx/0.50,553.6,34.3,7.86,284,2.13
2026.108.21:08:00/wx/0.34,553.7,34.2,8.69,287,2.17
2026.108.21:09:00/wx/0.24,553.7,33.5,6.62,275,2.25
2026.108.21:10:00/wx/0.50,553.7,33.4,8.43,280,2.21
2026.108.21:11:00/wx/0.30,553.7,33.3,5.65,276,2.30
2026.108.21:12:00/wx/0.10,553.7,33.8,5.90,268,2.25
2026.108.21:13:00/wx/0.33,553.7,33.8,4.57,277,2.17
2026.108.21:14:00/wx/0.40,553.7,33.2,6.13,281,2.22
2026.108.21:15:00/wx/0.61,553.7,33.2,8.59,285,2.26
2026.108.21:16:00/wx/0.59,553.7,31.8,5.98,281,2.32
2026.108.21:17:00/wx/0.61,553.7,32.1,7.18,277,2.28
2026.108.21:18:00/wx/0.17,553.7,33.2,6.47,280,2.22
2026.108.21:19:00/wx/0.27,553.7,33.2,7.72,276,2.24
2026.108.21:20:00/wx/0.40,553.7,32.3,5.41,274,2.26
2026.108.21:21:00/wx/0.36,553.7,32.7,7.58,254,4.57
2026.108.21:22:00/wx/0.29,553.7,32.8,6.03,259,2.25
2026.108.21:23:00/wx/0.19,553.7,32.5,6.12,265,2.33
2026.108.21:24:00/wx/0.08,553.7,32.8,7.94,250,2.22
2026.108.21:25:00/wx/-0.10,553.7,33.0,5.17,270,2.40
2026.108.21:26:00/wx/0.09,553.7,32.6,4.60,268,2.40
2026.108.21:27:00/wx/0.30,553.7,32.2,7.83,270,2.33
2026.108.21:28:00/wx/0.23,553.7,32.8,7.42,278,2.39
2026.108.21:29:00/wx/0.01,553.7,32.5,6.80,281,2.33
2026.108.21:30:00/wx/0.10,553.7,31.9,6.50,268,2.25
2026.108.21:31:00/wx/0.00,553.7,31.4,6.26,265,2.21
2026.108.21:32:00/wx/0.00,553.7,31.3,6.03,260,2.22
2026.108.21:33:00/wx/0.20,553.7,30.7,7.69,253,2.21
2026.108.21:34:00/wx/-0.10,553.7,30.4,6.63,257,2.23
2026.108.21:35:00/wx/0.18,553.7,30.3,8.73,251,2.19
2026.108.21:36:00/wx/0.00,553.7,30.7,5.66,259,2.27
2026.108.21:37:00/wx/-0.10,553.7,31.3,8.63,247,2.34
2026.108.21:38:00/wx/-0.10,553.7,31.8,8.27,246,2.44
2026.108.21:39:00/wx/0.00,553.7,31.8,7.10,248,2.40
2026.108.21:40:00/wx/0.08,553.8,31.5,5.90,272,2.41
2026.108.21:41:00/wx/-0.20,553.8,31.9,5.32,275,2.43
2026.108.21:42:00/wx/-0.10,553.7,31.8,6.71,282,2.38
2026.108.21:43:00/wx/-0.15,553.8,31.9,6.88,261,2.25
2026.108.21:44:00/wx/-0.20,553.8,32.6,7.10,257,2.41
2026.108.21:45:00/wx/-0.42,553.8,33.1,8.31,252,2.45
2026.108.21:46:00/wx/-0.60,553.8,34.1,7.59,266,2.40
2026.108.21:47:00/wx/-0.60,553.9,34.1,5.41,261,2.41
2026.108.21:48:00/wx/-0.40,553.8,33.7,6.46,264,2.46
2026.108.21:49:00/wx/-0.40,553.8,34.1,6.71,257,2.48
2026.108.21:50:00/wx/-0.40,553.8,34.6,5.17,264,2.48
2026.108.21:51:00/wx/-0.58,553.8,35.9,5.64,276,2.45
2026.108.21:52:00/wx/-0.61,553.8,35.4,5.23,254,2.49
2026.108.21:53:00/wx/-0.95,553.8,37.2,5.60,252,2.50
2026.108.21:54:00/wx/-0.90,553.8,37.0,10.49,245,2.56
2026.108.21:55:00/wx/-0.90,553.8,39.0,8.90,240,2.54
2026.108.21:56:00/wx/-0.92,553.8,40.7,8.89,245,2.61
2026.108.21:57:00/wx/-1.00,553.8,41.0,9.29,235,2.56
2026.108.21:58:00/wx/-1.00,553.9,40.6,8.00,249,2.54
2026.108.21:59:00/wx/-1.10,553.9,41.1,6.13,257,2.56
2026.108.22:00:00/wx/-1.09,553.9,41.2,7.15,251,2.60
2026.108.22:01:00/wx/-1.30,553.9,41.7,7.75,253,2.63
2026.108.22:02:00/wx/-1.29,553.9,42.0,6.55,263,2.63
2026.108.22:03:00/wx/-1.30,553.9,42.1,8.78,248,2.65
2026.108.22:04:00/wx/-1.40,553.9,42.6,10.22,246,2.55
2026.108.22:05:00/wx/-1.50,553.9,43.1,8.68,250,2.50
2026.108.22:06:00/wx/-1.59,553.9,43.6,6.65,269,2.52
2026.108.22:07:00/wx/-1.50,553.9,43.6,6.69,253,2.52
2026.108.22:08:00/wx/-1.60,553.9,43.5,5.88,253,2.60
2026.108.22:09:00/wx/-1.50,553.9,43.8,8.22,253,2.60
2026.108.22:10:00/wx/-1.55,553.9,44.2,7.34,251,2.67
2026.108.22:11:00/wx/-1.60,554.0,44.7,5.21,264,2.67
2026.108.22:12:00/wx/-1.70,553.9,45.0,5.84,257,2.71
2026.108.22:13:00/wx/-1.70,553.9,44.8,8.34,254,2.72
2026.108.22:14:00/wx/-1.70,553.9,44.7,8.11,246,2.79
2026.108.22:15:00/wx/-1.60,553.9,45.1,6.07,253,2.82
2026.108.22:16:00/wx/-1.69,553.9,45.3,6.03,259,2.75
2026.108.22:17:00/wx/-1.80,553.9,45.8,7.64,258,2.74
2026.108.22:18:00/wx/-1.80,554.0,46.3,5.85,266,2.82
2026.108.22:19:00/wx/-1.90,553.9,46.3,7.25,252,2.80
2026.108.22:20:00/wx/-1.80,553.9,46.5,5.05,277,2.83
2026.108.22:21:00/wx/-1.90,553.9,46.6,5.89,255,2.79
2026.108.22:22:00/wx/-2.02,554.0,46.7,5.22,255,2.80
2026.108.22:23:00/wx/-2.02,554.0,47.1,6.08,255,2.85
2026.108.22:24:00/wx/-2.00,554.0,46.8,4.26,257,2.89
2026.108.22:25:00/wx/-2.11,554.0,47.1,5.46,264,2.94
2026.108.22:26:00/wx/-2.00,554.0,47.2,5.96,269,2.90
2026.108.22:27:00/wx/-2.10,554.0,47.3,7.14,247,2.89
2026.108.22:28:00/wx/-2.20,554.0,47.6,4.98,255,2.91
2026.108.22:29:00/wx/-2.20,554.0,48.1,6.45,255,2.90
2026.108.22:30:00/wx/-2.04,554.0,48.4,6.51,253,2.85
2026.108.22:31:00/wx/-2.19,554.0,48.1,6.76,250,2.88
2026.108.22:32:00/wx/-2.30,554.0,48.9,7.44,251,2.90
2026.108.22:33:00/wx/-2.38,554.0,49.0,7.63,250,2.86
2026.108.22:34:00/wx/-2.30,554.0,49.3,6.91,251,2.83
2026.108.22:35:00/wx/-2.30,554.0,49.2,5.27,259,2.83
2026.108.22:36:00/wx/-2.40,554.1,49.4,5.81,257,2.83
2026.108.22:37:00/wx/-2.40,554.0,49.8,5.11,257,2.81
2026.108.22:38:00/wx/-2.38,554.0,49.7,5.27,263,2.81
2026.108.22:39:00/wx/-2.40,554.0,49.9,4.97,266,2.76
2026.108.22:40:00/wx/-2.50,554.0,50.0,5.48,255,2.74
2026.108.22:41:00/wx/-2.50,554.0,50.2,7.13,251,2.70
2026.108.22:42:00/wx/-2.36,554.0,50.3,5.81,269,2.71
2026.108.22:43:00/wx/-2.30,554.0,50.1,5.36,262,2.72
2026.108.22:44:00/wx/-2.40,554.0,50.3,4.55,260,2.73
2026.108.22:45:00/wx/-2.56,554.0,50.6,6.02,256,2.73
2026.108.22:46:00/wx/-2.70,554.0,51.0,7.13,255,2.73
2026.108.22:47:00/wx/-2.70,554.0,51.6,6.05,252,2.69
2026.108.22:48:00/wx/-2.80,554.0,52.1,5.75,253,2.70
2026.108.22:49:00/wx/-2.80,554.0,52.9,4.77,262,2.68
2026.108.22:50:00/wx/-2.70,554.0,53.4,5.02,260,2.64
2026.108.22:51:00/wx/-2.70,554.0,53.4,5.53,253,2.61
2026.108.22:52:00/wx/-2.80,554.0,53.4,5.28,255,2.62
2026.108.22:53:00/wx/-2.80,554.0,53.8,4.75,255,2.55
2026.108.22:54:00/wx/-3.00,554.0,53.5,4.64,266,2.64
2026.108.22:55:00/wx/-3.00,554.0,53.6,5.65,252,2.63
2026.108.22:56:00/wx/-2.90,554.0,53.5,4.83,257,2.67
2026.108.22:57:00/wx/-2.90,554.0,53.7,5.28,255,2.65
2026.108.22:58:00/wx/-2.99,554.1,54.0,4.91,260,2.67
2026.108.22:59:00/wx/-2.90,554.1,54.2,4.91,256,2.65
2026.108.23:00:00/wx/-2.83,554.1,54.0,4.82,257,2.65
2026.108.23:01:00/wx/-2.80,554.0,53.4,5.41,260,2.64
2026.108.23:02:00/wx/-2.76,554.0,53.6,5.02,257,2.62
2026.108.23:03:00/wx/-2.80,554.0,53.7,5.10,266,2.60
2026.108.23:04:00/wx/-2.80,554.1,53.5,3.67,263,2.60
2026.108.23:05:00/wx/-2.97,554.0,53.8,4.17,267,2.57
2026.108.23:06:00/wx/-2.89,554.1,53.4,4.81,270,2.60
2026.108.23:07:00/wx/-2.96,554.0,53.4,3.85,264,2.59
2026.108.23:08:00/wx/-3.00,554.1,54.0,4.32,262,2.67
2026.108.23:09:00/wx/-3.00,554.1,54.3,4.44,261,2.67
2026.108.23:10:00/wx/-2.92,554.1,54.4,4.88,253,2.65
2026.108.23:11:00/wx/-3.00,554.1,54.2,4.61,257,2.62
2026.108.23:12:00/wx/-2.94,554.1,54.5,4.96,257,2.65
2026.108.23:13:00/wx/-3.00,554.1,54.4,4.03,268,2.64
2026.108.23:14:00/wx/-3.13,554.1,55.4,3.34,269,2.66
2026.108.23:15:00/wx/-3.38,554.1,56.1,3.39,274,2.66
2026.108.23:16:00/wx/-3.30,554.1,56.7,4.30,257,2.70
2026.108.23:17:00/wx/-3.30,554.1,57.1,3.93,263,2.72
2026.108.23:18:00/wx/-3.40,554.2,57.6,3.72,260,2.74
2026.108.23:19:00/wx/-3.40,554.2,58.0,3.35,268,2.71
2026.108.23:20:00/wx/-3.32,554.2,58.0,3.88,260,2.72
2026.108.23:21:00/wx/-3.40,554.2,58.3,3.00,270,2.73
2026.108.23:22:00/wx/-3.54,554.2,58.1,3.83,275,2.67
2026.108.23:23:00/wx/-3.40,554.2,57.3,5.02,280,2.67
2026.108.23:24:00/wx/-3.71,554.2,56.5,3.48,281,2.72
2026.108.23:25:00/wx/-4.00,554.2,57.4,3.73,280,2.73
2026.108.23:26:00/wx/-3.90,554.2,58.6,4.34,281,2.83
2026.108.23:27:00/wx/-3.55,554.2,59.0,4.20,276,2.70
2026.108.23:28:00/wx/-3.60,554.2,58.2,4.13,283,2.70
2026.108.23:29:00/wx/-3.70,554.2,57.6,4.82,285,2.72
2026.108.23:30:00/wx/-3.70,554.2,58.0,4.71,293,2.69
2026.108.23:31:00/wx/-3.70,554.2,58.3,5.10,291,2.68
2026.108.23:32:00/wx/-3.70,554.2,58.4,5.20,292,2.65
2026.108.23:33:00/wx/-3.80,554.1,58.7,5.13,292,2.63
2026.108.23:34:00/wx/-3.93,554.1,59.4,4.90,300,2.57
2026.108.23:35:00/wx/-4.48,554.1,60.0,5.23,300,2.59
2026.108.23:36:00/wx/-4.39,554.1,61.3,5.68,303,2.59
2026.108.23:37:00/wx/-4.20,554.1,60.6,5.54,306,2.58
2026.108.23:38:00/wx/-4.10,554.1,60.3,5.13,311,2.60
2026.108.23:39:00/wx/-4.20,554.1,60.3,5.56,311,2.52
2026.108.23:40:00/wx/-4.48,554.1,60.2,4.92,317,2.51
2026.108.23:41:00/wx/-4.80,554.1,61.1,5.05,320,2.55
2026.108.23:42:00/wx/-4.80,554.1,61.7,5.05,318,2.56
2026.108.23:43:00/wx/-4.80,554.1,62.0,5.33,320,2.54
2026.108.23:44:00/wx/-4.94,554.1,61.9,4.63,326,2.58
2026.108.23:45:00/wx/-4.90,554.1,62.3,4.19,326,2.59
2026.108.23:46:00/wx/-4.59,554.1,62.2,5.03,325,2.61
2026.108.23:47:00/wx/-4.30,554.1,61.3,5.06,323,2.62
2026.108.23:48:00/wx/-4.10,554.1,60.8,4.94,323,2.66
2026.108.23:49:00/wx/-4.10,554.1,60.5,5.32,323,2.67
2026.108.23:50:00/wx/-4.10,554.1,60.4,5.34,328,2.66
2026.108.23:51:00/wx/-4.10,554.1,60.5,5.52,330,2.65
2026.108.23:52:00/wx/-4.00,554.1,60.3,5.89,332,2.64
2026.108.23:53:00/wx/-3.90,554.1,59.7,5.65,334,2.61
2026.108.23:54:00/wx/-3.80,554.1,59.9,5.91,333,2.57
2026.108.23:55:00/wx/-3.80,554.1,60.0,5.93,330,2.62
2026.108.23:56:00/wx/-3.70,554.1,59.9,5.45,330,2.52
2026.108.23:57:00/wx/-3.70,554.1,59.5,5.70,333,2.55
2026.108.23:58:00/wx/-3.81,554.1,59.2,5.23,328,2.58
2026.108.23:59:00/wx/-3.76,554.1,59.6,5.37,336,2.59
2026.109.00:00:00/wx/-3.59,554.1,58.6,5.54,334,2.58
2026.109.00:01:00/wx/-3.60,554.1,58.7,5.06,332,2.57
2026.109.00:02:00/wx/-3.50,554.1,57.9,5.47,339,2.59
2026.109.00:03:00/wx/-3.39,554.1,57.4,5.44,335,2.57
2026.109.00:04:00/wx/-3.25,554.1,56.7,4.76,334,2.63
2026.109.00:05:00/wx/-3.11,554.1,55.7,4.45,334,2.63
2026.109.00:06:00/wx/-3.10,554.1,55.1,4.61,334,2.67
2026.109.00:07:00/wx/-3.30,554.2,55.7,4.92,315,2.71
2026.109.00:08:00/wx/-3.29,554.2,55.4,5.29,313,2.75
2026.109.00:09:00/wx/-2.95,554.1,55.1,5.85,330,2.70
2026.109.00:10:00/wx/-2.50,554.2,52.0,4.93,336,2.71
2026.109.00:11:00/wx/-2.30,554.1,49.9,5.13,336,2.70
2026.109.00:12:00/wx/-2.00,554.2,47.7,5.13,341,2.69
2026.109.00:13:00/wx/-1.90,554.1,47.0,4.53,331,2.68
2026.109.00:14:00/wx/-2.41,554.2,48.7,4.97,323,2.74
2026.109.00:15:00/wx/-1.90,554.2,46.4,5.33,331,2.75
2026.109.00:16:00/wx/-1.83,554.2,45.1,4.91,339,2.71
2026.109.00:17:00/wx/-1.72,554.2,44.5,5.78,329,2.74
2026.109.00:18:00/wx/-1.17,554.2,41.3,4.54,332,2.73
2026.109.00:19:00/wx/-1.31,554.2,40.4,6.36,321,2.74
2026.109.00:20:00/wx/-1.00,554.2,38.4,5.93,332,2.73
2026.109.00:21:00/wx/-1.17,554.2,38.9,6.75,339,2.76
2026.109.00:22:00/wx/-0.92,554.2,37.8,5.42,334,2.76
2026.109.00:23:00/wx/-0.90,554.2,37.5,5.14,347,2.75
2026.109.00:24:00/wx/-1.30,554.2,37.7,4.91,328,2.71
2026.109.00:25:00/wx/-0.80,554.2,36.5,6.23,348,2.72
2026.109.00:26:00/wx/-0.63,554.2,35.2,5.44,329,2.72
2026.109.00:27:00/wx/-0.53,554.2,35.0,6.72,345,2.75
2026.109.00:28:00/wx/-0.35,554.2,33.3,5.29,327,2.77
2026.109.00:29:00/wx/-0.84,554.2,35.5,6.01,333,2.79
2026.109.00:30:00/wx/-0.70,554.2,35.5,6.19,312,2.81
2026.109.00:31:00/wx/-1.04,554.2,36.2,5.53,332,2.79
2026.109.00:32:00/wx/-0.92,554.2,36.1,6.14,333,2.84
2026.109.00:33:00/wx/-0.93,554.2,35.7,5.99,332,2.84
2026.109.00:34:00/wx/-0.71,554.2,35.4,5.95,334,2.82
2026.109.00:35:00/wx/-0.81,554.2,35.2,5.54,332,2.84
2026.109.00:36:00/wx/-0.90,554.2,35.8,5.63,329,2.86
2026.109.00:37:00/wx/-0.89,554.2,35.6,5.36,326,2.85
2026.109.00:38:00/wx/-1.27,554.3,36.6,5.49,323,2.83
2026.109.00:39:00/wx/-0.72,554.3,35.5,6.06,329,2.80
2026.109.00:40:00/wx/-0.60,554.3,34.4,5.73,325,2.77
2026.109.00:41:00/wx/-0.76,554.3,34.8,6.06,330,2.75
2026.109.00:42:00/wx/-0.80,554.3,34.8,5.40,323,2.74
2026.109.00:43:00/wx/-1.00,554.3,35.2,5.26,322,2.75
2026.109.00:44:00/wx/-1.00,554.3,35.1,5.21,319,2.78
2026.109.00:45:00/wx/-1.19,554.3,35.7,5.36,323,2.75
2026.109.00:46:00/wx/-0.99,554.3,35.0,5.60,326,2.76
2026.109.00:47:00/wx/-1.49,554.3,36.1,5.81,331,2.75
2026.109.00:48:00/wx/-1.53,554.3,36.4,5.63,332,2.74
2026.109.00:49:00/wx/-1.40,554.3,36.0,5.70,327,2.72
2026.109.00:50:00/wx/-1.40,554.3,35.7,5.91,329,2.75
2026.109.00:51:00/wx/-1.31,554.3,35.4,5.58,323,2.79
2026.109.00:52:00/wx/-1.40,554.3,35.5,6.04,328,2.77
2026.109.00:53:00/wx/-1.00,554.3,34.3,5.92,326,2.77
2026.109.00:54:00/wx/-1.09,554.3,34.0,5.96,326,2.76
2026.109.00:55:00/wx/-1.30,554.3,34.5,6.12,320,2.77
2026.109.00:56:00/wx/-1.44,554.3,34.8,6.71,317,2.77
2026.109.00:57:00/wx/-2.00,554.3,36.0,6.03,326,2.78
2026.109.00:58:00/wx/-2.20,554.3,36.5,5.82,326,2.79
2026.109.00:59:00/wx/-2.23,554.3,37.1,6.31,324,2.77
2026.109.01:00:00/wx/-1.70,554.3,35.5,6.19,328,2.74
2026.109.01:01:00/wx/-1.95,554.3,35.6,6.51,327,2.79
2026.109.01:02:00/wx/-2.20,554.3,36.3,5.63,329,2.75
2026.109.01:03:00/wx/-1.90,554.3,35.4,6.03,327,2.71
2026.109.01:04:00/wx/-2.00,554.3,35.3,6.25,325,2.74
2026.109.01:05:00/wx/-2.01,554.3,35.4,6.15,326,2.72
2026.109.01:06:00/wx/-2.47,554.3,36.3,6.05,326,2.70
2026.109.01:07:00/wx/-2.50,554.3,36.6,5.93,324,2.67
2026.109.01:08:00/wx/-2.59,554.3,37.0,6.14,320,2.68
2026.109.01:09:00/wx/-2.78,554.3,37.6,5.41,320,2.66
2026.109.01:10:00/wx/-3.30,554.3,39.2,5.98,319,2.66
2026.109.01:11:00/wx/-3.40,554.3,39.9,5.61,317,2.65
2026.109.01:12:00/wx/-3.70,554.3,40.7,4.73,314,2.64
2026.109.01:13:00/wx/-4.14,554.3,42.3,4.47,317,2.66
2026.109.01:14:00/wx/-4.49,554.3,43.7,5.40,316,2.68
2026.109.01:15:00/wx/-4.30,554.3,43.8,5.28,318,2.69
2026.109.01:16:00/wx/-3.84,554.3,43.0,5.60,316,2.67
2026.109.01:17:00/wx/-3.50,554.3,41.7,6.33,307,2.64
2026.109.01:18:00/wx/-3.40,554.3,41.2,5.55,311,2.65
2026.109.01:19:00/wx/-3.40,554.3,41.1,5.95,317,2.65
2026.109.01:20:00/wx/-3.42,554.3,40.8,5.33,317,2.62
2026.109.01:21:00/wx/-3.47,554.3,40.9,5.46,315,2.61
2026.109.01:22:00/wx/-3.30,554.3,40.7,5.34,312,2.59
2026.109.01:23:00/wx/-3.20,554.3,40.0,5.81,310,2.61
2026.109.01:24:00/wx/-3.20,554.3,39.9,5.44,311,2.58
2026.109.01:25:00/wx/-3.20,554.3,40.0,5.61,303,2.56
2026.109.01:26:00/wx/-3.00,554.3,39.2,5.48,303,2.54
2026.109.01:27:00/wx/-3.00,554.3,38.9,6.22,309,2.52
2026.109.01:28:00/wx/-2.80,554.3,38.4,6.02,311,2.51
2026.109.01:29:00/wx/-2.61,554.3,37.8,6.34,308,2.53
2026.109.01:30:00/wx/-2.32,554.3,37.0,6.59,311,2.48
2026.109.01:31:00/wx/-2.23,554.3,36.8,6.86,308,2.45
2026.109.01:32:00/wx/-1.80,554.3,35.8,6.81,306,2.44
2026.109.01:33:00/wx/-1.95,554.3,35.5,6.22,302,2.46
2026.109.01:34:00/wx/-2.49,554.3,36.6,6.01,312,2.42
2026.109.01:35:00/wx/-2.80,554.3,37.7,6.05,311,2.40
2026.109.01:36:00/wx/-2.40,554.3,37.1,5.83,310,2.44
2026.109.01:37:00/wx/-2.61,554.3,37.2,5.62,308,2.43
2026.109.01:38:00/wx/-2.61,554.3,37.6,5.92,303,2.47
2026.109.01:39:00/wx/-2.40,554.3,36.8,5.74,307,2.46
2026.109.01:40:00/wx/-2.30,554.3,36.5,6.05,310,2.42
2026.109.01:41:00/wx/-2.58,554.3,37.1,5.96,312,2.41
2026.109.01:42:00/wx/-2.60,554.3,37.5,6.20,308,2.39
2026.109.01:43:00/wx/-2.44,554.3,37.1,6.67,303,2.38
2026.109.01:44:00/wx/-2.40,554.3,36.8,5.48,305,2.34
2026.109.01:45:00/wx/-2.60,554.3,37.1,6.08,303,2.35
2026.109.01:46:00/wx/-2.51,554.3,37.1,6.97,302,2.34
2026.109.01:47:00/wx/-2.00,554.3,35.8,7.24,301,2.32
2026.109.01:48:00/wx/-2.10,554.3,35.4,6.63,301,2.33
2026.109.01:49:00/wx/-2.20,554.3,36.0,7.03,299,2.33
2026.109.01:50:00/wx/-2.00,554.3,35.5,7.78,300,2.34
2026.109.01:51:00/wx/-1.92,554.3,34.8,8.13,296,2.34
2026.109.01:52:00/wx/-1.69,554.3,34.2,7.62,305,2.33
2026.109.01:53:00/wx/-1.40,554.3,33.7,8.09,300,2.36
2026.109.01:54:00/wx/-1.30,554.3,33.3,7.73,299,2.37
2026.109.01:55:00/wx/-1.06,554.3,32.3,9.31,298,2.38
2026.109.01:56:00/wx/-1.00,554.3,32.2,8.18,298,2.39
2026.109.01:57:00/wx/-1.01,554.3,32.3,7.60,300,2.42
2026.109.01:58:00/wx/-1.30,554.3,33.1,8.36,299,2.46
2026.109.01:59:00/wx/-1.40,554.3,33.4,8.33,295,2.32
2026.109.02:00:00/wx/-1.45,554.3,33.8,8.35,303,2.36
2026.109.02:01:00/wx/-1.60,554.3,34.1,7.45,303,2.36
2026.109.02:02:00/wx/-1.60,554.3,34.2,8.26,301,2.39
2026.109.02:03:00/wx/-1.60,554.3,34.4,7.86,303,2.43
2026.109.02:04:00/wx/-1.60,554.3,34.6,8.13,305,2.50
2026.109.02:05:00/wx/-1.56,554.3,34.6,8.88,304,2.55
2026.109.02:06:00/wx/-1.50,554.4,34.6,8.43,306,2.53
2026.109.02:07:00/wx/-1.90,554.4,35.4,7.83,301,2.49
2026.109.02:08:00/wx/-2.22,554.4,36.3,7.56,302,2.48
2026.109.02:09:00/wx/-2.00,554.4,36.4,7.72,307,2.49
2026.109.02:10:00/wx/-2.13,554.4,36.7,6.89,307,2.51
2026.109.02:11:00/wx/-2.50,554.4,37.9,7.43,307,2.52
2026.109.02:12:00/wx/-2.63,554.4,38.3,6.68,309,2.55
2026.109.02:13:00/wx/-3.07,554.4,39.4,6.40,307,2.58
2026.109.02:14:00/wx/-3.19,554.4,40.4,7.10,303,2.57
2026.109.02:15:00/wx/-2.80,554.4,39.3,7.15,311,2.54
2026.109.02:16:00/wx/-3.29,554.4,40.2,5.62,305,2.54
2026.109.02:17:00/wx/-3.40,554.4,41.3,6.21,304,2.56
2026.109.02:18:00/wx/-2.92,554.4,39.8,6.14,309,2.50
2026.109.02:19:00/wx/-3.30,554.4,40.1,6.36,307,2.45
2026.109.02:20:00/wx/-3.00,554.3,39.8,6.28,308,2.45
2026.109.02:21:00/wx/-3.30,554.3,40.2,6.23,308,2.41
2026.109.02:22:00/wx/-3.40,554.3,40.7,6.13,303,2.40
2026.109.02:23:00/wx/-3.10,554.4,40.3,6.70,308,2.40
2026.109.02:24:00/wx/-3.00,554.4,39.7,6.45,308,2.44
2026.109.02:25:00/wx/-2.88,554.4,39.5,6.29,306,2.48
2026.109.02:26:00/wx/-2.80,554.4,39.3,6.52,307,2.49
2026.109.02:27:00/wx/-2.70,554.4,39.2,6.33,304,2.48
2026.109.02:28:00/wx/-2.60,554.4,38.7,6.49,304,2.49
2026.109.02:29:00/wx/-2.50,554.4,38.4,6.35,302,2.49
2026.109.02:30:00/wx/-2.48,554.4,38.2,6.52,304,2.48
2026.109.02:31:00/wx/-2.36,554.4,38.0,5.84,302,2.48
2026.109.02:32:00/wx/-2.50,554.4,38.3,6.12,306,2.55
2026.109.02:33:00/wx/-2.60,554.4,38.6,5.95,304,2.59
2026.109.02:34:00/wx/-2.60,554.4,38.6,6.02,304,2.57
2026.109.02:35:00/wx/-2.70,554.4,38.6,5.67,303,2.57
2026.109.02:36:00/wx/-2.76,554.4,38.9,5.12,301,2.53
2026.109.02:37:00/wx/-2.90,554.4,39.4,5.74,302,2.57
2026.109.02:38:00/wx/-2.70,554.5,38.8,5.99,303,2.59
2026.109.02:39:00/wx/-2.31,554.4,37.8,6.41,300,2.59
2026.109.02:40:00/wx/-2.22,554.4,37.1,5.95,301,2.63
2026.109.02:41:00/wx/-2.21,554.5,36.9,5.67,302,2.60
2026.109.02:42:00/wx/-2.20,554.5,36.8,5.55,303,2.63
2026.109.02:43:00/wx/-2.20,554.4,36.6,5.78,302,2.64
2026.109.02:44:00/wx/-2.20,554.4,36.6,6.21,301,2.61
2026.109.02:45:00/wx/-1.90,554.5,35.8,5.96,302,2.65
2026.109.02:46:00/wx/-1.77,554.4,35.4,6.07,299,2.71
2026.109.02:47:00/wx/-1.69,554.5,35.5,5.83,300,2.69
2026.109.02:48:00/wx/-1.90,554.5,35.7,5.76,302,2.68
2026.109.02:49:00/wx/-1.90,554.5,35.8,5.34,300,2.64
2026.109.02:50:00/wx/-2.00,554.5,36.1,5.38,304,2.69
2026.109.02:51:00/wx/-1.99,554.5,36.3,5.28,307,2.65
2026.109.02:52:00/wx/-2.83,554.5,37.6,4.64,315,2.65
2026.109.02:53:00/wx/-2.80,554.5,38.6,5.19,315,2.70
2026.109.02:54:00/wx/-3.10,554.5,39.0,4.13,318,2.54
2026.109.02:55:00/wx/-3.70,554.5,40.6,4.32,319,2.62
2026.109.02:56:00/wx/-3.83,554.5,41.3,4.71,318,2.70
2026.109.02:57:00/wx/-3.70,554.5,41.0,4.55,320,2.69
2026.109.02:58:00/wx/-3.70,554.5,40.7,4.53,322,2.71
2026.109.02:59:00/wx/-3.50,554.5,40.8,4.93,317,2.70
2026.109.03:00:00/wx/-3.50,554.5,40.6,4.67,319,2.66
2026.109.03:01:00/wx/-3.50,554.5,40.5,4.49,320,2.66
2026.109.03:02:00/wx/-3.28,554.5,40.4,5.21,319,2.70
2026.109.03:03:00/wx/-3.16,554.5,39.9,4.70,322,2.72
2026.109.03:04:00/wx/-3.30,554.5,40.2,5.23,321,2.65
2026.109.03:05:00/wx/-2.76,554.5,39.3,4.92,321,2.68
2026.109.03:06:00/wx/-3.08,554.5,39.1,4.45,331,2.68
2026.109.03:07:00/wx/-3.29,554.5,40.0,4.93,326,2.69
2026.109.03:08:00/wx/-2.80,554.5,39.0,4.57,321,2.68
2026.109.03:09:00/wx/-2.80,554.5,38.4,4.53,324,2.66
2026.109.03:10:00/wx/-2.80,554.5,38.4,4.69,326,2.66
2026.109.03:11:00/wx/-2.50,554.5,38.1,4.91,324,2.65
2026.109.03:12:00/wx/-2.30,554.5,37.4,4.90,324,2.60
2026.109.03:13:00/wx/-2.40,554.5,37.2,5.00,328,2.63
2026.109.03:14:00/wx/-2.60,554.5,37.5,5.03,328,2.62
2026.109.03:15:00/wx/-2.25,554.5,37.0,5.06,331,2.64
2026.109.03:16:00/wx/-2.10,554.5,36.6,4.93,327,2.65
2026.109.03:17:00/wx/-2.00,554.5,36.1,5.11,330,2.71
2026.109.03:18:00/wx/-2.06,554.5,36.2,5.08,331,2.68
2026.109.03:19:00/wx/-2.19,554.5,36.4,5.15,331,2.71
2026.109.03:20:00/wx/-1.85,554.5,35.6,5.25,330,-1075.32
2026.109.03:21:00/wx/-1.99,554.5,35.4,5.43,335,2.70
2026.109.03:22:00/wx/-1.89,554.5,35.5,5.62,336,2.70
2026.109.03:23:00/wx/-1.67,554.5,34.4,5.55,339,2.69
2026.109.03:24:00/wx/-2.00,554.5,34.9,5.33,336,2.70
2026.109.03:25:00/wx/-2.00,554.5,35.0,5.57,339,2.70
2026.109.03:26:00/wx/-2.00,554.5,35.0,5.26,337,2.71
2026.109.03:27:00/wx/-1.97,554.5,35.0,6.06,336,2.70
2026.109.03:28:00/wx/-1.80,554.5,34.2,5.67,337,2.68
2026.109.03:29:00/wx/-1.80,554.5,34.4,5.65,338,2.77
2026.109.03:30:00/wx/-1.80,554.5,34.4,5.64,339,2.78
2026.109.03:31:00/wx/-1.70,554.5,34.1,5.44,338,2.78
2026.109.03:32:00/wx/-1.67,554.5,34.2,5.72,337,2.75
2026.109.03:33:00/wx/-1.32,554.5,33.7,5.53,339,2.73
2026.109.03:34:00/wx/-1.51,554.5,33.7,5.63,338,2.80
2026.109.03:35:00/wx/-1.75,554.5,34.2,5.67,340,2.84
2026.109.03:36:00/wx/-1.81,554.5,34.6,5.82,338,2.86
2026.109.03:37:00/wx/-1.56,554.5,34.2,5.43,341,2.93
2026.109.03:38:00/wx/-1.68,554.5,34.2,5.31,340,2.88
2026.109.03:39:00/wx/-1.80,554.5,34.8,5.31,339,2.81
2026.109.03:40:00/wx/-1.65,554.5,34.8,5.44,340,2.79
2026.109.03:41:00/wx/-2.01,554.5,35.0,5.41,342,2.80
2026.109.03:42:00/wx/-1.56,554.5,34.6,5.39,339,2.79
2026.109.03:43:00/wx/-1.38,554.5,33.9,5.75,337,2.88
2026.109.03:44:00/wx/-1.60,554.4,34.3,5.25,341,2.75
2026.109.03:45:00/wx/-1.50,554.5,34.3,5.69,340,2.82
2026.109.03:46:00/wx/-1.60,554.4,34.4,5.63,338,2.83
2026.109.03:47:00/wx/-1.60,554.5,34.3,5.68,338,2.76
2026.109.03:48:00/wx/-1.42,554.4,34.1,5.14,335,2.78
2026.109.03:49:00/wx/-1.30,554.4,33.6,5.69,340,2.82
2026.109.03:50:00/wx/-1.41,554.4,33.5,5.59,336,2.82
2026.109.03:51:00/wx/-1.50,554.4,33.5,5.23,339,2.81
2026.109.03:52:00/wx/-1.66,554.4,34.3,5.70,335,2.83
2026.109.03:53:00/wx/-1.32,554.4,34.0,5.51,336,2.76
2026.109.03:54:00/wx/-1.40,554.4,33.8,5.37,335,2.77
2026.109.03:55:00/wx/-1.23,554.4,33.7,5.77,339,2.82
2026.109.03:56:00/wx/-1.30,554.4,33.4,5.63,340,2.80
2026.109.03:57:00/wx/-1.49,554.4,33.9,5.63,341,2.72
2026.109.03:58:00/wx/-1.19,554.5,33.7,5.72,338,2.79
2026.109.03:59:00/wx/-1.50,554.4,34.2,5.45,338,2.76
2026.109.04:00:00/wx/-1.56,554.4,34.3,5.60,339,2.77
2026.109.04:01:00/wx/-1.40,554.4,34.1,5.93,337,2.74
2026.109.04:02:00/wx/-1.55,554.4,34.1,5.57,337,2.76
2026.109.04:03:00/wx/-1.70,554.4,34.6,5.49,339,2.76
2026.109.04:04:00/wx/-1.68,554.4,34.5,5.66,336,2.73
2026.109.04:05:00/wx/-1.80,554.4,34.3,5.73,336,2.73
2026.109.04:06:00/wx/-2.01,554.4,34.8,5.64,338,2.73
2026.109.04:07:00/wx/-2.00,554.4,34.8,5.73,339,2.72
2026.109.04:08:00/wx/-1.80,554.4,34.1,5.82,338,2.73
2026.109.04:09:00/wx/-1.90,554.4,33.9,5.92,337,2.73
2026.109.04:10:00/wx/-1.80,554.4,33.7,5.57,338,2.73
2026.109.04:11:00/wx/-2.00,554.4,34.0,5.71,335,2.77
2026.109.04:12:00/wx/-1.89,554.4,33.8,5.66,337,2.80
2026.109.04:13:00/wx/-2.20,554.4,34.2,5.83,337,2.81
2026.109.04:14:00/wx/-2.33,554.4,34.4,5.76,337,2.82
2026.109.04:15:00/wx/-2.23,554.4,34.6,5.56,337,2.84
2026.109.04:16:00/wx/-2.00,554.4,33.9,5.33,339,2.85
2026.109.04:17:00/wx/-2.00,554.4,33.8,5.73,336,2.87
2026.109.04:18:00/wx/-2.00,554.4,33.6,5.73,335,2.95
2026.109.04:19:00/wx/-1.90,554.4,33.1,5.85,336,2.83
2026.109.04:20:00/wx/-2.28,554.4,33.4,5.71,336,2.82
2026.109.04:21:00/wx/-2.40,554.4,33.7,5.74,337,2.88
2026.109.04:22:00/wx/-2.15,554.4,33.2,5.85,336,2.88
2026.109.04:23:00/wx/-2.10,554.4,33.0,5.62,337,2.90
2026.109.04:24:00/wx/-2.44,554.4,33.9,5.57,338,2.91
2026.109.04:25:00/wx/-2.40,554.4,34.2,5.49,335,2.97
2026.109.04:26:00/wx/-2.30,554.4,34.3,5.84,337,2.94
2026.109.04:27:00/wx/-2.40,554.4,34.4,5.90,336,2.94
2026.109.04:28:00/wx/-2.40,554.4,34.4,5.73,336,2.92
2026.109.04:29:00/wx/-2.20,554.4,34.0,5.60,336,2.94
2026.109.04:30:00/wx/-2.30,554.4,34.1,5.65,336,2.92
2026.109.04:31:00/wx/-2.61,554.4,34.7,5.72,337,2.98
2026.109.04:32:00/wx/-2.70,554.3,35.1,5.98,338,2.90
2026.109.04:33:00/wx/-2.60,554.4,34.9,5.83,339,2.90
2026.109.04:34:00/wx/-2.60,554.4,34.9,5.90,337,2.90
2026.109.04:35:00/wx/-2.48,554.3,34.9,5.51,336,2.90
2026.109.04:36:00/wx/-2.61,554.3,35.0,5.53,337,2.87
2026.109.04:37:00/wx/-2.80,554.3,35.5,5.43,331,2.86
2026.109.04:38:00/wx/-3.00,554.4,35.9,5.43,335,2.84
2026.109.04:39:00/wx/-3.00,554.3,36.0,5.31,331,2.83
2026.109.04:40:00/wx/-2.90,554.4,36.2,5.31,329,2.82
2026.109.04:41:00/wx/-2.99,554.3,36.2,5.21,332,2.79
2026.109.04:42:00/wx/-2.84,554.3,35.8,5.20,334,2.77
2026.109.04:43:00/wx/-2.60,554.3,35.5,5.43,331,2.78
2026.109.04:44:00/wx/-2.70,554.3,35.3,5.39,332,2.76
2026.109.04:45:00/wx/-2.70,554.3,35.6,5.24,332,2.72
2026.109.04:46:00/wx/-2.70,554.3,35.6,5.24,329,2.69
2026.109.04:47:00/wx/-2.80,554.3,35.7,4.98,328,2.69
2026.109.04:48:00/wx/-2.70,554.4,35.7,4.93,328,2.72
2026.109.04:49:00/wx/-2.66,554.3,35.4,5.02,332,2.68
2026.109.04:50:00/wx/-2.79,554.3,35.1,5.03,332,2.70
2026.109.04:51:00/wx/-2.70,554.3,35.1,5.22,332,2.75
2026.109.04:52:00/wx/-2.70,554.3,34.7,5.37,333,2.77
2026.109.04:53:00/wx/-2.80,554.3,34.7,5.03,335,2.76
2026.109.04:54:00/wx/-2.55,554.3,34.3,5.09,334,2.71
2026.109.04:55:00/wx/-2.90,554.3,34.7,5.13,335,2.69
2026.109.04:56:00/wx/-2.49,554.2,34.2,5.06,335,2.69
2026.109.04:57:00/wx/-2.40,554.3,33.4,5.37,337,2.50
2026.109.04:58:00/wx/-2.20,554.2,32.7,5.24,335,2.65
2026.109.04:59:00/wx/-2.16,554.2,32.2,5.33,334,2.61
2026.109.05:00:00/wx/-2.10,554.3,32.3,5.23,335,2.60
2026.109.05:01:00/wx/-2.03,554.2,31.9,5.28,335,2.60
2026.109.05:02:00/wx/-2.38,554.2,32.2,5.36,334,2.56
2026.109.05:03:00/wx/-2.30,554.2,32.7,5.33,332,2.57
2026.109.05:04:00/wx/-2.20,554.2,32.4,5.24,336,2.54
2026.109.05:05:00/wx/-2.30,554.2,32.3,5.62,335,2.55
2026.109.05:06:00/wx/-2.30,554.2,32.6,5.54,333,2.53
2026.109.05:07:00/wx/-2.21,554.2,32.2,5.37,331,2.55
2026.109.05:08:00/wx/-2.10,554.2,32.0,5.25,330,2.54
2026.109.05:09:00/wx/-2.20,554.2,32.2,5.57,329,2.52
2026.109.05:10:00/wx/-2.20,554.2,32.2,5.73,332,2.48
2026.109.05:11:00/wx/-2.34,554.2,32.0,5.78,335,2.49
2026.109.05:12:00/wx/-2.30,554.2,31.9,5.74,334,2.49
2026.109.05:13:00/wx/-2.40,554.1,31.4,5.82,336,2.48
2026.109.05:14:00/wx/-2.29,554.1,31.2,5.71,334,2.50
2026.109.05:15:00/wx/-2.40,554.1,31.1,6.03,337,2.48
2026.109.05:16:00/wx/-2.60,554.1,31.7,5.93,334,2.48
2026.109.05:17:00/wx/-2.60,554.1,32.5,5.76,335,2.47
2026.109.05:18:00/wx/-2.41,554.1,32.1,5.86,333,2.52
2026.109.05:19:00/wx/-2.80,554.1,32.6,5.98,336,2.48
2026.109.05:20:00/wx/-3.10,554.1,33.7,6.13,336,2.51
2026.109.05:21:00/wx/-3.37,554.1,34.9,5.90,335,2.49
2026.109.05:22:00/wx/-3.01,554.1,34.7,5.74,333,2.49
2026.109.05:23:00/wx/-3.20,554.1,35.3,5.79,328,2.50
2026.109.05:24:00/wx/-3.15,554.1,35.7,5.70,332,2.52
2026.109.05:25:00/wx/-3.50,554.1,36.6,4.93,331,2.52
2026.109.05:26:00/wx/-3.80,554.1,37.4,5.58,333,2.51
2026.109.05:27:00/wx/-3.69,554.1,38.2,5.63,333,2.53
2026.109.05:28:00/wx/-3.39,554.1,37.9,5.53,328,2.53
2026.109.05:29:00/wx/-3.30,554.1,37.6,5.43,328,2.51
2026.109.05:30:00/wx/-3.30,554.0,37.3,5.23,327,2.52
2026.109.05:31:00/wx/-3.44,554.1,37.8,5.09,325,2.58
2026.109.05:32:00/wx/-3.50,554.1,38.7,5.33,328,2.55
2026.109.05:33:00/wx/-3.59,554.1,39.2,5.13,327,2.58
2026.109.05:34:00/wx/-3.23,554.0,39.1,5.14,330,2.55
2026.109.05:35:00/wx/-3.20,554.0,38.8,5.33,328,2.54
2026.109.05:36:00/wx/-3.00,554.0,38.7,5.30,327,2.48
2026.109.05:37:00/wx/-3.00,554.0,38.7,4.69,331,2.52
2026.109.05:38:00/wx/-2.90,554.0,37.2,5.13,331,2.48
2026.109.05:39:00/wx/-3.07,554.0,37.0,5.26,334,2.51
2026.109.05:40:00/wx/-3.10,554.0,37.5,5.44,334,2.51
2026.109.05:41:00/wx/-2.96,554.0,37.8,5.25,336,2.48
2026.109.05:42:00/wx/-2.79,554.0,36.9,4.87,338,2.47
2026.109.05:43:00/wx/-2.90,553.9,37.5,5.12,335,2.50
2026.109.05:44:00/wx/-2.80,553.9,37.5,5.13,333,2.48
2026.109.05:45:00/wx/-3.11,553.9,38.4,5.24,334,2.47
2026.109.05:46:00/wx/-3.00,553.9,38.9,5.14,331,2.48
2026.109.05:47:00/wx/-2.71,554.0,38.2,5.43,334,2.48
2026.109.05:48:00/wx/-2.70,553.9,38.3,5.11,335,2.50
2026.109.05:49:00/wx/-2.82,553.9,38.7,5.09,333,2.54
2026.109.05:50:00/wx/-2.80,553.9,38.2,5.24,332,2.53
2026.109.05:51:00/wx/-2.95,554.0,38.5,5.15,331,2.49
2026.109.05:52:00/wx/-3.20,554.0,39.5,5.33,328,2.49
2026.109.05:53:00/wx/-3.12,554.0,39.7,5.30,325,2.53
2026.109.05:54:00/wx/-3.09,553.9,39.9,4.99,326,2.53
2026.109.05:55:00/wx/-3.30,554.0,40.3,4.74,326,2.48
2026.109.05:56:00/wx/-3.52,553.9,40.6,4.74,326,2.49
2026.109.05:57:00/wx/-3.30,553.9,40.1,4.82,323,2.46
2026.109.05:58:00/wx/-3.20,553.9,40.1,4.67,322,2.46
2026.109.05:59:00/wx/-3.20,553.9,40.5,4.75,324,2.46
2026.109.06:00:00/wx/-3.20,553.9,40.5,4.62,325,2.47
2026.109.06:01:00/wx/-3.20,553.9,40.5,4.66,327,2.41
2026.109.06:02:00/wx/-3.20,553.8,40.3,4.62,329,2.38
2026.109.06:03:00/wx/-3.09,553.8,40.3,4.83,326,2.35
2026.109.06:04:00/wx/-3.30,553.8,40.9,4.93,328,2.34
2026.109.06:05:00/wx/-3.30,553.8,41.2,4.74,327,2.32
2026.109.06:06:00/wx/-3.40,553.8,41.7,4.93,326,2.34
2026.109.06:07:00/wx/-3.40,553.8,42.0,4.63,328,2.32
2026.109.06:08:00/wx/-3.30,553.8,42.0,4.70,323,2.33
2026.109.06:09:00/wx/-3.30,553.7,41.7,4.86,326,2.37
2026.109.06:10:00/wx/-3.30,553.8,41.8,4.85,327,2.32
2026.109.06:11:00/wx/-3.30,553.7,41.8,5.04,330,2.32
2026.109.06:12:00/wx/-3.10,553.7,41.3,4.63,330,2.30
2026.109.06:13:00/wx/-3.07,553.7,41.0,4.72,328,2.32
2026.109.06:14:00/wx/-3.20,553.7,40.7,5.17,328,2.32
2026.109.06:15:00/wx/-3.39,553.7,41.6,5.42,326,2.28
2026.109.06:16:00/wx/-3.13,553.7,41.8,5.35,333,2.23
2026.109.06:17:00/wx/-3.00,553.7,41.5,5.33,332,2.24
2026.109.06:18:00/wx/-2.86,553.7,41.0,5.45,333,2.29
2026.109.06:19:00/wx/-2.81,553.7,40.8,5.12,330,2.25
2026.109.06:20:00/wx/-2.80,553.7,40.9,4.83,326,2.25
2026.109.06:21:00/wx/-2.86,553.7,40.7,5.06,325,2.22
2026.109.06:22:00/wx/-3.10,553.7,40.9,5.23,326,2.19
2026.109.06:23:00/wx/-3.16,553.7,41.5,5.25,326,2.19
2026.109.06:24:00/wx/-3.10,553.6,41.8,5.51,331,2.22
2026.109.06:25:00/wx/-3.00,553.6,41.9,5.65,334,2.23
2026.109.06:26:00/wx/-2.94,553.6,41.5,5.59,332,2.22
2026.109.06:27:00/wx/-2.70,553.6,41.0,5.14,332,2.23
2026.109.06:28:00/wx/-2.90,553.6,40.2,5.54,333,2.26
2026.109.06:29:00/wx/-2.80,553.6,40.5,5.54,334,2.23
2026.109.06:30:00/wx/-2.92,553.6,40.6,5.32,333,2.23
2026.109.06:31:00/wx/-2.90,553.6,41.5,5.49,333,2.25
2026.109.06:32:00/wx/-2.70,553.6,41.1,5.52,335,2.22
2026.109.06:33:00/wx/-2.48,553.6,40.6,5.25,332,2.25
2026.109.06:34:00/wx/-2.51,553.6,39.5,5.73,334,2.23
2026.109.06:35:00/wx/-2.70,553.6,39.9,5.29,328,2.25
2026.109.06:36:00/wx/-2.60,553.6,40.3,5.28,330,2.21
2026.109.06:37:00/wx/-2.60,553.6,39.8,5.44,333,2.17
2026.109.06:38:00/wx/-2.60,553.6,39.0,4.98,329,2.21
2026.109.06:39:00/wx/-2.51,553.6,39.5,5.36,325,2.22
2026.109.06:40:00/wx/-2.50,553.6,38.9,5.07,333,2.21
2026.109.06:41:00/wx/-2.70,553.6,39.2,5.07,330,2.22
2026.109.06:42:00/wx/-2.71,553.6,39.2,5.35,335,2.18
2026.109.06:43:00/wx/-2.74,553.6,38.7,5.42,334,2.18
2026.109.06:44:00/wx/-2.40,553.6,38.8,5.22,328,2.18
2026.109.06:45:00/wx/-2.30,553.6,37.6,5.11,332,2.19
2026.109.06:46:00/wx/-2.37,553.5,36.8,5.38,333,2.16
2026.109.06:47:00/wx/-2.30,553.5,38.1,5.34,327,2.20
2026.109.06:48:00/wx/-2.30,553.5,38.3,5.34,330,2.18
2026.109.06:49:00/wx/-2.60,553.5,38.2,5.43,327,2.17
2026.109.06:50:00/wx/-2.47,553.5,38.4,5.30,326,2.19
2026.109.06:51:00/wx/-2.50,553.5,37.9,5.52,325,2.20
2026.109.06:52:00/wx/-2.50,553.5,37.4,5.36,325,2.20
2026.109.06:53:00/wx/-2.46,553.5,37.1,5.28,324,2.16
2026.109.06:54:00/wx/-2.40,553.5,36.9,5.13,323,2.17
2026.109.06:55:00/wx/-2.40,553.5,37.0,5.14,327,2.15
2026.109.06:56:00/wx/-2.61,553.5,37.0,4.94,326,2.12
2026.109.06:57:00/wx/-2.40,553.5,36.3,5.14,325,2.17
2026.109.06:58:00/wx/-2.40,553.5,34.7,5.12,320,2.19
2026.109.06:59:00/wx/-2.60,553.5,34.0,5.23,325,2.16
2026.109.07:00:00/wx/-2.56,553.5,33.0,5.40,327,2.14
2026.109.07:01:00/wx/-2.21,553.5,30.8,4.94,322,2.18
2026.109.07:02:00/wx/-2.20,553.5,30.5,5.35,321,2.18
2026.109.07:03:00/wx/-2.30,553.5,29.6,5.67,320,2.15
2026.109.07:04:00/wx/-2.20,553.5,28.9,5.53,321,2.17
2026.109.07:05:00/wx/-2.00,553.5,28.3,5.43,323,2.16
2026.109.07:06:00/wx/-2.00,553.5,28.3,5.25,321,2.14
2026.109.07:07:00/wx/-2.13,553.5,27.8,5.21,323,2.14
2026.109.07:08:00/wx/-2.40,553.5,29.2,5.41,321,2.16
2026.109.07:09:00/wx/-2.20,553.5,29.3,4.83,322,2.16
2026.109.07:10:00/wx/-2.20,553.5,29.5,4.77,318,2.13
2026.109.07:11:00/wx/-3.26,553.5,31.3,4.37,322,2.17
2026.109.07:12:00/wx/-3.73,553.5,32.9,5.03,320,2.17
2026.109.07:13:00/wx/-3.58,553.5,32.3,4.73,321,2.17
2026.109.07:14:00/wx/-3.49,553.4,32.0,4.92,322,2.17
2026.109.07:15:00/wx/-3.30,553.5,33.2,4.70,321,2.20
2026.109.07:16:00/wx/-3.01,553.5,34.1,4.82,315,2.24
2026.109.07:17:00/wx/-3.08,553.4,34.5,4.60,318,2.22
2026.109.07:18:00/wx/-3.00,553.4,33.7,4.44,320,2.20
2026.109.07:19:00/wx/-2.89,553.4,32.7,4.43,321,2.21
2026.109.07:20:00/wx/-2.70,553.4,31.5,4.38,320,2.20
2026.109.07:21:00/wx/-2.60,553.4,33.2,4.53,317,2.24
2026.109.07:22:00/wx/-2.70,553.4,34.1,4.45,317,2.21
2026.109.07:23:00/wx/-2.70,553.4,33.4,4.43,319,2.26
2026.109.07:24:00/wx/-2.70,553.4,34.9,4.34,319,2.27
2026.109.07:25:00/wx/-2.74,553.4,35.2,4.57,320,2.24
2026.109.07:26:00/wx/-2.80,553.4,35.8,4.43,319,2.26
2026.109.07:27:00/wx/-2.80,553.4,35.0,4.56,317,2.26
2026.109.07:28:00/wx/-2.91,553.5,36.3,4.70,316,2.30
2026.109.07:29:00/wx/-2.90,553.5,36.6,4.73,314,2.29
2026.109.07:30:00/wx/-3.00,553.5,38.0,4.73,313,2.30
2026.109.07:31:00/wx/-3.29,553.5,39.0,4.74,308,2.32
2026.109.07:32:00/wx/-3.50,553.5,41.4,4.50,308,2.35
2026.109.07:33:00/wx/-3.50,553.5,42.8,4.49,308,2.34
2026.109.07:34:00/wx/-3.51,553.4,43.9,4.45,310,2.36
2026.109.07:35:00/wx/-3.44,553.5,44.4,4.43,309,2.36
2026.109.07:36:00/wx/-3.50,553.4,45.0,4.44,310,2.35
2026.109.07:37:00/wx/-3.60,553.4,45.2,4.12,310,2.37
2026.109.07:38:00/wx/-3.70,553.4,45.5,4.14,310,2.39
2026.109.07:39:00/wx/-3.80,553.4,45.4,3.94,310,2.38
2026.109.07:40:00/wx/-3.90,553.5,45.8,4.14,314,2.38
2026.109.07:41:00/wx/-3.90,553.5,45.9,4.43,317,2.39
2026.109.07:42:00/wx/-4.00,553.4,46.0,4.53,320,2.41
2026.109.07:43:00/wx/-4.00,553.4,46.3,4.53,321,2.42
2026.109.07:44:00/wx/-3.89,553.4,46.3,4.44,325,2.46
2026.109.07:45:00/wx/-3.65,553.4,45.9,4.64,324,2.39
2026.109.07:46:00/wx/-3.50,553.5,45.3,4.53,323,2.40
2026.109.07:47:00/wx/-3.50,553.4,44.4,4.60,323,2.43
2026.109.07:48:00/wx/-3.60,553.5,44.4,4.66,319,2.47
2026.109.07:49:00/wx/-3.49,553.5,44.9,4.40,314,2.51
2026.109.07:50:00/wx/-3.40,553.5,44.5,4.31,314,2.50
2026.109.07:51:00/wx/-3.50,553.5,44.2,4.13,315,2.51
2026.109.07:52:00/wx/-3.54,553.5,43.6,4.23,312,2.54
2026.109.07:53:00/wx/-3.98,553.5,43.6,4.05,315,2.50
2026.109.07:54:00/wx/-4.63,553.5,44.4,4.03,315,2.45
2026.109.07:55:00/wx/-4.80,553.5,46.3,4.03,314,2.50
2026.109.07:56:00/wx/-4.60,553.5,46.5,3.93,321,2.47
2026.109.07:57:00/wx/-4.45,553.4,46.1,4.23,325,2.44
2026.109.07:58:00/wx/-4.10,553.4,46.0,4.23,325,2.48
2026.109.07:59:00/wx/-3.88,553.4,45.3,4.27,325,2.48
2026.109.08:00:00/wx/-3.63,553.4,45.4,4.37,328,2.51
2026.109.08:01:00/wx/-3.60,553.4,45.4,3.93,330,2.50
2026.109.08:02:00/wx/-3.60,553.4,46.1,4.26,329,2.51
2026.109.08:03:00/wx/-3.50,553.4,45.6,4.25,331,2.52
2026.109.08:04:00/wx/-3.48,553.4,45.6,4.31,335,2.49
2026.109.08:05:00/wx/-3.40,553.4,45.7,4.38,336,2.45
2026.109.08:06:00/wx/-3.51,553.4,46.4,4.66,336,2.48
2026.109.08:07:00/wx/-3.40,553.4,47.2,4.53,329,2.46
2026.109.08:08:00/wx/-3.20,553.4,47.4,4.42,332,2.41
2026.109.08:09:00/wx/-3.10,553.4,47.4,4.41,328,2.39
2026.109.08:10:00/wx/-3.20,553.4,47.2,4.74,330,2.38
2026.109.08:11:00/wx/-3.10,553.4,47.6,4.53,331,2.38
2026.109.08:12:00/wx/-3.10,553.3,47.4,4.78,332,2.40
2026.109.08:13:00/wx/-2.90,553.3,47.5,4.63,328,2.38
2026.109.08:14:00/wx/-3.00,553.3,47.3,4.59,333,2.40
2026.109.08:15:00/wx/-3.00,553.3,47.7,4.67,333,2.38
2026.109.08:16:00/wx/-2.90,553.4,48.0,4.62,330,2.43
2026.109.08:17:00/wx/-2.80,553.3,47.7,4.74,330,2.32
2026.109.08:18:00/wx/-2.90,553.3,47.4,4.63,334,2.33
2026.109.08:19:00/wx/-2.90,553.3,47.4,4.86,331,2.33
2026.109.08:20:00/wx/-2.90,553.3,47.2,4.86,329,2.28
2026.109.08:21:00/wx/-2.80,553.4,47.3,4.82,327,2.31
2026.109.08:22:00/wx/-2.80,553.4,47.8,4.85,321,2.32
2026.109.08:23:00/wx/-2.80,553.4,48.2,4.73,325,2.38
2026.109.08:24:00/wx/-2.80,553.3,47.7,4.43,324,2.31
2026.109.08:25:00/wx/-2.90,553.3,47.8,4.56,324,2.33
2026.109.08:26:00/wx/-2.90,553.3,48.1,4.33,321,2.34
2026.109.08:27:00/wx/-2.90,553.3,48.2,4.33,322,2.34
2026.109.08:28:00/wx/-2.80,553.3,47.9,4.13,324,2.40
2026.109.08:29:00/wx/-2.80,553.3,47.9,4.18,322,2.34
2026.109.08:30:00/wx/-2.80,553.3,48.2,4.13,322,2.32
2026.109.08:31:00/wx/-2.80,553.3,48.0,4.13,321,2.33
2026.109.08:32:00/wx/-2.80,553.3,47.8,4.13,325,2.38
2026.109.08:33:00/wx/-2.90,553.3,48.2,4.43,316,2.36
2026.109.08:34:00/wx/-2.80,553.3,47.9,4.20,322,2.40
2026.109.08:35:00/wx/-2.70,553.3,47.5,4.03,319,2.41
2026.109.08:36:00/wx/-2.70,553.3,46.4,4.11,322,2.40
2026.109.08:37:00/wx/-2.70,553.3,45.9,4.64,325,2.42
2026.109.08:38:00/wx/-2.70,553.3,46.4,4.63,328,2.39
2026.109.08:39:00/wx/-2.67,553.3,46.7,4.53,325,2.41
2026.109.08:40:00/wx/-2.60,553.3,46.2,4.45,324,2.41
2026.109.08:41:00/wx/-2.61,553.3,46.1,4.33,323,2.41
2026.109.08:42:00/wx/-2.80,553.3,46.6,4.39,318,2.42
2026.109.08:43:00/wx/-2.90,553.3,46.9,4.93,317,2.37
2026.109.08:44:00/wx/-2.90,553.3,47.2,4.70,320,2.40
2026.109.08:45:00/wx/-2.90,553.3,47.2,4.83,319,2.44
2026.109.08:46:00/wx/-2.90,553.3,47.4,4.74,319,2.48
2026.109.08:47:00/wx/-2.90,553.3,47.8,4.65,321,2.50
2026.109.08:48:00/wx/-3.00,553.3,47.5,4.53,319,2.50
2026.109.08:49:00/wx/-3.00,553.3,48.0,4.68,323,2.50
2026.109.08:50:00/wx/-3.00,553.3,48.0,4.55,326,2.53
2026.109.08:51:00/wx/-3.10,553.3,47.7,4.63,324,2.47
2026.109.08:52:00/wx/-3.10,553.2,48.7,4.57,325,2.54
2026.109.08:53:00/wx/-3.00,553.2,48.6,4.32,327,2.55
2026.109.08:54:00/wx/-3.00,553.2,48.0,4.23,324,2.54
2026.109.08:55:00/wx/-3.00,553.2,48.3,4.25,325,2.49
2026.109.08:56:00/wx/-3.18,553.2,47.3,4.28,331,2.44
2026.109.08:57:00/wx/-3.10,553.2,47.6,4.60,330,2.51
2026.109.08:58:00/wx/-3.00,553.3,47.7,4.53,330,2.50
2026.109.08:59:00/wx/-3.00,553.3,48.4,4.41,327,2.44
2026.109.09:00:00/wx/-2.90,553.3,47.6,4.73,324,2.44
2026.109.09:01:00/wx/-2.92,553.3,47.8,4.86,324,2.48
2026.109.09:02:00/wx/-2.90,553.3,48.9,4.55,322,2.49
2026.109.09:03:00/wx/-3.00,553.3,49.1,4.74,325,2.51
2026.109.09:04:00/wx/-2.89,553.3,49.3,4.63,326,2.54
2026.109.09:05:00/wx/-3.10,553.3,49.4,4.54,328,2.54
2026.109.09:06:00/wx/-3.00,553.3,50.3,4.53,326,2.48
2026.109.09:07:00/wx/-2.99,553.3,50.7,4.26,329,2.51
2026.109.09:08:00/wx/-3.40,553.3,51.6,4.72,335,2.54
2026.109.09:09:00/wx/-3.20,553.3,52.4,4.22,332,2.56
2026.109.09:10:00/wx/-3.10,553.3,51.3,4.33,333,2.50
2026.109.09:11:00/wx/-3.10,553.3,52.0,4.19,329,2.55
2026.109.09:12:00/wx/-3.00,553.2,51.6,4.18,331,2.53
2026.109.09:13:00/wx/-2.99,553.3,51.7,4.44,327,2.53
2026.109.09:14:00/wx/-2.90,553.3,51.6,4.08,326,2.57
2026.109.09:15:00/wx/-2.99,553.3,51.1,4.51,327,2.53
2026.109.09:16:00/wx/-3.10,553.3,51.9,4.43,328,2.51
2026.109.09:17:00/wx/-3.12,553.4,52.6,4.49,323,2.58
2026.109.09:18:00/wx/-3.11,553.4,51.9,4.58,324,2.54
2026.109.09:19:00/wx/-3.36,553.4,52.4,4.38,328,2.58
2026.109.09:20:00/wx/-3.30,553.4,53.1,4.03,324,2.59
2026.109.09:21:00/wx/-3.30,553.4,52.9,3.79,320,2.54
2026.109.09:22:00/wx/-3.11,553.4,53.0,4.04,319,2.64
2026.109.09:23:00/wx/-3.10,553.4,52.9,4.03,325,2.55
2026.109.09:24:00/wx/-3.00,553.4,52.7,4.12,325,2.65
2026.109.09:25:00/wx/-3.00,553.4,52.4,3.83,324,2.67
2026.109.09:26:00/wx/-3.26,553.4,52.4,4.29,323,2.70
2026.109.09:27:00/wx/-3.20,553.4,52.9,3.93,320,2.71
2026.109.09:28:00/wx/-3.10,553.4,52.6,4.03,324,2.72
2026.109.09:29:00/wx/-3.10,553.4,51.9,4.15,320,2.73
2026.109.09:30:00/wx/-3.10,553.4,52.5,4.03,321,2.74
2026.109.09:31:00/wx/-3.14,553.4,52.3,3.80,320,2.68
2026.109.09:32:00/wx/-3.20,553.4,52.4,3.92,321,2.67
2026.109.09:33:00/wx/-3.20,553.4,52.3,4.06,321,2.65
2026.109.09:34:00/wx/-3.20,553.4,52.4,4.09,322,2.64
2026.109.09:35:00/wx/-3.20,553.4,52.5,4.03,323,2.58
2026.109.09:36:00/wx/-3.20,553.4,52.5,4.13,322,2.60
2026.109.09:37:00/wx/-3.10,553.4,52.7,3.95,322,2.65
2026.109.09:38:00/wx/-3.10,553.4,52.6,4.01,321,2.71
2026.109.09:39:00/wx/-3.10,553.4,52.9,4.01,326,2.71
2026.109.09:40:00/wx/-3.10,553.4,52.9,3.93,328,2.62
2026.109.09:41:00/wx/-3.10,553.4,53.0,3.92,324,2.69
2026.109.09:42:00/wx/-3.10,553.3,52.8,3.95,325,2.64
2026.109.09:43:00/wx/-3.10,553.3,52.8,3.83,327,2.77
2026.109.09:44:00/wx/-3.03,553.3,52.6,3.83,326,2.72
2026.109.09:45:00/wx/-3.00,553.4,52.5,3.93,324,2.64
2026.109.09:46:00/wx/-3.00,553.3,52.4,3.98,327,2.75
2026.109.09:47:00/wx/-3.00,553.4,52.4,3.93,329,2.71
2026.109.09:48:00/wx/-3.10,553.4,52.4,3.96,335,2.69
2026.109.09:49:00/wx/-3.10,553.4,52.2,4.01,332,2.71
2026.109.09:50:00/wx/-3.10,553.4,52.1,4.13,334,2.72
2026.109.09:51:00/wx/-3.00,553.4,52.1,4.02,332,2.74
2026.109.09:52:00/wx/-3.00,553.4,52.2,4.04,331,2.71
2026.109.09:53:00/wx/-3.00,553.4,52.2,4.12,328,2.68
2026.109.09:54:00/wx/-3.00,553.4,52.3,3.95,328,2.68
2026.109.09:55:00/wx/-3.00,553.4,52.4,3.93,326,2.70
2026.109.09:56:00/wx/-3.00,553.4,52.6,4.03,324,2.71
2026.109.09:57:00/wx/-3.00,553.4,52.3,4.13,323,2.60
2026.109.09:58:00/wx/-2.90,553.5,52.3,4.13,326,2.69
2026.109.09:59:00/wx/-2.90,553.5,51.0,4.25,328,2.67
2026.109.10:00:00/wx/-2.80,553.5,49.6,4.23,329,2.70
2026.109.10:01:00/wx/-2.70,553.5,49.6,4.26,330,2.59
2026.109.10:02:00/wx/-2.70,553.5,49.5,4.43,330,2.65
2026.109.10:03:00/wx/-2.60,553.5,48.9,4.30,329,2.62
2026.109.10:04:00/wx/-2.42,553.5,46.5,4.24,330,2.67
2026.109.10:05:00/wx/-2.39,553.5,44.4,4.23,329,2.64
2026.109.10:06:00/wx/-2.30,553.5,42.4,4.35,332,2.66
2026.109.10:07:00/wx/-2.30,553.5,40.0,4.43,329,2.65
2026.109.10:08:00/wx/-2.20,553.5,37.7,4.43,328,2.64
2026.109.10:09:00/wx/-2.20,553.5,38.1,4.52,337,2.64
2026.109.10:10:00/wx/-2.33,553.5,34.4,4.26,339,2.62
2026.109.10:11:00/wx/-3.76,553.5,42.2,3.54,330,2.58
2026.109.10:12:00/wx/-3.50,553.5,38.7,4.43,331,2.60
2026.109.10:13:00/wx/-2.93,553.5,34.5,3.93,334,2.57
2026.109.10:14:00/wx/-2.59,553.5,31.6,4.26,328,2.59
2026.109.10:15:00/wx/-2.51,553.5,31.4,3.48,331,2.60
2026.109.10:16:00/wx/-2.44,553.5,30.5,4.37,334,2.61
2026.109.10:17:00/wx/-2.10,553.5,27.8,4.33,337,2.58
2026.109.10:18:00/wx/-2.20,553.5,27.3,4.15,330,2.61
2026.109.10:19:00/wx/-2.10,553.5,27.0,4.20,330,2.62
2026.109.10:20:00/wx/-2.10,553.6,25.3,4.14,328,2.61
2026.109.10:21:00/wx/-2.20,553.6,26.0,4.34,332,2.57
2026.109.10:22:00/wx/-2.00,553.5,25.2,4.23,333,2.58
2026.109.10:23:00/wx/-2.00,553.6,24.6,4.41,324,2.57
2026.109.10:24:00/wx/-1.90,553.6,23.5,4.31,329,2.53
2026.109.10:25:00/wx/-2.03,553.6,22.2,4.43,333,2.59
2026.109.10:26:00/wx/-2.24,553.6,22.3,4.47,332,2.56
2026.109.10:27:00/wx/-2.40,553.6,23.0,4.64,333,2.60
2026.109.10:28:00/wx/-2.25,553.6,22.0,4.68,334,2.64
2026.109.10:29:00/wx/-2.01,553.6,21.3,4.53,331,2.62
2026.109.10:30:00/wx/-1.90,553.6,20.6,4.68,332,2.63
2026.109.10:31:00/wx/-1.90,553.6,21.0,4.68,337,2.62
2026.109.10:32:00/wx/-1.80,553.6,20.2,4.55,335,2.67
2026.109.10:33:00/wx/-1.70,553.6,19.9,4.44,337,2.65
2026.109.10:34:00/wx/-1.70,553.6,19.2,4.34,340,2.61
2026.109.10:35:00/wx/-1.80,553.6,19.2,4.44,337,2.71
2026.109.10:36:00/wx/-1.70,553.6,19.1,4.36,338,2.67
2026.109.10:37:00/wx/-1.90,553.6,19.3,4.43,336,2.63
2026.109.10:38:00/wx/-1.80,553.6,19.2,4.33,332,2.56
2026.109.10:39:00/wx/-2.00,553.6,19.5,4.24,335,2.66
2026.109.10:40:00/wx/-1.90,553.6,19.2,4.52,336,2.71
2026.109.10:41:00/wx/-2.02,553.6,19.2,4.45,329,2.72
2026.109.10:42:00/wx/-1.90,553.6,18.6,4.57,334,2.75
2026.109.10:43:00/wx/-1.90,553.6,18.3,4.69,328,2.78
2026.109.10:44:00/wx/-2.00,553.6,18.6,4.64,332,2.77
2026.109.10:45:00/wx/-2.00,553.6,18.3,4.64,330,2.77
2026.109.10:46:00/wx/-2.10,553.6,18.1,4.55,329,2.80
2026.109.10:47:00/wx/-2.10,553.6,18.0,4.54,331,2.67
2026.109.10:48:00/wx/-2.00,553.6,17.6,4.71,336,2.69
2026.109.10:49:00/wx/-2.19,553.7,17.6,4.74,333,2.67
2026.109.10:50:00/wx/-2.20,553.7,17.9,4.51,333,2.61
2026.109.10:51:00/wx/-2.22,553.7,17.7,4.38,334,2.74
2026.109.10:52:00/wx/-2.50,553.6,18.1,4.62,331,2.76
2026.109.10:53:00/wx/-2.46,553.7,18.1,4.49,333,2.72
2026.109.10:54:00/wx/-2.40,553.7,17.9,4.53,330,2.80
2026.109.10:55:00/wx/-2.50,553.7,18.3,4.37,332,2.76
2026.109.10:56:00/wx/-2.30,553.7,17.9,4.47,331,2.75
2026.109.10:57:00/wx/-2.40,553.7,17.9,4.13,327,2.77
2026.109.10:58:00/wx/-2.62,553.7,18.5,4.32,326,2.73
2026.109.10:59:00/wx/-2.40,553.7,18.3,4.03,325,2.85
2026.109.11:00:00/wx/-2.60,553.7,18.5,4.31,328,2.69
2026.109.11:01:00/wx/-2.41,553.7,18.5,4.43,330,2.74
2026.109.11:02:00/wx/-2.40,553.7,18.5,4.31,332,2.82
2026.109.11:03:00/wx/-2.50,553.7,18.6,4.29,335,2.74
2026.109.11:04:00/wx/-2.50,553.7,18.6,4.23,330,2.79
2026.109.11:05:00/wx/-2.50,553.7,18.4,4.29,332,2.74
2026.109.11:06:00/wx/-2.51,553.7,18.7,4.34,330,2.72
2026.109.11:07:00/wx/-2.40,553.7,18.7,4.71,329,2.70
2026.109.11:08:00/wx/-2.40,553.7,18.7,4.57,329,2.71
2026.109.11:09:00/wx/-2.30,553.8,18.7,4.43,326,2.73
2026.109.11:10:00/wx/-2.20,553.7,18.5,4.36,326,2.70
2026.109.11:11:00/wx/-2.30,553.7,18.6,4.41,326,2.69
2026.109.11:12:00/wx/-2.40,553.8,18.7,4.60,331,2.72
2026.109.11:13:00/wx/-2.50,553.7,18.9,4.70,333,2.70
2026.109.11:14:00/wx/-2.40,553.8,19.2,4.62,333,2.68
2026.109.11:15:00/wx/-2.30,553.8,19.2,4.59,332,2.65
2026.109.11:16:00/wx/-2.30,553.8,19.2,4.41,326,2.72
2026.109.11:17:00/wx/-2.20,553.7,19.1,4.50,328,2.70
2026.109.11:18:00/wx/-2.20,553.8,19.0,4.07,330,2.62
2026.109.11:19:00/wx/-2.20,553.8,19.0,4.14,330,2.66
2026.109.11:20:00/wx/-2.25,553.8,19.3,4.13,329,2.77
2026.109.11:21:00/wx/-2.30,553.8,19.3,4.34,328,2.70
2026.109.11:22:00/wx/-2.30,553.8,19.1,4.30,329,2.72
2026.109.11:23:00/wx/-2.30,553.8,19.5,4.13,327,2.69
2026.109.11:24:00/wx/-2.40,553.8,19.9,4.34,334,2.63
2026.109.11:25:00/wx/-2.40,553.7,20.1,4.23,329,2.72
2026.109.11:26:00/wx/-2.30,553.8,20.0,4.04,334,2.67
2026.109.11:27:00/wx/-2.30,553.8,19.8,4.31,332,2.74
2026.109.11:28:00/wx/-2.20,553.8,20.0,4.35,329,2.74
2026.109.11:29:00/wx/-2.20,553.8,20.2,4.23,325,2.70
2026.109.11:30:00/wx/-2.20,553.8,20.2,4.13,327,2.68
2026.109.11:31:00/wx/-2.20,553.8,20.1,4.33,324,2.70
2026.109.11:32:00/wx/-2.20,553.8,20.1,4.11,325,2.75
2026.109.11:33:00/wx/-2.20,553.8,19.7,4.17,329,2.77
2026.109.11:34:00/wx/-2.20,553.8,20.1,4.04,328,2.79
2026.109.11:35:00/wx/-2.20,553.8,20.4,4.28,329,2.84
2026.109.11:36:00/wx/-2.20,553.8,20.1,4.31,331,2.87
2026.109.11:37:00/wx/-2.20,553.8,20.3,4.17,331,2.88
2026.109.11:38:00/wx/-2.30,553.8,20.9,4.32,331,2.91
2026.109.11:39:00/wx/-2.20,553.8,20.5,4.44,334,2.95
2026.109.11:40:00/wx/-2.30,553.8,20.5,4.12,331,2.92
2026.109.11:41:00/wx/-2.10,553.8,20.6,4.23,330,2.86
2026.109.11:42:00/wx/-2.10,553.9,19.6,4.08,323,2.89
2026.109.11:43:00/wx/-2.10,553.9,19.6,4.11,329,2.88
2026.109.11:44:00/wx/-2.11,553.9,20.9,4.15,332,2.92
2026.109.11:45:00/wx/-2.31,553.9,21.5,4.26,331,2.95
2026.109.11:46:00/wx/-2.30,553.9,21.5,4.23,329,3.00
2026.109.11:47:00/wx/-2.40,553.9,21.7,4.60,331,2.93
2026.109.11:48:00/wx/-2.20,553.9,21.1,4.31,331,2.98
2026.109.11:49:00/wx/-2.19,553.9,21.6,4.82,328,2.92
2026.109.11:50:00/wx/-2.30,553.9,22.1,4.56,334,2.93
2026.109.11:51:00/wx/-2.30,553.9,22.1,4.53,329,2.94
2026.109.11:52:00/wx/-2.30,553.9,22.0,4.16,334,2.95
2026.109.11:53:00/wx/-2.21,553.9,21.4,4.35,332,2.84
2026.109.11:54:00/wx/-2.42,553.9,21.7,4.11,329,3.03
2026.109.11:55:00/wx/-2.44,553.9,21.8,4.06,336,3.02
2026.109.11:56:00/wx/-2.60,553.9,21.9,4.13,334,2.98
2026.109.11:57:00/wx/-2.61,553.9,22.1,4.29,331,3.05
2026.109.11:58:00/wx/-2.30,553.9,21.0,4.45,330,3.06
2026.109.11:59:00/wx/-2.20,554.0,21.7,4.32,333,3.07
2026.109.12:00:00/wx/-2.20,553.9,21.7,4.22,329,3.05
2026.109.12:01:00/wx/-2.20,554.0,20.5,4.15,333,3.04
2026.109.12:02:00/wx/-2.34,554.0,20.8,4.39,332,3.07
2026.109.12:03:00/wx/-2.30,554.0,21.3,4.52,328,3.06
2026.109.12:04:00/wx/-2.40,554.0,21.4,4.12,330,3.02
2026.109.12:05:00/wx/-2.30,554.0,21.0,4.03,330,3.01
2026.109.12:06:00/wx/-2.30,554.0,20.7,4.34,333,2.96
2026.109.12:07:00/wx/-2.40,554.0,20.9,4.43,335,2.99
2026.109.12:08:00/wx/-2.20,554.0,20.6,4.34,335,2.92
2026.109.12:09:00/wx/-2.32,554.0,21.3,4.64,335,2.92
2026.109.12:10:00/wx/-2.40,554.0,22.4,4.40,331,2.93
2026.109.12:11:00/wx/-2.30,554.0,22.0,4.25,337,2.97
2026.109.12:12:00/wx/-2.20,554.0,21.6,4.44,335,2.97
2026.109.12:13:00/wx/-2.00,554.0,21.4,4.03,332,2.96
2026.109.12:14:00/wx/-2.00,554.0,22.0,4.12,332,2.98
2026.109.12:15:00/wx/-2.10,554.0,22.2,3.63,337,3.01
2026.109.12:16:00/wx/-2.20,554.0,22.9,4.13,328,3.03
2026.109.12:17:00/wx/-2.20,553.9,23.3,3.76,333,2.98
2026.109.12:18:00/wx/-2.10,554.0,23.3,3.74,331,2.99
2026.109.12:19:00/wx/-2.00,554.0,24.0,4.07,334,2.94
2026.109.12:20:00/wx/-1.72,554.0,22.5,4.23,326,2.94
2026.109.12:21:00/wx/-1.70,554.0,23.4,4.17,328,2.96
2026.109.12:22:00/wx/-1.60,554.0,23.7,3.79,330,2.93
2026.109.12:23:00/wx/-1.50,554.0,23.3,4.13,322,2.98
2026.109.12:24:00/wx/-1.40,554.0,22.7,4.20,325,3.00
2026.109.12:25:00/wx/-1.31,554.0,22.1,3.02,327,3.09
2026.109.12:26:00/wx/-1.20,554.0,22.4,4.07,321,3.03
2026.109.12:27:00/wx/-1.20,554.0,22.2,4.03,324,3.08
2026.109.12:28:00/wx/-1.10,554.0,23.1,4.23,323,3.19
2026.109.12:29:00/wx/-1.06,554.0,23.8,4.02,313,3.09
2026.109.12:30:00/wx/-0.91,554.0,24.3,4.25,317,3.17
2026.109.12:31:00/wx/-0.99,554.0,23.1,3.45,319,3.15
2026.109.12:32:00/wx/-0.97,554.0,22.2,3.83,310,3.16
2026.109.12:33:00/wx/-0.90,554.0,21.6,4.33,318,3.20
2026.109.12:34:00/wx/-0.90,554.0,22.1,3.88,310,3.25
2026.109.12:35:00/wx/-0.80,554.0,22.5,3.62,299,3.21
2026.109.12:36:00/wx/-0.82,554.1,22.7,3.85,307,3.26
2026.109.12:37:00/wx/-0.84,554.0,23.9,3.57,300,3.17
2026.109.12:38:00/wx/-0.70,554.1,23.1,4.82,290,3.24
2026.109.12:39:00/wx/-0.70,554.1,23.1,4.34,296,3.24
2026.109.12:40:00/wx/-0.60,554.1,23.5,4.24,293,3.27
2026.109.12:41:00/wx/-0.60,554.1,24.2,4.25,287,3.26
2026.109.12:42:00/wx/-0.60,554.1,24.3,3.81,286,3.27
2026.109.12:43:00/wx/-0.60,554.1,25.3,5.23,284,3.24
2026.109.12:44:00/wx/-0.80,554.1,25.5,4.99,286,3.18
2026.109.12:45:00/wx/-0.61,554.1,26.4,4.92,294,3.12
2026.109.12:46:00/wx/-0.62,554.1,26.2,4.84,304,3.15
2026.109.12:47:00/wx/-0.70,554.1,27.0,4.83,290,3.14
2026.109.12:48:00/wx/-0.50,554.2,27.5,4.80,290,3.18
2026.109.12:49:00/wx/-0.60,554.1,28.2,4.56,295,3.20
2026.109.12:50:00/wx/-0.60,554.1,27.7,3.66,294,3.27
2026.109.12:51:00/wx/-0.30,554.2,29.0,4.72,302,3.25
2026.109.12:52:00/wx/-0.32,554.2,27.3,5.75,300,3.24
2026.109.12:53:00/wx/-0.28,554.2,26.3,4.82,284,3.26
2026.109.12:54:00/wx/-0.30,554.2,25.8,6.52,286,3.32
2026.109.12:55:00/wx/-0.40,554.2,25.7,5.03,300,3.32
2026.109.12:56:00/wx/-0.20,554.3,28.1,6.61,286,3.30
2026.109.12:57:00/wx/-0.11,554.3,26.4,6.82,298,3.31
2026.109.12:58:00/wx/-0.20,554.3,25.9,6.34,289,3.34
2026.109.12:59:00/wx/-0.40,554.3,25.8,6.53,298,3.28
2026.109.13:00:00/wx/-0.50,554.3,25.3,5.43,305,3.38
2026.109.13:01:00/wx/-0.24,554.3,26.4,5.36,284,3.34
2026.109.13:02:00/wx/-0.50,554.3,27.0,5.75,304,3.36
2026.109.13:03:00/wx/-0.30,554.3,27.6,5.88,291,3.37
2026.109.13:04:00/wx/0.01,554.3,26.7,6.26,287,3.31
2026.109.13:05:00/wx/-0.20,554.3,25.9,4.53,289,3.32
2026.109.13:06:00/wx/-0.06,554.3,27.9,4.78,290,3.29
2026.109.13:07:00/wx/0.21,554.4,26.1,5.82,312,3.35
2026.109.13:08:00/wx/-0.02,554.4,25.7,5.22,312,3.36
2026.109.13:09:00/wx/0.10,554.4,26.9,4.74,320,3.31
2026.109.13:10:00/wx/0.20,554.4,25.8,5.43,312,3.34
2026.109.13:11:00/wx/0.20,554.4,25.9,5.12,281,3.26
2026.109.13:12:00/wx/0.48,554.4,24.9,6.44,299,3.28
2026.109.13:13:00/wx/0.08,554.4,22.1,5.64,303,3.26
2026.109.13:14:00/wx/0.27,554.4,24.4,5.65,285,3.32
2026.109.13:15:00/wx/0.30,554.4,25.9,5.92,285,3.32
2026.109.13:16:00/wx/0.35,554.4,21.3,5.39,291,3.37
2026.109.13:17:00/wx/0.30,554.4,22.7,4.43,315,3.54
2026.109.13:18:00/wx/0.48,554.5,23.3,5.80,295,3.52
2026.109.13:19:00/wx/0.60,554.5,23.4,5.23,294,3.47
2026.109.13:20:00/wx/0.60,554.5,22.9,4.43,291,3.46
2026.109.13:21:00/wx/0.85,554.5,22.5,4.71,299,3.47
2026.109.13:22:00/wx/0.81,554.5,19.6,5.70,304,3.51
2026.109.13:23:00/wx/0.50,554.5,18.2,5.05,296,3.49
2026.109.13:24:00/wx/0.40,554.5,18.3,5.86,312,3.46
2026.109.13:25:00/wx/0.20,554.5,19.0,6.48,299,3.47
2026.109.13:26:00/wx/0.30,554.5,19.0,6.42,298,3.38
2026.109.13:27:00/wx/0.31,554.5,19.3,6.72,307,3.37
2026.109.13:28:00/wx/0.42,554.5,19.6,6.18,287,3.47
2026.109.13:29:00/wx/0.80,554.5,20.5,4.59,277,3.44
2026.109.13:30:00/wx/0.69,554.5,19.7,6.17,290,3.47
2026.109.13:31:00/wx/0.60,554.5,21.0,5.75,287,3.46
2026.109.13:32:00/wx/0.60,554.5,21.7,5.43,291,3.45
2026.109.13:33:00/wx/0.88,554.6,20.3,5.03,293,3.44
2026.109.13:34:00/wx/1.03,554.5,17.8,5.56,284,3.35
2026.109.13:35:00/wx/0.51,554.6,17.8,6.46,291,3.28
2026.109.13:36:00/wx/0.74,554.6,17.9,6.43,298,3.27
2026.109.13:37:00/wx/0.60,554.6,18.3,5.93,300,3.25
2026.109.13:38:00/wx/1.03,554.6,17.2,6.83,292,3.29
2026.109.13:39:00/wx/0.60,554.6,16.8,5.15,309,3.31
2026.109.13:40:00/wx/0.81,554.6,17.2,4.47,281,3.22
2026.109.13:41:00/wx/0.94,554.6,17.1,5.87,289,3.17
2026.109.13:42:00/wx/0.70,554.6,17.1,5.13,310,3.18
2026.109.13:43:00/wx/1.33,554.7,16.7,7.23,302,3.27
2026.109.13:44:00/wx/0.69,554.7,16.1,6.32,296,3.28
2026.109.13:45:00/wx/0.95,554.6,15.9,6.17,300,3.34
2026.109.13:46:00/wx/0.86,554.7,14.9,7.39,305,3.34
2026.109.13:47:00/wx/0.80,554.6,15.4,7.93,294,3.36
2026.109.13:48:00/wx/0.69,554.7,16.2,6.10,282,3.37
2026.109.13:49:00/wx/1.45,554.7,15.4,6.70,287,3.38
2026.109.13:50:00/wx/0.90,554.7,16.7,6.46,286,3.44
2026.109.13:51:00/wx/1.22,554.6,17.9,6.49,285,3.54
2026.109.13:52:00/wx/1.70,554.7,13.5,8.33,297,3.45
2026.109.13:53:00/wx/1.37,554.7,14.5,7.48,288,3.45
2026.109.13:54:00/wx/1.11,554.7,13.8,6.69,281,3.56
2026.109.13:55:00/wx/1.00,554.7,15.6,5.96,283,3.63
2026.109.13:56:00/wx/1.61,554.7,12.9,7.07,313,3.60
2026.109.13:57:00/wx/1.29,554.7,11.6,5.52,296,3.54
2026.109.13:58:00/wx/1.07,554.7,13.5,6.73,292,3.54
2026.109.13:59:00/wx/1.21,554.7,14.6,7.96,298,3.53
2026.109.14:00:00/wx/1.13,554.7,14.5,7.56,293,3.67
2026.109.14:01:00/wx/0.96,554.7,14.1,6.37,307,3.78
2026.109.14:02:00/wx/1.11,554.7,15.0,6.25,308,3.66
2026.109.14:03:00/wx/1.25,554.7,13.3,5.71,306,3.68
2026.109.14:04:00/wx/1.49,554.7,15.3,6.90,296,3.74
2026.109.14:05:00/wx/1.24,554.7,12.4,7.69,301,3.61
2026.109.14:06:00/wx/1.15,554.7,13.5,3.96,288,3.75
2026.109.14:07:00/wx/1.99,554.8,12.2,8.15,302,3.65
2026.109.14:08:00/wx/2.18,554.8,11.4,6.52,280,3.58
2026.109.14:09:00/wx/1.91,554.8,9.0,7.21,296,3.48
2026.109.14:10:00/wx/1.49,554.8,9.8,4.78,287,3.53
2026.109.14:11:00/wx/1.73,554.8,10.2,5.56,287,3.64
2026.109.14:12:00/wx/1.80,554.8,13.1,6.96,278,3.50
2026.109.14:13:00/wx/1.45,554.8,11.1,6.54,283,3.35
2026.109.14:14:00/wx/1.30,554.8,13.9,5.73,291,3.37
2026.109.14:15:00/wx/1.94,554.8,9.4,5.82,307,3.41
2026.109.14:16:00/wx/1.81,554.8,9.0,6.27,280,3.54
2026.109.14:17:00/wx/1.50,554.8,9.1,6.13,283,3.48
2026.109.14:18:00/wx/1.46,554.9,11.6,6.88,290,3.34
2026.109.14:19:00/wx/1.70,554.9,10.8,6.03,308,3.45
2026.109.14:20:00/wx/1.76,554.8,9.9,5.86,311,3.42
2026.109.14:21:00/wx/1.88,554.8,10.2,4.40,287,3.26
2026.109.14:22:00/wx/1.55,554.9,8.0,5.74,299,3.24
2026.109.14:23:00/wx/1.89,554.9,7.3,6.91,289,3.18
2026.109.14:24:00/wx/1.90,554.9,6.9,5.80,312,3.16
2026.109.14:25:00/wx/2.02,554.9,6.5,7.11,295,3.17
2026.109.14:26:00/wx/2.17,554.9,7.0,6.94,289,3.29
2026.109.14:27:00/wx/1.64,554.9,6.9,6.46,283,3.38
2026.109.14:28:00/wx/1.69,554.9,10.1,5.58,286,3.27
2026.109.14:29:00/wx/1.79,554.8,8.9,6.76,285,3.27
2026.109.14:30:00/wx/1.91,554.8,9.3,4.76,270,3.21
2026.109.14:31:00/wx/2.48,554.9,9.4,5.60,311,3.25
2026.109.14:32:00/wx/2.37,554.9,9.2,5.45,285,3.31
2026.109.14:33:00/wx/2.05,554.8,10.3,6.00,274,3.26
2026.109.14:34:00/wx/1.49,554.9,9.5,4.55,276,3.20
2026.109.14:35:00/wx/2.01,554.9,9.0,7.73,303,3.20
2026.109.14:36:00/wx/1.81,554.8,6.5,7.90,307,3.24
2026.109.14:37:00/wx/1.72,554.9,5.8,7.00,290,3.23
2026.109.14:38:00/wx/1.60,554.9,5.1,6.53,308,3.32
2026.109.14:39:00/wx/1.51,554.9,7.0,4.12,312,3.28
2026.109.14:40:00/wx/2.22,554.9,7.6,6.67,289,3.27
2026.109.14:41:00/wx/1.80,554.9,7.4,4.44,262,3.36
2026.109.14:42:00/wx/1.80,554.9,9.2,4.66,273,3.32
2026.109.14:43:00/wx/2.30,554.9,10.7,7.29,291,3.31
2026.109.14:44:00/wx/1.59,554.9,10.3,5.45,289,3.22
2026.109.14:45:00/wx/1.71,554.9,12.4,5.93,290,3.24
2026.109.14:46:00/wx/1.80,554.9,13.7,5.13,290,3.28
2026.109.14:47:00/wx/1.92,554.9,12.4,5.88,310,3.33
2026.109.14:48:00/wx/1.91,554.9,11.4,3.48,298,3.29
2026.109.14:49:00/wx/1.93,554.9,14.0,5.17,276,3.23
2026.109.14:50:00/wx/2.85,554.9,10.8,7.92,297,3.12
2026.109.14:51:00/wx/2.10,554.9,8.4,8.13,288,3.12
2026.109.14:52:00/wx/1.84,554.9,8.5,6.44,300,3.26
2026.109.14:53:00/wx/1.88,554.9,9.4,5.64,302,3.26
2026.109.14:54:00/wx/1.69,554.9,9.3,5.32,305,3.19
2026.109.14:55:00/wx/1.70,554.9,13.0,5.39,282,3.23
2026.109.14:56:00/wx/1.70,554.9,13.9,4.33,282,3.24
2026.109.14:57:00/wx/2.19,554.9,13.1,6.87,308,3.22
2026.109.14:58:00/wx/2.27,554.8,12.1,5.59,301,3.36
2026.109.14:59:00/wx/2.17,554.9,11.2,6.74,296,3.30
2026.109.15:00:00/wx/2.04,554.9,10.4,7.19,299,3.34
2026.109.15:01:00/wx/1.59,554.9,9.0,6.13,294,3.43
2026.109.15:02:00/wx/1.64,554.9,10.2,6.20,313,3.41
2026.109.15:03:00/wx/1.90,554.9,10.0,8.45,296,3.42
2026.109.15:04:00/wx/1.86,554.8,8.8,5.39,304,3.52
2026.109.15:05:00/wx/2.07,554.9,8.8,6.97,292,3.50
2026.109.15:06:00/wx/2.63,554.9,10.7,8.67,280,3.46
2026.109.15:07:00/wx/2.55,554.9,11.4,6.17,279,3.46
2026.109.15:08:00/wx/2.10,554.9,12.3,7.18,300,3.36
2026.109.15:09:00/wx/1.90,554.9,11.0,5.84,280,3.42
2026.109.15:10:00/wx/2.45,554.9,9.3,6.84,259,3.48
2026.109.15:11:00/wx/2.00,554.9,8.7,6.65,310,3.44
2026.109.15:12:00/wx/2.79,554.9,7.5,7.59,292,3.46
2026.109.15:13:00/wx/2.20,554.9,10.1,5.83,279,3.45
2026.109.15:14:00/wx/1.82,554.9,13.1,7.51,295,3.49
2026.109.15:15:00/wx/1.80,554.9,12.2,6.98,298,3.65
2026.109.15:16:00/wx/2.28,554.9,16.1,7.46,280,3.76
2026.109.15:17:00/wx/1.63,554.9,17.1,6.04,307,3.65
2026.109.15:18:00/wx/2.10,554.9,17.0,5.33,280,3.70
2026.109.15:19:00/wx/2.27,554.9,16.5,5.64,285,3.75
2026.109.15:20:00/wx/2.74,554.8,15.6,5.23,317,3.68
2026.109.15:21:00/wx/2.14,554.9,15.3,4.53,269,3.71
2026.109.15:22:00/wx/2.04,554.8,16.9,6.37,280,3.72
2026.109.15:23:00/wx/2.10,554.8,15.3,7.23,287,3.43
2026.109.15:24:00/wx/1.96,554.9,15.0,6.24,280,3.37
2026.109.15:25:00/wx/1.81,554.9,14.1,6.53,277,3.33
2026.109.15:26:00/wx/1.77,554.9,14.9,7.60,291,3.31
2026.109.15:27:00/wx/1.86,554.9,15.6,6.69,287,3.22
2026.109.15:28:00/wx/2.30,554.9,14.5,7.96,285,3.14
2026.109.15:29:00/wx/2.09,554.9,11.8,7.21,294,3.28
2026.109.15:30:00/wx/1.81,554.9,13.5,6.76,299,3.24
2026.109.15:31:00/wx/1.70,554.9,13.9,7.55,293,3.31
2026.109.15:32:00/wx/1.73,554.8,14.4,5.29,300,3.32
2026.109.15:33:00/wx/2.00,554.9,15.5,8.20,281,3.36
2026.109.15:34:00/wx/2.10,554.9,16.7,8.72,280,3.32
2026.109.15:35:00/wx/2.11,554.9,16.3,7.06,296,3.26
2026.109.15:36:00/wx/2.34,554.9,15.2,6.96,298,3.32
2026.109.15:37:00/wx/1.86,554.9,14.7,5.89,296,3.33
2026.109.15:38:00/wx/2.13,554.9,16.7,6.65,272,3.28
2026.109.15:39:00/wx/2.05,554.8,14.8,5.58,276,3.25
2026.109.15:40:00/wx/2.20,554.8,13.1,7.29,286,3.49
2026.109.15:41:00/wx/1.97,554.9,13.8,9.82,285,3.58
2026.109.15:42:00/wx/1.81,554.9,16.7,6.80,280,3.53
2026.109.15:43:00/wx/2.33,554.8,16.9,7.00,278,3.61
2026.109.15:44:00/wx/2.55,554.9,14.6,9.16,294,3.49
2026.109.15:45:00/wx/1.90,554.8,14.8,5.68,278,3.62
2026.109.15:46:00/wx/2.10,554.9,17.6,8.00,295,3.64
2026.109.15:47:00/wx/1.99,554.8,18.7,7.69,301,3.67
2026.109.15:48:00/wx/1.92,554.8,16.9,7.79,281,3.60
2026.109.15:49:00/wx/2.03,554.8,16.0,7.75,294,3.71
2026.109.15:50:00/wx/1.99,554.8,15.5,8.31,286,3.77
2026.109.15:51:00/wx/2.10,554.8,16.8,9.15,286,3.66
2026.109.15:52:00/wx/2.14,554.8,20.8,7.57,281,3.57
2026.109.15:53:00/wx/1.62,554.7,20.1,4.14,285,3.69
2026.109.15:54:00/wx/2.58,554.7,18.8,9.09,286,3.81
2026.109.15:55:00/wx/2.50,554.8,17.2,7.73,289,3.78
2026.109.15:56:00/wx/2.21,554.8,17.6,8.69,281,3.65
2026.109.15:57:00/wx/2.04,554.8,17.8,7.38,303,3.56
2026.109.15:58:00/wx/2.63,554.8,17.9,8.91,283,3.50
2026.109.15:59:00/wx/1.74,554.7,17.6,7.87,297,3.56
2026.109.16:00:00/wx/1.80,554.7,16.8,6.73,271,3.60
2026.109.16:01:00/wx/1.87,554.8,14.2,6.77,284,3.04
2026.109.16:02:00/wx/1.84,554.8,11.8,9.52,281,3.26
2026.109.16:03:00/wx/1.50,554.7,10.6,7.23,270,3.23
2026.109.16:04:00/wx/1.76,554.8,12.7,7.67,288,3.33
2026.109.16:05:00/wx/1.61,554.8,19.0,7.80,309,3.35
2026.109.16:06:00/wx/1.45,554.8,20.7,6.03,297,3.35
2026.109.16:07:00/wx/1.60,554.8,19.5,9.90,275,3.50
2026.109.16:08:00/wx/1.55,554.8,17.9,7.59,279,3.48
2026.109.16:09:00/wx/1.73,554.8,14.7,7.34,284,3.36
2026.109.16:10:00/wx/1.49,554.8,16.0,5.77,275,3.28
2026.109.16:11:00/wx/1.76,554.8,20.2,7.50,285,3.39
2026.109.16:12:00/wx/1.72,554.7,21.2,5.22,297,3.47
2026.109.16:13:00/wx/1.69,554.8,20.6,8.09,280,3.55
2026.109.16:14:00/wx/2.89,554.7,15.2,8.84,301,3.35
2026.109.16:15:00/wx/2.77,554.8,14.2,11.36,290,3.13
2026.109.16:16:00/wx/2.00,554.8,16.1,8.58,287,3.20
2026.109.16:17:00/wx/1.61,554.7,17.0,7.76,282,3.31
2026.109.16:18:00/wx/1.69,554.7,19.2,7.99,289,3.36
2026.109.16:19:00/wx/1.53,554.7,16.7,6.22,282,3.26
2026.109.16:20:00/wx/2.20,554.7,16.8,6.30,279,3.37
2026.109.16:21:00/wx/1.58,554.7,13.3,10.21,290,3.23
2026.109.16:22:00/wx/1.40,554.7,11.8,10.34,282,3.18
2026.109.16:23:00/wx/1.47,554.7,11.8,7.26,266,2.95
2026.109.16:24:00/wx/1.28,554.7,9.6,5.43,281,3.09
2026.109.16:25:00/wx/2.10,554.7,9.4,9.08,295,3.09
2026.109.16:26:00/wx/1.68,554.7,12.5,9.23,291,3.24
2026.109.16:27:00/wx/1.30,554.7,15.1,7.03,281,3.14
2026.109.16:28:00/wx/1.10,554.7,16.0,6.10,279,3.09
2026.109.16:29:00/wx/1.50,554.7,13.9,8.87,306,2.97
2026.109.16:30:00/wx/2.22,554.7,9.5,9.93,289,2.92
2026.109.16:31:00/wx/2.44,554.7,6.6,8.17,283,2.86
2026.109.16:32:00/wx/1.70,554.6,5.8,7.23,309,2.89
2026.109.16:33:00/wx/1.86,554.7,7.3,9.77,285,2.89
2026.109.16:34:00/wx/1.51,554.7,6.5,7.91,295,2.94
2026.109.16:35:00/wx/2.17,554.7,9.1,8.88,278,2.98
2026.109.16:36:00/wx/1.93,554.7,10.0,6.42,276,3.02
2026.109.16:37:00/wx/1.50,554.6,6.9,5.43,279,3.41
2026.109.16:38:00/wx/1.87,554.6,10.8,6.04,285,3.44
2026.109.16:39:00/wx/1.42,554.6,15.0,8.45,290,3.37
2026.109.16:40:00/wx/1.94,554.6,16.8,10.81,280,3.29
2026.109.16:41:00/wx/1.51,554.6,13.7,8.34,294,3.24
2026.109.16:42:00/wx/1.70,554.6,13.8,5.33,263,3.26
2026.109.16:43:00/wx/2.30,554.6,10.7,10.10,283,3.13
2026.109.16:44:00/wx/1.81,554.6,8.0,9.18,277,3.12
2026.109.16:45:00/wx/2.13,554.6,9.5,8.05,276,3.11
2026.109.16:46:00/wx/2.10,554.6,8.3,6.65,283,3.09
2026.109.16:47:00/wx/1.90,554.6,8.8,9.79,289,3.03
2026.109.16:48:00/wx/1.59,554.6,7.5,7.24,274,3.00
2026.109.16:49:00/wx/2.01,554.6,9.0,8.21,277,3.02
2026.109.16:50:00/wx/1.85,554.6,10.6,7.59,283,3.18
2026.109.16:51:00/wx/1.52,554.5,13.3,6.88,289,3.16
2026.109.16:52:00/wx/2.21,554.5,14.1,6.25,299,3.11
2026.109.16:53:00/wx/1.87,554.6,12.7,8.38,286,3.18
2026.109.16:54:00/wx/2.95,554.5,12.4,6.28,266,3.22
2026.109.16:55:00/wx/2.94,554.5,11.1,9.69,277,3.12
2026.109.16:56:00/wx/2.63,554.5,12.7,6.10,282,2.96
2026.109.16:57:00/wx/2.30,554.5,11.5,8.22,286,3.05
2026.109.16:58:00/wx/1.88,554.5,11.4,5.43,268,2.88
2026.109.16:59:00/wx/1.82,554.6,8.2,10.02,279,2.87
2026.109.17:00:00/wx/1.42,554.5,6.7,7.06,273,2.86
2026.109.17:01:00/wx/1.90,554.5,8.0,8.30,274,2.92
2026.109.17:02:00/wx/1.74,554.5,10.6,8.51,279,2.81
2026.109.17:03:00/wx/2.24,554.5,9.3,6.95,269,2.80
2026.109.17:04:00/wx/2.10,554.5,8.9,4.43,270,2.73
2026.109.17:05:00/wx/2.47,554.5,9.5,8.92,277,2.76
2026.109.17:06:00/wx/2.57,554.5,10.1,8.30,284,2.75
2026.109.17:07:00/wx/2.40,554.5,11.1,8.26,291,2.95
2026.109.17:08:00/wx/1.59,554.5,11.3,5.31,273,2.99
2026.109.17:09:00/wx/2.40,554.5,12.1,9.93,289,3.09
2026.109.17:10:00/wx/1.80,554.4,12.1,7.97,292,2.93
2026.109.17:11:00/wx/2.12,554.4,12.0,5.53,275,2.82
2026.109.17:12:00/wx/2.28,554.5,11.0,7.75,264,2.85
2026.109.17:13:00/wx/1.95,554.5,11.4,7.05,278,2.80
2026.109.17:14:00/wx/1.90,554.5,11.7,5.33,276,2.79
2026.109.17:15:00/wx/1.76,554.5,10.8,10.33,296,2.75
2026.109.17:16:00/wx/2.21,554.5,11.0,8.86,267,2.67
2026.109.17:17:00/wx/1.65,554.5,9.7,6.28,264,2.63
2026.109.17:18:00/wx/1.33,554.5,11.7,9.02,285,2.79
2026.109.17:19:00/wx/1.40,554.4,13.0,5.93,278,2.90
2026.109.17:20:00/wx/2.01,554.5,13.2,8.95,281,2.76
2026.109.17:21:00/wx/1.58,554.5,13.4,8.72,298,2.69
2026.109.17:22:00/wx/1.89,554.4,12.7,5.71,267,2.71
2026.109.17:23:00/wx/2.20,554.4,12.1,7.49,268,2.72
2026.109.17:24:00/wx/2.20,554.4,11.6,6.99,294,2.80
2026.109.17:25:00/wx/2.14,554.4,12.0,4.96,278,2.76
2026.109.17:26:00/wx/2.89,554.4,11.7,10.60,296,2.79
2026.109.17:27:00/wx/2.49,554.4,11.3,8.48,294,2.75
2026.109.17:28:00/wx/2.42,554.4,11.3,10.12,283,2.71
2026.109.17:29:00/wx/1.88,554.4,11.3,7.94,282,2.77
2026.109.17:30:00/wx/1.89,554.3,11.0,7.06,244,2.75
2026.109.17:31:00/wx/1.70,554.4,10.0,8.70,282,2.67
2026.109.17:32:00/wx/1.95,554.4,10.4,8.59,295,2.70
2026.109.17:33:00/wx/1.91,554.3,11.8,6.33,294,2.82
2026.109.17:34:00/wx/2.40,554.3,13.4,9.02,296,2.97
2026.109.17:35:00/wx/2.15,554.3,15.8,10.51,277,2.92
2026.109.17:36:00/wx/1.61,554.3,16.1,7.75,280,2.85
2026.109.17:37:00/wx/1.78,554.3,15.9,4.59,267,2.89
2026.109.17:38:00/wx/2.74,554.3,16.3,6.26,269,2.87
2026.109.17:39:00/wx/2.27,554.3,14.7,10.08,291,2.85
2026.109.17:40:00/wx/2.45,554.3,15.0,8.65,255,2.89
2026.109.17:41:00/wx/1.09,554.3,16.4,7.46,275,2.96
2026.109.17:42:00/wx/1.36,554.3,16.2,7.37,278,2.79
2026.109.17:43:00/wx/0.95,554.3,16.7,5.61,272,2.62
2026.109.17:44:00/wx/1.29,554.3,16.2,8.93,281,2.59
2026.109.17:45:00/wx/2.00,554.3,13.2,8.72,273,2.59
2026.109.17:46:00/wx/2.30,554.4,12.4,9.83,285,2.53
2026.109.17:47:00/wx/1.36,554.3,11.6,5.65,282,2.53
2026.109.17:48:00/wx/1.86,554.2,11.9,8.55,309,2.54
2026.109.17:49:00/wx/2.66,554.3,11.1,8.82,281,2.48
2026.109.17:50:00/wx/1.87,554.3,9.7,10.47,281,2.37
2026.109.17:51:00/wx/1.50,554.3,7.6,5.93,278,2.34
2026.109.17:52:00/wx/1.41,554.4,8.5,7.92,288,2.36
2026.109.17:53:00/wx/2.39,554.3,10.7,6.45,282,2.45
2026.109.17:54:00/wx/1.73,554.3,13.2,10.05,298,2.43
2026.109.17:55:00/wx/2.00,554.3,14.1,6.52,278,2.48
2026.109.17:56:00/wx/2.50,554.3,14.0,7.13,274,2.53
2026.109.17:57:00/wx/1.83,554.3,14.3,9.33,288,2.54
2026.109.17:58:00/wx/2.30,554.3,14.6,5.81,265,2.59
2026.109.17:59:00/wx/2.55,554.3,14.9,5.07,274,2.68
2026.109.18:00:00/wx/2.14,554.3,15.0,6.32,271,2.70
2026.109.18:01:00/wx/2.08,554.3,13.1,7.58,278,2.61
2026.109.18:02:00/wx/2.01,554.3,12.1,7.01,289,2.57
2026.109.18:03:00/wx/2.41,554.3,11.9,9.04,282,2.47
2026.109.18:04:00/wx/1.66,554.3,9.8,7.15,275,2.46
2026.109.18:05:00/wx/1.94,554.3,10.6,8.70,308,2.55
2026.109.18:06:00/wx/2.01,554.3,14.0,6.55,301,2.70
2026.109.18:07:00/wx/2.31,554.3,15.6,7.97,300,2.77
2026.109.18:08:00/wx/2.09,554.3,18.0,7.80,279,2.80
2026.109.18:09:00/wx/1.47,554.3,19.5,6.54,264,2.88
2026.109.18:10:00/wx/1.10,554.4,19.6,6.19,265,2.71
2026.109.18:11:00/wx/1.50,554.3,18.7,7.64,252,2.62
2026.109.18:12:00/wx/1.60,554.3,18.4,7.96,268,2.63
2026.109.18:13:00/wx/1.60,554.3,18.6,8.92,281,2.77
2026.109.18:14:00/wx/2.14,554.3,15.7,9.03,272,2.77
2026.109.18:15:00/wx/1.36,554.4,15.6,5.59,261,2.75
2026.109.18:16:00/wx/1.58,554.4,13.9,10.21,280,2.71
2026.109.18:17:00/wx/1.41,554.4,13.3,10.08,287,2.70
2026.109.18:18:00/wx/1.50,554.4,9.7,10.13,292,2.76
2026.109.18:19:00/wx/1.17,554.3,9.7,5.03,295,3.02
2026.109.18:20:00/wx/1.38,554.3,15.6,7.24,269,3.09
2026.109.18:21:00/wx/1.45,554.4,20.6,8.96,282,3.07
2026.109.18:22:00/wx/0.77,554.4,24.3,7.96,303,3.07
2026.109.18:23:00/wx/0.90,554.3,25.6,3.73,313,2.98
2026.109.18:24:00/wx/1.65,554.4,25.7,7.37,269,3.02
2026.109.18:25:00/wx/1.15,554.4,25.5,8.25,265,2.95
2026.109.18:26:00/wx/0.90,554.3,27.5,9.46,255,3.04
2026.109.18:27:00/wx/1.11,554.3,27.3,7.78,258,3.11
2026.109.18:28:00/wx/2.40,554.3,23.1,10.53,284,2.93
2026.109.18:29:00/wx/1.35,554.3,20.2,12.63,285,3.05
2026.109.18:30:00/wx/1.06,554.4,22.9,9.61,292,3.07
2026.109.18:31:00/wx/1.00,554.4,20.9,9.41,291,3.04
2026.109.18:32:00/wx/0.77,554.3,22.9,7.55,294,2.99
2026.109.18:33:00/wx/1.10,554.3,26.6,8.83,278,3.14
2026.109.18:34:00/wx/1.37,554.3,31.9,10.70,245,3.16
2026.109.18:35:00/wx/0.59,554.3,32.8,8.94,245,3.12
2026.109.18:36:00/wx/1.08,554.3,30.5,8.89,278,3.06
2026.109.18:37:00/wx/1.13,554.3,30.3,8.08,282,3.17
2026.109.18:38:00/wx/0.39,554.3,32.1,7.47,287,3.37
2026.109.18:39:00/wx/0.76,554.3,34.7,8.99,296,3.37
2026.109.18:40:00/wx/0.90,554.3,34.9,8.50,284,3.35
2026.109.18:41:00/wx/0.98,554.3,33.8,7.45,274,3.35
2026.109.18:42:00/wx/1.76,554.3,32.2,7.86,281,3.46
2026.109.18:43:00/wx/1.08,554.3,31.6,6.03,270,3.31
2026.109.18:44:00/wx/0.50,554.3,31.9,7.29,255,3.35
2026.109.18:45:00/wx/0.91,554.4,23.8,11.63,285,3.26
2026.109.18:46:00/wx/0.69,554.4,20.0,9.63,289,2.83
2026.109.18:47:00/wx/1.15,554.4,18.0,11.12,283,2.71
2026.109.18:48:00/wx/1.20,554.3,12.1,7.71,298,2.90
2026.109.18:49:00/wx/1.33,554.3,18.7,8.25,283,2.97
2026.109.18:50:00/wx/0.71,554.3,25.2,7.57,299,3.28
2026.109.18:51:00/wx/1.39,554.3,24.3,8.32,280,3.42
2026.109.18:52:00/wx/1.61,554.4,31.8,9.39,280,3.26
2026.109.18:53:00/wx/1.15,554.4,31.8,7.94,264,3.28
2026.109.18:54:00/wx/0.81,554.4,29.2,9.47,283,2.99
2026.109.18:55:00/wx/0.69,554.4,26.1,6.46,291,3.27
2026.109.18:56:00/wx/0.68,554.4,21.7,9.78,306,3.15
2026.109.18:57:00/wx/1.08,554.4,24.8,9.90,281,3.29
2026.109.18:58:00/wx/1.21,554.4,27.0,7.38,298,3.29
2026.109.18:59:00/wx/0.59,554.4,28.6,7.10,306,3.06
2026.109.19:00:00/wx/1.40,554.5,26.2,9.23,281,2.81
2026.109.19:01:00/wx/1.07,554.4,22.7,9.95,278,3.02
2026.109.19:02:00/wx/0.31,554.4,26.9,8.09,270,3.24
2026.109.19:03:00/wx/0.87,554.4,29.2,6.47,287,3.43
2026.109.19:04:00/wx/1.04,554.4,30.1,8.18,284,3.58
2026.109.19:05:00/wx/1.60,554.4,27.5,10.43,279,3.50
2026.109.19:06:00/wx/0.87,554.4,25.7,9.61,291,3.43
2026.109.19:07:00/wx/0.66,554.3,29.5,9.01,290,3.54
2026.109.19:08:00/wx/1.39,554.3,31.4,10.71,252,3.68
2026.109.19:09:00/wx/1.27,554.4,32.8,9.50,280,3.64
2026.109.19:10:00/wx/1.70,554.4,30.1,6.63,268,3.67
2026.109.19:11:00/wx/1.36,554.3,33.3,7.08,260,3.55
