2026.097.02:21:29;"----------| START OF e26a07.apecs.obs |----------
2026.097.02:21:29;"Using TAI-UTC offset of +37 seconds
2026.097.02:21:29;"#
2026.097.02:21:29;"# APEX observing script for station Ax from file vexfiles/staging/e26a07.vex
2026.097.02:21:29;"# File created on 2026.097.00:19:31 UT
2026.097.02:21:29;"#
2026.097.02:21:29;"# Columns: 1) Start time 2) Duration in seconds 3) APECS command
2026.097.02:21:29;"# Details on the columns:
2026.097.02:21:29;"#    1) @always, or UT date-time in a 2015.016.06:42:40 format (yyyy.doy.hh:mm:ss)
2026.097.02:21:29;"#         modifiers: !2015.016.06:42:40 to not skip command even if start time already is past
2026.097.02:21:29;"#    2) estimated duration of the command in seconds
2026.097.02:21:29;"#    3) APECS command and parameters to execute. If the command includes whitespace.
2026.097.02:21:29;"#       Commands include, e.g.: tsys(), interactive("message"), tracksource("sourcename"), ...
2026.097.02:21:29;"#
2026.097.02:21:29;"# At time              Duration   Command
2026.097.02:21:29;"execfile('vlbi-NFLASH230_commands.py')
2026.097.02:21:29;"reply from APECS: OK
2026.097.02:21:30;"reply from APECS: (timeout)
2026.097.02:21:32;"vlbi_tone(enable=True)
2026.097.02:21:33;"reply from APECS: (timeout)
2026.097.02:21:35;"
2026.097.02:21:35;"# ### Block for 3C273 scan 1 '097-0143' at 2026.097.01:43:00 in 200s ############
2026.097.02:21:35;"missed time 2026.097.01:39:40 : source('3C273',cats='user'); go(); track()
2026.097.02:21:35;"missed time 2026.097.01:40:05 : vlbi_tsys()
2026.097.02:21:35;"missed time 2026.097.01:41:30 : vlbi_reference_scan()
2026.097.02:21:35;"#                      gap        max ~0 min 55 sec
2026.097.02:21:35;"missed time 2026.097.01:43:00 : vlbi_scan(t_mins=2,targetSource='3C273')
2026.097.02:21:35;"#     scan ends at 2026.097.01:45:00
2026.097.02:21:35;"
2026.097.02:21:35;"# ### Block for M87 scan 2 '097-0148' at 2026.097.01:48:00 in 180s ##############
2026.097.02:21:35;"missed time 2026.097.01:45:00 : source('M87',cats='user'); go(); track()
2026.097.02:21:35;"missed time 2026.097.01:45:25 : vlbi_tsys()
2026.097.02:21:35;"missed time 2026.097.01:46:50 : vlbi_reference_scan()
2026.097.02:21:35;"#                      gap        max ~0 min 35 sec
2026.097.02:21:35;"missed time 2026.097.01:48:00 : vlbi_scan(t_mins=4,targetSource='M87')
2026.097.02:21:35;"#     scan ends at 2026.097.01:52:00
2026.097.02:21:35;"
2026.097.02:21:35;"# ### Block for 3C279 scan 3 '097-0202' at 2026.097.02:02:00 in 600s ############
2026.097.02:21:35;"#
2026.097.02:21:35;"# OPERATOR free 7 min 35 sec until VLBI calibrations to start at 2026.097.01:59:25
2026.097.02:21:35;"#
2026.097.02:21:35;"missed time 2026.097.01:52:00 : print('You have 7 min 35 sec until the next VLBI calibration scan at 2026.097.01:59:25.')
2026.097.02:21:35;"missed time 2026.097.01:59:25 : source('3C279',cats='user'); go(); track()
2026.097.02:21:35;"missed time 2026.097.01:59:50 : vlbi_tsys()
2026.097.02:21:35;"missed time 2026.097.02:01:15 : vlbi_reference_scan()
2026.097.02:21:35;"#                      gap        max ~0 min 10 sec
2026.097.02:21:35;"missed time 2026.097.02:02:00 : vlbi_scan(t_mins=2,targetSource='3C279')
2026.097.02:21:35;"#     scan ends at 2026.097.02:04:00
2026.097.02:21:35;"
2026.097.02:21:35;"# ### Block for M87 scan 4 '097-0207' at 2026.097.02:07:00 in 180s ##############
2026.097.02:21:35;"missed time 2026.097.02:04:00 : source('M87',cats='user'); go(); track()
2026.097.02:21:35;"missed time 2026.097.02:04:25 : vlbi_tsys()
2026.097.02:21:35;"missed time 2026.097.02:05:50 : vlbi_reference_scan()
2026.097.02:21:35;"#                      gap        max ~0 min 35 sec
2026.097.02:21:35;"missed time 2026.097.02:07:00 : vlbi_scan(t_mins=4,targetSource='M87')
2026.097.02:21:35;"#     scan ends at 2026.097.02:11:00
2026.097.02:21:35;"
2026.097.02:21:35;"# ### Block for 3C273 scan 5 '097-0221' at 2026.097.02:21:00 in 600s ############
2026.097.02:21:35;"#
2026.097.02:21:35;"# OPERATOR free 7 min 35 sec until VLBI calibrations to start at 2026.097.02:18:25
2026.097.02:21:35;"#
2026.097.02:21:35;"missed time 2026.097.02:11:00 : print('You have 7 min 35 sec until the next VLBI calibration scan at 2026.097.02:18:25.')
2026.097.02:21:35;"missed time 2026.097.02:18:25 : source('3C273',cats='user'); go(); track()
2026.097.02:21:35;"missed time 2026.097.02:18:50 : vlbi_tsys()
2026.097.02:21:35;"missed time 2026.097.02:20:15 : vlbi_reference_scan()
2026.097.02:21:35;"#                      gap        max ~0 min 10 sec
2026.097.02:21:35;"missed time 2026.097.02:21:00 : vlbi_scan(t_mins=2,targetSource='3C273')
2026.097.02:21:35;"#     scan ends at 2026.097.02:23:00
2026.097.02:21:35;"
2026.097.02:21:35;"# ### Block for M87 scan 6 '097-0226' at 2026.097.02:26:00 in 180s ##############
2026.097.02:23:00;"source('M87',cats='user'); go(); track()
2026.097.02:23:00;"reply from APECS: OK
2026.097.02:23:01;"reply from APECS: (timeout)
2026.097.02:23:25;"vlbi_tsys()
2026.097.02:23:25;"reply from APECS: OK
2026.097.02:23:25;"reply from APECS: OK
2026.097.02:23:26;"reply from APECS: (timeout)
2026.097.02:24:50;"vlbi_reference_scan()
2026.097.02:24:51;"reply from APECS: (timeout)
2026.097.02:24:51;"#                      gap        max ~0 min 35 sec
2026.097.02:26:00;"vlbi_scan(t_mins=4,targetSource='M87')
2026.097.02:26:00;"reply from APECS: OK
2026.097.02:26:01;"reply from APECS: (timeout)
2026.097.02:26:01;"#     scan ends at 2026.097.02:30:00
2026.097.02:26:01;"
2026.097.02:26:01;"# ### Block for 3C279 scan 7 '097-0240' at 2026.097.02:40:00 in 600s ############
2026.097.02:26:01;"#
2026.097.02:26:01;"# OPERATOR free 7 min 35 sec until VLBI calibrations to start at 2026.097.02:37:25
2026.097.02:26:01;"#
2026.097.02:30:00;"print('You have 7 min 35 sec until the next VLBI calibration scan at 2026.097.02:37:25.')
2026.097.02:30:00;"reply from APECS: OK
2026.097.02:30:00;"reply from APECS: OK
2026.097.02:30:01;"reply from APECS: (timeout)
2026.097.02:37:25;"source('3C279',cats='user'); go(); track()
2026.097.02:37:26;"reply from APECS: (timeout)
2026.097.02:37:50;"vlbi_tsys()
2026.097.02:37:50;"reply from APECS: OK
2026.097.02:37:50;"reply from APECS: OK
2026.097.02:37:51;"reply from APECS: (timeout)
2026.097.02:39:15;"vlbi_reference_scan()
2026.097.02:39:16;"reply from APECS: (timeout)
2026.097.02:39:16;"#                      gap        max ~0 min 10 sec
2026.097.02:40:00;"vlbi_scan(t_mins=2,targetSource='3C279')
2026.097.02:40:00;"reply from APECS: OK
2026.097.02:40:01;"reply from APECS: (timeout)
2026.097.02:40:01;"#     scan ends at 2026.097.02:42:00
2026.097.02:40:01;"
2026.097.02:40:01;"# ### Block for M87 scan 8 '097-0245' at 2026.097.02:45:00 in 180s ##############
2026.097.02:42:00;"source('M87',cats='user'); go(); track()
2026.097.02:42:00;"reply from APECS: OK
2026.097.02:42:01;"reply from APECS: (timeout)
2026.097.02:42:25;"vlbi_tsys()
2026.097.02:42:25;"reply from APECS: OK
2026.097.02:42:25;"reply from APECS: OK
2026.097.02:42:26;"reply from APECS: (timeout)
2026.097.02:43:50;"vlbi_reference_scan()
2026.097.02:43:51;"reply from APECS: (timeout)
2026.097.02:43:51;"#                      gap        max ~0 min 35 sec
2026.097.02:45:00;"vlbi_scan(t_mins=4,targetSource='M87')
2026.097.02:45:00;"reply from APECS: OK
2026.097.02:45:01;"reply from APECS: (timeout)
2026.097.02:45:01;"#     scan ends at 2026.097.02:49:00
2026.097.02:45:01;"
2026.097.02:45:01;"# ### Block for J1337-1257 scan 9 '097-0251' at 2026.097.02:51:00 in 120s #######
2026.097.02:49:00;"source('J1337-1257',cats='user'); go(); track()
2026.097.02:49:00;"reply from APECS: OK
2026.097.02:49:01;"reply from APECS: (timeout)
2026.097.02:49:25;"vlbi_tsys()
2026.097.02:49:25;"reply from APECS: OK
2026.097.02:49:25;"reply from APECS: OK
2026.097.02:49:26;"reply from APECS: (timeout)
2026.097.02:49:26;"#                      gap        max ~0 min 10 sec
2026.097.02:51:00;"vlbi_scan(t_mins=2,targetSource='J1337-1257')
2026.097.02:51:01;"reply from APECS: (timeout)
2026.097.02:51:01;"#     scan ends at 2026.097.02:53:00
2026.097.02:51:01;"
2026.097.02:51:01;"# ### Block for 3C279 scan 10 '097-0304' at 2026.097.03:04:00 in 660s ###########
2026.097.02:51:01;"#
2026.097.02:51:01;"# OPERATOR free 8 min 35 sec until VLBI calibrations to start at 2026.097.03:01:25
2026.097.02:51:01;"#
2026.097.02:53:00;"print('You have 8 min 35 sec until the next VLBI calibration scan at 2026.097.03:01:25.')
2026.097.02:53:00;"reply from APECS: OK
2026.097.02:53:00;"reply from APECS: OK
2026.097.02:53:01;"reply from APECS: (timeout)
2026.097.03:01:25;"source('3C279',cats='user'); go(); track()
2026.097.03:01:26;"reply from APECS: (timeout)
2026.097.03:01:50;"vlbi_tsys()
2026.097.03:01:50;"reply from APECS: OK
2026.097.03:01:50;"reply from APECS: OK
2026.097.03:01:51;"reply from APECS: (timeout)
2026.097.03:03:15;"vlbi_reference_scan()
2026.097.03:03:16;"reply from APECS: (timeout)
2026.097.03:03:16;"#                      gap        max ~0 min 10 sec
2026.097.03:04:00;"vlbi_scan(t_mins=2,targetSource='3C279')
2026.097.03:04:00;"reply from APECS: OK
2026.097.03:04:01;"reply from APECS: (timeout)
2026.097.03:04:01;"#     scan ends at 2026.097.03:06:00
2026.097.03:04:01;"
2026.097.03:04:01;"# ### Block for M87 scan 11 '097-0309' at 2026.097.03:09:00 in 180s #############
2026.097.03:06:00;"source('M87',cats='user'); go(); track()
2026.097.03:06:00;"reply from APECS: OK
2026.097.03:06:01;"reply from APECS: (timeout)
2026.097.03:06:25;"vlbi_tsys()
2026.097.03:06:25;"reply from APECS: OK
2026.097.03:06:25;"reply from APECS: OK
2026.097.03:06:26;"reply from APECS: (timeout)
2026.097.03:07:50;"vlbi_reference_scan()
2026.097.03:07:51;"reply from APECS: (timeout)
2026.097.03:07:51;"#                      gap        max ~0 min 35 sec
2026.097.03:09:00;"vlbi_scan(t_mins=4,targetSource='M87')
2026.097.03:09:00;"reply from APECS: OK
2026.097.03:09:01;"reply from APECS: (timeout)
2026.097.03:09:01;"#     scan ends at 2026.097.03:13:00
2026.097.03:09:01;"
2026.097.03:09:01;"# ### Block for J1337-1257 scan 12 '097-0318' at 2026.097.03:18:00 in 300s ######
2026.097.03:15:25;"source('J1337-1257',cats='user'); go(); track()
2026.097.03:15:25;"reply from APECS: OK
2026.097.03:15:26;"reply from APECS: (timeout)
2026.097.03:15:50;"vlbi_tsys()
2026.097.03:15:50;"reply from APECS: OK
2026.097.03:15:50;"reply from APECS: OK
2026.097.03:15:51;"reply from APECS: (timeout)
2026.097.03:17:15;"vlbi_reference_scan()
2026.097.03:17:16;"reply from APECS: (timeout)
2026.097.03:17:16;"#                      gap        max ~0 min 10 sec
2026.097.03:18:00;"vlbi_scan(t_mins=2,targetSource='J1337-1257')
2026.097.03:18:00;"reply from APECS: OK
2026.097.03:18:01;"reply from APECS: (timeout)
2026.097.03:18:01;"#     scan ends at 2026.097.03:20:00
2026.097.03:18:01;"
2026.097.03:18:01;"# ### Block for 3C279 scan 13 '097-0325' at 2026.097.03:25:00 in 300s ###########
2026.097.03:22:25;"source('3C279',cats='user'); go(); track()
2026.097.03:22:25;"reply from APECS: OK
2026.097.03:22:26;"reply from APECS: (timeout)
2026.097.03:22:50;"vlbi_tsys()
2026.097.03:22:50;"reply from APECS: OK
2026.097.03:22:50;"reply from APECS: OK
2026.097.03:22:51;"reply from APECS: (timeout)
2026.097.03:24:15;"vlbi_reference_scan()
2026.097.03:24:16;"reply from APECS: (timeout)
2026.097.03:24:16;"#                      gap        max ~0 min 10 sec
2026.097.03:25:00;"vlbi_scan(t_mins=2,targetSource='3C279')
2026.097.03:25:00;"reply from APECS: OK
2026.097.03:25:01;"reply from APECS: (timeout)
2026.097.03:25:01;"#     scan ends at 2026.097.03:27:00
2026.097.03:25:01;"
2026.097.03:25:01;"# ### Block for M87 scan 14 '097-0330' at 2026.097.03:30:00 in 180s #############
2026.097.03:27:00;"source('M87',cats='user'); go(); track()
2026.097.03:27:00;"reply from APECS: OK
2026.097.03:27:01;"reply from APECS: (timeout)
2026.097.03:27:25;"vlbi_tsys()
2026.097.03:27:25;"reply from APECS: OK
2026.097.03:27:25;"reply from APECS: OK
2026.097.03:27:26;"reply from APECS: (timeout)
2026.097.03:28:50;"vlbi_reference_scan()
2026.097.03:28:51;"reply from APECS: (timeout)
2026.097.03:28:51;"#                      gap        max ~0 min 35 sec
2026.097.03:30:00;"vlbi_scan(t_mins=4,targetSource='M87')
2026.097.03:30:00;"reply from APECS: OK
2026.097.03:30:01;"reply from APECS: (timeout)
2026.097.03:30:01;"#     scan ends at 2026.097.03:34:00
2026.097.03:30:01;"
2026.097.03:30:01;"# ### Block for 3C273 scan 15 '097-0343' at 2026.097.03:43:00 in 540s ###########
2026.097.03:30:01;"#
2026.097.03:30:01;"# OPERATOR free 6 min 35 sec until VLBI calibrations to start at 2026.097.03:40:25
2026.097.03:30:01;"#
2026.097.03:34:00;"print('You have 6 min 35 sec until the next VLBI calibration scan at 2026.097.03:40:25.')
2026.097.03:34:00;"reply from APECS: OK
2026.097.03:34:00;"reply from APECS: OK
2026.097.03:34:01;"reply from APECS: (timeout)
2026.097.03:40:25;"source('3C273',cats='user'); go(); track()
2026.097.03:40:26;"reply from APECS: (timeout)
2026.097.03:40:50;"vlbi_tsys()
2026.097.03:40:50;"reply from APECS: OK
2026.097.03:40:50;"reply from APECS: OK
2026.097.03:40:51;"reply from APECS: (timeout)
2026.097.03:42:15;"vlbi_reference_scan()
2026.097.03:42:16;"reply from APECS: (timeout)
2026.097.03:42:16;"#                      gap        max ~0 min 10 sec
2026.097.03:43:00;"vlbi_scan(t_mins=2,targetSource='3C273')
2026.097.03:43:00;"reply from APECS: OK
2026.097.03:43:01;"reply from APECS: (timeout)
2026.097.03:43:01;"#     scan ends at 2026.097.03:45:00
2026.097.03:43:01;"
2026.097.03:43:01;"# ### Block for M87 scan 16 '097-0348' at 2026.097.03:48:00 in 180s #############
2026.097.03:45:00;"source('M87',cats='user'); go(); track()
2026.097.03:45:00;"reply from APECS: OK
2026.097.03:45:01;"reply from APECS: (timeout)
2026.097.03:45:25;"vlbi_tsys()
2026.097.03:45:25;"reply from APECS: OK
2026.097.03:45:25;"reply from APECS: OK
2026.097.03:45:26;"reply from APECS: (timeout)
2026.097.03:46:50;"vlbi_reference_scan()
2026.097.03:46:51;"reply from APECS: (timeout)
2026.097.03:46:51;"#                      gap        max ~0 min 35 sec
2026.097.03:48:00;"vlbi_scan(t_mins=4,targetSource='M87')
2026.097.03:48:00;"reply from APECS: OK
2026.097.03:48:01;"reply from APECS: (timeout)
2026.097.03:48:01;"#     scan ends at 2026.097.03:52:00
2026.097.03:48:01;"
2026.097.03:48:01;"# ### Block for 3C279 scan 17 '097-0401' at 2026.097.04:01:00 in 540s ###########
2026.097.03:48:01;"#
2026.097.03:48:01;"# OPERATOR free 6 min 35 sec until VLBI calibrations to start at 2026.097.03:58:25
2026.097.03:48:01;"#
2026.097.03:52:00;"print('You have 6 min 35 sec until the next VLBI calibration scan at 2026.097.03:58:25.')
2026.097.03:52:00;"reply from APECS: OK
2026.097.03:52:00;"reply from APECS: OK
2026.097.03:52:01;"reply from APECS: (timeout)
2026.097.03:58:25;"source('3C279',cats='user'); go(); track()
2026.097.03:58:26;"reply from APECS: (timeout)
2026.097.03:58:50;"vlbi_tsys()
2026.097.03:58:50;"reply from APECS: OK
2026.097.03:58:50;"reply from APECS: OK
2026.097.03:58:51;"reply from APECS: (timeout)
2026.097.04:00:15;"vlbi_reference_scan()
2026.097.04:00:16;"reply from APECS: (timeout)
2026.097.04:00:16;"#                      gap        max ~0 min 10 sec
2026.097.04:01:00;"vlbi_scan(t_mins=2,targetSource='3C279')
2026.097.04:01:00;"reply from APECS: OK
2026.097.04:01:01;"reply from APECS: (timeout)
2026.097.04:01:01;"#     scan ends at 2026.097.04:03:00
2026.097.04:01:01;"
2026.097.04:01:01;"# ### Block for M87 scan 18 '097-0406' at 2026.097.04:06:00 in 180s #############
2026.097.04:03:00;"source('M87',cats='user'); go(); track()
2026.097.04:03:00;"reply from APECS: OK
2026.097.04:03:01;"reply from APECS: (timeout)
2026.097.04:03:25;"vlbi_tsys()
2026.097.04:03:25;"reply from APECS: OK
2026.097.04:03:25;"reply from APECS: OK
2026.097.04:03:26;"reply from APECS: (timeout)
2026.097.04:04:50;"vlbi_reference_scan()
2026.097.04:04:51;"reply from APECS: (timeout)
2026.097.04:04:51;"#                      gap        max ~0 min 35 sec
2026.097.04:06:00;"vlbi_scan(t_mins=4,targetSource='M87')
2026.097.04:06:00;"reply from APECS: OK
2026.097.04:06:01;"reply from APECS: (timeout)
2026.097.04:06:01;"#     scan ends at 2026.097.04:10:00
2026.097.04:06:01;"
2026.097.04:06:01;"# ### Block for 3C279 scan 19 '097-0420' at 2026.097.04:20:00 in 600s ###########
2026.097.04:06:01;"#
2026.097.04:06:01;"# OPERATOR free 7 min 35 sec until VLBI calibrations to start at 2026.097.04:17:25
2026.097.04:06:01;"#
2026.097.04:10:00;"print('You have 7 min 35 sec until the next VLBI calibration scan at 2026.097.04:17:25.')
2026.097.04:10:00;"reply from APECS: OK
2026.097.04:10:00;"reply from APECS: OK
2026.097.04:10:01;"reply from APECS: (timeout)
2026.097.04:17:25;"source('3C279',cats='user'); go(); track()
2026.097.04:17:26;"reply from APECS: (timeout)
2026.097.04:17:50;"vlbi_tsys()
2026.097.04:17:50;"reply from APECS: OK
2026.097.04:17:50;"reply from APECS: OK
2026.097.04:17:51;"reply from APECS: (timeout)
2026.097.04:19:15;"vlbi_reference_scan()
2026.097.04:19:16;"reply from APECS: (timeout)
2026.097.04:19:16;"#                      gap        max ~0 min 10 sec
2026.097.04:20:00;"vlbi_scan(t_mins=2,targetSource='3C279')
2026.097.04:20:00;"reply from APECS: OK
2026.097.04:20:01;"reply from APECS: (timeout)
2026.097.04:20:01;"#     scan ends at 2026.097.04:22:00
2026.097.04:20:01;"
2026.097.04:20:01;"# ### Block for M87 scan 20 '097-0425' at 2026.097.04:25:00 in 180s #############
2026.097.04:22:00;"source('M87',cats='user'); go(); track()
2026.097.04:22:00;"reply from APECS: OK
2026.097.04:22:01;"reply from APECS: (timeout)
2026.097.04:22:25;"vlbi_tsys()
2026.097.04:22:25;"reply from APECS: OK
2026.097.04:22:25;"reply from APECS: OK
2026.097.04:22:26;"reply from APECS: (timeout)
2026.097.04:23:50;"vlbi_reference_scan()
2026.097.04:23:51;"reply from APECS: (timeout)
2026.097.04:23:51;"#                      gap        max ~0 min 35 sec
2026.097.04:25:00;"vlbi_scan(t_mins=4,targetSource='M87')
2026.097.04:25:00;"reply from APECS: OK
2026.097.04:25:01;"reply from APECS: (timeout)
2026.097.04:25:01;"#     scan ends at 2026.097.04:29:00
2026.097.04:25:01;"
2026.097.04:25:01;"# ### Block for J1337-1257 scan 21 '097-0432' at 2026.097.04:32:00 in 180s ######
2026.097.04:29:00;"source('J1337-1257',cats='user'); go(); track()
2026.097.04:29:00;"reply from APECS: OK
2026.097.04:29:01;"reply from APECS: (timeout)
2026.097.04:29:25;"vlbi_tsys()
2026.097.04:29:25;"reply from APECS: OK
2026.097.04:29:25;"reply from APECS: OK
2026.097.04:29:26;"reply from APECS: (timeout)
2026.097.04:30:50;"vlbi_reference_scan()
2026.097.04:30:51;"reply from APECS: (timeout)
2026.097.04:30:51;"#                      gap        max ~0 min 35 sec
2026.097.04:32:00;"vlbi_scan(t_mins=2,targetSource='J1337-1257')
2026.097.04:32:00;"reply from APECS: OK
2026.097.04:32:01;"reply from APECS: (timeout)
2026.097.04:32:01;"#     scan ends at 2026.097.04:34:00
2026.097.04:32:01;"
2026.097.04:32:01;"# ### Block for 3C273 scan 22 '097-0441' at 2026.097.04:41:00 in 420s ###########
2026.097.04:38:25;"source('3C273',cats='user'); go(); track()
2026.097.04:38:25;"reply from APECS: OK
2026.097.04:38:26;"reply from APECS: (timeout)
2026.097.04:38:50;"vlbi_tsys()
2026.097.04:38:50;"reply from APECS: OK
2026.097.04:38:50;"reply from APECS: OK
2026.097.04:38:51;"reply from APECS: (timeout)
2026.097.04:40:15;"vlbi_reference_scan()
2026.097.04:40:16;"reply from APECS: (timeout)
2026.097.04:40:16;"#                      gap        max ~0 min 10 sec
2026.097.04:41:00;"vlbi_scan(t_mins=2,targetSource='3C273')
2026.097.04:41:00;"reply from APECS: OK
2026.097.04:41:01;"reply from APECS: (timeout)
2026.097.04:41:01;"#     scan ends at 2026.097.04:43:00
2026.097.04:41:01;"
2026.097.04:41:01;"# ### Block for M87 scan 23 '097-0446' at 2026.097.04:46:00 in 180s #############
2026.097.04:43:00;"source('M87',cats='user'); go(); track()
2026.097.04:43:00;"reply from APECS: OK
2026.097.04:43:01;"reply from APECS: (timeout)
2026.097.04:43:25;"vlbi_tsys()
2026.097.04:43:25;"reply from APECS: OK
2026.097.04:43:25;"reply from APECS: OK
2026.097.04:43:26;"reply from APECS: (timeout)
2026.097.04:44:50;"vlbi_reference_scan()
2026.097.04:44:51;"reply from APECS: (timeout)
2026.097.04:44:51;"#                      gap        max ~0 min 35 sec
2026.097.04:46:00;"vlbi_scan(t_mins=4,targetSource='M87')
2026.097.04:46:00;"reply from APECS: OK
2026.097.04:46:01;"reply from APECS: (timeout)
2026.097.04:46:01;"#     scan ends at 2026.097.04:50:00
2026.097.04:46:01;"
2026.097.04:46:01;"# ### Block for M87 scan 24 '097-0453' at 2026.097.04:53:00 in 180s #############
2026.097.04:50:00;"source('M87',cats='user'); go(); track()
2026.097.04:50:00;"reply from APECS: OK
2026.097.04:50:01;"reply from APECS: (timeout)
2026.097.04:50:25;"vlbi_tsys()
2026.097.04:50:25;"reply from APECS: OK
2026.097.04:50:25;"reply from APECS: OK
2026.097.04:50:26;"reply from APECS: (timeout)
2026.097.04:51:50;"vlbi_reference_scan()
2026.097.04:51:51;"reply from APECS: (timeout)
2026.097.04:51:51;"#                      gap        max ~0 min 35 sec
2026.097.04:53:00;"vlbi_scan(t_mins=4,targetSource='M87')
2026.097.04:53:00;"reply from APECS: OK
2026.097.04:53:01;"reply from APECS: (timeout)
2026.097.04:53:01;"#     scan ends at 2026.097.04:57:00
2026.097.04:53:01;"
2026.097.04:53:01;"# ### Block for 3C279 scan 25 '097-0505' at 2026.097.05:05:00 in 480s ###########
2026.097.05:02:25;"source('3C279',cats='user'); go(); track()
2026.097.05:02:25;"reply from APECS: OK
2026.097.05:02:26;"reply from APECS: (timeout)
2026.097.05:02:50;"vlbi_tsys()
2026.097.05:02:50;"reply from APECS: OK
2026.097.05:02:50;"reply from APECS: OK
2026.097.05:02:51;"reply from APECS: (timeout)
2026.097.05:04:15;"vlbi_reference_scan()
2026.097.05:04:16;"reply from APECS: (timeout)
2026.097.05:04:16;"#                      gap        max ~0 min 10 sec
2026.097.05:05:00;"vlbi_scan(t_mins=2,targetSource='3C279')
2026.097.05:05:00;"reply from APECS: OK
2026.097.05:05:01;"reply from APECS: (timeout)
2026.097.05:05:01;"#     scan ends at 2026.097.05:07:00
2026.097.05:05:01;"
2026.097.05:05:01;"# ### Block for M87 scan 26 '097-0510' at 2026.097.05:10:00 in 180s #############
2026.097.05:07:00;"source('M87',cats='user'); go(); track()
2026.097.05:07:00;"reply from APECS: OK
2026.097.05:07:01;"reply from APECS: (timeout)
2026.097.05:07:25;"vlbi_tsys()
2026.097.05:07:25;"reply from APECS: OK
2026.097.05:07:25;"reply from APECS: OK
2026.097.05:07:26;"reply from APECS: (timeout)
2026.097.05:08:50;"vlbi_reference_scan()
2026.097.05:08:51;"reply from APECS: (timeout)
2026.097.05:08:51;"#                      gap        max ~0 min 35 sec
2026.097.05:10:00;"vlbi_scan(t_mins=4,targetSource='M87')
2026.097.05:10:00;"reply from APECS: OK
2026.097.05:10:01;"reply from APECS: (timeout)
2026.097.05:10:01;"#     scan ends at 2026.097.05:14:00
2026.097.05:10:01;"
2026.097.05:10:01;"# ### Block for M87 scan 27 '097-0517' at 2026.097.05:17:00 in 180s #############
2026.097.05:14:00;"source('M87',cats='user'); go(); track()
2026.097.05:14:00;"reply from APECS: OK
2026.097.05:14:01;"reply from APECS: (timeout)
2026.097.05:14:25;"vlbi_tsys()
2026.097.05:14:25;"reply from APECS: OK
2026.097.05:14:25;"reply from APECS: OK
2026.097.05:14:26;"reply from APECS: (timeout)
2026.097.05:15:50;"vlbi_reference_scan()
2026.097.05:15:51;"reply from APECS: (timeout)
2026.097.05:15:51;"#                      gap        max ~0 min 35 sec
2026.097.05:17:00;"vlbi_scan(t_mins=4,targetSource='M87')
2026.097.05:17:00;"reply from APECS: OK
2026.097.05:17:01;"reply from APECS: (timeout)
2026.097.05:17:01;"#     scan ends at 2026.097.05:21:00
2026.097.05:17:01;"
2026.097.05:17:01;"# ### Block for J1337-1257 scan 28 '097-0531' at 2026.097.05:31:00 in 600s ######
2026.097.05:17:01;"#
2026.097.05:17:01;"# OPERATOR free 7 min 35 sec until VLBI calibrations to start at 2026.097.05:28:25
2026.097.05:17:01;"#
2026.097.05:21:00;"print('You have 7 min 35 sec until the next VLBI calibration scan at 2026.097.05:28:25.')
2026.097.05:21:00;"reply from APECS: OK
2026.097.05:21:00;"reply from APECS: OK
2026.097.05:21:01;"reply from APECS: (timeout)
2026.097.05:28:25;"source('J1337-1257',cats='user'); go(); track()
2026.097.05:28:26;"reply from APECS: (timeout)
2026.097.05:28:50;"vlbi_tsys()
2026.097.05:28:50;"reply from APECS: OK
2026.097.05:28:50;"reply from APECS: OK
2026.097.05:28:51;"reply from APECS: (timeout)
2026.097.05:30:15;"vlbi_reference_scan()
2026.097.05:30:16;"reply from APECS: (timeout)
2026.097.05:30:16;"#                      gap        max ~0 min 10 sec
2026.097.05:31:00;"vlbi_scan(t_mins=2,targetSource='J1337-1257')
2026.097.05:31:00;"reply from APECS: OK
2026.097.05:31:01;"reply from APECS: (timeout)
2026.097.05:31:01;"#     scan ends at 2026.097.05:33:00
2026.097.05:31:01;"
2026.097.05:31:01;"# ### Block for 3C273 scan 29 '097-0538' at 2026.097.05:38:00 in 300s ###########
2026.097.05:35:25;"source('3C273',cats='user'); go(); track()
2026.097.05:35:25;"reply from APECS: OK
2026.097.05:35:26;"reply from APECS: (timeout)
2026.097.05:35:50;"vlbi_tsys()
2026.097.05:35:50;"reply from APECS: OK
2026.097.05:35:50;"reply from APECS: OK
2026.097.05:35:51;"reply from APECS: (timeout)
2026.097.05:37:15;"vlbi_reference_scan()
2026.097.05:37:16;"reply from APECS: (timeout)
2026.097.05:37:16;"#                      gap        max ~0 min 10 sec
2026.097.05:38:00;"vlbi_scan(t_mins=2,targetSource='3C273')
2026.097.05:38:00;"reply from APECS: OK
2026.097.05:38:01;"reply from APECS: (timeout)
2026.097.05:38:01;"#     scan ends at 2026.097.05:40:00
2026.097.05:38:01;"
2026.097.05:38:01;"# ### Block for M87 scan 30 '097-0543' at 2026.097.05:43:00 in 180s #############
2026.097.05:40:00;"source('M87',cats='user'); go(); track()
2026.097.05:40:00;"reply from APECS: OK
2026.097.05:40:01;"reply from APECS: (timeout)
2026.097.05:40:25;"vlbi_tsys()
2026.097.05:40:25;"reply from APECS: OK
2026.097.05:40:25;"reply from APECS: OK
2026.097.05:40:26;"reply from APECS: (timeout)
2026.097.05:41:50;"vlbi_reference_scan()
2026.097.05:41:51;"reply from APECS: (timeout)
2026.097.05:41:51;"#                      gap        max ~0 min 35 sec
2026.097.05:43:00;"vlbi_scan(t_mins=4,targetSource='M87')
2026.097.05:43:00;"reply from APECS: OK
2026.097.05:43:01;"reply from APECS: (timeout)
2026.097.05:43:01;"#     scan ends at 2026.097.05:47:00
2026.097.05:43:01;"
2026.097.05:43:01;"# ### Block for 3C279 scan 31 '097-0553' at 2026.097.05:53:00 in 360s ###########
2026.097.05:50:25;"source('3C279',cats='user'); go(); track()
2026.097.05:50:25;"reply from APECS: OK
2026.097.05:50:26;"reply from APECS: (timeout)
2026.097.05:50:50;"vlbi_tsys()
2026.097.05:50:50;"reply from APECS: OK
2026.097.05:50:50;"reply from APECS: OK
2026.097.05:50:51;"reply from APECS: (timeout)
2026.097.05:52:15;"vlbi_reference_scan()
2026.097.05:52:16;"reply from APECS: (timeout)
2026.097.05:52:16;"#                      gap        max ~0 min 10 sec
2026.097.05:53:00;"vlbi_scan(t_mins=2,targetSource='3C279')
2026.097.05:53:00;"reply from APECS: OK
2026.097.05:53:01;"reply from APECS: (timeout)
2026.097.05:53:01;"#     scan ends at 2026.097.05:55:00
2026.097.05:53:01;"
2026.097.05:53:01;"# ### Block for M87 scan 32 '097-0600' at 2026.097.06:00:00 in 300s #############
2026.097.05:57:25;"source('M87',cats='user'); go(); track()
2026.097.05:57:25;"reply from APECS: OK
2026.097.05:57:26;"reply from APECS: (timeout)
2026.097.05:57:50;"vlbi_tsys()
2026.097.05:57:50;"reply from APECS: OK
2026.097.05:57:50;"reply from APECS: OK
2026.097.05:57:51;"reply from APECS: (timeout)
2026.097.05:59:15;"vlbi_reference_scan()
2026.097.05:59:16;"reply from APECS: (timeout)
2026.097.05:59:16;"#                      gap        max ~0 min 10 sec
2026.097.06:00:00;"vlbi_scan(t_mins=4,targetSource='M87')
2026.097.06:00:00;"reply from APECS: OK
2026.097.06:00:01;"reply from APECS: (timeout)
2026.097.06:00:01;"#     scan ends at 2026.097.06:04:00
2026.097.06:00:01;"
2026.097.06:00:01;"# ### Block for 3C279 scan 33 '097-0613' at 2026.097.06:13:00 in 540s ###########
2026.097.06:00:01;"#
2026.097.06:00:01;"# OPERATOR free 6 min 35 sec until VLBI calibrations to start at 2026.097.06:10:25
2026.097.06:00:01;"#
2026.097.06:04:00;"print('You have 6 min 35 sec until the next VLBI calibration scan at 2026.097.06:10:25.')
2026.097.06:04:00;"reply from APECS: OK
2026.097.06:04:00;"reply from APECS: OK
2026.097.06:04:01;"reply from APECS: (timeout)
2026.097.06:10:25;"source('3C279',cats='user'); go(); track()
2026.097.06:10:26;"reply from APECS: (timeout)
2026.097.06:10:50;"vlbi_tsys()
2026.097.06:10:50;"reply from APECS: OK
2026.097.06:10:50;"reply from APECS: OK
2026.097.06:10:51;"reply from APECS: (timeout)
2026.097.06:12:15;"vlbi_reference_scan()
2026.097.06:12:16;"reply from APECS: (timeout)
2026.097.06:12:16;"#                      gap        max ~0 min 10 sec
2026.097.06:13:00;"vlbi_scan(t_mins=2,targetSource='3C279')
2026.097.06:13:00;"reply from APECS: OK
2026.097.06:13:01;"reply from APECS: (timeout)
2026.097.06:13:01;"#     scan ends at 2026.097.06:15:00
2026.097.06:13:01;"
2026.097.06:13:01;"# ### Block for M87 scan 34 '097-0618' at 2026.097.06:18:00 in 180s #############
2026.097.06:15:00;"source('M87',cats='user'); go(); track()
2026.097.06:15:00;"reply from APECS: OK
2026.097.06:15:01;"reply from APECS: (timeout)
2026.097.06:15:25;"vlbi_tsys()
2026.097.06:15:25;"reply from APECS: OK
2026.097.06:15:25;"reply from APECS: OK
2026.097.06:15:26;"reply from APECS: (timeout)
2026.097.06:16:50;"vlbi_reference_scan()
2026.097.06:16:51;"reply from APECS: (timeout)
2026.097.06:16:51;"#                      gap        max ~0 min 35 sec
2026.097.06:18:00;"vlbi_scan(t_mins=4,targetSource='M87')
2026.097.06:18:00;"reply from APECS: OK
2026.097.06:18:01;"reply from APECS: (timeout)
2026.097.06:18:01;"#     scan ends at 2026.097.06:22:00
2026.097.06:18:01;"
2026.097.06:18:01;"# ### Block for 3C279 scan 35 '097-0630' at 2026.097.06:30:00 in 480s ###########
2026.097.06:27:25;"source('3C279',cats='user'); go(); track()
2026.097.06:27:25;"reply from APECS: OK
2026.097.06:27:26;"reply from APECS: (timeout)
2026.097.06:27:50;"vlbi_tsys()
2026.097.06:27:50;"reply from APECS: OK
2026.097.06:27:50;"reply from APECS: OK
2026.097.06:27:51;"reply from APECS: (timeout)
2026.097.06:29:15;"vlbi_reference_scan()
2026.097.06:29:16;"reply from APECS: (timeout)
2026.097.06:29:16;"#                      gap        max ~0 min 10 sec
2026.097.06:30:00;"vlbi_scan(t_mins=2,targetSource='3C279')
2026.097.06:30:00;"reply from APECS: OK
2026.097.06:30:01;"reply from APECS: (timeout)
2026.097.06:30:01;"#     scan ends at 2026.097.06:32:00
2026.097.06:30:01;"
2026.097.06:30:01;"# ### Block for J1337-1257 scan 36 '097-0634' at 2026.097.06:34:00 in 120s ######
2026.097.06:32:00;"source('J1337-1257',cats='user'); go(); track()
2026.097.06:32:00;"reply from APECS: OK
2026.097.06:32:01;"reply from APECS: (timeout)
2026.097.06:32:25;"vlbi_tsys()
2026.097.06:32:25;"reply from APECS: OK
2026.097.06:32:25;"reply from APECS: OK
2026.097.06:32:26;"reply from APECS: (timeout)
2026.097.06:32:26;"#                      gap        max ~0 min 10 sec
2026.097.06:34:00;"vlbi_scan(t_mins=2,targetSource='J1337-1257')
2026.097.06:34:01;"reply from APECS: (timeout)
2026.097.06:34:01;"#     scan ends at 2026.097.06:36:00
2026.097.06:34:01;"
2026.097.06:34:01;"# ### Block for M87 scan 37 '097-0640' at 2026.097.06:40:00 in 240s #############
2026.097.06:37:25;"source('M87',cats='user'); go(); track()
2026.097.06:37:25;"reply from APECS: OK
2026.097.06:37:26;"reply from APECS: (timeout)
2026.097.06:37:50;"vlbi_tsys()
2026.097.06:37:50;"reply from APECS: OK
2026.097.06:37:50;"reply from APECS: OK
2026.097.06:37:51;"reply from APECS: (timeout)
2026.097.06:39:15;"vlbi_reference_scan()
2026.097.06:39:16;"reply from APECS: (timeout)
2026.097.06:39:16;"#                      gap        max ~0 min 10 sec
2026.097.06:40:00;"vlbi_scan(t_mins=4,targetSource='M87')
2026.097.06:40:00;"reply from APECS: OK
2026.097.06:40:01;"reply from APECS: (timeout)
2026.097.06:40:01;"#     scan ends at 2026.097.06:44:00
2026.097.06:40:01;"
2026.097.06:40:01;"# ### Block for 3C273 scan 38 '097-0652' at 2026.097.06:52:00 in 480s ###########
2026.097.06:49:25;"source('3C273',cats='user'); go(); track()
2026.097.06:49:25;"reply from APECS: OK
2026.097.06:49:26;"reply from APECS: (timeout)
2026.097.06:49:50;"vlbi_tsys()
2026.097.06:49:50;"reply from APECS: OK
2026.097.06:49:50;"reply from APECS: OK
2026.097.06:49:51;"reply from APECS: (timeout)
2026.097.06:51:15;"vlbi_reference_scan()
2026.097.06:51:16;"reply from APECS: (timeout)
2026.097.06:51:16;"#                      gap        max ~0 min 10 sec
2026.097.06:52:00;"vlbi_scan(t_mins=2,targetSource='3C273')
2026.097.06:52:00;"reply from APECS: OK
2026.097.06:52:01;"reply from APECS: (timeout)
2026.097.06:52:01;"#     scan ends at 2026.097.06:54:00
2026.097.06:52:01;"
2026.097.06:52:01;"# ### Block for M87 scan 39 '097-0657' at 2026.097.06:57:00 in 180s #############
2026.097.06:54:00;"source('M87',cats='user'); go(); track()
2026.097.06:54:00;"reply from APECS: OK
2026.097.06:54:01;"reply from APECS: (timeout)
2026.097.06:54:25;"vlbi_tsys()
2026.097.06:54:25;"reply from APECS: OK
2026.097.06:54:25;"reply from APECS: OK
2026.097.06:54:26;"reply from APECS: (timeout)
2026.097.06:55:50;"vlbi_reference_scan()
2026.097.06:55:51;"reply from APECS: (timeout)
2026.097.06:55:51;"#                      gap        max ~0 min 35 sec
2026.097.06:57:00;"vlbi_scan(t_mins=4,targetSource='M87')
2026.097.06:57:00;"reply from APECS: OK
2026.097.06:57:01;"reply from APECS: (timeout)
2026.097.06:57:01;"#     scan ends at 2026.097.07:01:00
2026.097.06:57:01;"
2026.097.06:57:01;"# ### Block for 3C279 scan 40 '097-0709' at 2026.097.07:09:00 in 480s ###########
2026.097.07:06:25;"source('3C279',cats='user'); go(); track()
2026.097.07:06:25;"reply from APECS: OK
2026.097.07:06:26;"reply from APECS: (timeout)
2026.097.07:06:50;"vlbi_tsys()
2026.097.07:06:50;"reply from APECS: OK
2026.097.07:06:50;"reply from APECS: OK
2026.097.07:06:51;"reply from APECS: (timeout)
2026.097.07:08:15;"vlbi_reference_scan()
2026.097.07:08:16;"reply from APECS: (timeout)
2026.097.07:08:16;"#                      gap        max ~0 min 10 sec
2026.097.07:09:00;"vlbi_scan(t_mins=2,targetSource='3C279')
2026.097.07:09:00;"reply from APECS: OK
2026.097.07:09:01;"reply from APECS: (timeout)
2026.097.07:09:01;"#     scan ends at 2026.097.07:11:00
2026.097.07:09:01;"
2026.097.07:09:01;"# ### Block for M87 scan 41 '097-0714' at 2026.097.07:14:00 in 180s #############
2026.097.07:11:00;"source('M87',cats='user'); go(); track()
2026.097.07:11:00;"reply from APECS: OK
2026.097.07:11:01;"reply from APECS: (timeout)
2026.097.07:11:25;"vlbi_tsys()
2026.097.07:11:25;"reply from APECS: OK
2026.097.07:11:25;"reply from APECS: OK
2026.097.07:11:26;"reply from APECS: (timeout)
2026.097.07:12:50;"vlbi_reference_scan()
2026.097.07:12:51;"reply from APECS: (timeout)
2026.097.07:12:51;"#                      gap        max ~0 min 35 sec
2026.097.07:14:00;"vlbi_scan(t_mins=4,targetSource='M87')
2026.097.07:14:00;"reply from APECS: OK
2026.097.07:14:01;"reply from APECS: (timeout)
2026.097.07:14:01;"#     scan ends at 2026.097.07:18:00
2026.097.07:14:01;"
2026.097.07:14:01;"# ### Block for J1337-1257 scan 42 '097-0721' at 2026.097.07:21:00 in 200s ######
2026.097.07:18:00;"source('J1337-1257',cats='user'); go(); track()
2026.097.07:18:00;"reply from APECS: OK
2026.097.07:18:01;"reply from APECS: (timeout)
2026.097.07:18:25;"vlbi_tsys()
2026.097.07:18:25;"reply from APECS: OK
2026.097.07:18:25;"reply from APECS: OK
2026.097.07:18:26;"reply from APECS: (timeout)
2026.097.07:19:50;"vlbi_reference_scan()
2026.097.07:19:51;"reply from APECS: (timeout)
2026.097.07:19:51;"#                      gap        max ~0 min 35 sec
2026.097.07:21:00;"vlbi_scan(t_mins=2,targetSource='J1337-1257')
2026.097.07:21:00;"reply from APECS: OK
2026.097.07:21:01;"reply from APECS: (timeout)
2026.097.07:21:01;"#     scan ends at 2026.097.07:23:00
2026.097.07:21:01;"
2026.097.07:21:01;"
2026.097.07:21:01;"# Finished VLBI schedule
2026.097.07:23:15;"vlbi_tone(enable=False)
2026.097.07:23:15;"reply from APECS: OK
2026.097.07:23:15;"reply from APECS: OK
2026.097.07:23:16;"reply from APECS: (timeout)
2026.097.07:23:30;"remote_control('off')
2026.097.07:23:30;"reply from APECS: OK
2026.097.07:23:31;"reply from APECS: (timeout)
2026.097.07:23:31;"################################################################################
2026.097.07:23:31;"### end of schedule
2026.097.07:23:31;"################################################################################
