2026.118.00:21:00;APEX Database Weather Data for Timerange of e26a28
2026.118.00:21:00;The format is wx/temp[C],press[mbar],humid[%],speed[m/s],direction[deg],pwv[mm]
2026.118.00:22:00/wx/-5.10,555.2,18.5,7.41,254,0.94
2026.118.00:23:00/wx/-5.17,555.2,18.5,7.06,257,0.93
2026.118.00:24:00/wx/-5.30,555.2,18.7,6.20,257,0.93
2026.118.00:25:00/wx/-5.05,555.2,18.7,6.62,258,0.92
2026.118.00:26:00/wx/-5.10,555.2,18.6,6.06,260,0.93
2026.118.00:27:00/wx/-5.20,555.2,18.8,6.14,261,0.93
2026.118.00:28:00/wx/-5.20,555.2,18.8,6.65,257,0.93
2026.118.00:29:00/wx/-5.20,555.2,18.8,6.65,260,0.92
2026.118.00:30:00/wx/-5.10,555.2,18.7,6.11,263,0.92
2026.118.00:31:00/wx/-5.30,555.2,18.8,6.21,262,0.92
2026.118.00:32:00/wx/-5.10,555.2,18.9,7.04,258,0.91
2026.118.00:33:00/wx/-5.10,555.2,18.8,6.57,257,0.92
2026.118.00:34:00/wx/-5.20,555.2,18.9,5.79,260,0.90
2026.118.00:35:00/wx/-5.30,555.3,18.9,5.83,263,0.90
2026.118.00:36:00/wx/-5.30,555.2,18.9,5.74,257,0.90
2026.118.00:37:00/wx/-5.20,555.3,18.9,5.49,262,0.90
2026.118.00:38:00/wx/-5.14,555.3,18.9,6.16,272,0.90
2026.118.00:39:00/wx/-4.99,555.2,18.8,5.89,272,0.88
2026.118.00:40:00/wx/-4.90,555.2,18.6,6.75,273,0.89
2026.118.00:41:00/wx/-5.00,555.2,18.6,5.17,268,0.89
2026.118.00:42:00/wx/-5.10,555.2,18.7,5.66,273,0.87
2026.118.00:43:00/wx/-5.08,555.2,18.6,5.87,273,0.90
2026.118.00:44:00/wx/-5.29,555.3,18.6,6.13,272,0.89
2026.118.00:45:00/wx/-5.16,555.2,18.5,5.23,279,0.88
2026.118.00:46:00/wx/-5.10,555.2,18.4,6.16,280,0.88
2026.118.00:47:00/wx/-5.20,555.2,18.4,5.77,284,0.87
2026.118.00:48:00/wx/-5.40,555.3,18.6,4.63,279,0.88
2026.118.00:49:00/wx/-5.52,555.3,18.6,5.24,279,0.87
2026.118.00:50:00/wx/-6.36,555.3,19.2,5.70,285,0.88
2026.118.00:51:00/wx/-6.40,555.2,19.9,5.23,282,0.88
2026.118.00:52:00/wx/-6.20,555.3,20.0,5.42,279,0.87
2026.118.00:53:00/wx/-6.02,555.3,20.0,5.40,288,0.88
2026.118.00:54:00/wx/-6.03,555.3,19.7,5.18,288,0.87
2026.118.00:55:00/wx/-6.34,555.3,20.1,6.00,287,0.88
2026.118.00:56:00/wx/-6.50,555.3,20.1,5.33,292,0.87
2026.118.00:57:00/wx/-6.74,555.3,20.4,4.95,297,0.89
2026.118.00:58:00/wx/-6.90,555.3,20.8,5.36,297,0.89
2026.118.00:59:00/wx/-6.89,555.3,20.8,5.11,300,0.89
2026.118.01:00:00/wx/-6.90,555.3,20.9,5.17,299,0.90
2026.118.01:01:00/wx/-6.90,555.3,20.9,6.03,288,0.88
2026.118.01:02:00/wx/-7.00,555.3,21.0,5.01,294,0.87
2026.118.01:03:00/wx/-7.10,555.3,21.2,4.54,299,0.87
2026.118.01:04:00/wx/-6.90,555.3,21.1,4.94,300,0.89
2026.118.01:05:00/wx/-6.80,555.3,20.9,5.44,297,0.88
2026.118.01:06:00/wx/-6.80,555.3,21.0,5.13,295,0.87
2026.118.01:07:00/wx/-6.95,555.3,21.0,5.28,300,0.88
2026.118.01:08:00/wx/-6.71,555.3,21.1,5.19,300,0.87
2026.118.01:09:00/wx/-6.70,555.2,20.9,5.16,297,0.87
2026.118.01:10:00/wx/-6.79,555.3,20.9,5.02,301,0.87
2026.118.01:11:00/wx/-7.10,555.2,21.8,5.83,303,0.87
2026.118.01:12:00/wx/-7.54,555.3,22.2,5.94,305,0.88
2026.118.01:13:00/wx/-7.90,555.3,22.9,5.72,306,0.87
2026.118.01:14:00/wx/-7.90,555.3,23.2,5.35,313,0.89
2026.118.01:15:00/wx/-7.91,555.3,23.4,5.49,312,0.90
2026.118.01:16:00/wx/-7.70,555.3,23.4,5.03,312,0.90
2026.118.01:17:00/wx/-7.95,555.3,23.4,5.18,310,0.90
2026.118.01:18:00/wx/-7.71,555.2,23.4,5.70,307,0.89
2026.118.01:19:00/wx/-7.19,555.3,22.9,5.96,313,0.90
2026.118.01:20:00/wx/-7.00,555.3,22.3,5.49,306,0.88
2026.118.01:21:00/wx/-7.11,555.3,22.2,4.80,308,0.90
2026.118.01:22:00/wx/-7.55,555.3,22.6,4.83,305,0.89
2026.118.01:23:00/wx/-8.09,555.3,23.0,4.84,302,0.89
2026.118.01:24:00/wx/-8.50,555.3,23.7,4.57,289,0.88
2026.118.01:25:00/wx/-8.87,555.3,24.3,4.83,312,0.88
2026.118.01:26:00/wx/-7.88,555.3,24.3,6.43,318,0.88
2026.118.01:27:00/wx/-7.05,555.2,23.0,6.03,318,0.88
2026.118.01:28:00/wx/-6.71,555.2,22.2,6.24,316,0.87
2026.118.01:29:00/wx/-6.49,555.2,21.7,6.53,316,0.87
2026.118.01:30:00/wx/-6.70,555.2,21.7,6.52,318,0.88
2026.118.01:31:00/wx/-6.80,555.3,21.7,6.65,309,0.88
2026.118.01:32:00/wx/-6.70,555.2,21.5,6.46,311,0.87
2026.118.01:33:00/wx/-6.99,555.3,21.7,6.31,314,0.87
2026.118.01:34:00/wx/-7.20,555.2,22.1,6.84,310,0.87
2026.118.01:35:00/wx/-7.28,555.2,22.3,6.45,318,0.87
2026.118.01:36:00/wx/-7.40,555.2,22.6,6.67,317,0.86
2026.118.01:37:00/wx/-7.40,555.2,22.8,6.06,316,0.87
2026.118.01:38:00/wx/-7.50,555.2,22.9,6.53,317,0.87
2026.118.01:39:00/wx/-7.40,555.2,22.8,6.32,313,0.86
2026.118.01:40:00/wx/-7.40,555.2,22.8,6.43,310,0.86
2026.118.01:41:00/wx/-7.60,555.2,23.0,6.29,309,0.87
2026.118.01:42:00/wx/-7.80,555.2,23.3,6.45,317,0.86
2026.118.01:43:00/wx/-7.80,555.2,23.5,6.33,313,0.87
2026.118.01:44:00/wx/-7.70,555.2,23.4,6.23,314,0.87
2026.118.01:45:00/wx/-8.09,555.2,23.7,6.57,302,0.87
2026.118.01:46:00/wx/-8.20,555.2,24.1,5.99,308,0.87
2026.118.01:47:00/wx/-8.33,555.2,24.4,6.29,309,0.86
2026.118.01:48:00/wx/-8.30,555.2,24.5,6.33,303,0.86
2026.118.01:49:00/wx/-8.21,555.2,24.4,6.49,307,0.87
2026.118.01:50:00/wx/-7.81,555.2,24.1,6.69,307,0.86
2026.118.01:51:00/wx/-7.51,555.2,23.7,6.36,304,0.86
2026.118.01:52:00/wx/-7.50,555.2,23.6,6.57,302,0.86
2026.118.01:53:00/wx/-7.40,555.2,23.6,6.83,300,0.86
2026.118.01:54:00/wx/-7.40,555.1,23.4,6.94,299,0.87
2026.118.01:55:00/wx/-7.39,555.2,23.4,6.63,300,0.87
2026.118.01:56:00/wx/-7.63,555.2,23.7,6.42,301,0.87
2026.118.01:57:00/wx/-7.68,555.2,24.0,7.17,303,0.86
2026.118.01:58:00/wx/-7.19,555.2,23.5,7.21,297,0.87
2026.118.01:59:00/wx/-6.79,555.2,22.7,7.60,296,0.86
2026.118.02:00:00/wx/-6.70,555.2,22.0,7.97,299,0.87
2026.118.02:01:00/wx/-6.60,555.2,21.7,7.74,299,0.88
2026.118.02:02:00/wx/-6.77,555.2,21.9,7.34,302,0.88
2026.118.02:03:00/wx/-6.70,555.2,22.0,8.04,300,0.89
2026.118.02:04:00/wx/-6.80,555.2,22.1,7.12,304,0.89
2026.118.02:05:00/wx/-7.10,555.2,22.5,7.41,306,0.87
2026.118.02:06:00/wx/-6.77,555.2,22.2,7.70,304,0.87
2026.118.02:07:00/wx/-6.60,555.2,21.5,7.49,301,0.87
2026.118.02:08:00/wx/-6.60,555.2,21.5,7.73,301,0.87
2026.118.02:09:00/wx/-6.65,555.2,21.1,7.27,301,0.86
2026.118.02:10:00/wx/-6.60,555.2,21.0,7.27,305,0.87
2026.118.02:11:00/wx/-6.80,555.1,21.2,7.29,303,0.87
2026.118.02:12:00/wx/-6.70,555.2,21.0,7.49,302,0.87
2026.118.02:13:00/wx/-6.80,555.1,21.0,6.84,303,0.87
2026.118.02:14:00/wx/-6.90,555.1,21.4,7.17,304,0.86
2026.118.02:15:00/wx/-6.79,555.1,21.3,7.59,303,0.87
2026.118.02:16:00/wx/-7.10,555.1,21.7,7.16,308,0.86
2026.118.02:17:00/wx/-7.18,555.1,22.0,7.16,305,0.86
2026.118.02:18:00/wx/-7.21,555.1,22.2,7.15,306,0.86
2026.118.02:19:00/wx/-7.51,555.1,22.7,7.04,308,0.86
2026.118.02:20:00/wx/-7.21,555.1,22.6,7.98,304,0.87
2026.118.02:21:00/wx/-6.90,555.1,22.1,7.17,307,0.87
2026.118.02:22:00/wx/-7.11,555.1,21.9,7.46,303,0.87
2026.118.02:23:00/wx/-6.80,555.1,21.4,8.06,303,0.86
2026.118.02:24:00/wx/-6.80,555.1,20.8,7.45,305,0.85
2026.118.02:25:00/wx/-6.80,555.0,20.8,8.33,304,0.85
2026.118.02:26:00/wx/-6.66,555.0,20.4,7.98,302,0.85
2026.118.02:27:00/wx/-6.60,555.0,20.0,8.85,300,0.85
2026.118.02:28:00/wx/-6.50,555.0,19.8,8.14,299,0.85
2026.118.02:29:00/wx/-6.60,555.0,19.8,8.19,299,0.85
2026.118.02:30:00/wx/-6.60,555.0,19.8,8.03,300,0.84
2026.118.02:31:00/wx/-6.60,555.0,19.7,7.72,297,0.85
2026.118.02:32:00/wx/-6.71,555.0,19.8,8.05,300,0.85
2026.118.02:33:00/wx/-6.60,555.0,19.7,8.05,300,0.84
2026.118.02:34:00/wx/-6.60,555.0,19.6,7.77,303,0.85
2026.118.02:35:00/wx/-6.60,555.0,19.6,8.93,299,0.85
2026.118.02:36:00/wx/-6.60,555.0,19.5,8.15,300,0.85
2026.118.02:37:00/wx/-6.50,555.0,19.5,8.07,299,0.85
2026.118.02:38:00/wx/-6.50,555.0,19.4,8.19,297,0.85
2026.118.02:39:00/wx/-6.53,555.0,19.3,8.37,297,0.85
2026.118.02:40:00/wx/-6.50,555.0,19.3,8.03,300,0.85
2026.118.02:41:00/wx/-6.50,554.9,19.2,8.02,301,0.86
2026.118.02:42:00/wx/-6.49,554.9,19.0,8.23,300,0.84
2026.118.02:43:00/wx/-6.58,555.0,19.2,8.12,301,0.85
2026.118.02:44:00/wx/-6.50,554.9,19.0,8.71,301,0.85
2026.118.02:45:00/wx/-6.50,555.0,18.9,7.45,298,0.84
2026.118.02:46:00/wx/-6.46,554.9,18.7,8.47,297,0.84
2026.118.02:47:00/wx/-6.30,554.9,18.4,8.45,301,0.84
2026.118.02:48:00/wx/-6.40,554.9,18.5,8.27,299,0.84
2026.118.02:49:00/wx/-6.40,554.9,18.4,8.42,297,0.83
2026.118.02:50:00/wx/-6.40,555.0,18.3,8.58,299,0.83
2026.118.02:51:00/wx/-6.40,555.0,18.2,8.23,298,0.84
2026.118.02:52:00/wx/-6.30,555.0,18.1,8.25,297,0.85
2026.118.02:53:00/wx/-6.30,555.0,18.2,8.16,300,0.85
2026.118.02:54:00/wx/-6.38,555.0,18.1,7.64,300,0.84
2026.118.02:55:00/wx/-6.40,555.0,18.0,8.76,298,0.85
2026.118.02:56:00/wx/-6.40,555.0,17.6,7.93,298,0.85
2026.118.02:57:00/wx/-6.40,555.0,17.6,7.72,299,0.87
2026.118.02:58:00/wx/-6.30,555.0,17.5,7.89,297,0.87
2026.118.02:59:00/wx/-6.38,555.0,17.6,8.31,298,0.87
2026.118.03:00:00/wx/-6.40,555.0,17.7,7.86,299,0.88
2026.118.03:01:00/wx/-6.56,555.0,17.8,7.55,297,0.81
2026.118.03:02:00/wx/-6.60,555.0,18.0,7.90,298,0.86
2026.118.03:03:00/wx/-6.70,555.0,18.2,7.88,297,0.86
2026.118.03:04:00/wx/-6.59,555.0,18.0,7.90,298,0.87
2026.118.03:05:00/wx/-6.70,555.0,18.1,7.91,298,0.87
2026.118.03:06:00/wx/-6.60,555.0,18.0,8.09,297,0.88
2026.118.03:07:00/wx/-6.60,555.0,17.8,7.93,297,0.87
2026.118.03:08:00/wx/-6.70,555.0,17.9,7.80,299,0.89
2026.118.03:09:00/wx/-6.62,555.0,17.9,8.40,298,0.89
2026.118.03:10:00/wx/-6.60,555.0,17.7,8.55,298,0.89
2026.118.03:11:00/wx/-6.50,555.0,17.4,8.11,296,0.90
2026.118.03:12:00/wx/-6.70,555.0,17.6,8.23,291,0.91
2026.118.03:13:00/wx/-6.60,555.0,17.6,8.55,294,0.91
2026.118.03:14:00/wx/-6.70,555.0,17.6,7.72,294,0.91
2026.118.03:15:00/wx/-6.79,555.0,17.9,8.23,296,0.91
2026.118.03:16:00/wx/-6.63,554.9,17.7,8.16,300,0.90
2026.118.03:17:00/wx/-6.50,554.9,17.5,9.03,295,0.91
2026.118.03:18:00/wx/-6.60,554.9,17.4,7.77,297,0.90
2026.118.03:19:00/wx/-6.60,554.9,17.4,7.73,296,0.90
2026.118.03:20:00/wx/-6.50,554.9,17.3,7.86,299,0.91
2026.118.03:21:00/wx/-6.61,554.9,17.2,7.85,297,0.91
2026.118.03:22:00/wx/-6.60,554.9,17.1,7.83,295,0.91
2026.118.03:23:00/wx/-6.64,554.9,17.3,7.56,297,0.91
2026.118.03:24:00/wx/-6.60,554.9,17.2,8.36,298,0.90
2026.118.03:25:00/wx/-6.70,554.9,17.4,8.44,295,0.91
2026.118.03:26:00/wx/-6.70,554.9,17.3,8.29,297,0.91
2026.118.03:27:00/wx/-6.60,554.9,17.2,8.23,300,0.90
2026.118.03:28:00/wx/-6.65,554.9,17.1,7.65,302,0.90
2026.118.03:29:00/wx/-6.60,554.9,17.1,7.87,300,0.90
2026.118.03:30:00/wx/-6.60,554.9,17.1,8.25,300,0.91
2026.118.03:31:00/wx/-6.60,554.9,16.9,7.84,299,0.91
2026.118.03:32:00/wx/-6.60,554.9,16.8,7.83,300,0.90
2026.118.03:33:00/wx/-6.60,554.9,16.7,7.87,299,0.90
2026.118.03:34:00/wx/-6.70,554.9,16.6,8.56,299,0.90
2026.118.03:35:00/wx/-6.70,554.9,16.6,8.10,298,0.89
2026.118.03:36:00/wx/-6.70,554.9,16.6,8.52,298,0.90
2026.118.03:37:00/wx/-6.70,554.9,16.3,7.84,299,0.89
2026.118.03:38:00/wx/-6.60,554.9,16.1,8.20,294,0.90
2026.118.03:39:00/wx/-6.80,554.9,16.2,8.81,300,0.89
2026.118.03:40:00/wx/-6.80,554.9,16.2,7.77,297,0.89
2026.118.03:41:00/wx/-6.70,554.9,16.1,7.44,297,0.89
2026.118.03:42:00/wx/-6.80,554.9,16.1,8.11,297,0.90
2026.118.03:43:00/wx/-6.90,554.9,16.1,8.02,295,0.89
2026.118.03:44:00/wx/-6.90,554.9,16.2,8.02,298,0.88
2026.118.03:45:00/wx/-6.90,554.9,16.1,7.93,299,0.88
2026.118.03:46:00/wx/-6.72,554.9,15.9,8.62,296,0.88
2026.118.03:47:00/wx/-6.70,554.9,15.7,8.25,298,0.88
2026.118.03:48:00/wx/-6.76,554.9,15.6,8.33,299,0.89
2026.118.03:49:00/wx/-6.70,554.9,15.5,9.34,298,0.90
2026.118.03:50:00/wx/-6.70,554.9,15.3,8.25,298,0.90
2026.118.03:51:00/wx/-6.70,554.9,15.5,8.58,299,0.89
2026.118.03:52:00/wx/-6.69,554.9,15.4,8.90,301,0.90
2026.118.03:53:00/wx/-6.60,554.9,15.1,8.50,301,0.89
2026.118.03:54:00/wx/-6.50,554.9,15.0,9.73,297,0.91
2026.118.03:55:00/wx/-6.50,554.9,14.8,8.91,295,0.91
2026.118.03:56:00/wx/-6.62,554.9,14.8,8.88,296,0.92
2026.118.03:57:00/wx/-6.51,554.9,14.7,8.49,296,0.91
2026.118.03:58:00/wx/-6.35,554.9,14.5,8.44,299,0.92
2026.118.03:59:00/wx/-6.50,554.9,14.5,9.03,295,0.91
2026.118.04:00:00/wx/-6.51,554.9,14.4,8.77,300,0.91
2026.118.04:01:00/wx/-6.50,554.9,14.4,8.59,300,0.92
2026.118.04:02:00/wx/-6.50,554.9,14.3,7.89,299,0.92
2026.118.04:03:00/wx/-6.56,554.9,14.4,9.05,299,0.91
2026.118.04:04:00/wx/-6.60,554.8,14.4,8.73,298,0.91
2026.118.04:05:00/wx/-6.71,554.8,14.3,8.73,295,0.91
2026.118.04:06:00/wx/-6.60,554.8,14.1,7.84,295,0.91
2026.118.04:07:00/wx/-6.70,554.8,14.2,8.93,295,0.91
2026.118.04:08:00/wx/-6.69,554.8,14.2,8.46,295,0.91
2026.118.04:09:00/wx/-6.90,554.8,14.4,7.93,296,0.91
2026.118.04:10:00/wx/-6.80,554.7,14.4,8.41,298,0.91
2026.118.04:11:00/wx/-6.80,554.7,14.4,8.54,299,0.90
2026.118.04:12:00/wx/-6.80,554.7,14.5,8.16,298,0.90
2026.118.04:13:00/wx/-6.70,554.7,14.3,9.24,296,0.90
2026.118.04:14:00/wx/-6.70,554.7,14.1,8.62,297,0.90
2026.118.04:15:00/wx/-6.74,554.7,14.1,8.71,294,0.90
2026.118.04:16:00/wx/-6.80,554.7,14.0,8.05,299,0.89
2026.118.04:17:00/wx/-6.72,554.7,14.0,8.76,298,0.90
2026.118.04:18:00/wx/-6.87,554.7,14.2,8.31,296,0.90
2026.118.04:19:00/wx/-6.80,554.6,14.2,8.92,296,0.89
2026.118.04:20:00/wx/-6.90,554.6,14.0,8.70,298,0.89
2026.118.04:21:00/wx/-6.80,554.6,13.9,8.38,297,0.89
2026.118.04:22:00/wx/-6.80,554.6,14.0,9.03,297,0.89
2026.118.04:23:00/wx/-6.80,554.6,14.1,8.66,296,0.88
2026.118.04:24:00/wx/-6.90,554.6,14.1,9.04,297,0.87
2026.118.04:25:00/wx/-6.90,554.6,14.0,8.48,297,0.88
2026.118.04:26:00/wx/-6.90,554.6,14.0,8.53,297,0.87
2026.118.04:27:00/wx/-7.00,554.6,14.0,8.43,298,0.87
2026.118.04:28:00/wx/-7.00,554.6,14.1,8.34,298,0.86
2026.118.04:29:00/wx/-7.00,554.6,14.0,8.04,297,0.87
2026.118.04:30:00/wx/-7.10,554.6,14.0,7.82,293,0.88
2026.118.04:31:00/wx/-7.10,554.6,13.8,8.70,294,0.87
2026.118.04:32:00/wx/-7.00,554.6,13.6,8.37,299,0.88
2026.118.04:33:00/wx/-7.00,554.6,13.5,8.33,299,0.88
2026.118.04:34:00/wx/-7.10,554.6,13.5,7.74,294,0.87
2026.118.04:35:00/wx/-7.11,554.6,13.5,8.80,295,0.87
2026.118.04:36:00/wx/-7.00,554.6,13.3,8.23,296,0.86
2026.118.04:37:00/wx/-7.11,554.6,13.3,8.59,299,0.87
2026.118.04:38:00/wx/-7.00,554.6,13.2,8.10,299,0.87
2026.118.04:39:00/wx/-6.99,554.6,13.2,8.44,298,0.87
2026.118.04:40:00/wx/-6.90,554.6,13.0,8.42,296,0.87
2026.118.04:41:00/wx/-6.80,554.5,13.0,8.23,299,0.87
2026.118.04:42:00/wx/-6.80,554.5,13.0,8.80,302,0.88
2026.118.04:43:00/wx/-6.81,554.5,13.0,7.91,300,0.87
2026.118.04:44:00/wx/-6.80,554.6,13.0,7.59,300,0.87
2026.118.04:45:00/wx/-6.80,554.5,13.0,7.74,301,0.87
2026.118.04:46:00/wx/-6.90,554.5,13.0,8.03,300,0.87
2026.118.04:47:00/wx/-6.85,554.5,13.0,8.32,301,0.87
2026.118.04:48:00/wx/-6.81,554.5,12.8,8.97,297,0.87
2026.118.04:49:00/wx/-6.60,554.5,12.6,9.60,298,0.87
2026.118.04:50:00/wx/-6.80,554.5,12.6,8.54,299,0.88
2026.118.04:51:00/wx/-6.70,554.5,12.5,8.23,299,0.88
2026.118.04:52:00/wx/-6.74,554.5,12.5,8.47,302,0.87
2026.118.04:53:00/wx/-6.80,554.5,12.6,8.61,299,0.87
2026.118.04:54:00/wx/-6.78,554.5,12.5,9.05,298,0.84
2026.118.04:55:00/wx/-6.70,554.5,12.3,8.10,300,0.86
2026.118.04:56:00/wx/-6.70,554.5,12.3,8.23,302,0.86
2026.118.04:57:00/wx/-6.70,554.5,12.3,9.17,298,0.86
2026.118.04:58:00/wx/-6.70,554.4,12.3,8.61,297,0.86
2026.118.04:59:00/wx/-6.70,554.5,12.3,8.12,296,0.86
2026.118.05:00:00/wx/-6.80,554.4,12.3,7.99,298,0.87
2026.118.05:01:00/wx/-6.80,554.4,12.3,9.08,297,0.87
2026.118.05:02:00/wx/-6.69,554.4,12.2,8.27,299,0.88
2026.118.05:03:00/wx/-6.70,554.4,12.2,7.86,299,0.88
2026.118.05:04:00/wx/-6.72,554.4,12.1,7.98,296,0.88
2026.118.05:05:00/wx/-6.78,554.3,12.0,7.81,298,0.88
2026.118.05:06:00/wx/-6.90,554.4,12.2,7.95,296,0.87
2026.118.05:07:00/wx/-6.90,554.4,12.3,8.89,296,0.87
2026.118.05:08:00/wx/-6.90,554.3,12.2,8.09,297,0.87
2026.118.05:09:00/wx/-6.97,554.3,12.2,7.99,299,0.87
2026.118.05:10:00/wx/-6.69,554.3,12.0,8.11,299,0.87
2026.118.05:11:00/wx/-6.90,554.3,12.0,8.91,302,0.89
2026.118.05:12:00/wx/-6.79,554.3,11.9,8.50,297,0.88
2026.118.05:13:00/wx/-6.90,554.3,12.0,8.13,300,0.89
2026.118.05:14:00/wx/-6.80,554.3,12.0,9.21,298,0.88
2026.118.05:15:00/wx/-6.80,554.3,11.9,8.83,297,0.88
2026.118.05:16:00/wx/-6.80,554.3,11.8,8.45,293,0.87
2026.118.05:17:00/wx/-7.00,554.3,11.9,8.28,295,0.86
2026.118.05:18:00/wx/-7.00,554.3,11.9,8.14,298,0.85
2026.118.05:19:00/wx/-7.07,554.3,11.9,8.87,294,0.84
2026.118.05:20:00/wx/-7.12,554.3,11.8,8.76,298,0.85
2026.118.05:21:00/wx/-7.01,554.2,11.7,8.15,297,0.84
2026.118.05:22:00/wx/-7.00,554.3,11.7,8.10,295,0.86
2026.118.05:23:00/wx/-7.00,554.2,11.7,7.23,294,0.86
2026.118.05:24:00/wx/-7.00,554.2,11.6,8.70,295,0.86
2026.118.05:25:00/wx/-6.90,554.3,11.5,8.28,298,0.86
2026.118.05:26:00/wx/-7.00,554.3,11.5,8.14,299,0.86
2026.118.05:27:00/wx/-7.10,554.3,11.7,8.41,300,0.86
2026.118.05:28:00/wx/-7.10,554.2,11.7,7.63,298,0.86
2026.118.05:29:00/wx/-6.93,554.2,11.5,7.97,297,0.87
2026.118.05:30:00/wx/-7.10,554.2,11.7,8.14,295,0.88
2026.118.05:31:00/wx/-7.01,554.2,11.7,8.03,298,0.87
2026.118.05:32:00/wx/-7.10,554.2,11.8,7.89,296,0.87
2026.118.05:33:00/wx/-6.90,554.2,11.6,9.63,294,0.87
2026.118.05:34:00/wx/-6.90,554.2,11.5,8.00,298,0.86
2026.118.05:35:00/wx/-7.10,554.1,11.7,7.81,297,0.87
2026.118.05:36:00/wx/-7.10,554.1,11.7,7.71,298,0.86
2026.118.05:37:00/wx/-7.27,554.1,11.9,7.45,298,0.86
2026.118.05:38:00/wx/-7.20,554.1,11.9,7.43,300,0.86
2026.118.05:39:00/wx/-7.30,554.1,12.0,8.12,299,0.86
2026.118.05:40:00/wx/-7.20,554.1,11.9,7.25,303,0.87
2026.118.05:41:00/wx/-7.40,554.1,12.0,7.93,299,0.87
2026.118.05:42:00/wx/-7.30,554.1,12.0,7.42,301,0.86
2026.118.05:43:00/wx/-7.10,554.1,11.9,7.53,300,0.87
2026.118.05:44:00/wx/-7.10,554.1,11.9,7.93,298,0.86
2026.118.05:45:00/wx/-7.10,554.1,11.9,8.30,301,0.87
2026.118.05:46:00/wx/-7.10,554.1,11.8,7.36,299,0.87
2026.118.05:47:00/wx/-7.10,554.1,11.9,7.07,303,0.87
2026.118.05:48:00/wx/-7.10,554.0,11.9,7.63,302,0.87
2026.118.05:49:00/wx/-7.14,554.1,11.9,7.52,298,0.87
2026.118.05:50:00/wx/-7.20,554.1,11.9,8.31,300,0.86
2026.118.05:51:00/wx/-7.10,554.0,11.8,7.62,301,0.85
2026.118.05:52:00/wx/-7.26,554.0,12.0,8.05,301,0.85
2026.118.05:53:00/wx/-7.50,554.0,12.3,7.73,308,0.85
2026.118.05:54:00/wx/-7.70,554.0,12.6,7.44,306,0.85
2026.118.05:55:00/wx/-7.60,554.0,12.5,7.43,306,0.84
2026.118.05:56:00/wx/-7.70,554.0,12.6,7.89,305,0.84
2026.118.05:57:00/wx/-7.70,554.0,12.6,7.82,304,0.87
2026.118.05:58:00/wx/-7.70,554.0,12.7,8.49,299,0.87
2026.118.05:59:00/wx/-7.75,553.9,12.7,7.23,306,0.86
2026.118.06:00:00/wx/-7.70,554.0,12.7,7.91,302,0.86
2026.118.06:01:00/wx/-7.80,553.9,12.7,7.43,302,0.86
2026.118.06:02:00/wx/-7.70,553.9,12.7,7.80,301,0.85
2026.118.06:03:00/wx/-7.60,554.0,12.5,6.86,301,0.85
2026.118.06:04:00/wx/-7.44,553.9,12.4,6.99,299,0.85
2026.118.06:05:00/wx/-7.40,553.9,12.3,7.83,301,0.85
2026.118.06:06:00/wx/-7.20,554.0,12.1,7.94,300,0.85
2026.118.06:07:00/wx/-7.50,553.9,12.2,7.27,300,0.86
2026.118.06:08:00/wx/-7.60,554.0,12.3,7.27,303,0.86
2026.118.06:09:00/wx/-7.56,554.0,12.3,7.30,304,0.85
2026.118.06:10:00/wx/-7.70,554.0,12.5,7.13,303,0.85
2026.118.06:11:00/wx/-7.80,554.0,12.7,7.57,303,0.85
2026.118.06:12:00/wx/-7.72,554.0,12.7,7.55,305,0.85
2026.118.06:13:00/wx/-7.70,553.9,12.6,6.82,306,0.86
2026.118.06:14:00/wx/-7.80,554.0,12.8,7.36,307,0.85
2026.118.06:15:00/wx/-7.80,553.9,12.9,7.14,305,0.85
2026.118.06:16:00/wx/-7.70,553.9,12.7,7.27,303,0.84
2026.118.06:17:00/wx/-7.70,554.0,12.7,7.31,304,0.85
2026.118.06:18:00/wx/-7.71,553.9,12.7,7.48,301,0.85
2026.118.06:19:00/wx/-7.80,553.9,12.8,7.13,301,0.85
2026.118.06:20:00/wx/-7.90,553.9,12.8,7.73,304,0.84
2026.118.06:21:00/wx/-7.84,553.9,12.8,7.42,305,0.84
2026.118.06:22:00/wx/-7.80,553.9,12.8,7.24,306,0.85
2026.118.06:23:00/wx/-8.00,553.9,12.9,7.12,304,0.85
2026.118.06:24:00/wx/-8.05,553.9,13.1,7.20,304,0.85
2026.118.06:25:00/wx/-8.10,553.8,13.1,6.43,307,0.84
2026.118.06:26:00/wx/-8.14,553.8,13.2,6.81,308,0.85
2026.118.06:27:00/wx/-8.31,553.8,13.5,6.75,305,0.86
2026.118.06:28:00/wx/-8.29,553.8,13.5,7.43,307,0.86
2026.118.06:29:00/wx/-8.23,553.8,13.4,7.09,308,0.86
2026.118.06:30:00/wx/-8.20,553.8,13.3,7.73,307,0.86
2026.118.06:31:00/wx/-8.20,553.8,13.4,6.89,309,0.86
2026.118.06:32:00/wx/-8.39,553.8,13.5,6.89,308,0.85
2026.118.06:33:00/wx/-8.39,553.8,13.5,7.26,309,0.85
2026.118.06:34:00/wx/-8.13,553.8,13.3,7.76,302,0.85
2026.118.06:35:00/wx/-8.20,553.8,13.3,8.23,304,0.84
2026.118.06:36:00/wx/-8.10,553.8,13.3,7.28,307,0.83
2026.118.06:37:00/wx/-8.00,553.8,13.0,7.35,304,0.84
2026.118.06:38:00/wx/-8.02,553.8,13.1,6.51,305,0.84
2026.118.06:39:00/wx/-8.31,553.8,13.3,6.81,301,0.84
2026.118.06:40:00/wx/-8.10,553.7,13.2,6.82,306,0.84
2026.118.06:41:00/wx/-8.10,553.8,13.2,7.01,304,0.84
2026.118.06:42:00/wx/-8.30,553.7,13.3,6.59,304,0.83
2026.118.06:43:00/wx/-8.30,553.7,13.4,7.09,303,0.82
2026.118.06:44:00/wx/-8.40,553.7,13.5,6.96,305,0.81
2026.118.06:45:00/wx/-8.40,553.7,13.5,6.33,301,0.82
2026.118.06:46:00/wx/-8.50,553.7,13.7,7.01,303,0.81
2026.118.06:47:00/wx/-8.50,553.7,13.7,6.86,304,0.81
2026.118.06:48:00/wx/-8.50,553.7,13.7,6.83,304,0.81
2026.118.06:49:00/wx/-8.60,553.7,13.8,6.61,304,0.81
2026.118.06:50:00/wx/-8.60,553.7,13.8,6.35,303,0.80
2026.118.06:51:00/wx/-8.50,553.7,13.8,6.64,306,0.81
2026.118.06:52:00/wx/-8.30,553.7,13.6,6.93,301,0.81
2026.118.06:53:00/wx/-8.30,553.7,13.5,6.73,301,0.81
2026.118.06:54:00/wx/-8.43,553.7,13.7,7.04,300,0.80
2026.118.06:55:00/wx/-8.10,553.7,13.4,7.03,301,0.80
2026.118.06:56:00/wx/-8.10,553.7,13.3,6.87,304,0.80
2026.118.06:57:00/wx/-8.30,553.7,13.5,7.22,303,0.80
2026.118.06:58:00/wx/-8.13,553.7,13.4,6.82,303,0.80
2026.118.06:59:00/wx/-8.40,553.7,13.6,6.76,306,0.79
2026.118.07:00:00/wx/-8.21,553.7,13.5,6.71,302,0.79
2026.118.07:01:00/wx/-8.39,553.7,13.7,6.87,305,0.80
2026.118.07:02:00/wx/-8.60,553.7,13.9,7.01,308,0.80
2026.118.07:03:00/wx/-8.80,553.7,14.2,6.69,311,0.79
2026.118.07:04:00/wx/-9.00,553.6,14.5,6.46,310,0.78
2026.118.07:05:00/wx/-8.89,553.6,14.6,6.82,306,0.79
2026.118.07:06:00/wx/-8.70,553.6,14.5,6.84,306,0.79
2026.118.07:07:00/wx/-8.70,553.6,14.4,7.03,307,0.81
2026.118.07:08:00/wx/-8.70,553.6,14.4,6.99,308,0.79
2026.118.07:09:00/wx/-8.88,553.5,14.6,7.10,309,0.78
2026.118.07:10:00/wx/-9.00,553.6,14.9,6.62,307,0.80
2026.118.07:11:00/wx/-8.90,553.5,14.9,6.60,306,0.79
2026.118.07:12:00/wx/-8.90,553.5,14.9,6.83,307,0.80
2026.118.07:13:00/wx/-8.59,553.5,14.6,7.02,309,0.82
2026.118.07:14:00/wx/-8.89,553.5,14.8,7.26,308,0.79
2026.118.07:15:00/wx/-8.81,553.5,14.8,7.11,308,0.80
2026.118.07:16:00/wx/-8.88,553.5,14.8,8.47,306,0.80
2026.118.07:17:00/wx/-8.80,553.5,14.7,7.53,311,0.80
2026.118.07:18:00/wx/-9.10,553.5,14.9,7.05,311,0.79
2026.118.07:19:00/wx/-9.10,553.5,15.3,6.71,311,0.80
2026.118.07:20:00/wx/-9.11,553.5,15.4,6.95,308,0.81
2026.118.07:21:00/wx/-9.10,553.5,15.3,7.52,308,0.81
2026.118.07:22:00/wx/-9.00,553.5,15.3,7.03,308,0.81
2026.118.07:23:00/wx/-9.06,553.4,15.4,7.63,309,0.81
2026.118.07:24:00/wx/-8.90,553.4,15.2,6.70,309,0.80
2026.118.07:25:00/wx/-9.00,553.5,15.3,7.25,305,0.81
2026.118.07:26:00/wx/-8.80,553.4,15.1,7.44,308,0.81
2026.118.07:27:00/wx/-8.70,553.5,14.9,7.03,304,0.81
2026.118.07:28:00/wx/-8.70,553.5,14.8,7.03,305,0.81
2026.118.07:29:00/wx/-8.70,553.5,14.7,6.92,305,0.81
2026.118.07:30:00/wx/-9.00,553.5,15.0,6.98,305,0.81
2026.118.07:31:00/wx/-8.83,553.5,15.1,7.26,303,0.81
2026.118.07:32:00/wx/-8.70,553.5,14.9,7.03,306,0.81
2026.118.07:33:00/wx/-8.80,553.5,15.0,7.44,304,0.81
2026.118.07:34:00/wx/-8.60,553.5,14.7,7.29,304,0.81
2026.118.07:35:00/wx/-8.50,553.5,14.5,7.60,303,0.81
2026.118.07:36:00/wx/-8.40,553.5,14.5,7.73,304,0.81
2026.118.07:37:00/wx/-8.60,553.5,14.6,7.16,306,0.81
2026.118.07:38:00/wx/-8.50,553.5,14.7,7.42,305,0.81
2026.118.07:39:00/wx/-8.50,553.5,14.7,7.46,303,0.81
2026.118.07:40:00/wx/-8.60,553.5,14.7,7.25,304,0.82
2026.118.07:41:00/wx/-8.60,553.5,14.9,7.79,301,0.82
2026.118.07:42:00/wx/-8.60,553.5,14.9,7.04,303,0.82
2026.118.07:43:00/wx/-8.71,553.5,15.1,7.39,305,0.82
2026.118.07:44:00/wx/-8.80,553.5,15.3,7.06,313,0.83
2026.118.07:45:00/wx/-8.80,553.5,15.4,6.90,309,0.81
2026.118.07:46:00/wx/-8.90,553.5,15.8,6.71,308,0.82
2026.118.07:47:00/wx/-9.00,553.5,15.9,6.84,307,0.83
2026.118.07:48:00/wx/-9.20,553.5,16.2,6.73,308,0.82
2026.118.07:49:00/wx/-9.20,553.5,16.4,6.98,306,0.83
2026.118.07:50:00/wx/-9.20,553.5,16.5,6.64,313,0.82
2026.118.07:51:00/wx/-9.45,553.5,16.7,6.51,321,0.82
2026.118.07:52:00/wx/-9.70,553.5,17.0,6.81,320,0.84
2026.118.07:53:00/wx/-9.60,553.5,16.9,6.58,315,0.83
2026.118.07:54:00/wx/-9.70,553.4,17.1,6.73,313,0.83
2026.118.07:55:00/wx/-9.80,553.4,17.4,6.47,312,0.83
2026.118.07:56:00/wx/-10.00,553.4,17.8,6.36,316,0.83
2026.118.07:57:00/wx/-10.19,553.4,18.2,6.62,317,0.83
2026.118.07:58:00/wx/-9.83,553.4,17.9,6.48,317,0.83
2026.118.07:59:00/wx/-9.80,553.4,17.8,6.73,317,0.82
2026.118.08:00:00/wx/-9.73,553.4,17.7,6.56,323,0.82
2026.118.08:01:00/wx/-9.60,553.4,17.6,6.72,318,0.82
2026.118.08:02:00/wx/-9.59,553.4,17.6,6.65,323,0.81
2026.118.08:03:00/wx/-9.50,553.4,17.5,6.70,322,0.82
2026.118.08:04:00/wx/-9.40,553.4,17.3,6.03,321,0.81
2026.118.08:05:00/wx/-9.36,553.4,17.4,6.44,326,0.79
2026.118.08:06:00/wx/-8.82,553.4,16.8,6.91,321,0.79
2026.118.08:07:00/wx/-8.70,553.4,16.5,6.38,324,0.80
2026.118.08:08:00/wx/-8.76,553.4,16.5,6.44,321,0.80
2026.118.08:09:00/wx/-8.70,553.4,16.5,6.83,319,0.81
2026.118.08:10:00/wx/-8.90,553.4,16.5,6.56,317,0.81
2026.118.08:11:00/wx/-9.10,553.4,16.8,6.74,318,0.81
2026.118.08:12:00/wx/-9.02,553.4,16.9,6.86,319,0.82
2026.118.08:13:00/wx/-8.93,553.4,16.8,6.88,321,0.81
2026.118.08:14:00/wx/-8.90,553.4,16.8,6.73,321,0.82
2026.118.08:15:00/wx/-8.90,553.4,16.8,6.77,317,0.81
2026.118.08:16:00/wx/-9.10,553.3,17.1,7.10,321,0.81
2026.118.08:17:00/wx/-9.08,553.3,17.1,6.93,319,0.81
2026.118.08:18:00/wx/-9.10,553.3,17.3,6.31,317,0.82
2026.118.08:19:00/wx/-9.40,553.3,17.5,6.91,316,0.82
2026.118.08:20:00/wx/-9.50,553.3,17.7,6.89,318,0.82
2026.118.08:21:00/wx/-9.50,553.3,17.8,6.54,315,0.82
2026.118.08:22:00/wx/-9.48,553.3,17.8,6.37,322,0.84
2026.118.08:23:00/wx/-9.18,553.3,17.5,5.86,318,0.84
2026.118.08:24:00/wx/-9.31,553.3,17.5,6.35,315,0.84
2026.118.08:25:00/wx/-9.46,553.3,17.7,6.52,316,0.83
2026.118.08:26:00/wx/-9.50,553.3,17.7,6.63,318,0.83
2026.118.08:27:00/wx/-9.43,553.3,17.6,6.82,318,0.83
2026.118.08:28:00/wx/-9.50,553.3,17.7,6.49,319,0.84
2026.118.08:29:00/wx/-9.60,553.3,17.7,5.96,319,0.83
2026.118.08:30:00/wx/-9.70,553.4,17.9,6.62,318,0.83
2026.118.08:31:00/wx/-9.70,553.3,17.9,6.54,317,0.84
2026.118.08:32:00/wx/-9.80,553.3,18.0,6.11,313,0.83
2026.118.08:33:00/wx/-10.10,553.3,18.5,6.54,311,0.82
2026.118.08:34:00/wx/-10.20,553.4,18.8,6.09,307,0.82
2026.118.08:35:00/wx/-10.55,553.4,19.3,5.85,312,0.83
2026.118.08:36:00/wx/-10.60,553.4,19.7,6.03,313,0.82
2026.118.08:37:00/wx/-10.28,553.3,19.6,5.89,317,0.81
2026.118.08:38:00/wx/-10.20,553.4,19.4,6.58,312,0.83
2026.118.08:39:00/wx/-10.10,553.4,19.3,6.30,312,0.82
2026.118.08:40:00/wx/-10.40,553.4,19.5,6.47,310,0.81
2026.118.08:41:00/wx/-10.50,553.4,19.8,6.13,306,0.81
2026.118.08:42:00/wx/-10.50,553.4,19.8,5.97,306,0.83
2026.118.08:43:00/wx/-10.29,553.4,19.7,6.50,311,0.82
2026.118.08:44:00/wx/-10.59,553.3,20.0,6.52,316,0.81
2026.118.08:45:00/wx/-10.35,553.4,19.8,6.18,321,0.82
2026.118.08:46:00/wx/-10.00,553.4,19.4,6.63,316,0.82
2026.118.08:47:00/wx/-9.49,553.4,18.8,6.80,313,0.81
2026.118.08:48:00/wx/-9.60,553.4,18.5,6.61,313,0.80
2026.118.08:49:00/wx/-9.80,553.4,18.6,6.25,319,0.80
2026.118.08:50:00/wx/-9.74,553.4,18.6,6.70,321,0.80
2026.118.08:51:00/wx/-9.50,553.4,18.2,6.13,320,0.80
2026.118.08:52:00/wx/-9.46,553.4,18.1,6.89,317,0.80
2026.118.08:53:00/wx/-9.40,553.4,18.0,6.78,317,0.80
2026.118.08:54:00/wx/-9.62,553.4,18.2,6.83,319,0.80
2026.118.08:55:00/wx/-9.80,553.3,18.6,6.73,319,0.79
2026.118.08:56:00/wx/-9.90,553.3,18.8,6.83,315,0.79
2026.118.08:57:00/wx/-9.70,553.3,18.9,7.05,317,0.78
2026.118.08:58:00/wx/-9.79,553.3,18.9,6.79,319,0.79
2026.118.08:59:00/wx/-9.80,553.4,19.1,6.66,316,0.80
2026.118.09:00:00/wx/-9.90,553.4,19.3,6.39,315,0.80
2026.118.09:01:00/wx/-9.80,553.4,19.4,6.54,312,0.81
2026.118.09:02:00/wx/-9.60,553.4,19.3,6.52,320,0.81
2026.118.09:03:00/wx/-9.21,553.4,18.9,6.17,322,0.82
2026.118.09:04:00/wx/-9.30,553.4,18.9,6.38,320,0.82
2026.118.09:05:00/wx/-9.20,553.4,18.9,6.41,321,0.83
2026.118.09:06:00/wx/-9.11,553.4,18.7,6.83,313,0.82
2026.118.09:07:00/wx/-9.10,553.4,18.7,6.34,318,0.83
2026.118.09:08:00/wx/-9.30,553.4,19.0,6.53,318,0.82
2026.118.09:09:00/wx/-9.32,553.4,19.2,6.61,321,0.82
2026.118.09:10:00/wx/-9.60,553.4,19.5,6.64,319,0.82
2026.118.09:11:00/wx/-9.49,553.4,19.6,6.97,322,0.82
2026.118.09:12:00/wx/-9.30,553.4,19.6,6.60,325,0.81
2026.118.09:13:00/wx/-9.11,553.4,19.6,7.15,320,0.81
2026.118.09:14:00/wx/-9.10,553.4,19.6,8.23,326,0.82
2026.118.09:15:00/wx/-8.73,553.4,19.3,6.49,328,0.83
2026.118.09:16:00/wx/-8.40,553.4,18.9,6.17,323,0.84
2026.118.09:17:00/wx/-8.60,553.4,19.0,7.30,326,0.84
2026.118.09:18:00/wx/-8.60,553.4,18.9,7.24,316,0.83
2026.118.09:19:00/wx/-8.67,553.4,18.7,6.48,319,0.83
2026.118.09:20:00/wx/-8.70,553.4,18.8,6.63,321,0.82
2026.118.09:21:00/wx/-9.12,553.4,19.2,6.62,322,0.83
2026.118.09:22:00/wx/-9.04,553.4,19.6,6.73,326,0.83
2026.118.09:23:00/wx/-8.90,553.4,19.4,6.54,324,0.83
2026.118.09:24:00/wx/-8.77,553.4,19.3,6.62,321,0.82
2026.118.09:25:00/wx/-8.99,553.4,19.4,6.33,324,0.83
2026.118.09:26:00/wx/-8.98,553.4,19.4,6.99,316,0.83
2026.118.09:27:00/wx/-9.00,553.4,19.1,5.19,314,0.83
2026.118.09:28:00/wx/-9.80,553.4,19.8,5.73,309,0.84
2026.118.09:29:00/wx/-9.59,553.4,19.8,6.73,317,0.84
2026.118.09:30:00/wx/-9.61,553.4,19.5,7.04,318,0.84
2026.118.09:31:00/wx/-9.51,553.4,19.3,6.70,317,0.84
2026.118.09:32:00/wx/-9.40,553.4,19.2,6.32,314,0.84
2026.118.09:33:00/wx/-9.40,553.4,19.3,6.73,316,0.85
2026.118.09:34:00/wx/-9.30,553.4,19.3,6.73,317,0.84
2026.118.09:35:00/wx/-9.40,553.4,19.4,6.68,314,0.84
2026.118.09:36:00/wx/-9.62,553.4,19.5,6.29,315,0.85
2026.118.09:37:00/wx/-9.70,553.4,19.7,6.41,319,0.84
2026.118.09:38:00/wx/-9.40,553.4,19.6,6.43,322,0.84
2026.118.09:39:00/wx/-8.99,553.4,19.3,6.67,321,0.84
2026.118.09:40:00/wx/-9.00,553.4,19.2,6.56,326,0.83
2026.118.09:41:00/wx/-8.60,553.4,18.8,7.30,317,0.83
2026.118.09:42:00/wx/-8.86,553.4,19.1,5.94,314,0.83
2026.118.09:43:00/wx/-8.90,553.4,19.2,6.83,318,0.83
2026.118.09:44:00/wx/-8.80,553.4,19.0,6.67,318,0.83
2026.118.09:45:00/wx/-9.18,553.4,19.1,6.14,317,0.84
2026.118.09:46:00/wx/-9.31,553.4,19.2,6.51,312,0.83
2026.118.09:47:00/wx/-9.49,553.4,19.2,6.56,307,0.83
2026.118.09:48:00/wx/-9.90,553.4,19.5,6.23,308,0.83
2026.118.09:49:00/wx/-10.20,553.4,19.6,6.56,307,0.82
2026.118.09:50:00/wx/-10.01,553.4,19.4,6.16,309,0.82
2026.118.09:51:00/wx/-9.88,553.4,19.3,6.62,310,0.82
2026.118.09:52:00/wx/-9.63,553.4,18.8,6.83,308,0.82
2026.118.09:53:00/wx/-9.60,553.4,18.6,6.93,307,0.83
2026.118.09:54:00/wx/-10.05,553.5,18.8,6.26,307,0.83
2026.118.09:55:00/wx/-10.21,553.5,19.4,6.08,299,0.84
2026.118.09:56:00/wx/-10.09,553.5,19.2,7.14,297,0.84
2026.118.09:57:00/wx/-9.67,553.5,18.5,6.40,301,0.84
2026.118.09:58:00/wx/-9.70,553.5,18.6,6.33,305,0.84
2026.118.09:59:00/wx/-10.05,553.5,18.9,6.29,310,0.83
2026.118.10:00:00/wx/-10.09,553.5,19.3,6.06,316,0.83
2026.118.10:01:00/wx/-10.09,553.5,19.3,6.59,312,0.83
2026.118.10:02:00/wx/-9.80,553.5,18.9,6.37,311,0.83
2026.118.10:03:00/wx/-9.80,553.5,18.8,6.74,309,0.83
2026.118.10:04:00/wx/-10.00,553.5,19.0,6.41,311,0.83
2026.118.10:05:00/wx/-9.61,553.5,18.6,6.72,309,0.83
2026.118.10:06:00/wx/-9.38,553.5,18.0,6.67,308,0.82
2026.118.10:07:00/wx/-8.98,553.5,17.1,7.03,302,0.82
2026.118.10:08:00/wx/-9.10,553.6,16.9,6.89,307,0.82
2026.118.10:09:00/wx/-8.95,553.5,16.6,7.11,309,0.81
2026.118.10:10:00/wx/-8.80,553.5,16.0,6.66,316,0.81
2026.118.10:11:00/wx/-9.30,553.5,16.3,7.34,310,0.81
