2026.079.02:29:01;"----------| START OF e26m20.apecs.obs |----------
2026.079.02:29:01;"Using TAI-UTC offset of +37 seconds
2026.079.02:29:01;"#
2026.079.02:29:01;"# APEX observing script for station Ax from file vexfiles/staging/e26m20.vex
2026.079.02:29:01;"# File created on 2026.072.00:27:51 UT
2026.079.02:29:01;"#
2026.079.02:29:01;"# Columns: 1) Start time 2) Duration in seconds 3) APECS command
2026.079.02:29:01;"# Details on the columns:
2026.079.02:29:01;"#    1) @always, or UT date-time in a 2015.016.06:42:40 format (yyyy.doy.hh:mm:ss)
2026.079.02:29:01;"#         modifiers: !2015.016.06:42:40 to not skip command even if start time already is past
2026.079.02:29:01;"#    2) estimated duration of the command in seconds
2026.079.02:29:01;"#    3) APECS command and parameters to execute. If the command includes whitespace.
2026.079.02:29:01;"#       Commands include, e.g.: tsys(), interactive("message"), tracksource("sourcename"), ...
2026.079.02:29:01;"#
2026.079.02:29:01;"# At time              Duration   Command
2026.079.02:29:01;"execfile('vlbi-NFLASH230_commands.py')
2026.079.02:29:01;"reply from APECS: OK
2026.079.02:29:02;"reply from APECS: (timeout)
2026.079.02:29:04;"vlbi_tone(enable=True)
2026.079.02:29:05;"reply from APECS: (timeout)
2026.079.02:29:07;"
2026.079.02:29:07;"# ### Block for 3C273 scan 1 '079-0254' at 2026.079.02:54:00 in 200s ############
2026.079.02:50:40;"source('3C273',cats='user'); go(); track()
2026.079.02:50:40;"reply from APECS: OK
2026.079.02:50:41;"reply from APECS: (timeout)
2026.079.02:51:05;"vlbi_tsys()
2026.079.02:51:05;"reply from APECS: OK
2026.079.02:51:06;"reply from APECS: (timeout)
2026.079.02:52:30;"vlbi_reference_scan()
2026.079.02:52:30;"reply from APECS: OK
2026.079.02:52:31;"reply from APECS: (timeout)
2026.079.02:52:31;"#                      gap        max ~0 min 55 sec
2026.079.02:54:00;"vlbi_scan(t_mins=2,targetSource='3C273')
2026.079.02:54:00;"reply from APECS: OK
2026.079.02:54:01;"reply from APECS: (timeout)
2026.079.02:54:01;"#     scan ends at 2026.079.02:56:00
2026.079.02:54:01;"
2026.079.02:54:01;"# ### Block for M87 scan 2 '079-0259' at 2026.079.02:59:00 in 180s ##############
2026.079.02:56:00;"source('M87',cats='user'); go(); track()
2026.079.02:56:00;"reply from APECS: OK
2026.079.02:56:01;"reply from APECS: (timeout)
2026.079.02:56:25;"vlbi_tsys()
2026.079.02:56:25;"reply from APECS: OK
2026.079.02:56:25;"reply from APECS: OK
2026.079.02:56:26;"reply from APECS: (timeout)
2026.079.02:57:50;"vlbi_reference_scan()
2026.079.02:57:51;"reply from APECS: (timeout)
2026.079.02:57:51;"#                      gap        max ~0 min 35 sec
2026.079.02:59:00;"vlbi_scan(t_mins=4,targetSource='M87')
2026.079.02:59:00;"reply from APECS: OK
2026.079.02:59:01;"reply from APECS: (timeout)
2026.079.02:59:01;"#     scan ends at 2026.079.03:03:00
2026.079.02:59:01;"
2026.079.02:59:01;"# ### Block for 3C279 scan 3 '079-0313' at 2026.079.03:13:00 in 600s ############
2026.079.02:59:01;"#
2026.079.02:59:01;"# OPERATOR free 7 min 35 sec until VLBI calibrations to start at 2026.079.03:10:25
2026.079.02:59:01;"#
2026.079.03:03:00;"print('You have 7 min 35 sec until the next VLBI calibration scan at 2026.079.03:10:25.')
2026.079.03:03:00;"reply from APECS: OK
2026.079.03:03:00;"reply from APECS: OK
2026.079.03:03:01;"reply from APECS: (timeout)
2026.079.03:10:25;"source('3C279',cats='user'); go(); track()
2026.079.03:10:26;"reply from APECS: (timeout)
2026.079.03:10:50;"vlbi_tsys()
2026.079.03:10:50;"reply from APECS: OK
2026.079.03:10:50;"reply from APECS: OK
2026.079.03:10:51;"reply from APECS: (timeout)
2026.079.03:12:15;"vlbi_reference_scan()
2026.079.03:12:16;"reply from APECS: (timeout)
2026.079.03:12:16;"#                      gap        max ~0 min 10 sec
2026.079.03:13:00;"vlbi_scan(t_mins=2,targetSource='3C279')
2026.079.03:13:00;"reply from APECS: OK
2026.079.03:13:01;"reply from APECS: (timeout)
2026.079.03:13:01;"#     scan ends at 2026.079.03:15:00
2026.079.03:13:01;"
2026.079.03:13:01;"# ### Block for M87 scan 4 '079-0318' at 2026.079.03:18:00 in 180s ##############
2026.079.03:15:00;"source('M87',cats='user'); go(); track()
2026.079.03:15:00;"reply from APECS: OK
2026.079.03:15:01;"reply from APECS: (timeout)
2026.079.03:15:25;"vlbi_tsys()
2026.079.03:15:25;"reply from APECS: OK
2026.079.03:15:25;"reply from APECS: OK
2026.079.03:15:26;"reply from APECS: (timeout)
2026.079.03:16:50;"vlbi_reference_scan()
2026.079.03:16:51;"reply from APECS: (timeout)
2026.079.03:16:51;"#                      gap        max ~0 min 35 sec
2026.079.03:18:00;"vlbi_scan(t_mins=4,targetSource='M87')
2026.079.03:18:00;"reply from APECS: OK
2026.079.03:18:01;"reply from APECS: (timeout)
2026.079.03:18:01;"#     scan ends at 2026.079.03:22:00
2026.079.03:18:01;"
2026.079.03:18:01;"# ### Block for 3C273 scan 5 '079-0332' at 2026.079.03:32:00 in 600s ############
2026.079.03:18:01;"#
2026.079.03:18:01;"# OPERATOR free 7 min 35 sec until VLBI calibrations to start at 2026.079.03:29:25
2026.079.03:18:01;"#
2026.079.03:22:00;"print('You have 7 min 35 sec until the next VLBI calibration scan at 2026.079.03:29:25.')
2026.079.03:22:00;"reply from APECS: OK
2026.079.03:22:00;"reply from APECS: OK
2026.079.03:22:01;"reply from APECS: (timeout)
2026.079.03:29:25;"source('3C273',cats='user'); go(); track()
2026.079.03:29:26;"reply from APECS: (timeout)
2026.079.03:29:50;"vlbi_tsys()
2026.079.03:29:50;"reply from APECS: OK
2026.079.03:29:50;"reply from APECS: OK
2026.079.03:29:51;"reply from APECS: (timeout)
2026.079.03:31:15;"vlbi_reference_scan()
2026.079.03:31:16;"reply from APECS: (timeout)
2026.079.03:31:16;"#                      gap        max ~0 min 10 sec
2026.079.03:32:00;"vlbi_scan(t_mins=2,targetSource='3C273')
2026.079.03:32:00;"reply from APECS: OK
2026.079.03:32:01;"reply from APECS: (timeout)
2026.079.03:32:01;"#     scan ends at 2026.079.03:34:00
2026.079.03:32:01;"
2026.079.03:32:01;"# ### Block for M87 scan 6 '079-0337' at 2026.079.03:37:00 in 180s ##############
2026.079.03:34:00;"source('M87',cats='user'); go(); track()
2026.079.03:34:00;"reply from APECS: OK
2026.079.03:34:01;"reply from APECS: (timeout)
2026.079.03:34:25;"vlbi_tsys()
2026.079.03:34:25;"reply from APECS: OK
2026.079.03:34:25;"reply from APECS: OK
2026.079.03:34:26;"reply from APECS: (timeout)
2026.079.03:35:50;"vlbi_reference_scan()
2026.079.03:35:51;"reply from APECS: (timeout)
2026.079.03:35:51;"#                      gap        max ~0 min 35 sec
2026.079.03:37:00;"vlbi_scan(t_mins=4,targetSource='M87')
2026.079.03:37:00;"reply from APECS: OK
2026.079.03:37:01;"reply from APECS: (timeout)
2026.079.03:37:01;"#     scan ends at 2026.079.03:41:00
2026.079.03:37:01;"
2026.079.03:37:01;"# ### Block for 3C279 scan 7 '079-0351' at 2026.079.03:51:00 in 600s ############
2026.079.03:37:01;"#
2026.079.03:37:01;"# OPERATOR free 7 min 35 sec until VLBI calibrations to start at 2026.079.03:48:25
2026.079.03:37:01;"#
2026.079.03:41:00;"print('You have 7 min 35 sec until the next VLBI calibration scan at 2026.079.03:48:25.')
2026.079.03:41:00;"reply from APECS: OK
2026.079.03:41:00;"reply from APECS: OK
2026.079.03:41:01;"reply from APECS: (timeout)
2026.079.03:48:25;"source('3C279',cats='user'); go(); track()
2026.079.03:48:26;"reply from APECS: (timeout)
2026.079.03:48:50;"vlbi_tsys()
2026.079.03:48:50;"reply from APECS: OK
2026.079.03:48:50;"reply from APECS: OK
2026.079.03:48:51;"reply from APECS: (timeout)
2026.079.03:50:15;"vlbi_reference_scan()
2026.079.03:50:16;"reply from APECS: (timeout)
2026.079.03:50:16;"#                      gap        max ~0 min 10 sec
2026.079.03:51:00;"vlbi_scan(t_mins=2,targetSource='3C279')
2026.079.03:51:00;"reply from APECS: OK
2026.079.03:51:01;"reply from APECS: (timeout)
2026.079.03:51:01;"#     scan ends at 2026.079.03:53:00
2026.079.03:51:01;"
2026.079.03:51:01;"# ### Block for M87 scan 8 '079-0356' at 2026.079.03:56:00 in 180s ##############
2026.079.03:53:00;"source('M87',cats='user'); go(); track()
2026.079.03:53:00;"reply from APECS: OK
2026.079.03:53:01;"reply from APECS: (timeout)
2026.079.03:53:25;"vlbi_tsys()
2026.079.03:53:25;"reply from APECS: OK
2026.079.03:53:25;"reply from APECS: OK
2026.079.03:53:26;"reply from APECS: (timeout)
2026.079.03:54:50;"vlbi_reference_scan()
2026.079.03:54:51;"reply from APECS: (timeout)
2026.079.03:54:51;"#                      gap        max ~0 min 35 sec
2026.079.03:56:00;"vlbi_scan(t_mins=4,targetSource='M87')
2026.079.03:56:00;"reply from APECS: OK
2026.079.03:56:01;"reply from APECS: (timeout)
2026.079.03:56:01;"#     scan ends at 2026.079.04:00:00
2026.079.03:56:01;"
2026.079.03:56:01;"# ### Block for J1337-1257 scan 9 '079-0402' at 2026.079.04:02:00 in 120s #######
2026.079.04:00:00;"source('J1337-1257',cats='user'); go(); track()
2026.079.04:00:00;"reply from APECS: OK
2026.079.04:00:01;"reply from APECS: (timeout)
2026.079.04:00:25;"vlbi_tsys()
2026.079.04:00:25;"reply from APECS: OK
2026.079.04:00:25;"reply from APECS: OK
2026.079.04:00:26;"reply from APECS: (timeout)
2026.079.04:00:26;"#                      gap        max ~0 min 10 sec
2026.079.04:02:00;"vlbi_scan(t_mins=2,targetSource='J1337-1257')
2026.079.04:02:01;"reply from APECS: (timeout)
2026.079.04:02:01;"#     scan ends at 2026.079.04:04:00
2026.079.04:02:01;"
2026.079.04:02:01;"# ### Block for 3C279 scan 10 '079-0415' at 2026.079.04:15:00 in 660s ###########
2026.079.04:02:01;"#
2026.079.04:02:01;"# OPERATOR free 8 min 35 sec until VLBI calibrations to start at 2026.079.04:12:25
2026.079.04:02:01;"#
2026.079.04:04:00;"print('You have 8 min 35 sec until the next VLBI calibration scan at 2026.079.04:12:25.')
2026.079.04:04:00;"reply from APECS: OK
2026.079.04:04:00;"reply from APECS: OK
2026.079.04:04:01;"reply from APECS: (timeout)
2026.079.04:12:25;"source('3C279',cats='user'); go(); track()
2026.079.04:12:26;"reply from APECS: (timeout)
2026.079.04:12:50;"vlbi_tsys()
2026.079.04:12:50;"reply from APECS: OK
2026.079.04:12:50;"reply from APECS: OK
2026.079.04:12:51;"reply from APECS: (timeout)
2026.079.04:14:15;"vlbi_reference_scan()
2026.079.04:14:16;"reply from APECS: (timeout)
2026.079.04:14:16;"#                      gap        max ~0 min 10 sec
2026.079.04:15:00;"vlbi_scan(t_mins=2,targetSource='3C279')
2026.079.04:15:00;"reply from APECS: OK
2026.079.04:15:01;"reply from APECS: (timeout)
2026.079.04:15:01;"#     scan ends at 2026.079.04:17:00
2026.079.04:15:01;"
2026.079.04:15:01;"# ### Block for M87 scan 11 '079-0420' at 2026.079.04:20:00 in 180s #############
2026.079.04:17:00;"source('M87',cats='user'); go(); track()
2026.079.04:17:00;"reply from APECS: OK
2026.079.04:17:01;"reply from APECS: (timeout)
2026.079.04:17:25;"vlbi_tsys()
2026.079.04:17:25;"reply from APECS: OK
2026.079.04:17:25;"reply from APECS: OK
2026.079.04:17:26;"reply from APECS: (timeout)
2026.079.04:18:50;"vlbi_reference_scan()
2026.079.04:18:51;"reply from APECS: (timeout)
2026.079.04:18:51;"#                      gap        max ~0 min 35 sec
2026.079.04:20:00;"vlbi_scan(t_mins=4,targetSource='M87')
2026.079.04:20:00;"reply from APECS: OK
2026.079.04:20:01;"reply from APECS: (timeout)
2026.079.04:20:01;"#     scan ends at 2026.079.04:24:00
2026.079.04:20:01;"
2026.079.04:20:01;"# ### Block for J1337-1257 scan 12 '079-0429' at 2026.079.04:29:00 in 300s ######
2026.079.04:26:25;"source('J1337-1257',cats='user'); go(); track()
2026.079.04:26:25;"reply from APECS: OK
2026.079.04:26:26;"reply from APECS: (timeout)
2026.079.04:26:50;"vlbi_tsys()
2026.079.04:26:50;"reply from APECS: OK
2026.079.04:26:50;"reply from APECS: OK
2026.079.04:26:51;"reply from APECS: (timeout)
2026.079.04:28:15;"vlbi_reference_scan()
2026.079.04:28:16;"reply from APECS: (timeout)
2026.079.04:28:16;"#                      gap        max ~0 min 10 sec
2026.079.04:29:00;"vlbi_scan(t_mins=2,targetSource='J1337-1257')
2026.079.04:29:00;"reply from APECS: OK
2026.079.04:29:01;"reply from APECS: (timeout)
2026.079.04:29:01;"#     scan ends at 2026.079.04:31:00
2026.079.04:29:01;"
2026.079.04:29:01;"# ### Block for 3C279 scan 13 '079-0436' at 2026.079.04:36:00 in 300s ###########
2026.079.04:33:25;"source('3C279',cats='user'); go(); track()
2026.079.04:33:25;"reply from APECS: OK
2026.079.04:33:26;"reply from APECS: (timeout)
2026.079.04:33:50;"vlbi_tsys()
2026.079.04:33:50;"reply from APECS: OK
2026.079.04:33:50;"reply from APECS: OK
2026.079.04:33:51;"reply from APECS: (timeout)
2026.079.04:35:15;"vlbi_reference_scan()
2026.079.04:35:16;"reply from APECS: (timeout)
2026.079.04:35:16;"#                      gap        max ~0 min 10 sec
2026.079.04:36:00;"vlbi_scan(t_mins=2,targetSource='3C279')
2026.079.04:36:00;"reply from APECS: OK
2026.079.04:36:01;"reply from APECS: (timeout)
2026.079.04:36:01;"#     scan ends at 2026.079.04:38:00
2026.079.04:36:01;"
2026.079.04:36:01;"# ### Block for M87 scan 14 '079-0441' at 2026.079.04:41:00 in 180s #############
2026.079.04:38:00;"source('M87',cats='user'); go(); track()
2026.079.04:38:00;"reply from APECS: OK
2026.079.04:38:01;"reply from APECS: (timeout)
2026.079.04:38:25;"vlbi_tsys()
2026.079.04:38:25;"reply from APECS: OK
2026.079.04:38:25;"reply from APECS: OK
2026.079.04:38:26;"reply from APECS: (timeout)
2026.079.04:39:50;"vlbi_reference_scan()
2026.079.04:39:51;"reply from APECS: (timeout)
2026.079.04:39:51;"#                      gap        max ~0 min 35 sec
2026.079.04:41:00;"vlbi_scan(t_mins=4,targetSource='M87')
2026.079.04:41:00;"reply from APECS: OK
2026.079.04:41:01;"reply from APECS: (timeout)
2026.079.04:41:01;"#     scan ends at 2026.079.04:45:00
2026.079.04:41:01;"
2026.079.04:41:01;"# ### Block for 3C273 scan 15 '079-0454' at 2026.079.04:54:00 in 540s ###########
2026.079.04:41:01;"#
2026.079.04:41:01;"# OPERATOR free 6 min 35 sec until VLBI calibrations to start at 2026.079.04:51:25
2026.079.04:41:01;"#
2026.079.04:45:00;"print('You have 6 min 35 sec until the next VLBI calibration scan at 2026.079.04:51:25.')
2026.079.04:45:00;"reply from APECS: OK
2026.079.04:45:00;"reply from APECS: OK
2026.079.04:45:01;"reply from APECS: (timeout)
2026.079.04:51:25;"source('3C273',cats='user'); go(); track()
2026.079.04:51:26;"reply from APECS: (timeout)
2026.079.04:51:50;"vlbi_tsys()
2026.079.04:51:51;"reply from APECS: (timeout)
2026.079.04:53:15;"vlbi_reference_scan()
2026.079.04:53:16;"reply from APECS: (timeout)
2026.079.04:53:16;"#                      gap        max ~0 min 10 sec
2026.079.04:54:00;"vlbi_scan(t_mins=2,targetSource='3C273')
2026.079.04:54:00;"reply from APECS: OK
2026.079.04:54:01;"reply from APECS: (timeout)
2026.079.04:54:01;"#     scan ends at 2026.079.04:56:00
2026.079.04:54:01;"
2026.079.04:54:01;"# ### Block for M87 scan 16 '079-0459' at 2026.079.04:59:00 in 180s #############
2026.079.04:55:41;"----------| USER-REQUESTED STOP OF  e26m20.apecs.obs |----------
2026.079.05:44:21;"----------| START OF e26m20.apecs.obs |----------
2026.079.05:44:21;"Using TAI-UTC offset of +37 seconds
2026.079.05:44:21;"#
2026.079.05:44:21;"# APEX observing script for station Ax from file vexfiles/staging/e26m20.vex
2026.079.05:44:21;"# File created on 2026.072.00:27:51 UT
2026.079.05:44:21;"#
2026.079.05:44:21;"# Columns: 1) Start time 2) Duration in seconds 3) APECS command
2026.079.05:44:21;"# Details on the columns:
2026.079.05:44:21;"#    1) @always, or UT date-time in a 2015.016.06:42:40 format (yyyy.doy.hh:mm:ss)
2026.079.05:44:21;"#         modifiers: !2015.016.06:42:40 to not skip command even if start time already is past
2026.079.05:44:21;"#    2) estimated duration of the command in seconds
2026.079.05:44:21;"#    3) APECS command and parameters to execute. If the command includes whitespace.
2026.079.05:44:21;"#       Commands include, e.g.: tsys(), interactive("message"), tracksource("sourcename"), ...
2026.079.05:44:21;"#
2026.079.05:44:21;"# At time              Duration   Command
2026.079.05:44:21;"execfile('vlbi-NFLASH230_commands.py')
2026.079.05:44:21;"reply from APECS: OK
2026.079.05:44:22;"reply from APECS: (timeout)
2026.079.05:44:24;"vlbi_tone(enable=True)
2026.079.05:44:25;"reply from APECS: (timeout)
2026.079.05:44:27;"
2026.079.05:44:27;"# ### Block for 3C273 scan 1 '079-0254' at 2026.079.02:54:00 in 200s ############
2026.079.05:44:27;"missed time 2026.079.02:50:40 : source('3C273',cats='user'); go(); track()
2026.079.05:44:27;"missed time 2026.079.02:51:05 : vlbi_tsys()
2026.079.05:44:27;"missed time 2026.079.02:52:30 : vlbi_reference_scan()
2026.079.05:44:27;"#                      gap        max ~0 min 55 sec
2026.079.05:44:27;"missed time 2026.079.02:54:00 : vlbi_scan(t_mins=2,targetSource='3C273')
2026.079.05:44:27;"#     scan ends at 2026.079.02:56:00
2026.079.05:44:27;"
2026.079.05:44:27;"# ### Block for M87 scan 2 '079-0259' at 2026.079.02:59:00 in 180s ##############
2026.079.05:44:27;"missed time 2026.079.02:56:00 : source('M87',cats='user'); go(); track()
2026.079.05:44:27;"missed time 2026.079.02:56:25 : vlbi_tsys()
2026.079.05:44:27;"missed time 2026.079.02:57:50 : vlbi_reference_scan()
2026.079.05:44:27;"#                      gap        max ~0 min 35 sec
2026.079.05:44:27;"missed time 2026.079.02:59:00 : vlbi_scan(t_mins=4,targetSource='M87')
2026.079.05:44:27;"#     scan ends at 2026.079.03:03:00
2026.079.05:44:27;"
2026.079.05:44:27;"# ### Block for 3C279 scan 3 '079-0313' at 2026.079.03:13:00 in 600s ############
2026.079.05:44:27;"#
2026.079.05:44:27;"# OPERATOR free 7 min 35 sec until VLBI calibrations to start at 2026.079.03:10:25
2026.079.05:44:27;"#
2026.079.05:44:27;"missed time 2026.079.03:03:00 : print('You have 7 min 35 sec until the next VLBI calibration scan at 2026.079.03:10:25.')
2026.079.05:44:27;"missed time 2026.079.03:10:25 : source('3C279',cats='user'); go(); track()
2026.079.05:44:27;"missed time 2026.079.03:10:50 : vlbi_tsys()
2026.079.05:44:27;"missed time 2026.079.03:12:15 : vlbi_reference_scan()
2026.079.05:44:27;"#                      gap        max ~0 min 10 sec
2026.079.05:44:27;"missed time 2026.079.03:13:00 : vlbi_scan(t_mins=2,targetSource='3C279')
2026.079.05:44:27;"#     scan ends at 2026.079.03:15:00
2026.079.05:44:27;"
2026.079.05:44:27;"# ### Block for M87 scan 4 '079-0318' at 2026.079.03:18:00 in 180s ##############
2026.079.05:44:27;"missed time 2026.079.03:15:00 : source('M87',cats='user'); go(); track()
2026.079.05:44:27;"missed time 2026.079.03:15:25 : vlbi_tsys()
2026.079.05:44:27;"missed time 2026.079.03:16:50 : vlbi_reference_scan()
2026.079.05:44:27;"#                      gap        max ~0 min 35 sec
2026.079.05:44:27;"missed time 2026.079.03:18:00 : vlbi_scan(t_mins=4,targetSource='M87')
2026.079.05:44:27;"#     scan ends at 2026.079.03:22:00
2026.079.05:44:27;"
2026.079.05:44:27;"# ### Block for 3C273 scan 5 '079-0332' at 2026.079.03:32:00 in 600s ############
2026.079.05:44:27;"#
2026.079.05:44:27;"# OPERATOR free 7 min 35 sec until VLBI calibrations to start at 2026.079.03:29:25
2026.079.05:44:27;"#
2026.079.05:44:27;"missed time 2026.079.03:22:00 : print('You have 7 min 35 sec until the next VLBI calibration scan at 2026.079.03:29:25.')
2026.079.05:44:27;"missed time 2026.079.03:29:25 : source('3C273',cats='user'); go(); track()
2026.079.05:44:27;"missed time 2026.079.03:29:50 : vlbi_tsys()
2026.079.05:44:27;"missed time 2026.079.03:31:15 : vlbi_reference_scan()
2026.079.05:44:27;"#                      gap        max ~0 min 10 sec
2026.079.05:44:27;"missed time 2026.079.03:32:00 : vlbi_scan(t_mins=2,targetSource='3C273')
2026.079.05:44:27;"#     scan ends at 2026.079.03:34:00
2026.079.05:44:27;"
2026.079.05:44:27;"# ### Block for M87 scan 6 '079-0337' at 2026.079.03:37:00 in 180s ##############
2026.079.05:44:27;"missed time 2026.079.03:34:00 : source('M87',cats='user'); go(); track()
2026.079.05:44:27;"missed time 2026.079.03:34:25 : vlbi_tsys()
2026.079.05:44:27;"missed time 2026.079.03:35:50 : vlbi_reference_scan()
2026.079.05:44:27;"#                      gap        max ~0 min 35 sec
2026.079.05:44:27;"missed time 2026.079.03:37:00 : vlbi_scan(t_mins=4,targetSource='M87')
2026.079.05:44:27;"#     scan ends at 2026.079.03:41:00
2026.079.05:44:27;"
2026.079.05:44:27;"# ### Block for 3C279 scan 7 '079-0351' at 2026.079.03:51:00 in 600s ############
2026.079.05:44:27;"#
2026.079.05:44:27;"# OPERATOR free 7 min 35 sec until VLBI calibrations to start at 2026.079.03:48:25
2026.079.05:44:27;"#
2026.079.05:44:27;"missed time 2026.079.03:41:00 : print('You have 7 min 35 sec until the next VLBI calibration scan at 2026.079.03:48:25.')
2026.079.05:44:27;"missed time 2026.079.03:48:25 : source('3C279',cats='user'); go(); track()
2026.079.05:44:27;"missed time 2026.079.03:48:50 : vlbi_tsys()
2026.079.05:44:27;"missed time 2026.079.03:50:15 : vlbi_reference_scan()
2026.079.05:44:27;"#                      gap        max ~0 min 10 sec
2026.079.05:44:27;"missed time 2026.079.03:51:00 : vlbi_scan(t_mins=2,targetSource='3C279')
2026.079.05:44:27;"#     scan ends at 2026.079.03:53:00
2026.079.05:44:27;"
2026.079.05:44:27;"# ### Block for M87 scan 8 '079-0356' at 2026.079.03:56:00 in 180s ##############
2026.079.05:44:27;"missed time 2026.079.03:53:00 : source('M87',cats='user'); go(); track()
2026.079.05:44:27;"missed time 2026.079.03:53:25 : vlbi_tsys()
2026.079.05:44:27;"missed time 2026.079.03:54:50 : vlbi_reference_scan()
2026.079.05:44:27;"#                      gap        max ~0 min 35 sec
2026.079.05:44:27;"missed time 2026.079.03:56:00 : vlbi_scan(t_mins=4,targetSource='M87')
2026.079.05:44:27;"#     scan ends at 2026.079.04:00:00
2026.079.05:44:27;"
2026.079.05:44:27;"# ### Block for J1337-1257 scan 9 '079-0402' at 2026.079.04:02:00 in 120s #######
2026.079.05:44:27;"missed time 2026.079.04:00:00 : source('J1337-1257',cats='user'); go(); track()
2026.079.05:44:27;"missed time 2026.079.04:00:25 : vlbi_tsys()
2026.079.05:44:27;"#                      gap        max ~0 min 10 sec
2026.079.05:44:27;"missed time 2026.079.04:02:00 : vlbi_scan(t_mins=2,targetSource='J1337-1257')
2026.079.05:44:27;"#     scan ends at 2026.079.04:04:00
2026.079.05:44:27;"
2026.079.05:44:27;"# ### Block for 3C279 scan 10 '079-0415' at 2026.079.04:15:00 in 660s ###########
2026.079.05:44:27;"#
2026.079.05:44:27;"# OPERATOR free 8 min 35 sec until VLBI calibrations to start at 2026.079.04:12:25
2026.079.05:44:27;"#
2026.079.05:44:27;"missed time 2026.079.04:04:00 : print('You have 8 min 35 sec until the next VLBI calibration scan at 2026.079.04:12:25.')
2026.079.05:44:27;"missed time 2026.079.04:12:25 : source('3C279',cats='user'); go(); track()
2026.079.05:44:27;"missed time 2026.079.04:12:50 : vlbi_tsys()
2026.079.05:44:27;"missed time 2026.079.04:14:15 : vlbi_reference_scan()
2026.079.05:44:27;"#                      gap        max ~0 min 10 sec
2026.079.05:44:27;"missed time 2026.079.04:15:00 : vlbi_scan(t_mins=2,targetSource='3C279')
2026.079.05:44:27;"#     scan ends at 2026.079.04:17:00
2026.079.05:44:27;"
2026.079.05:44:27;"# ### Block for M87 scan 11 '079-0420' at 2026.079.04:20:00 in 180s #############
2026.079.05:44:27;"missed time 2026.079.04:17:00 : source('M87',cats='user'); go(); track()
2026.079.05:44:27;"missed time 2026.079.04:17:25 : vlbi_tsys()
2026.079.05:44:27;"missed time 2026.079.04:18:50 : vlbi_reference_scan()
2026.079.05:44:27;"#                      gap        max ~0 min 35 sec
2026.079.05:44:27;"missed time 2026.079.04:20:00 : vlbi_scan(t_mins=4,targetSource='M87')
2026.079.05:44:27;"#     scan ends at 2026.079.04:24:00
2026.079.05:44:27;"
2026.079.05:44:27;"# ### Block for J1337-1257 scan 12 '079-0429' at 2026.079.04:29:00 in 300s ######
2026.079.05:44:27;"missed time 2026.079.04:26:25 : source('J1337-1257',cats='user'); go(); track()
2026.079.05:44:27;"missed time 2026.079.04:26:50 : vlbi_tsys()
2026.079.05:44:27;"missed time 2026.079.04:28:15 : vlbi_reference_scan()
2026.079.05:44:27;"#                      gap        max ~0 min 10 sec
2026.079.05:44:27;"missed time 2026.079.04:29:00 : vlbi_scan(t_mins=2,targetSource='J1337-1257')
2026.079.05:44:27;"#     scan ends at 2026.079.04:31:00
2026.079.05:44:27;"
2026.079.05:44:27;"# ### Block for 3C279 scan 13 '079-0436' at 2026.079.04:36:00 in 300s ###########
2026.079.05:44:27;"missed time 2026.079.04:33:25 : source('3C279',cats='user'); go(); track()
2026.079.05:44:27;"missed time 2026.079.04:33:50 : vlbi_tsys()
2026.079.05:44:27;"missed time 2026.079.04:35:15 : vlbi_reference_scan()
2026.079.05:44:27;"#                      gap        max ~0 min 10 sec
2026.079.05:44:27;"missed time 2026.079.04:36:00 : vlbi_scan(t_mins=2,targetSource='3C279')
2026.079.05:44:27;"#     scan ends at 2026.079.04:38:00
2026.079.05:44:27;"
2026.079.05:44:27;"# ### Block for M87 scan 14 '079-0441' at 2026.079.04:41:00 in 180s #############
2026.079.05:44:27;"missed time 2026.079.04:38:00 : source('M87',cats='user'); go(); track()
2026.079.05:44:27;"missed time 2026.079.04:38:25 : vlbi_tsys()
2026.079.05:44:27;"missed time 2026.079.04:39:50 : vlbi_reference_scan()
2026.079.05:44:27;"#                      gap        max ~0 min 35 sec
2026.079.05:44:27;"missed time 2026.079.04:41:00 : vlbi_scan(t_mins=4,targetSource='M87')
2026.079.05:44:27;"#     scan ends at 2026.079.04:45:00
2026.079.05:44:27;"
2026.079.05:44:27;"# ### Block for 3C273 scan 15 '079-0454' at 2026.079.04:54:00 in 540s ###########
2026.079.05:44:27;"#
2026.079.05:44:27;"# OPERATOR free 6 min 35 sec until VLBI calibrations to start at 2026.079.04:51:25
2026.079.05:44:27;"#
2026.079.05:44:27;"missed time 2026.079.04:45:00 : print('You have 6 min 35 sec until the next VLBI calibration scan at 2026.079.04:51:25.')
2026.079.05:44:27;"missed time 2026.079.04:51:25 : source('3C273',cats='user'); go(); track()
2026.079.05:44:27;"missed time 2026.079.04:51:50 : vlbi_tsys()
2026.079.05:44:27;"missed time 2026.079.04:53:15 : vlbi_reference_scan()
2026.079.05:44:27;"#                      gap        max ~0 min 10 sec
2026.079.05:44:27;"missed time 2026.079.04:54:00 : vlbi_scan(t_mins=2,targetSource='3C273')
2026.079.05:44:27;"#     scan ends at 2026.079.04:56:00
2026.079.05:44:27;"
2026.079.05:44:27;"# ### Block for M87 scan 16 '079-0459' at 2026.079.04:59:00 in 180s #############
2026.079.05:44:27;"missed time 2026.079.04:56:00 : source('M87',cats='user'); go(); track()
2026.079.05:44:27;"missed time 2026.079.04:56:25 : vlbi_tsys()
2026.079.05:44:27;"missed time 2026.079.04:57:50 : vlbi_reference_scan()
2026.079.05:44:27;"#                      gap        max ~0 min 35 sec
2026.079.05:44:27;"missed time 2026.079.04:59:00 : vlbi_scan(t_mins=4,targetSource='M87')
2026.079.05:44:27;"#     scan ends at 2026.079.05:03:00
2026.079.05:44:27;"
2026.079.05:44:27;"# ### Block for 3C279 scan 17 '079-0512' at 2026.079.05:12:00 in 540s ###########
2026.079.05:44:27;"#
2026.079.05:44:27;"# OPERATOR free 6 min 35 sec until VLBI calibrations to start at 2026.079.05:09:25
2026.079.05:44:27;"#
2026.079.05:44:27;"missed time 2026.079.05:03:00 : print('You have 6 min 35 sec until the next VLBI calibration scan at 2026.079.05:09:25.')
2026.079.05:44:27;"missed time 2026.079.05:09:25 : source('3C279',cats='user'); go(); track()
2026.079.05:44:27;"missed time 2026.079.05:09:50 : vlbi_tsys()
2026.079.05:44:27;"missed time 2026.079.05:11:15 : vlbi_reference_scan()
2026.079.05:44:27;"#                      gap        max ~0 min 10 sec
2026.079.05:44:27;"missed time 2026.079.05:12:00 : vlbi_scan(t_mins=2,targetSource='3C279')
2026.079.05:44:27;"#     scan ends at 2026.079.05:14:00
2026.079.05:44:27;"
2026.079.05:44:27;"# ### Block for M87 scan 18 '079-0517' at 2026.079.05:17:00 in 180s #############
2026.079.05:44:27;"missed time 2026.079.05:14:00 : source('M87',cats='user'); go(); track()
2026.079.05:44:27;"missed time 2026.079.05:14:25 : vlbi_tsys()
2026.079.05:44:27;"missed time 2026.079.05:15:50 : vlbi_reference_scan()
2026.079.05:44:27;"#                      gap        max ~0 min 35 sec
2026.079.05:44:27;"missed time 2026.079.05:17:00 : vlbi_scan(t_mins=4,targetSource='M87')
2026.079.05:44:27;"#     scan ends at 2026.079.05:21:00
2026.079.05:44:27;"
2026.079.05:44:27;"# ### Block for 3C279 scan 19 '079-0531' at 2026.079.05:31:00 in 600s ###########
2026.079.05:44:27;"#
2026.079.05:44:27;"# OPERATOR free 7 min 35 sec until VLBI calibrations to start at 2026.079.05:28:25
2026.079.05:44:27;"#
2026.079.05:44:27;"missed time 2026.079.05:21:00 : print('You have 7 min 35 sec until the next VLBI calibration scan at 2026.079.05:28:25.')
2026.079.05:44:27;"missed time 2026.079.05:28:25 : source('3C279',cats='user'); go(); track()
2026.079.05:44:27;"missed time 2026.079.05:28:50 : vlbi_tsys()
2026.079.05:44:27;"missed time 2026.079.05:30:15 : vlbi_reference_scan()
2026.079.05:44:27;"#                      gap        max ~0 min 10 sec
2026.079.05:44:27;"missed time 2026.079.05:31:00 : vlbi_scan(t_mins=2,targetSource='3C279')
2026.079.05:44:27;"#     scan ends at 2026.079.05:33:00
2026.079.05:44:27;"
2026.079.05:44:27;"# ### Block for M87 scan 20 '079-0536' at 2026.079.05:36:00 in 180s #############
2026.079.05:44:27;"missed time 2026.079.05:33:00 : source('M87',cats='user'); go(); track()
2026.079.05:44:27;"missed time 2026.079.05:33:25 : vlbi_tsys()
2026.079.05:44:27;"missed time 2026.079.05:34:50 : vlbi_reference_scan()
2026.079.05:44:27;"#                      gap        max ~0 min 35 sec
2026.079.05:44:27;"missed time 2026.079.05:36:00 : vlbi_scan(t_mins=4,targetSource='M87')
2026.079.05:44:27;"#     scan ends at 2026.079.05:40:00
2026.079.05:44:27;"
2026.079.05:44:27;"# ### Block for J1337-1257 scan 21 '079-0543' at 2026.079.05:43:00 in 180s ######
2026.079.05:44:27;"missed time 2026.079.05:40:00 : source('J1337-1257',cats='user'); go(); track()
2026.079.05:44:27;"missed time 2026.079.05:40:25 : vlbi_tsys()
2026.079.05:44:27;"missed time 2026.079.05:41:50 : vlbi_reference_scan()
2026.079.05:44:27;"#                      gap        max ~0 min 35 sec
2026.079.05:44:27;"missed time 2026.079.05:43:00 : vlbi_scan(t_mins=2,targetSource='J1337-1257')
2026.079.05:44:27;"#     scan ends at 2026.079.05:45:00
2026.079.05:44:27;"
2026.079.05:44:27;"# ### Block for 3C273 scan 22 '079-0552' at 2026.079.05:52:00 in 420s ###########
2026.079.05:49:25;"source('3C273',cats='user'); go(); track()
2026.079.05:49:25;"reply from APECS: OK
2026.079.05:49:26;"reply from APECS: (timeout)
2026.079.05:49:50;"vlbi_tsys()
2026.079.05:49:50;"reply from APECS: OK
2026.079.05:49:50;"reply from APECS: OK
2026.079.05:49:51;"reply from APECS: (timeout)
2026.079.05:51:15;"vlbi_reference_scan()
2026.079.05:51:16;"reply from APECS: (timeout)
2026.079.05:51:16;"#                      gap        max ~0 min 10 sec
2026.079.05:52:00;"vlbi_scan(t_mins=2,targetSource='3C273')
2026.079.05:52:00;"reply from APECS: OK
2026.079.05:52:01;"reply from APECS: (timeout)
2026.079.05:52:01;"#     scan ends at 2026.079.05:54:00
2026.079.05:52:01;"
2026.079.05:52:01;"# ### Block for M87 scan 23 '079-0557' at 2026.079.05:57:00 in 180s #############
2026.079.05:54:00;"source('M87',cats='user'); go(); track()
2026.079.05:54:00;"reply from APECS: OK
2026.079.05:54:01;"reply from APECS: (timeout)
2026.079.05:54:25;"vlbi_tsys()
2026.079.05:54:25;"reply from APECS: OK
2026.079.05:54:25;"reply from APECS: OK
2026.079.05:54:26;"reply from APECS: (timeout)
2026.079.05:55:50;"vlbi_reference_scan()
2026.079.05:55:51;"reply from APECS: (timeout)
2026.079.05:55:51;"#                      gap        max ~0 min 35 sec
2026.079.05:57:00;"vlbi_scan(t_mins=4,targetSource='M87')
2026.079.05:57:00;"reply from APECS: OK
2026.079.05:57:01;"reply from APECS: (timeout)
2026.079.05:57:01;"#     scan ends at 2026.079.06:01:00
2026.079.05:57:01;"
2026.079.05:57:01;"# ### Block for M87 scan 24 '079-0604' at 2026.079.06:04:00 in 180s #############
2026.079.06:01:00;"source('M87',cats='user'); go(); track()
2026.079.06:01:00;"reply from APECS: OK
2026.079.06:01:01;"reply from APECS: (timeout)
2026.079.06:01:25;"vlbi_tsys()
2026.079.06:01:25;"reply from APECS: OK
2026.079.06:01:25;"reply from APECS: OK
2026.079.06:01:26;"reply from APECS: (timeout)
2026.079.06:02:50;"vlbi_reference_scan()
2026.079.06:02:51;"reply from APECS: (timeout)
2026.079.06:02:51;"#                      gap        max ~0 min 35 sec
2026.079.06:04:00;"vlbi_scan(t_mins=4,targetSource='M87')
2026.079.06:04:00;"reply from APECS: OK
2026.079.06:04:01;"reply from APECS: (timeout)
2026.079.06:04:01;"#     scan ends at 2026.079.06:08:00
2026.079.06:04:01;"
2026.079.06:04:01;"# ### Block for 3C279 scan 25 '079-0616' at 2026.079.06:16:00 in 480s ###########
2026.079.06:13:25;"source('3C279',cats='user'); go(); track()
2026.079.06:13:25;"reply from APECS: OK
2026.079.06:13:26;"reply from APECS: (timeout)
2026.079.06:13:50;"vlbi_tsys()
2026.079.06:13:50;"reply from APECS: OK
2026.079.06:13:50;"reply from APECS: OK
2026.079.06:13:51;"reply from APECS: (timeout)
2026.079.06:15:15;"vlbi_reference_scan()
2026.079.06:15:16;"reply from APECS: (timeout)
2026.079.06:15:16;"#                      gap        max ~0 min 10 sec
2026.079.06:16:00;"vlbi_scan(t_mins=2,targetSource='3C279')
2026.079.06:16:00;"reply from APECS: OK
2026.079.06:16:01;"reply from APECS: (timeout)
2026.079.06:16:01;"#     scan ends at 2026.079.06:18:00
2026.079.06:16:01;"
2026.079.06:16:01;"# ### Block for M87 scan 26 '079-0621' at 2026.079.06:21:00 in 180s #############
2026.079.06:18:00;"source('M87',cats='user'); go(); track()
2026.079.06:18:00;"reply from APECS: OK
2026.079.06:18:01;"reply from APECS: (timeout)
2026.079.06:18:25;"vlbi_tsys()
2026.079.06:18:25;"reply from APECS: OK
2026.079.06:18:25;"reply from APECS: OK
2026.079.06:18:26;"reply from APECS: (timeout)
2026.079.06:19:50;"vlbi_reference_scan()
2026.079.06:19:51;"reply from APECS: (timeout)
2026.079.06:19:51;"#                      gap        max ~0 min 35 sec
2026.079.06:21:00;"vlbi_scan(t_mins=4,targetSource='M87')
2026.079.06:21:00;"reply from APECS: OK
2026.079.06:21:01;"reply from APECS: (timeout)
2026.079.06:21:01;"#     scan ends at 2026.079.06:25:00
2026.079.06:21:01;"
2026.079.06:21:01;"# ### Block for M87 scan 27 '079-0628' at 2026.079.06:28:00 in 180s #############
2026.079.06:25:00;"source('M87',cats='user'); go(); track()
2026.079.06:25:00;"reply from APECS: OK
2026.079.06:25:01;"reply from APECS: (timeout)
2026.079.06:25:25;"vlbi_tsys()
2026.079.06:25:25;"reply from APECS: OK
2026.079.06:25:25;"reply from APECS: OK
2026.079.06:25:26;"reply from APECS: (timeout)
2026.079.06:26:50;"vlbi_reference_scan()
2026.079.06:26:51;"reply from APECS: (timeout)
2026.079.06:26:51;"#                      gap        max ~0 min 35 sec
2026.079.06:28:00;"vlbi_scan(t_mins=4,targetSource='M87')
2026.079.06:28:00;"reply from APECS: OK
2026.079.06:28:01;"reply from APECS: (timeout)
2026.079.06:28:01;"#     scan ends at 2026.079.06:32:00
2026.079.06:28:01;"
2026.079.06:28:01;"# ### Block for J1337-1257 scan 28 '079-0642' at 2026.079.06:42:00 in 600s ######
2026.079.06:28:01;"#
2026.079.06:28:01;"# OPERATOR free 7 min 35 sec until VLBI calibrations to start at 2026.079.06:39:25
2026.079.06:28:01;"#
2026.079.06:32:00;"print('You have 7 min 35 sec until the next VLBI calibration scan at 2026.079.06:39:25.')
2026.079.06:32:00;"reply from APECS: OK
2026.079.06:32:00;"reply from APECS: OK
2026.079.06:32:01;"reply from APECS: (timeout)
2026.079.06:39:25;"source('J1337-1257',cats='user'); go(); track()
2026.079.06:39:26;"reply from APECS: (timeout)
2026.079.06:39:50;"vlbi_tsys()
2026.079.06:39:50;"reply from APECS: OK
2026.079.06:39:50;"reply from APECS: OK
2026.079.06:39:51;"reply from APECS: (timeout)
2026.079.06:41:15;"vlbi_reference_scan()
2026.079.06:41:16;"reply from APECS: (timeout)
2026.079.06:41:16;"#                      gap        max ~0 min 10 sec
2026.079.06:42:00;"vlbi_scan(t_mins=2,targetSource='J1337-1257')
2026.079.06:42:00;"reply from APECS: OK
2026.079.06:42:01;"reply from APECS: (timeout)
2026.079.06:42:01;"#     scan ends at 2026.079.06:44:00
2026.079.06:42:01;"
2026.079.06:42:01;"# ### Block for 3C273 scan 29 '079-0649' at 2026.079.06:49:00 in 300s ###########
2026.079.06:46:25;"source('3C273',cats='user'); go(); track()
2026.079.06:46:25;"reply from APECS: OK
2026.079.06:46:26;"reply from APECS: (timeout)
2026.079.06:46:50;"vlbi_tsys()
2026.079.06:46:50;"reply from APECS: OK
2026.079.06:46:50;"reply from APECS: OK
2026.079.06:46:51;"reply from APECS: (timeout)
2026.079.06:48:15;"vlbi_reference_scan()
2026.079.06:48:16;"reply from APECS: (timeout)
2026.079.06:48:16;"#                      gap        max ~0 min 10 sec
2026.079.06:49:00;"vlbi_scan(t_mins=2,targetSource='3C273')
2026.079.06:49:00;"reply from APECS: OK
2026.079.06:49:01;"reply from APECS: (timeout)
2026.079.06:49:01;"#     scan ends at 2026.079.06:51:00
2026.079.06:49:01;"
2026.079.06:49:01;"# ### Block for M87 scan 30 '079-0654' at 2026.079.06:54:00 in 180s #############
2026.079.06:51:00;"source('M87',cats='user'); go(); track()
2026.079.06:51:00;"reply from APECS: OK
2026.079.06:51:01;"reply from APECS: (timeout)
2026.079.06:51:25;"vlbi_tsys()
2026.079.06:51:25;"reply from APECS: OK
2026.079.06:51:25;"reply from APECS: OK
2026.079.06:51:26;"reply from APECS: (timeout)
2026.079.06:52:50;"vlbi_reference_scan()
2026.079.06:52:51;"reply from APECS: (timeout)
2026.079.06:52:51;"#                      gap        max ~0 min 35 sec
2026.079.06:54:00;"vlbi_scan(t_mins=4,targetSource='M87')
2026.079.06:54:00;"reply from APECS: OK
2026.079.06:54:01;"reply from APECS: (timeout)
2026.079.06:54:01;"#     scan ends at 2026.079.06:58:00
2026.079.06:54:01;"
2026.079.06:54:01;"# ### Block for 3C279 scan 31 '079-0704' at 2026.079.07:04:00 in 360s ###########
2026.079.07:01:25;"source('3C279',cats='user'); go(); track()
2026.079.07:01:25;"reply from APECS: OK
2026.079.07:01:26;"reply from APECS: (timeout)
2026.079.07:01:50;"vlbi_tsys()
2026.079.07:01:50;"reply from APECS: OK
2026.079.07:01:50;"reply from APECS: OK
2026.079.07:01:51;"reply from APECS: (timeout)
2026.079.07:03:15;"vlbi_reference_scan()
2026.079.07:03:16;"reply from APECS: (timeout)
2026.079.07:03:16;"#                      gap        max ~0 min 10 sec
2026.079.07:04:00;"vlbi_scan(t_mins=2,targetSource='3C279')
2026.079.07:04:00;"reply from APECS: OK
2026.079.07:04:01;"reply from APECS: (timeout)
2026.079.07:04:01;"#     scan ends at 2026.079.07:06:00
2026.079.07:04:01;"
2026.079.07:04:01;"# ### Block for M87 scan 32 '079-0711' at 2026.079.07:11:00 in 300s #############
2026.079.07:08:25;"source('M87',cats='user'); go(); track()
2026.079.07:08:25;"reply from APECS: OK
2026.079.07:08:26;"reply from APECS: (timeout)
2026.079.07:08:50;"vlbi_tsys()
2026.079.07:08:50;"reply from APECS: OK
2026.079.07:08:50;"reply from APECS: OK
2026.079.07:08:51;"reply from APECS: (timeout)
2026.079.07:10:15;"vlbi_reference_scan()
2026.079.07:10:16;"reply from APECS: (timeout)
2026.079.07:10:16;"#                      gap        max ~0 min 10 sec
2026.079.07:11:00;"vlbi_scan(t_mins=4,targetSource='M87')
2026.079.07:11:00;"reply from APECS: OK
2026.079.07:11:01;"reply from APECS: (timeout)
2026.079.07:11:01;"#     scan ends at 2026.079.07:15:00
2026.079.07:11:01;"
2026.079.07:11:01;"# ### Block for 3C279 scan 33 '079-0724' at 2026.079.07:24:00 in 540s ###########
2026.079.07:11:01;"#
2026.079.07:11:01;"# OPERATOR free 6 min 35 sec until VLBI calibrations to start at 2026.079.07:21:25
2026.079.07:11:01;"#
2026.079.07:15:00;"print('You have 6 min 35 sec until the next VLBI calibration scan at 2026.079.07:21:25.')
2026.079.07:15:00;"reply from APECS: OK
2026.079.07:15:00;"reply from APECS: OK
2026.079.07:15:01;"reply from APECS: (timeout)
2026.079.07:21:25;"source('3C279',cats='user'); go(); track()
2026.079.07:21:26;"reply from APECS: (timeout)
2026.079.07:21:50;"vlbi_tsys()
2026.079.07:21:50;"reply from APECS: OK
2026.079.07:21:50;"reply from APECS: OK
2026.079.07:21:51;"reply from APECS: (timeout)
2026.079.07:23:15;"vlbi_reference_scan()
2026.079.07:23:16;"reply from APECS: (timeout)
2026.079.07:23:16;"#                      gap        max ~0 min 10 sec
2026.079.07:24:00;"vlbi_scan(t_mins=2,targetSource='3C279')
2026.079.07:24:00;"reply from APECS: OK
2026.079.07:24:01;"reply from APECS: (timeout)
2026.079.07:24:01;"#     scan ends at 2026.079.07:26:00
2026.079.07:24:01;"
2026.079.07:24:01;"# ### Block for M87 scan 34 '079-0729' at 2026.079.07:29:00 in 180s #############
2026.079.07:26:00;"source('M87',cats='user'); go(); track()
2026.079.07:26:00;"reply from APECS: OK
2026.079.07:26:01;"reply from APECS: (timeout)
2026.079.07:26:25;"vlbi_tsys()
2026.079.07:26:25;"reply from APECS: OK
2026.079.07:26:25;"reply from APECS: OK
2026.079.07:26:26;"reply from APECS: (timeout)
2026.079.07:27:50;"vlbi_reference_scan()
2026.079.07:27:51;"reply from APECS: (timeout)
2026.079.07:27:51;"#                      gap        max ~0 min 35 sec
2026.079.07:29:00;"vlbi_scan(t_mins=4,targetSource='M87')
2026.079.07:29:00;"reply from APECS: OK
2026.079.07:29:01;"reply from APECS: (timeout)
2026.079.07:29:01;"#     scan ends at 2026.079.07:33:00
2026.079.07:29:01;"
2026.079.07:29:01;"# ### Block for 3C279 scan 35 '079-0741' at 2026.079.07:41:00 in 480s ###########
2026.079.07:38:25;"source('3C279',cats='user'); go(); track()
2026.079.07:38:25;"reply from APECS: OK
2026.079.07:38:26;"reply from APECS: (timeout)
2026.079.07:38:50;"vlbi_tsys()
2026.079.07:38:50;"reply from APECS: OK
2026.079.07:38:50;"reply from APECS: OK
2026.079.07:38:51;"reply from APECS: (timeout)
2026.079.07:40:15;"vlbi_reference_scan()
2026.079.07:40:16;"reply from APECS: (timeout)
2026.079.07:40:16;"#                      gap        max ~0 min 10 sec
2026.079.07:41:00;"vlbi_scan(t_mins=2,targetSource='3C279')
2026.079.07:41:00;"reply from APECS: OK
2026.079.07:41:01;"reply from APECS: (timeout)
2026.079.07:41:01;"#     scan ends at 2026.079.07:43:00
2026.079.07:41:01;"
2026.079.07:41:01;"# ### Block for J1337-1257 scan 36 '079-0745' at 2026.079.07:45:00 in 120s ######
2026.079.07:43:00;"source('J1337-1257',cats='user'); go(); track()
2026.079.07:43:00;"reply from APECS: OK
2026.079.07:43:01;"reply from APECS: (timeout)
2026.079.07:43:25;"vlbi_tsys()
2026.079.07:43:25;"reply from APECS: OK
2026.079.07:43:25;"reply from APECS: OK
2026.079.07:43:26;"reply from APECS: (timeout)
2026.079.07:43:26;"#                      gap        max ~0 min 10 sec
2026.079.07:45:00;"vlbi_scan(t_mins=2,targetSource='J1337-1257')
2026.079.07:45:01;"reply from APECS: (timeout)
2026.079.07:45:01;"#     scan ends at 2026.079.07:47:00
2026.079.07:45:01;"
2026.079.07:45:01;"# ### Block for M87 scan 37 '079-0751' at 2026.079.07:51:00 in 240s #############
2026.079.07:48:25;"source('M87',cats='user'); go(); track()
2026.079.07:48:25;"reply from APECS: OK
2026.079.07:48:26;"reply from APECS: (timeout)
2026.079.07:48:50;"vlbi_tsys()
2026.079.07:48:50;"reply from APECS: OK
2026.079.07:48:50;"reply from APECS: OK
2026.079.07:48:51;"reply from APECS: (timeout)
2026.079.07:50:15;"vlbi_reference_scan()
2026.079.07:50:16;"reply from APECS: (timeout)
2026.079.07:50:16;"#                      gap        max ~0 min 10 sec
2026.079.07:51:00;"vlbi_scan(t_mins=4,targetSource='M87')
2026.079.07:51:00;"reply from APECS: OK
2026.079.07:51:01;"reply from APECS: (timeout)
2026.079.07:51:01;"#     scan ends at 2026.079.07:55:00
2026.079.07:51:01;"
2026.079.07:51:01;"# ### Block for 3C273 scan 38 '079-0803' at 2026.079.08:03:00 in 480s ###########
2026.079.08:00:25;"source('3C273',cats='user'); go(); track()
2026.079.08:00:25;"reply from APECS: OK
2026.079.08:00:26;"reply from APECS: (timeout)
2026.079.08:00:50;"vlbi_tsys()
2026.079.08:00:50;"reply from APECS: OK
2026.079.08:00:50;"reply from APECS: OK
2026.079.08:00:51;"reply from APECS: (timeout)
2026.079.08:02:15;"vlbi_reference_scan()
2026.079.08:02:16;"reply from APECS: (timeout)
2026.079.08:02:16;"#                      gap        max ~0 min 10 sec
2026.079.08:03:00;"vlbi_scan(t_mins=2,targetSource='3C273')
2026.079.08:03:00;"reply from APECS: OK
2026.079.08:03:01;"reply from APECS: (timeout)
2026.079.08:03:01;"#     scan ends at 2026.079.08:05:00
2026.079.08:03:01;"
2026.079.08:03:01;"# ### Block for M87 scan 39 '079-0808' at 2026.079.08:08:00 in 180s #############
2026.079.08:05:00;"source('M87',cats='user'); go(); track()
2026.079.08:05:00;"reply from APECS: OK
2026.079.08:05:01;"reply from APECS: (timeout)
2026.079.08:05:25;"vlbi_tsys()
2026.079.08:05:25;"reply from APECS: OK
2026.079.08:05:25;"reply from APECS: OK
2026.079.08:05:26;"reply from APECS: (timeout)
2026.079.08:06:50;"vlbi_reference_scan()
2026.079.08:06:51;"reply from APECS: (timeout)
2026.079.08:06:51;"#                      gap        max ~0 min 35 sec
2026.079.08:08:00;"vlbi_scan(t_mins=4,targetSource='M87')
2026.079.08:08:00;"reply from APECS: OK
2026.079.08:08:01;"reply from APECS: (timeout)
2026.079.08:08:01;"#     scan ends at 2026.079.08:12:00
2026.079.08:08:01;"
2026.079.08:08:01;"# ### Block for 3C279 scan 40 '079-0820' at 2026.079.08:20:00 in 480s ###########
2026.079.08:17:25;"source('3C279',cats='user'); go(); track()
2026.079.08:17:25;"reply from APECS: OK
2026.079.08:17:26;"reply from APECS: (timeout)
2026.079.08:17:50;"vlbi_tsys()
2026.079.08:17:50;"reply from APECS: OK
2026.079.08:17:50;"reply from APECS: OK
2026.079.08:17:51;"reply from APECS: (timeout)
2026.079.08:19:15;"vlbi_reference_scan()
2026.079.08:19:16;"reply from APECS: (timeout)
2026.079.08:19:16;"#                      gap        max ~0 min 10 sec
2026.079.08:20:00;"vlbi_scan(t_mins=2,targetSource='3C279')
2026.079.08:20:00;"reply from APECS: OK
2026.079.08:20:01;"reply from APECS: (timeout)
2026.079.08:20:01;"#     scan ends at 2026.079.08:22:00
2026.079.08:20:01;"
2026.079.08:20:01;"# ### Block for M87 scan 41 '079-0825' at 2026.079.08:25:00 in 180s #############
2026.079.08:22:00;"source('M87',cats='user'); go(); track()
2026.079.08:22:00;"reply from APECS: OK
2026.079.08:22:01;"reply from APECS: (timeout)
2026.079.08:22:25;"vlbi_tsys()
2026.079.08:22:25;"reply from APECS: OK
2026.079.08:22:25;"reply from APECS: OK
2026.079.08:22:26;"reply from APECS: (timeout)
2026.079.08:23:50;"vlbi_reference_scan()
2026.079.08:23:51;"reply from APECS: (timeout)
2026.079.08:23:51;"#                      gap        max ~0 min 35 sec
2026.079.08:25:00;"vlbi_scan(t_mins=4,targetSource='M87')
2026.079.08:25:00;"reply from APECS: OK
2026.079.08:25:01;"reply from APECS: (timeout)
2026.079.08:25:01;"#     scan ends at 2026.079.08:29:00
2026.079.08:25:01;"
2026.079.08:25:01;"# ### Block for J1337-1257 scan 42 '079-0832' at 2026.079.08:32:00 in 200s ######
2026.079.08:29:00;"source('J1337-1257',cats='user'); go(); track()
2026.079.08:29:00;"reply from APECS: OK
2026.079.08:29:01;"reply from APECS: (timeout)
2026.079.08:29:25;"vlbi_tsys()
2026.079.08:29:25;"reply from APECS: OK
2026.079.08:29:25;"reply from APECS: OK
2026.079.08:29:26;"reply from APECS: (timeout)
2026.079.08:30:50;"vlbi_reference_scan()
2026.079.08:30:51;"reply from APECS: (timeout)
2026.079.08:30:51;"#                      gap        max ~0 min 35 sec
2026.079.08:32:00;"vlbi_scan(t_mins=2,targetSource='J1337-1257')
2026.079.08:32:00;"reply from APECS: OK
2026.079.08:32:01;"reply from APECS: (timeout)
2026.079.08:32:01;"#     scan ends at 2026.079.08:34:00
2026.079.08:32:01;"
2026.079.08:32:01;"
2026.079.08:32:01;"# Finished VLBI schedule
2026.079.08:34:15;"vlbi_tone(enable=False)
2026.079.08:34:15;"reply from APECS: OK
2026.079.08:34:15;"reply from APECS: OK
2026.079.08:34:16;"reply from APECS: (timeout)
2026.079.08:34:30;"remote_control('off')
2026.079.08:34:30;"reply from APECS: OK
2026.079.08:34:31;"reply from APECS: (timeout)
2026.079.08:34:31;"################################################################################
2026.079.08:34:31;"### end of schedule
2026.079.08:34:31;"################################################################################
