2026.079.04:56:12;"----------| START OF off.apecs.obs |----------
2026.079.04:56:12;"Using TAI-UTC offset of +37 seconds
2026.079.04:56:19;"----------| USER-REQUESTED STOP OF  off.apecs.obs |----------
2026.079.04:56:32;"----------| START OF off.apecs.obs |----------
2026.079.04:56:32;"Using TAI-UTC offset of +37 seconds
2026.079.04:56:32;"#
2026.079.04:56:42;"----------| USER-REQUESTED STOP OF  off.apecs.obs |----------
2026.079.04:56:43;"----------| START OF off.apecs.obs |----------
2026.079.04:56:43;"Using TAI-UTC offset of +37 seconds
2026.079.04:56:43;"#
2026.079.04:56:45;"----------| USER-REQUESTED STOP OF  off.apecs.obs |----------
2026.079.04:57:20;"----------| START OF off.apecs.obs |----------
2026.079.04:57:20;"Using TAI-UTC offset of +37 seconds
2026.079.04:57:20;"#
2026.079.04:57:20;"remote_control('off')
2026.079.04:57:21;"reply from APECS: (timeout)
2026.079.04:57:23;"################################################################################
2026.079.04:57:23;"### end of schedule
2026.079.04:57:23;"################################################################################
2026.079.04:57:45;"----------| START OF off.apecs.obs |----------
2026.079.04:57:45;"Using TAI-UTC offset of +37 seconds
2026.079.04:57:45;"#
2026.079.04:57:45;"remote_control('off')
2026.079.04:57:46;"reply from APECS: (timeout)
2026.079.04:57:48;"################################################################################
2026.079.04:57:48;"### end of schedule
2026.079.04:57:48;"################################################################################
2026.079.04:57:50;"----------| START OF off.apecs.obs |----------
2026.079.04:57:50;"Using TAI-UTC offset of +37 seconds
2026.079.04:57:50;"#
2026.079.04:57:50;"remote_control('off')
2026.079.04:57:51;"reply from APECS: (timeout)
2026.079.04:57:53;"################################################################################
2026.079.04:57:53;"### end of schedule
2026.079.04:57:53;"################################################################################
2026.079.05:04:40;"----------| START OF off.apecs.obs |----------
2026.079.05:04:40;"Using TAI-UTC offset of +37 seconds
2026.079.05:04:40;"#
2026.079.05:04:40;"remote_control('off')
2026.079.05:04:41;"reply from APECS: (timeout)
2026.079.05:04:43;"################################################################################
2026.079.05:04:43;"### end of schedule
2026.079.05:04:43;"################################################################################
