2024.286.03:50:49;"----------| START OF c242c.apecs.obs |----------
2024.286.03:50:49;"Using TAI-UTC offset of +37 seconds
2024.286.03:50:49;"#
2024.286.03:50:49;"# APEX observing script for station Ax from file vexfiles/staging/c242c.vex
2024.286.03:50:49;"# File created on 2024.281.21:57:44 UT
2024.286.03:50:49;"#
2024.286.03:50:49;"# Columns: 1) Start time 2) Duration in seconds 3) APECS command
2024.286.03:50:49;"# Details on the columns:
2024.286.03:50:49;"#    1) @always, or UT date-time in a 2015.016.06:42:40 format (yyyy.doy.hh:mm:ss)
2024.286.03:50:49;"#         modifiers: !2015.016.06:42:40 to not skip command even if start time already is past
2024.286.03:50:49;"#    2) estimated duration of the command in seconds
2024.286.03:50:49;"#    3) APECS command and parameters to execute. If the command includes whitespace.
2024.286.03:50:49;"#       Commands include, e.g.: tsys(), interactive("message"), tracksource("sourcename"), ...
2024.286.03:50:49;"#
2024.286.03:50:49;"# At time              Duration   Command
2024.286.03:50:49;"execfile('vlbi-N3AR90_commands.py')
2024.286.03:50:50;"reply from APECS: (timeout)
2024.286.03:50:52;"
2024.286.03:50:52;"# ### Block for 3C84 scan 1 'No0135' at 2024.286.04:07:00 in 200s ###############
2024.286.04:03:40;"source('3C84',cats='user'); go(); track()
2024.286.04:03:41;"reply from APECS: (timeout)
2024.286.04:04:05;"vlbi_tsys()
2024.286.04:04:06;"reply from APECS: (timeout)
2024.286.04:05:30;"vlbi_reference_scan()
2024.286.04:05:31;"reply from APECS: (timeout)
2024.286.04:05:31;"#                      gap        max ~0 min 55 sec
2024.286.04:07:00;"vlbi_scan(t_mins=6,targetSource='3C84')
2024.286.04:07:01;"reply from APECS: (timeout)
2024.286.04:07:01;"#     scan ends at 2024.286.04:13:00
2024.286.04:07:01;"
2024.286.04:07:01;"# ### Block for UGC2783 scan 2 'No0136' at 2024.286.04:14:40 in 100s ############
2024.286.04:13:00;"source('UGC2783',cats='user'); go(); track()
2024.286.04:13:01;"reply from APECS: (timeout)
2024.286.04:13:25;"vlbi_tsys(mode_='HOT',time_s=5)
2024.286.04:13:25;"reply from APECS: OK
2024.286.04:13:25;"reply from APECS: OK
2024.286.04:13:26;"reply from APECS: (timeout)
2024.286.04:13:52;"vlbi_reference_scan()
2024.286.04:13:53;"reply from APECS: (timeout)
2024.286.04:13:53;"#                      gap        max ~0 min 13 sec
2024.286.04:14:40;"vlbi_scan(t_mins=6,targetSource='UGC2783')
2024.286.04:14:40;"reply from APECS: OK
2024.286.04:14:41;"reply from APECS: (timeout)
2024.286.04:14:41;"#     scan ends at 2024.286.04:20:40
2024.286.04:14:41;"
2024.286.04:14:41;"# ### Block for UGC2783 scan 3 'No0137' at 2024.286.04:22:20 in 100s ############
2024.286.04:20:40;"vlbi_tsys()
2024.286.04:20:40;"reply from APECS: OK
2024.286.04:20:40;"reply from APECS: OK
2024.286.04:20:41;"reply from APECS: (timeout)
2024.286.04:20:41;"#                      gap        max ~0 min 15 sec
2024.286.04:22:20;"vlbi_scan(t_mins=6,targetSource='UGC2783')
2024.286.04:22:21;"reply from APECS: (timeout)
2024.286.04:22:21;"#     scan ends at 2024.286.04:28:20
2024.286.04:22:21;"
2024.286.04:22:21;"# ### Block for 3C84 scan 4 'No0142' at 2024.286.04:35:00 in 400s ###############
2024.286.04:32:25;"source('3C84',cats='user'); go(); track()
2024.286.04:32:25;"reply from APECS: OK
2024.286.04:32:26;"reply from APECS: (timeout)
2024.286.04:32:50;"vlbi_tsys()
2024.286.04:32:50;"reply from APECS: OK
2024.286.04:32:50;"reply from APECS: OK
2024.286.04:32:51;"reply from APECS: (timeout)
2024.286.04:34:15;"vlbi_reference_scan()
2024.286.04:34:16;"reply from APECS: (timeout)
2024.286.04:34:16;"#                      gap        max ~0 min 10 sec
2024.286.04:35:00;"vlbi_scan(t_mins=3,targetSource='3C84')
2024.286.04:35:00;"reply from APECS: OK
2024.286.04:35:01;"reply from APECS: (timeout)
2024.286.04:35:01;"#     scan ends at 2024.286.04:38:00
2024.286.04:35:01;"
2024.286.04:35:01;"# ### Block for NGC1218 scan 5 'No0143' at 2024.286.04:41:00 in 180s ############
2024.286.04:38:00;"source('NGC1218',cats='user'); go(); track()
2024.286.04:38:00;"reply from APECS: OK
2024.286.04:38:01;"reply from APECS: (timeout)
2024.286.04:38:25;"vlbi_tsys()
2024.286.04:38:25;"reply from APECS: OK
2024.286.04:38:25;"reply from APECS: OK
2024.286.04:38:26;"reply from APECS: (timeout)
2024.286.04:39:50;"vlbi_reference_scan()
2024.286.04:39:51;"reply from APECS: (timeout)
2024.286.04:39:51;"#                      gap        max ~0 min 35 sec
2024.286.04:41:00;"vlbi_scan(t_mins=5,targetSource='NGC1218')
2024.286.04:41:00;"reply from APECS: OK
2024.286.04:41:01;"reply from APECS: (timeout)
2024.286.04:41:01;"#     scan ends at 2024.286.04:46:00
2024.286.04:41:01;"
2024.286.04:41:01;"# ### Block for NGC1218 scan 6 'No0144' at 2024.286.04:47:30 in 90s #############
2024.286.04:46:00;"vlbi_tsys()
2024.286.04:46:00;"reply from APECS: OK
2024.286.04:46:00;"reply from APECS: OK
2024.286.04:46:01;"reply from APECS: (timeout)
2024.286.04:46:01;"#                      gap        max ~0 min 05 sec
2024.286.04:47:30;"vlbi_scan(t_mins=5,targetSource='NGC1218')
2024.286.04:47:31;"reply from APECS: (timeout)
2024.286.04:47:31;"#     scan ends at 2024.286.04:52:30
2024.286.04:47:31;"
2024.286.04:47:31;"# ### Block for 3C84 scan 7 'No0156' at 2024.286.05:35:00 in 2550s ##############
2024.286.04:47:31;"#
2024.286.04:47:31;"# OPERATOR free 40 min 05 sec until VLBI calibrations to start at 2024.286.05:32:25
2024.286.04:47:31;"#
2024.286.04:52:30;"print('You have 40 min 05 sec until the next VLBI calibration scan at 2024.286.05:32:25.')
2024.286.04:52:30;"reply from APECS: OK
2024.286.04:52:30;"reply from APECS: OK
2024.286.04:52:31;"reply from APECS: (timeout)
2024.286.05:32:25;"source('3C84',cats='user'); go(); track()
2024.286.05:32:26;"reply from APECS: (timeout)
2024.286.05:32:50;"vlbi_tsys()
2024.286.05:32:50;"reply from APECS: OK
2024.286.05:32:50;"reply from APECS: OK
2024.286.05:32:51;"reply from APECS: (timeout)
2024.286.05:34:15;"vlbi_reference_scan()
2024.286.05:34:16;"reply from APECS: (timeout)
2024.286.05:34:16;"#                      gap        max ~0 min 10 sec
2024.286.05:35:00;"vlbi_scan(t_mins=3,targetSource='3C84')
2024.286.05:35:00;"reply from APECS: OK
2024.286.05:35:01;"reply from APECS: (timeout)
2024.286.05:35:01;"#     scan ends at 2024.286.05:38:00
2024.286.05:35:01;"
2024.286.05:35:01;"# ### Block for NGC1218 scan 8 'No0157' at 2024.286.05:41:00 in 180s ############
2024.286.05:38:00;"source('NGC1218',cats='user'); go(); track()
2024.286.05:38:00;"reply from APECS: OK
2024.286.05:38:01;"reply from APECS: (timeout)
2024.286.05:38:25;"vlbi_tsys()
2024.286.05:38:25;"reply from APECS: OK
2024.286.05:38:25;"reply from APECS: OK
2024.286.05:38:26;"reply from APECS: (timeout)
2024.286.05:39:50;"vlbi_reference_scan()
2024.286.05:39:51;"reply from APECS: (timeout)
2024.286.05:39:51;"#                      gap        max ~0 min 35 sec
2024.286.05:41:00;"vlbi_scan(t_mins=6,targetSource='NGC1218')
2024.286.05:41:00;"reply from APECS: OK
2024.286.05:41:01;"reply from APECS: (timeout)
2024.286.05:41:01;"#     scan ends at 2024.286.05:47:00
2024.286.05:41:01;"
2024.286.05:41:01;"# ### Block for NGC1218 scan 9 'No0158' at 2024.286.05:48:30 in 90s #############
2024.286.05:47:00;"vlbi_tsys()
2024.286.05:47:00;"reply from APECS: OK
2024.286.05:47:00;"reply from APECS: OK
2024.286.05:47:01;"reply from APECS: (timeout)
2024.286.05:47:01;"#                      gap        max ~0 min 05 sec
2024.286.05:48:30;"vlbi_scan(t_mins=6,targetSource='NGC1218')
2024.286.05:48:31;"reply from APECS: (timeout)
2024.286.05:48:31;"#     scan ends at 2024.286.05:54:30
2024.286.05:48:31;"
2024.286.05:48:31;"# ### Block for 3C84 scan 10 'No0163' at 2024.286.06:02:00 in 450s ##############
2024.286.05:59:25;"source('3C84',cats='user'); go(); track()
2024.286.05:59:25;"reply from APECS: OK
2024.286.05:59:26;"reply from APECS: (timeout)
2024.286.05:59:50;"vlbi_tsys()
2024.286.05:59:50;"reply from APECS: OK
2024.286.05:59:50;"reply from APECS: OK
2024.286.05:59:51;"reply from APECS: (timeout)
2024.286.06:01:15;"vlbi_reference_scan()
2024.286.06:01:16;"reply from APECS: (timeout)
2024.286.06:01:16;"#                      gap        max ~0 min 10 sec
2024.286.06:02:00;"vlbi_scan(t_mins=3,targetSource='3C84')
2024.286.06:02:00;"reply from APECS: OK
2024.286.06:02:01;"reply from APECS: (timeout)
2024.286.06:02:01;"#     scan ends at 2024.286.06:05:00
2024.286.06:02:01;"
2024.286.06:02:01;"# ### Block for UGC2783 scan 11 'No0164' at 2024.286.06:06:40 in 100s ###########
2024.286.06:05:00;"source('UGC2783',cats='user'); go(); track()
2024.286.06:05:00;"reply from APECS: OK
2024.286.06:05:01;"reply from APECS: (timeout)
2024.286.06:05:25;"vlbi_tsys(mode_='HOT',time_s=5)
2024.286.06:05:25;"reply from APECS: OK
2024.286.06:05:25;"reply from APECS: OK
2024.286.06:05:26;"reply from APECS: (timeout)
2024.286.06:05:52;"vlbi_reference_scan()
2024.286.06:05:53;"reply from APECS: (timeout)
2024.286.06:05:53;"#                      gap        max ~0 min 13 sec
2024.286.06:06:40;"vlbi_scan(t_mins=5,targetSource='UGC2783')
2024.286.06:06:40;"reply from APECS: OK
2024.286.06:06:41;"reply from APECS: (timeout)
2024.286.06:06:41;"#     scan ends at 2024.286.06:11:40
2024.286.06:06:41;"
2024.286.06:06:41;"# ### Block for UGC2783 scan 12 'No0165' at 2024.286.06:13:00 in 80s ############
2024.286.06:11:40;"vlbi_tsys(mode_='HOT',time_s=5)
2024.286.06:11:40;"reply from APECS: OK
2024.286.06:11:40;"reply from APECS: OK
2024.286.06:11:41;"reply from APECS: (timeout)
2024.286.06:12:07;"vlbi_reference_scan()
2024.286.06:12:08;"reply from APECS: (timeout)
2024.286.06:12:08;"#                      gap        max ~0 min 18 sec
2024.286.06:13:00;"vlbi_scan(t_mins=5,targetSource='UGC2783')
2024.286.06:13:00;"reply from APECS: OK
2024.286.06:13:01;"reply from APECS: (timeout)
2024.286.06:13:01;"#     scan ends at 2024.286.06:18:00
2024.286.06:13:01;"
2024.286.06:13:01;"# ### Block for 3C84 scan 13 'No0191' at 2024.286.07:35:00 in 4620s #############
2024.286.06:13:01;"#
2024.286.06:13:01;"# OPERATOR free 74 min 35 sec until VLBI calibrations to start at 2024.286.07:32:25
2024.286.06:13:01;"#
2024.286.06:18:00;"print('You have 74 min 35 sec until the next VLBI calibration scan at 2024.286.07:32:25.')
2024.286.06:18:00;"reply from APECS: OK
2024.286.06:18:00;"reply from APECS: OK
2024.286.06:18:01;"reply from APECS: (timeout)
2024.286.07:32:25;"source('3C84',cats='user'); go(); track()
2024.286.07:32:26;"reply from APECS: (timeout)
2024.286.07:32:50;"vlbi_tsys()
2024.286.07:32:50;"reply from APECS: OK
2024.286.07:32:50;"reply from APECS: OK
2024.286.07:32:51;"reply from APECS: (timeout)
2024.286.07:34:15;"vlbi_reference_scan()
2024.286.07:34:16;"reply from APECS: (timeout)
2024.286.07:34:16;"#                      gap        max ~0 min 10 sec
2024.286.07:35:00;"vlbi_scan(t_mins=3,targetSource='3C84')
2024.286.07:35:00;"reply from APECS: OK
2024.286.07:35:01;"reply from APECS: (timeout)
2024.286.07:35:01;"#     scan ends at 2024.286.07:38:00
2024.286.07:35:01;"
2024.286.07:35:01;"# ### Block for 0723-008 scan 14 'No0192' at 2024.286.07:50:00 in 720s ##########
2024.286.07:35:01;"#
2024.286.07:35:01;"# OPERATOR free 9 min 35 sec until VLBI calibrations to start at 2024.286.07:47:25
2024.286.07:35:01;"#
2024.286.07:38:00;"print('You have 9 min 35 sec until the next VLBI calibration scan at 2024.286.07:47:25.')
2024.286.07:38:00;"reply from APECS: OK
2024.286.07:38:00;"reply from APECS: OK
2024.286.07:38:01;"reply from APECS: (timeout)
2024.286.07:47:25;"source('0723-008',cats='user'); go(); track()
2024.286.07:47:26;"reply from APECS: (timeout)
2024.286.07:47:50;"vlbi_tsys()
2024.286.07:47:50;"reply from APECS: OK
2024.286.07:47:50;"reply from APECS: OK
2024.286.07:47:51;"reply from APECS: (timeout)
2024.286.07:49:15;"vlbi_reference_scan()
2024.286.07:49:16;"reply from APECS: (timeout)
2024.286.07:49:16;"#                      gap        max ~0 min 10 sec
2024.286.07:50:00;"vlbi_scan(t_mins=3,targetSource='0723-008')
2024.286.07:50:00;"reply from APECS: OK
2024.286.07:50:01;"reply from APECS: (timeout)
2024.286.07:50:01;"#     scan ends at 2024.286.07:53:00
2024.286.07:50:01;"
2024.286.07:50:01;"# ### Block for 3C218 scan 15 'No0193' at 2024.286.07:56:00 in 180s #############
2024.286.07:53:00;"source('3C218',cats='user'); go(); track()
2024.286.07:53:00;"reply from APECS: OK
2024.286.07:53:01;"reply from APECS: (timeout)
2024.286.07:53:25;"vlbi_tsys()
2024.286.07:53:25;"reply from APECS: OK
2024.286.07:53:25;"reply from APECS: OK
2024.286.07:53:26;"reply from APECS: (timeout)
2024.286.07:54:50;"vlbi_reference_scan()
2024.286.07:54:51;"reply from APECS: (timeout)
2024.286.07:54:51;"#                      gap        max ~0 min 35 sec
2024.286.07:56:00;"vlbi_scan(t_mins=6,targetSource='3C218')
2024.286.07:56:00;"reply from APECS: OK
2024.286.07:56:01;"reply from APECS: (timeout)
2024.286.07:56:01;"#     scan ends at 2024.286.08:02:00
2024.286.07:56:01;"
2024.286.07:56:01;"# ### Block for 3C218 scan 16 'No0194' at 2024.286.08:03:20 in 80s ##############
2024.286.08:02:00;"vlbi_tsys(mode_='HOT',time_s=5)
2024.286.08:02:00;"reply from APECS: OK
2024.286.08:02:00;"reply from APECS: OK
2024.286.08:02:01;"reply from APECS: (timeout)
2024.286.08:02:27;"vlbi_reference_scan()
2024.286.08:02:28;"reply from APECS: (timeout)
2024.286.08:02:28;"#                      gap        max ~0 min 18 sec
2024.286.08:03:20;"vlbi_scan(t_mins=6,targetSource='3C218')
2024.286.08:03:20;"reply from APECS: OK
2024.286.08:03:21;"reply from APECS: (timeout)
2024.286.08:03:21;"#     scan ends at 2024.286.08:09:20
2024.286.08:03:21;"
2024.286.08:03:21;"# ### Block for 0723-008 scan 17 'No0206' at 2024.286.08:17:00 in 460s ##########
2024.286.08:14:25;"source('0723-008',cats='user'); go(); track()
2024.286.08:14:25;"reply from APECS: OK
2024.286.08:14:26;"reply from APECS: (timeout)
2024.286.08:14:50;"vlbi_tsys()
2024.286.08:14:50;"reply from APECS: OK
2024.286.08:14:50;"reply from APECS: OK
2024.286.08:14:51;"reply from APECS: (timeout)
2024.286.08:16:15;"vlbi_reference_scan()
2024.286.08:16:16;"reply from APECS: (timeout)
2024.286.08:16:16;"#                      gap        max ~0 min 10 sec
2024.286.08:17:00;"vlbi_scan(t_mins=3,targetSource='0723-008')
2024.286.08:17:00;"reply from APECS: OK
2024.286.08:17:01;"reply from APECS: (timeout)
2024.286.08:17:01;"#     scan ends at 2024.286.08:20:00
2024.286.08:17:01;"
2024.286.08:17:01;"# ### Block for 3C218 scan 18 'No0207' at 2024.286.08:23:00 in 180s #############
2024.286.08:20:00;"source('3C218',cats='user'); go(); track()
2024.286.08:20:00;"reply from APECS: OK
2024.286.08:20:01;"reply from APECS: (timeout)
2024.286.08:20:25;"vlbi_tsys()
2024.286.08:20:25;"reply from APECS: OK
2024.286.08:20:25;"reply from APECS: OK
2024.286.08:20:26;"reply from APECS: (timeout)
2024.286.08:21:50;"vlbi_reference_scan()
2024.286.08:21:51;"reply from APECS: (timeout)
2024.286.08:21:51;"#                      gap        max ~0 min 35 sec
2024.286.08:23:00;"vlbi_scan(t_mins=6,targetSource='3C218')
2024.286.08:23:00;"reply from APECS: OK
2024.286.08:23:01;"reply from APECS: (timeout)
2024.286.08:23:01;"#     scan ends at 2024.286.08:29:00
2024.286.08:23:01;"
2024.286.08:23:01;"# ### Block for 3C218 scan 19 'No0208' at 2024.286.08:30:20 in 80s ##############
2024.286.08:29:00;"vlbi_tsys(mode_='HOT',time_s=5)
2024.286.08:29:00;"reply from APECS: OK
2024.286.08:29:00;"reply from APECS: OK
2024.286.08:29:01;"reply from APECS: (timeout)
2024.286.08:29:27;"vlbi_reference_scan()
2024.286.08:29:28;"reply from APECS: (timeout)
2024.286.08:29:28;"#                      gap        max ~0 min 18 sec
2024.286.08:30:20;"vlbi_scan(t_mins=6,targetSource='3C218')
2024.286.08:30:20;"reply from APECS: OK
2024.286.08:30:21;"reply from APECS: (timeout)
2024.286.08:30:21;"#     scan ends at 2024.286.08:36:20
2024.286.08:30:21;"
2024.286.08:30:21;"# ### Block for 0420-014 scan 20 'No0233' at 2024.286.09:40:01 in 3821s #########
2024.286.08:30:21;"#
2024.286.08:30:21;"# OPERATOR free 61 min 16 sec until VLBI calibrations to start at 2024.286.09:37:26
2024.286.08:30:21;"#
2024.286.08:36:20;"print('You have 61 min 16 sec until the next VLBI calibration scan at 2024.286.09:37:26.')
2024.286.08:36:20;"reply from APECS: OK
2024.286.08:36:20;"reply from APECS: OK
2024.286.08:36:21;"reply from APECS: (timeout)
2024.286.09:37:26;"source('0420-014',cats='user'); go(); track()
2024.286.09:37:27;"reply from APECS: (timeout)
2024.286.09:37:51;"vlbi_tsys()
2024.286.09:37:51;"reply from APECS: OK
2024.286.09:37:51;"reply from APECS: OK
2024.286.09:37:52;"reply from APECS: (timeout)
2024.286.09:39:16;"vlbi_reference_scan()
2024.286.09:39:17;"reply from APECS: (timeout)
2024.286.09:39:17;"#                      gap        max ~0 min 10 sec
2024.286.09:40:01;"vlbi_scan(t_mins=3,targetSource='0420-014')
2024.286.09:40:01;"reply from APECS: OK
2024.286.09:40:02;"reply from APECS: (timeout)
2024.286.09:40:02;"#     scan ends at 2024.286.09:43:01
2024.286.09:40:02;"
2024.286.09:40:02;"# ### Block for 0420-014 scan 21 'No0234' at 2024.286.09:45:01 in 120s ##########
2024.286.09:43:01;"vlbi_tsys()
2024.286.09:43:01;"reply from APECS: OK
2024.286.09:43:01;"reply from APECS: OK
2024.286.09:43:02;"reply from APECS: (timeout)
2024.286.09:43:02;"#                      gap        max ~0 min 35 sec
2024.286.09:45:01;"vlbi_scan(t_mins=3,targetSource='0420-014')
2024.286.09:45:02;"reply from APECS: (timeout)
2024.286.09:45:02;"#     scan ends at 2024.286.09:48:01
2024.286.09:45:02;"
2024.286.09:45:02;"# ### Block for NGC1218 scan 22 'No0235' at 2024.286.09:49:21 in 80s ############
2024.286.09:48:01;"source('NGC1218',cats='user'); go(); track()
2024.286.09:48:01;"reply from APECS: OK
2024.286.09:48:02;"reply from APECS: (timeout)
2024.286.09:48:26;"vlbi_tsys(mode_='HOT',time_s=5)
2024.286.09:48:26;"reply from APECS: OK
2024.286.09:48:26;"reply from APECS: OK
2024.286.09:48:27;"reply from APECS: (timeout)
2024.286.09:48:27;"#                      gap        max ~0 min 28 sec
2024.286.09:49:21;"vlbi_scan(t_mins=5,targetSource='NGC1218')
2024.286.09:49:22;"reply from APECS: (timeout)
2024.286.09:49:22;"#     scan ends at 2024.286.09:54:21
2024.286.09:49:22;"
2024.286.09:49:22;"# ### Block for 0420-014 scan 23 'No0238' at 2024.286.10:00:01 in 340s ##########
2024.286.09:57:26;"source('0420-014',cats='user'); go(); track()
2024.286.09:57:26;"reply from APECS: OK
2024.286.09:57:27;"reply from APECS: (timeout)
2024.286.09:57:51;"vlbi_tsys()
2024.286.09:57:51;"reply from APECS: OK
2024.286.09:57:51;"reply from APECS: OK
2024.286.09:57:52;"reply from APECS: (timeout)
2024.286.09:59:16;"vlbi_reference_scan()
2024.286.09:59:17;"reply from APECS: (timeout)
2024.286.09:59:17;"#                      gap        max ~0 min 10 sec
2024.286.10:00:01;"vlbi_scan(t_mins=3,targetSource='0420-014')
2024.286.10:00:01;"reply from APECS: OK
2024.286.10:00:02;"reply from APECS: (timeout)
2024.286.10:00:02;"#     scan ends at 2024.286.10:03:01
2024.286.10:00:02;"
2024.286.10:00:02;"# ### Block for NGC1218 scan 24 'No0239' at 2024.286.10:04:21 in 80s ############
2024.286.10:03:01;"source('NGC1218',cats='user'); go(); track()
2024.286.10:03:01;"reply from APECS: OK
2024.286.10:03:02;"reply from APECS: (timeout)
2024.286.10:03:26;"vlbi_tsys(mode_='HOT',time_s=5)
2024.286.10:03:26;"reply from APECS: OK
2024.286.10:03:26;"reply from APECS: OK
2024.286.10:03:27;"reply from APECS: (timeout)
2024.286.10:03:27;"#                      gap        max ~0 min 28 sec
2024.286.10:04:21;"vlbi_scan(t_mins=5,targetSource='NGC1218')
2024.286.10:04:22;"reply from APECS: (timeout)
2024.286.10:04:22;"#     scan ends at 2024.286.10:09:21
2024.286.10:04:22;"
2024.286.10:04:22;"# ### Block for 0420-014 scan 25 'No0245' at 2024.286.10:15:01 in 340s ##########
2024.286.10:12:26;"source('0420-014',cats='user'); go(); track()
2024.286.10:12:26;"reply from APECS: OK
2024.286.10:12:27;"reply from APECS: (timeout)
2024.286.10:12:51;"vlbi_tsys()
2024.286.10:12:51;"reply from APECS: OK
2024.286.10:12:51;"reply from APECS: OK
2024.286.10:12:52;"reply from APECS: (timeout)
2024.286.10:14:16;"vlbi_reference_scan()
2024.286.10:14:17;"reply from APECS: (timeout)
2024.286.10:14:17;"#                      gap        max ~0 min 10 sec
2024.286.10:15:01;"vlbi_scan(t_mins=3,targetSource='0420-014')
2024.286.10:15:01;"reply from APECS: OK
2024.286.10:15:02;"reply from APECS: (timeout)
2024.286.10:15:02;"#     scan ends at 2024.286.10:18:01
2024.286.10:15:02;"
2024.286.10:15:02;"# ### Block for NGC1218 scan 26 'No0246' at 2024.286.10:19:21 in 80s ############
2024.286.10:18:01;"source('NGC1218',cats='user'); go(); track()
2024.286.10:18:01;"reply from APECS: OK
2024.286.10:18:02;"reply from APECS: (timeout)
2024.286.10:18:26;"vlbi_tsys(mode_='HOT',time_s=5)
2024.286.10:18:26;"reply from APECS: OK
2024.286.10:18:26;"reply from APECS: OK
2024.286.10:18:27;"reply from APECS: (timeout)
2024.286.10:18:27;"#                      gap        max ~0 min 28 sec
2024.286.10:19:21;"vlbi_scan(t_mins=5,targetSource='NGC1218')
2024.286.10:19:22;"reply from APECS: (timeout)
2024.286.10:19:22;"#     scan ends at 2024.286.10:24:21
2024.286.10:19:22;"
2024.286.10:19:22;"# ### Block for 0420-014 scan 27 'No0249' at 2024.286.10:30:01 in 340s ##########
2024.286.10:27:26;"source('0420-014',cats='user'); go(); track()
2024.286.10:27:26;"reply from APECS: OK
2024.286.10:27:27;"reply from APECS: (timeout)
2024.286.10:27:51;"vlbi_tsys()
2024.286.10:27:51;"reply from APECS: OK
2024.286.10:27:51;"reply from APECS: OK
2024.286.10:27:52;"reply from APECS: (timeout)
2024.286.10:29:16;"vlbi_reference_scan()
2024.286.10:29:17;"reply from APECS: (timeout)
2024.286.10:29:17;"#                      gap        max ~0 min 10 sec
2024.286.10:30:01;"vlbi_scan(t_mins=3,targetSource='0420-014')
2024.286.10:30:01;"reply from APECS: OK
2024.286.10:30:02;"reply from APECS: (timeout)
2024.286.10:30:02;"#     scan ends at 2024.286.10:33:01
2024.286.10:30:02;"
2024.286.10:30:02;"# ### Block for NGC1218 scan 28 'No0250' at 2024.286.10:34:21 in 80s ############
2024.286.10:33:01;"source('NGC1218',cats='user'); go(); track()
2024.286.10:33:01;"reply from APECS: OK
2024.286.10:33:02;"reply from APECS: (timeout)
2024.286.10:33:26;"vlbi_tsys(mode_='HOT',time_s=5)
2024.286.10:33:26;"reply from APECS: OK
2024.286.10:33:26;"reply from APECS: OK
2024.286.10:33:27;"reply from APECS: (timeout)
2024.286.10:33:27;"#                      gap        max ~0 min 28 sec
2024.286.10:34:21;"vlbi_scan(t_mins=5,targetSource='NGC1218')
2024.286.10:34:22;"reply from APECS: (timeout)
2024.286.10:34:22;"#     scan ends at 2024.286.10:39:21
2024.286.10:34:22;"
2024.286.10:34:22;"# ### Block for 0420-014 scan 29 'No0256' at 2024.286.10:45:01 in 340s ##########
2024.286.10:42:26;"source('0420-014',cats='user'); go(); track()
2024.286.10:42:26;"reply from APECS: OK
2024.286.10:42:27;"reply from APECS: (timeout)
2024.286.10:42:51;"vlbi_tsys()
2024.286.10:42:52;"reply from APECS: (timeout)
2024.286.10:44:16;"vlbi_reference_scan()
2024.286.10:44:16;"reply from APECS: OK
2024.286.10:44:16;"reply from APECS: OK
2024.286.10:44:17;"reply from APECS: (timeout)
2024.286.10:44:17;"#                      gap        max ~0 min 10 sec
2024.286.10:45:01;"vlbi_scan(t_mins=3,targetSource='0420-014')
2024.286.10:45:02;"reply from APECS: (timeout)
2024.286.10:45:02;"#     scan ends at 2024.286.10:48:01
2024.286.10:45:02;"
2024.286.10:45:02;"# ### Block for NGC1218 scan 30 'No0257' at 2024.286.10:49:21 in 80s ############
2024.286.10:48:01;"source('NGC1218',cats='user'); go(); track()
2024.286.10:48:01;"reply from APECS: OK
2024.286.10:48:01;"reply from APECS: OK
2024.286.10:48:02;"reply from APECS: (timeout)
2024.286.10:48:26;"vlbi_tsys(mode_='HOT',time_s=5)
2024.286.10:48:26;"reply from APECS: OK
2024.286.10:48:26;"reply from APECS: OK
2024.286.10:48:27;"reply from APECS: (timeout)
2024.286.10:48:27;"#                      gap        max ~0 min 28 sec
2024.286.10:49:21;"vlbi_scan(t_mins=5,targetSource='NGC1218')
2024.286.10:49:22;"reply from APECS: (timeout)
2024.286.10:49:22;"#     scan ends at 2024.286.10:54:21
2024.286.10:49:22;"
2024.286.10:49:22;"# ### Block for 0420-014 scan 31 'No0263' at 2024.286.11:00:01 in 340s ##########
2024.286.10:57:26;"source('0420-014',cats='user'); go(); track()
2024.286.10:57:26;"reply from APECS: OK
2024.286.10:57:27;"reply from APECS: (timeout)
2024.286.10:57:51;"vlbi_tsys()
2024.286.10:57:51;"reply from APECS: OK
2024.286.10:57:51;"reply from APECS: OK
2024.286.10:57:52;"reply from APECS: (timeout)
2024.286.10:59:16;"vlbi_reference_scan()
2024.286.10:59:17;"reply from APECS: (timeout)
2024.286.10:59:17;"#                      gap        max ~0 min 10 sec
2024.286.11:00:01;"vlbi_scan(t_mins=3,targetSource='0420-014')
2024.286.11:00:01;"reply from APECS: OK
2024.286.11:00:02;"reply from APECS: (timeout)
2024.286.11:00:02;"#     scan ends at 2024.286.11:03:01
2024.286.11:00:02;"
2024.286.11:00:02;"# ### Block for NGC1218 scan 32 'No0264' at 2024.286.11:04:21 in 80s ############
2024.286.11:03:01;"source('NGC1218',cats='user'); go(); track()
2024.286.11:03:01;"reply from APECS: OK
2024.286.11:03:02;"reply from APECS: (timeout)
2024.286.11:03:26;"vlbi_tsys(mode_='HOT',time_s=5)
2024.286.11:03:26;"reply from APECS: OK
2024.286.11:03:26;"reply from APECS: OK
2024.286.11:03:27;"reply from APECS: (timeout)
2024.286.11:03:27;"#                      gap        max ~0 min 28 sec
2024.286.11:04:21;"vlbi_scan(t_mins=5,targetSource='NGC1218')
2024.286.11:04:22;"reply from APECS: (timeout)
2024.286.11:04:22;"#     scan ends at 2024.286.11:09:21
2024.286.11:04:22;"
2024.286.11:04:22;"# ### Block for 0420-014 scan 33 'No0267' at 2024.286.11:15:01 in 340s ##########
2024.286.11:12:26;"source('0420-014',cats='user'); go(); track()
2024.286.11:12:26;"reply from APECS: OK
2024.286.11:12:27;"reply from APECS: (timeout)
2024.286.11:12:51;"vlbi_tsys()
2024.286.11:12:51;"reply from APECS: OK
2024.286.11:12:51;"reply from APECS: OK
2024.286.11:12:52;"reply from APECS: (timeout)
2024.286.11:14:16;"vlbi_reference_scan()
2024.286.11:14:17;"reply from APECS: (timeout)
2024.286.11:14:17;"#                      gap        max ~0 min 10 sec
2024.286.11:15:01;"vlbi_scan(t_mins=3,targetSource='0420-014')
2024.286.11:15:01;"reply from APECS: OK
2024.286.11:15:02;"reply from APECS: (timeout)
2024.286.11:15:02;"#     scan ends at 2024.286.11:18:01
2024.286.11:15:02;"
2024.286.11:15:02;"# ### Block for NGC1218 scan 34 'No0268' at 2024.286.11:19:21 in 80s ############
2024.286.11:18:01;"source('NGC1218',cats='user'); go(); track()
2024.286.11:18:01;"reply from APECS: OK
2024.286.11:18:02;"reply from APECS: (timeout)
2024.286.11:18:26;"vlbi_tsys(mode_='HOT',time_s=5)
2024.286.11:18:26;"reply from APECS: OK
2024.286.11:18:26;"reply from APECS: OK
2024.286.11:18:27;"reply from APECS: (timeout)
2024.286.11:18:27;"#                      gap        max ~0 min 28 sec
2024.286.11:19:21;"vlbi_scan(t_mins=5,targetSource='NGC1218')
2024.286.11:19:22;"reply from APECS: (timeout)
2024.286.11:19:22;"#     scan ends at 2024.286.11:24:21
2024.286.11:19:22;"
2024.286.11:19:22;"# ### Block for 1156+295 scan 35 'No0281' at 2024.286.12:00:00 in 2139s #########
2024.286.11:19:22;"#
2024.286.11:19:22;"# OPERATOR free 33 min 14 sec until VLBI calibrations to start at 2024.286.11:57:25
2024.286.11:19:22;"#
2024.286.11:24:21;"print('You have 33 min 14 sec until the next VLBI calibration scan at 2024.286.11:57:25.')
2024.286.11:24:21;"reply from APECS: OK
2024.286.11:24:21;"reply from APECS: OK
2024.286.11:24:22;"reply from APECS: (timeout)
2024.286.11:57:25;"source('1156+295',cats='user'); go(); track()
2024.286.11:57:26;"reply from APECS: (timeout)
2024.286.11:57:50;"vlbi_tsys()
2024.286.11:57:50;"reply from APECS: OK
2024.286.11:57:50;"reply from APECS: OK
2024.286.11:57:51;"reply from APECS: (timeout)
2024.286.11:59:15;"vlbi_reference_scan()
2024.286.11:59:16;"reply from APECS: (timeout)
2024.286.11:59:16;"#                      gap        max ~0 min 10 sec
2024.286.12:00:00;"vlbi_scan(t_mins=3,targetSource='1156+295')
2024.286.12:00:00;"reply from APECS: OK
2024.286.12:00:01;"reply from APECS: (timeout)
2024.286.12:00:01;"#     scan ends at 2024.286.12:03:00
2024.286.12:00:01;"
2024.286.12:00:01;"# ### Block for 1156+295 scan 36 'No0289' at 2024.286.12:30:00 in 1620s #########
2024.286.12:00:01;"#
2024.286.12:00:01;"# OPERATOR free 25 min 00 sec until VLBI calibrations to start at 2024.286.12:27:50
2024.286.12:00:01;"#
2024.286.12:03:00;"print('You have 25 min 00 sec until the next VLBI calibration scan at 2024.286.12:27:50.')
2024.286.12:03:00;"reply from APECS: OK
2024.286.12:03:00;"reply from APECS: OK
2024.286.12:03:01;"reply from APECS: (timeout)
2024.286.12:27:50;"vlbi_tsys()
2024.286.12:27:50;"reply from APECS: OK
2024.286.12:27:51;"reply from APECS: (timeout)
2024.286.12:29:15;"vlbi_reference_scan()
2024.286.12:29:16;"reply from APECS: (timeout)
2024.286.12:29:16;"#                      gap        max ~0 min 10 sec
2024.286.12:30:00;"vlbi_scan(t_mins=3,targetSource='1156+295')
2024.286.12:30:00;"reply from APECS: OK
2024.286.12:30:01;"reply from APECS: (timeout)
2024.286.12:30:01;"#     scan ends at 2024.286.12:33:00
2024.286.12:30:01;"
2024.286.12:30:01;"# ### Block for 1156+295 scan 37 'No0304' at 2024.286.13:35:00 in 3720s #########
2024.286.12:30:01;"#
2024.286.12:30:01;"# OPERATOR free 60 min 00 sec until VLBI calibrations to start at 2024.286.13:32:50
2024.286.12:30:01;"#
2024.286.12:33:00;"print('You have 60 min 00 sec until the next VLBI calibration scan at 2024.286.13:32:50.')
2024.286.12:33:00;"reply from APECS: OK
2024.286.12:33:00;"reply from APECS: OK
2024.286.12:33:01;"reply from APECS: (timeout)
2024.286.13:32:50;"vlbi_tsys()
2024.286.13:32:50;"reply from APECS: OK
2024.286.13:32:51;"reply from APECS: (timeout)
2024.286.13:34:15;"vlbi_reference_scan()
2024.286.13:34:16;"reply from APECS: (timeout)
2024.286.13:34:16;"#                      gap        max ~0 min 10 sec
2024.286.13:35:00;"vlbi_scan(t_mins=5,targetSource='1156+295')
2024.286.13:35:00;"reply from APECS: OK
2024.286.13:35:01;"reply from APECS: (timeout)
2024.286.13:35:01;"#     scan ends at 2024.286.13:40:00
2024.286.13:35:01;"
2024.286.13:35:01;"# ### Block for 1156+295 scan 38 'No0305' at 2024.286.13:42:00 in 120s ##########
2024.286.13:40:00;"vlbi_tsys()
2024.286.13:40:00;"reply from APECS: OK
2024.286.13:40:00;"reply from APECS: OK
2024.286.13:40:01;"reply from APECS: (timeout)
2024.286.13:40:01;"#                      gap        max ~0 min 35 sec
2024.286.13:42:00;"vlbi_scan(t_mins=5,targetSource='1156+295')
2024.286.13:42:01;"reply from APECS: (timeout)
2024.286.13:42:01;"#     scan ends at 2024.286.13:47:00
2024.286.13:42:01;"
2024.286.13:42:01;"# ### Block for 1055+018 scan 39 'No0318' at 2024.286.14:20:00 in 1980s #########
2024.286.13:42:01;"#
2024.286.13:42:01;"# OPERATOR free 30 min 35 sec until VLBI calibrations to start at 2024.286.14:17:25
2024.286.13:42:01;"#
2024.286.13:47:00;"print('You have 30 min 35 sec until the next VLBI calibration scan at 2024.286.14:17:25.')
2024.286.13:47:00;"reply from APECS: OK
2024.286.13:47:00;"reply from APECS: OK
2024.286.13:47:01;"reply from APECS: (timeout)
2024.286.14:17:25;"source('1055+018',cats='user'); go(); track()
2024.286.14:17:26;"reply from APECS: (timeout)
2024.286.14:17:50;"vlbi_tsys()
2024.286.14:17:50;"reply from APECS: OK
2024.286.14:17:50;"reply from APECS: OK
2024.286.14:17:51;"reply from APECS: (timeout)
2024.286.14:19:15;"vlbi_reference_scan()
2024.286.14:19:16;"reply from APECS: (timeout)
2024.286.14:19:16;"#                      gap        max ~0 min 10 sec
2024.286.14:20:00;"vlbi_scan(t_mins=3,targetSource='1055+018')
2024.286.14:20:00;"reply from APECS: OK
2024.286.14:20:01;"reply from APECS: (timeout)
2024.286.14:20:01;"#     scan ends at 2024.286.14:23:00
2024.286.14:20:01;"
2024.286.14:20:01;"# ### Block for 3C218 scan 40 'No0319' at 2024.286.14:25:00 in 120s #############
2024.286.14:23:00;"source('3C218',cats='user'); go(); track()
2024.286.14:23:00;"reply from APECS: OK
2024.286.14:23:01;"reply from APECS: (timeout)
2024.286.14:23:25;"vlbi_tsys()
2024.286.14:23:25;"reply from APECS: OK
2024.286.14:23:25;"reply from APECS: OK
2024.286.14:23:26;"reply from APECS: (timeout)
2024.286.14:23:26;"#                      gap        max ~0 min 10 sec
2024.286.14:25:00;"vlbi_scan(t_mins=6,targetSource='3C218')
2024.286.14:25:01;"reply from APECS: (timeout)
2024.286.14:25:01;"#     scan ends at 2024.286.14:31:00
2024.286.14:25:01;"
2024.286.14:25:01;"# ### Block for 1055+018 scan 41 'No0327' at 2024.286.14:40:00 in 540s ##########
2024.286.14:25:01;"#
2024.286.14:25:01;"# OPERATOR free 6 min 35 sec until VLBI calibrations to start at 2024.286.14:37:25
2024.286.14:25:01;"#
2024.286.14:31:00;"print('You have 6 min 35 sec until the next VLBI calibration scan at 2024.286.14:37:25.')
2024.286.14:31:00;"reply from APECS: OK
2024.286.14:31:00;"reply from APECS: OK
2024.286.14:31:01;"reply from APECS: (timeout)
2024.286.14:33:26;"----------| USER-REQUESTED STOP OF  c242c.apecs.obs |----------
