2025.118.02:24:55;"----------| START OF c251z104.apecs.obs |----------
2025.118.02:24:55;"Using TAI-UTC offset of +37 seconds
2025.118.02:24:55;"#
2025.118.02:24:55;"# APEX observing script for station Ax from file vexfiles/triggered/c251z104.vex
2025.118.02:24:55;"# File created on 2025.106.15:10:54 UT
2025.118.02:24:55;"#
2025.118.02:24:55;"# Columns: 1) Start time 2) Duration in seconds 3) APECS command
2025.118.02:24:55;"# Details on the columns:
2025.118.02:24:55;"#    1) @always, or UT date-time in a 2015.016.06:42:40 format (yyyy.doy.hh:mm:ss)
2025.118.02:24:55;"#         modifiers: !2015.016.06:42:40 to not skip command even if start time already is past
2025.118.02:24:55;"#    2) estimated duration of the command in seconds
2025.118.02:24:55;"#    3) APECS command and parameters to execute. If the command includes whitespace.
2025.118.02:24:55;"#       Commands include, e.g.: tsys(), interactive("message"), tracksource("sourcename"), ...
2025.118.02:24:55;"#
2025.118.02:24:55;"# At time              Duration   Command
2025.118.02:24:55;"execfile('vlbi-N3AR90_DWKim104_commands.py')
2025.118.02:24:55;"reply from APECS: OK
2025.118.02:24:56;"reply from APECS: (timeout)
2025.118.02:24:58;"
2025.118.02:24:58;"# ### Block for 3C273 scan 1 'No0001' at 2025.118.01:00:00 in 200s ##############
2025.118.02:24:58;"missed time 2025.118.00:56:40 : source('3C273',cats='user'); go(); track()
2025.118.02:24:58;"missed time 2025.118.00:57:05 : vlbi_tsys()
2025.118.02:24:58;"missed time 2025.118.00:58:30 : vlbi_reference_scan()
2025.118.02:24:58;"#                      gap        max ~0 min 55 sec
2025.118.02:24:58;"missed time 2025.118.01:00:00 : vlbi_scan(t_mins=5,targetSource='3C273')
2025.118.02:24:58;"#     scan ends at 2025.118.01:05:00
2025.118.02:24:58;"
2025.118.02:24:58;"# ### Block for 3C273 scan 2 'No0002' at 2025.118.01:06:30 in 90s ###############
2025.118.02:24:58;"missed time 2025.118.01:05:00 : source('3C273',cats='user'); go(); track()
2025.118.02:24:58;"missed time 2025.118.01:05:25 : vlbi_tsys(mode_='HOT',time_s=5)
2025.118.02:24:58;"missed time 2025.118.01:05:52 : vlbi_reference_scan()
2025.118.02:24:58;"#                      gap        max ~0 min 03 sec
2025.118.02:24:58;"missed time 2025.118.01:06:30 : vlbi_scan(t_mins=5,targetSource='3C273')
2025.118.02:24:58;"#     scan ends at 2025.118.01:11:30
2025.118.02:24:58;"
2025.118.02:24:58;"# ### Block for 3C273 scan 3 'No0003' at 2025.118.01:13:00 in 90s ###############
2025.118.02:24:58;"missed time 2025.118.01:11:30 : source('3C273',cats='user'); go(); track()
2025.118.02:24:58;"missed time 2025.118.01:11:55 : vlbi_tsys(mode_='HOT',time_s=5)
2025.118.02:24:58;"missed time 2025.118.01:12:22 : vlbi_reference_scan()
2025.118.02:24:58;"#                      gap        max ~0 min 03 sec
2025.118.02:24:58;"missed time 2025.118.01:13:00 : vlbi_scan(t_mins=5,targetSource='3C273')
2025.118.02:24:58;"#     scan ends at 2025.118.01:18:00
2025.118.02:24:58;"
2025.118.02:24:58;"# ### Block for 3C273 scan 4 'No0004' at 2025.118.01:24:40 in 400s ##############
2025.118.02:24:58;"missed time 2025.118.01:22:05 : source('3C273',cats='user'); go(); track()
2025.118.02:24:58;"missed time 2025.118.01:22:30 : vlbi_tsys()
2025.118.02:24:58;"missed time 2025.118.01:23:55 : vlbi_reference_scan()
2025.118.02:24:58;"#                      gap        max ~0 min 10 sec
2025.118.02:24:58;"missed time 2025.118.01:24:40 : vlbi_scan(t_mins=5,targetSource='3C273')
2025.118.02:24:58;"#     scan ends at 2025.118.01:29:40
2025.118.02:24:58;"
2025.118.02:24:58;"# ### Block for 3C273 scan 5 'No0005' at 2025.118.01:31:10 in 90s ###############
2025.118.02:24:58;"missed time 2025.118.01:29:40 : source('3C273',cats='user'); go(); track()
2025.118.02:24:58;"missed time 2025.118.01:30:05 : vlbi_tsys(mode_='HOT',time_s=5)
2025.118.02:24:58;"missed time 2025.118.01:30:32 : vlbi_reference_scan()
2025.118.02:24:58;"#                      gap        max ~0 min 03 sec
2025.118.02:24:58;"missed time 2025.118.01:31:10 : vlbi_scan(t_mins=5,targetSource='3C273')
2025.118.02:24:58;"#     scan ends at 2025.118.01:36:10
2025.118.02:24:58;"
2025.118.02:24:58;"# ### Block for 3C273 scan 6 'No0006' at 2025.118.01:37:40 in 90s ###############
2025.118.02:24:58;"missed time 2025.118.01:36:10 : source('3C273',cats='user'); go(); track()
2025.118.02:24:58;"missed time 2025.118.01:36:35 : vlbi_tsys(mode_='HOT',time_s=5)
2025.118.02:24:58;"missed time 2025.118.01:37:02 : vlbi_reference_scan()
2025.118.02:24:58;"#                      gap        max ~0 min 03 sec
2025.118.02:24:58;"missed time 2025.118.01:37:40 : vlbi_scan(t_mins=5,targetSource='3C273')
2025.118.02:24:58;"#     scan ends at 2025.118.01:42:40
2025.118.02:24:58;"
2025.118.02:24:58;"# ### Block for 1308+326 scan 7 'No0007' at 2025.118.01:50:00 in 440s ###########
2025.118.02:24:58;"missed time 2025.118.01:47:25 : source('1308+326',cats='user'); go(); track()
2025.118.02:24:58;"missed time 2025.118.01:47:50 : vlbi_tsys()
2025.118.02:24:58;"missed time 2025.118.01:49:15 : vlbi_reference_scan()
2025.118.02:24:58;"#                      gap        max ~0 min 10 sec
2025.118.02:24:58;"missed time 2025.118.01:50:00 : vlbi_scan(t_mins=5,targetSource='1308+326')
2025.118.02:24:58;"#     scan ends at 2025.118.01:55:00
2025.118.02:24:58;"
2025.118.02:24:58;"# ### Block for 1308+326 scan 8 'No0008' at 2025.118.01:56:30 in 90s ############
2025.118.02:24:58;"missed time 2025.118.01:55:00 : source('1308+326',cats='user'); go(); track()
2025.118.02:24:58;"missed time 2025.118.01:55:25 : vlbi_tsys(mode_='HOT',time_s=5)
2025.118.02:24:58;"missed time 2025.118.01:55:52 : vlbi_reference_scan()
2025.118.02:24:58;"#                      gap        max ~0 min 03 sec
2025.118.02:24:58;"missed time 2025.118.01:56:30 : vlbi_scan(t_mins=5,targetSource='1308+326')
2025.118.02:24:58;"#     scan ends at 2025.118.02:01:30
2025.118.02:24:58;"
2025.118.02:24:58;"# ### Block for 1308+326 scan 9 'No0009' at 2025.118.02:03:00 in 90s ############
2025.118.02:24:58;"missed time 2025.118.02:01:30 : source('1308+326',cats='user'); go(); track()
2025.118.02:24:58;"missed time 2025.118.02:01:55 : vlbi_tsys(mode_='HOT',time_s=5)
2025.118.02:24:58;"missed time 2025.118.02:02:22 : vlbi_reference_scan()
2025.118.02:24:58;"#                      gap        max ~0 min 03 sec
2025.118.02:24:58;"missed time 2025.118.02:03:00 : vlbi_scan(t_mins=5,targetSource='1308+326')
2025.118.02:24:58;"#     scan ends at 2025.118.02:08:00
2025.118.02:24:58;"
2025.118.02:24:58;"# ### Block for 1308+326 scan 10 'No0010' at 2025.118.02:14:20 in 380s ##########
2025.118.02:24:58;"missed time 2025.118.02:11:45 : source('1308+326',cats='user'); go(); track()
2025.118.02:24:58;"missed time 2025.118.02:12:10 : vlbi_tsys()
2025.118.02:24:58;"missed time 2025.118.02:13:35 : vlbi_reference_scan()
2025.118.02:24:58;"#                      gap        max ~0 min 10 sec
2025.118.02:24:58;"missed time 2025.118.02:14:20 : vlbi_scan(t_mins=5,targetSource='1308+326')
2025.118.02:24:58;"#     scan ends at 2025.118.02:19:20
2025.118.02:24:58;"
2025.118.02:24:58;"# ### Block for 1308+326 scan 11 'No0011' at 2025.118.02:20:50 in 90s ###########
2025.118.02:24:58;"missed time 2025.118.02:19:20 : source('1308+326',cats='user'); go(); track()
2025.118.02:24:58;"missed time 2025.118.02:19:45 : vlbi_tsys(mode_='HOT',time_s=5)
2025.118.02:24:58;"missed time 2025.118.02:20:12 : vlbi_reference_scan()
2025.118.02:24:58;"#                      gap        max ~0 min 03 sec
2025.118.02:24:58;"missed time 2025.118.02:20:50 : vlbi_scan(t_mins=5,targetSource='1308+326')
2025.118.02:24:58;"#     scan ends at 2025.118.02:25:50
2025.118.02:24:58;"
2025.118.02:24:58;"# ### Block for 1308+326 scan 12 'No0012' at 2025.118.02:27:20 in 200s ##########
2025.118.02:25:50;"source('1308+326',cats='user'); go(); track()
2025.118.02:25:51;"reply from APECS: (timeout)
2025.118.02:26:15;"vlbi_tsys()
2025.118.02:26:15;"reply from APECS: OK
2025.118.02:26:15;"reply from APECS: OK
2025.118.02:26:16;"reply from APECS: (timeout)
2025.118.02:27:40;"vlbi_reference_scan()
2025.118.02:27:41;"reply from APECS: (timeout)
2025.118.02:27:41;"#                      TIME       ran short, ~-1 min 05 sec "gap"
2025.118.02:27:41;"missed time 2025.118.02:27:20 : vlbi_scan(t_mins=5,targetSource='1308+326')
2025.118.02:27:41;"#     scan ends at 2025.118.02:32:20
2025.118.02:27:41;"
2025.118.02:27:41;"
2025.118.02:27:41;"# Finished VLBI schedule
2025.118.02:32:50;"remote_control('off')
2025.118.02:32:50;"reply from APECS: OK
2025.118.02:32:50;"reply from APECS: OK
2025.118.02:32:51;"reply from APECS: (timeout)
2025.118.02:32:51;"################################################################################
2025.118.02:32:51;"### end of schedule
2025.118.02:32:51;"################################################################################
