2025.117.05:04:59;"----------| START OF c251d.apecs.obs |----------
2025.117.05:04:59;"Using TAI-UTC offset of +37 seconds
2025.117.05:04:59;"#
2025.117.05:04:59;"# APEX observing script for station Ax from file vexfiles/triggered/c251d.vex
2025.117.05:04:59;"# File created on 2025.106.15:10:54 UT
2025.117.05:04:59;"#
2025.117.05:04:59;"# Columns: 1) Start time 2) Duration in seconds 3) APECS command
2025.117.05:04:59;"# Details on the columns:
2025.117.05:04:59;"#    1) @always, or UT date-time in a 2015.016.06:42:40 format (yyyy.doy.hh:mm:ss)
2025.117.05:04:59;"#         modifiers: !2015.016.06:42:40 to not skip command even if start time already is past
2025.117.05:04:59;"#    2) estimated duration of the command in seconds
2025.117.05:04:59;"#    3) APECS command and parameters to execute. If the command includes whitespace.
2025.117.05:04:59;"#       Commands include, e.g.: tsys(), interactive("message"), tracksource("sourcename"), ...
2025.117.05:04:59;"#
2025.117.05:04:59;"# At time              Duration   Command
2025.117.05:04:59;"execfile('vlbi-N3AR90_commands.py')
2025.117.05:05:00;"reply from APECS: (timeout)
2025.117.05:05:02;"
2025.117.05:05:02;"# ### Block for 3C279 scan 1 'No0259' at 2025.117.05:00:00 in 200s ##############
2025.117.05:05:02;"missed time 2025.117.04:56:40 : source('3C279',cats='user'); go(); track()
2025.117.05:05:02;"missed time 2025.117.04:57:05 : vlbi_tsys()
2025.117.05:05:02;"missed time 2025.117.04:58:30 : vlbi_reference_scan()
2025.117.05:05:02;"#                      gap        max ~0 min 55 sec
2025.117.05:05:02;"missed time 2025.117.05:00:00 : vlbi_scan(t_mins=5,targetSource='3C279')
2025.117.05:05:02;"#     scan ends at 2025.117.05:05:00
2025.117.05:05:02;"
2025.117.05:05:02;"# ### Block for 3C279 scan 2 'No0265' at 2025.117.05:15:00 in 600s ##############
2025.117.05:05:02;"#
2025.117.05:05:02;"# OPERATOR free 7 min 35 sec until VLBI calibrations to start at 2025.117.05:12:25
2025.117.05:05:02;"#
2025.117.05:05:02;"missed time 2025.117.05:05:00 : print('You have 7 min 35 sec until the next VLBI calibration scan at 2025.117.05:12:25.')
2025.117.05:12:25;"source('3C279',cats='user'); go(); track()
2025.117.05:12:26;"reply from APECS: (timeout)
2025.117.05:12:50;"vlbi_tsys()
2025.117.05:12:51;"reply from APECS: (timeout)
2025.117.05:14:15;"vlbi_reference_scan()
2025.117.05:14:16;"reply from APECS: (timeout)
2025.117.05:14:16;"#                      gap        max ~0 min 10 sec
2025.117.05:15:00;"vlbi_scan(t_mins=5,targetSource='3C279')
2025.117.05:15:01;"reply from APECS: (timeout)
2025.117.05:15:01;"#     scan ends at 2025.117.05:20:00
2025.117.05:15:01;"
2025.117.05:15:01;"# ### Block for 3C279 scan 3 'No0271' at 2025.117.05:30:00 in 600s ##############
2025.117.05:15:01;"#
2025.117.05:15:01;"# OPERATOR free 7 min 35 sec until VLBI calibrations to start at 2025.117.05:27:25
2025.117.05:15:01;"#
2025.117.05:20:00;"print('You have 7 min 35 sec until the next VLBI calibration scan at 2025.117.05:27:25.')
2025.117.05:20:01;"reply from APECS: (timeout)
2025.117.05:27:25;"source('3C279',cats='user'); go(); track()
2025.117.05:27:26;"reply from APECS: (timeout)
2025.117.05:27:50;"vlbi_tsys()
2025.117.05:27:51;"reply from APECS: (timeout)
2025.117.05:29:15;"vlbi_reference_scan()
2025.117.05:29:16;"reply from APECS: (timeout)
2025.117.05:29:16;"#                      gap        max ~0 min 10 sec
2025.117.05:30:00;"vlbi_scan(t_mins=5,targetSource='3C279')
2025.117.05:30:01;"reply from APECS: (timeout)
2025.117.05:30:01;"#     scan ends at 2025.117.05:35:00
2025.117.05:30:01;"
2025.117.05:30:01;"# ### Block for 3C279 scan 4 'No0277' at 2025.117.05:45:00 in 600s ##############
2025.117.05:30:01;"#
2025.117.05:30:01;"# OPERATOR free 7 min 35 sec until VLBI calibrations to start at 2025.117.05:42:25
2025.117.05:30:01;"#
2025.117.05:35:00;"print('You have 7 min 35 sec until the next VLBI calibration scan at 2025.117.05:42:25.')
2025.117.05:35:00;"reply from APECS: OK
2025.117.05:35:00;"reply from APECS: OK
2025.117.05:35:00;"reply from APECS: OK
2025.117.05:35:01;"reply from APECS: (timeout)
2025.117.05:42:25;"source('3C279',cats='user'); go(); track()
2025.117.05:42:26;"reply from APECS: (timeout)
2025.117.05:42:50;"vlbi_tsys()
2025.117.05:42:50;"reply from APECS: OK
2025.117.05:42:50;"reply from APECS: OK
2025.117.05:42:51;"reply from APECS: (timeout)
2025.117.05:44:15;"vlbi_reference_scan()
2025.117.05:44:16;"reply from APECS: (timeout)
2025.117.05:44:16;"#                      gap        max ~0 min 10 sec
2025.117.05:45:00;"vlbi_scan(t_mins=5,targetSource='3C279')
2025.117.05:45:00;"reply from APECS: OK
2025.117.05:45:01;"reply from APECS: (timeout)
2025.117.05:45:01;"#     scan ends at 2025.117.05:50:00
2025.117.05:45:01;"
2025.117.05:45:01;"# ### Block for 3C279 scan 5 'No0284' at 2025.117.06:00:01 in 601s ##############
2025.117.05:45:01;"#
2025.117.05:45:01;"# OPERATOR free 7 min 36 sec until VLBI calibrations to start at 2025.117.05:57:26
2025.117.05:45:01;"#
2025.117.05:50:00;"print('You have 7 min 36 sec until the next VLBI calibration scan at 2025.117.05:57:26.')
2025.117.05:50:00;"reply from APECS: OK
2025.117.05:50:00;"reply from APECS: OK
2025.117.05:50:01;"reply from APECS: (timeout)
2025.117.05:57:26;"source('3C279',cats='user'); go(); track()
2025.117.05:57:27;"reply from APECS: (timeout)
2025.117.05:57:51;"vlbi_tsys()
2025.117.05:57:51;"reply from APECS: OK
2025.117.05:57:51;"reply from APECS: OK
2025.117.05:57:52;"reply from APECS: (timeout)
2025.117.05:59:16;"vlbi_reference_scan()
2025.117.05:59:17;"reply from APECS: (timeout)
2025.117.05:59:17;"#                      gap        max ~0 min 10 sec
2025.117.06:00:01;"vlbi_scan(t_mins=5,targetSource='3C279')
2025.117.06:00:01;"reply from APECS: OK
2025.117.06:00:02;"reply from APECS: (timeout)
2025.117.06:00:02;"#     scan ends at 2025.117.06:05:01
2025.117.06:00:02;"
2025.117.06:00:02;"# ### Block for 3C279 scan 6 'No0291' at 2025.117.06:15:01 in 600s ##############
2025.117.06:00:02;"#
2025.117.06:00:02;"# OPERATOR free 7 min 35 sec until VLBI calibrations to start at 2025.117.06:12:26
2025.117.06:00:02;"#
2025.117.06:05:01;"print('You have 7 min 35 sec until the next VLBI calibration scan at 2025.117.06:12:26.')
2025.117.06:05:01;"reply from APECS: OK
2025.117.06:05:01;"reply from APECS: OK
2025.117.06:05:02;"reply from APECS: (timeout)
2025.117.06:12:26;"source('3C279',cats='user'); go(); track()
2025.117.06:12:27;"reply from APECS: (timeout)
2025.117.06:12:51;"vlbi_tsys()
2025.117.06:12:51;"reply from APECS: OK
2025.117.06:12:51;"reply from APECS: OK
2025.117.06:12:52;"reply from APECS: (timeout)
2025.117.06:14:16;"vlbi_reference_scan()
2025.117.06:14:17;"reply from APECS: (timeout)
2025.117.06:14:17;"#                      gap        max ~0 min 10 sec
2025.117.06:15:01;"vlbi_scan(t_mins=5,targetSource='3C279')
2025.117.06:15:01;"reply from APECS: OK
2025.117.06:15:02;"reply from APECS: (timeout)
2025.117.06:15:02;"#     scan ends at 2025.117.06:20:01
2025.117.06:15:02;"
2025.117.06:15:02;"# ### Block for 3C279 scan 7 'No0298' at 2025.117.06:30:01 in 600s ##############
2025.117.06:15:02;"#
2025.117.06:15:02;"# OPERATOR free 7 min 35 sec until VLBI calibrations to start at 2025.117.06:27:26
2025.117.06:15:02;"#
2025.117.06:20:01;"print('You have 7 min 35 sec until the next VLBI calibration scan at 2025.117.06:27:26.')
2025.117.06:20:01;"reply from APECS: OK
2025.117.06:20:01;"reply from APECS: OK
2025.117.06:20:02;"reply from APECS: (timeout)
2025.117.06:27:26;"source('3C279',cats='user'); go(); track()
2025.117.06:27:27;"reply from APECS: (timeout)
2025.117.06:27:51;"vlbi_tsys()
2025.117.06:27:51;"reply from APECS: OK
2025.117.06:27:51;"reply from APECS: OK
2025.117.06:27:52;"reply from APECS: (timeout)
2025.117.06:29:16;"vlbi_reference_scan()
2025.117.06:29:17;"reply from APECS: (timeout)
2025.117.06:29:17;"#                      gap        max ~0 min 10 sec
2025.117.06:30:01;"vlbi_scan(t_mins=5,targetSource='3C279')
2025.117.06:30:01;"reply from APECS: OK
2025.117.06:30:02;"reply from APECS: (timeout)
2025.117.06:30:02;"#     scan ends at 2025.117.06:35:01
2025.117.06:30:02;"
2025.117.06:30:02;"# ### Block for 3C279 scan 8 'No0305' at 2025.117.06:45:01 in 600s ##############
2025.117.06:30:02;"#
2025.117.06:30:02;"# OPERATOR free 7 min 35 sec until VLBI calibrations to start at 2025.117.06:42:26
2025.117.06:30:02;"#
2025.117.06:35:01;"print('You have 7 min 35 sec until the next VLBI calibration scan at 2025.117.06:42:26.')
2025.117.06:35:01;"reply from APECS: OK
2025.117.06:35:01;"reply from APECS: OK
2025.117.06:35:02;"reply from APECS: (timeout)
2025.117.06:42:26;"source('3C279',cats='user'); go(); track()
2025.117.06:42:27;"reply from APECS: (timeout)
2025.117.06:42:51;"vlbi_tsys()
2025.117.06:42:51;"reply from APECS: OK
2025.117.06:42:51;"reply from APECS: OK
2025.117.06:42:52;"reply from APECS: (timeout)
2025.117.06:44:16;"vlbi_reference_scan()
2025.117.06:44:17;"reply from APECS: (timeout)
2025.117.06:44:17;"#                      gap        max ~0 min 10 sec
2025.117.06:45:01;"vlbi_scan(t_mins=5,targetSource='3C279')
2025.117.06:45:01;"reply from APECS: OK
2025.117.06:45:02;"reply from APECS: (timeout)
2025.117.06:45:02;"#     scan ends at 2025.117.06:50:01
2025.117.06:45:02;"
2025.117.06:45:02;"# ### Block for 1749+096 scan 9 'No0312' at 2025.117.07:00:01 in 600s ###########
2025.117.06:45:02;"#
2025.117.06:45:02;"# OPERATOR free 7 min 35 sec until VLBI calibrations to start at 2025.117.06:57:26
2025.117.06:45:02;"#
2025.117.06:50:01;"print('You have 7 min 35 sec until the next VLBI calibration scan at 2025.117.06:57:26.')
2025.117.06:50:01;"reply from APECS: OK
2025.117.06:50:01;"reply from APECS: OK
2025.117.06:50:02;"reply from APECS: (timeout)
2025.117.06:57:26;"source('1749+096',cats='user'); go(); track()
2025.117.06:57:27;"reply from APECS: (timeout)
2025.117.06:57:51;"vlbi_tsys()
2025.117.06:57:51;"reply from APECS: OK
2025.117.06:57:51;"reply from APECS: OK
2025.117.06:57:52;"reply from APECS: (timeout)
2025.117.06:59:16;"vlbi_reference_scan()
2025.117.06:59:17;"reply from APECS: (timeout)
2025.117.06:59:17;"#                      gap        max ~0 min 10 sec
2025.117.07:00:01;"vlbi_scan(t_mins=5,targetSource='1749+096')
2025.117.07:00:01;"reply from APECS: OK
2025.117.07:00:02;"reply from APECS: (timeout)
2025.117.07:00:02;"#     scan ends at 2025.117.07:05:01
2025.117.07:00:02;"
2025.117.07:00:02;"# ### Block for 3C279 scan 10 'No0319' at 2025.117.07:15:01 in 600s #############
2025.117.07:00:02;"#
2025.117.07:00:02;"# OPERATOR free 7 min 35 sec until VLBI calibrations to start at 2025.117.07:12:26
2025.117.07:00:02;"#
2025.117.07:05:01;"print('You have 7 min 35 sec until the next VLBI calibration scan at 2025.117.07:12:26.')
2025.117.07:05:01;"reply from APECS: OK
2025.117.07:05:01;"reply from APECS: OK
2025.117.07:05:02;"reply from APECS: (timeout)
2025.117.07:12:26;"source('3C279',cats='user'); go(); track()
2025.117.07:12:27;"reply from APECS: (timeout)
2025.117.07:12:51;"vlbi_tsys()
2025.117.07:12:51;"reply from APECS: OK
2025.117.07:12:52;"reply from APECS: (timeout)
2025.117.07:14:16;"vlbi_reference_scan()
2025.117.07:14:16;"reply from APECS: OK
2025.117.07:14:17;"reply from APECS: (timeout)
2025.117.07:14:17;"#                      gap        max ~0 min 10 sec
2025.117.07:15:01;"vlbi_scan(t_mins=5,targetSource='3C279')
2025.117.07:15:01;"reply from APECS: OK
2025.117.07:15:02;"reply from APECS: (timeout)
2025.117.07:15:02;"#     scan ends at 2025.117.07:20:01
2025.117.07:15:02;"
2025.117.07:15:02;"# ### Block for 1749+096 scan 11 'No0326' at 2025.117.07:30:01 in 600s ##########
2025.117.07:15:02;"#
2025.117.07:15:02;"# OPERATOR free 7 min 35 sec until VLBI calibrations to start at 2025.117.07:27:26
2025.117.07:15:02;"#
2025.117.07:20:01;"print('You have 7 min 35 sec until the next VLBI calibration scan at 2025.117.07:27:26.')
2025.117.07:20:01;"reply from APECS: OK
2025.117.07:20:01;"reply from APECS: OK
2025.117.07:20:02;"reply from APECS: (timeout)
2025.117.07:27:26;"source('1749+096',cats='user'); go(); track()
2025.117.07:27:27;"reply from APECS: (timeout)
2025.117.07:27:51;"vlbi_tsys()
2025.117.07:27:51;"reply from APECS: OK
2025.117.07:27:52;"reply from APECS: (timeout)
2025.117.07:29:16;"vlbi_reference_scan()
2025.117.07:29:16;"reply from APECS: OK
2025.117.07:29:17;"reply from APECS: (timeout)
2025.117.07:29:17;"#                      gap        max ~0 min 10 sec
2025.117.07:30:01;"vlbi_scan(t_mins=5,targetSource='1749+096')
2025.117.07:30:01;"reply from APECS: OK
2025.117.07:30:02;"reply from APECS: (timeout)
2025.117.07:30:02;"#     scan ends at 2025.117.07:35:01
2025.117.07:30:02;"
2025.117.07:30:02;"# ### Block for 3C279 scan 12 'No0333' at 2025.117.07:45:01 in 600s #############
2025.117.07:30:02;"#
2025.117.07:30:02;"# OPERATOR free 7 min 35 sec until VLBI calibrations to start at 2025.117.07:42:26
2025.117.07:30:02;"#
2025.117.07:35:01;"print('You have 7 min 35 sec until the next VLBI calibration scan at 2025.117.07:42:26.')
2025.117.07:35:01;"reply from APECS: OK
2025.117.07:35:01;"reply from APECS: OK
2025.117.07:35:02;"reply from APECS: (timeout)
2025.117.07:42:26;"source('3C279',cats='user'); go(); track()
2025.117.07:42:27;"reply from APECS: (timeout)
2025.117.07:42:51;"vlbi_tsys()
2025.117.07:42:51;"reply from APECS: OK
2025.117.07:42:52;"reply from APECS: (timeout)
2025.117.07:44:16;"vlbi_reference_scan()
2025.117.07:44:16;"reply from APECS: OK
2025.117.07:44:17;"reply from APECS: (timeout)
2025.117.07:44:17;"#                      gap        max ~0 min 10 sec
2025.117.07:45:01;"vlbi_scan(t_mins=5,targetSource='3C279')
2025.117.07:45:01;"reply from APECS: OK
2025.117.07:45:02;"reply from APECS: (timeout)
2025.117.07:45:02;"#     scan ends at 2025.117.07:50:01
2025.117.07:45:02;"
2025.117.07:45:02;"# ### Block for 1749+096 scan 13 'No0340' at 2025.117.08:00:01 in 600s ##########
2025.117.07:45:02;"#
2025.117.07:45:02;"# OPERATOR free 7 min 35 sec until VLBI calibrations to start at 2025.117.07:57:26
2025.117.07:45:02;"#
2025.117.07:50:01;"print('You have 7 min 35 sec until the next VLBI calibration scan at 2025.117.07:57:26.')
2025.117.07:50:01;"reply from APECS: OK
2025.117.07:50:01;"reply from APECS: OK
2025.117.07:50:02;"reply from APECS: (timeout)
2025.117.07:57:26;"source('1749+096',cats='user'); go(); track()
2025.117.07:57:27;"reply from APECS: (timeout)
2025.117.07:57:51;"vlbi_tsys()
2025.117.07:57:51;"reply from APECS: OK
2025.117.07:57:52;"reply from APECS: (timeout)
2025.117.07:59:16;"vlbi_reference_scan()
2025.117.07:59:16;"reply from APECS: OK
2025.117.07:59:17;"reply from APECS: (timeout)
2025.117.07:59:17;"#                      gap        max ~0 min 10 sec
2025.117.08:00:01;"vlbi_scan(t_mins=5,targetSource='1749+096')
2025.117.08:00:01;"reply from APECS: OK
2025.117.08:00:02;"reply from APECS: (timeout)
2025.117.08:00:02;"#     scan ends at 2025.117.08:05:01
2025.117.08:00:02;"
2025.117.08:00:02;"# ### Block for 3C279 scan 14 'No0347' at 2025.117.08:15:01 in 600s #############
2025.117.08:00:02;"#
2025.117.08:00:02;"# OPERATOR free 7 min 35 sec until VLBI calibrations to start at 2025.117.08:12:26
2025.117.08:00:02;"#
2025.117.08:05:01;"print('You have 7 min 35 sec until the next VLBI calibration scan at 2025.117.08:12:26.')
2025.117.08:05:01;"reply from APECS: OK
2025.117.08:05:01;"reply from APECS: OK
2025.117.08:05:02;"reply from APECS: (timeout)
2025.117.08:12:26;"source('3C279',cats='user'); go(); track()
2025.117.08:12:27;"reply from APECS: (timeout)
2025.117.08:12:51;"vlbi_tsys()
2025.117.08:12:51;"reply from APECS: OK
2025.117.08:12:51;"reply from APECS: OK
2025.117.08:12:52;"reply from APECS: (timeout)
2025.117.08:14:16;"vlbi_reference_scan()
2025.117.08:14:17;"reply from APECS: (timeout)
2025.117.08:14:17;"#                      gap        max ~0 min 10 sec
2025.117.08:15:01;"vlbi_scan(t_mins=5,targetSource='3C279')
2025.117.08:15:01;"reply from APECS: OK
2025.117.08:15:02;"reply from APECS: (timeout)
2025.117.08:15:02;"#     scan ends at 2025.117.08:20:01
2025.117.08:15:02;"
2025.117.08:15:02;"# ### Block for 1749+096 scan 15 'No0352' at 2025.117.08:30:01 in 600s ##########
2025.117.08:15:02;"#
2025.117.08:15:02;"# OPERATOR free 7 min 35 sec until VLBI calibrations to start at 2025.117.08:27:26
2025.117.08:15:02;"#
2025.117.08:20:01;"print('You have 7 min 35 sec until the next VLBI calibration scan at 2025.117.08:27:26.')
2025.117.08:20:01;"reply from APECS: OK
2025.117.08:20:01;"reply from APECS: OK
2025.117.08:20:02;"reply from APECS: (timeout)
2025.117.08:27:26;"source('1749+096',cats='user'); go(); track()
2025.117.08:27:27;"reply from APECS: (timeout)
2025.117.08:27:51;"vlbi_tsys()
2025.117.08:27:51;"reply from APECS: OK
2025.117.08:27:52;"reply from APECS: (timeout)
2025.117.08:29:16;"vlbi_reference_scan()
2025.117.08:29:16;"reply from APECS: OK
2025.117.08:29:17;"reply from APECS: (timeout)
2025.117.08:29:17;"#                      gap        max ~0 min 10 sec
2025.117.08:30:01;"vlbi_scan(t_mins=5,targetSource='1749+096')
2025.117.08:30:01;"reply from APECS: OK
2025.117.08:30:02;"reply from APECS: (timeout)
2025.117.08:30:02;"#     scan ends at 2025.117.08:35:01
2025.117.08:30:02;"
2025.117.08:30:02;"# ### Block for 1749+096 scan 16 'No0361' at 2025.117.08:45:01 in 600s ##########
2025.117.08:30:02;"#
2025.117.08:30:02;"# OPERATOR free 7 min 35 sec until VLBI calibrations to start at 2025.117.08:42:26
2025.117.08:30:02;"#
2025.117.08:35:01;"print('You have 7 min 35 sec until the next VLBI calibration scan at 2025.117.08:42:26.')
2025.117.08:35:01;"reply from APECS: OK
2025.117.08:35:01;"reply from APECS: OK
2025.117.08:35:02;"reply from APECS: (timeout)
2025.117.08:42:26;"source('1749+096',cats='user'); go(); track()
2025.117.08:42:27;"reply from APECS: (timeout)
2025.117.08:42:51;"vlbi_tsys()
2025.117.08:42:51;"reply from APECS: OK
2025.117.08:42:51;"reply from APECS: OK
2025.117.08:42:52;"reply from APECS: (timeout)
2025.117.08:44:16;"vlbi_reference_scan()
2025.117.08:44:17;"reply from APECS: (timeout)
2025.117.08:44:17;"#                      gap        max ~0 min 10 sec
2025.117.08:45:01;"vlbi_scan(t_mins=5,targetSource='1749+096')
2025.117.08:45:01;"reply from APECS: OK
2025.117.08:45:02;"reply from APECS: (timeout)
2025.117.08:45:02;"#     scan ends at 2025.117.08:50:01
2025.117.08:45:02;"
2025.117.08:45:02;"# ### Block for 1749+096 scan 17 'No0370' at 2025.117.09:00:01 in 600s ##########
2025.117.08:45:02;"#
2025.117.08:45:02;"# OPERATOR free 7 min 35 sec until VLBI calibrations to start at 2025.117.08:57:26
2025.117.08:45:02;"#
2025.117.08:50:01;"print('You have 7 min 35 sec until the next VLBI calibration scan at 2025.117.08:57:26.')
2025.117.08:50:01;"reply from APECS: OK
2025.117.08:50:01;"reply from APECS: OK
2025.117.08:50:02;"reply from APECS: (timeout)
2025.117.08:57:26;"source('1749+096',cats='user'); go(); track()
2025.117.08:57:27;"reply from APECS: (timeout)
2025.117.08:57:51;"vlbi_tsys()
2025.117.08:57:51;"reply from APECS: OK
2025.117.08:57:51;"reply from APECS: OK
2025.117.08:57:52;"reply from APECS: (timeout)
2025.117.08:59:16;"vlbi_reference_scan()
2025.117.08:59:17;"reply from APECS: (timeout)
2025.117.08:59:17;"#                      gap        max ~0 min 10 sec
2025.117.09:00:01;"vlbi_scan(t_mins=5,targetSource='1749+096')
2025.117.09:00:01;"reply from APECS: OK
2025.117.09:00:02;"reply from APECS: (timeout)
2025.117.09:00:02;"#     scan ends at 2025.117.09:05:01
2025.117.09:00:02;"
2025.117.09:00:02;"# ### Block for BLLAC scan 18 'No0377' at 2025.117.09:15:01 in 600s #############
2025.117.09:00:02;"#
2025.117.09:00:02;"# OPERATOR free 7 min 35 sec until VLBI calibrations to start at 2025.117.09:12:26
2025.117.09:00:02;"#
2025.117.09:05:01;"print('You have 7 min 35 sec until the next VLBI calibration scan at 2025.117.09:12:26.')
2025.117.09:05:01;"reply from APECS: OK
2025.117.09:05:01;"reply from APECS: OK
2025.117.09:05:02;"reply from APECS: (timeout)
2025.117.09:12:26;"source('BLLAC',cats='user'); go(); track()
2025.117.09:12:27;"reply from APECS: (timeout)
2025.117.09:12:51;"vlbi_tsys()
2025.117.09:12:51;"reply from APECS: OK
2025.117.09:12:51;"reply from APECS: OK
2025.117.09:12:52;"reply from APECS: (timeout)
2025.117.09:14:16;"vlbi_reference_scan()
2025.117.09:14:17;"reply from APECS: (timeout)
2025.117.09:14:17;"#                      gap        max ~0 min 10 sec
2025.117.09:15:01;"vlbi_scan(t_mins=5,targetSource='BLLAC')
2025.117.09:15:01;"reply from APECS: OK
2025.117.09:15:02;"reply from APECS: (timeout)
2025.117.09:15:02;"#     scan ends at 2025.117.09:20:01
2025.117.09:15:02;"
2025.117.09:15:02;"# ### Block for 1921-293 scan 19 'No0384' at 2025.117.09:30:01 in 600s ##########
2025.117.09:15:02;"#
2025.117.09:15:02;"# OPERATOR free 7 min 35 sec until VLBI calibrations to start at 2025.117.09:27:26
2025.117.09:15:02;"#
2025.117.09:20:01;"print('You have 7 min 35 sec until the next VLBI calibration scan at 2025.117.09:27:26.')
2025.117.09:20:01;"reply from APECS: OK
2025.117.09:20:01;"reply from APECS: OK
2025.117.09:20:02;"reply from APECS: (timeout)
2025.117.09:27:26;"source('1921-293',cats='user'); go(); track()
2025.117.09:27:27;"reply from APECS: (timeout)
2025.117.09:27:51;"vlbi_tsys()
2025.117.09:27:51;"reply from APECS: OK
2025.117.09:27:51;"reply from APECS: OK
2025.117.09:27:52;"reply from APECS: (timeout)
2025.117.09:29:16;"vlbi_reference_scan()
2025.117.09:29:17;"reply from APECS: (timeout)
2025.117.09:29:17;"#                      gap        max ~0 min 10 sec
2025.117.09:30:01;"vlbi_scan(t_mins=5,targetSource='1921-293')
2025.117.09:30:01;"reply from APECS: OK
2025.117.09:30:02;"reply from APECS: (timeout)
2025.117.09:30:02;"#     scan ends at 2025.117.09:35:01
2025.117.09:30:02;"
2025.117.09:30:02;"# ### Block for BLLAC scan 20 'No0391' at 2025.117.09:45:01 in 600s #############
2025.117.09:30:02;"#
2025.117.09:30:02;"# OPERATOR free 7 min 35 sec until VLBI calibrations to start at 2025.117.09:42:26
2025.117.09:30:02;"#
2025.117.09:35:01;"print('You have 7 min 35 sec until the next VLBI calibration scan at 2025.117.09:42:26.')
2025.117.09:35:01;"reply from APECS: OK
2025.117.09:35:01;"reply from APECS: OK
2025.117.09:35:02;"reply from APECS: (timeout)
2025.117.09:42:26;"source('BLLAC',cats='user'); go(); track()
2025.117.09:42:27;"reply from APECS: (timeout)
2025.117.09:42:51;"vlbi_tsys()
2025.117.09:42:52;"reply from APECS: (timeout)
2025.117.09:44:16;"vlbi_reference_scan()
2025.117.09:44:16;"reply from APECS: OK
2025.117.09:44:16;"reply from APECS: OK
2025.117.09:44:17;"reply from APECS: (timeout)
2025.117.09:44:17;"#                      gap        max ~0 min 10 sec
2025.117.09:45:01;"vlbi_scan(t_mins=5,targetSource='BLLAC')
2025.117.09:45:01;"reply from APECS: OK
2025.117.09:45:02;"reply from APECS: (timeout)
2025.117.09:45:02;"#     scan ends at 2025.117.09:50:01
2025.117.09:45:02;"
2025.117.09:45:02;"# ### Block for 1749+096 scan 21 'No0398' at 2025.117.10:00:01 in 600s ##########
2025.117.09:45:02;"#
2025.117.09:45:02;"# OPERATOR free 7 min 35 sec until VLBI calibrations to start at 2025.117.09:57:26
2025.117.09:45:02;"#
2025.117.09:50:01;"print('You have 7 min 35 sec until the next VLBI calibration scan at 2025.117.09:57:26.')
2025.117.09:50:01;"reply from APECS: OK
2025.117.09:50:01;"reply from APECS: OK
2025.117.09:50:02;"reply from APECS: (timeout)
2025.117.09:57:26;"source('1749+096',cats='user'); go(); track()
2025.117.09:57:27;"reply from APECS: (timeout)
2025.117.09:57:51;"vlbi_tsys()
2025.117.09:57:51;"reply from APECS: OK
2025.117.09:57:52;"reply from APECS: (timeout)
2025.117.09:59:16;"vlbi_reference_scan()
2025.117.09:59:16;"reply from APECS: OK
2025.117.09:59:17;"reply from APECS: (timeout)
2025.117.09:59:17;"#                      gap        max ~0 min 10 sec
2025.117.10:00:01;"vlbi_scan(t_mins=5,targetSource='1749+096')
2025.117.10:00:01;"reply from APECS: OK
2025.117.10:00:02;"reply from APECS: (timeout)
2025.117.10:00:02;"#     scan ends at 2025.117.10:05:01
2025.117.10:00:02;"
2025.117.10:00:02;"# ### Block for BLLAC scan 22 'No0405' at 2025.117.10:15:01 in 600s #############
2025.117.10:00:02;"#
2025.117.10:00:02;"# OPERATOR free 7 min 35 sec until VLBI calibrations to start at 2025.117.10:12:26
2025.117.10:00:02;"#
2025.117.10:05:01;"print('You have 7 min 35 sec until the next VLBI calibration scan at 2025.117.10:12:26.')
2025.117.10:05:01;"reply from APECS: OK
2025.117.10:05:01;"reply from APECS: OK
2025.117.10:05:02;"reply from APECS: (timeout)
2025.117.10:12:26;"source('BLLAC',cats='user'); go(); track()
2025.117.10:12:27;"reply from APECS: (timeout)
2025.117.10:12:51;"vlbi_tsys()
2025.117.10:12:51;"reply from APECS: OK
2025.117.10:12:51;"reply from APECS: OK
2025.117.10:12:52;"reply from APECS: (timeout)
2025.117.10:14:16;"vlbi_reference_scan()
2025.117.10:14:17;"reply from APECS: (timeout)
2025.117.10:14:17;"#                      gap        max ~0 min 10 sec
2025.117.10:15:01;"vlbi_scan(t_mins=5,targetSource='BLLAC')
2025.117.10:15:01;"reply from APECS: OK
2025.117.10:15:02;"reply from APECS: (timeout)
2025.117.10:15:02;"#     scan ends at 2025.117.10:20:01
2025.117.10:15:02;"
2025.117.10:15:02;"# ### Block for 1921-293 scan 23 'No0412' at 2025.117.10:30:01 in 600s ##########
2025.117.10:15:02;"#
2025.117.10:15:02;"# OPERATOR free 7 min 35 sec until VLBI calibrations to start at 2025.117.10:27:26
2025.117.10:15:02;"#
2025.117.10:20:01;"print('You have 7 min 35 sec until the next VLBI calibration scan at 2025.117.10:27:26.')
2025.117.10:20:01;"reply from APECS: OK
2025.117.10:20:01;"reply from APECS: OK
2025.117.10:20:02;"reply from APECS: (timeout)
2025.117.10:27:26;"source('1921-293',cats='user'); go(); track()
2025.117.10:27:27;"reply from APECS: (timeout)
2025.117.10:27:51;"vlbi_tsys()
2025.117.10:27:52;"reply from APECS: (timeout)
2025.117.10:29:16;"vlbi_reference_scan()
2025.117.10:29:16;"reply from APECS: OK
2025.117.10:29:16;"reply from APECS: OK
2025.117.10:29:17;"reply from APECS: (timeout)
2025.117.10:29:17;"#                      gap        max ~0 min 10 sec
2025.117.10:30:01;"vlbi_scan(t_mins=5,targetSource='1921-293')
2025.117.10:30:01;"reply from APECS: OK
2025.117.10:30:02;"reply from APECS: (timeout)
2025.117.10:30:02;"#     scan ends at 2025.117.10:35:01
2025.117.10:30:02;"
2025.117.10:30:02;"# ### Block for BLLAC scan 24 'No0419' at 2025.117.10:45:01 in 600s #############
2025.117.10:30:02;"#
2025.117.10:30:02;"# OPERATOR free 7 min 35 sec until VLBI calibrations to start at 2025.117.10:42:26
2025.117.10:30:02;"#
2025.117.10:35:01;"print('You have 7 min 35 sec until the next VLBI calibration scan at 2025.117.10:42:26.')
2025.117.10:35:01;"reply from APECS: OK
2025.117.10:35:01;"reply from APECS: OK
2025.117.10:35:02;"reply from APECS: (timeout)
2025.117.10:42:26;"source('BLLAC',cats='user'); go(); track()
2025.117.10:42:27;"reply from APECS: (timeout)
2025.117.10:42:51;"vlbi_tsys()
2025.117.10:42:52;"reply from APECS: (timeout)
2025.117.10:44:16;"vlbi_reference_scan()
2025.117.10:44:16;"reply from APECS: OK
2025.117.10:44:16;"reply from APECS: OK
2025.117.10:44:17;"reply from APECS: (timeout)
2025.117.10:44:17;"#                      gap        max ~0 min 10 sec
2025.117.10:45:01;"vlbi_scan(t_mins=5,targetSource='BLLAC')
2025.117.10:45:01;"reply from APECS: OK
2025.117.10:45:02;"reply from APECS: (timeout)
2025.117.10:45:02;"#     scan ends at 2025.117.10:50:01
2025.117.10:45:02;"
2025.117.10:45:02;"# ### Block for 1749+096 scan 25 'No0426' at 2025.117.11:00:01 in 600s ##########
2025.117.10:45:02;"#
2025.117.10:45:02;"# OPERATOR free 7 min 35 sec until VLBI calibrations to start at 2025.117.10:57:26
2025.117.10:45:02;"#
2025.117.10:50:01;"print('You have 7 min 35 sec until the next VLBI calibration scan at 2025.117.10:57:26.')
2025.117.10:50:01;"reply from APECS: OK
2025.117.10:50:01;"reply from APECS: OK
2025.117.10:50:02;"reply from APECS: (timeout)
2025.117.10:57:26;"source('1749+096',cats='user'); go(); track()
2025.117.10:57:27;"reply from APECS: (timeout)
2025.117.10:57:51;"vlbi_tsys()
2025.117.10:57:51;"reply from APECS: OK
2025.117.10:57:52;"reply from APECS: (timeout)
2025.117.10:59:16;"vlbi_reference_scan()
2025.117.10:59:16;"reply from APECS: OK
2025.117.10:59:17;"reply from APECS: (timeout)
2025.117.10:59:17;"#                      gap        max ~0 min 10 sec
2025.117.11:00:01;"vlbi_scan(t_mins=5,targetSource='1749+096')
2025.117.11:00:01;"reply from APECS: OK
2025.117.11:00:02;"reply from APECS: (timeout)
2025.117.11:00:02;"#     scan ends at 2025.117.11:05:01
2025.117.11:00:02;"
2025.117.11:00:02;"# ### Block for BLLAC scan 26 'No0433' at 2025.117.11:15:01 in 600s #############
2025.117.11:00:02;"#
2025.117.11:00:02;"# OPERATOR free 7 min 35 sec until VLBI calibrations to start at 2025.117.11:12:26
2025.117.11:00:02;"#
2025.117.11:05:01;"print('You have 7 min 35 sec until the next VLBI calibration scan at 2025.117.11:12:26.')
2025.117.11:05:01;"reply from APECS: OK
2025.117.11:05:01;"reply from APECS: OK
2025.117.11:05:02;"reply from APECS: (timeout)
2025.117.11:12:26;"source('BLLAC',cats='user'); go(); track()
2025.117.11:12:27;"reply from APECS: (timeout)
2025.117.11:12:51;"vlbi_tsys()
2025.117.11:12:51;"reply from APECS: OK
2025.117.11:12:52;"reply from APECS: (timeout)
2025.117.11:14:16;"vlbi_reference_scan()
2025.117.11:14:16;"reply from APECS: OK
2025.117.11:14:17;"reply from APECS: (timeout)
2025.117.11:14:17;"#                      gap        max ~0 min 10 sec
2025.117.11:15:01;"vlbi_scan(t_mins=5,targetSource='BLLAC')
2025.117.11:15:01;"reply from APECS: OK
2025.117.11:15:02;"reply from APECS: (timeout)
2025.117.11:15:02;"#     scan ends at 2025.117.11:20:01
2025.117.11:15:02;"
2025.117.11:15:02;"# ### Block for 1921-293 scan 27 'No0440' at 2025.117.11:30:01 in 600s ##########
2025.117.11:15:02;"#
2025.117.11:15:02;"# OPERATOR free 7 min 35 sec until VLBI calibrations to start at 2025.117.11:27:26
2025.117.11:15:02;"#
2025.117.11:20:01;"print('You have 7 min 35 sec until the next VLBI calibration scan at 2025.117.11:27:26.')
2025.117.11:20:01;"reply from APECS: OK
2025.117.11:20:01;"reply from APECS: OK
2025.117.11:20:02;"reply from APECS: (timeout)
2025.117.11:27:26;"source('1921-293',cats='user'); go(); track()
2025.117.11:27:27;"reply from APECS: (timeout)
2025.117.11:27:51;"vlbi_tsys()
2025.117.11:27:51;"reply from APECS: OK
2025.117.11:27:51;"reply from APECS: OK
2025.117.11:27:52;"reply from APECS: (timeout)
2025.117.11:29:16;"vlbi_reference_scan()
2025.117.11:29:17;"reply from APECS: (timeout)
2025.117.11:29:17;"#                      gap        max ~0 min 10 sec
2025.117.11:30:01;"vlbi_scan(t_mins=5,targetSource='1921-293')
2025.117.11:30:01;"reply from APECS: OK
2025.117.11:30:02;"reply from APECS: (timeout)
2025.117.11:30:02;"#     scan ends at 2025.117.11:35:01
2025.117.11:30:02;"
2025.117.11:30:02;"# ### Block for BLLAC scan 28 'No0448' at 2025.117.11:45:01 in 600s #############
2025.117.11:30:02;"#
2025.117.11:30:02;"# OPERATOR free 7 min 35 sec until VLBI calibrations to start at 2025.117.11:42:26
2025.117.11:30:02;"#
2025.117.11:35:01;"print('You have 7 min 35 sec until the next VLBI calibration scan at 2025.117.11:42:26.')
2025.117.11:35:01;"reply from APECS: OK
2025.117.11:35:01;"reply from APECS: OK
2025.117.11:35:02;"reply from APECS: (timeout)
2025.117.11:42:26;"source('BLLAC',cats='user'); go(); track()
2025.117.11:42:27;"reply from APECS: (timeout)
2025.117.11:42:51;"vlbi_tsys()
2025.117.11:42:52;"reply from APECS: (timeout)
2025.117.11:44:16;"vlbi_reference_scan()
2025.117.11:44:16;"reply from APECS: OK
2025.117.11:44:16;"reply from APECS: OK
2025.117.11:44:17;"reply from APECS: (timeout)
2025.117.11:44:17;"#                      gap        max ~0 min 10 sec
2025.117.11:45:01;"vlbi_scan(t_mins=5,targetSource='BLLAC')
2025.117.11:45:01;"reply from APECS: OK
2025.117.11:45:02;"reply from APECS: (timeout)
2025.117.11:45:02;"#     scan ends at 2025.117.11:50:01
2025.117.11:45:02;"
2025.117.11:45:02;"# ### Block for 1749+096 scan 29 'No0457' at 2025.117.12:00:01 in 600s ##########
2025.117.11:45:02;"#
2025.117.11:45:02;"# OPERATOR free 7 min 35 sec until VLBI calibrations to start at 2025.117.11:57:26
2025.117.11:45:02;"#
2025.117.11:50:01;"print('You have 7 min 35 sec until the next VLBI calibration scan at 2025.117.11:57:26.')
2025.117.11:50:01;"reply from APECS: OK
2025.117.11:50:01;"reply from APECS: OK
2025.117.11:50:02;"reply from APECS: (timeout)
2025.117.11:57:26;"source('1749+096',cats='user'); go(); track()
2025.117.11:57:27;"reply from APECS: (timeout)
2025.117.11:57:51;"vlbi_tsys()
2025.117.11:57:51;"reply from APECS: OK
2025.117.11:57:52;"reply from APECS: (timeout)
2025.117.11:59:16;"vlbi_reference_scan()
2025.117.11:59:16;"reply from APECS: OK
2025.117.11:59:17;"reply from APECS: (timeout)
2025.117.11:59:17;"#                      gap        max ~0 min 10 sec
2025.117.12:00:01;"vlbi_scan(t_mins=5,targetSource='1749+096')
2025.117.12:00:01;"reply from APECS: OK
2025.117.12:00:02;"reply from APECS: (timeout)
2025.117.12:00:02;"#     scan ends at 2025.117.12:05:01
2025.117.12:00:02;"
2025.117.12:00:02;"# ### Block for BLLAC scan 30 'No0466' at 2025.117.12:15:01 in 600s #############
2025.117.12:00:02;"#
2025.117.12:00:02;"# OPERATOR free 7 min 35 sec until VLBI calibrations to start at 2025.117.12:12:26
2025.117.12:00:02;"#
2025.117.12:05:01;"print('You have 7 min 35 sec until the next VLBI calibration scan at 2025.117.12:12:26.')
2025.117.12:05:01;"reply from APECS: OK
2025.117.12:05:01;"reply from APECS: OK
2025.117.12:05:02;"reply from APECS: (timeout)
2025.117.12:12:26;"source('BLLAC',cats='user'); go(); track()
2025.117.12:12:27;"reply from APECS: (timeout)
2025.117.12:12:51;"vlbi_tsys()
2025.117.12:12:51;"reply from APECS: OK
2025.117.12:12:52;"reply from APECS: (timeout)
2025.117.12:14:16;"vlbi_reference_scan()
2025.117.12:14:16;"reply from APECS: OK
2025.117.12:14:17;"reply from APECS: (timeout)
2025.117.12:14:17;"#                      gap        max ~0 min 10 sec
2025.117.12:15:01;"vlbi_scan(t_mins=5,targetSource='BLLAC')
2025.117.12:15:01;"reply from APECS: OK
2025.117.12:15:02;"reply from APECS: (timeout)
2025.117.12:15:02;"#     scan ends at 2025.117.12:20:01
2025.117.12:15:02;"
2025.117.12:15:02;"# ### Block for 1921-293 scan 31 'No0476' at 2025.117.12:30:01 in 600s ##########
2025.117.12:15:02;"#
2025.117.12:15:02;"# OPERATOR free 7 min 35 sec until VLBI calibrations to start at 2025.117.12:27:26
2025.117.12:15:02;"#
2025.117.12:20:01;"print('You have 7 min 35 sec until the next VLBI calibration scan at 2025.117.12:27:26.')
2025.117.12:20:01;"reply from APECS: OK
2025.117.12:20:01;"reply from APECS: OK
2025.117.12:20:02;"reply from APECS: (timeout)
2025.117.12:27:26;"source('1921-293',cats='user'); go(); track()
2025.117.12:27:27;"reply from APECS: (timeout)
2025.117.12:27:51;"vlbi_tsys()
2025.117.12:27:52;"reply from APECS: (timeout)
2025.117.12:29:16;"vlbi_reference_scan()
2025.117.12:29:16;"reply from APECS: OK
2025.117.12:29:16;"reply from APECS: OK
2025.117.12:29:17;"reply from APECS: (timeout)
2025.117.12:29:17;"#                      gap        max ~0 min 10 sec
2025.117.12:30:01;"vlbi_scan(t_mins=5,targetSource='1921-293')
2025.117.12:30:01;"reply from APECS: OK
2025.117.12:30:02;"reply from APECS: (timeout)
2025.117.12:30:02;"#     scan ends at 2025.117.12:35:01
2025.117.12:30:02;"
2025.117.12:30:02;"# ### Block for BLLAC scan 32 'No0486' at 2025.117.12:45:01 in 600s #############
2025.117.12:30:02;"#
2025.117.12:30:02;"# OPERATOR free 7 min 35 sec until VLBI calibrations to start at 2025.117.12:42:26
2025.117.12:30:02;"#
2025.117.12:35:01;"print('You have 7 min 35 sec until the next VLBI calibration scan at 2025.117.12:42:26.')
2025.117.12:35:01;"reply from APECS: OK
2025.117.12:35:01;"reply from APECS: OK
2025.117.12:35:02;"reply from APECS: (timeout)
2025.117.12:42:26;"source('BLLAC',cats='user'); go(); track()
2025.117.12:42:27;"reply from APECS: (timeout)
2025.117.12:42:51;"vlbi_tsys()
2025.117.12:42:51;"reply from APECS: OK
2025.117.12:42:52;"reply from APECS: (timeout)
2025.117.12:44:16;"vlbi_reference_scan()
2025.117.12:44:16;"reply from APECS: OK
2025.117.12:44:17;"reply from APECS: (timeout)
2025.117.12:44:17;"#                      gap        max ~0 min 10 sec
2025.117.12:45:01;"vlbi_scan(t_mins=5,targetSource='BLLAC')
2025.117.12:45:01;"reply from APECS: OK
2025.117.12:45:02;"reply from APECS: (timeout)
2025.117.12:45:02;"#     scan ends at 2025.117.12:50:01
2025.117.12:45:02;"
2025.117.12:45:02;"# ### Block for BLLAC scan 33 'No0496' at 2025.117.13:00:01 in 600s #############
2025.117.12:45:02;"#
2025.117.12:45:02;"# OPERATOR free 7 min 35 sec until VLBI calibrations to start at 2025.117.12:57:26
2025.117.12:45:02;"#
2025.117.12:50:01;"print('You have 7 min 35 sec until the next VLBI calibration scan at 2025.117.12:57:26.')
2025.117.12:50:01;"reply from APECS: OK
2025.117.12:50:01;"reply from APECS: OK
2025.117.12:50:02;"reply from APECS: (timeout)
2025.117.12:57:26;"source('BLLAC',cats='user'); go(); track()
2025.117.12:57:27;"reply from APECS: (timeout)
2025.117.12:57:51;"vlbi_tsys()
2025.117.12:57:51;"reply from APECS: OK
2025.117.12:57:51;"reply from APECS: OK
2025.117.12:57:52;"reply from APECS: (timeout)
2025.117.12:59:16;"vlbi_reference_scan()
2025.117.12:59:17;"reply from APECS: (timeout)
2025.117.12:59:17;"#                      gap        max ~0 min 10 sec
2025.117.13:00:01;"vlbi_scan(t_mins=7,targetSource='BLLAC')
2025.117.13:00:01;"reply from APECS: OK
2025.117.13:00:02;"reply from APECS: (timeout)
2025.117.13:00:02;"#     scan ends at 2025.117.13:07:01
2025.117.13:00:02;"
2025.117.13:00:02;"# ### Block for 3C84 scan 34 'No0531' at 2025.117.14:30:00 in 4979s #############
2025.117.13:00:02;"#
2025.117.13:00:02;"# OPERATOR free 80 min 34 sec until VLBI calibrations to start at 2025.117.14:27:25
2025.117.13:00:02;"#
2025.117.13:07:01;"print('You have 80 min 34 sec until the next VLBI calibration scan at 2025.117.14:27:25.')
2025.117.13:07:01;"reply from APECS: OK
2025.117.13:07:01;"reply from APECS: OK
2025.117.13:07:02;"reply from APECS: (timeout)
2025.117.14:27:25;"source('3C84',cats='user'); go(); track()
2025.117.14:27:26;"reply from APECS: (timeout)
2025.117.14:27:50;"vlbi_tsys()
2025.117.14:27:51;"reply from APECS: (timeout)
2025.117.14:29:15;"vlbi_reference_scan()
2025.117.14:29:16;"reply from APECS: (timeout)
2025.117.14:29:16;"#                      gap        max ~0 min 10 sec
2025.117.14:30:00;"vlbi_scan(t_mins=7,targetSource='3C84')
2025.117.14:30:01;"reply from APECS: (timeout)
2025.117.14:30:01;"#     scan ends at 2025.117.14:37:00
2025.117.14:30:01;"
2025.117.14:30:01;"# ### Block for 3C84 scan 35 'No0537' at 2025.117.14:45:00 in 480s ##############
2025.117.14:42:25;"source('3C84',cats='user'); go(); track()
2025.117.14:42:26;"reply from APECS: (timeout)
2025.117.14:42:50;"vlbi_tsys()
2025.117.14:42:50;"reply from APECS: OK
2025.117.14:42:50;"reply from APECS: OK
2025.117.14:42:51;"reply from APECS: (timeout)
2025.117.14:44:15;"vlbi_reference_scan()
2025.117.14:44:16;"reply from APECS: (timeout)
2025.117.14:44:16;"#                      gap        max ~0 min 10 sec
2025.117.14:45:00;"vlbi_scan(t_mins=7,targetSource='3C84')
2025.117.14:45:00;"reply from APECS: OK
2025.117.14:45:01;"reply from APECS: (timeout)
2025.117.14:45:01;"#     scan ends at 2025.117.14:52:00
2025.117.14:45:01;"
2025.117.14:45:01;"# ### Block for 3C84 scan 36 'No0543' at 2025.117.15:00:00 in 480s ##############
2025.117.14:57:25;"source('3C84',cats='user'); go(); track()
2025.117.14:57:25;"reply from APECS: OK
2025.117.14:57:26;"reply from APECS: (timeout)
2025.117.14:57:50;"vlbi_tsys()
2025.117.14:57:50;"reply from APECS: OK
2025.117.14:57:50;"reply from APECS: OK
2025.117.14:57:51;"reply from APECS: (timeout)
2025.117.14:59:15;"vlbi_reference_scan()
2025.117.14:59:16;"reply from APECS: (timeout)
2025.117.14:59:16;"#                      gap        max ~0 min 10 sec
2025.117.15:00:00;"vlbi_scan(t_mins=7,targetSource='3C84')
2025.117.15:00:00;"reply from APECS: OK
2025.117.15:00:01;"reply from APECS: (timeout)
2025.117.15:00:01;"#     scan ends at 2025.117.15:07:00
2025.117.15:00:01;"
2025.117.15:00:01;"# ### Block for 3C84 scan 37 'No0549' at 2025.117.15:15:00 in 480s ##############
2025.117.15:12:25;"source('3C84',cats='user'); go(); track()
2025.117.15:12:25;"reply from APECS: OK
2025.117.15:12:26;"reply from APECS: (timeout)
2025.117.15:12:50;"vlbi_tsys()
2025.117.15:12:50;"reply from APECS: OK
2025.117.15:12:50;"reply from APECS: OK
2025.117.15:12:51;"reply from APECS: (timeout)
2025.117.15:14:15;"vlbi_reference_scan()
2025.117.15:14:16;"reply from APECS: (timeout)
2025.117.15:14:16;"#                      gap        max ~0 min 10 sec
2025.117.15:15:00;"vlbi_scan(t_mins=7,targetSource='3C84')
2025.117.15:15:00;"reply from APECS: OK
2025.117.15:15:01;"reply from APECS: (timeout)
2025.117.15:15:01;"#     scan ends at 2025.117.15:22:00
2025.117.15:15:01;"
2025.117.15:15:01;"# ### Block for 3C84 scan 38 'No0562' at 2025.117.15:45:00 in 1380s #############
2025.117.15:15:01;"#
2025.117.15:15:01;"# OPERATOR free 20 min 35 sec until VLBI calibrations to start at 2025.117.15:42:25
2025.117.15:15:01;"#
2025.117.15:22:00;"print('You have 20 min 35 sec until the next VLBI calibration scan at 2025.117.15:42:25.')
2025.117.15:22:00;"reply from APECS: OK
2025.117.15:22:00;"reply from APECS: OK
2025.117.15:22:01;"reply from APECS: (timeout)
2025.117.15:42:25;"source('3C84',cats='user'); go(); track()
2025.117.15:42:26;"reply from APECS: (timeout)
2025.117.15:42:50;"vlbi_tsys()
2025.117.15:42:50;"reply from APECS: OK
2025.117.15:42:50;"reply from APECS: OK
2025.117.15:42:51;"reply from APECS: (timeout)
2025.117.15:44:15;"vlbi_reference_scan()
2025.117.15:44:16;"reply from APECS: (timeout)
2025.117.15:44:16;"#                      gap        max ~0 min 10 sec
2025.117.15:45:00;"vlbi_scan(t_mins=7,targetSource='3C84')
2025.117.15:45:00;"reply from APECS: OK
2025.117.15:45:01;"reply from APECS: (timeout)
2025.117.15:45:01;"#     scan ends at 2025.117.15:52:00
2025.117.15:45:01;"
2025.117.15:45:01;"# ### Block for 3C84 scan 39 'No0571' at 2025.117.16:03:10 in 670s ##############
2025.117.15:45:01;"#
2025.117.15:45:01;"# OPERATOR free 8 min 45 sec until VLBI calibrations to start at 2025.117.16:00:35
2025.117.15:45:01;"#
2025.117.15:52:00;"print('You have 8 min 45 sec until the next VLBI calibration scan at 2025.117.16:00:35.')
2025.117.15:52:00;"reply from APECS: OK
2025.117.15:52:00;"reply from APECS: OK
2025.117.15:52:01;"reply from APECS: (timeout)
2025.117.16:00:35;"source('3C84',cats='user'); go(); track()
2025.117.16:00:36;"reply from APECS: (timeout)
2025.117.16:01:00;"vlbi_tsys()
2025.117.16:01:00;"reply from APECS: OK
2025.117.16:01:00;"reply from APECS: OK
2025.117.16:01:01;"reply from APECS: (timeout)
2025.117.16:02:25;"vlbi_reference_scan()
2025.117.16:02:26;"reply from APECS: (timeout)
2025.117.16:02:26;"#                      gap        max ~0 min 10 sec
2025.117.16:03:10;"vlbi_scan(t_mins=5,targetSource='3C84')
2025.117.16:03:10;"reply from APECS: OK
2025.117.16:03:11;"reply from APECS: (timeout)
2025.117.16:03:11;"#     scan ends at 2025.117.16:08:10
2025.117.16:03:11;"
2025.117.16:03:11;"# ### Block for 3C84 scan 40 'No0575' at 2025.117.16:15:00 in 410s ##############
2025.117.16:12:25;"source('3C84',cats='user'); go(); track()
2025.117.16:12:25;"reply from APECS: OK
2025.117.16:12:26;"reply from APECS: (timeout)
2025.117.16:12:50;"vlbi_tsys()
2025.117.16:12:50;"reply from APECS: OK
2025.117.16:12:50;"reply from APECS: OK
2025.117.16:12:51;"reply from APECS: (timeout)
2025.117.16:14:15;"vlbi_reference_scan()
2025.117.16:14:16;"reply from APECS: (timeout)
2025.117.16:14:16;"#                      gap        max ~0 min 10 sec
2025.117.16:15:00;"vlbi_scan(t_mins=7,targetSource='3C84')
2025.117.16:15:00;"reply from APECS: OK
2025.117.16:15:01;"reply from APECS: (timeout)
2025.117.16:15:01;"#     scan ends at 2025.117.16:22:00
2025.117.16:15:01;"
2025.117.16:15:01;"# ### Block for 3C84 scan 41 'No0582' at 2025.117.16:30:00 in 480s ##############
2025.117.16:27:25;"source('3C84',cats='user'); go(); track()
2025.117.16:27:25;"reply from APECS: OK
2025.117.16:27:26;"reply from APECS: (timeout)
2025.117.16:27:50;"vlbi_tsys()
2025.117.16:27:50;"reply from APECS: OK
2025.117.16:27:50;"reply from APECS: OK
2025.117.16:27:51;"reply from APECS: (timeout)
2025.117.16:29:15;"vlbi_reference_scan()
2025.117.16:29:16;"reply from APECS: (timeout)
2025.117.16:29:16;"#                      gap        max ~0 min 10 sec
2025.117.16:30:00;"vlbi_scan(t_mins=7,targetSource='3C84')
2025.117.16:30:00;"reply from APECS: OK
2025.117.16:30:01;"reply from APECS: (timeout)
2025.117.16:30:01;"#     scan ends at 2025.117.16:37:00
2025.117.16:30:01;"
2025.117.16:30:01;"# ### Block for 3C111 scan 42 'No0588' at 2025.117.16:45:00 in 480s #############
2025.117.16:42:25;"source('3C111',cats='user'); go(); track()
2025.117.16:42:25;"reply from APECS: OK
2025.117.16:42:26;"reply from APECS: (timeout)
2025.117.16:42:50;"vlbi_tsys()
2025.117.16:42:50;"reply from APECS: OK
2025.117.16:42:50;"reply from APECS: OK
2025.117.16:42:51;"reply from APECS: (timeout)
2025.117.16:44:15;"vlbi_reference_scan()
2025.117.16:44:16;"reply from APECS: (timeout)
2025.117.16:44:16;"#                      gap        max ~0 min 10 sec
2025.117.16:45:00;"vlbi_scan(t_mins=7,targetSource='3C111')
2025.117.16:45:00;"reply from APECS: OK
2025.117.16:45:01;"reply from APECS: (timeout)
2025.117.16:45:01;"#     scan ends at 2025.117.16:52:00
2025.117.16:45:01;"
2025.117.16:45:01;"# ### Block for 3C84 scan 43 'No0595' at 2025.117.17:00:30 in 510s ##############
2025.117.16:45:01;"#
2025.117.16:45:01;"# OPERATOR free 6 min 05 sec until VLBI calibrations to start at 2025.117.16:57:55
2025.117.16:45:01;"#
2025.117.16:52:00;"print('You have 6 min 05 sec until the next VLBI calibration scan at 2025.117.16:57:55.')
2025.117.16:52:00;"reply from APECS: OK
2025.117.16:52:00;"reply from APECS: OK
2025.117.16:52:01;"reply from APECS: (timeout)
2025.117.16:57:55;"source('3C84',cats='user'); go(); track()
2025.117.16:57:56;"reply from APECS: (timeout)
2025.117.16:58:20;"vlbi_tsys()
2025.117.16:58:20;"reply from APECS: OK
2025.117.16:58:20;"reply from APECS: OK
2025.117.16:58:21;"reply from APECS: (timeout)
2025.117.16:59:45;"vlbi_reference_scan()
2025.117.16:59:46;"reply from APECS: (timeout)
2025.117.16:59:46;"#                      gap        max ~0 min 10 sec
2025.117.17:00:30;"vlbi_scan(t_mins=7,targetSource='3C84')
2025.117.17:00:30;"reply from APECS: OK
2025.117.17:00:31;"reply from APECS: (timeout)
2025.117.17:00:31;"#     scan ends at 2025.117.17:07:30
2025.117.17:00:31;"
2025.117.17:00:31;"# ### Block for 3C84 scan 44 'No0599' at 2025.117.17:15:00 in 450s ##############
2025.117.17:12:25;"source('3C84',cats='user'); go(); track()
2025.117.17:12:25;"reply from APECS: OK
2025.117.17:12:26;"reply from APECS: (timeout)
2025.117.17:12:50;"vlbi_tsys()
2025.117.17:12:50;"reply from APECS: OK
2025.117.17:12:50;"reply from APECS: OK
2025.117.17:12:51;"reply from APECS: (timeout)
2025.117.17:14:15;"vlbi_reference_scan()
2025.117.17:14:16;"reply from APECS: (timeout)
2025.117.17:14:16;"#                      gap        max ~0 min 10 sec
2025.117.17:15:00;"vlbi_scan(t_mins=7,targetSource='3C84')
2025.117.17:15:00;"reply from APECS: OK
2025.117.17:15:01;"reply from APECS: (timeout)
2025.117.17:15:01;"#     scan ends at 2025.117.17:22:00
2025.117.17:15:01;"
2025.117.17:15:01;"# ### Block for 3C84 scan 45 'No0606' at 2025.117.17:30:00 in 480s ##############
2025.117.17:27:25;"source('3C84',cats='user'); go(); track()
2025.117.17:27:25;"reply from APECS: OK
2025.117.17:27:26;"reply from APECS: (timeout)
2025.117.17:27:50;"vlbi_tsys()
2025.117.17:27:50;"reply from APECS: OK
2025.117.17:27:50;"reply from APECS: OK
2025.117.17:27:51;"reply from APECS: (timeout)
2025.117.17:29:15;"vlbi_reference_scan()
2025.117.17:29:16;"reply from APECS: (timeout)
2025.117.17:29:16;"#                      gap        max ~0 min 10 sec
2025.117.17:30:00;"vlbi_scan(t_mins=7,targetSource='3C84')
2025.117.17:30:00;"reply from APECS: OK
2025.117.17:30:01;"reply from APECS: (timeout)
2025.117.17:30:01;"#     scan ends at 2025.117.17:37:00
2025.117.17:30:01;"
2025.117.17:30:01;"# ### Block for 3C84 scan 46 'No0611' at 2025.117.17:45:00 in 480s ##############
2025.117.17:42:25;"source('3C84',cats='user'); go(); track()
2025.117.17:42:25;"reply from APECS: OK
2025.117.17:42:26;"reply from APECS: (timeout)
2025.117.17:42:50;"vlbi_tsys()
2025.117.17:42:50;"reply from APECS: OK
2025.117.17:42:50;"reply from APECS: OK
2025.117.17:42:51;"reply from APECS: (timeout)
2025.117.17:44:15;"vlbi_reference_scan()
2025.117.17:44:16;"reply from APECS: (timeout)
2025.117.17:44:16;"#                      gap        max ~0 min 10 sec
2025.117.17:45:00;"vlbi_scan(t_mins=7,targetSource='3C84')
2025.117.17:45:00;"reply from APECS: OK
2025.117.17:45:01;"reply from APECS: (timeout)
2025.117.17:45:01;"#     scan ends at 2025.117.17:52:00
2025.117.17:45:01;"
2025.117.17:45:01;"# ### Block for 3C84 scan 47 'No0619' at 2025.117.18:01:10 in 550s ##############
2025.117.17:45:01;"#
2025.117.17:45:01;"# OPERATOR free 6 min 45 sec until VLBI calibrations to start at 2025.117.17:58:35
2025.117.17:45:01;"#
2025.117.17:52:00;"print('You have 6 min 45 sec until the next VLBI calibration scan at 2025.117.17:58:35.')
2025.117.17:52:00;"reply from APECS: OK
2025.117.17:52:00;"reply from APECS: OK
2025.117.17:52:01;"reply from APECS: (timeout)
2025.117.17:58:35;"source('3C84',cats='user'); go(); track()
2025.117.17:58:36;"reply from APECS: (timeout)
2025.117.17:59:00;"vlbi_tsys()
2025.117.17:59:00;"reply from APECS: OK
2025.117.17:59:00;"reply from APECS: OK
2025.117.17:59:01;"reply from APECS: (timeout)
2025.117.18:00:25;"vlbi_reference_scan()
2025.117.18:00:26;"reply from APECS: (timeout)
2025.117.18:00:26;"#                      gap        max ~0 min 10 sec
2025.117.18:01:10;"vlbi_scan(t_mins=7,targetSource='3C84')
2025.117.18:01:10;"reply from APECS: OK
2025.117.18:01:11;"reply from APECS: (timeout)
2025.117.18:01:11;"#     scan ends at 2025.117.18:08:10
2025.117.18:01:11;"
2025.117.18:01:11;"# ### Block for 3C84 scan 48 'No0623' at 2025.117.18:15:00 in 410s ##############
2025.117.18:12:25;"source('3C84',cats='user'); go(); track()
2025.117.18:12:25;"reply from APECS: OK
2025.117.18:12:26;"reply from APECS: (timeout)
2025.117.18:12:50;"vlbi_tsys()
2025.117.18:12:50;"reply from APECS: OK
2025.117.18:12:50;"reply from APECS: OK
2025.117.18:12:51;"reply from APECS: (timeout)
2025.117.18:14:15;"vlbi_reference_scan()
2025.117.18:14:16;"reply from APECS: (timeout)
2025.117.18:14:16;"#                      gap        max ~0 min 10 sec
2025.117.18:15:00;"vlbi_scan(t_mins=7,targetSource='3C84')
2025.117.18:15:00;"reply from APECS: OK
2025.117.18:15:01;"reply from APECS: (timeout)
2025.117.18:15:01;"#     scan ends at 2025.117.18:22:00
2025.117.18:15:01;"
2025.117.18:15:01;"# ### Block for 3C111 scan 49 'No0632' at 2025.117.18:34:00 in 720s #############
2025.117.18:15:01;"#
2025.117.18:15:01;"# OPERATOR free 9 min 35 sec until VLBI calibrations to start at 2025.117.18:31:25
2025.117.18:15:01;"#
2025.117.18:22:00;"print('You have 9 min 35 sec until the next VLBI calibration scan at 2025.117.18:31:25.')
2025.117.18:22:00;"reply from APECS: OK
2025.117.18:22:00;"reply from APECS: OK
2025.117.18:22:01;"reply from APECS: (timeout)
2025.117.18:31:25;"source('3C111',cats='user'); go(); track()
2025.117.18:31:26;"reply from APECS: (timeout)
2025.117.18:31:50;"vlbi_tsys()
2025.117.18:31:50;"reply from APECS: OK
2025.117.18:31:50;"reply from APECS: OK
2025.117.18:31:51;"reply from APECS: (timeout)
2025.117.18:33:15;"vlbi_reference_scan()
2025.117.18:33:16;"reply from APECS: (timeout)
2025.117.18:33:16;"#                      gap        max ~0 min 10 sec
2025.117.18:34:00;"vlbi_scan(t_mins=6,targetSource='3C111')
2025.117.18:34:00;"reply from APECS: OK
2025.117.18:34:01;"reply from APECS: (timeout)
2025.117.18:34:01;"#     scan ends at 2025.117.18:40:00
2025.117.18:34:01;"
2025.117.18:34:01;"# ### Block for 3C84 scan 50 'No0636' at 2025.117.18:45:00 in 300s ##############
2025.117.18:42:25;"source('3C84',cats='user'); go(); track()
2025.117.18:42:25;"reply from APECS: OK
2025.117.18:42:26;"reply from APECS: (timeout)
2025.117.18:42:50;"vlbi_tsys()
2025.117.18:42:50;"reply from APECS: OK
2025.117.18:42:51;"reply from APECS: (timeout)
2025.117.18:44:15;"vlbi_reference_scan()
2025.117.18:44:15;"reply from APECS: OK
2025.117.18:44:16;"reply from APECS: (timeout)
2025.117.18:44:16;"#                      gap        max ~0 min 10 sec
2025.117.18:45:00;"vlbi_scan(t_mins=7,targetSource='3C84')
2025.117.18:45:00;"reply from APECS: OK
2025.117.18:45:01;"reply from APECS: (timeout)
2025.117.18:45:01;"#     scan ends at 2025.117.18:52:00
2025.117.18:45:01;"
2025.117.18:45:01;"# ### Block for 3C84 scan 51 'No0643' at 2025.117.19:00:00 in 480s ##############
2025.117.18:57:25;"source('3C84',cats='user'); go(); track()
2025.117.18:57:25;"reply from APECS: OK
2025.117.18:57:26;"reply from APECS: (timeout)
2025.117.18:57:50;"vlbi_tsys()
2025.117.18:57:50;"reply from APECS: OK
2025.117.18:57:50;"reply from APECS: OK
2025.117.18:57:51;"reply from APECS: (timeout)
2025.117.18:59:15;"vlbi_reference_scan()
2025.117.18:59:16;"reply from APECS: (timeout)
2025.117.18:59:16;"#                      gap        max ~0 min 10 sec
2025.117.19:00:00;"vlbi_scan(t_mins=7,targetSource='3C84')
2025.117.19:00:00;"reply from APECS: OK
2025.117.19:00:01;"reply from APECS: (timeout)
2025.117.19:00:01;"#     scan ends at 2025.117.19:07:00
2025.117.19:00:01;"
2025.117.19:00:01;"# ### Block for 3C84 scan 52 'No0648' at 2025.117.19:15:00 in 480s ##############
2025.117.19:12:25;"source('3C84',cats='user'); go(); track()
2025.117.19:12:25;"reply from APECS: OK
2025.117.19:12:26;"reply from APECS: (timeout)
2025.117.19:12:50;"vlbi_tsys()
2025.117.19:12:50;"reply from APECS: OK
2025.117.19:12:50;"reply from APECS: OK
2025.117.19:12:51;"reply from APECS: (timeout)
2025.117.19:14:15;"vlbi_reference_scan()
2025.117.19:14:16;"reply from APECS: (timeout)
2025.117.19:14:16;"#                      gap        max ~0 min 10 sec
2025.117.19:15:00;"vlbi_scan(t_mins=7,targetSource='3C84')
2025.117.19:15:00;"reply from APECS: OK
2025.117.19:15:01;"reply from APECS: (timeout)
2025.117.19:15:01;"#     scan ends at 2025.117.19:22:00
2025.117.19:15:01;"
2025.117.19:15:01;"# ### Block for 3C111 scan 53 'No0655' at 2025.117.19:33:00 in 660s #############
2025.117.19:15:01;"#
2025.117.19:15:01;"# OPERATOR free 8 min 35 sec until VLBI calibrations to start at 2025.117.19:30:25
2025.117.19:15:01;"#
2025.117.19:22:00;"print('You have 8 min 35 sec until the next VLBI calibration scan at 2025.117.19:30:25.')
2025.117.19:22:00;"reply from APECS: OK
2025.117.19:22:00;"reply from APECS: OK
2025.117.19:22:01;"reply from APECS: (timeout)
2025.117.19:30:25;"source('3C111',cats='user'); go(); track()
2025.117.19:30:26;"reply from APECS: (timeout)
2025.117.19:30:50;"vlbi_tsys()
2025.117.19:30:51;"reply from APECS: (timeout)
2025.117.19:32:15;"vlbi_reference_scan()
2025.117.19:32:15;"reply from APECS: OK
2025.117.19:32:15;"reply from APECS: OK
2025.117.19:32:16;"reply from APECS: (timeout)
2025.117.19:32:16;"#                      gap        max ~0 min 10 sec
2025.117.19:33:00;"vlbi_scan(t_mins=7,targetSource='3C111')
2025.117.19:33:00;"reply from APECS: OK
2025.117.19:33:01;"reply from APECS: (timeout)
2025.117.19:33:01;"#     scan ends at 2025.117.19:40:00
2025.117.19:33:01;"
2025.117.19:33:01;"# ### Block for 3C111 scan 54 'No0659' at 2025.117.19:46:00 in 360s #############
2025.117.19:43:25;"source('3C111',cats='user'); go(); track()
2025.117.19:43:25;"reply from APECS: OK
2025.117.19:43:26;"reply from APECS: (timeout)
2025.117.19:43:50;"vlbi_tsys()
2025.117.19:43:50;"reply from APECS: OK
2025.117.19:43:50;"reply from APECS: OK
2025.117.19:43:51;"reply from APECS: (timeout)
2025.117.19:45:15;"vlbi_reference_scan()
2025.117.19:45:16;"reply from APECS: (timeout)
2025.117.19:45:16;"#                      gap        max ~0 min 10 sec
2025.117.19:46:00;"vlbi_scan(t_mins=7,targetSource='3C111')
2025.117.19:46:00;"reply from APECS: OK
2025.117.19:46:01;"reply from APECS: (timeout)
2025.117.19:46:01;"#     scan ends at 2025.117.19:53:00
2025.117.19:46:01;"
2025.117.19:46:01;"# ### Block for NRAO150 scan 55 'No0664' at 2025.117.20:00:00 in 420s ###########
2025.117.19:57:25;"source('NRAO150',cats='user'); go(); track()
2025.117.19:57:25;"reply from APECS: OK
2025.117.19:57:26;"reply from APECS: (timeout)
2025.117.19:57:50;"vlbi_tsys()
2025.117.19:57:50;"reply from APECS: OK
2025.117.19:57:50;"reply from APECS: OK
2025.117.19:57:51;"reply from APECS: (timeout)
2025.117.19:59:15;"vlbi_reference_scan()
2025.117.19:59:16;"reply from APECS: (timeout)
2025.117.19:59:16;"#                      gap        max ~0 min 10 sec
2025.117.20:00:00;"vlbi_scan(t_mins=7,targetSource='NRAO150')
2025.117.20:00:00;"reply from APECS: OK
2025.117.20:00:01;"reply from APECS: (timeout)
2025.117.20:00:01;"#     scan ends at 2025.117.20:07:00
2025.117.20:00:01;"
2025.117.20:00:01;"# ### Block for 3C84 scan 56 'No0671' at 2025.117.20:15:50 in 530s ##############
2025.117.20:00:01;"#
2025.117.20:00:01;"# OPERATOR free 6 min 25 sec until VLBI calibrations to start at 2025.117.20:13:15
2025.117.20:00:01;"#
2025.117.20:07:00;"print('You have 6 min 25 sec until the next VLBI calibration scan at 2025.117.20:13:15.')
2025.117.20:07:00;"reply from APECS: OK
2025.117.20:07:00;"reply from APECS: OK
2025.117.20:07:01;"reply from APECS: (timeout)
2025.117.20:13:15;"source('3C84',cats='user'); go(); track()
2025.117.20:13:16;"reply from APECS: (timeout)
2025.117.20:13:40;"vlbi_tsys()
2025.117.20:13:40;"reply from APECS: OK
2025.117.20:13:40;"reply from APECS: OK
2025.117.20:13:41;"reply from APECS: (timeout)
2025.117.20:15:05;"vlbi_reference_scan()
2025.117.20:15:06;"reply from APECS: (timeout)
2025.117.20:15:06;"#                      gap        max ~0 min 10 sec
2025.117.20:15:50;"vlbi_scan(t_mins=7,targetSource='3C84')
2025.117.20:15:51;"reply from APECS: (timeout)
2025.117.20:15:51;"#     scan ends at 2025.117.20:22:50
2025.117.20:15:51;"
2025.117.20:15:51;"# ### Block for OJ287 scan 57 'No0679' at 2025.117.20:30:01 in 431s #############
2025.117.20:27:26;"source('OJ287',cats='user'); go(); track()
2025.117.20:27:27;"reply from APECS: (timeout)
2025.117.20:27:51;"vlbi_tsys()
2025.117.20:27:51;"reply from APECS: OK
2025.117.20:27:51;"reply from APECS: OK
2025.117.20:27:52;"reply from APECS: (timeout)
2025.117.20:29:16;"vlbi_reference_scan()
2025.117.20:29:17;"reply from APECS: (timeout)
2025.117.20:29:17;"#                      gap        max ~0 min 10 sec
2025.117.20:30:01;"vlbi_scan(t_mins=7,targetSource='OJ287')
2025.117.20:30:01;"reply from APECS: OK
2025.117.20:30:02;"reply from APECS: (timeout)
2025.117.20:30:02;"#     scan ends at 2025.117.20:37:01
2025.117.20:30:02;"
2025.117.20:30:02;"# ### Block for OJ287 scan 58 'No0685' at 2025.117.20:45:01 in 480s #############
2025.117.20:42:26;"source('OJ287',cats='user'); go(); track()
2025.117.20:42:26;"reply from APECS: OK
2025.117.20:42:27;"reply from APECS: (timeout)
2025.117.20:42:51;"vlbi_tsys()
2025.117.20:42:51;"reply from APECS: OK
2025.117.20:42:51;"reply from APECS: OK
2025.117.20:42:52;"reply from APECS: (timeout)
2025.117.20:44:16;"vlbi_reference_scan()
2025.117.20:44:17;"reply from APECS: (timeout)
2025.117.20:44:17;"#                      gap        max ~0 min 10 sec
2025.117.20:45:01;"vlbi_scan(t_mins=7,targetSource='OJ287')
2025.117.20:45:01;"reply from APECS: OK
2025.117.20:45:02;"reply from APECS: (timeout)
2025.117.20:45:02;"#     scan ends at 2025.117.20:52:01
2025.117.20:45:02;"
2025.117.20:45:02;"# ### Block for OJ287 scan 59 'No0690' at 2025.117.21:00:01 in 480s #############
2025.117.20:57:26;"source('OJ287',cats='user'); go(); track()
2025.117.20:57:26;"reply from APECS: OK
2025.117.20:57:27;"reply from APECS: (timeout)
2025.117.20:57:51;"vlbi_tsys()
2025.117.20:57:51;"reply from APECS: OK
2025.117.20:57:51;"reply from APECS: OK
2025.117.20:57:52;"reply from APECS: (timeout)
2025.117.20:59:16;"vlbi_reference_scan()
2025.117.20:59:17;"reply from APECS: (timeout)
2025.117.20:59:17;"#                      gap        max ~0 min 10 sec
2025.117.21:00:01;"vlbi_scan(t_mins=7,targetSource='OJ287')
2025.117.21:00:01;"reply from APECS: OK
2025.117.21:00:02;"reply from APECS: (timeout)
2025.117.21:00:02;"#     scan ends at 2025.117.21:07:01
2025.117.21:00:02;"
2025.117.21:00:02;"# ### Block for OJ287 scan 60 'No0696' at 2025.117.21:15:01 in 480s #############
2025.117.21:12:26;"source('OJ287',cats='user'); go(); track()
2025.117.21:12:26;"reply from APECS: OK
2025.117.21:12:27;"reply from APECS: (timeout)
2025.117.21:12:51;"vlbi_tsys()
2025.117.21:12:51;"reply from APECS: OK
2025.117.21:12:51;"reply from APECS: OK
2025.117.21:12:52;"reply from APECS: (timeout)
2025.117.21:14:16;"vlbi_reference_scan()
2025.117.21:14:17;"reply from APECS: (timeout)
2025.117.21:14:17;"#                      gap        max ~0 min 10 sec
2025.117.21:15:01;"vlbi_scan(t_mins=7,targetSource='OJ287')
2025.117.21:15:01;"reply from APECS: OK
2025.117.21:15:02;"reply from APECS: (timeout)
2025.117.21:15:02;"#     scan ends at 2025.117.21:22:01
2025.117.21:15:02;"
2025.117.21:15:02;"# ### Block for OJ287 scan 61 'No0701' at 2025.117.21:30:01 in 480s #############
2025.117.21:27:26;"source('OJ287',cats='user'); go(); track()
2025.117.21:27:26;"reply from APECS: OK
2025.117.21:27:27;"reply from APECS: (timeout)
2025.117.21:27:51;"vlbi_tsys()
2025.117.21:27:51;"reply from APECS: OK
2025.117.21:27:51;"reply from APECS: OK
2025.117.21:27:52;"reply from APECS: (timeout)
2025.117.21:29:16;"vlbi_reference_scan()
2025.117.21:29:17;"reply from APECS: (timeout)
2025.117.21:29:17;"#                      gap        max ~0 min 10 sec
2025.117.21:30:01;"vlbi_scan(t_mins=7,targetSource='OJ287')
2025.117.21:30:01;"reply from APECS: OK
2025.117.21:30:02;"reply from APECS: (timeout)
2025.117.21:30:02;"#     scan ends at 2025.117.21:37:01
2025.117.21:30:02;"
2025.117.21:30:02;"# ### Block for OJ287 scan 62 'No0708' at 2025.117.21:45:01 in 480s #############
2025.117.21:42:26;"source('OJ287',cats='user'); go(); track()
2025.117.21:42:26;"reply from APECS: OK
2025.117.21:42:27;"reply from APECS: (timeout)
2025.117.21:42:51;"vlbi_tsys()
2025.117.21:42:51;"reply from APECS: OK
2025.117.21:42:51;"reply from APECS: OK
2025.117.21:42:52;"reply from APECS: (timeout)
2025.117.21:44:16;"vlbi_reference_scan()
2025.117.21:44:17;"reply from APECS: (timeout)
2025.117.21:44:17;"#                      gap        max ~0 min 10 sec
2025.117.21:45:01;"vlbi_scan(t_mins=7,targetSource='OJ287')
2025.117.21:45:01;"reply from APECS: OK
2025.117.21:45:02;"reply from APECS: (timeout)
2025.117.21:45:02;"#     scan ends at 2025.117.21:52:01
2025.117.21:45:02;"
2025.117.21:45:02;"# ### Block for OJ287 scan 63 'No0713' at 2025.117.22:00:01 in 480s #############
2025.117.21:57:26;"source('OJ287',cats='user'); go(); track()
2025.117.21:57:26;"reply from APECS: OK
2025.117.21:57:27;"reply from APECS: (timeout)
2025.117.21:57:51;"vlbi_tsys()
2025.117.21:57:51;"reply from APECS: OK
2025.117.21:57:51;"reply from APECS: OK
2025.117.21:57:52;"reply from APECS: (timeout)
2025.117.21:59:16;"vlbi_reference_scan()
2025.117.21:59:17;"reply from APECS: (timeout)
2025.117.21:59:17;"#                      gap        max ~0 min 10 sec
2025.117.22:00:01;"vlbi_scan(t_mins=7,targetSource='OJ287')
2025.117.22:00:01;"reply from APECS: OK
2025.117.22:00:02;"reply from APECS: (timeout)
2025.117.22:00:02;"#     scan ends at 2025.117.22:07:01
2025.117.22:00:02;"
2025.117.22:00:02;"# ### Block for OJ287 scan 64 'No0720' at 2025.117.22:15:01 in 480s #############
2025.117.22:12:26;"source('OJ287',cats='user'); go(); track()
2025.117.22:12:26;"reply from APECS: OK
2025.117.22:12:27;"reply from APECS: (timeout)
2025.117.22:12:51;"vlbi_tsys()
2025.117.22:12:51;"reply from APECS: OK
2025.117.22:12:51;"reply from APECS: OK
2025.117.22:12:52;"reply from APECS: (timeout)
2025.117.22:14:16;"vlbi_reference_scan()
2025.117.22:14:17;"reply from APECS: (timeout)
2025.117.22:14:17;"#                      gap        max ~0 min 10 sec
2025.117.22:15:01;"vlbi_scan(t_mins=7,targetSource='OJ287')
2025.117.22:15:01;"reply from APECS: OK
2025.117.22:15:02;"reply from APECS: (timeout)
2025.117.22:15:02;"#     scan ends at 2025.117.22:22:01
2025.117.22:15:02;"
2025.117.22:15:02;"# ### Block for OJ287 scan 65 'No0726' at 2025.117.22:30:01 in 480s #############
2025.117.22:27:26;"source('OJ287',cats='user'); go(); track()
2025.117.22:27:26;"reply from APECS: OK
2025.117.22:27:27;"reply from APECS: (timeout)
2025.117.22:27:51;"vlbi_tsys()
2025.117.22:27:51;"reply from APECS: OK
2025.117.22:27:51;"reply from APECS: OK
2025.117.22:27:52;"reply from APECS: (timeout)
2025.117.22:29:16;"vlbi_reference_scan()
2025.117.22:29:17;"reply from APECS: (timeout)
2025.117.22:29:17;"#                      gap        max ~0 min 10 sec
2025.117.22:30:01;"vlbi_scan(t_mins=7,targetSource='OJ287')
2025.117.22:30:01;"reply from APECS: OK
2025.117.22:30:02;"reply from APECS: (timeout)
2025.117.22:30:02;"#     scan ends at 2025.117.22:37:01
2025.117.22:30:02;"
2025.117.22:30:02;"# ### Block for OJ287 scan 66 'No0733' at 2025.117.22:45:01 in 480s #############
2025.117.22:42:26;"source('OJ287',cats='user'); go(); track()
2025.117.22:42:26;"reply from APECS: OK
2025.117.22:42:27;"reply from APECS: (timeout)
2025.117.22:42:51;"vlbi_tsys()
2025.117.22:42:51;"reply from APECS: OK
2025.117.22:42:51;"reply from APECS: OK
2025.117.22:42:52;"reply from APECS: (timeout)
2025.117.22:44:16;"vlbi_reference_scan()
2025.117.22:44:17;"reply from APECS: (timeout)
2025.117.22:44:17;"#                      gap        max ~0 min 10 sec
2025.117.22:45:01;"vlbi_scan(t_mins=7,targetSource='OJ287')
2025.117.22:45:01;"reply from APECS: OK
2025.117.22:45:02;"reply from APECS: (timeout)
2025.117.22:45:02;"#     scan ends at 2025.117.22:52:01
2025.117.22:45:02;"
2025.117.22:45:02;"# ### Block for OJ287 scan 67 'No0740' at 2025.117.23:00:01 in 480s #############
2025.117.22:57:26;"source('OJ287',cats='user'); go(); track()
2025.117.22:57:26;"reply from APECS: OK
2025.117.22:57:27;"reply from APECS: (timeout)
2025.117.22:57:51;"vlbi_tsys()
2025.117.22:57:51;"reply from APECS: OK
2025.117.22:57:51;"reply from APECS: OK
2025.117.22:57:52;"reply from APECS: (timeout)
2025.117.22:59:16;"vlbi_reference_scan()
2025.117.22:59:17;"reply from APECS: (timeout)
2025.117.22:59:17;"#                      gap        max ~0 min 10 sec
2025.117.23:00:01;"vlbi_scan(t_mins=7,targetSource='OJ287')
2025.117.23:00:01;"reply from APECS: OK
2025.117.23:00:02;"reply from APECS: (timeout)
2025.117.23:00:02;"#     scan ends at 2025.117.23:07:01
2025.117.23:00:02;"
2025.117.23:00:02;"# ### Block for OJ287 scan 68 'No0748' at 2025.117.23:15:01 in 480s #############
2025.117.23:12:26;"source('OJ287',cats='user'); go(); track()
2025.117.23:12:26;"reply from APECS: OK
2025.117.23:12:27;"reply from APECS: (timeout)
2025.117.23:12:51;"vlbi_tsys()
2025.117.23:12:51;"reply from APECS: OK
2025.117.23:12:51;"reply from APECS: OK
2025.117.23:12:52;"reply from APECS: (timeout)
2025.117.23:14:16;"vlbi_reference_scan()
2025.117.23:14:17;"reply from APECS: (timeout)
2025.117.23:14:17;"#                      gap        max ~0 min 10 sec
2025.117.23:15:01;"vlbi_scan(t_mins=7,targetSource='OJ287')
2025.117.23:15:01;"reply from APECS: OK
2025.117.23:15:02;"reply from APECS: (timeout)
2025.117.23:15:02;"#     scan ends at 2025.117.23:22:01
2025.117.23:15:02;"
2025.117.23:15:02;"# ### Block for OJ287 scan 69 'No0755' at 2025.117.23:30:01 in 480s #############
2025.117.23:27:26;"source('OJ287',cats='user'); go(); track()
2025.117.23:27:26;"reply from APECS: OK
2025.117.23:27:27;"reply from APECS: (timeout)
2025.117.23:27:51;"vlbi_tsys()
2025.117.23:27:51;"reply from APECS: OK
2025.117.23:27:51;"reply from APECS: OK
2025.117.23:27:52;"reply from APECS: (timeout)
2025.117.23:29:16;"vlbi_reference_scan()
2025.117.23:29:17;"reply from APECS: (timeout)
2025.117.23:29:17;"#                      gap        max ~0 min 10 sec
2025.117.23:30:01;"vlbi_scan(t_mins=7,targetSource='OJ287')
2025.117.23:30:01;"reply from APECS: OK
2025.117.23:30:02;"reply from APECS: (timeout)
2025.117.23:30:02;"#     scan ends at 2025.117.23:37:01
2025.117.23:30:02;"
2025.117.23:30:02;"# ### Block for OJ287 scan 70 'No0763' at 2025.117.23:45:01 in 200s #############
2025.117.23:37:01;"source('OJ287',cats='user'); go(); track()
2025.117.23:37:01;"reply from APECS: OK
2025.117.23:37:02;"reply from APECS: (timeout)
2025.117.23:37:26;"vlbi_tsys()
2025.117.23:37:26;"reply from APECS: OK
2025.117.23:37:26;"reply from APECS: OK
2025.117.23:37:27;"reply from APECS: (timeout)
2025.117.23:38:51;"vlbi_reference_scan()
2025.117.23:38:52;"reply from APECS: (timeout)
2025.117.23:38:52;"#                      gap        max ~5 min 35 sec
2025.117.23:45:01;"vlbi_scan(t_mins=7,targetSource='OJ287')
2025.117.23:45:01;"reply from APECS: OK
2025.117.23:45:02;"reply from APECS: (timeout)
2025.117.23:45:02;"#     scan ends at 2025.117.23:52:01
2025.117.23:45:02;"
2025.117.23:45:02;"
2025.117.23:45:02;"# Finished VLBI schedule
2025.117.23:52:31;"remote_control('off')
2025.117.23:52:31;"reply from APECS: OK
2025.117.23:52:31;"reply from APECS: OK
2025.117.23:52:32;"reply from APECS: (timeout)
2025.117.23:52:32;"################################################################################
2025.117.23:52:32;"### end of schedule
2025.117.23:52:32;"################################################################################
