2025.270.16:00:00;APEX Database Weather Data for Timerange of c252c
2025.270.16:00:00;The format is wx/temp[C],press[mbar],humid[%],speed[m/s],direction[deg],pwv[mm]
2025.270.16:01:00/wx/1.27,555.8,8.8,7.24,239,0.54
2025.270.16:02:00/wx/1.26,555.8,7.4,6.82,232,0.61
2025.270.16:03:00/wx/2.40,555.8,8.2,6.94,247,0.63
2025.270.16:04:00/wx/1.50,555.8,8.3,4.33,258,0.65
2025.270.16:05:00/wx/1.08,555.8,7.0,6.37,235,0.58
2025.270.16:06:00/wx/0.93,555.8,7.2,7.96,239,0.53
2025.270.16:07:00/wx/0.73,555.7,6.8,4.86,250,0.63
2025.270.16:08:00/wx/0.79,555.8,8.5,8.09,242,0.63
2025.270.16:09:00/wx/0.60,555.7,9.0,8.28,243,0.61
2025.270.16:10:00/wx/0.84,555.8,7.1,4.85,218,0.52
2025.270.16:11:00/wx/0.50,555.8,8.0,4.43,254,0.51
2025.270.16:12:00/wx/0.27,555.7,7.4,3.12,226,0.54
2025.270.16:13:00/wx/0.51,555.7,6.9,4.26,238,0.54
2025.270.16:14:00/wx/1.24,555.7,7.3,2.56,271,0.54
2025.270.16:15:00/wx/1.25,555.8,8.4,6.23,252,0.56
2025.270.16:16:00/wx/0.63,555.8,8.1,4.67,263,0.49
2025.270.16:17:00/wx/1.30,555.7,9.3,6.84,251,0.50
2025.270.16:18:00/wx/0.97,555.7,7.0,6.62,246,0.56
2025.270.16:19:00/wx/1.28,555.7,8.1,3.54,266,0.57
2025.270.16:20:00/wx/0.83,555.8,8.1,5.86,256,0.57
2025.270.16:21:00/wx/0.20,555.7,8.1,5.66,254,0.58
2025.270.16:22:00/wx/0.63,555.7,8.6,5.17,254,0.53
2025.270.16:23:00/wx/0.96,555.7,9.2,5.20,239,0.53
2025.270.16:24:00/wx/1.20,555.7,7.1,6.32,232,0.57
2025.270.16:25:00/wx/1.72,555.7,7.3,4.11,253,0.56
2025.270.16:26:00/wx/1.00,555.8,7.2,4.23,278,0.60
2025.270.16:27:00/wx/0.70,555.7,7.4,4.15,266,0.65
2025.270.16:28:00/wx/1.05,555.7,7.5,6.40,247,0.62
2025.270.16:29:00/wx/0.90,555.7,8.1,5.81,254,0.58
2025.270.16:30:00/wx/0.71,555.7,8.1,4.08,267,0.52
2025.270.16:31:00/wx/1.11,555.7,7.7,5.96,254,0.52
2025.270.16:32:00/wx/1.15,555.7,9.4,7.31,253,0.52
2025.270.16:33:00/wx/1.00,555.7,9.3,6.51,262,0.61
2025.270.16:34:00/wx/0.77,555.7,8.4,9.04,293,0.68
2025.270.16:35:00/wx/0.71,555.7,7.8,4.07,296,0.67
2025.270.16:36:00/wx/0.89,555.7,8.6,5.75,257,0.61
2025.270.16:37:00/wx/0.63,555.7,9.2,8.21,247,0.56
2025.270.16:38:00/wx/0.42,555.7,8.7,5.74,253,0.57
2025.270.16:39:00/wx/1.18,555.7,8.8,7.71,301,0.55
2025.270.16:40:00/wx/0.80,555.6,7.3,7.93,294,0.62
2025.270.16:41:00/wx/0.80,555.7,8.3,5.13,276,0.69
2025.270.16:42:00/wx/1.06,555.7,9.3,8.04,272,0.69
2025.270.16:43:00/wx/1.04,555.7,9.5,7.00,251,0.55
2025.270.16:44:00/wx/0.41,555.6,8.4,1.76,256,0.53
2025.270.16:45:00/wx/0.64,555.6,8.4,4.61,302,0.61
2025.270.16:46:00/wx/1.48,555.7,9.5,7.10,276,0.63
2025.270.16:47:00/wx/0.55,555.7,9.5,7.31,254,0.67
2025.270.16:48:00/wx/0.60,555.7,11.1,5.84,272,0.68
2025.270.16:49:00/wx/0.70,555.6,9.2,5.33,280,0.63
2025.270.16:50:00/wx/0.51,555.6,7.8,4.99,246,0.66
2025.270.16:51:00/wx/0.95,555.6,7.4,6.02,289,0.64
2025.270.16:52:00/wx/1.39,555.7,7.6,6.32,255,0.63
2025.270.16:53:00/wx/0.66,555.7,6.4,4.01,254,0.63
2025.270.16:54:00/wx/0.70,555.6,6.8,2.83,242,0.61
2025.270.16:55:00/wx/1.07,555.7,7.8,8.69,226,0.67
2025.270.16:56:00/wx/1.15,555.7,10.3,6.71,258,0.71
2025.270.16:57:00/wx/0.66,555.6,9.2,6.29,229,0.63
2025.270.16:58:00/wx/0.99,555.6,8.4,4.79,290,0.66
2025.270.16:59:00/wx/1.10,555.6,9.8,8.79,240,0.63
2025.270.17:00:00/wx/0.90,555.7,10.0,4.43,251,0.57
2025.270.17:01:00/wx/1.29,555.6,9.8,5.02,240,0.62
2025.270.17:02:00/wx/1.17,555.6,9.4,3.16,254,0.62
2025.270.17:03:00/wx/1.40,555.6,10.7,5.02,270,0.61
2025.270.17:04:00/wx/0.90,555.6,10.8,7.61,280,0.71
2025.270.17:05:00/wx/0.65,555.6,11.0,3.59,287,0.73
2025.270.17:06:00/wx/1.05,555.6,10.5,4.98,277,0.85
2025.270.17:07:00/wx/0.95,555.6,9.7,6.22,295,0.72
2025.270.17:08:00/wx/0.90,555.6,10.2,4.13,278,0.68
2025.270.17:09:00/wx/1.31,555.6,11.6,4.34,262,0.70
2025.270.17:10:00/wx/1.43,555.6,9.5,7.73,241,0.69
2025.270.17:11:00/wx/1.24,555.6,7.7,7.91,231,0.72
2025.270.17:12:00/wx/1.60,555.6,7.3,5.89,218,0.68
2025.270.17:13:00/wx/1.30,555.6,7.3,3.96,241,0.63
2025.270.17:14:00/wx/1.70,555.6,9.5,4.52,258,0.65
2025.270.17:15:00/wx/1.15,555.6,10.9,6.94,253,0.67
2025.270.17:16:00/wx/1.02,555.6,11.3,6.91,250,0.71
2025.270.17:17:00/wx/1.00,555.6,10.5,7.93,238,0.64
2025.270.17:18:00/wx/1.49,555.6,8.1,9.02,234,0.67
2025.270.17:19:00/wx/1.20,555.5,8.0,3.89,251,0.73
2025.270.17:20:00/wx/1.26,555.5,9.2,9.48,228,0.70
2025.270.17:21:00/wx/1.34,555.6,7.5,8.36,237,0.69
2025.270.17:22:00/wx/0.90,555.5,7.7,2.52,247,0.65
2025.270.17:23:00/wx/2.08,555.5,7.4,10.98,233,0.67
2025.270.17:24:00/wx/1.64,555.6,5.9,7.34,243,0.58
2025.270.17:25:00/wx/1.77,555.5,7.3,7.86,247,0.63
2025.270.17:26:00/wx/1.57,555.5,7.6,8.51,244,0.64
2025.270.17:27:00/wx/1.60,555.5,7.2,3.01,258,0.70
2025.270.17:28:00/wx/1.47,555.5,9.4,5.32,254,0.72
2025.270.17:29:00/wx/1.72,555.5,10.7,3.89,285,0.65
2025.270.17:30:00/wx/1.89,555.5,11.0,7.63,284,0.57
2025.270.17:31:00/wx/1.79,555.6,10.4,5.45,265,0.69
2025.270.17:32:00/wx/1.86,555.5,7.7,8.76,235,0.67
2025.270.17:33:00/wx/1.44,555.5,7.0,7.46,245,0.61
2025.270.17:34:00/wx/1.56,555.5,5.7,6.62,227,0.64
2025.270.17:35:00/wx/1.43,555.5,6.6,7.50,243,0.69
2025.270.17:36:00/wx/1.20,555.5,7.2,5.12,241,0.63
2025.270.17:37:00/wx/1.32,555.5,8.3,10.09,242,0.52
2025.270.17:38:00/wx/2.10,555.5,6.1,7.26,238,0.58
2025.270.17:39:00/wx/1.42,555.5,6.5,7.42,245,0.60
2025.270.17:40:00/wx/1.22,555.5,8.3,11.16,247,0.64
2025.270.17:41:00/wx/0.50,555.5,8.0,6.62,238,0.54
2025.270.17:42:00/wx/0.66,555.5,8.3,6.96,236,0.60
2025.270.17:43:00/wx/1.16,555.5,8.7,5.30,237,0.62
2025.270.17:44:00/wx/0.94,555.5,9.1,3.10,238,0.66
2025.270.17:45:00/wx/1.09,555.5,9.9,2.39,272,0.77
2025.270.17:46:00/wx/1.00,555.5,9.9,3.06,256,0.82
2025.270.17:47:00/wx/1.09,555.5,9.0,4.33,240,0.81
2025.270.17:48:00/wx/1.65,555.4,8.5,8.20,236,0.77
2025.270.17:49:00/wx/1.56,555.4,6.6,6.76,234,0.84
2025.270.17:50:00/wx/1.77,555.4,6.4,8.73,239,0.83
2025.270.17:51:00/wx/2.01,555.5,8.3,6.72,285,0.62
2025.270.17:52:00/wx/1.23,555.5,8.4,5.83,286,0.69
2025.270.17:53:00/wx/1.20,555.5,8.3,5.68,274,0.62
2025.270.17:54:00/wx/0.62,555.4,8.2,4.75,282,0.61
2025.270.17:55:00/wx/1.09,555.5,8.2,4.46,303,0.64
2025.270.17:56:00/wx/1.40,555.4,7.2,4.01,293,0.61
2025.270.17:57:00/wx/1.37,555.5,8.5,6.35,255,0.67
2025.270.17:58:00/wx/0.90,555.4,8.3,6.70,247,0.71
2025.270.17:59:00/wx/0.72,555.4,7.3,2.84,243,0.71
2025.270.18:00:00/wx/1.19,555.4,7.5,4.47,249,0.71
2025.270.18:01:00/wx/1.69,555.4,8.9,7.78,238,0.66
2025.270.18:02:00/wx/2.65,555.5,9.6,7.29,248,0.65
2025.270.18:03:00/wx/2.65,555.5,11.4,4.97,263,0.64
2025.270.18:04:00/wx/1.60,555.5,8.8,5.66,257,0.65
2025.270.18:05:00/wx/1.40,555.5,8.4,4.93,276,0.67
2025.270.18:06:00/wx/1.26,555.5,8.9,5.06,248,0.66
2025.270.18:07:00/wx/1.11,555.4,8.1,3.17,254,0.68
2025.270.18:08:00/wx/1.20,555.4,7.8,5.78,277,0.69
2025.270.18:09:00/wx/1.09,555.4,7.4,4.94,272,0.71
2025.270.18:10:00/wx/1.10,555.4,7.5,5.03,265,0.69
2025.270.18:11:00/wx/1.28,555.4,8.6,7.51,250,0.74
2025.270.18:12:00/wx/1.44,555.4,9.2,6.61,289,0.76
2025.270.18:13:00/wx/1.13,555.4,8.3,4.15,274,0.70
2025.270.18:14:00/wx/1.30,555.4,8.3,4.25,281,0.76
2025.270.18:15:00/wx/1.81,555.4,9.8,5.02,258,0.82
2025.270.18:16:00/wx/2.58,555.4,10.5,5.30,291,0.75
2025.270.18:17:00/wx/2.17,555.4,9.6,7.30,260,0.78
2025.270.18:18:00/wx/1.35,555.4,7.8,5.26,247,0.71
2025.270.18:19:00/wx/2.19,555.4,8.5,7.63,284,0.74
2025.270.18:20:00/wx/2.07,555.4,7.5,9.43,278,0.71
2025.270.18:21:00/wx/1.59,555.4,7.2,6.88,278,0.69
2025.270.18:22:00/wx/1.47,555.4,6.4,7.57,292,0.64
2025.270.18:23:00/wx/1.63,555.4,6.0,6.49,302,0.66
2025.270.18:24:00/wx/1.40,555.3,5.5,5.73,302,0.70
2025.270.18:25:00/wx/1.32,555.3,5.8,4.49,276,0.71
2025.270.18:26:00/wx/1.41,555.3,7.3,6.46,241,0.67
2025.270.18:27:00/wx/1.12,555.4,8.4,6.89,272,0.69
2025.270.18:28:00/wx/1.21,555.4,9.5,9.02,244,0.72
2025.270.18:29:00/wx/0.80,555.4,9.1,6.05,243,0.69
2025.270.18:30:00/wx/0.74,555.4,9.3,5.79,260,0.60
2025.270.18:31:00/wx/0.71,555.4,8.7,4.28,257,0.67
2025.270.18:32:00/wx/0.60,555.3,8.1,3.46,276,0.70
2025.270.18:33:00/wx/0.99,555.3,8.4,6.88,272,0.77
2025.270.18:34:00/wx/0.78,555.3,8.3,5.52,263,0.72
2025.270.18:35:00/wx/0.96,555.3,8.4,4.11,254,0.74
2025.270.18:36:00/wx/1.29,555.3,7.9,6.15,250,0.73
2025.270.18:37:00/wx/1.49,555.3,9.5,5.98,263,0.72
2025.270.18:38:00/wx/1.00,555.3,7.9,6.03,244,0.74
2025.270.18:39:00/wx/1.30,555.3,7.8,9.28,251,0.78
2025.270.18:40:00/wx/0.98,555.3,7.9,4.08,250,0.77
2025.270.18:41:00/wx/1.32,555.3,7.5,5.87,293,0.69
2025.270.18:42:00/wx/1.79,555.3,6.8,7.53,297,0.67
2025.270.18:43:00/wx/1.79,555.3,7.1,6.09,265,0.70
2025.270.18:44:00/wx/1.09,555.2,6.6,4.13,276,0.69
2025.270.18:45:00/wx/2.08,555.3,7.5,6.23,282,0.71
2025.270.18:46:00/wx/2.15,555.2,6.3,8.57,290,0.63
2025.270.18:47:00/wx/1.53,555.3,7.7,8.08,257,0.65
2025.270.18:48:00/wx/0.91,555.2,8.1,8.19,245,0.64
2025.270.18:49:00/wx/1.49,555.3,6.9,7.46,288,0.62
2025.270.18:50:00/wx/1.94,555.3,7.8,6.32,278,0.63
2025.270.18:51:00/wx/1.63,555.3,6.7,7.05,291,0.65
2025.270.18:52:00/wx/1.40,555.3,5.5,3.83,312,0.66
2025.270.18:53:00/wx/1.24,555.3,6.7,5.81,262,0.66
2025.270.18:54:00/wx/0.87,555.3,7.1,4.58,272,0.69
2025.270.18:55:00/wx/1.16,555.3,8.1,4.22,251,0.69
2025.270.18:56:00/wx/0.97,555.3,7.1,4.82,280,0.70
2025.270.18:57:00/wx/1.09,555.3,7.2,5.07,276,0.73
2025.270.18:58:00/wx/1.40,555.3,7.1,3.58,270,0.70
2025.270.18:59:00/wx/1.16,555.2,6.9,3.02,262,0.68
2025.270.19:00:00/wx/1.93,555.2,8.1,5.20,273,0.66
2025.270.19:01:00/wx/1.81,555.3,9.2,8.12,258,0.71
2025.270.19:02:00/wx/1.58,555.2,9.2,6.88,262,0.70
2025.270.19:03:00/wx/1.91,555.2,11.3,5.87,265,0.69
2025.270.19:04:00/wx/0.93,555.3,8.4,6.11,279,0.72
2025.270.19:05:00/wx/1.12,555.2,8.8,7.61,246,0.73
2025.270.19:06:00/wx/1.20,555.2,7.9,3.12,257,0.69
2025.270.19:07:00/wx/1.38,555.2,7.5,7.98,275,0.73
2025.270.19:08:00/wx/1.07,555.2,7.7,7.06,264,0.72
2025.270.19:09:00/wx/1.81,555.2,9.1,7.50,246,0.67
2025.270.19:10:00/wx/1.19,555.2,7.8,3.48,268,0.63
2025.270.19:11:00/wx/1.32,555.2,7.6,5.27,299,0.63
2025.270.19:12:00/wx/1.55,555.2,6.2,7.85,284,0.60
2025.270.19:13:00/wx/1.64,555.2,6.3,4.75,262,0.60
2025.270.19:14:00/wx/1.16,555.2,6.4,4.86,284,0.56
2025.270.19:15:00/wx/1.19,555.2,6.2,6.16,271,0.60
2025.270.19:16:00/wx/1.21,555.2,6.8,6.13,277,0.63
2025.270.19:17:00/wx/0.85,555.2,7.4,4.46,263,0.66
2025.270.19:18:00/wx/1.26,555.2,8.0,5.82,271,0.64
2025.270.19:19:00/wx/1.28,555.2,7.4,5.09,292,0.64
2025.270.19:20:00/wx/1.60,555.2,6.5,5.73,278,0.67
2025.270.19:21:00/wx/1.31,555.2,6.2,4.84,288,0.62
2025.270.19:22:00/wx/1.68,555.2,5.5,5.48,299,0.59
2025.270.19:23:00/wx/1.30,555.2,4.9,4.03,274,0.62
2025.270.19:24:00/wx/1.08,555.2,5.0,5.82,283,0.64
2025.270.19:25:00/wx/1.51,555.2,7.0,5.90,283,0.69
2025.270.19:26:00/wx/0.96,555.2,6.5,7.91,249,0.66
2025.270.19:27:00/wx/0.92,555.2,6.5,7.08,251,0.60
2025.270.19:28:00/wx/0.66,555.2,6.3,4.86,281,0.58
2025.270.19:29:00/wx/0.79,555.2,5.8,4.48,283,0.60
2025.270.19:30:00/wx/1.51,555.2,8.0,3.40,265,0.63
2025.270.19:31:00/wx/2.07,555.2,8.1,5.45,254,0.70
2025.270.19:32:00/wx/2.09,555.2,10.9,5.66,242,0.71
2025.270.19:33:00/wx/1.84,555.2,6.9,7.81,236,0.68
2025.270.19:34:00/wx/1.79,555.2,7.4,5.45,225,0.69
2025.270.19:35:00/wx/2.29,555.2,6.7,5.99,239,0.68
2025.270.19:36:00/wx/1.94,555.2,6.5,3.68,272,0.76
2025.270.19:37:00/wx/1.28,555.2,7.2,9.05,251,0.73
2025.270.19:38:00/wx/0.79,555.2,7.9,8.89,256,0.70
2025.270.19:39:00/wx/0.69,555.2,7.7,6.71,222,0.66
2025.270.19:40:00/wx/1.11,555.2,8.6,6.26,284,0.62
2025.270.19:41:00/wx/1.49,555.2,7.2,6.85,288,0.63
2025.270.19:42:00/wx/1.40,555.2,6.0,6.24,282,0.59
2025.270.19:43:00/wx/1.65,555.2,6.5,4.85,281,0.67
2025.270.19:44:00/wx/1.51,555.2,7.5,3.60,260,0.71
2025.270.19:45:00/wx/1.39,555.2,9.0,5.53,259,0.73
2025.270.19:46:00/wx/1.00,555.2,8.8,7.23,278,0.70
2025.270.19:47:00/wx/0.84,555.2,8.0,4.31,268,0.69
2025.270.19:48:00/wx/0.68,555.2,8.0,3.85,272,0.68
2025.270.19:49:00/wx/1.00,555.2,9.2,7.03,253,0.65
2025.270.19:50:00/wx/0.89,555.2,6.7,4.68,249,0.64
2025.270.19:51:00/wx/1.29,555.2,6.0,6.46,216,0.63
2025.270.19:52:00/wx/0.92,555.2,5.7,5.97,216,0.63
2025.270.19:53:00/wx/1.18,555.2,5.7,5.84,230,0.61
2025.270.19:54:00/wx/1.00,555.2,7.7,5.62,261,0.54
2025.270.19:55:00/wx/0.92,555.1,7.4,6.20,236,0.52
2025.270.19:56:00/wx/1.30,555.2,7.9,5.20,266,0.52
2025.270.19:57:00/wx/0.74,555.2,6.7,7.89,246,0.55
2025.270.19:58:00/wx/0.79,555.2,6.8,8.48,255,0.58
2025.270.19:59:00/wx/1.31,555.2,9.5,7.78,256,0.61
2025.270.20:00:00/wx/0.82,555.2,7.7,5.14,255,0.64
2025.270.20:01:00/wx/0.83,555.2,7.2,3.93,288,0.65
2025.270.20:02:00/wx/1.10,555.2,8.2,4.58,249,0.64
2025.270.20:03:00/wx/2.27,555.2,7.1,6.86,234,0.62
2025.270.20:04:00/wx/1.39,555.2,6.2,5.57,232,0.60
2025.270.20:05:00/wx/1.04,555.2,7.0,7.72,246,0.60
2025.270.20:06:00/wx/0.95,555.2,7.8,7.85,244,0.61
2025.270.20:07:00/wx/0.52,555.2,8.3,7.70,251,0.64
2025.270.20:08:00/wx/0.50,555.2,7.4,4.30,254,0.64
2025.270.20:09:00/wx/0.79,555.2,6.9,6.09,238,0.65
2025.270.20:10:00/wx/1.03,555.2,7.0,8.13,230,0.67
2025.270.20:11:00/wx/0.69,555.2,7.8,5.65,241,0.69
2025.270.20:12:00/wx/0.86,555.2,8.4,5.64,249,0.66
2025.270.20:13:00/wx/1.09,555.2,9.5,6.27,246,0.68
2025.270.20:14:00/wx/0.79,555.2,8.8,5.62,249,0.68
2025.270.20:15:00/wx/0.71,555.2,8.1,8.84,236,0.68
2025.270.20:16:00/wx/0.54,555.2,6.8,5.91,237,0.69
2025.270.20:17:00/wx/1.09,555.2,9.6,11.02,244,0.67
2025.270.20:18:00/wx/1.00,555.2,7.5,9.26,245,0.64
2025.270.20:19:00/wx/0.82,555.2,7.2,5.56,231,0.63
2025.270.20:20:00/wx/0.55,555.2,8.4,5.12,258,0.67
2025.270.20:21:00/wx/0.60,555.2,10.7,6.52,249,0.67
2025.270.20:22:00/wx/0.49,555.2,9.4,6.45,247,0.62
2025.270.20:23:00/wx/0.90,555.2,9.6,7.52,243,0.64
2025.270.20:24:00/wx/0.50,555.2,7.7,3.89,250,0.61
2025.270.20:25:00/wx/0.70,555.3,7.5,5.55,229,0.66
2025.270.20:26:00/wx/1.07,555.2,6.7,6.19,230,0.68
2025.270.20:27:00/wx/1.33,555.3,8.7,9.13,246,0.65
2025.270.20:28:00/wx/0.59,555.2,8.5,6.13,258,0.60
2025.270.20:29:00/wx/0.76,555.3,8.2,8.23,244,0.58
2025.270.20:30:00/wx/0.46,555.2,8.2,5.10,244,0.57
2025.270.20:31:00/wx/0.26,555.2,8.1,5.92,249,0.54
2025.270.20:32:00/wx/0.50,555.3,7.3,5.26,243,0.53
2025.270.20:33:00/wx/0.59,555.3,9.1,7.68,257,0.54
2025.270.20:34:00/wx/0.30,555.2,8.0,4.27,258,0.58
2025.270.20:35:00/wx/0.66,555.2,9.6,6.89,260,0.60
2025.270.20:36:00/wx/0.73,555.3,9.8,8.66,246,0.62
2025.270.20:37:00/wx/0.80,555.3,7.3,7.42,243,0.58
2025.270.20:38:00/wx/0.62,555.3,6.5,7.09,241,0.57
2025.270.20:39:00/wx/0.40,555.3,7.1,4.72,246,0.60
2025.270.20:40:00/wx/0.52,555.3,7.2,5.70,251,0.60
2025.270.20:41:00/wx/0.41,555.3,7.6,3.95,264,0.55
2025.270.20:42:00/wx/0.40,555.3,8.2,7.68,253,0.54
2025.270.20:43:00/wx/0.32,555.3,7.6,3.62,275,0.58
2025.270.20:44:00/wx/0.66,555.3,9.9,5.39,247,0.64
2025.270.20:45:00/wx/0.50,555.3,7.6,3.69,276,0.67
2025.270.20:46:00/wx/1.00,555.3,7.2,5.54,226,0.67
2025.270.20:47:00/wx/0.92,555.3,6.2,7.38,228,0.59
2025.270.20:48:00/wx/0.56,555.3,6.6,7.31,248,0.58
2025.270.20:49:00/wx/0.34,555.3,8.9,6.17,249,0.55
2025.270.20:50:00/wx/0.01,555.3,6.7,5.54,250,0.51
2025.270.20:51:00/wx/0.11,555.3,6.1,5.49,252,0.53
2025.270.20:52:00/wx/0.10,555.3,6.4,3.18,260,0.56
2025.270.20:53:00/wx/0.22,555.3,8.0,3.99,269,0.57
2025.270.20:54:00/wx/0.20,555.3,6.7,3.96,263,0.57
2025.270.20:55:00/wx/0.40,555.3,7.6,5.33,243,0.58
2025.270.20:56:00/wx/1.26,555.3,7.1,7.68,220,0.54
2025.270.20:57:00/wx/1.01,555.3,6.5,6.97,241,0.58
2025.270.20:58:00/wx/0.60,555.4,6.4,7.66,240,0.56
2025.270.20:59:00/wx/0.50,555.4,7.0,7.52,239,0.55
2025.270.21:00:00/wx/0.68,555.4,6.0,8.60,242,0.55
2025.270.21:01:00/wx/1.02,555.3,6.4,6.80,228,0.52
2025.270.21:02:00/wx/1.01,555.3,5.1,8.47,232,0.53
2025.270.21:03:00/wx/0.99,555.4,4.7,6.24,233,0.55
2025.270.21:04:00/wx/0.69,555.3,7.2,5.59,240,0.55
2025.270.21:05:00/wx/0.27,555.4,7.1,4.99,249,0.60
2025.270.21:06:00/wx/0.15,555.4,5.7,5.23,240,0.58
2025.270.21:07:00/wx/0.30,555.4,6.5,4.78,250,0.59
2025.270.21:08:00/wx/0.30,555.3,6.5,4.59,224,0.64
2025.270.21:09:00/wx/0.61,555.4,7.6,7.50,232,0.64
2025.270.21:10:00/wx/0.84,555.4,7.6,9.83,246,0.62
2025.270.21:11:00/wx/0.44,555.4,9.8,7.86,243,0.62
2025.270.21:12:00/wx/0.20,555.4,7.9,6.87,243,0.61
2025.270.21:13:00/wx/0.00,555.4,9.1,5.03,251,0.65
2025.270.21:14:00/wx/-0.08,555.4,9.4,6.86,244,0.66
2025.270.21:15:00/wx/0.30,555.4,8.3,7.00,238,0.64
2025.270.21:16:00/wx/0.55,555.4,6.9,7.97,242,0.61
2025.270.21:17:00/wx/0.01,555.4,7.5,6.37,250,0.57
2025.270.21:18:00/wx/-0.30,555.4,9.0,6.26,254,0.56
2025.270.21:19:00/wx/-0.30,555.4,9.2,6.82,245,0.57
2025.270.21:20:00/wx/-0.05,555.4,9.2,8.55,237,0.57
2025.270.21:21:00/wx/0.15,555.4,9.0,8.87,248,0.53
2025.270.21:22:00/wx/-0.29,555.4,8.3,6.86,252,0.53
2025.270.21:23:00/wx/0.32,555.4,8.4,8.02,238,0.55
2025.270.21:24:00/wx/0.02,555.4,6.3,6.11,233,0.56
2025.270.21:25:00/wx/0.04,555.4,7.7,5.13,233,0.58
2025.270.21:26:00/wx/0.02,555.5,7.3,5.46,264,0.60
2025.270.21:27:00/wx/-0.30,555.4,10.4,6.02,246,0.55
2025.270.21:28:00/wx/-0.20,555.4,11.4,5.27,245,0.56
2025.270.21:29:00/wx/-0.10,555.4,9.6,6.73,240,0.57
2025.270.21:30:00/wx/-0.20,555.4,10.3,5.39,252,0.60
2025.270.21:31:00/wx/-0.40,555.5,9.3,4.25,254,0.60
2025.270.21:32:00/wx/-0.30,555.4,8.7,5.97,245,0.64
2025.270.21:33:00/wx/-0.30,555.5,9.9,6.20,247,0.65
2025.270.21:34:00/wx/0.11,555.4,10.7,6.87,230,0.65
2025.270.21:35:00/wx/-0.07,555.4,9.9,5.08,253,0.65
2025.270.21:36:00/wx/-0.30,555.4,10.5,4.36,252,0.64
2025.270.21:37:00/wx/-0.30,555.4,9.6,4.34,254,0.69
2025.270.21:38:00/wx/-0.36,555.4,11.3,5.86,251,0.70
2025.270.21:39:00/wx/-0.30,555.4,9.5,4.32,250,0.69
2025.270.21:40:00/wx/-0.29,555.4,10.4,5.80,245,0.74
2025.270.21:41:00/wx/-0.40,555.4,11.8,5.33,240,0.80
2025.270.21:42:00/wx/-0.40,555.4,12.2,7.16,257,0.74
2025.270.21:43:00/wx/-0.10,555.4,11.3,6.04,245,0.70
2025.270.21:44:00/wx/-0.26,555.4,12.7,6.41,245,0.70
2025.270.21:45:00/wx/-0.60,555.4,13.6,8.59,245,0.67
2025.270.21:46:00/wx/-0.60,555.4,11.3,5.53,251,0.66
2025.270.21:47:00/wx/-0.50,555.4,12.6,8.11,239,0.67
2025.270.21:48:00/wx/-0.37,555.4,11.5,8.12,237,0.58
2025.270.21:49:00/wx/-0.14,555.4,10.0,5.98,239,0.60
2025.270.21:50:00/wx/-0.19,555.4,10.8,5.35,244,0.65
2025.270.21:51:00/wx/-0.40,555.4,12.4,7.85,246,0.68
2025.270.21:52:00/wx/-0.48,555.4,13.1,7.92,240,0.70
2025.270.21:53:00/wx/-0.36,555.4,11.0,6.02,233,0.71
2025.270.21:54:00/wx/-0.30,555.4,10.4,6.67,244,0.75
2025.270.21:55:00/wx/-0.60,555.4,13.7,8.28,244,0.70
2025.270.21:56:00/wx/-0.70,555.4,14.8,8.45,241,0.71
2025.270.21:57:00/wx/-0.50,555.5,13.5,8.82,243,0.70
2025.270.21:58:00/wx/-0.60,555.4,13.2,8.24,240,0.71
2025.270.21:59:00/wx/-0.42,555.4,12.7,7.93,241,0.71
2025.270.22:00:00/wx/-0.49,555.4,12.2,7.75,250,0.68
2025.270.22:01:00/wx/-0.91,555.5,14.6,6.45,247,0.72
2025.270.22:02:00/wx/-1.01,555.5,14.9,6.53,244,0.71
2025.270.22:03:00/wx/-0.95,555.5,13.4,5.15,253,0.71
2025.270.22:04:00/wx/-1.00,555.5,13.7,6.22,244,0.69
2025.270.22:05:00/wx/-0.91,555.4,15.1,7.11,239,0.74
2025.270.22:06:00/wx/-0.70,555.4,12.1,4.65,245,0.68
2025.270.22:07:00/wx/-0.93,555.4,14.5,4.70,250,0.69
2025.270.22:08:00/wx/-0.78,555.4,12.6,4.47,244,0.68
2025.270.22:09:00/wx/-0.90,555.4,12.9,3.70,259,0.67
2025.270.22:10:00/wx/-0.90,555.5,12.7,3.33,276,0.65
2025.270.22:11:00/wx/-0.69,555.5,12.2,5.16,276,0.67
2025.270.22:12:00/wx/-0.80,555.5,13.0,4.48,248,0.65
2025.270.22:13:00/wx/-0.86,555.5,13.5,4.12,249,0.65
2025.270.22:14:00/wx/-1.10,555.5,15.1,5.59,254,0.67
2025.270.22:15:00/wx/-1.41,555.5,16.0,4.09,245,0.68
2025.270.22:16:00/wx/-1.20,555.5,15.3,4.92,245,0.68
2025.270.22:17:00/wx/-1.23,555.5,15.0,5.72,246,0.67
2025.270.22:18:00/wx/-1.60,555.5,15.7,5.65,247,0.68
2025.270.22:19:00/wx/-1.40,555.5,15.4,6.01,249,0.68
2025.270.22:20:00/wx/-1.50,555.5,15.8,6.57,247,0.68
2025.270.22:21:00/wx/-1.50,555.5,15.4,5.35,256,0.67
2025.270.22:22:00/wx/-1.96,555.5,17.7,6.14,247,0.69
2025.270.22:23:00/wx/-1.72,555.5,15.5,4.40,253,0.68
2025.270.22:24:00/wx/-1.80,555.5,16.0,4.42,247,0.66
2025.270.22:25:00/wx/-2.10,555.5,17.8,5.00,243,0.67
2025.270.22:26:00/wx/-2.22,555.6,18.1,4.36,252,0.68
2025.270.22:27:00/wx/-1.95,555.6,16.1,5.65,251,0.67
2025.270.22:28:00/wx/-1.31,555.5,12.2,5.65,247,0.66
2025.270.22:29:00/wx/-1.71,555.6,14.8,2.64,251,0.67
2025.270.22:30:00/wx/-2.10,555.6,16.3,3.24,262,0.66
2025.270.22:31:00/wx/-1.85,555.6,14.2,4.41,257,0.66
2025.270.22:32:00/wx/-1.78,555.6,13.9,3.50,262,0.65
2025.270.22:33:00/wx/-1.70,555.6,13.4,3.03,250,0.66
2025.270.22:34:00/wx/-1.68,555.6,13.4,4.07,256,0.66
2025.270.22:35:00/wx/-1.64,555.6,13.9,4.56,249,0.68
2025.270.22:36:00/wx/-1.60,555.6,13.7,5.33,249,0.68
2025.270.22:37:00/wx/-1.60,555.6,14.0,5.07,251,0.68
2025.270.22:38:00/wx/-1.70,555.6,14.3,4.43,252,0.71
2025.270.22:39:00/wx/-1.61,555.7,13.7,5.13,248,0.68
2025.270.22:40:00/wx/-1.59,555.6,13.4,3.78,257,0.68
2025.270.22:41:00/wx/-1.70,555.6,13.8,3.78,261,0.69
2025.270.22:42:00/wx/-1.70,555.6,13.5,4.18,255,0.68
2025.270.22:43:00/wx/-1.50,555.6,13.0,4.24,257,0.68
2025.270.22:44:00/wx/-1.70,555.6,13.6,4.90,253,0.67
2025.270.22:45:00/wx/-1.85,555.6,14.1,4.79,255,0.68
2025.270.22:46:00/wx/-1.73,555.6,13.0,4.88,260,0.65
2025.270.22:47:00/wx/-1.41,555.6,11.6,4.04,274,0.65
2025.270.22:48:00/wx/-1.30,555.6,11.0,3.07,273,0.64
2025.270.22:49:00/wx/-1.46,555.6,11.1,4.85,263,0.64
2025.270.22:50:00/wx/-1.40,555.6,10.4,4.05,261,0.62
2025.270.22:51:00/wx/-1.50,555.6,10.6,4.50,263,0.61
2025.270.22:52:00/wx/-1.40,555.5,10.0,4.33,270,0.61
2025.270.22:53:00/wx/-1.30,555.6,9.9,4.12,256,0.61
2025.270.22:54:00/wx/-1.46,555.6,10.9,4.44,255,0.62
2025.270.22:55:00/wx/-1.66,555.6,11.5,4.15,259,0.64
2025.270.22:56:00/wx/-1.99,555.6,13.4,4.94,245,0.65
2025.270.22:57:00/wx/-2.61,555.6,15.9,4.14,245,0.66
2025.270.22:58:00/wx/-3.03,555.6,18.5,3.75,243,0.65
2025.270.22:59:00/wx/-3.60,555.7,20.8,2.58,246,0.63
2025.270.23:00:00/wx/-4.00,555.6,22.7,3.13,252,0.62
2025.270.23:01:00/wx/-3.90,555.6,21.5,4.37,244,0.62
2025.270.23:02:00/wx/-2.76,555.6,16.3,3.71,256,0.62
2025.270.23:03:00/wx/-2.67,555.6,16.1,2.68,257,0.62
2025.270.23:04:00/wx/-3.36,555.6,19.2,2.62,239,0.63
2025.270.23:05:00/wx/-3.88,555.7,20.6,2.40,249,0.62
2025.270.23:06:00/wx/-4.00,555.7,21.2,3.02,248,0.63
2025.270.23:07:00/wx/-3.55,555.7,19.5,3.12,258,0.64
2025.270.23:08:00/wx/-2.79,555.7,16.9,3.91,251,0.65
2025.270.23:09:00/wx/-3.02,555.7,17.9,2.53,241,0.66
2025.270.23:10:00/wx/-3.40,555.7,19.3,2.74,251,0.66
2025.270.23:11:00/wx/-3.50,555.7,19.3,3.00,247,0.66
2025.270.23:12:00/wx/-3.70,555.7,20.6,2.28,244,0.66
2025.270.23:13:00/wx/-3.80,555.7,21.0,2.08,254,0.65
2025.270.23:14:00/wx/-3.73,555.7,20.2,3.07,244,0.64
2025.270.23:15:00/wx/-3.41,555.7,18.3,3.88,241,0.65
2025.270.23:16:00/wx/-3.10,555.7,17.6,3.74,237,0.65
2025.270.23:17:00/wx/-3.10,555.7,17.2,2.94,255,0.65
2025.270.23:18:00/wx/-3.30,555.7,18.1,2.58,250,0.64
2025.270.23:19:00/wx/-3.68,555.7,19.5,2.51,247,0.64
2025.270.23:20:00/wx/-3.80,555.7,19.4,1.92,260,0.64
2025.270.23:21:00/wx/-3.70,555.7,19.2,3.24,244,0.64
2025.270.23:22:00/wx/-3.64,555.7,18.8,2.78,248,0.64
2025.270.23:23:00/wx/-3.83,555.7,19.5,2.92,249,0.65
2025.270.23:24:00/wx/-3.60,555.7,18.4,3.35,246,0.65
2025.270.23:25:00/wx/-3.40,555.8,17.9,3.26,239,0.68
2025.270.23:26:00/wx/-3.50,555.8,18.1,3.00,238,0.67
2025.270.23:27:00/wx/-3.54,555.8,18.3,2.53,251,0.69
2025.270.23:28:00/wx/-3.94,555.8,20.2,2.10,264,0.70
2025.270.23:29:00/wx/-4.60,555.8,22.0,2.30,257,0.69
2025.270.23:30:00/wx/-4.69,555.8,21.9,2.55,240,0.70
2025.270.23:31:00/wx/-4.19,555.8,20.0,3.06,242,0.71
2025.270.23:32:00/wx/-4.47,555.8,21.6,2.98,255,0.71
2025.270.23:33:00/wx/-4.31,555.8,21.7,3.51,248,0.71
2025.270.23:34:00/wx/-4.30,555.8,21.6,2.93,261,0.71
2025.270.23:35:00/wx/-4.30,555.8,21.4,2.46,244,0.72
2025.270.23:36:00/wx/-4.36,555.9,22.0,2.80,258,0.75
2025.270.23:37:00/wx/-3.21,555.8,17.6,3.88,257,0.76
2025.270.23:38:00/wx/-2.60,555.9,15.4,4.14,253,0.76
2025.270.23:39:00/wx/-2.39,555.8,14.9,5.30,251,0.77
2025.270.23:40:00/wx/-2.23,555.9,14.3,3.86,251,0.77
2025.270.23:41:00/wx/-2.75,555.8,16.1,3.00,256,0.78
2025.270.23:42:00/wx/-3.04,555.9,17.1,4.24,251,0.79
2025.270.23:43:00/wx/-3.08,555.9,16.5,2.42,243,0.78
2025.270.23:44:00/wx/-3.71,555.9,18.3,2.39,268,0.78
2025.270.23:45:00/wx/-4.16,555.9,20.2,2.19,240,0.78
2025.270.23:46:00/wx/-4.40,555.9,20.3,1.99,236,0.80
2025.270.23:47:00/wx/-4.28,555.9,19.5,1.88,242,0.80
2025.270.23:48:00/wx/-4.30,555.9,20.1,2.53,242,0.79
2025.270.23:49:00/wx/-4.30,555.9,20.2,2.03,250,0.80
2025.270.23:50:00/wx/-4.34,555.9,20.1,2.26,261,0.80
2025.270.23:51:00/wx/-4.11,555.9,20.4,3.16,259,0.80
2025.270.23:52:00/wx/-2.83,555.9,16.2,3.89,254,0.79
2025.270.23:53:00/wx/-2.43,555.9,14.6,2.37,247,0.82
2025.270.23:54:00/wx/-3.66,555.9,18.6,2.66,249,0.82
2025.270.23:55:00/wx/-4.35,555.9,20.7,2.02,250,0.81
2025.270.23:56:00/wx/-4.70,555.9,22.0,1.95,245,0.81
2025.270.23:57:00/wx/-4.80,555.9,21.1,2.12,237,0.81
2025.270.23:58:00/wx/-4.70,555.9,21.0,3.02,250,0.83
2025.270.23:59:00/wx/-3.96,555.9,18.8,2.39,262,0.82
2025.271.00:00:00/wx/-3.44,555.9,17.3,2.65,261,0.83
2025.271.00:01:00/wx/-3.52,555.9,17.7,3.72,253,0.84
2025.271.00:02:00/wx/-2.70,555.9,15.3,3.63,254,0.84
2025.271.00:03:00/wx/-2.19,555.9,13.7,3.39,263,0.85
2025.271.00:04:00/wx/-2.22,556.0,13.6,3.40,250,0.84
2025.271.00:05:00/wx/-3.43,556.0,17.5,1.86,256,0.84
2025.271.00:06:00/wx/-4.09,556.0,19.4,1.48,232,0.84
2025.271.00:07:00/wx/-4.20,556.0,18.6,2.43,246,0.84
2025.271.00:08:00/wx/-4.00,556.0,17.9,2.55,237,0.84
2025.271.00:09:00/wx/-3.96,556.0,17.6,2.43,246,0.85
2025.271.00:10:00/wx/-3.90,556.0,17.6,2.37,253,0.85
2025.271.00:11:00/wx/-3.80,556.0,17.5,2.54,256,0.86
2025.271.00:12:00/wx/-3.90,556.1,17.9,1.87,251,0.87
2025.271.00:13:00/wx/-4.00,556.0,18.8,1.35,263,0.86
2025.271.00:14:00/wx/-4.00,556.1,18.5,1.64,256,0.87
2025.271.00:15:00/wx/-4.00,556.1,18.2,1.88,260,0.87
2025.271.00:16:00/wx/-4.10,556.0,18.5,1.83,259,0.86
2025.271.00:17:00/wx/-4.10,556.1,18.5,2.25,254,0.85
2025.271.00:18:00/wx/-4.00,556.1,18.2,1.47,266,0.84
2025.271.00:19:00/wx/-3.90,556.0,18.0,1.18,265,0.83
2025.271.00:20:00/wx/-3.81,556.1,17.7,2.15,279,0.84
2025.271.00:21:00/wx/-3.60,556.1,17.2,1.85,263,0.85
2025.271.00:22:00/wx/-3.59,556.1,17.1,1.12,264,0.84
2025.271.00:23:00/wx/-3.60,556.1,17.0,2.19,248,0.84
2025.271.00:24:00/wx/-3.70,556.1,17.2,1.68,253,0.83
2025.271.00:25:00/wx/-3.70,556.1,17.0,2.04,245,0.83
2025.271.00:26:00/wx/-3.70,556.1,17.0,2.92,245,0.83
2025.271.00:27:00/wx/-3.70,556.1,17.0,1.81,245,0.83
2025.271.00:28:00/wx/-3.80,556.1,17.2,2.19,252,0.84
2025.271.00:29:00/wx/-3.80,556.1,17.2,1.77,261,0.87
2025.271.00:30:00/wx/-3.70,556.1,17.1,1.83,259,0.87
2025.271.00:31:00/wx/-3.80,556.1,17.2,1.69,255,0.88
2025.271.00:32:00/wx/-3.83,556.1,17.4,1.86,245,0.89
2025.271.00:33:00/wx/-3.73,556.1,16.8,2.93,247,0.88
2025.271.00:34:00/wx/-3.71,556.0,16.5,2.74,255,0.88
2025.271.00:35:00/wx/-3.70,556.0,16.8,2.72,257,0.87
2025.271.00:36:00/wx/-3.60,556.0,16.4,2.05,255,0.87
2025.271.00:37:00/wx/-3.81,556.0,16.6,2.25,248,0.86
2025.271.00:38:00/wx/-3.80,556.0,16.7,2.17,256,0.86
2025.271.00:39:00/wx/-4.00,556.0,17.3,2.14,238,0.86
2025.271.00:40:00/wx/-4.00,556.0,17.1,1.66,262,0.86
2025.271.00:41:00/wx/-4.24,556.0,17.5,2.08,252,0.86
2025.271.00:42:00/wx/-4.60,556.0,18.6,2.16,265,0.86
2025.271.00:43:00/wx/-4.79,556.0,19.3,1.31,267,0.85
2025.271.00:44:00/wx/-5.10,556.0,19.5,2.33,278,0.82
2025.271.00:45:00/wx/-4.25,556.0,16.8,2.67,274,0.82
2025.271.00:46:00/wx/-3.31,556.0,14.7,2.90,273,0.82
2025.271.00:47:00/wx/-2.96,556.1,13.7,3.03,282,0.81
2025.271.00:48:00/wx/-3.38,556.1,13.6,2.70,294,0.80
2025.271.00:49:00/wx/-3.50,556.0,13.7,2.92,306,0.79
2025.271.00:50:00/wx/-3.50,556.0,13.9,2.39,317,0.78
2025.271.00:51:00/wx/-3.40,556.1,14.0,2.18,311,0.78
2025.271.00:52:00/wx/-3.22,556.0,13.9,1.89,315,0.78
2025.271.00:53:00/wx/-3.10,556.1,13.7,2.26,301,0.78
2025.271.00:54:00/wx/-3.10,556.1,13.6,2.22,302,0.78
2025.271.00:55:00/wx/-3.10,556.1,13.5,2.41,283,0.79
2025.271.00:56:00/wx/-3.00,556.1,13.4,2.19,305,0.79
2025.271.00:57:00/wx/-3.18,556.1,13.5,2.96,323,0.80
2025.271.00:58:00/wx/-3.10,556.0,13.6,2.53,338,0.80
2025.271.00:59:00/wx/-2.99,556.1,13.4,2.32,325,0.80
2025.271.01:00:00/wx/-2.90,556.0,13.3,2.66,335,0.79
2025.271.01:01:00/wx/-2.80,556.0,13.1,3.01,335,0.79
2025.271.01:02:00/wx/-2.70,556.1,13.1,2.15,328,0.79
2025.271.01:03:00/wx/-2.70,556.0,13.2,2.52,346,0.80
2025.271.01:04:00/wx/-2.70,556.1,13.0,1.94,327,0.79
2025.271.01:05:00/wx/-2.74,556.1,13.0,2.83,338,0.80
2025.271.01:06:00/wx/-2.70,556.1,13.0,2.56,346,0.79
2025.271.01:07:00/wx/-2.70,556.0,13.1,2.63,338,0.79
2025.271.01:08:00/wx/-2.70,556.1,13.1,2.63,347,0.78
2025.271.01:09:00/wx/-2.60,556.1,12.9,2.38,338,0.78
2025.271.01:10:00/wx/-2.60,556.1,12.9,2.69,333,0.78
2025.271.01:11:00/wx/-2.50,556.1,12.8,2.61,338,0.78
2025.271.01:12:00/wx/-2.50,556.1,13.0,1.93,347,0.77
2025.271.01:13:00/wx/-2.60,556.1,13.2,1.86,328,0.78
2025.271.01:14:00/wx/-2.60,556.1,13.0,1.85,324,0.78
2025.271.01:15:00/wx/-2.60,556.1,13.1,1.88,335,0.77
2025.271.01:16:00/wx/-2.59,556.1,13.0,1.84,304,0.76
2025.271.01:17:00/wx/-2.80,556.1,12.7,2.02,310,0.75
2025.271.01:18:00/wx/-2.70,556.1,12.6,1.72,322,0.74
2025.271.01:19:00/wx/-2.90,556.1,13.1,2.05,312,0.74
2025.271.01:20:00/wx/-2.70,556.1,12.7,1.93,326,0.72
2025.271.01:21:00/wx/-2.60,556.1,12.7,1.74,329,0.71
2025.271.01:22:00/wx/-2.60,556.2,12.6,2.02,319,0.71
2025.271.01:23:00/wx/-2.70,556.1,12.5,1.50,307,0.69
2025.271.01:24:00/wx/-2.70,556.2,12.3,2.36,324,0.70
2025.271.01:25:00/wx/-2.51,556.2,12.0,1.71,302,0.69
2025.271.01:26:00/wx/-2.60,556.2,12.0,1.83,331,0.71
2025.271.01:27:00/wx/-2.50,556.2,12.2,1.89,299,0.69
2025.271.01:28:00/wx/-2.60,556.2,12.2,1.06,312,0.68
2025.271.01:29:00/wx/-2.60,556.2,12.1,2.06,300,0.69
2025.271.01:30:00/wx/-2.51,556.2,11.8,1.62,285,0.69
2025.271.01:31:00/wx/-2.40,556.2,11.5,1.42,303,0.68
2025.271.01:32:00/wx/-2.50,556.2,11.7,1.43,329,0.68
2025.271.01:33:00/wx/-2.70,556.2,12.0,1.39,321,0.67
2025.271.01:34:00/wx/-2.60,556.2,11.9,1.49,330,0.67
2025.271.01:35:00/wx/-2.50,556.2,11.8,1.92,334,0.65
2025.271.01:36:00/wx/-2.50,556.2,11.7,1.92,312,0.63
2025.271.01:37:00/wx/-2.50,556.2,11.8,1.73,320,0.63
2025.271.01:38:00/wx/-2.50,556.2,11.9,1.53,323,0.62
2025.271.01:39:00/wx/-2.50,556.2,12.0,1.73,313,0.62
2025.271.01:40:00/wx/-2.50,556.2,11.8,1.83,309,0.63
2025.271.01:41:00/wx/-2.50,556.2,11.6,1.98,308,0.63
2025.271.01:42:00/wx/-2.60,556.2,11.8,1.79,301,0.63
2025.271.01:43:00/wx/-2.60,556.2,11.8,1.92,308,0.62
2025.271.01:44:00/wx/-2.60,556.2,12.0,1.75,307,0.62
2025.271.01:45:00/wx/-2.70,556.2,12.1,1.74,326,0.60
2025.271.01:46:00/wx/-2.59,556.2,12.1,1.82,306,0.59
2025.271.01:47:00/wx/-2.70,556.2,12.0,2.18,318,0.58
2025.271.01:48:00/wx/-2.52,556.2,11.3,2.07,308,0.58
2025.271.01:49:00/wx/-2.50,556.2,11.1,2.06,315,0.59
2025.271.01:50:00/wx/-2.50,556.2,11.3,2.53,303,0.56
2025.271.01:51:00/wx/-2.60,556.2,11.4,1.90,321,0.56
2025.271.01:52:00/wx/-2.66,556.2,11.8,1.72,314,0.58
2025.271.01:53:00/wx/-2.70,556.2,11.9,1.93,307,0.58
2025.271.01:54:00/wx/-2.70,556.2,12.0,1.93,312,0.58
2025.271.01:55:00/wx/-2.70,556.2,11.9,2.12,317,0.57
2025.271.01:56:00/wx/-2.70,556.2,11.8,2.03,322,0.58
2025.271.01:57:00/wx/-2.60,556.2,11.9,1.90,326,0.57
2025.271.01:58:00/wx/-2.60,556.2,11.9,2.22,329,0.58
2025.271.01:59:00/wx/-2.50,556.2,11.8,2.13,332,0.57
2025.271.02:00:00/wx/-2.50,556.2,11.4,1.99,315,0.59
2025.271.02:01:00/wx/-2.50,556.2,11.3,2.13,320,0.55
2025.271.02:02:00/wx/-2.50,556.2,11.2,2.24,319,0.58
2025.271.02:03:00/wx/-2.50,556.2,11.1,2.33,304,0.58
2025.271.02:04:00/wx/-2.60,556.2,10.8,2.25,285,0.57
2025.271.02:05:00/wx/-2.60,556.2,10.8,1.94,307,0.55
2025.271.02:06:00/wx/-2.60,556.2,10.8,2.06,302,0.55
2025.271.02:07:00/wx/-2.60,556.2,10.9,2.19,308,0.55
2025.271.02:08:00/wx/-2.60,556.1,10.9,2.23,320,0.54
2025.271.02:09:00/wx/-2.60,556.2,10.6,2.11,319,0.54
2025.271.02:10:00/wx/-2.60,556.2,11.0,2.21,316,0.52
2025.271.02:11:00/wx/-2.70,556.1,11.3,2.08,324,0.51
2025.271.02:12:00/wx/-2.70,556.2,11.3,2.03,321,0.52
2025.271.02:13:00/wx/-2.70,556.2,11.3,2.04,312,0.52
2025.271.02:14:00/wx/-2.70,556.2,11.2,2.19,312,0.51
2025.271.02:15:00/wx/-2.70,556.2,11.1,2.08,315,0.50
2025.271.02:16:00/wx/-2.70,556.2,11.1,1.98,314,0.50
2025.271.02:17:00/wx/-2.70,556.2,11.0,1.93,310,0.50
2025.271.02:18:00/wx/-2.71,556.2,11.1,1.93,309,0.51
2025.271.02:19:00/wx/-2.70,556.2,11.1,1.83,319,0.51
2025.271.02:20:00/wx/-2.70,556.2,10.9,1.93,325,0.50
2025.271.02:21:00/wx/-2.70,556.1,10.8,1.76,323,0.50
2025.271.02:22:00/wx/-2.70,556.2,10.8,1.83,329,0.49
2025.271.02:23:00/wx/-2.70,556.1,10.8,1.83,321,0.49
2025.271.02:24:00/wx/-2.70,556.1,10.8,1.83,323,0.49
2025.271.02:25:00/wx/-2.70,556.1,10.8,1.85,322,0.49
2025.271.02:26:00/wx/-2.70,556.1,10.8,1.83,321,0.48
2025.271.02:27:00/wx/-2.80,556.1,10.8,1.74,322,0.48
2025.271.02:28:00/wx/-2.80,556.1,10.8,1.93,315,0.47
2025.271.02:29:00/wx/-2.80,556.1,10.6,1.88,317,0.47
2025.271.02:30:00/wx/-2.80,556.1,10.4,1.71,315,0.47
2025.271.02:31:00/wx/-2.80,556.1,10.1,1.53,314,0.47
2025.271.02:32:00/wx/-2.80,556.1,10.3,1.67,318,0.47
2025.271.02:33:00/wx/-2.80,556.1,10.4,1.57,323,0.47
2025.271.02:34:00/wx/-2.80,556.1,10.1,1.76,316,0.47
2025.271.02:35:00/wx/-2.80,556.1,9.9,1.60,328,0.47
2025.271.02:36:00/wx/-3.10,556.1,10.2,0.93,303,0.48
2025.271.02:37:00/wx/-3.70,556.1,11.2,1.46,291,0.48
2025.271.02:38:00/wx/-3.56,556.1,11.1,1.70,313,0.48
2025.271.02:39:00/wx/-3.33,556.2,10.5,1.63,310,0.48
2025.271.02:40:00/wx/-3.20,556.2,10.3,1.79,293,0.49
2025.271.02:41:00/wx/-3.20,556.1,10.0,1.93,322,0.49
2025.271.02:42:00/wx/-3.20,556.1,9.9,1.54,317,0.49
2025.271.02:43:00/wx/-3.05,556.2,9.8,1.83,325,0.49
2025.271.02:44:00/wx/-3.00,556.2,9.7,1.92,310,0.49
2025.271.02:45:00/wx/-3.00,556.2,9.6,2.14,312,0.49
2025.271.02:46:00/wx/-3.10,556.1,9.7,1.65,319,0.48
2025.271.02:47:00/wx/-3.10,556.2,9.8,1.87,295,0.48
2025.271.02:48:00/wx/-3.10,556.1,9.7,1.42,276,0.48
2025.271.02:49:00/wx/-3.20,556.2,9.8,1.51,308,0.48
2025.271.02:50:00/wx/-3.50,556.1,9.9,2.63,335,0.48
2025.271.02:51:00/wx/-3.89,556.1,10.2,2.76,329,0.47
2025.271.02:52:00/wx/-3.26,556.1,9.7,2.24,326,0.47
2025.271.02:53:00/wx/-3.00,556.1,9.4,2.08,311,0.46
2025.271.02:54:00/wx/-2.81,556.1,9.2,2.62,329,0.46
2025.271.02:55:00/wx/-2.60,556.2,9.2,2.63,320,0.47
2025.271.02:56:00/wx/-2.60,556.2,9.2,2.63,313,0.47
2025.271.02:57:00/wx/-2.60,556.2,9.0,2.06,323,0.47
2025.271.02:58:00/wx/-2.60,556.2,9.2,2.46,320,0.47
2025.271.02:59:00/wx/-2.60,556.2,9.2,2.54,326,0.47
2025.271.03:00:00/wx/-2.50,556.1,9.1,2.33,318,0.47
2025.271.03:01:00/wx/-2.50,556.2,9.4,2.71,329,0.47
2025.271.03:02:00/wx/-2.60,556.1,10.0,3.02,335,0.48
2025.271.03:03:00/wx/-2.50,556.2,9.8,3.01,329,0.48
2025.271.03:04:00/wx/-2.50,556.1,9.9,2.93,329,0.48
2025.271.03:05:00/wx/-2.50,556.2,9.7,2.81,330,0.48
2025.271.03:06:00/wx/-2.50,556.1,10.3,2.98,337,0.48
2025.271.03:07:00/wx/-2.44,556.2,10.2,3.02,337,0.48
2025.271.03:08:00/wx/-2.40,556.1,10.0,3.15,332,0.48
2025.271.03:09:00/wx/-2.40,556.1,9.9,2.71,338,0.48
2025.271.03:10:00/wx/-2.42,556.2,10.9,2.78,332,0.48
2025.271.03:11:00/wx/-2.45,556.2,10.6,2.87,334,0.48
2025.271.03:12:00/wx/-2.40,556.1,10.4,3.09,331,0.47
2025.271.03:13:00/wx/-2.40,556.1,11.1,2.63,333,0.46
2025.271.03:14:00/wx/-2.50,556.2,11.6,2.52,329,0.47
2025.271.03:15:00/wx/-2.53,556.1,11.7,2.76,336,0.46
2025.271.03:16:00/wx/-2.64,556.1,12.4,3.11,336,0.46
2025.271.03:17:00/wx/-2.50,556.1,11.3,2.56,329,0.47
2025.271.03:18:00/wx/-2.50,556.1,11.8,3.13,341,0.47
2025.271.03:19:00/wx/-2.50,556.1,11.9,3.00,337,0.46
2025.271.03:20:00/wx/-2.40,556.1,11.7,2.67,343,0.46
2025.271.03:21:00/wx/-2.50,556.1,12.3,2.30,343,0.46
2025.271.03:22:00/wx/-2.40,556.1,11.6,2.81,346,0.46
2025.271.03:23:00/wx/-2.60,556.1,12.1,3.13,329,0.46
2025.271.03:24:00/wx/-2.40,556.1,11.3,2.79,338,0.45
2025.271.03:25:00/wx/-2.40,556.1,11.2,2.94,336,0.45
2025.271.03:26:00/wx/-2.30,556.1,11.2,2.58,337,0.44
2025.271.03:27:00/wx/-2.40,556.0,11.3,2.64,331,0.43
2025.271.03:28:00/wx/-2.40,556.0,11.4,2.82,334,0.43
2025.271.03:29:00/wx/-2.40,556.0,11.5,2.71,332,0.43
2025.271.03:30:00/wx/-2.50,556.0,11.6,2.58,330,0.43
2025.271.03:31:00/wx/-2.41,556.1,11.5,2.73,332,0.43
2025.271.03:32:00/wx/-2.40,556.0,11.4,2.83,324,0.43
2025.271.03:33:00/wx/-2.40,556.0,11.4,2.70,332,0.43
2025.271.03:34:00/wx/-2.40,556.0,11.5,2.92,325,0.42
2025.271.03:35:00/wx/-2.40,556.0,11.5,3.17,331,0.42
2025.271.03:36:00/wx/-2.30,556.0,11.6,3.13,335,0.42
2025.271.03:37:00/wx/-2.30,556.0,11.5,2.74,330,0.41
2025.271.03:38:00/wx/-2.30,556.0,11.4,2.70,328,0.41
2025.271.03:39:00/wx/-2.35,556.0,11.3,2.53,324,0.41
2025.271.03:40:00/wx/-2.40,556.0,11.3,3.09,327,0.41
2025.271.03:41:00/wx/-2.50,556.0,11.4,3.13,325,0.41
2025.271.03:42:00/wx/-2.50,556.0,11.5,3.11,329,0.41
2025.271.03:43:00/wx/-2.50,556.0,11.6,3.23,335,0.41
2025.271.03:44:00/wx/-2.47,555.9,11.7,2.99,336,0.41
2025.271.03:45:00/wx/-2.40,555.9,11.6,2.91,332,0.41
2025.271.03:46:00/wx/-2.40,555.9,11.5,2.83,336,0.41
2025.271.03:47:00/wx/-2.48,555.9,11.6,2.95,337,0.41
2025.271.03:48:00/wx/-2.50,555.9,11.7,3.24,335,0.41
2025.271.03:49:00/wx/-2.43,555.9,11.7,2.96,343,0.41
2025.271.03:50:00/wx/-2.49,555.9,11.8,3.41,332,0.41
2025.271.03:51:00/wx/-2.50,555.9,12.0,3.05,333,0.41
2025.271.03:52:00/wx/-2.50,555.9,12.2,3.28,341,0.41
2025.271.03:53:00/wx/-2.45,555.9,12.1,3.41,337,0.41
2025.271.03:54:00/wx/-2.40,555.9,12.1,3.33,332,0.41
2025.271.03:55:00/wx/-2.50,555.9,12.1,3.34,336,0.41
2025.271.03:56:00/wx/-2.40,555.8,12.3,3.55,336,0.41
2025.271.03:57:00/wx/-2.60,555.9,12.4,3.43,346,0.41
2025.271.03:58:00/wx/-2.50,555.9,12.3,3.08,338,0.41
2025.271.03:59:00/wx/-2.40,555.9,12.3,3.03,330,0.41
2025.271.04:00:00/wx/-2.40,555.9,12.4,3.43,338,0.41
2025.271.04:01:00/wx/-2.39,555.9,12.4,3.33,339,0.41
2025.271.04:02:00/wx/-2.34,555.9,12.2,3.18,330,0.42
2025.271.04:03:00/wx/-2.40,555.8,12.3,3.05,332,0.42
2025.271.04:04:00/wx/-2.31,555.9,12.3,2.67,320,0.42
2025.271.04:05:00/wx/-2.40,555.8,12.3,2.84,332,0.42
2025.271.04:06:00/wx/-2.40,555.9,12.4,3.18,333,0.43
2025.271.04:07:00/wx/-2.50,555.9,12.5,2.93,320,0.42
2025.271.04:08:00/wx/-2.62,555.9,12.5,3.15,330,0.42
2025.271.04:09:00/wx/-2.60,555.8,12.6,2.84,336,0.42
2025.271.04:10:00/wx/-2.61,555.8,12.6,3.23,334,0.42
2025.271.04:11:00/wx/-2.77,555.8,12.6,2.94,330,0.42
2025.271.04:12:00/wx/-2.59,555.8,12.6,3.31,333,0.42
2025.271.04:13:00/wx/-2.60,555.8,12.4,3.00,328,0.42
2025.271.04:14:00/wx/-2.50,555.8,12.2,2.53,338,0.43
2025.271.04:15:00/wx/-2.49,555.8,11.9,3.07,336,0.43
2025.271.04:16:00/wx/-2.40,555.8,11.6,2.78,337,0.43
2025.271.04:17:00/wx/-2.50,555.8,11.6,3.99,329,0.44
2025.271.04:18:00/wx/-2.31,555.8,11.3,2.56,20,0.43
2025.271.04:19:00/wx/-2.60,555.7,11.5,3.34,331,0.44
2025.271.04:20:00/wx/-2.50,555.8,11.5,2.93,332,0.44
2025.271.04:21:00/wx/-2.45,555.7,11.5,3.28,340,0.44
2025.271.04:22:00/wx/-2.41,555.7,11.5,4.04,338,0.44
2025.271.04:23:00/wx/-2.20,555.7,11.3,2.64,341,0.44
2025.271.04:24:00/wx/-2.31,555.7,11.3,3.97,344,0.44
2025.271.04:25:00/wx/-2.23,555.7,11.2,3.35,343,0.44
2025.271.04:26:00/wx/-2.30,555.7,11.4,3.58,334,0.44
2025.271.04:27:00/wx/-2.20,555.7,11.3,3.33,344,0.43
2025.271.04:28:00/wx/-2.40,555.7,11.4,4.33,348,0.43
2025.271.04:29:00/wx/-2.39,555.7,11.4,3.21,342,0.44
2025.271.04:30:00/wx/-2.34,555.7,11.4,3.25,345,0.43
2025.271.04:31:00/wx/-2.76,555.7,12.3,4.23,344,0.43
2025.271.04:32:00/wx/-2.41,555.7,11.7,3.99,341,0.43
2025.271.04:33:00/wx/-2.40,555.7,11.7,4.15,343,0.43
2025.271.04:34:00/wx/-2.43,555.7,11.6,4.08,347,0.43
2025.271.04:35:00/wx/-2.65,555.7,12.1,3.82,342,0.43
2025.271.04:36:00/wx/-2.50,555.7,12.0,3.93,341,0.43
2025.271.04:37:00/wx/-2.40,555.7,11.7,3.73,343,0.43
2025.271.04:38:00/wx/-2.39,555.7,11.7,3.49,341,0.44
2025.271.04:39:00/wx/-2.63,555.6,12.1,2.86,343,0.44
2025.271.04:40:00/wx/-2.70,555.7,12.2,4.14,339,0.44
2025.271.04:41:00/wx/-2.67,555.6,12.2,3.68,333,0.43
2025.271.04:42:00/wx/-2.80,555.6,12.6,3.63,334,0.44
2025.271.04:43:00/wx/-2.91,555.6,12.9,4.12,334,0.44
2025.271.04:44:00/wx/-2.69,555.6,12.4,3.73,337,0.44
2025.271.04:45:00/wx/-2.50,555.6,12.0,4.23,337,0.43
2025.271.04:46:00/wx/-2.40,555.6,11.6,3.90,340,0.43
2025.271.04:47:00/wx/-2.30,555.6,11.6,4.13,354,0.43
2025.271.04:48:00/wx/-2.84,555.6,12.4,3.79,350,0.42
2025.271.04:49:00/wx/-3.12,555.6,13.2,4.36,328,0.42
2025.271.04:50:00/wx/-2.90,555.6,12.7,3.77,338,0.42
2025.271.04:51:00/wx/-3.00,555.6,12.7,4.03,336,0.43
2025.271.04:52:00/wx/-3.00,555.6,13.0,4.33,337,0.42
2025.271.04:53:00/wx/-2.81,555.6,12.6,4.48,339,0.42
2025.271.04:54:00/wx/-2.66,555.6,12.5,3.95,342,0.42
2025.271.04:55:00/wx/-2.70,555.6,12.4,3.92,343,0.42
2025.271.04:56:00/wx/-2.60,555.5,12.3,4.04,341,0.41
2025.271.04:57:00/wx/-2.50,555.5,12.1,4.04,344,0.41
2025.271.04:58:00/wx/-2.50,555.5,12.0,3.69,346,0.41
2025.271.04:59:00/wx/-2.50,555.5,12.1,3.67,342,0.41
2025.271.05:00:00/wx/-2.67,555.5,12.3,3.60,336,0.41
2025.271.05:01:00/wx/-3.01,555.5,13.0,3.84,348,0.41
2025.271.05:02:00/wx/-2.71,555.5,12.5,3.81,338,0.41
2025.271.05:03:00/wx/-2.96,555.5,13.0,3.83,340,0.40
2025.271.05:04:00/wx/-2.69,555.5,12.5,3.55,339,0.41
2025.271.05:05:00/wx/-2.80,555.5,12.9,3.15,340,0.40
2025.271.05:06:00/wx/-2.90,555.5,13.0,4.13,349,0.41
2025.271.05:07:00/wx/-2.98,555.4,13.2,4.43,350,0.40
2025.271.05:08:00/wx/-2.70,555.4,12.8,3.92,345,0.40
2025.271.05:09:00/wx/-2.81,555.4,12.9,4.08,344,0.41
2025.271.05:10:00/wx/-2.70,555.5,12.9,4.05,345,0.40
2025.271.05:11:00/wx/-2.50,555.4,12.4,4.12,338,0.40
2025.271.05:12:00/wx/-2.52,555.4,12.4,3.79,344,0.40
2025.271.05:13:00/wx/-2.75,555.4,13.0,4.28,341,0.40
2025.271.05:14:00/wx/-2.63,555.4,12.8,4.22,347,0.40
2025.271.05:15:00/wx/-2.60,555.4,12.3,4.23,346,0.40
2025.271.05:16:00/wx/-2.70,555.4,12.5,3.75,353,0.40
2025.271.05:17:00/wx/-3.11,555.4,13.3,4.33,344,0.40
2025.271.05:18:00/wx/-2.96,555.4,13.0,4.20,348,0.40
2025.271.05:19:00/wx/-2.72,555.4,12.6,3.92,351,0.40
2025.271.05:20:00/wx/-2.50,555.4,12.3,4.03,348,0.39
2025.271.05:21:00/wx/-2.88,555.4,12.8,4.19,347,0.40
2025.271.05:22:00/wx/-2.84,555.4,12.8,4.17,340,0.39
2025.271.05:23:00/wx/-2.70,555.4,12.7,4.17,353,0.43
2025.271.05:24:00/wx/-2.60,555.4,12.3,3.57,353,0.42
2025.271.05:25:00/wx/-2.79,555.4,12.6,3.94,349,0.41
2025.271.05:26:00/wx/-2.83,555.4,12.5,3.99,348,0.43
2025.271.05:27:00/wx/-2.79,555.4,12.7,4.56,342,0.42
2025.271.05:28:00/wx/-2.52,555.4,12.0,3.74,344,0.41
2025.271.05:29:00/wx/-2.60,555.4,11.5,3.73,341,0.42
2025.271.05:30:00/wx/-2.62,555.4,11.4,3.64,343,0.42
2025.271.05:31:00/wx/-2.67,555.4,11.9,3.74,335,0.41
2025.271.05:32:00/wx/-2.43,555.4,11.8,3.78,336,0.41
2025.271.05:33:00/wx/-2.40,555.4,11.6,3.85,341,0.41
2025.271.05:34:00/wx/-2.40,555.3,11.6,3.73,337,0.41
2025.271.05:35:00/wx/-2.40,555.4,11.3,3.66,343,0.40
2025.271.05:36:00/wx/-2.30,555.3,11.3,3.53,342,0.40
2025.271.05:37:00/wx/-2.40,555.3,11.7,3.58,344,0.41
2025.271.05:38:00/wx/-2.31,555.3,11.7,3.62,347,0.41
2025.271.05:39:00/wx/-2.30,555.3,11.5,2.94,348,0.41
2025.271.05:40:00/wx/-2.32,555.3,10.9,3.62,349,0.38
2025.271.05:41:00/wx/-2.35,555.3,11.0,3.38,341,0.39
2025.271.05:42:00/wx/-2.37,555.3,10.8,3.51,340,0.39
2025.271.05:43:00/wx/-2.40,555.3,11.3,3.92,341,0.39
2025.271.05:44:00/wx/-2.40,555.2,11.4,3.83,343,0.39
2025.271.05:45:00/wx/-2.40,555.2,11.4,3.84,349,0.39
2025.271.05:46:00/wx/-2.30,555.2,11.2,3.15,340,0.39
2025.271.05:47:00/wx/-2.30,555.3,11.2,3.33,340,0.40
2025.271.05:48:00/wx/-2.30,555.2,11.2,3.33,345,0.39
2025.271.05:49:00/wx/-2.29,555.2,11.0,2.95,334,0.39
2025.271.05:50:00/wx/-2.30,555.2,10.9,2.81,345,0.38
2025.271.05:51:00/wx/-2.40,555.2,10.7,2.52,332,0.39
2025.271.05:52:00/wx/-2.60,555.2,10.8,2.92,337,0.40
2025.271.05:53:00/wx/-2.40,555.2,10.5,2.52,347,0.38
2025.271.05:54:00/wx/-2.40,555.2,10.7,3.00,352,0.38
2025.271.05:55:00/wx/-2.35,555.2,10.6,3.33,347,0.38
2025.271.05:56:00/wx/-2.22,555.2,10.3,2.94,345,0.39
2025.271.05:57:00/wx/-2.20,555.2,10.0,2.53,350,0.39
2025.271.05:58:00/wx/-2.20,555.2,9.7,2.74,333,0.39
2025.271.05:59:00/wx/-2.20,555.2,9.6,2.61,343,0.41
2025.271.06:00:00/wx/-2.30,555.2,9.9,2.93,344,0.39
2025.271.06:01:00/wx/-2.30,555.1,9.5,4.00,354,0.39
2025.271.06:02:00/wx/-2.30,555.1,9.2,2.94,350,0.40
2025.271.06:03:00/wx/-2.58,555.1,9.6,3.78,344,0.41
2025.271.06:04:00/wx/-2.40,555.1,9.1,3.50,345,0.40
2025.271.06:05:00/wx/-2.30,555.1,9.4,2.58,338,0.40
2025.271.06:06:00/wx/-2.40,555.1,9.8,3.53,339,0.41
2025.271.06:07:00/wx/-2.40,555.1,9.8,3.44,334,0.41
2025.271.06:08:00/wx/-2.30,555.1,9.9,3.72,330,0.40
2025.271.06:09:00/wx/-2.20,555.1,9.9,3.37,333,0.40
2025.271.06:10:00/wx/-2.20,555.1,9.6,3.56,347,0.40
2025.271.06:11:00/wx/-2.10,555.1,9.1,3.23,341,0.40
2025.271.06:12:00/wx/-2.60,555.1,8.9,3.37,340,0.41
2025.271.06:13:00/wx/-2.46,555.1,8.8,2.84,335,0.40
2025.271.06:14:00/wx/-2.50,555.1,9.1,3.39,339,0.40
2025.271.06:15:00/wx/-2.50,555.1,9.7,3.51,336,0.40
2025.271.06:16:00/wx/-2.40,555.1,9.6,3.23,330,0.40
2025.271.06:17:00/wx/-2.40,555.1,9.7,3.12,336,0.40
2025.271.06:18:00/wx/-2.30,555.1,9.2,3.76,351,0.40
2025.271.06:19:00/wx/-2.20,555.0,8.8,3.16,339,0.39
2025.271.06:20:00/wx/-2.29,555.1,8.7,3.22,340,0.39
2025.271.06:21:00/wx/-2.30,555.0,8.6,3.04,339,0.40
2025.271.06:22:00/wx/-2.23,555.0,8.2,3.48,356,0.41
2025.271.06:23:00/wx/-2.20,555.1,8.1,2.99,338,0.41
2025.271.06:24:00/wx/-2.40,555.0,8.2,3.09,338,0.41
2025.271.06:25:00/wx/-2.20,555.1,8.0,3.12,343,0.41
2025.271.06:26:00/wx/-2.20,555.0,8.0,2.75,347,0.41
2025.271.06:27:00/wx/-2.20,555.0,8.0,3.43,345,0.42
2025.271.06:28:00/wx/-2.10,555.0,7.7,2.72,347,0.42
2025.271.06:29:00/wx/-2.20,555.1,7.9,3.05,338,0.41
2025.271.06:30:00/wx/-2.40,555.0,8.1,3.23,344,0.41
2025.271.06:31:00/wx/-2.40,555.0,8.4,3.41,337,0.41
2025.271.06:32:00/wx/-2.15,555.0,8.1,3.20,337,0.41
2025.271.06:33:00/wx/-2.10,555.0,7.8,2.90,344,0.41
2025.271.06:34:00/wx/-2.30,555.0,7.9,3.02,349,0.41
2025.271.06:35:00/wx/-2.30,554.9,7.8,3.14,343,0.41
2025.271.06:36:00/wx/-2.20,555.0,7.8,3.12,327,0.40
2025.271.06:37:00/wx/-2.20,554.9,7.8,3.22,341,0.40
2025.271.06:38:00/wx/-2.18,554.9,7.7,3.21,345,0.40
2025.271.06:39:00/wx/-2.20,555.0,7.5,3.13,342,0.41
2025.271.06:40:00/wx/-2.20,554.9,7.4,3.16,332,0.40
2025.271.06:41:00/wx/-2.43,554.9,7.6,3.43,324,0.41
2025.271.06:42:00/wx/-2.60,554.9,7.8,3.38,328,0.40
2025.271.06:43:00/wx/-2.51,554.9,7.8,3.63,327,0.41
2025.271.06:44:00/wx/-2.30,554.9,7.7,3.24,332,0.41
2025.271.06:45:00/wx/-2.30,554.9,7.4,3.36,344,0.41
2025.271.06:46:00/wx/-2.30,554.9,7.4,3.20,337,0.41
2025.271.06:47:00/wx/-2.50,554.9,7.5,3.38,329,0.41
2025.271.06:48:00/wx/-2.49,554.8,7.7,3.09,332,0.41
2025.271.06:49:00/wx/-2.70,554.8,8.0,3.33,345,0.41
2025.271.06:50:00/wx/-2.50,554.8,7.5,3.46,342,0.40
2025.271.06:51:00/wx/-2.40,554.8,7.5,3.21,340,0.40
2025.271.06:52:00/wx/-2.33,554.8,7.5,3.67,346,0.40
2025.271.06:53:00/wx/-2.21,554.8,7.3,3.32,353,0.40
2025.271.06:54:00/wx/-2.50,554.8,7.6,3.43,345,0.40
2025.271.06:55:00/wx/-2.52,554.8,7.6,3.35,346,0.40
2025.271.06:56:00/wx/-2.75,554.8,8.0,3.25,340,0.41
2025.271.06:57:00/wx/-2.77,554.8,8.1,3.02,352,0.40
2025.271.06:58:00/wx/-3.10,554.7,8.5,3.35,352,0.40
2025.271.06:59:00/wx/-2.79,554.7,8.3,3.01,345,0.40
2025.271.07:00:00/wx/-2.66,554.7,8.2,2.88,349,0.40
2025.271.07:01:00/wx/-2.90,554.7,8.3,3.05,353,0.40
2025.271.07:02:00/wx/-3.02,554.7,8.7,3.12,345,0.40
2025.271.07:03:00/wx/-2.70,554.7,8.2,2.93,348,0.41
2025.271.07:04:00/wx/-2.40,554.7,7.6,2.68,358,0.40
2025.271.07:05:00/wx/-2.34,554.7,7.2,3.00,357,0.40
2025.271.07:06:00/wx/-2.40,554.7,7.4,2.66,342,0.40
2025.271.07:07:00/wx/-2.40,554.7,7.3,2.83,347,0.40
2025.271.07:08:00/wx/-2.31,554.7,7.1,2.84,342,0.41
2025.271.07:09:00/wx/-2.48,554.7,7.2,2.89,344,0.40
2025.271.07:10:00/wx/-2.40,554.7,7.0,2.34,357,0.40
2025.271.07:11:00/wx/-2.60,554.6,7.1,2.14,350,0.40
2025.271.07:12:00/wx/-2.60,554.6,7.1,2.84,343,0.41
2025.271.07:13:00/wx/-2.49,554.6,7.0,2.92,351,0.40
2025.271.07:14:00/wx/-2.30,554.6,6.7,2.85,245,0.41
2025.271.07:15:00/wx/-2.46,554.6,6.5,2.78,-37,0.41
2025.271.07:16:00/wx/-2.97,554.6,7.2,2.97,347,0.41
2025.271.07:17:00/wx/-2.80,554.6,7.0,2.63,348,0.41
2025.271.07:18:00/wx/-2.89,554.6,6.9,2.93,337,0.41
2025.271.07:19:00/wx/-2.70,554.6,6.7,2.86,336,0.40
2025.271.07:20:00/wx/-2.49,554.6,6.3,2.92,338,0.40
2025.271.07:21:00/wx/-2.50,554.6,6.0,3.14,341,0.41
2025.271.07:22:00/wx/-2.40,554.6,6.1,2.83,340,0.41
2025.271.07:23:00/wx/-2.52,554.6,6.7,2.80,342,0.41
2025.271.07:24:00/wx/-2.50,554.6,6.7,3.00,335,0.41
2025.271.07:25:00/wx/-2.50,554.6,6.6,2.92,349,0.41
2025.271.07:26:00/wx/-2.59,554.6,6.6,2.64,348,0.41
2025.271.07:27:00/wx/-3.01,554.6,7.2,2.81,356,0.41
2025.271.07:28:00/wx/-3.23,554.6,7.7,2.46,347,0.40
2025.271.07:29:00/wx/-3.71,554.6,8.4,2.46,349,0.40
2025.271.07:30:00/wx/-3.22,554.6,7.7,2.84,342,0.40
2025.271.07:31:00/wx/-3.00,554.6,7.2,3.03,341,0.41
2025.271.07:32:00/wx/-3.04,554.6,6.9,3.14,60,0.41
2025.271.07:33:00/wx/-3.36,554.6,7.3,2.97,1,0.41
2025.271.07:34:00/wx/-3.40,554.6,7.6,2.74,346,0.41
2025.271.07:35:00/wx/-3.21,554.6,7.3,3.01,350,0.41
2025.271.07:36:00/wx/-2.90,554.5,6.6,3.04,348,0.41
2025.271.07:37:00/wx/-2.73,554.5,6.3,2.97,353,0.41
2025.271.07:38:00/wx/-2.73,554.6,6.3,2.88,356,0.41
2025.271.07:39:00/wx/-3.24,554.5,7.1,2.68,286,0.41
2025.271.07:40:00/wx/-3.21,554.5,7.2,2.63,352,0.41
2025.271.07:41:00/wx/-3.10,554.5,7.0,2.92,359,0.41
2025.271.07:42:00/wx/-3.37,554.5,7.6,2.60,351,0.41
2025.271.07:43:00/wx/-2.80,554.5,6.4,3.00,352,0.41
2025.271.07:44:00/wx/-2.89,554.5,6.4,2.83,353,0.41
2025.271.07:45:00/wx/-2.70,554.5,6.3,3.04,352,0.41
2025.271.07:46:00/wx/-2.80,554.5,6.4,2.64,357,0.41
2025.271.07:47:00/wx/-2.96,554.5,6.7,2.80,355,0.41
2025.271.07:48:00/wx/-2.91,554.5,6.8,2.68,262,0.41
2025.271.07:49:00/wx/-3.29,554.5,7.5,2.91,338,0.41
2025.271.07:50:00/wx/-3.50,554.5,7.6,3.35,358,0.41
2025.271.07:51:00/wx/-3.28,554.5,7.1,2.60,1,0.41
2025.271.07:52:00/wx/-3.36,554.5,7.4,2.71,357,0.41
2025.271.07:53:00/wx/-3.18,554.5,7.0,2.72,349,0.41
2025.271.07:54:00/wx/-3.09,554.5,6.8,2.73,353,0.41
2025.271.07:55:00/wx/-3.52,554.5,7.5,2.80,1,0.41
2025.271.07:56:00/wx/-3.22,554.5,7.2,2.57,350,0.40
2025.271.07:57:00/wx/-3.16,554.5,6.7,2.65,352,0.41
2025.271.07:58:00/wx/-3.32,554.5,7.2,3.11,348,0.41
2025.271.07:59:00/wx/-3.40,554.5,7.4,3.14,355,0.41
2025.271.08:00:00/wx/-3.38,554.5,7.4,3.44,12,0.41
2025.271.08:01:00/wx/-3.53,554.5,7.5,2.84,345,0.40
2025.271.08:02:00/wx/-3.18,554.5,6.6,3.05,347,0.40
2025.271.08:03:00/wx/-2.81,554.5,6.1,3.36,346,0.41
2025.271.08:04:00/wx/-3.11,554.5,6.4,3.23,-9,0.41
2025.271.08:05:00/wx/-3.84,554.5,7.8,3.32,288,0.41
2025.271.08:06:00/wx/-4.39,554.5,9.1,3.05,6,0.41
2025.271.08:07:00/wx/-4.59,554.4,9.8,3.16,352,0.41
2025.271.08:08:00/wx/-4.01,554.5,8.7,2.85,351,0.41
2025.271.08:09:00/wx/-4.21,554.5,8.7,2.68,356,0.41
2025.271.08:10:00/wx/-4.00,554.5,8.3,3.00,358,0.41
2025.271.08:11:00/wx/-3.96,554.5,8.4,2.87,356,0.41
2025.271.08:12:00/wx/-4.01,554.5,8.7,2.84,347,0.41
2025.271.08:13:00/wx/-3.90,554.5,8.4,3.04,349,0.41
2025.271.08:14:00/wx/-3.59,554.5,7.7,3.29,355,0.41
2025.271.08:15:00/wx/-3.64,554.5,7.6,2.88,2,0.41
2025.271.08:16:00/wx/-3.90,554.5,8.2,3.18,226,0.41
2025.271.08:17:00/wx/-3.50,554.5,7.7,3.08,357,0.41
2025.271.08:18:00/wx/-3.71,554.5,7.8,2.90,17,0.41
2025.271.08:19:00/wx/-3.77,554.5,8.0,2.82,343,0.41
2025.271.08:20:00/wx/-3.54,554.5,7.4,2.93,352,0.41
2025.271.08:21:00/wx/-4.15,554.5,8.5,3.33,69,0.41
2025.271.08:22:00/wx/-4.30,554.5,9.0,3.63,10,0.41
2025.271.08:23:00/wx/-4.60,554.5,9.5,3.45,32,0.42
2025.271.08:24:00/wx/-4.57,554.5,9.5,3.46,-40,0.42
2025.271.08:25:00/wx/-4.26,554.5,9.0,3.07,354,0.42
2025.271.08:26:00/wx/-3.79,554.6,8.1,2.86,353,0.42
2025.271.08:27:00/wx/-4.10,554.5,8.5,3.64,9,0.42
2025.271.08:28:00/wx/-4.22,554.6,8.7,3.20,45,0.41
2025.271.08:29:00/wx/-4.30,554.6,8.9,2.92,355,0.41
2025.271.08:30:00/wx/-3.94,554.6,8.1,2.98,261,0.41
2025.271.08:31:00/wx/-3.80,554.6,7.8,2.56,357,0.41
2025.271.08:32:00/wx/-3.90,554.6,7.7,2.69,356,0.41
2025.271.08:33:00/wx/-3.43,554.6,7.2,2.74,345,0.41
2025.271.08:34:00/wx/-3.05,554.6,6.4,2.93,341,0.41
2025.271.08:35:00/wx/-3.54,554.6,7.0,2.55,-24,0.41
2025.271.08:36:00/wx/-4.00,554.6,8.1,3.24,21,0.41
2025.271.08:37:00/wx/-4.12,554.6,8.0,2.61,354,0.41
2025.271.08:38:00/wx/-4.34,554.6,8.5,2.86,382,0.41
2025.271.08:39:00/wx/-4.24,554.6,8.6,3.26,8,0.41
2025.271.08:40:00/wx/-4.50,554.6,8.8,2.86,351,0.41
2025.271.08:41:00/wx/-4.70,554.6,9.1,2.64,348,0.41
2025.271.08:42:00/wx/-4.69,554.6,9.2,2.89,359,0.41
2025.271.08:43:00/wx/-4.70,554.6,9.2,2.89,348,0.41
2025.271.08:44:00/wx/-4.53,554.6,8.9,3.00,4,0.41
2025.271.08:45:00/wx/-4.59,554.6,9.0,2.99,332,0.41
2025.271.08:46:00/wx/-4.49,554.6,8.9,3.13,353,0.41
2025.271.08:47:00/wx/-4.40,554.6,8.4,2.89,260,0.41
2025.271.08:48:00/wx/-4.50,554.6,8.7,2.92,180,0.41
2025.271.08:49:00/wx/-4.42,554.6,8.6,3.18,6,0.41
2025.271.08:50:00/wx/-4.01,554.6,8.2,2.64,356,0.41
2025.271.08:51:00/wx/-3.27,554.6,6.6,2.96,340,0.41
2025.271.08:52:00/wx/-2.63,554.6,5.3,3.01,339,0.41
2025.271.08:53:00/wx/-2.18,554.7,4.6,2.69,344,0.41
2025.271.08:54:00/wx/-2.67,554.6,5.0,2.82,348,0.41
2025.271.08:55:00/wx/-2.90,554.7,5.3,2.54,354,0.41
2025.271.08:56:00/wx/-2.82,554.7,5.2,2.30,349,0.41
2025.271.08:57:00/wx/-2.94,554.7,5.5,3.05,355,0.41
2025.271.08:58:00/wx/-3.10,554.7,5.8,2.91,350,0.41
2025.271.08:59:00/wx/-3.49,554.7,6.6,2.56,350,0.41
2025.271.09:00:00/wx/-3.40,554.6,6.5,2.89,7,0.41
2025.271.09:01:00/wx/-3.51,554.6,6.5,2.88,347,0.41
2025.271.09:02:00/wx/-2.89,554.6,5.6,2.67,349,0.41
2025.271.09:03:00/wx/-3.17,554.6,5.9,2.79,354,0.41
2025.271.09:04:00/wx/-3.69,554.6,7.0,2.60,3,0.41
2025.271.09:05:00/wx/-3.47,554.6,6.9,2.83,341,0.41
2025.271.09:06:00/wx/-2.86,554.6,5.5,2.70,340,0.41
2025.271.09:07:00/wx/-2.96,554.6,5.5,2.45,348,0.41
2025.271.09:08:00/wx/-3.16,554.7,5.9,1.93,334,0.41
2025.271.09:09:00/wx/-3.60,554.7,6.5,2.63,337,0.41
2025.271.09:10:00/wx/-3.18,554.7,5.9,2.68,331,0.41
2025.271.09:11:00/wx/-2.66,554.7,5.1,2.71,332,0.41
2025.271.09:12:00/wx/-2.62,554.7,4.8,2.67,344,0.41
2025.271.09:13:00/wx/-2.98,554.7,5.3,2.63,354,0.41
2025.271.09:14:00/wx/-3.19,554.7,5.9,2.14,352,0.41
2025.271.09:15:00/wx/-3.10,554.7,5.7,2.40,341,0.41
2025.271.09:16:00/wx/-2.85,554.7,5.5,2.64,334,0.41
2025.271.09:17:00/wx/-2.53,554.7,4.9,2.78,340,0.41
2025.271.09:18:00/wx/-2.99,554.7,5.4,2.81,350,0.41
2025.271.09:19:00/wx/-2.90,554.7,5.6,2.75,346,0.41
2025.271.09:20:00/wx/-3.14,554.7,5.8,2.45,355,0.41
2025.271.09:21:00/wx/-3.40,554.7,6.5,2.33,345,0.41
2025.271.09:22:00/wx/-3.20,554.7,6.0,2.61,341,0.41
2025.271.09:23:00/wx/-3.00,554.7,5.5,2.63,342,0.41
2025.271.09:24:00/wx/-2.78,554.7,5.1,2.60,339,0.41
2025.271.09:25:00/wx/-2.46,554.7,4.7,2.76,342,0.41
2025.271.09:26:00/wx/-2.82,554.7,5.0,2.71,359,0.41
2025.271.09:27:00/wx/-2.81,554.7,5.3,2.71,341,0.41
2025.271.09:28:00/wx/-2.71,554.7,4.9,2.73,349,0.41
2025.271.09:29:00/wx/-3.10,554.7,5.5,2.44,346,0.41
2025.271.09:30:00/wx/-2.95,554.7,5.5,2.48,334,0.41
2025.271.09:31:00/wx/-2.97,554.8,5.3,2.07,336,0.41
2025.271.09:32:00/wx/-3.20,554.8,5.6,2.23,342,0.41
2025.271.09:33:00/wx/-3.20,554.8,5.6,2.95,339,0.41
2025.271.09:34:00/wx/-2.97,554.8,5.5,2.71,345,0.41
2025.271.09:35:00/wx/-2.70,554.8,5.0,2.81,337,0.41
2025.271.09:36:00/wx/-2.50,554.8,4.7,2.77,341,0.41
2025.271.09:37:00/wx/-2.30,554.8,4.6,2.23,336,0.41
2025.271.09:38:00/wx/-2.72,554.8,5.0,2.14,350,0.41
2025.271.09:39:00/wx/-3.00,554.8,5.4,1.97,347,0.41
2025.271.09:40:00/wx/-3.41,554.8,6.0,2.38,339,0.41
2025.271.09:41:00/wx/-3.30,554.8,5.8,2.64,349,0.41
2025.271.09:42:00/wx/-3.00,554.8,5.5,2.14,334,0.41
2025.271.09:43:00/wx/-2.87,554.8,5.3,2.33,335,0.41
2025.271.09:44:00/wx/-2.92,554.8,5.3,2.49,346,0.41
2025.271.09:45:00/wx/-2.68,554.9,4.9,2.43,338,0.41
2025.271.09:46:00/wx/-2.50,554.9,4.8,2.44,340,0.41
2025.271.09:47:00/wx/-2.49,554.8,4.7,2.14,328,0.41
2025.271.09:48:00/wx/-2.50,554.9,4.7,2.40,335,0.41
2025.271.09:49:00/wx/-2.62,554.9,4.8,2.27,337,0.40
2025.271.09:50:00/wx/-2.40,554.8,4.7,2.62,343,0.40
2025.271.09:51:00/wx/-2.30,554.9,4.6,2.63,336,0.40
2025.271.09:52:00/wx/-2.53,554.8,4.7,2.18,347,0.41
2025.271.09:53:00/wx/-2.50,554.9,4.7,2.53,342,0.42
2025.271.09:54:00/wx/-2.44,554.9,4.6,2.45,344,0.45
2025.271.09:55:00/wx/-2.30,554.9,4.6,2.61,342,0.45
2025.271.09:56:00/wx/-2.30,554.9,4.6,2.63,340,0.55
2025.271.09:57:00/wx/-2.57,554.9,4.9,2.49,342,0.70
2025.271.09:58:00/wx/-2.45,554.9,4.8,2.63,333,0.70
2025.271.09:59:00/wx/-2.30,554.9,4.7,2.46,337,0.70
2025.271.10:00:00/wx/-2.59,554.9,5.0,2.54,345,0.70
2025.271.10:01:00/wx/-3.02,554.9,5.6,2.55,344,0.70
2025.271.10:02:00/wx/-2.93,554.9,5.7,2.53,343,0.70
2025.271.10:03:00/wx/-2.70,554.9,5.2,2.68,337,0.70
2025.271.10:04:00/wx/-3.00,554.9,5.6,2.43,339,0.70
2025.271.10:05:00/wx/-2.70,554.9,5.3,2.13,330,0.70
2025.271.10:06:00/wx/-2.60,554.9,5.1,2.52,345,0.70
2025.271.10:07:00/wx/-2.50,554.9,4.9,2.33,348,0.70
2025.271.10:08:00/wx/-2.70,554.9,5.2,2.22,337,0.70
2025.271.10:09:00/wx/-2.70,555.0,5.2,2.43,332,0.70
2025.271.10:10:00/wx/-2.60,554.9,5.1,2.14,339,0.70
2025.271.10:11:00/wx/-2.70,555.0,5.3,2.53,335,0.70
2025.271.10:12:00/wx/-2.60,555.0,5.3,2.49,342,0.70
2025.271.10:13:00/wx/-2.70,555.0,5.3,2.37,343,0.71
2025.271.10:14:00/wx/-2.70,555.0,5.2,2.23,337,0.70
2025.271.10:15:00/wx/-2.60,555.0,5.2,2.42,335,0.71
2025.271.10:16:00/wx/-2.88,555.0,5.4,2.42,337,0.71
2025.271.10:17:00/wx/-2.80,555.0,5.4,2.17,352,0.70
2025.271.10:18:00/wx/-2.86,555.0,5.4,1.88,343,0.70
2025.271.10:19:00/wx/-3.10,555.0,5.8,2.03,331,0.71
2025.271.10:20:00/wx/-2.89,555.0,5.6,2.04,331,0.70
2025.271.10:21:00/wx/-2.72,555.0,5.4,2.07,334,-999.00
2025.271.10:22:00/wx/-2.80,555.0,5.4,1.98,345,-999.00
2025.271.10:23:00/wx/-2.82,555.0,5.4,1.98,343,-999.00
2025.271.10:24:00/wx/-2.90,555.0,5.5,2.23,336,0.39
2025.271.10:25:00/wx/-2.79,555.0,5.4,1.94,339,0.39
2025.271.10:26:00/wx/-2.73,555.0,5.3,2.31,252,-999.00
2025.271.10:27:00/wx/-2.95,555.0,5.6,2.25,338,0.39
2025.271.10:28:00/wx/-3.10,555.0,5.7,2.34,333,0.39
2025.271.10:29:00/wx/-2.80,555.0,5.4,2.33,342,0.39
2025.271.10:30:00/wx/-2.60,555.0,5.2,2.36,342,0.39
2025.271.10:31:00/wx/-2.67,555.0,5.2,2.08,358,0.38
2025.271.10:32:00/wx/-3.00,555.0,5.7,2.05,349,0.41
2025.271.10:33:00/wx/-3.00,555.0,5.6,1.77,345,0.40
2025.271.10:34:00/wx/-2.90,555.1,5.5,2.54,337,0.37
2025.271.10:35:00/wx/-2.68,555.1,5.3,2.29,343,0.37
2025.271.10:36:00/wx/-2.75,555.1,5.5,1.98,344,0.37
2025.271.10:37:00/wx/-2.90,555.1,5.5,2.25,350,0.41
2025.271.10:38:00/wx/-3.10,555.1,5.6,2.23,337,0.41
2025.271.10:39:00/wx/-2.83,555.1,5.3,1.95,354,0.41
2025.271.10:40:00/wx/-3.20,555.1,6.0,2.21,344,0.41
2025.271.10:41:00/wx/-3.10,555.1,5.8,2.29,337,0.40
2025.271.10:42:00/wx/-3.00,555.1,5.6,2.30,339,0.40
2025.271.10:43:00/wx/-2.90,555.1,5.5,2.33,344,0.40
2025.271.10:44:00/wx/-2.90,555.1,5.4,2.35,345,0.40
2025.271.10:45:00/wx/-2.90,555.1,5.5,2.16,331,0.40
2025.271.10:46:00/wx/-3.00,555.2,5.7,2.40,349,0.40
2025.271.10:47:00/wx/-3.00,555.2,5.8,2.15,346,0.40
2025.271.10:48:00/wx/-3.00,555.1,5.8,2.13,329,0.40
2025.271.10:49:00/wx/-2.70,555.2,5.5,1.53,322,0.41
2025.271.10:50:00/wx/-2.60,555.1,5.2,1.99,346,0.41
2025.271.10:51:00/wx/-2.88,555.2,5.5,1.80,343,0.41
2025.271.10:52:00/wx/-2.90,555.2,5.5,1.92,338,0.41
2025.271.10:53:00/wx/-2.91,555.2,5.6,2.21,335,0.41
2025.271.10:54:00/wx/-2.80,555.2,5.3,1.67,338,0.41
2025.271.10:55:00/wx/-2.90,555.2,5.4,1.98,347,0.41
2025.271.10:56:00/wx/-3.00,555.2,5.6,2.37,341,0.41
2025.271.10:57:00/wx/-3.00,555.2,5.6,2.74,3,0.41
2025.271.10:58:00/wx/-3.20,555.2,6.2,2.05,335,0.41
2025.271.10:59:00/wx/-2.99,555.2,6.1,1.93,326,0.41
2025.271.11:00:00/wx/-2.90,555.2,5.8,2.00,337,0.41
2025.271.11:01:00/wx/-2.60,555.3,5.3,1.93,335,0.41
2025.271.11:02:00/wx/-2.70,555.2,5.2,2.03,350,0.41
2025.271.11:03:00/wx/-2.62,555.3,5.2,1.78,345,0.41
2025.271.11:04:00/wx/-3.01,555.3,5.8,1.89,339,0.41
2025.271.11:05:00/wx/-3.30,555.3,6.3,1.99,332,0.41
2025.271.11:06:00/wx/-3.30,555.3,6.3,2.15,333,0.41
2025.271.11:07:00/wx/-3.09,555.3,6.0,2.16,325,0.41
2025.271.11:08:00/wx/-2.86,555.4,5.6,2.23,332,0.41
2025.271.11:09:00/wx/-2.77,555.3,5.4,2.18,344,0.41
2025.271.11:10:00/wx/-2.70,555.3,5.5,2.26,356,0.41
2025.271.11:11:00/wx/-3.10,555.4,6.1,2.54,354,0.41
2025.271.11:12:00/wx/-2.98,555.4,6.1,2.15,338,0.41
2025.271.11:13:00/wx/-2.80,555.4,6.0,2.02,346,0.41
2025.271.11:14:00/wx/-2.91,555.4,6.1,2.36,340,0.41
2025.271.11:15:00/wx/-2.72,555.4,5.6,2.52,342,0.41
2025.271.11:16:00/wx/-2.70,555.4,5.5,2.13,345,0.41
2025.271.11:17:00/wx/-2.70,555.4,5.6,2.33,351,0.41
2025.271.11:18:00/wx/-2.60,555.4,5.6,2.03,352,0.41
2025.271.11:19:00/wx/-2.95,555.5,6.2,2.50,350,0.41
2025.271.11:20:00/wx/-3.00,555.4,6.3,1.85,355,0.41
2025.271.11:21:00/wx/-3.20,555.5,7.1,1.80,345,0.41
2025.271.11:22:00/wx/-3.40,555.5,7.8,2.07,343,0.41
2025.271.11:23:00/wx/-3.14,555.5,6.8,2.35,340,0.41
2025.271.11:24:00/wx/-3.26,555.5,6.9,2.03,341,0.41
2025.271.11:25:00/wx/-3.40,555.5,7.9,2.03,338,0.41
2025.271.11:26:00/wx/-2.78,555.5,6.3,1.86,344,0.41
2025.271.11:27:00/wx/-2.66,555.5,5.9,2.40,349,0.41
2025.271.11:28:00/wx/-2.71,555.5,6.2,2.38,346,0.41
2025.271.11:29:00/wx/-2.71,555.5,6.7,2.75,350,0.41
2025.271.11:30:00/wx/-2.60,555.6,6.6,2.63,354,0.41
2025.271.11:31:00/wx/-2.74,555.5,7.2,2.43,353,0.41
2025.271.11:32:00/wx/-2.95,555.6,8.4,2.84,348,0.41
2025.271.11:33:00/wx/-2.97,555.6,8.0,2.91,6,0.41
2025.271.11:34:00/wx/-3.00,555.6,7.4,2.43,357,0.41
2025.271.11:35:00/wx/-2.79,555.6,7.3,2.24,334,0.41
2025.271.11:36:00/wx/-2.63,555.6,7.7,1.80,348,0.41
2025.271.11:37:00/wx/-2.67,555.6,7.5,2.38,218,0.41
2025.271.11:38:00/wx/-2.40,555.6,6.5,2.08,350,0.41
2025.271.11:39:00/wx/-2.30,555.6,6.8,2.23,356,0.41
2025.271.11:40:00/wx/-2.38,555.6,7.5,3.03,328,0.42
2025.271.11:41:00/wx/-2.10,555.6,6.1,1.67,10,0.41
2025.271.11:42:00/wx/-2.16,555.6,6.8,2.61,337,0.40
2025.271.11:43:00/wx/-2.00,555.6,6.5,2.15,336,0.40
2025.271.11:44:00/wx/-2.00,555.6,6.9,1.75,343,0.40
2025.271.11:45:00/wx/-2.12,555.6,9.2,2.54,345,0.40
2025.271.11:46:00/wx/-2.05,555.6,8.1,2.09,345,0.40
2025.271.11:47:00/wx/-2.10,555.6,9.5,2.51,347,0.40
2025.271.11:48:00/wx/-2.20,555.6,7.9,2.35,353,0.40
2025.271.11:49:00/wx/-2.00,555.6,7.0,2.00,347,0.40
2025.271.11:50:00/wx/-1.97,555.6,7.2,2.20,247,0.40
2025.271.11:51:00/wx/-1.84,555.7,6.8,2.32,353,0.40
2025.271.11:52:00/wx/-1.90,555.7,8.3,2.16,360,0.40
2025.271.11:53:00/wx/-2.10,555.7,8.5,1.94,352,0.40
2025.271.11:54:00/wx/-1.90,555.7,8.9,2.15,355,0.40
2025.271.11:55:00/wx/-1.80,555.7,7.4,2.54,354,0.40
2025.271.11:56:00/wx/-1.60,555.7,6.9,2.32,340,0.40
2025.271.11:57:00/wx/-1.60,555.7,6.2,2.34,325,0.40
2025.271.11:58:00/wx/-1.50,555.7,6.4,2.53,343,0.40
2025.271.11:59:00/wx/-1.50,555.7,5.5,1.97,328,0.40
