2025.268.16:00:00;APEX Database Weather Data for Timerange of c252a
2025.268.16:00:00;The format is wx/temp[C],press[mbar],humid[%],speed[m/s],direction[deg],pwv[mm]
2025.268.16:01:00/wx/4.66,558.5,10.3,5.84,254,1.77
2025.268.16:02:00/wx/5.08,558.5,10.5,7.59,256,1.79
2025.268.16:03:00/wx/4.10,558.5,8.9,6.12,246,1.81
2025.268.16:04:00/wx/4.52,558.5,9.2,5.41,297,1.63
2025.268.16:05:00/wx/4.87,558.5,8.5,4.78,300,1.71
2025.268.16:06:00/wx/4.96,558.5,8.1,4.84,296,1.75
2025.268.16:07:00/wx/5.30,558.5,9.1,4.08,238,1.76
2025.268.16:08:00/wx/5.18,558.5,9.4,7.01,252,1.80
2025.268.16:09:00/wx/5.59,558.5,12.4,5.94,253,1.74
2025.268.16:10:00/wx/5.36,558.5,10.5,5.88,286,1.75
2025.268.16:11:00/wx/5.72,558.5,11.1,5.62,245,1.81
2025.268.16:12:00/wx/4.99,558.5,9.4,4.11,247,1.75
2025.268.16:13:00/wx/5.49,558.5,8.9,5.47,299,1.79
2025.268.16:14:00/wx/5.69,558.5,8.7,5.76,264,1.87
2025.268.16:15:00/wx/5.71,558.5,10.0,5.03,275,1.87
2025.268.16:16:00/wx/5.83,558.5,10.3,4.80,263,1.80
2025.268.16:17:00/wx/5.90,558.5,11.4,6.33,284,1.75
2025.268.16:18:00/wx/4.97,558.5,9.3,5.94,274,1.78
2025.268.16:19:00/wx/5.06,558.5,8.2,4.86,307,1.77
2025.268.16:20:00/wx/5.16,558.5,7.9,5.19,275,1.78
2025.268.16:21:00/wx/4.94,558.5,9.1,8.00,269,1.84
2025.268.16:22:00/wx/4.60,558.5,9.9,7.34,245,1.86
2025.268.16:23:00/wx/4.47,558.5,9.8,5.79,246,1.84
2025.268.16:24:00/wx/4.75,558.5,9.8,5.83,252,1.83
2025.268.16:25:00/wx/5.09,558.5,9.4,4.58,271,1.85
2025.268.16:26:00/wx/5.49,558.5,10.7,6.69,247,1.86
2025.268.16:27:00/wx/4.97,558.5,9.8,7.39,245,1.88
2025.268.16:28:00/wx/4.73,558.5,9.5,3.96,259,1.89
2025.268.16:29:00/wx/4.68,558.5,10.3,6.22,239,1.84
2025.268.16:30:00/wx/4.61,558.5,9.8,5.39,261,1.85
2025.268.16:31:00/wx/5.30,558.5,13.0,5.83,257,1.83
2025.268.16:32:00/wx/4.90,558.5,10.1,5.24,266,1.78
2025.268.16:33:00/wx/5.25,558.5,9.4,6.60,272,1.88
2025.268.16:34:00/wx/4.87,558.5,9.2,6.50,273,1.87
2025.268.16:35:00/wx/4.89,558.5,9.1,7.08,299,1.89
2025.268.16:36:00/wx/4.79,558.5,8.7,7.46,282,1.87
2025.268.16:37:00/wx/5.29,558.5,8.6,4.47,320,1.81
2025.268.16:38:00/wx/5.75,558.5,10.4,2.99,282,1.89
2025.268.16:39:00/wx/5.58,558.5,9.3,5.09,283,1.94
2025.268.16:40:00/wx/5.30,558.5,9.3,7.60,262,2.00
2025.268.16:41:00/wx/4.81,558.5,8.8,6.40,276,1.98
2025.268.16:42:00/wx/4.91,558.5,9.2,5.21,278,2.08
2025.268.16:43:00/wx/5.36,558.5,9.9,4.22,266,2.05
2025.268.16:44:00/wx/5.22,558.5,9.1,3.82,289,1.98
2025.268.16:45:00/wx/5.50,558.5,8.5,4.53,251,1.98
2025.268.16:46:00/wx/4.97,558.5,8.5,5.05,265,1.97
2025.268.16:47:00/wx/4.49,558.5,9.4,4.79,259,1.96
2025.268.16:48:00/wx/4.62,558.5,9.9,4.62,268,1.95
2025.268.16:49:00/wx/4.50,558.5,9.2,4.67,255,1.94
2025.268.16:50:00/wx/4.71,558.5,9.1,4.55,266,1.98
2025.268.16:51:00/wx/4.60,558.4,9.0,2.60,259,2.01
2025.268.16:52:00/wx/5.40,558.5,11.8,4.74,266,2.01
2025.268.16:53:00/wx/4.91,558.5,9.6,6.17,280,2.05
2025.268.16:54:00/wx/4.31,558.5,9.1,5.12,251,2.00
2025.268.16:55:00/wx/4.41,558.4,9.0,4.54,239,1.96
2025.268.16:56:00/wx/4.60,558.4,8.1,5.10,233,2.07
2025.268.16:57:00/wx/4.70,558.4,9.0,6.04,276,2.06
2025.268.16:58:00/wx/4.99,558.4,9.5,6.18,246,2.03
2025.268.16:59:00/wx/5.50,558.4,11.3,6.83,286,1.99
2025.268.17:00:00/wx/4.98,558.5,9.2,5.94,271,2.09
2025.268.17:01:00/wx/4.79,558.4,8.7,3.94,274,2.19
2025.268.17:02:00/wx/4.90,558.4,8.8,3.96,277,2.12
2025.268.17:03:00/wx/4.72,558.4,9.5,5.09,284,2.24
2025.268.17:04:00/wx/4.99,558.4,11.1,6.55,271,2.18
2025.268.17:05:00/wx/4.38,558.4,9.9,7.07,240,2.16
2025.268.17:06:00/wx/4.55,558.3,9.5,5.28,253,2.14
2025.268.17:07:00/wx/4.40,558.3,9.3,2.95,272,2.22
2025.268.17:08:00/wx/5.11,558.3,11.1,5.84,263,2.16
2025.268.17:09:00/wx/4.71,558.3,10.7,5.52,268,2.16
2025.268.17:10:00/wx/4.74,558.3,10.7,7.04,278,2.14
2025.268.17:11:00/wx/5.32,558.3,11.7,5.07,278,2.17
2025.268.17:12:00/wx/4.94,558.3,9.4,4.24,279,2.19
2025.268.17:13:00/wx/5.50,558.3,10.3,3.53,257,2.22
2025.268.17:14:00/wx/5.15,558.3,10.4,5.47,256,2.20
2025.268.17:15:00/wx/5.00,558.3,10.8,8.63,249,2.28
2025.268.17:16:00/wx/4.35,558.2,10.3,5.51,256,2.26
2025.268.17:17:00/wx/5.21,558.3,11.3,4.65,260,2.23
2025.268.17:18:00/wx/5.10,558.2,12.1,7.02,248,2.15
2025.268.17:19:00/wx/5.70,558.2,11.7,5.11,247,2.12
2025.268.17:20:00/wx/5.27,558.2,10.6,6.09,234,2.08
2025.268.17:21:00/wx/5.10,558.2,10.9,5.45,251,2.05
2025.268.17:22:00/wx/5.02,558.2,10.4,5.74,254,2.09
2025.268.17:23:00/wx/5.52,558.2,12.6,7.61,251,2.11
2025.268.17:24:00/wx/5.24,558.2,10.9,6.10,248,2.17
2025.268.17:25:00/wx/5.04,558.1,11.9,9.14,244,2.11
2025.268.17:26:00/wx/4.66,558.1,10.3,6.81,234,2.05
2025.268.17:27:00/wx/4.90,558.1,10.8,5.72,249,1.95
2025.268.17:28:00/wx/4.92,558.1,10.8,5.61,246,2.04
2025.268.17:29:00/wx/5.24,558.1,11.2,7.82,245,2.07
2025.268.17:30:00/wx/4.80,558.1,11.4,7.17,249,2.01
2025.268.17:31:00/wx/5.27,558.1,13.7,5.13,255,1.99
2025.268.17:32:00/wx/5.08,558.1,12.1,7.96,238,2.02
2025.268.17:33:00/wx/4.80,558.1,11.6,6.92,259,1.99
2025.268.17:34:00/wx/4.75,558.0,12.6,5.44,248,2.04
2025.268.17:35:00/wx/4.91,558.0,11.7,6.47,287,1.95
2025.268.17:36:00/wx/5.29,558.0,12.1,7.20,250,1.97
2025.268.17:37:00/wx/5.29,558.0,11.7,5.50,289,2.05
2025.268.17:38:00/wx/5.43,558.0,11.6,6.01,273,2.04
2025.268.17:39:00/wx/5.50,558.0,12.4,5.61,264,2.11
2025.268.17:40:00/wx/5.13,558.0,13.1,9.60,245,2.17
2025.268.17:41:00/wx/5.20,557.9,15.4,9.24,246,2.01
2025.268.17:42:00/wx/5.24,557.9,12.9,7.01,236,1.99
2025.268.17:43:00/wx/5.06,557.9,12.8,7.89,249,2.00
2025.268.17:44:00/wx/4.78,557.9,14.3,8.61,250,1.99
2025.268.17:45:00/wx/4.52,557.9,13.3,6.65,257,1.92
2025.268.17:46:00/wx/4.60,557.8,13.1,5.83,238,1.96
2025.268.17:47:00/wx/4.88,557.9,12.9,6.45,254,1.95
2025.268.17:48:00/wx/5.69,557.9,15.9,6.25,244,2.05
2025.268.17:49:00/wx/5.71,557.8,11.5,7.36,227,2.00
2025.268.17:50:00/wx/5.78,557.9,13.5,5.35,275,2.12
2025.268.17:51:00/wx/5.50,557.8,12.9,6.99,286,2.10
2025.268.17:52:00/wx/5.12,557.8,13.2,5.94,251,2.12
2025.268.17:53:00/wx/5.25,557.8,14.1,8.42,258,2.09
2025.268.17:54:00/wx/4.60,557.8,12.9,5.14,274,2.10
2025.268.17:55:00/wx/4.89,557.8,12.5,8.61,240,2.04
2025.268.17:56:00/wx/4.78,557.8,12.7,7.33,249,2.02
2025.268.17:57:00/wx/5.10,557.8,13.5,6.31,251,2.22
2025.268.17:58:00/wx/5.83,557.8,16.6,6.94,244,2.33
2025.268.17:59:00/wx/5.42,557.8,14.7,9.96,248,2.40
2025.268.18:00:00/wx/4.50,557.8,12.7,8.02,239,2.40
2025.268.18:01:00/wx/4.40,557.8,13.1,7.50,254,2.40
2025.268.18:02:00/wx/4.93,557.8,13.8,5.96,247,2.26
2025.268.18:03:00/wx/5.57,557.8,14.6,7.64,253,2.32
2025.268.18:04:00/wx/5.48,557.8,14.4,6.94,252,2.35
2025.268.18:05:00/wx/5.80,557.8,16.1,4.45,275,2.35
2025.268.18:06:00/wx/5.05,557.8,13.9,7.63,250,2.28
2025.268.18:07:00/wx/5.11,557.8,14.2,7.92,284,2.26
2025.268.18:08:00/wx/5.24,557.7,13.0,5.81,267,2.28
2025.268.18:09:00/wx/5.52,557.7,13.7,7.97,246,1.99
2025.268.18:10:00/wx/5.35,557.7,13.9,8.79,243,2.02
2025.268.18:11:00/wx/4.66,557.7,13.3,8.37,254,2.08
2025.268.18:12:00/wx/4.39,557.7,13.5,8.83,247,2.05
2025.268.18:13:00/wx/4.58,557.7,13.2,6.38,253,2.13
2025.268.18:14:00/wx/4.80,557.7,13.2,8.32,237,2.20
2025.268.18:15:00/wx/4.90,557.7,12.8,7.85,247,2.24
2025.268.18:16:00/wx/4.83,557.7,12.4,7.00,248,2.17
2025.268.18:17:00/wx/5.04,557.7,13.7,6.06,264,2.17
2025.268.18:18:00/wx/4.61,557.7,12.1,7.53,248,2.10
2025.268.18:19:00/wx/4.70,557.7,11.7,5.30,282,2.13
2025.268.18:20:00/wx/4.81,557.7,12.1,9.90,280,2.10
2025.268.18:21:00/wx/4.56,557.7,11.8,6.72,258,2.23
2025.268.18:22:00/wx/4.20,557.7,12.4,6.13,241,2.13
2025.268.18:23:00/wx/4.70,557.7,13.1,4.38,265,2.12
2025.268.18:24:00/wx/4.29,557.7,11.3,9.29,284,2.20
2025.268.18:25:00/wx/4.34,557.6,11.9,4.29,259,2.13
2025.268.18:26:00/wx/4.83,557.7,11.7,6.40,265,2.12
2025.268.18:27:00/wx/4.60,557.6,12.5,5.95,255,2.15
2025.268.18:28:00/wx/4.10,557.7,11.4,4.03,276,2.28
2025.268.18:29:00/wx/4.43,557.6,11.9,7.37,245,2.21
2025.268.18:30:00/wx/4.85,557.6,12.3,4.15,266,2.17
2025.268.18:31:00/wx/4.47,557.6,11.7,6.42,258,2.25
2025.268.18:32:00/wx/4.70,557.6,13.0,7.79,253,2.30
2025.268.18:33:00/wx/5.00,557.6,13.5,8.86,279,2.24
2025.268.18:34:00/wx/4.79,557.6,11.5,8.67,280,2.28
2025.268.18:35:00/wx/4.81,557.6,11.2,6.19,280,2.40
2025.268.18:36:00/wx/4.96,557.5,12.2,5.63,278,2.31
2025.268.18:37:00/wx/4.29,557.5,11.9,5.01,247,2.26
2025.268.18:38:00/wx/4.37,557.5,12.5,7.12,250,2.16
2025.268.18:39:00/wx/4.24,557.5,12.0,5.55,272,2.22
2025.268.18:40:00/wx/4.45,557.5,12.4,9.14,244,2.24
2025.268.18:41:00/wx/4.12,557.5,11.8,5.49,253,2.23
2025.268.18:42:00/wx/4.40,557.5,13.0,6.72,246,2.11
2025.268.18:43:00/wx/4.76,557.5,13.5,9.17,247,2.05
2025.268.18:44:00/wx/4.24,557.4,11.4,5.80,246,2.27
2025.268.18:45:00/wx/4.45,557.5,12.9,7.69,261,2.25
2025.268.18:46:00/wx/3.81,557.4,11.4,7.93,252,2.26
2025.268.18:47:00/wx/4.01,557.4,12.3,6.05,253,2.20
2025.268.18:48:00/wx/4.20,557.4,11.2,5.45,273,2.23
2025.268.18:49:00/wx/4.23,557.4,10.6,5.88,282,2.16
2025.268.18:50:00/wx/4.50,557.4,11.8,6.74,271,2.27
2025.268.18:51:00/wx/4.21,557.4,11.1,5.68,249,2.13
2025.268.18:52:00/wx/4.40,557.4,12.1,7.89,282,1.95
2025.268.18:53:00/wx/4.54,557.4,10.9,5.34,261,2.12
2025.268.18:54:00/wx/4.44,557.4,12.0,6.52,255,2.17
2025.268.18:55:00/wx/4.52,557.4,13.7,8.27,248,2.10
2025.268.18:56:00/wx/4.40,557.4,11.5,3.42,273,2.15
2025.268.18:57:00/wx/4.66,557.4,11.0,6.85,278,2.20
2025.268.18:58:00/wx/4.77,557.3,10.9,4.46,280,2.18
2025.268.18:59:00/wx/5.17,557.4,12.4,3.81,267,2.20
2025.268.19:00:00/wx/4.42,557.3,11.6,5.44,254,2.21
2025.268.19:01:00/wx/4.30,557.3,12.7,7.52,247,2.21
2025.268.19:02:00/wx/4.56,557.3,11.6,6.36,251,2.30
2025.268.19:03:00/wx/4.24,557.3,11.8,7.12,253,2.28
2025.268.19:04:00/wx/4.18,557.4,12.3,6.47,267,2.19
2025.268.19:05:00/wx/4.21,557.4,11.2,6.53,279,2.22
2025.268.19:06:00/wx/4.20,557.3,10.5,3.69,278,2.29
2025.268.19:07:00/wx/3.97,557.3,11.2,5.79,248,2.33
2025.268.19:08:00/wx/4.14,557.3,11.4,5.56,253,2.27
2025.268.19:09:00/wx/4.16,557.3,10.9,3.87,261,2.16
2025.268.19:10:00/wx/4.00,557.2,10.5,5.63,250,2.23
2025.268.19:11:00/wx/4.09,557.3,12.5,4.83,264,2.25
2025.268.19:12:00/wx/4.05,557.3,11.0,5.91,248,2.03
2025.268.19:13:00/wx/4.06,557.3,12.3,7.52,257,2.07
2025.268.19:14:00/wx/4.00,557.3,12.6,5.69,254,2.15
2025.268.19:15:00/wx/4.00,557.3,12.8,5.00,256,2.03
2025.268.19:16:00/wx/4.05,557.2,11.7,5.24,248,2.03
2025.268.19:17:00/wx/4.49,557.2,11.1,6.57,252,2.09
2025.268.19:18:00/wx/4.63,557.2,12.5,6.10,252,2.12
2025.268.19:19:00/wx/4.40,557.3,12.7,6.18,255,2.11
2025.268.19:20:00/wx/4.40,557.2,11.3,6.33,244,2.10
2025.268.19:21:00/wx/4.50,557.2,11.0,5.80,250,2.21
2025.268.19:22:00/wx/4.55,557.2,11.1,4.50,254,2.11
2025.268.19:23:00/wx/5.09,557.2,13.4,5.35,259,2.13
2025.268.19:24:00/wx/4.90,557.2,12.1,8.32,238,2.19
2025.268.19:25:00/wx/4.19,557.2,11.4,4.48,253,2.22
2025.268.19:26:00/wx/4.24,557.2,12.6,6.05,254,2.20
2025.268.19:27:00/wx/4.20,557.2,12.8,6.45,254,2.14
2025.268.19:28:00/wx/4.08,557.2,13.0,5.36,246,2.12
2025.268.19:29:00/wx/4.31,557.1,13.6,5.77,248,2.12
2025.268.19:30:00/wx/4.53,557.2,12.6,5.44,255,2.14
2025.268.19:31:00/wx/4.96,557.2,13.6,7.20,291,2.09
2025.268.19:32:00/wx/4.75,557.2,12.0,5.97,253,2.09
2025.268.19:33:00/wx/4.21,557.2,11.1,4.63,269,1.98
2025.268.19:34:00/wx/4.21,557.2,11.1,5.44,270,2.07
2025.268.19:35:00/wx/4.30,557.2,11.1,5.60,257,2.20
2025.268.19:36:00/wx/4.70,557.2,11.8,7.10,282,2.11
2025.268.19:37:00/wx/4.52,557.1,11.0,6.08,307,2.16
2025.268.19:38:00/wx/4.70,557.1,12.3,4.13,268,2.17
2025.268.19:39:00/wx/5.12,557.2,11.6,4.57,262,2.11
2025.268.19:40:00/wx/4.91,557.2,11.6,5.18,259,2.04
2025.268.19:41:00/wx/4.65,557.2,12.8,6.11,244,2.12
2025.268.19:42:00/wx/4.62,557.2,11.6,5.66,252,2.05
2025.268.19:43:00/wx/4.69,557.1,14.2,8.50,247,2.17
2025.268.19:44:00/wx/4.27,557.2,12.8,5.68,256,2.15
2025.268.19:45:00/wx/4.10,557.2,12.6,7.38,251,2.17
2025.268.19:46:00/wx/4.10,557.1,12.6,6.58,238,2.36
2025.268.19:47:00/wx/4.29,557.2,12.4,4.78,249,2.26
2025.268.19:48:00/wx/4.68,557.2,11.7,5.74,277,2.15
2025.268.19:49:00/wx/4.52,557.2,11.1,7.64,282,2.09
2025.268.19:50:00/wx/4.36,557.2,10.2,6.07,276,2.09
2025.268.19:51:00/wx/4.55,557.2,11.9,5.19,288,2.18
2025.268.19:52:00/wx/4.70,557.2,12.8,5.93,254,2.33
2025.268.19:53:00/wx/4.28,557.1,13.1,6.67,245,2.51
2025.268.19:54:00/wx/4.19,557.1,14.0,7.47,251,2.45
2025.268.19:55:00/wx/4.31,557.1,13.0,6.57,253,2.42
2025.268.19:56:00/wx/3.99,557.1,11.3,4.08,265,2.29
2025.268.19:57:00/wx/4.30,557.1,11.8,4.41,269,2.22
2025.268.19:58:00/wx/4.47,557.1,12.5,7.23,246,2.13
2025.268.19:59:00/wx/3.95,557.1,11.5,7.31,243,2.17
2025.268.20:00:00/wx/3.90,557.1,11.1,6.56,248,2.10
2025.268.20:01:00/wx/4.19,557.1,11.2,4.91,242,2.21
2025.268.20:02:00/wx/4.31,557.1,12.1,7.86,241,2.28
2025.268.20:03:00/wx/4.40,557.1,11.3,6.63,242,2.23
2025.268.20:04:00/wx/3.98,557.1,11.2,6.36,258,2.16
2025.268.20:05:00/wx/3.72,557.1,12.0,10.29,242,2.13
2025.268.20:06:00/wx/3.70,557.1,11.5,6.12,251,2.22
2025.268.20:07:00/wx/3.90,557.1,12.2,7.63,243,2.19
2025.268.20:08:00/wx/3.65,557.1,11.6,6.49,259,2.28
2025.268.20:09:00/wx/3.64,557.1,11.4,3.85,264,2.23
2025.268.20:10:00/wx/3.91,557.0,13.1,5.24,252,2.23
2025.268.20:11:00/wx/3.81,557.1,11.8,7.71,242,2.24
2025.268.20:12:00/wx/3.88,557.1,11.8,5.42,260,2.40
2025.268.20:13:00/wx/3.95,557.1,12.1,6.51,250,2.39
2025.268.20:14:00/wx/4.45,557.1,13.9,7.12,243,2.38
2025.268.20:15:00/wx/4.40,557.1,11.7,6.16,216,2.36
2025.268.20:16:00/wx/4.18,557.1,10.8,7.50,245,2.38
2025.268.20:17:00/wx/4.21,557.1,10.2,7.36,243,2.28
2025.268.20:18:00/wx/3.91,557.1,11.0,7.48,240,2.35
2025.268.20:19:00/wx/3.76,557.1,12.1,6.00,233,2.39
2025.268.20:20:00/wx/4.20,557.1,10.8,6.12,245,2.45
2025.268.20:21:00/wx/4.11,557.1,10.0,8.81,235,2.45
2025.268.20:22:00/wx/3.95,557.2,9.9,6.10,236,2.45
2025.268.20:23:00/wx/3.79,557.2,10.6,6.49,240,2.41
2025.268.20:24:00/wx/3.71,557.2,10.4,5.65,225,2.47
2025.268.20:25:00/wx/3.60,557.2,11.9,5.08,255,2.53
2025.268.20:26:00/wx/3.50,557.2,12.6,5.77,252,2.53
2025.268.20:27:00/wx/3.53,557.2,12.2,6.09,283,2.54
2025.268.20:28:00/wx/3.83,557.2,13.3,6.77,248,2.65
2025.268.20:29:00/wx/3.80,557.2,14.0,6.86,252,2.40
2025.268.20:30:00/wx/3.69,557.2,15.2,9.09,250,2.46
2025.268.20:31:00/wx/3.53,557.2,12.9,6.24,253,2.40
2025.268.20:32:00/wx/3.50,557.2,12.8,4.17,255,2.43
2025.268.20:33:00/wx/3.50,557.2,11.9,4.03,244,2.50
2025.268.20:34:00/wx/3.50,557.2,12.4,2.93,274,2.44
2025.268.20:35:00/wx/3.60,557.1,11.2,5.29,252,2.49
2025.268.20:36:00/wx/3.80,557.2,13.0,7.90,241,2.52
2025.268.20:37:00/wx/4.11,557.2,11.6,7.61,246,2.49
2025.268.20:38:00/wx/3.89,557.2,11.9,6.55,241,2.45
2025.268.20:39:00/wx/3.89,557.2,11.6,4.49,250,2.47
2025.268.20:40:00/wx/3.78,557.2,11.8,5.21,249,2.54
2025.268.20:41:00/wx/3.95,557.2,14.0,5.26,234,2.40
2025.268.20:42:00/wx/4.47,557.2,10.3,8.46,236,2.47
2025.268.20:43:00/wx/4.31,557.2,11.9,9.18,235,2.59
2025.268.20:44:00/wx/3.78,557.2,10.0,7.20,243,2.51
2025.268.20:45:00/wx/3.70,557.2,11.0,5.00,248,2.48
2025.268.20:46:00/wx/3.59,557.2,10.9,3.90,268,2.47
2025.268.20:47:00/wx/3.71,557.2,10.8,6.59,244,2.50
2025.268.20:48:00/wx/3.90,557.2,11.7,5.83,282,2.65
2025.268.20:49:00/wx/3.80,557.2,10.0,5.54,269,2.60
2025.268.20:50:00/wx/3.91,557.2,10.0,4.31,256,2.53
2025.268.20:51:00/wx/3.90,557.2,11.6,4.92,269,2.53
2025.268.20:52:00/wx/3.90,557.2,11.5,6.27,268,2.59
2025.268.20:53:00/wx/4.00,557.2,13.1,4.26,260,2.65
2025.268.20:54:00/wx/3.77,557.2,12.1,8.67,246,2.68
2025.268.20:55:00/wx/3.60,557.2,10.9,4.46,260,2.65
2025.268.20:56:00/wx/3.60,557.2,10.6,4.11,256,2.66
2025.268.20:57:00/wx/3.60,557.2,10.8,4.78,260,2.64
2025.268.20:58:00/wx/3.41,557.2,10.9,4.72,256,2.65
2025.268.20:59:00/wx/3.66,557.2,10.8,4.87,272,2.73
2025.268.21:00:00/wx/3.86,557.2,12.9,5.46,253,2.73
2025.268.21:01:00/wx/3.60,557.2,12.7,8.15,246,2.65
2025.268.21:02:00/wx/3.30,557.2,10.4,4.53,262,2.58
2025.268.21:03:00/wx/3.40,557.2,12.2,6.04,251,2.58
2025.268.21:04:00/wx/3.54,557.2,13.3,6.16,247,2.64
2025.268.21:05:00/wx/3.80,557.2,12.7,6.70,273,2.70
2025.268.21:06:00/wx/3.69,557.2,10.4,7.55,266,2.65
2025.268.21:07:00/wx/3.70,557.2,11.6,4.48,268,2.65
2025.268.21:08:00/wx/3.49,557.2,10.3,6.12,252,2.62
2025.268.21:09:00/wx/3.60,557.2,11.6,5.91,247,2.58
2025.268.21:10:00/wx/3.52,557.2,11.6,4.45,275,2.80
2025.268.21:11:00/wx/3.51,557.2,10.6,5.64,269,2.83
2025.268.21:12:00/wx/3.50,557.2,10.1,5.23,257,2.78
2025.268.21:13:00/wx/3.30,557.2,11.7,5.50,256,2.73
2025.268.21:14:00/wx/3.46,557.2,14.1,5.19,263,2.76
2025.268.21:15:00/wx/3.50,557.2,11.7,7.29,250,2.81
2025.268.21:16:00/wx/3.30,557.2,10.7,4.53,260,2.84
2025.268.21:17:00/wx/3.42,557.2,11.1,5.65,270,2.89
2025.268.21:18:00/wx/3.40,557.2,11.7,4.61,261,2.87
2025.268.21:19:00/wx/3.43,557.2,9.9,6.14,277,2.86
2025.268.21:20:00/wx/3.51,557.2,10.1,5.44,278,2.88
2025.268.21:21:00/wx/3.40,557.2,9.6,4.99,274,2.80
2025.268.21:22:00/wx/3.42,557.2,9.5,6.24,283,2.76
2025.268.21:23:00/wx/3.54,557.2,10.1,4.54,273,2.75
2025.268.21:24:00/wx/3.32,557.3,10.4,4.70,264,2.78
2025.268.21:25:00/wx/3.10,557.3,10.8,5.48,255,2.62
2025.268.21:26:00/wx/3.00,557.3,11.7,4.52,263,2.67
2025.268.21:27:00/wx/3.20,557.2,11.7,4.58,270,2.74
2025.268.21:28:00/wx/3.30,557.2,9.7,4.85,272,2.69
2025.268.21:29:00/wx/3.39,557.3,10.8,4.34,268,2.71
2025.268.21:30:00/wx/3.30,557.3,11.7,4.93,261,2.67
2025.268.21:31:00/wx/3.19,557.3,11.6,7.35,254,2.66
2025.268.21:32:00/wx/3.00,557.3,10.8,6.58,246,2.75
2025.268.21:33:00/wx/3.10,557.3,10.0,4.29,267,2.77
2025.268.21:34:00/wx/3.29,557.3,9.6,5.12,276,2.77
2025.268.21:35:00/wx/3.19,557.3,12.2,7.87,246,2.76
2025.268.21:36:00/wx/2.98,557.3,11.7,3.97,257,2.82
2025.268.21:37:00/wx/2.90,557.3,13.0,4.83,260,2.80
2025.268.21:38:00/wx/3.07,557.3,11.1,4.73,266,2.72
2025.268.21:39:00/wx/3.30,557.3,11.2,6.94,251,2.78
2025.268.21:40:00/wx/3.00,557.2,9.4,5.37,256,2.62
2025.268.21:41:00/wx/3.00,557.2,11.1,4.63,257,2.68
2025.268.21:42:00/wx/3.16,557.2,12.0,4.78,284,2.64
2025.268.21:43:00/wx/3.40,557.3,10.9,6.50,278,2.67
2025.268.21:44:00/wx/3.30,557.3,10.6,4.63,274,2.69
2025.268.21:45:00/wx/3.30,557.3,9.6,5.19,260,2.78
2025.268.21:46:00/wx/3.06,557.3,10.0,6.37,256,2.79
2025.268.21:47:00/wx/3.00,557.3,9.4,3.88,263,2.82
2025.268.21:48:00/wx/2.98,557.3,11.2,5.69,281,2.82
2025.268.21:49:00/wx/3.10,557.3,9.3,5.01,282,2.85
2025.268.21:50:00/wx/3.20,557.3,9.3,5.97,274,2.86
2025.268.21:51:00/wx/2.85,557.3,11.7,5.32,259,2.89
2025.268.21:52:00/wx/2.59,557.3,12.6,5.35,252,2.93
2025.268.21:53:00/wx/2.60,557.3,11.7,4.15,258,2.90
2025.268.21:54:00/wx/2.50,557.3,13.7,7.29,249,3.01
2025.268.21:55:00/wx/2.70,557.3,10.0,5.63,255,2.91
2025.268.21:56:00/wx/2.80,557.3,9.8,4.76,263,2.98
2025.268.21:57:00/wx/2.68,557.3,11.0,3.88,271,2.97
2025.268.21:58:00/wx/2.50,557.3,12.0,7.53,246,3.00
2025.268.21:59:00/wx/2.60,557.3,10.1,6.40,246,3.01
2025.268.22:00:00/wx/2.70,557.3,9.8,3.65,272,2.99
2025.268.22:01:00/wx/2.70,557.3,11.0,4.26,263,3.00
2025.268.22:02:00/wx/2.70,557.3,10.4,6.34,257,3.06
2025.268.22:03:00/wx/2.80,557.3,9.1,3.34,255,3.11
2025.268.22:04:00/wx/2.49,557.3,11.6,4.06,269,3.17
2025.268.22:05:00/wx/2.65,557.3,10.3,4.61,278,3.12
2025.268.22:06:00/wx/2.80,557.3,9.4,5.93,283,3.10
2025.268.22:07:00/wx/2.71,557.3,10.6,5.28,260,3.10
2025.268.22:08:00/wx/2.60,557.3,10.0,5.63,270,3.10
2025.268.22:09:00/wx/2.50,557.3,9.9,5.03,259,3.11
2025.268.22:10:00/wx/2.60,557.4,9.5,4.58,259,3.03
2025.268.22:11:00/wx/2.51,557.4,10.6,4.66,269,3.12
2025.268.22:12:00/wx/2.50,557.4,10.1,4.93,282,3.14
2025.268.22:13:00/wx/2.50,557.4,9.8,6.16,286,3.09
2025.268.22:14:00/wx/2.50,557.4,10.0,6.13,294,3.16
2025.268.22:15:00/wx/2.50,557.4,9.2,6.31,281,3.13
2025.268.22:16:00/wx/2.41,557.4,10.1,5.08,273,3.08
2025.268.22:17:00/wx/2.19,557.4,11.1,5.13,261,3.05
2025.268.22:18:00/wx/2.23,557.3,10.6,4.33,259,3.01
2025.268.22:19:00/wx/2.20,557.4,10.2,4.93,278,2.99
2025.268.22:20:00/wx/2.10,557.4,10.0,5.99,284,3.02
2025.268.22:21:00/wx/2.20,557.4,9.6,4.16,277,2.94
2025.268.22:22:00/wx/1.79,557.4,12.2,4.38,252,2.88
2025.268.22:23:00/wx/1.29,557.4,14.6,5.31,253,2.86
2025.268.22:24:00/wx/1.34,557.4,13.8,6.48,247,2.90
2025.268.22:25:00/wx/1.48,557.4,12.6,6.79,250,2.86
2025.268.22:26:00/wx/1.80,557.4,11.1,5.03,260,2.93
2025.268.22:27:00/wx/1.90,557.4,10.6,5.90,252,2.96
2025.268.22:28:00/wx/1.69,557.4,11.6,6.34,255,2.96
2025.268.22:29:00/wx/1.70,557.4,11.3,5.12,256,2.92
2025.268.22:30:00/wx/1.70,557.4,11.5,5.18,261,2.95
2025.268.22:31:00/wx/1.80,557.4,10.5,4.56,259,2.99
2025.268.22:32:00/wx/1.80,557.4,10.7,5.10,266,2.96
2025.268.22:33:00/wx/1.85,557.4,10.5,5.78,255,2.95
2025.268.22:34:00/wx/1.80,557.4,10.9,5.43,255,2.94
2025.268.22:35:00/wx/1.70,557.4,11.7,4.26,266,3.03
2025.268.22:36:00/wx/1.60,557.4,11.9,4.15,273,3.02
2025.268.22:37:00/wx/1.53,557.4,11.5,4.05,272,2.98
2025.268.22:38:00/wx/1.55,557.4,10.9,3.96,267,2.95
2025.268.22:39:00/wx/1.50,557.5,10.8,5.05,278,2.93
2025.268.22:40:00/wx/1.70,557.5,9.8,4.72,270,2.92
2025.268.22:41:00/wx/1.60,557.5,10.4,4.55,263,2.90
2025.268.22:42:00/wx/1.50,557.5,11.0,5.24,257,2.84
2025.268.22:43:00/wx/1.60,557.5,10.8,4.85,256,2.87
2025.268.22:44:00/wx/1.40,557.5,11.5,5.07,259,2.86
2025.268.22:45:00/wx/1.40,557.5,11.7,5.43,268,2.89
2025.268.22:46:00/wx/1.30,557.5,11.8,5.46,261,2.97
2025.268.22:47:00/wx/1.20,557.5,12.3,5.06,258,2.92
2025.268.22:48:00/wx/1.17,557.5,12.2,5.60,258,2.95
2025.268.22:49:00/wx/1.10,557.5,12.0,5.68,255,3.01
2025.268.22:50:00/wx/1.20,557.5,11.7,4.97,259,3.01
2025.268.22:51:00/wx/1.20,557.5,12.2,5.06,260,2.97
2025.268.22:52:00/wx/1.20,557.5,11.8,5.39,259,3.00
2025.268.22:53:00/wx/1.10,557.5,11.9,4.86,258,3.00
2025.268.22:54:00/wx/0.90,557.5,12.5,4.80,260,2.92
2025.268.22:55:00/wx/1.00,557.5,12.2,5.77,256,2.95
2025.268.22:56:00/wx/1.00,557.5,12.2,5.47,255,2.89
2025.268.22:57:00/wx/0.90,557.5,12.5,5.64,255,2.91
2025.268.22:58:00/wx/0.90,557.6,12.2,5.77,262,2.92
2025.268.22:59:00/wx/0.90,557.5,12.1,6.23,253,2.94
2025.268.23:00:00/wx/0.90,557.5,12.3,5.22,261,2.97
2025.268.23:01:00/wx/0.80,557.5,12.6,5.09,266,3.01
2025.268.23:02:00/wx/0.86,557.5,12.2,5.16,267,3.03
2025.268.23:03:00/wx/1.11,557.5,11.4,5.62,268,3.03
2025.268.23:04:00/wx/0.80,557.5,12.0,4.54,272,2.96
2025.268.23:05:00/wx/0.88,557.5,12.5,5.21,263,3.02
2025.268.23:06:00/wx/0.70,557.5,13.2,4.65,270,3.03
2025.268.23:07:00/wx/0.70,557.5,13.0,4.45,265,3.04
2025.268.23:08:00/wx/0.80,557.5,12.7,5.23,269,3.03
2025.268.23:09:00/wx/0.70,557.5,13.4,4.93,269,3.05
2025.268.23:10:00/wx/0.70,557.5,13.2,5.11,260,3.00
2025.268.23:11:00/wx/0.70,557.5,13.5,5.12,263,2.98
2025.268.23:12:00/wx/0.60,557.5,14.0,5.10,260,2.96
2025.268.23:13:00/wx/0.60,557.5,13.8,5.03,263,2.94
2025.268.23:14:00/wx/0.60,557.6,14.0,5.08,261,2.94
2025.268.23:15:00/wx/0.50,557.6,14.4,5.25,262,3.00
2025.268.23:16:00/wx/0.40,557.6,15.1,5.02,264,2.95
2025.268.23:17:00/wx/0.48,557.5,14.7,4.95,257,2.98
2025.268.23:18:00/wx/0.59,557.6,14.5,4.34,265,2.98
2025.268.23:19:00/wx/0.51,557.5,14.5,5.04,261,3.03
2025.268.23:20:00/wx/0.40,557.6,14.9,4.83,263,3.01
2025.268.23:21:00/wx/0.50,557.6,14.2,4.64,264,3.05
2025.268.23:22:00/wx/0.30,557.5,15.0,4.82,266,3.03
2025.268.23:23:00/wx/0.40,557.6,14.8,4.60,263,3.05
2025.268.23:24:00/wx/0.40,557.5,14.9,4.67,265,3.01
2025.268.23:25:00/wx/0.30,557.6,15.0,4.39,260,3.00
2025.268.23:26:00/wx/0.30,557.6,15.1,5.10,258,3.06
2025.268.23:27:00/wx/0.30,557.5,14.8,5.93,255,3.04
2025.268.23:28:00/wx/0.30,557.6,14.9,6.15,253,3.04
2025.268.23:29:00/wx/0.30,557.6,14.7,6.12,255,3.06
2025.268.23:30:00/wx/0.33,557.6,14.4,5.92,254,3.03
2025.268.23:31:00/wx/0.30,557.6,14.6,5.79,254,3.00
2025.268.23:32:00/wx/0.30,557.6,14.8,5.34,255,3.03
2025.268.23:33:00/wx/0.30,557.6,14.7,5.16,256,3.00
2025.268.23:34:00/wx/0.25,557.6,14.9,4.88,257,3.01
2025.268.23:35:00/wx/0.38,557.6,14.4,5.18,259,2.98
2025.268.23:36:00/wx/0.40,557.6,14.3,5.91,256,3.05
2025.268.23:37:00/wx/0.30,557.6,14.6,5.65,256,3.02
2025.268.23:38:00/wx/0.30,557.7,14.5,5.37,258,3.01
2025.268.23:39:00/wx/0.30,557.7,14.6,5.33,256,3.01
2025.268.23:40:00/wx/0.30,557.7,14.6,4.87,256,3.01
2025.268.23:41:00/wx/0.30,557.7,14.5,4.83,259,3.01
2025.268.23:42:00/wx/0.40,557.7,13.9,5.25,254,3.03
2025.268.23:43:00/wx/0.30,557.7,14.0,5.48,256,2.98
2025.268.23:44:00/wx/0.23,557.7,14.2,5.09,258,3.01
2025.268.23:45:00/wx/0.20,557.7,14.4,4.46,262,3.01
2025.268.23:46:00/wx/0.20,557.7,14.0,4.72,257,2.99
2025.268.23:47:00/wx/0.10,557.7,14.3,4.33,259,2.96
2025.268.23:48:00/wx/0.10,557.7,14.0,4.77,261,2.94
2025.268.23:49:00/wx/0.20,557.7,13.9,4.55,261,2.97
2025.268.23:50:00/wx/0.20,557.7,14.0,4.33,265,2.97
2025.268.23:51:00/wx/0.10,557.7,14.4,3.59,268,2.99
2025.268.23:52:00/wx/0.00,557.7,14.7,4.20,261,2.98
2025.268.23:53:00/wx/0.01,557.7,14.6,3.93,262,2.95
2025.268.23:54:00/wx/-0.38,557.7,15.7,3.05,268,3.00
2025.268.23:55:00/wx/-0.40,557.7,15.0,3.93,268,3.06
2025.268.23:56:00/wx/-0.10,557.7,14.3,3.77,271,3.08
2025.268.23:57:00/wx/-0.10,557.7,14.1,3.53,272,3.07
2025.268.23:58:00/wx/-0.26,557.7,14.3,3.73,285,3.07
2025.268.23:59:00/wx/-1.09,557.7,15.8,3.23,310,3.12
2025.269.00:00:00/wx/-1.50,557.7,17.1,3.94,322,3.15
2025.269.00:01:00/wx/-1.07,557.7,16.2,3.48,322,3.14
2025.269.00:02:00/wx/-0.85,557.7,15.5,3.61,317,3.17
2025.269.00:03:00/wx/-0.70,557.6,15.5,3.32,322,3.19
2025.269.00:04:00/wx/-0.70,557.6,16.2,3.13,322,3.22
2025.269.00:05:00/wx/-0.80,557.7,16.3,3.40,312,3.23
2025.269.00:06:00/wx/-0.70,557.7,16.1,3.31,311,3.23
2025.269.00:07:00/wx/-0.92,557.6,16.4,3.81,317,3.23
2025.269.00:08:00/wx/-0.72,557.6,15.6,3.70,320,3.19
2025.269.00:09:00/wx/-0.50,557.6,15.2,3.33,311,3.19
2025.269.00:10:00/wx/-0.49,557.7,14.8,3.69,312,3.20
2025.269.00:11:00/wx/-0.40,557.6,14.7,3.33,320,3.28
2025.269.00:12:00/wx/-0.40,557.6,14.9,3.23,320,3.33
2025.269.00:13:00/wx/-0.50,557.6,15.1,3.21,321,3.28
2025.269.00:14:00/wx/-0.40,557.6,14.9,3.13,318,3.33
2025.269.00:15:00/wx/-0.38,557.6,14.8,3.10,320,3.32
2025.269.00:16:00/wx/-0.30,557.6,14.5,3.03,322,3.29
2025.269.00:17:00/wx/-0.30,557.6,14.7,2.96,325,3.28
2025.269.00:18:00/wx/-0.30,557.7,14.8,2.73,316,3.22
2025.269.00:19:00/wx/-0.40,557.6,14.8,2.83,317,3.13
2025.269.00:20:00/wx/-0.40,557.6,14.7,2.83,328,3.04
2025.269.00:21:00/wx/-0.30,557.6,14.6,3.22,335,3.18
2025.269.00:22:00/wx/-0.32,557.6,14.9,3.25,343,3.28
2025.269.00:23:00/wx/-0.10,557.6,14.1,3.23,342,2.89
2025.269.00:24:00/wx/-0.21,557.6,14.4,3.65,340,3.09
2025.269.00:25:00/wx/0.01,557.6,13.7,2.91,338,3.07
2025.269.00:26:00/wx/0.00,557.6,13.9,2.76,321,3.07
2025.269.00:27:00/wx/0.08,557.6,13.5,3.49,334,3.10
2025.269.00:28:00/wx/0.30,557.6,12.8,3.14,335,3.05
2025.269.00:29:00/wx/0.30,557.6,13.2,3.31,327,3.00
2025.269.00:30:00/wx/0.30,557.6,12.9,3.28,333,3.03
2025.269.00:31:00/wx/0.40,557.6,12.7,3.63,330,3.04
2025.269.00:32:00/wx/0.10,557.6,13.3,3.43,346,3.01
2025.269.00:33:00/wx/0.41,557.6,12.7,3.57,336,2.97
2025.269.00:34:00/wx/0.63,557.6,12.2,4.07,340,2.99
2025.269.00:35:00/wx/0.76,557.6,11.9,4.18,343,3.04
2025.269.00:36:00/wx/0.49,557.6,12.4,3.87,335,3.06
2025.269.00:37:00/wx/0.70,557.6,12.4,3.63,335,3.09
2025.269.00:38:00/wx/0.70,557.6,12.6,3.74,339,3.09
2025.269.00:39:00/wx/0.80,557.6,12.0,3.31,339,3.08
2025.269.00:40:00/wx/0.86,557.6,11.7,3.98,345,3.09
2025.269.00:41:00/wx/1.09,557.6,11.5,3.93,346,3.07
2025.269.00:42:00/wx/1.20,557.6,11.6,4.02,339,3.05
2025.269.00:43:00/wx/1.32,557.6,12.0,3.04,338,3.08
2025.269.00:44:00/wx/1.34,557.6,11.9,3.11,338,3.08
2025.269.00:45:00/wx/1.50,557.6,12.2,2.81,329,3.11
2025.269.00:46:00/wx/1.31,557.6,12.0,3.33,343,3.13
2025.269.00:47:00/wx/1.13,557.6,13.3,3.03,331,3.16
2025.269.00:48:00/wx/1.36,557.6,12.5,3.23,337,3.14
2025.269.00:49:00/wx/1.70,557.6,13.5,3.13,334,3.18
2025.269.00:50:00/wx/1.90,557.6,13.9,2.75,329,3.20
2025.269.00:51:00/wx/1.80,557.6,13.0,2.83,331,3.18
2025.269.00:52:00/wx/1.68,557.6,13.1,2.58,335,3.20
2025.269.00:53:00/wx/1.64,557.6,14.7,3.24,334,3.16
2025.269.00:54:00/wx/1.97,557.6,14.8,3.10,332,3.19
2025.269.00:55:00/wx/2.00,557.6,14.7,3.54,333,3.19
2025.269.00:56:00/wx/2.10,557.6,15.6,3.43,339,3.19
2025.269.00:57:00/wx/2.20,557.6,16.0,3.48,337,3.17
2025.269.00:58:00/wx/2.26,557.7,16.4,2.85,332,3.18
2025.269.00:59:00/wx/2.41,557.7,16.9,2.62,333,3.20
2025.269.01:00:00/wx/2.30,557.6,16.7,3.11,329,3.19
2025.269.01:01:00/wx/2.30,557.7,16.3,3.22,337,3.18
2025.269.01:02:00/wx/2.40,557.7,16.4,3.38,337,3.19
2025.269.01:03:00/wx/2.50,557.7,16.5,3.31,337,3.19
2025.269.01:04:00/wx/2.50,557.7,17.7,2.92,341,3.17
2025.269.01:05:00/wx/2.50,557.7,17.6,2.33,325,3.16
2025.269.01:06:00/wx/2.50,557.6,17.4,2.80,346,3.14
2025.269.01:07:00/wx/2.47,557.7,18.3,2.53,336,3.14
2025.269.01:08:00/wx/2.40,557.7,18.7,2.80,338,3.10
2025.269.01:09:00/wx/2.21,557.7,18.4,2.46,331,3.09
2025.269.01:10:00/wx/2.30,557.6,18.1,3.23,343,3.10
2025.269.01:11:00/wx/2.32,557.7,18.5,2.62,332,3.12
2025.269.01:12:00/wx/2.40,557.7,19.0,2.80,339,3.14
2025.269.01:13:00/wx/2.40,557.7,18.6,2.83,336,3.13
2025.269.01:14:00/wx/2.40,557.7,18.8,3.03,339,3.26
2025.269.01:15:00/wx/2.60,557.7,19.6,2.63,333,3.27
2025.269.01:16:00/wx/2.54,557.7,19.5,2.87,342,3.28
2025.269.01:17:00/wx/2.35,557.7,20.1,3.29,339,3.29
2025.269.01:18:00/wx/2.57,557.8,19.4,2.85,339,3.25
2025.269.01:19:00/wx/2.50,557.8,19.0,2.74,337,3.25
2025.269.01:20:00/wx/2.50,557.7,18.7,2.84,339,3.27
2025.269.01:21:00/wx/2.60,557.7,18.2,3.43,341,3.26
2025.269.01:22:00/wx/2.27,557.8,18.5,3.21,334,3.26
2025.269.01:23:00/wx/2.28,557.8,18.5,3.16,336,3.27
2025.269.01:24:00/wx/2.30,557.8,19.2,3.63,339,3.30
2025.269.01:25:00/wx/2.50,557.8,19.2,3.21,338,3.29
2025.269.01:26:00/wx/2.50,557.8,19.4,3.23,331,3.27
2025.269.01:27:00/wx/2.50,557.8,19.1,3.22,338,3.27
2025.269.01:28:00/wx/2.50,557.8,19.0,3.24,339,3.24
2025.269.01:29:00/wx/2.29,557.8,18.3,3.53,335,3.38
2025.269.01:30:00/wx/2.32,557.8,19.3,3.29,338,3.38
2025.269.01:31:00/wx/2.50,557.8,19.4,3.08,335,3.39
2025.269.01:32:00/wx/2.50,557.8,18.6,3.05,333,3.39
2025.269.01:33:00/wx/2.30,557.8,18.8,3.25,336,3.42
2025.269.01:34:00/wx/2.40,557.8,18.7,3.13,335,3.41
2025.269.01:35:00/wx/2.50,557.7,18.6,3.24,334,3.37
2025.269.01:36:00/wx/2.50,557.7,18.2,3.24,334,3.36
2025.269.01:37:00/wx/2.50,557.8,18.4,3.59,340,3.38
2025.269.01:38:00/wx/2.50,557.8,18.7,3.03,335,3.41
2025.269.01:39:00/wx/2.58,557.7,18.9,3.45,339,3.37
2025.269.01:40:00/wx/2.50,557.7,19.3,2.89,339,3.34
2025.269.01:41:00/wx/2.47,557.7,19.2,3.15,332,3.34
2025.269.01:42:00/wx/2.50,557.8,19.2,2.85,340,3.38
2025.269.01:43:00/wx/2.50,557.8,19.4,3.01,341,3.38
2025.269.01:44:00/wx/2.40,557.8,19.3,2.91,334,3.35
2025.269.01:45:00/wx/2.40,557.7,19.6,2.79,339,3.33
2025.269.01:46:00/wx/2.40,557.7,19.7,2.99,341,3.28
2025.269.01:47:00/wx/2.40,557.8,20.0,3.14,342,3.34
2025.269.01:48:00/wx/2.30,557.7,20.4,2.85,336,3.38
2025.269.01:49:00/wx/2.30,557.7,20.4,3.23,338,3.39
2025.269.01:50:00/wx/2.34,557.8,20.4,3.04,341,3.41
2025.269.01:51:00/wx/2.40,557.7,20.3,2.65,327,3.38
2025.269.01:52:00/wx/2.40,557.7,20.3,2.53,331,3.37
2025.269.01:53:00/wx/2.40,557.7,20.3,2.85,338,3.34
2025.269.01:54:00/wx/2.40,557.7,20.1,3.15,330,3.48
2025.269.01:55:00/wx/2.40,557.7,20.2,2.93,337,3.47
2025.269.01:56:00/wx/2.40,557.8,20.3,3.23,333,3.48
2025.269.01:57:00/wx/2.40,557.7,20.3,2.93,334,3.45
2025.269.01:58:00/wx/2.30,557.7,20.7,3.03,330,3.40
2025.269.01:59:00/wx/2.30,557.7,20.7,2.82,331,3.39
2025.269.02:00:00/wx/2.38,557.7,20.5,2.94,332,3.37
2025.269.02:01:00/wx/2.40,557.7,20.4,2.93,329,3.39
2025.269.02:02:00/wx/2.30,557.7,20.8,3.24,334,3.40
2025.269.02:03:00/wx/2.30,557.7,20.7,3.04,332,3.40
2025.269.02:04:00/wx/2.26,557.7,20.7,2.95,329,3.36
2025.269.02:05:00/wx/2.20,557.7,21.1,3.22,333,3.35
2025.269.02:06:00/wx/2.10,557.7,21.2,3.23,325,3.32
2025.269.02:07:00/wx/1.98,557.7,21.6,3.32,333,3.17
2025.269.02:08:00/wx/1.86,557.7,22.0,3.40,339,3.15
2025.269.02:09:00/wx/1.60,557.7,22.7,3.38,338,3.17
2025.269.02:10:00/wx/1.70,557.7,22.3,3.25,342,3.24
2025.269.02:11:00/wx/1.80,557.7,22.0,3.43,343,3.25
2025.269.02:12:00/wx/2.00,557.8,21.2,3.35,343,3.21
2025.269.02:13:00/wx/2.05,557.7,21.2,3.35,342,3.38
2025.269.02:14:00/wx/2.10,557.7,20.9,3.30,341,3.38
2025.269.02:15:00/wx/2.20,557.7,20.7,3.34,342,3.40
2025.269.02:16:00/wx/2.30,557.7,20.5,3.32,342,3.39
2025.269.02:17:00/wx/2.30,557.7,20.4,3.41,343,3.37
2025.269.02:18:00/wx/2.40,557.7,20.1,3.49,349,3.35
2025.269.02:19:00/wx/2.40,557.7,20.1,3.00,329,3.17
2025.269.02:20:00/wx/2.30,557.8,20.3,2.93,331,3.13
2025.269.02:21:00/wx/2.30,557.7,20.7,2.76,338,3.14
2025.269.02:22:00/wx/2.20,557.7,21.0,3.23,333,3.17
2025.269.02:23:00/wx/2.27,557.7,20.7,2.90,338,3.18
2025.269.02:24:00/wx/2.30,557.7,20.9,3.14,340,3.16
2025.269.02:25:00/wx/2.30,557.7,21.1,3.23,336,3.18
2025.269.02:26:00/wx/2.30,557.7,21.1,3.40,337,3.22
2025.269.02:27:00/wx/2.30,557.7,21.2,3.30,333,3.21
2025.269.02:28:00/wx/2.30,557.7,21.2,3.10,326,3.23
2025.269.02:29:00/wx/2.20,557.7,21.4,2.94,331,3.23
2025.269.02:30:00/wx/2.20,557.7,21.7,3.03,333,3.22
2025.269.02:31:00/wx/2.20,557.6,21.7,3.16,338,3.22
2025.269.02:32:00/wx/2.20,557.7,21.8,3.03,335,3.21
2025.269.02:33:00/wx/2.20,557.6,21.8,2.83,339,3.21
2025.269.02:34:00/wx/2.10,557.6,22.2,3.13,336,3.21
2025.269.02:35:00/wx/2.10,557.6,22.0,2.50,332,3.24
2025.269.02:36:00/wx/2.10,557.6,22.1,2.94,336,3.26
2025.269.02:37:00/wx/2.00,557.6,22.5,3.09,331,3.25
2025.269.02:38:00/wx/2.00,557.6,22.4,3.03,339,3.24
2025.269.02:39:00/wx/2.00,557.6,22.4,2.74,334,3.23
2025.269.02:40:00/wx/2.00,557.6,22.5,2.87,330,3.24
2025.269.02:41:00/wx/2.00,557.7,22.5,2.83,327,3.24
2025.269.02:42:00/wx/2.00,557.7,22.5,2.86,328,3.20
2025.269.02:43:00/wx/1.90,557.6,22.5,2.64,327,3.10
2025.269.02:44:00/wx/1.90,557.6,22.6,2.72,327,3.13
2025.269.02:45:00/wx/1.90,557.7,22.6,2.70,329,3.14
2025.269.02:46:00/wx/1.80,557.6,22.9,2.69,332,3.14
2025.269.02:47:00/wx/1.80,557.6,23.0,2.73,330,3.14
2025.269.02:48:00/wx/1.80,557.6,22.9,2.43,330,3.13
2025.269.02:49:00/wx/1.68,557.6,23.0,2.63,320,3.13
2025.269.02:50:00/wx/1.50,557.6,23.3,2.18,326,3.15
2025.269.02:51:00/wx/1.56,557.6,23.2,2.70,332,3.16
2025.269.02:52:00/wx/1.79,557.5,22.6,2.65,333,3.16
2025.269.02:53:00/wx/1.80,557.5,22.5,2.44,331,3.15
2025.269.02:54:00/wx/1.88,557.5,22.4,2.34,334,3.14
2025.269.02:55:00/wx/1.90,557.6,22.5,2.38,337,3.14
2025.269.02:56:00/wx/1.90,557.5,22.3,2.73,339,3.11
2025.269.02:57:00/wx/1.90,557.5,22.3,2.53,342,3.11
2025.269.02:58:00/wx/1.90,557.5,22.3,2.46,338,3.12
2025.269.02:59:00/wx/1.90,557.5,22.0,2.48,343,3.11
2025.269.03:00:00/wx/1.90,557.5,22.0,2.63,340,3.09
2025.269.03:01:00/wx/2.00,557.5,21.6,2.56,337,3.04
2025.269.03:02:00/wx/2.00,557.5,21.7,3.03,341,3.01
2025.269.03:03:00/wx/1.90,557.5,21.8,3.02,332,2.99
2025.269.03:04:00/wx/2.00,557.5,21.5,3.03,334,2.98
2025.269.03:05:00/wx/2.00,557.5,21.4,3.03,334,2.97
2025.269.03:06:00/wx/2.00,557.5,21.2,3.14,333,2.96
2025.269.03:07:00/wx/2.10,557.5,21.1,3.14,335,2.97
2025.269.03:08:00/wx/2.10,557.5,20.9,3.08,333,3.01
2025.269.03:09:00/wx/2.10,557.5,21.1,2.83,331,3.01
2025.269.03:10:00/wx/2.00,557.5,21.3,2.83,329,2.99
2025.269.03:11:00/wx/2.00,557.5,21.3,2.73,331,2.98
2025.269.03:12:00/wx/2.00,557.5,21.4,2.93,334,3.01
2025.269.03:13:00/wx/2.00,557.5,21.3,2.93,332,3.03
2025.269.03:14:00/wx/1.90,557.5,21.5,3.07,334,3.14
2025.269.03:15:00/wx/1.90,557.5,21.4,2.88,331,3.10
2025.269.03:16:00/wx/1.90,557.5,21.2,3.03,337,3.10
2025.269.03:17:00/wx/1.98,557.5,21.0,2.93,335,3.09
2025.269.03:18:00/wx/2.00,557.5,21.1,2.81,331,3.07
2025.269.03:19:00/wx/1.90,557.5,21.1,3.14,334,3.06
2025.269.03:20:00/wx/1.90,557.5,21.1,2.96,340,3.03
2025.269.03:21:00/wx/1.90,557.5,21.3,3.14,338,3.03
2025.269.03:22:00/wx/1.90,557.5,20.9,3.03,333,3.00
2025.269.03:23:00/wx/2.00,557.5,20.6,2.94,330,2.97
2025.269.03:24:00/wx/1.90,557.4,20.8,3.11,332,3.02
2025.269.03:25:00/wx/1.90,557.5,20.6,2.84,337,3.04
2025.269.03:26:00/wx/1.90,557.5,20.5,2.95,334,3.06
2025.269.03:27:00/wx/1.80,557.5,20.7,2.92,332,2.97
2025.269.03:28:00/wx/1.81,557.4,20.8,3.32,334,2.96
2025.269.03:29:00/wx/1.62,557.4,21.3,3.25,337,2.94
2025.269.03:30:00/wx/1.40,557.5,21.6,3.23,338,2.95
2025.269.03:31:00/wx/1.39,557.5,21.7,2.96,334,2.93
2025.269.03:32:00/wx/1.34,557.5,21.6,3.33,340,2.93
2025.269.03:33:00/wx/1.30,557.5,21.5,3.31,341,2.90
2025.269.03:34:00/wx/1.11,557.4,22.1,3.53,341,2.90
2025.269.03:35:00/wx/1.30,557.4,21.2,3.13,328,2.86
2025.269.03:36:00/wx/1.50,557.4,20.7,3.05,331,2.90
2025.269.03:37:00/wx/1.50,557.4,20.7,3.14,336,2.79
2025.269.03:38:00/wx/1.40,557.4,21.0,3.32,343,2.67
2025.269.03:39:00/wx/1.40,557.4,21.0,3.23,344,2.65
2025.269.03:40:00/wx/1.40,557.4,20.9,3.32,345,2.68
2025.269.03:41:00/wx/1.40,557.4,21.0,3.45,343,2.72
2025.269.03:42:00/wx/1.40,557.4,21.1,3.18,341,2.73
2025.269.03:43:00/wx/1.40,557.4,21.0,3.16,342,2.76
2025.269.03:44:00/wx/1.50,557.4,20.8,2.93,345,2.82
2025.269.03:45:00/wx/1.51,557.4,20.6,2.83,342,2.83
2025.269.03:46:00/wx/1.50,557.4,20.7,2.91,342,2.85
2025.269.03:47:00/wx/1.50,557.4,20.7,3.20,345,2.89
2025.269.03:48:00/wx/1.30,557.4,21.6,3.42,347,2.90
2025.269.03:49:00/wx/1.40,557.4,21.3,3.44,347,2.46
2025.269.03:50:00/wx/1.30,557.4,21.4,3.49,347,2.83
2025.269.03:51:00/wx/1.40,557.3,21.1,3.33,350,2.85
2025.269.03:52:00/wx/1.32,557.3,21.3,3.58,344,2.83
2025.269.03:53:00/wx/1.40,557.3,21.0,3.33,348,2.81
2025.269.03:54:00/wx/1.41,557.3,20.8,3.03,348,2.81
2025.269.03:55:00/wx/1.50,557.3,20.7,3.03,345,2.81
2025.269.03:56:00/wx/1.50,557.3,20.4,3.13,347,2.85
2025.269.03:57:00/wx/1.50,557.3,20.4,2.92,345,2.93
2025.269.03:58:00/wx/1.50,557.3,20.4,3.03,347,2.98
2025.269.03:59:00/wx/1.50,557.3,20.4,3.12,348,2.92
2025.269.04:00:00/wx/1.60,557.3,20.2,3.02,347,2.92
2025.269.04:01:00/wx/1.50,557.3,20.5,2.94,344,2.92
2025.269.04:02:00/wx/1.50,557.3,20.3,2.94,347,2.87
2025.269.04:03:00/wx/1.60,557.3,20.3,3.12,344,2.87
2025.269.04:04:00/wx/1.58,557.3,20.4,3.23,348,2.80
2025.269.04:05:00/wx/1.60,557.3,20.2,3.29,352,2.75
2025.269.04:06:00/wx/1.57,557.2,20.3,2.93,344,2.73
2025.269.04:07:00/wx/1.50,557.3,20.6,3.34,355,2.64
2025.269.04:08:00/wx/1.50,557.3,20.4,3.25,352,2.61
2025.269.04:09:00/wx/1.40,557.3,20.8,3.06,350,2.54
2025.269.04:10:00/wx/1.56,557.2,20.2,3.22,192,2.53
2025.269.04:11:00/wx/1.60,557.2,20.2,2.56,352,2.54
2025.269.04:12:00/wx/1.30,557.2,21.2,2.74,354,2.57
2025.269.04:13:00/wx/0.97,557.2,22.4,2.82,357,2.53
2025.269.04:14:00/wx/1.10,557.2,21.9,3.09,358,2.53
2025.269.04:15:00/wx/1.30,557.2,20.9,2.76,346,2.50
2025.269.04:16:00/wx/1.32,557.2,21.1,2.67,349,2.45
2025.269.04:17:00/wx/1.20,557.2,21.5,3.03,342,2.76
2025.269.04:18:00/wx/1.10,557.2,21.6,3.35,341,2.74
2025.269.04:19:00/wx/1.30,557.2,20.6,3.65,344,2.71
2025.269.04:20:00/wx/1.50,557.1,20.0,3.15,333,2.69
2025.269.04:21:00/wx/1.40,557.2,20.6,3.31,343,2.72
2025.269.04:22:00/wx/1.19,557.1,20.7,3.84,346,2.70
2025.269.04:23:00/wx/1.00,557.1,21.1,3.53,343,2.71
2025.269.04:24:00/wx/1.00,557.1,21.2,3.93,349,2.70
2025.269.04:25:00/wx/0.92,557.1,21.4,3.84,345,2.72
2025.269.04:26:00/wx/0.80,557.1,21.7,4.04,349,2.69
2025.269.04:27:00/wx/0.80,557.1,21.5,3.79,346,2.69
2025.269.04:28:00/wx/0.70,557.1,21.9,4.09,352,2.70
2025.269.04:29:00/wx/0.70,557.1,21.8,4.02,348,2.71
2025.269.04:30:00/wx/0.79,557.1,21.6,3.87,346,2.71
2025.269.04:31:00/wx/0.60,557.1,22.3,4.04,350,2.71
2025.269.04:32:00/wx/0.40,557.1,22.8,4.09,349,2.75
2025.269.04:33:00/wx/0.30,557.0,22.9,4.33,351,2.76
2025.269.04:34:00/wx/0.09,557.0,23.3,4.27,350,2.77
2025.269.04:35:00/wx/0.30,557.0,22.6,4.15,351,2.78
2025.269.04:36:00/wx/0.09,557.0,23.1,4.17,348,2.76
2025.269.04:37:00/wx/0.30,557.0,22.6,4.43,350,2.67
2025.269.04:38:00/wx/0.30,557.0,22.5,4.00,347,2.67
2025.269.04:39:00/wx/0.21,557.0,22.9,4.26,351,2.66
2025.269.04:40:00/wx/0.00,557.0,23.6,4.33,351,2.63
2025.269.04:41:00/wx/0.00,557.0,23.3,4.32,349,2.58
2025.269.04:42:00/wx/0.03,557.0,23.3,4.09,350,2.59
2025.269.04:43:00/wx/0.09,557.0,22.9,4.23,351,2.60
2025.269.04:44:00/wx/0.29,557.0,22.1,4.11,352,2.66
2025.269.04:45:00/wx/0.21,557.0,22.7,4.13,349,2.68
2025.269.04:46:00/wx/0.07,557.0,22.8,4.23,349,2.74
2025.269.04:47:00/wx/-0.11,557.0,23.5,4.32,349,2.77
2025.269.04:48:00/wx/0.10,557.0,22.7,4.38,347,2.79
2025.269.04:49:00/wx/0.20,557.0,22.1,4.34,348,2.80
2025.269.04:50:00/wx/0.20,557.0,22.1,4.24,348,2.72
2025.269.04:51:00/wx/0.00,557.0,22.7,4.03,344,2.65
2025.269.04:52:00/wx/0.10,557.0,22.5,4.24,349,2.66
2025.269.04:53:00/wx/0.08,557.0,22.4,3.93,348,2.70
2025.269.04:54:00/wx/-0.10,557.0,23.1,4.35,346,2.70
2025.269.04:55:00/wx/-0.20,556.9,23.1,4.36,349,2.70
2025.269.04:56:00/wx/0.04,556.9,22.4,3.67,350,2.66
2025.269.04:57:00/wx/-0.10,556.9,22.8,4.11,344,2.71
2025.269.04:58:00/wx/-0.09,556.9,22.5,3.99,345,2.64
2025.269.04:59:00/wx/0.10,556.9,22.2,3.83,345,2.70
2025.269.05:00:00/wx/0.00,556.9,22.4,3.81,340,2.72
2025.269.05:01:00/wx/0.00,556.9,22.2,3.78,339,2.64
2025.269.05:02:00/wx/-0.10,556.9,22.7,3.87,339,2.65
2025.269.05:03:00/wx/-0.10,556.9,22.5,4.01,337,2.70
2025.269.05:04:00/wx/-0.10,556.9,22.6,3.54,335,2.74
2025.269.05:05:00/wx/-0.22,556.9,22.9,3.80,335,2.77
2025.269.05:06:00/wx/-0.40,556.9,23.5,3.93,331,2.76
2025.269.05:07:00/wx/-0.40,556.9,23.2,3.68,335,2.77
2025.269.05:08:00/wx/-0.40,556.9,23.3,3.93,334,2.75
2025.269.05:09:00/wx/-0.50,556.9,23.6,3.72,336,2.95
2025.269.05:10:00/wx/-0.70,556.8,24.6,3.80,332,2.94
2025.269.05:11:00/wx/-0.60,556.8,24.2,3.52,335,2.90
2025.269.05:12:00/wx/-0.51,556.8,23.7,3.51,337,2.80
2025.269.05:13:00/wx/-0.50,556.7,23.6,3.63,341,2.73
2025.269.05:14:00/wx/-0.40,556.8,23.3,3.52,340,2.76
2025.269.05:15:00/wx/-0.30,556.7,23.0,3.62,337,2.79
2025.269.05:16:00/wx/-0.20,556.7,22.7,3.56,331,2.77
2025.269.05:17:00/wx/-0.10,556.7,22.3,3.62,336,2.80
2025.269.05:18:00/wx/0.00,556.7,21.9,3.64,338,2.76
2025.269.05:19:00/wx/0.10,556.7,21.6,3.48,334,2.73
2025.269.05:20:00/wx/0.14,556.7,21.6,3.63,336,2.72
2025.269.05:21:00/wx/0.10,556.7,21.4,3.77,338,2.69
2025.269.05:22:00/wx/0.20,556.6,21.2,4.02,339,2.68
2025.269.05:23:00/wx/0.30,556.6,21.0,3.74,338,2.67
2025.269.05:24:00/wx/0.40,556.6,20.7,3.72,338,2.63
2025.269.05:25:00/wx/0.34,556.6,20.7,3.83,339,2.66
2025.269.05:26:00/wx/0.40,556.6,20.6,3.85,337,2.69
2025.269.05:27:00/wx/0.50,556.6,20.4,4.03,338,2.64
2025.269.05:28:00/wx/0.50,556.6,20.3,3.94,335,2.62
2025.269.05:29:00/wx/0.45,556.6,20.2,4.08,337,2.55
2025.269.05:30:00/wx/0.40,556.5,20.4,4.11,337,2.53
2025.269.05:31:00/wx/0.40,556.5,20.4,4.23,337,2.54
2025.269.05:32:00/wx/0.40,556.5,20.4,4.33,337,2.53
2025.269.05:33:00/wx/0.30,556.5,20.5,4.38,337,2.54
2025.269.05:34:00/wx/0.26,556.5,20.8,4.54,334,2.52
2025.269.05:35:00/wx/0.10,556.5,21.1,4.46,335,2.49
2025.269.05:36:00/wx/0.10,556.5,21.1,4.43,335,2.51
2025.269.05:37:00/wx/0.10,556.5,21.1,4.33,333,2.48
2025.269.05:38:00/wx/0.10,556.5,21.2,4.33,334,2.63
2025.269.05:39:00/wx/0.10,556.5,20.9,4.30,335,2.56
2025.269.05:40:00/wx/0.10,556.5,21.1,4.25,337,2.58
2025.269.05:41:00/wx/0.10,556.5,21.1,4.03,335,2.54
2025.269.05:42:00/wx/0.10,556.4,21.2,3.96,336,2.51
2025.269.05:43:00/wx/0.05,556.4,21.5,4.08,337,2.50
2025.269.05:44:00/wx/0.10,556.4,21.5,4.18,337,2.52
2025.269.05:45:00/wx/0.10,556.4,21.3,4.13,338,2.50
2025.269.05:46:00/wx/0.20,556.4,21.0,4.24,339,2.50
2025.269.05:47:00/wx/0.20,556.4,21.0,4.30,339,2.49
2025.269.05:48:00/wx/0.20,556.4,21.1,4.38,342,2.49
2025.269.05:49:00/wx/0.21,556.4,20.9,4.56,338,2.47
2025.269.05:50:00/wx/0.30,556.4,20.8,4.33,341,2.43
2025.269.05:51:00/wx/0.30,556.4,20.7,4.52,340,2.44
2025.269.05:52:00/wx/0.40,556.3,20.3,4.50,339,2.46
2025.269.05:53:00/wx/0.30,556.3,20.6,4.73,340,2.48
2025.269.05:54:00/wx/0.50,556.3,20.0,4.33,340,2.51
2025.269.05:55:00/wx/0.50,556.3,19.9,4.44,338,2.56
2025.269.05:56:00/wx/0.60,556.3,19.8,4.41,340,2.56
2025.269.05:57:00/wx/0.60,556.3,19.7,4.37,339,2.53
2025.269.05:58:00/wx/0.70,556.2,19.3,4.60,341,2.54
2025.269.05:59:00/wx/0.89,556.3,19.0,4.25,337,2.50
2025.269.06:00:00/wx/0.70,556.2,19.3,4.34,338,2.50
2025.269.06:01:00/wx/0.80,556.2,19.2,4.33,337,2.54
2025.269.06:02:00/wx/0.80,556.2,19.3,4.41,337,2.57
2025.269.06:03:00/wx/0.82,556.2,19.1,4.41,338,2.58
2025.269.06:04:00/wx/0.70,556.2,19.4,4.03,333,2.59
2025.269.06:05:00/wx/0.81,556.2,19.3,4.25,338,2.54
2025.269.06:06:00/wx/1.01,556.2,18.9,4.54,336,2.61
2025.269.06:07:00/wx/0.73,556.2,19.7,4.16,335,2.49
2025.269.06:08:00/wx/0.70,556.2,19.7,4.39,338,2.53
2025.269.06:09:00/wx/0.80,556.1,19.6,4.24,336,2.57
2025.269.06:10:00/wx/0.89,556.1,19.4,4.37,340,2.54
2025.269.06:11:00/wx/0.79,556.1,19.6,4.19,343,2.57
2025.269.06:12:00/wx/0.72,556.1,20.0,4.30,342,2.60
2025.269.06:13:00/wx/0.80,556.1,20.0,4.07,342,2.61
2025.269.06:14:00/wx/0.79,556.1,20.4,4.15,335,2.53
2025.269.06:15:00/wx/0.80,556.1,20.5,3.96,334,2.57
2025.269.06:16:00/wx/0.76,556.1,20.6,3.83,336,2.55
2025.269.06:17:00/wx/0.70,556.1,20.7,4.06,336,2.56
2025.269.06:18:00/wx/0.70,556.1,20.8,3.93,334,2.56
2025.269.06:19:00/wx/0.38,556.1,21.7,3.57,331,2.55
2025.269.06:20:00/wx/0.40,556.1,21.8,3.90,338,2.53
2025.269.06:21:00/wx/0.34,556.0,21.8,4.07,339,2.51
2025.269.06:22:00/wx/0.60,556.0,21.2,4.22,337,2.52
2025.269.06:23:00/wx/0.50,556.0,21.8,4.04,337,2.53
2025.269.06:24:00/wx/0.18,556.0,22.8,3.84,344,2.49
2025.269.06:25:00/wx/0.31,556.0,22.4,3.82,343,2.46
2025.269.06:26:00/wx/0.30,556.0,22.5,4.13,342,2.45
2025.269.06:27:00/wx/0.30,556.0,22.7,4.24,337,2.43
2025.269.06:28:00/wx/0.40,556.0,22.4,4.52,344,2.39
2025.269.06:29:00/wx/0.62,556.0,21.5,4.46,343,2.37
2025.269.06:30:00/wx/0.66,556.0,21.6,4.09,341,2.38
2025.269.06:31:00/wx/0.82,555.9,21.2,3.89,340,2.34
2025.269.06:32:00/wx/0.60,555.9,21.8,3.84,344,2.31
2025.269.06:33:00/wx/0.50,555.9,22.3,3.76,336,2.31
2025.269.06:34:00/wx/0.40,555.9,22.4,3.87,342,2.29
2025.269.06:35:00/wx/0.30,555.9,22.4,3.95,337,2.29
2025.269.06:36:00/wx/0.59,555.9,21.5,3.93,337,2.30
2025.269.06:37:00/wx/0.60,555.9,21.4,4.33,342,2.44
2025.269.06:38:00/wx/0.47,555.9,21.9,3.83,336,2.43
2025.269.06:39:00/wx/0.30,555.9,22.6,4.29,338,2.42
2025.269.06:40:00/wx/0.50,555.8,21.9,4.03,340,2.44
2025.269.06:41:00/wx/0.70,555.8,21.2,4.23,336,2.41
2025.269.06:42:00/wx/0.37,555.8,21.8,3.80,338,2.42
2025.269.06:43:00/wx/-0.12,555.8,23.1,4.15,337,2.41
2025.269.06:44:00/wx/0.15,555.8,22.5,4.39,338,2.39
2025.269.06:45:00/wx/0.52,555.8,21.2,4.14,331,2.35
2025.269.06:46:00/wx/0.39,555.8,21.4,4.25,337,2.32
2025.269.06:47:00/wx/0.50,555.8,21.1,4.40,336,2.35
2025.269.06:48:00/wx/0.56,555.8,20.8,4.18,336,2.35
2025.269.06:49:00/wx/0.40,555.8,21.2,4.44,339,2.33
2025.269.06:50:00/wx/0.49,555.8,21.0,4.52,340,2.33
2025.269.06:51:00/wx/0.50,555.8,21.0,4.73,338,2.32
2025.269.06:52:00/wx/0.69,555.8,20.6,4.53,341,2.30
2025.269.06:53:00/wx/0.45,555.8,21.5,4.41,343,2.30
2025.269.06:54:00/wx/0.30,555.8,22.0,4.31,340,2.34
2025.269.06:55:00/wx/0.40,555.8,21.6,4.64,342,2.34
2025.269.06:56:00/wx/0.20,555.8,21.9,4.63,338,2.38
2025.269.06:57:00/wx/0.20,555.8,22.1,5.06,342,2.34
2025.269.06:58:00/wx/-0.22,555.8,22.5,4.95,343,2.37
2025.269.06:59:00/wx/-0.22,555.7,23.4,4.81,343,2.39
2025.269.07:00:00/wx/-0.11,555.7,23.1,5.03,340,2.39
2025.269.07:01:00/wx/0.00,555.8,22.6,4.91,347,2.48
2025.269.07:02:00/wx/0.03,555.7,22.7,4.60,343,2.49
2025.269.07:03:00/wx/-0.28,555.7,23.3,4.57,340,2.44
2025.269.07:04:00/wx/-0.12,555.8,22.9,5.05,344,2.40
2025.269.07:05:00/wx/0.10,555.7,22.3,4.83,343,2.38
2025.269.07:06:00/wx/0.19,555.7,22.1,4.69,341,2.48
2025.269.07:07:00/wx/-0.00,555.7,22.8,4.69,340,2.41
2025.269.07:08:00/wx/-0.33,555.7,23.4,4.31,339,2.44
2025.269.07:09:00/wx/0.08,555.7,22.4,4.72,338,2.47
2025.269.07:10:00/wx/0.20,555.7,22.0,4.23,340,2.42
2025.269.07:11:00/wx/0.03,555.7,22.5,4.75,339,2.49
2025.269.07:12:00/wx/0.30,555.7,21.5,4.63,337,2.51
2025.269.07:13:00/wx/0.28,555.7,21.6,4.43,339,2.53
2025.269.07:14:00/wx/0.10,555.7,22.2,4.33,336,2.55
2025.269.07:15:00/wx/-0.02,555.6,22.5,4.35,341,2.53
2025.269.07:16:00/wx/0.05,555.7,22.4,4.32,339,2.49
2025.269.07:17:00/wx/0.30,555.6,21.8,4.46,346,2.53
2025.269.07:18:00/wx/0.20,555.6,22.1,4.27,347,2.54
2025.269.07:19:00/wx/0.40,555.6,21.8,4.33,343,2.56
2025.269.07:20:00/wx/0.39,555.6,21.5,4.62,342,2.57
2025.269.07:21:00/wx/0.47,555.6,21.3,4.24,345,2.63
2025.269.07:22:00/wx/0.18,555.6,21.9,4.20,343,2.58
2025.269.07:23:00/wx/0.30,555.6,22.0,4.51,345,2.60
2025.269.07:24:00/wx/0.09,555.6,22.3,4.33,336,2.61
2025.269.07:25:00/wx/-0.18,555.7,23.0,4.38,339,2.47
2025.269.07:26:00/wx/-0.05,555.6,22.9,4.48,339,2.50
2025.269.07:27:00/wx/0.00,555.6,22.9,4.29,341,2.51
2025.269.07:28:00/wx/0.09,555.6,22.6,4.32,338,2.47
2025.269.07:29:00/wx/0.41,555.6,21.8,4.34,340,2.47
2025.269.07:30:00/wx/0.13,555.6,22.0,3.89,336,2.51
2025.269.07:31:00/wx/-0.36,555.6,23.4,4.22,342,2.50
2025.269.07:32:00/wx/-0.20,555.6,23.3,3.98,345,2.46
2025.269.07:33:00/wx/0.00,555.6,22.9,4.13,341,2.44
2025.269.07:34:00/wx/-0.01,555.5,23.1,4.10,345,2.49
2025.269.07:35:00/wx/0.14,555.5,22.8,4.35,343,2.49
2025.269.07:36:00/wx/0.13,555.5,22.6,4.40,343,2.49
2025.269.07:37:00/wx/0.00,555.6,22.8,4.76,340,2.56
2025.269.07:38:00/wx/0.40,555.5,22.2,4.63,350,2.62
2025.269.07:39:00/wx/0.18,555.5,23.0,4.91,346,2.59
2025.269.07:40:00/wx/0.18,555.6,22.8,4.79,342,2.67
2025.269.07:41:00/wx/0.06,555.6,23.0,4.30,341,2.67
2025.269.07:42:00/wx/0.19,555.6,22.4,4.15,340,2.70
2025.269.07:43:00/wx/0.51,555.5,21.6,4.24,342,2.76
2025.269.07:44:00/wx/0.50,555.5,22.0,4.32,338,2.80
2025.269.07:45:00/wx/0.24,555.5,22.6,4.18,340,3.95
2025.269.07:46:00/wx/0.10,555.5,22.8,4.61,332,2.82
2025.269.07:47:00/wx/0.20,555.5,22.3,4.73,338,2.84
2025.269.07:48:00/wx/0.19,555.5,22.5,4.63,335,2.87
2025.269.07:49:00/wx/0.20,555.5,22.6,4.49,339,2.83
2025.269.07:50:00/wx/0.46,555.5,22.0,4.42,338,2.93
2025.269.07:51:00/wx/0.50,555.5,22.1,4.16,340,2.95
2025.269.07:52:00/wx/0.30,555.5,22.8,4.63,336,2.90
2025.269.07:53:00/wx/0.18,555.5,23.1,4.68,338,2.99
2025.269.07:54:00/wx/0.32,555.5,22.5,4.58,338,3.04
2025.269.07:55:00/wx/0.02,555.5,23.3,4.53,339,2.98
2025.269.07:56:00/wx/0.10,555.5,23.1,4.74,340,2.93
2025.269.07:57:00/wx/0.20,555.5,22.8,4.73,341,3.03
2025.269.07:58:00/wx/0.33,555.5,22.4,4.30,343,3.05
2025.269.07:59:00/wx/0.24,555.4,22.7,4.29,340,3.06
2025.269.08:00:00/wx/0.29,555.5,22.4,4.32,339,3.05
2025.269.08:01:00/wx/0.20,555.5,22.8,4.13,337,3.11
2025.269.08:02:00/wx/0.19,555.4,22.8,4.05,333,3.02
2025.269.08:03:00/wx/0.07,555.5,23.0,4.02,333,3.06
2025.269.08:04:00/wx/0.10,555.4,22.6,4.07,332,3.05
2025.269.08:05:00/wx/0.10,555.4,22.6,4.23,334,3.06
2025.269.08:06:00/wx/0.30,555.5,22.0,4.33,327,3.03
2025.269.08:07:00/wx/0.37,555.4,21.9,3.97,328,3.01
2025.269.08:08:00/wx/0.20,555.4,22.3,4.38,332,3.02
2025.269.08:09:00/wx/0.31,555.4,22.2,4.20,338,3.11
2025.269.08:10:00/wx/0.30,555.4,22.3,4.32,335,3.22
2025.269.08:11:00/wx/0.08,555.4,22.9,4.37,337,3.18
2025.269.08:12:00/wx/0.00,555.4,22.7,4.67,335,3.21
2025.269.08:13:00/wx/0.10,555.4,22.4,4.45,334,3.21
2025.269.08:14:00/wx/0.00,555.4,22.8,4.63,335,3.22
2025.269.08:15:00/wx/-0.10,555.4,23.0,4.63,333,3.34
2025.269.08:16:00/wx/-0.11,555.4,23.0,5.17,334,3.37
2025.269.08:17:00/wx/-0.24,555.4,23.1,4.76,334,3.35
2025.269.08:18:00/wx/-0.30,555.4,23.3,4.32,329,3.25
2025.269.08:19:00/wx/-0.39,555.4,23.5,4.22,333,3.25
2025.269.08:20:00/wx/-0.50,555.4,24.0,4.23,329,3.19
2025.269.08:21:00/wx/-0.50,555.4,23.5,4.37,322,3.15
2025.269.08:22:00/wx/-0.65,555.4,23.7,4.37,335,3.13
2025.269.08:23:00/wx/-0.90,555.4,24.9,4.33,332,3.21
2025.269.08:24:00/wx/-0.90,555.4,25.0,4.14,331,3.25
2025.269.08:25:00/wx/-0.80,555.4,24.4,4.04,321,3.17
2025.269.08:26:00/wx/-0.96,555.4,24.5,4.05,327,3.28
2025.269.08:27:00/wx/-1.50,555.4,26.9,3.85,330,3.27
2025.269.08:28:00/wx/-1.60,555.4,27.1,3.64,329,3.35
2025.269.08:29:00/wx/-1.60,555.4,26.9,3.63,321,3.32
2025.269.08:30:00/wx/-1.50,555.4,26.5,3.79,314,3.33
2025.269.08:31:00/wx/-1.64,555.4,26.8,3.55,320,3.36
2025.269.08:32:00/wx/-1.90,555.4,27.9,3.10,322,3.30
2025.269.08:33:00/wx/-1.90,555.4,27.7,3.05,323,3.24
2025.269.08:34:00/wx/-2.00,555.4,27.7,3.40,332,3.33
2025.269.08:35:00/wx/-2.00,555.4,27.6,3.14,330,3.41
2025.269.08:36:00/wx/-1.90,555.4,27.2,3.11,334,3.39
2025.269.08:37:00/wx/-1.80,555.4,26.4,3.23,327,3.33
2025.269.08:38:00/wx/-1.58,555.4,25.6,2.89,330,3.34
2025.269.08:39:00/wx/-1.40,555.4,25.1,3.43,335,3.38
2025.269.08:40:00/wx/-1.30,555.4,24.4,3.14,335,3.35
2025.269.08:41:00/wx/-1.01,555.4,23.7,3.45,337,3.31
2025.269.08:42:00/wx/-0.70,555.4,23.5,3.04,335,3.44
2025.269.08:43:00/wx/-0.70,555.4,23.7,3.65,337,3.31
2025.269.08:44:00/wx/-0.70,555.4,23.9,3.54,338,3.30
2025.269.08:45:00/wx/-0.70,555.4,24.5,3.73,335,3.32
2025.269.08:46:00/wx/-0.70,555.4,24.6,4.03,340,3.31
2025.269.08:47:00/wx/-0.50,555.4,24.1,3.83,337,3.43
2025.269.08:48:00/wx/-0.50,555.4,24.4,4.37,339,3.45
2025.269.08:49:00/wx/-0.50,555.4,24.2,4.22,339,3.44
2025.269.08:50:00/wx/-0.60,555.4,24.4,4.25,338,3.38
2025.269.08:51:00/wx/-0.40,555.4,23.8,4.03,334,3.40
2025.269.08:52:00/wx/-0.29,555.4,22.9,4.15,334,3.43
2025.269.08:53:00/wx/-0.20,555.4,22.7,4.19,338,3.43
2025.269.08:54:00/wx/-0.26,555.4,22.9,4.32,333,3.42
2025.269.08:55:00/wx/-0.41,555.5,23.6,4.63,328,3.40
2025.269.08:56:00/wx/-0.40,555.5,23.1,4.13,328,3.53
2025.269.08:57:00/wx/-0.40,555.5,22.9,4.41,327,3.50
2025.269.08:58:00/wx/-0.55,555.5,23.6,4.23,332,3.88
2025.269.08:59:00/wx/-0.60,555.5,23.9,4.71,337,3.89
2025.269.09:00:00/wx/-0.70,555.6,24.1,5.13,332,3.52
2025.269.09:01:00/wx/-0.90,555.6,24.7,5.24,336,3.42
2025.269.09:02:00/wx/-0.90,555.6,24.4,5.13,330,3.49
2025.269.09:03:00/wx/-0.90,555.6,24.4,4.84,333,3.58
2025.269.09:04:00/wx/-1.30,555.5,25.4,4.35,338,3.44
2025.269.09:05:00/wx/-1.30,555.5,25.2,4.23,334,3.27
2025.269.09:06:00/wx/-1.30,555.5,25.2,4.03,332,3.44
2025.269.09:07:00/wx/-1.50,555.4,25.6,4.06,343,3.53
2025.269.09:08:00/wx/-1.60,555.4,25.5,4.20,339,3.48
2025.269.09:09:00/wx/-1.50,555.4,25.2,3.73,341,3.44
2025.269.09:10:00/wx/-1.60,555.4,25.2,3.94,342,3.44
2025.269.09:11:00/wx/-1.70,555.4,25.0,4.21,345,3.48
2025.269.09:12:00/wx/-1.70,555.4,25.0,4.11,341,3.46
2025.269.09:13:00/wx/-1.78,555.5,25.3,4.66,340,3.47
2025.269.09:14:00/wx/-1.80,555.5,24.5,4.63,334,3.63
2025.269.09:15:00/wx/-1.90,555.5,24.2,4.42,332,3.56
2025.269.09:16:00/wx/-2.00,555.5,24.0,4.17,327,3.52
2025.269.09:17:00/wx/-2.00,555.5,23.3,4.04,324,3.49
2025.269.09:18:00/wx/-2.00,555.5,23.1,3.65,325,3.57
2025.269.09:19:00/wx/-2.00,555.5,23.0,3.33,326,3.53
2025.269.09:20:00/wx/-1.89,555.5,22.7,3.23,320,3.59
2025.269.09:21:00/wx/-1.90,555.5,22.6,3.19,317,3.50
2025.269.09:22:00/wx/-1.83,555.5,22.4,3.20,324,3.58
2025.269.09:23:00/wx/-1.70,555.5,21.9,3.32,328,3.63
2025.269.09:24:00/wx/-1.60,555.5,21.6,3.13,320,3.65
2025.269.09:25:00/wx/-1.60,555.5,21.5,3.29,326,3.54
2025.269.09:26:00/wx/-1.45,555.5,21.4,3.48,332,3.56
2025.269.09:27:00/wx/-1.40,555.5,21.4,3.72,330,3.58
2025.269.09:28:00/wx/-1.20,555.5,21.5,3.84,336,3.53
2025.269.09:29:00/wx/-0.98,555.5,21.8,4.72,334,3.56
2025.269.09:30:00/wx/-1.00,555.5,21.7,4.19,331,3.62
2025.269.09:31:00/wx/-1.20,555.5,22.2,4.20,334,3.63
2025.269.09:32:00/wx/-1.28,555.5,22.9,3.87,330,3.70
2025.269.09:33:00/wx/-1.50,555.5,23.4,4.13,333,3.73
2025.269.09:34:00/wx/-1.50,555.5,24.0,4.15,336,3.76
2025.269.09:35:00/wx/-1.50,555.5,24.3,4.26,333,3.77
2025.269.09:36:00/wx/-1.67,555.6,25.1,4.03,333,3.79
2025.269.09:37:00/wx/-1.79,555.5,25.8,4.23,334,3.76
2025.269.09:38:00/wx/-1.90,555.6,26.2,4.03,328,3.73
2025.269.09:39:00/wx/-1.88,555.6,25.8,3.91,323,3.73
2025.269.09:40:00/wx/-1.80,555.5,25.2,3.88,318,3.74
2025.269.09:41:00/wx/-1.80,555.6,25.0,3.78,316,3.74
2025.269.09:42:00/wx/-2.00,555.6,25.8,3.74,314,3.75
2025.269.09:43:00/wx/-2.30,555.6,26.7,4.03,314,3.77
2025.269.09:44:00/wx/-2.06,555.6,25.4,4.03,314,3.73
2025.269.09:45:00/wx/-1.83,555.6,24.1,4.13,314,3.80
2025.269.09:46:00/wx/-1.80,555.6,23.6,4.14,315,3.82
2025.269.09:47:00/wx/-1.80,555.6,23.5,4.23,316,3.74
2025.269.09:48:00/wx/-1.91,555.6,23.9,4.15,318,3.74
2025.269.09:49:00/wx/-2.00,555.6,23.9,4.44,319,3.79
2025.269.09:50:00/wx/-1.93,555.6,23.4,4.53,318,3.79
2025.269.09:51:00/wx/-1.80,555.6,22.5,4.45,320,3.82
2025.269.09:52:00/wx/-2.01,555.6,23.3,4.03,319,3.80
2025.269.09:53:00/wx/-2.10,555.6,23.5,3.92,319,3.80
2025.269.09:54:00/wx/-2.15,555.6,23.7,3.88,324,3.74
2025.269.09:55:00/wx/-2.37,555.6,24.5,3.53,325,3.75
2025.269.09:56:00/wx/-2.60,555.6,25.4,3.63,324,3.79
2025.269.09:57:00/wx/-2.59,555.6,25.0,3.63,324,3.81
2025.269.09:58:00/wx/-2.60,555.6,25.1,3.42,329,3.79
2025.269.09:59:00/wx/-2.70,555.6,26.2,3.53,329,3.67
2025.269.10:00:00/wx/-2.70,555.7,25.9,3.70,330,3.76
2025.269.10:01:00/wx/-2.50,555.7,25.2,3.83,333,3.69
2025.269.10:02:00/wx/-2.40,555.7,24.7,3.83,335,3.76
2025.269.10:03:00/wx/-2.20,555.6,24.2,3.57,329,3.74
2025.269.10:04:00/wx/-2.13,555.7,23.8,3.47,330,3.76
2025.269.10:05:00/wx/-2.10,555.7,24.3,3.24,330,3.75
2025.269.10:06:00/wx/-2.10,555.7,24.1,3.44,323,3.82
2025.269.10:07:00/wx/-2.10,555.7,24.1,3.33,328,3.80
2025.269.10:08:00/wx/-2.20,555.7,25.0,3.48,334,3.83
2025.269.10:09:00/wx/-2.20,555.7,25.3,3.29,325,3.88
2025.269.10:10:00/wx/-2.10,555.7,25.0,3.14,322,3.87
2025.269.10:11:00/wx/-2.42,555.7,26.4,3.23,328,3.78
2025.269.10:12:00/wx/-2.40,555.7,26.2,3.20,317,3.82
2025.269.10:13:00/wx/-2.40,555.7,25.7,3.13,313,3.67
2025.269.10:14:00/wx/-2.40,555.7,25.9,3.13,311,3.65
2025.269.10:15:00/wx/-2.50,555.7,26.2,3.23,308,3.67
2025.269.10:16:00/wx/-2.51,555.7,26.3,3.33,308,3.68
2025.269.10:17:00/wx/-2.63,555.7,26.4,2.80,317,3.76
2025.269.10:18:00/wx/-3.00,555.7,27.8,2.97,319,3.92
2025.269.10:19:00/wx/-3.00,555.7,27.8,2.65,314,3.75
2025.269.10:20:00/wx/-3.00,555.7,27.8,2.74,308,3.76
2025.269.10:21:00/wx/-2.88,555.7,26.9,3.06,314,3.72
2025.269.10:22:00/wx/-2.80,555.8,26.7,3.39,318,3.79
2025.269.10:23:00/wx/-2.70,555.8,26.3,3.65,315,3.77
2025.269.10:24:00/wx/-2.60,555.8,26.1,3.63,309,3.74
2025.269.10:25:00/wx/-2.70,555.9,26.2,3.94,308,3.68
2025.269.10:26:00/wx/-2.80,555.9,26.4,3.67,307,3.68
2025.269.10:27:00/wx/-2.97,555.9,26.7,3.88,305,3.66
2025.269.10:28:00/wx/-3.10,555.9,26.9,4.08,300,3.71
2025.269.10:29:00/wx/-3.00,556.0,26.6,4.83,299,3.75
2025.269.10:30:00/wx/-2.79,556.0,26.1,5.03,297,3.79
2025.269.10:31:00/wx/-3.74,556.1,28.5,4.29,286,3.86
2025.269.10:32:00/wx/-3.90,556.1,28.9,4.43,287,3.67
2025.269.10:33:00/wx/-3.61,556.1,27.9,4.54,290,4.48
2025.269.10:34:00/wx/-3.91,556.1,28.6,3.53,292,3.81
2025.269.10:35:00/wx/-4.21,556.1,29.7,3.58,295,3.76
2025.269.10:36:00/wx/-4.10,556.1,29.4,3.23,300,3.91
2025.269.10:37:00/wx/-4.47,556.1,30.6,2.92,309,3.90
2025.269.10:38:00/wx/-4.89,556.1,31.4,3.43,315,3.96
2025.269.10:39:00/wx/-5.20,556.1,32.5,3.95,323,4.09
2025.269.10:40:00/wx/-4.80,556.1,32.9,4.34,329,4.11
2025.269.10:41:00/wx/-4.86,556.1,34.0,4.46,332,4.02
2025.269.10:42:00/wx/-5.01,556.1,35.3,4.43,333,3.79
2025.269.10:43:00/wx/-4.60,556.1,32.9,4.53,324,3.47
2025.269.10:44:00/wx/-4.29,556.1,30.6,4.42,323,3.46
2025.269.10:45:00/wx/-4.20,556.1,30.0,3.95,324,3.56
2025.269.10:46:00/wx/-4.20,556.1,30.4,4.17,329,3.51
2025.269.10:47:00/wx/-4.01,556.1,28.8,4.22,336,3.75
2025.269.10:48:00/wx/-4.20,556.0,31.1,4.12,341,3.53
2025.269.10:49:00/wx/-4.11,556.1,31.9,4.45,340,3.64
2025.269.10:50:00/wx/-4.30,556.1,32.8,4.53,336,3.62
2025.269.10:51:00/wx/-4.18,556.1,31.0,4.63,333,3.74
2025.269.10:52:00/wx/-3.91,556.1,29.1,4.84,336,3.71
2025.269.10:53:00/wx/-3.50,556.1,27.3,4.84,337,3.65
2025.269.10:54:00/wx/-3.60,556.1,27.5,5.02,339,3.73
2025.269.10:55:00/wx/-3.65,556.1,27.3,5.01,335,3.67
2025.269.10:56:00/wx/-3.32,556.1,26.3,5.03,335,3.67
2025.269.10:57:00/wx/-3.00,556.1,24.8,4.53,332,3.61
2025.269.10:58:00/wx/-3.21,556.2,25.8,4.95,341,3.57
2025.269.10:59:00/wx/-2.84,556.2,25.6,5.11,342,3.67
2025.269.11:00:00/wx/-2.70,556.2,24.9,5.05,336,3.65
2025.269.11:01:00/wx/-2.72,556.1,25.2,4.98,336,3.63
2025.269.11:02:00/wx/-2.39,556.2,24.6,5.24,338,3.54
2025.269.11:03:00/wx/-2.50,556.2,25.4,5.62,333,3.47
2025.269.11:04:00/wx/-2.50,556.2,25.5,5.03,338,3.44
2025.269.11:05:00/wx/-2.50,556.2,25.8,4.94,338,3.41
2025.269.11:06:00/wx/-2.70,556.2,27.0,4.95,346,3.41
2025.269.11:07:00/wx/-2.70,556.2,27.7,4.89,336,3.38
2025.269.11:08:00/wx/-2.90,556.2,29.0,5.05,331,3.41
2025.269.11:09:00/wx/-2.80,556.2,28.9,4.85,324,3.43
2025.269.11:10:00/wx/-2.80,556.1,28.9,4.80,326,3.56
2025.269.11:11:00/wx/-3.09,556.1,29.1,3.93,332,3.71
2025.269.11:12:00/wx/-3.40,556.1,31.1,4.63,339,3.81
2025.269.11:13:00/wx/-3.30,556.1,32.3,4.25,335,3.88
2025.269.11:14:00/wx/-3.14,556.2,32.5,4.70,332,3.89
2025.269.11:15:00/wx/-2.90,556.2,31.3,5.36,323,3.83
2025.269.11:16:00/wx/-2.60,556.2,29.7,4.83,323,3.85
2025.269.11:17:00/wx/-2.82,556.3,30.3,3.71,312,3.77
2025.269.11:18:00/wx/-3.00,556.3,31.0,5.26,308,3.90
2025.269.11:19:00/wx/-3.00,556.3,31.1,4.82,312,3.94
2025.269.11:20:00/wx/-2.81,556.3,29.7,5.60,308,4.00
2025.269.11:21:00/wx/-2.59,556.3,28.4,5.13,316,4.13
2025.269.11:22:00/wx/-2.30,556.2,27.2,5.77,314,4.10
2025.269.11:23:00/wx/-2.30,556.2,27.0,4.89,316,4.09
2025.269.11:24:00/wx/-2.40,556.2,27.6,5.00,317,4.06
2025.269.11:25:00/wx/-2.40,556.2,27.3,4.92,317,4.11
2025.269.11:26:00/wx/-2.30,556.2,27.4,4.84,318,4.13
2025.269.11:27:00/wx/-2.30,556.2,27.8,4.51,316,4.13
2025.269.11:28:00/wx/-2.30,556.2,27.9,4.57,324,4.22
2025.269.11:29:00/wx/-2.20,556.2,28.7,3.56,320,4.07
2025.269.11:30:00/wx/-2.10,556.2,29.6,3.93,327,4.08
2025.269.11:31:00/wx/-1.88,556.2,29.9,5.19,344,4.07
2025.269.11:32:00/wx/-1.60,556.2,30.2,5.46,336,4.07
2025.269.11:33:00/wx/-1.60,556.2,31.8,4.05,328,4.05
2025.269.11:34:00/wx/-1.40,556.2,31.9,4.26,334,4.09
2025.269.11:35:00/wx/-1.30,556.3,31.8,5.61,336,4.11
2025.269.11:36:00/wx/-1.30,556.3,32.1,4.40,325,4.15
2025.269.11:37:00/wx/-1.26,556.3,33.1,5.37,319,4.14
2025.269.11:38:00/wx/-0.93,556.3,32.0,4.83,316,4.15
2025.269.11:39:00/wx/-0.70,556.3,31.1,6.77,306,4.13
2025.269.11:40:00/wx/-0.81,556.4,28.7,6.40,282,4.10
2025.269.11:41:00/wx/-1.14,556.4,27.2,5.15,278,4.12
2025.269.11:42:00/wx/-1.20,556.4,27.0,4.99,287,4.07
2025.269.11:43:00/wx/-1.38,556.4,25.7,5.89,284,4.06
2025.269.11:44:00/wx/-1.50,556.4,26.5,5.63,280,4.05
2025.269.11:45:00/wx/-1.40,556.4,26.4,5.65,288,4.02
2025.269.11:46:00/wx/-1.30,556.4,25.5,4.78,276,3.99
2025.269.11:47:00/wx/-1.40,556.4,24.3,5.56,285,3.99
2025.269.11:48:00/wx/-1.39,556.4,23.7,6.52,286,4.00
2025.269.11:49:00/wx/-1.70,556.5,22.9,6.72,284,4.00
2025.269.11:50:00/wx/-1.78,556.5,23.7,6.67,283,4.03
2025.269.11:51:00/wx/-1.93,556.5,24.4,6.10,276,4.06
2025.269.11:52:00/wx/-2.77,556.6,27.6,6.04,270,3.95
2025.269.11:53:00/wx/-3.09,556.6,30.4,5.39,256,3.91
2025.269.11:54:00/wx/-3.41,556.6,31.8,7.02,247,3.94
2025.269.11:55:00/wx/-3.57,556.6,32.8,5.95,250,3.75
2025.269.11:56:00/wx/-3.50,556.6,32.9,4.56,264,3.76
2025.269.11:57:00/wx/-3.50,556.6,30.7,3.55,257,3.75
2025.269.11:58:00/wx/-3.60,556.7,31.4,4.53,264,3.78
2025.269.11:59:00/wx/-3.59,556.7,34.5,3.59,272,3.82
2025.269.12:00:00/wx/-3.60,556.7,31.8,3.72,273,3.84
2025.269.12:01:00/wx/-3.30,556.7,33.6,3.83,275,3.98
2025.269.12:02:00/wx/-3.29,556.7,32.3,3.85,285,4.01
2025.269.12:03:00/wx/-3.50,556.7,31.5,4.53,282,4.23
2025.269.12:04:00/wx/-3.50,556.7,31.6,3.72,285,4.18
2025.269.12:05:00/wx/-3.40,556.7,31.1,3.53,302,4.00
2025.269.12:06:00/wx/-3.30,556.8,30.5,3.23,291,3.90
2025.269.12:07:00/wx/-3.20,556.7,29.7,2.73,298,4.07
2025.269.12:08:00/wx/-3.20,556.8,28.9,3.28,288,3.89
2025.269.12:09:00/wx/-3.40,556.8,30.7,4.16,292,3.83
2025.269.12:10:00/wx/-3.40,556.8,33.2,3.33,288,3.80
2025.269.12:11:00/wx/-3.59,556.8,31.9,3.27,303,3.78
2025.269.12:12:00/wx/-3.50,556.8,31.1,4.23,299,3.81
2025.269.12:13:00/wx/-3.50,556.8,30.7,2.90,280,3.82
2025.269.12:14:00/wx/-3.50,556.8,31.2,3.93,289,3.80
2025.269.12:15:00/wx/-3.30,556.9,31.9,4.12,292,3.80
2025.269.12:16:00/wx/-3.21,556.9,30.9,3.47,284,3.76
2025.269.12:17:00/wx/-3.00,556.9,29.8,4.23,294,3.80
2025.269.12:18:00/wx/-2.86,556.8,28.5,4.00,302,4.00
2025.269.12:19:00/wx/-2.45,556.8,26.5,3.72,311,4.24
2025.269.12:20:00/wx/-2.01,556.8,26.3,4.57,305,4.25
2025.269.12:21:00/wx/-1.41,556.8,25.5,5.45,310,4.34
2025.269.12:22:00/wx/-1.31,556.8,24.7,5.63,300,4.63
2025.269.12:23:00/wx/-1.09,556.8,24.9,5.07,320,4.56
2025.269.12:24:00/wx/-0.84,556.8,24.4,4.49,318,4.52
2025.269.12:25:00/wx/-1.00,556.8,24.1,4.26,311,4.66
2025.269.12:26:00/wx/-1.10,556.8,24.1,5.53,319,4.39
2025.269.12:27:00/wx/-0.78,556.8,24.4,4.92,323,4.36
2025.269.12:28:00/wx/-0.49,556.8,24.1,5.87,304,4.28
2025.269.12:29:00/wx/-0.73,556.8,24.1,4.79,310,4.31
2025.269.12:30:00/wx/-0.49,556.7,24.3,6.35,326,4.16
2025.269.12:31:00/wx/-0.40,556.8,24.4,5.87,321,4.19
2025.269.12:32:00/wx/-0.37,556.8,25.3,5.80,307,4.16
2025.269.12:33:00/wx/-0.11,556.7,25.4,6.56,318,4.10
2025.269.12:34:00/wx/0.00,556.7,26.5,8.43,303,4.09
2025.269.12:35:00/wx/0.40,556.7,27.1,6.43,297,4.09
2025.269.12:36:00/wx/0.40,556.7,27.5,7.50,298,4.14
2025.269.12:37:00/wx/0.43,556.7,28.2,6.59,302,4.08
2025.269.12:38:00/wx/0.49,556.7,28.4,7.25,308,4.08
2025.269.12:39:00/wx/0.81,556.6,28.3,8.57,307,4.17
2025.269.12:40:00/wx/0.69,556.6,28.1,7.27,291,4.14
2025.269.12:41:00/wx/0.42,556.6,27.6,8.08,298,4.18
2025.269.12:42:00/wx/0.49,556.6,27.0,7.46,308,4.14
2025.269.12:43:00/wx/0.41,556.6,25.6,9.99,291,4.09
2025.269.12:44:00/wx/0.80,556.7,25.4,7.86,298,4.11
2025.269.12:45:00/wx/0.83,556.6,24.2,8.18,310,4.13
2025.269.12:46:00/wx/0.86,556.7,23.6,9.62,310,4.18
2025.269.12:47:00/wx/0.71,556.6,23.2,8.98,306,4.22
2025.269.12:48:00/wx/0.70,556.7,23.0,9.63,295,4.25
2025.269.12:49:00/wx/0.60,556.7,22.7,9.91,297,4.21
2025.269.12:50:00/wx/0.77,556.7,22.8,9.30,298,4.26
2025.269.12:51:00/wx/0.86,556.7,22.2,9.93,290,4.29
2025.269.12:52:00/wx/0.61,556.7,21.3,6.93,294,4.31
2025.269.12:53:00/wx/1.29,556.7,22.5,9.73,290,4.25
2025.269.12:54:00/wx/1.24,556.7,22.5,6.73,293,4.32
2025.269.12:55:00/wx/1.19,556.7,23.3,9.12,288,4.37
2025.269.12:56:00/wx/0.81,556.6,22.8,8.35,285,4.33
2025.269.12:57:00/wx/0.51,556.7,23.4,6.56,272,4.38
2025.269.12:58:00/wx/0.40,556.7,26.1,8.15,297,4.41
2025.269.12:59:00/wx/0.57,556.6,24.4,8.44,297,4.42
2025.269.13:00:00/wx/0.35,556.7,23.5,8.61,306,4.39
2025.269.13:01:00/wx/0.52,556.6,23.6,10.13,300,4.41
2025.269.13:02:00/wx/0.90,556.6,23.5,7.83,312,4.38
2025.269.13:03:00/wx/0.54,556.6,23.2,8.69,297,4.29
2025.269.13:04:00/wx/1.29,556.6,23.9,7.61,302,4.26
2025.269.13:05:00/wx/1.21,556.7,23.2,8.51,309,4.29
2025.269.13:06:00/wx/1.12,556.7,24.0,9.31,293,4.37
2025.269.13:07:00/wx/0.98,556.6,24.4,7.77,302,4.44
2025.269.13:08:00/wx/1.01,556.6,25.0,7.43,304,4.37
2025.269.13:09:00/wx/0.75,556.7,26.0,9.51,305,4.25
2025.269.13:10:00/wx/0.73,556.6,26.2,8.05,301,4.23
2025.269.13:11:00/wx/1.00,556.6,24.9,8.97,320,4.17
2025.269.13:12:00/wx/0.90,556.7,24.5,8.59,304,4.21
2025.269.13:13:00/wx/1.46,556.6,25.3,8.73,295,4.28
2025.269.13:14:00/wx/1.15,556.6,23.0,10.35,300,4.23
2025.269.13:15:00/wx/1.17,556.7,22.8,10.04,303,4.32
2025.269.13:16:00/wx/0.80,556.6,20.9,9.13,306,4.29
2025.269.13:17:00/wx/0.98,556.7,21.7,10.67,297,4.34
2025.269.13:18:00/wx/1.14,556.7,22.9,10.35,286,4.43
2025.269.13:19:00/wx/0.80,556.7,22.6,9.12,308,4.55
2025.269.13:20:00/wx/1.09,556.6,22.7,11.71,315,4.55
2025.269.13:21:00/wx/0.99,556.6,22.0,10.68,293,4.61
2025.269.13:22:00/wx/0.35,556.6,23.1,10.52,301,4.63
2025.269.13:23:00/wx/0.19,556.6,24.1,8.50,312,4.55
2025.269.13:24:00/wx/0.50,556.6,24.2,9.59,296,4.59
2025.269.13:25:00/wx/0.81,556.7,23.9,10.15,296,4.59
2025.269.13:26:00/wx/0.90,556.6,24.2,9.65,312,4.71
2025.269.13:27:00/wx/1.55,556.6,24.7,10.04,314,4.78
2025.269.13:28:00/wx/1.48,556.7,26.1,9.02,306,4.76
2025.269.13:29:00/wx/1.50,556.7,25.0,8.95,291,4.82
2025.269.13:30:00/wx/1.88,556.7,25.7,8.77,302,4.81
2025.269.13:31:00/wx/1.85,556.7,26.0,8.88,298,4.75
2025.269.13:32:00/wx/2.19,556.7,26.1,9.65,288,4.82
2025.269.13:33:00/wx/1.58,556.7,26.3,8.73,298,4.83
2025.269.13:34:00/wx/0.88,556.7,26.4,7.96,314,4.71
2025.269.13:35:00/wx/1.30,556.7,26.3,9.73,297,4.71
2025.269.13:36:00/wx/1.37,556.7,23.7,10.03,306,4.68
2025.269.13:37:00/wx/1.00,556.7,23.3,11.00,288,4.64
2025.269.13:38:00/wx/1.42,556.7,22.3,10.17,293,4.59
2025.269.13:39:00/wx/1.09,556.7,21.9,11.78,290,4.74
2025.269.13:40:00/wx/1.29,556.7,22.0,9.93,300,4.50
2025.269.13:41:00/wx/1.16,556.7,21.5,10.01,301,4.61
2025.269.13:42:00/wx/1.62,556.8,22.7,10.96,296,4.62
2025.269.13:43:00/wx/1.25,556.7,23.3,10.35,302,4.72
2025.269.13:44:00/wx/1.41,556.7,23.5,11.21,299,4.35
2025.269.13:45:00/wx/1.67,556.7,24.2,10.92,301,4.29
2025.269.13:46:00/wx/0.87,556.7,25.5,11.78,312,4.35
2025.269.13:47:00/wx/1.22,556.7,25.2,10.94,306,4.24
2025.269.13:48:00/wx/0.63,556.8,26.5,12.52,302,4.27
2025.269.13:49:00/wx/1.80,556.7,25.7,8.53,297,4.09
2025.269.13:50:00/wx/1.79,556.7,24.9,10.86,304,4.18
2025.269.13:51:00/wx/1.60,556.8,26.5,11.23,283,4.26
2025.269.13:52:00/wx/1.18,556.7,27.0,11.25,299,4.26
2025.269.13:53:00/wx/0.69,556.7,27.3,11.56,304,4.31
2025.269.13:54:00/wx/1.39,556.7,28.5,13.99,310,4.57
2025.269.13:55:00/wx/0.87,556.7,28.8,10.58,288,4.55
2025.269.13:56:00/wx/0.99,556.7,28.3,10.56,293,4.53
2025.269.13:57:00/wx/1.33,556.7,28.1,10.60,299,4.56
2025.269.13:58:00/wx/1.29,556.7,27.6,10.95,288,4.57
2025.269.13:59:00/wx/1.70,556.7,27.1,11.26,295,4.51
2025.269.14:00:00/wx/1.74,556.7,27.3,11.45,294,4.58
2025.269.14:01:00/wx/1.34,556.7,26.5,13.09,293,4.54
2025.269.14:02:00/wx/1.04,556.6,27.9,12.32,282,4.71
2025.269.14:03:00/wx/1.50,556.7,28.2,15.33,297,4.89
2025.269.14:04:00/wx/1.24,556.6,28.3,11.48,289,4.99
2025.269.14:05:00/wx/1.75,556.6,27.2,11.34,301,4.88
2025.269.14:06:00/wx/2.67,556.6,27.2,11.09,287,4.91
2025.269.14:07:00/wx/2.28,556.6,27.2,13.39,290,4.95
2025.269.14:08:00/wx/2.31,556.6,29.1,10.31,308,4.96
2025.269.14:09:00/wx/2.37,556.6,28.2,13.56,292,5.02
2025.269.14:10:00/wx/2.19,556.6,29.0,13.55,291,5.06
2025.269.14:11:00/wx/1.52,556.6,31.8,12.30,312,4.95
2025.269.14:12:00/wx/1.98,556.6,32.0,10.17,301,4.90
2025.269.14:13:00/wx/2.23,556.6,29.2,13.22,301,4.67
2025.269.14:14:00/wx/1.73,556.6,29.7,12.48,292,4.97
2025.269.14:15:00/wx/1.80,556.6,30.5,13.62,299,4.97
2025.269.14:16:00/wx/2.15,556.6,30.1,11.36,287,4.87
2025.269.14:17:00/wx/2.70,556.6,29.3,12.63,289,4.92
2025.269.14:18:00/wx/1.63,556.6,29.2,13.34,307,4.92
2025.269.14:19:00/wx/1.88,556.7,32.2,13.20,306,5.02
2025.269.14:20:00/wx/1.94,556.7,34.4,14.54,298,5.06
2025.269.14:21:00/wx/1.10,556.6,33.7,11.61,296,4.92
2025.269.14:22:00/wx/1.41,556.6,28.7,11.63,292,4.93
2025.269.14:23:00/wx/2.39,556.6,31.0,9.84,292,4.88
2025.269.14:24:00/wx/1.81,556.6,30.1,11.12,280,4.96
2025.269.14:25:00/wx/1.44,556.6,29.0,13.42,290,4.95
2025.269.14:26:00/wx/1.30,556.6,31.8,13.27,276,4.96
2025.269.14:27:00/wx/1.60,556.6,30.4,12.73,284,5.08
2025.269.14:28:00/wx/1.87,556.6,30.0,9.47,278,4.99
2025.269.14:29:00/wx/1.67,556.7,30.8,13.72,283,4.68
2025.269.14:30:00/wx/0.65,556.6,31.2,9.68,288,4.72
2025.269.14:31:00/wx/2.60,556.6,29.3,11.13,281,4.58
2025.269.14:32:00/wx/2.44,556.6,28.9,12.25,285,4.63
2025.269.14:33:00/wx/1.21,556.6,30.4,12.21,298,4.61
2025.269.14:34:00/wx/1.41,556.6,31.0,12.64,284,4.64
2025.269.14:35:00/wx/0.89,556.6,30.7,12.87,291,4.72
2025.269.14:36:00/wx/1.22,556.6,30.0,8.69,284,4.76
2025.269.14:37:00/wx/1.09,556.7,31.8,13.11,299,4.76
2025.269.14:38:00/wx/0.80,556.6,32.1,12.93,298,4.66
2025.269.14:39:00/wx/0.90,556.5,31.2,8.20,324,4.67
2025.269.14:40:00/wx/1.11,556.6,28.8,8.56,296,4.76
2025.269.14:41:00/wx/0.89,556.6,29.9,9.31,293,4.75
2025.269.14:42:00/wx/1.74,556.6,29.2,10.69,307,4.70
2025.269.14:43:00/wx/1.29,556.6,27.5,11.64,298,4.65
2025.269.14:44:00/wx/1.69,556.6,30.3,12.28,309,4.64
2025.269.14:45:00/wx/1.20,556.6,30.6,13.33,290,4.36
2025.269.14:46:00/wx/1.17,556.6,30.0,11.62,293,4.45
2025.269.14:47:00/wx/1.14,556.6,29.9,11.56,300,4.45
2025.269.14:48:00/wx/0.99,556.6,30.6,8.50,299,4.42
2025.269.14:49:00/wx/1.03,556.6,30.9,9.77,281,4.45
2025.269.14:50:00/wx/1.83,556.6,30.0,8.42,283,4.41
2025.269.14:51:00/wx/1.57,556.6,29.0,11.10,279,4.63
2025.269.14:52:00/wx/1.13,556.6,30.9,10.42,295,4.71
2025.269.14:53:00/wx/2.36,556.6,29.2,12.34,283,4.54
2025.269.14:54:00/wx/1.51,556.7,32.4,11.55,297,4.81
2025.269.14:55:00/wx/1.29,556.7,35.8,11.41,305,5.01
2025.269.14:56:00/wx/1.74,556.6,33.0,10.83,284,4.88
2025.269.14:57:00/wx/1.20,556.7,30.7,10.74,291,4.75
2025.269.14:58:00/wx/1.52,556.6,32.3,9.36,295,4.63
2025.269.14:59:00/wx/1.80,556.7,29.9,11.63,282,4.58
2025.269.15:00:00/wx/1.32,556.6,32.4,12.61,308,4.56
2025.269.15:01:00/wx/1.67,556.7,31.1,9.91,289,4.64
2025.269.15:02:00/wx/1.33,556.7,30.7,10.00,292,4.64
2025.269.15:03:00/wx/1.27,556.7,30.6,12.34,301,4.66
2025.269.15:04:00/wx/0.90,556.7,29.5,10.08,282,4.60
2025.269.15:05:00/wx/1.07,556.7,29.2,14.14,286,4.53
2025.269.15:06:00/wx/0.35,556.7,29.8,11.39,287,4.51
2025.269.15:07:00/wx/0.86,556.7,30.7,8.96,286,4.66
2025.269.15:08:00/wx/1.20,556.7,30.0,8.64,281,4.54
2025.269.15:09:00/wx/1.51,556.7,29.1,9.59,286,4.65
2025.269.15:10:00/wx/0.86,556.7,29.6,10.18,282,4.76
2025.269.15:11:00/wx/0.65,556.7,29.6,9.30,284,4.71
2025.269.15:12:00/wx/0.78,556.7,31.2,11.29,281,4.74
2025.269.15:13:00/wx/0.20,556.7,31.7,10.53,291,4.79
2025.269.15:14:00/wx/0.50,556.7,30.1,9.93,279,4.71
2025.269.15:15:00/wx/0.20,556.7,29.3,10.62,280,4.64
2025.269.15:16:00/wx/0.00,556.7,30.6,8.51,291,4.62
2025.269.15:17:00/wx/0.41,556.7,29.8,5.64,271,4.53
2025.269.15:18:00/wx/0.50,556.7,29.9,10.08,298,4.60
2025.269.15:19:00/wx/0.33,556.7,29.9,7.14,274,4.54
2025.269.15:20:00/wx/0.46,556.7,29.1,8.46,282,4.49
2025.269.15:21:00/wx/0.47,556.7,28.2,6.45,277,4.44
2025.269.15:22:00/wx/-0.10,556.7,30.1,5.81,270,4.45
2025.269.15:23:00/wx/0.59,556.7,29.7,8.82,276,4.47
2025.269.15:24:00/wx/0.30,556.7,28.9,8.39,283,4.44
2025.269.15:25:00/wx/0.41,556.7,29.0,7.24,267,4.53
2025.269.15:26:00/wx/0.38,556.8,29.3,9.73,279,4.37
2025.269.15:27:00/wx/0.00,556.7,29.2,6.83,280,4.31
2025.269.15:28:00/wx/-0.08,556.7,29.3,10.24,286,4.40
2025.269.15:29:00/wx/0.44,556.7,28.8,6.31,273,4.55
2025.269.15:30:00/wx/0.14,556.7,29.7,8.84,291,4.54
2025.269.15:31:00/wx/-0.01,556.7,30.0,10.27,299,4.51
2025.269.15:32:00/wx/-0.51,556.7,28.6,9.25,299,4.39
2025.269.15:33:00/wx/0.03,556.7,30.6,8.29,276,4.38
2025.269.15:34:00/wx/0.21,556.7,29.6,6.84,279,4.38
2025.269.15:35:00/wx/0.52,556.7,29.3,8.51,281,4.48
2025.269.15:36:00/wx/0.37,556.7,30.2,7.18,294,4.37
2025.269.15:37:00/wx/0.55,556.7,28.3,8.32,269,4.41
2025.269.15:38:00/wx/0.50,556.7,28.6,10.13,281,4.44
2025.269.15:39:00/wx/-0.26,556.6,27.5,9.53,283,4.32
2025.269.15:40:00/wx/0.20,556.7,27.6,10.27,287,4.42
2025.269.15:41:00/wx/0.00,556.7,27.2,8.43,280,4.43
2025.269.15:42:00/wx/-0.50,556.7,27.8,7.24,273,4.36
2025.269.15:43:00/wx/-0.18,556.7,27.9,11.47,280,4.37
2025.269.15:44:00/wx/-0.61,556.6,26.9,6.54,277,4.25
2025.269.15:45:00/wx/-0.49,556.7,27.5,7.38,298,4.24
2025.269.15:46:00/wx/0.09,556.7,28.5,9.07,270,4.22
2025.269.15:47:00/wx/-0.61,556.7,28.2,11.09,290,4.21
