2025.269.16:00:00;APEX Database Weather Data for Timerange of c252b
2025.269.16:00:00;The format is wx/temp[C],press[mbar],humid[%],speed[m/s],direction[deg],pwv[mm]
2025.269.16:01:00/wx/0.77,556.6,28.6,8.77,279,4.29
2025.269.16:02:00/wx/0.64,556.6,27.1,11.93,287,4.25
2025.269.16:03:00/wx/0.40,556.6,27.6,9.63,299,4.34
2025.269.16:04:00/wx/0.60,556.6,27.4,7.96,273,4.31
2025.269.16:05:00/wx/0.30,556.6,27.2,9.06,285,4.31
2025.269.16:06:00/wx/0.61,556.6,26.0,11.66,280,4.31
2025.269.16:07:00/wx/0.59,556.6,27.3,12.44,280,4.27
2025.269.16:08:00/wx/0.10,556.6,26.8,11.81,278,4.26
2025.269.16:09:00/wx/-0.35,556.6,26.9,11.09,295,4.29
2025.269.16:10:00/wx/0.77,556.6,27.8,11.80,287,4.25
2025.269.16:11:00/wx/-0.12,556.6,27.0,10.37,287,4.21
2025.269.16:12:00/wx/0.38,556.6,27.3,9.80,290,4.25
2025.269.16:13:00/wx/-0.47,556.6,27.1,8.53,281,4.20
2025.269.16:14:00/wx/-0.23,556.5,28.9,8.86,287,4.08
2025.269.16:15:00/wx/0.58,556.6,28.9,9.79,279,4.06
2025.269.16:16:00/wx/-0.29,556.6,28.2,10.12,290,4.07
2025.269.16:17:00/wx/0.70,556.5,28.0,7.63,292,4.07
2025.269.16:18:00/wx/1.19,556.6,27.1,11.61,284,4.08
2025.269.16:19:00/wx/0.46,556.6,26.7,8.95,276,4.11
2025.269.16:20:00/wx/0.23,556.5,28.4,10.60,278,4.16
2025.269.16:21:00/wx/0.43,556.6,27.9,8.50,289,4.21
2025.269.16:22:00/wx/-0.41,556.5,27.4,8.66,304,4.17
2025.269.16:23:00/wx/0.07,556.6,27.8,9.02,311,4.17
2025.269.16:24:00/wx/-0.26,556.6,27.6,8.70,276,4.19
2025.269.16:25:00/wx/-0.17,556.6,29.4,8.84,277,4.19
2025.269.16:26:00/wx/-0.60,556.6,29.4,7.14,275,4.10
2025.269.16:27:00/wx/-0.50,556.5,29.5,5.86,257,4.17
2025.269.16:28:00/wx/0.05,556.5,29.4,10.01,288,4.19
2025.269.16:29:00/wx/1.12,556.5,29.3,6.60,263,4.23
2025.269.16:30:00/wx/0.33,556.5,28.7,12.38,285,4.17
2025.269.16:31:00/wx/-0.10,556.5,29.1,10.53,268,4.27
2025.269.16:32:00/wx/-0.34,556.5,29.0,8.85,289,4.29
2025.269.16:33:00/wx/-0.19,556.6,29.1,10.51,283,4.19
2025.269.16:34:00/wx/-0.04,556.6,29.5,12.18,289,4.17
2025.269.16:35:00/wx/-0.18,556.6,28.6,12.90,285,4.24
2025.269.16:36:00/wx/-0.09,556.6,28.7,12.31,283,4.18
2025.269.16:37:00/wx/0.14,556.6,29.1,8.30,276,4.13
2025.269.16:38:00/wx/0.07,556.5,28.6,10.79,272,4.13
2025.269.16:39:00/wx/-0.46,556.5,29.8,8.35,267,4.10
2025.269.16:40:00/wx/-0.19,556.5,28.8,7.92,267,4.09
2025.269.16:41:00/wx/-0.60,556.5,29.7,8.67,277,4.09
2025.269.16:42:00/wx/0.58,556.5,30.4,11.03,289,4.16
2025.269.16:43:00/wx/-0.27,556.4,28.4,8.68,282,4.15
2025.269.16:44:00/wx/-0.01,556.4,30.7,9.27,278,4.18
2025.269.16:45:00/wx/-0.20,556.4,30.6,8.23,258,4.13
2025.269.16:46:00/wx/0.12,556.5,29.2,11.02,279,4.05
2025.269.16:47:00/wx/-0.17,556.5,28.3,10.66,281,4.08
2025.269.16:48:00/wx/-0.20,556.5,29.2,10.80,278,4.07
2025.269.16:49:00/wx/0.23,556.5,29.2,11.83,288,4.09
2025.269.16:50:00/wx/-0.21,556.5,28.1,10.15,286,4.19
2025.269.16:51:00/wx/-0.23,556.4,28.9,9.14,269,4.02
2025.269.16:52:00/wx/-0.09,556.4,28.8,11.65,297,4.02
2025.269.16:53:00/wx/0.09,556.4,28.6,9.36,281,4.01
2025.269.16:54:00/wx/1.01,556.5,28.2,9.53,259,4.11
2025.269.16:55:00/wx/-0.34,556.4,29.3,7.84,267,4.09
2025.269.16:56:00/wx/-0.60,556.4,29.4,7.17,263,4.12
2025.269.16:57:00/wx/-0.22,556.3,31.1,7.10,270,4.02
2025.269.16:58:00/wx/0.56,556.4,27.6,8.57,292,3.97
2025.269.16:59:00/wx/0.80,556.3,28.0,9.03,262,4.08
2025.269.17:00:00/wx/-0.13,556.3,29.1,9.53,257,4.16
2025.269.17:01:00/wx/-0.22,556.4,27.2,8.77,280,4.09
2025.269.17:02:00/wx/-0.30,556.3,27.4,9.19,298,4.12
2025.269.17:03:00/wx/0.67,556.4,28.6,9.63,287,4.08
2025.269.17:04:00/wx/0.21,556.4,27.0,9.07,278,3.99
2025.269.17:05:00/wx/0.30,556.4,28.3,10.94,280,4.01
2025.269.17:06:00/wx/0.63,556.3,27.5,9.78,284,3.96
2025.269.17:07:00/wx/0.13,556.3,27.3,9.28,272,3.95
2025.269.17:08:00/wx/0.08,556.3,28.6,11.39,276,3.88
2025.269.17:09:00/wx/0.39,556.4,26.1,10.23,288,3.87
2025.269.17:10:00/wx/1.07,556.4,27.0,7.46,270,3.91
2025.269.17:11:00/wx/1.02,556.4,27.0,11.01,296,3.92
2025.269.17:12:00/wx/0.30,556.3,25.9,10.10,306,3.95
2025.269.17:13:00/wx/0.42,556.3,26.9,9.25,283,3.82
2025.269.17:14:00/wx/-0.07,556.3,26.9,9.43,300,3.79
2025.269.17:15:00/wx/0.63,556.2,26.1,7.43,276,3.89
2025.269.17:16:00/wx/1.00,556.2,26.7,8.64,261,4.03
2025.269.17:17:00/wx/1.19,556.3,26.4,12.75,281,3.93
2025.269.17:18:00/wx/0.09,556.3,26.9,8.38,273,3.95
2025.269.17:19:00/wx/0.14,556.2,26.9,5.79,279,3.88
2025.269.17:20:00/wx/0.28,556.2,26.5,11.13,296,3.81
2025.269.17:21:00/wx/0.24,556.3,27.0,15.27,285,3.73
2025.269.17:22:00/wx/0.09,556.2,27.2,9.47,276,3.68
2025.269.17:23:00/wx/-0.11,556.2,26.8,11.90,283,3.66
2025.269.17:24:00/wx/1.67,556.2,26.9,10.21,275,3.73
2025.269.17:25:00/wx/0.44,556.3,26.0,9.78,276,3.93
2025.269.17:26:00/wx/0.25,556.3,27.0,8.16,276,4.02
2025.269.17:27:00/wx/1.28,556.2,27.8,11.13,278,4.10
2025.269.17:28:00/wx/-0.06,556.2,26.5,8.90,277,4.07
2025.269.17:29:00/wx/-0.33,556.1,27.4,5.89,275,4.09
2025.269.17:30:00/wx/1.42,556.2,26.7,10.35,283,4.08
2025.269.17:31:00/wx/1.02,556.1,24.8,10.08,286,4.09
2025.269.17:32:00/wx/2.30,556.1,24.2,14.03,287,4.17
2025.269.17:33:00/wx/1.82,556.2,24.0,14.19,287,4.14
2025.269.17:34:00/wx/0.95,556.2,24.2,13.00,300,4.07
2025.269.17:35:00/wx/0.30,556.1,24.3,10.77,291,4.21
2025.269.17:36:00/wx/0.84,556.1,25.1,8.30,273,4.12
2025.269.17:37:00/wx/0.23,556.1,25.5,7.75,264,4.07
2025.269.17:38:00/wx/-0.63,556.1,26.0,7.08,274,4.01
2025.269.17:39:00/wx/-0.08,556.1,26.1,9.46,272,3.97
2025.269.17:40:00/wx/-0.25,556.1,26.9,8.47,280,3.98
2025.269.17:41:00/wx/-0.20,556.1,27.0,9.63,280,3.89
2025.269.17:42:00/wx/0.55,556.1,26.6,10.02,257,4.07
2025.269.17:43:00/wx/-0.09,556.1,27.2,11.42,274,4.02
2025.269.17:44:00/wx/-0.48,556.0,26.4,8.04,267,4.01
2025.269.17:45:00/wx/-0.19,556.0,28.2,8.90,269,4.10
2025.269.17:46:00/wx/0.70,556.1,24.5,14.93,282,4.07
2025.269.17:47:00/wx/-0.44,556.0,25.0,10.23,289,4.17
2025.269.17:48:00/wx/0.10,556.1,25.0,13.58,279,4.24
2025.269.17:49:00/wx/0.29,556.0,25.2,10.85,289,4.48
2025.269.17:50:00/wx/0.31,556.0,25.3,9.55,282,4.60
2025.269.17:51:00/wx/0.49,556.0,25.7,12.52,297,4.04
2025.269.17:52:00/wx/-0.20,556.0,25.6,12.23,288,3.89
2025.269.17:53:00/wx/-0.70,556.0,26.3,10.57,296,3.91
2025.269.17:54:00/wx/0.38,556.1,26.8,10.72,287,3.92
2025.269.17:55:00/wx/-0.19,556.0,25.9,7.48,288,3.79
2025.269.17:56:00/wx/0.25,556.0,27.3,8.24,271,3.87
2025.269.17:57:00/wx/0.19,556.0,27.8,10.22,281,3.87
2025.269.17:58:00/wx/-0.20,556.0,26.6,10.17,278,3.90
2025.269.17:59:00/wx/-0.09,556.0,28.7,8.32,257,3.94
2025.269.18:00:00/wx/0.52,556.0,30.7,8.71,253,3.95
2025.269.18:01:00/wx/0.25,556.0,27.9,9.01,257,3.97
2025.269.18:02:00/wx/-0.45,556.0,29.6,8.61,256,3.98
2025.269.18:03:00/wx/-0.60,555.9,29.2,7.21,257,3.94
2025.269.18:04:00/wx/-0.81,555.9,28.2,12.00,279,4.04
2025.269.18:05:00/wx/-0.30,555.9,27.1,7.93,273,4.13
2025.269.18:06:00/wx/-0.57,555.9,27.6,6.56,273,4.07
2025.269.18:07:00/wx/-0.47,555.9,30.0,7.04,261,4.14
2025.269.18:08:00/wx/-0.16,555.9,28.7,8.28,290,4.24
2025.269.18:09:00/wx/0.10,555.8,27.1,6.74,269,4.28
2025.269.18:10:00/wx/-0.12,555.9,29.3,11.73,252,4.33
2025.269.18:11:00/wx/-0.44,555.8,30.1,8.79,252,4.20
2025.269.18:12:00/wx/-0.35,556.0,29.8,7.52,276,4.11
2025.269.18:13:00/wx/-0.37,555.9,30.3,6.37,260,4.18
2025.269.18:14:00/wx/-0.40,555.9,31.0,11.03,256,4.26
2025.269.18:15:00/wx/-0.09,555.9,31.6,7.36,260,4.11
2025.269.18:16:00/wx/0.18,555.9,27.6,8.23,286,4.07
2025.269.18:17:00/wx/0.28,555.9,26.2,10.47,304,4.03
2025.269.18:18:00/wx/0.04,555.9,25.4,13.56,283,4.10
2025.269.18:19:00/wx/0.11,555.8,26.8,10.34,284,4.12
2025.269.18:20:00/wx/0.93,555.8,25.7,9.05,298,3.95
2025.269.18:21:00/wx/0.49,555.9,25.5,9.14,273,3.96
2025.269.18:22:00/wx/-0.05,555.9,28.1,9.53,262,3.96
2025.269.18:23:00/wx/-0.50,555.8,28.0,11.06,262,4.00
2025.269.18:24:00/wx/-0.60,555.9,28.6,7.58,270,4.07
2025.269.18:25:00/wx/-0.86,555.8,28.6,12.04,243,3.99
2025.269.18:26:00/wx/-0.67,555.8,28.6,8.59,268,4.09
2025.269.18:27:00/wx/-1.09,555.9,29.2,9.97,255,4.12
2025.269.18:28:00/wx/-0.90,555.8,29.5,9.23,256,4.23
2025.269.18:29:00/wx/-0.80,555.8,29.9,8.58,274,4.36
2025.269.18:30:00/wx/-0.70,555.8,28.8,11.16,254,4.33
2025.269.18:31:00/wx/-0.26,555.8,29.1,9.82,278,4.28
2025.269.18:32:00/wx/-0.57,555.8,27.8,13.80,281,4.05
2025.269.18:33:00/wx/-0.19,555.8,27.9,7.87,271,4.22
2025.269.18:34:00/wx/-0.53,555.8,28.8,7.81,251,4.24
2025.269.18:35:00/wx/-0.80,555.8,30.2,6.84,270,4.30
2025.269.18:36:00/wx/-0.58,555.8,28.8,9.92,277,4.29
2025.269.18:37:00/wx/-0.01,555.9,28.8,9.25,275,4.44
2025.269.18:38:00/wx/-0.17,555.8,29.3,9.63,261,4.41
2025.269.18:39:00/wx/0.72,555.8,29.6,13.01,291,4.41
2025.269.18:40:00/wx/-0.24,555.8,27.5,11.59,287,4.38
2025.269.18:41:00/wx/0.32,555.8,27.2,10.02,285,4.30
2025.269.18:42:00/wx/-0.20,555.8,28.2,12.93,249,4.32
2025.269.18:43:00/wx/-0.38,555.8,28.6,7.13,260,4.25
2025.269.18:44:00/wx/-0.34,555.8,28.1,9.98,253,4.38
2025.269.18:45:00/wx/-0.20,555.8,27.0,10.78,282,4.25
2025.269.18:46:00/wx/0.09,555.8,27.0,9.55,279,4.29
2025.269.18:47:00/wx/-0.32,555.8,27.2,9.15,247,4.22
2025.269.18:48:00/wx/-0.87,555.8,29.3,5.14,264,4.26
2025.269.18:49:00/wx/-0.40,555.8,29.4,6.85,264,4.28
2025.269.18:50:00/wx/-0.73,555.7,29.0,5.44,266,4.41
2025.269.18:51:00/wx/0.10,555.7,29.1,7.09,259,4.58
2025.269.18:52:00/wx/-0.38,555.7,27.9,6.55,277,4.53
2025.269.18:53:00/wx/-0.34,555.7,27.1,7.55,259,4.31
2025.269.18:54:00/wx/-1.20,555.7,27.3,7.14,264,4.19
2025.269.18:55:00/wx/-0.74,555.7,29.7,10.57,255,4.18
2025.269.18:56:00/wx/-0.90,555.6,29.8,8.02,247,4.18
2025.269.18:57:00/wx/-1.20,555.6,28.1,8.26,260,4.30
2025.269.18:58:00/wx/-0.65,555.6,29.6,10.65,280,4.08
2025.269.18:59:00/wx/-0.61,555.6,27.4,7.24,266,4.16
2025.269.19:00:00/wx/-0.90,555.7,26.6,11.86,254,4.06
2025.269.19:01:00/wx/-0.91,555.8,27.0,10.89,273,4.02
2025.269.19:02:00/wx/-1.37,555.7,26.0,10.50,281,3.88
2025.269.19:03:00/wx/-1.02,555.7,24.8,11.02,289,3.77
2025.269.19:04:00/wx/-0.55,555.7,28.5,13.85,249,3.80
2025.269.19:05:00/wx/-1.20,555.7,27.1,10.24,253,3.55
2025.269.19:06:00/wx/-1.09,555.7,27.9,10.70,249,3.69
2025.269.19:07:00/wx/-0.80,555.7,26.9,9.77,257,3.71
2025.269.19:08:00/wx/-0.49,555.7,28.6,10.73,248,3.70
2025.269.19:09:00/wx/-0.77,555.7,26.6,11.97,245,3.71
2025.269.19:10:00/wx/-0.80,555.7,25.9,6.73,263,3.84
2025.269.19:11:00/wx/-0.68,555.6,26.0,6.22,269,3.84
2025.269.19:12:00/wx/-0.56,555.7,25.1,11.51,251,3.85
2025.269.19:13:00/wx/-0.63,555.7,26.1,14.45,249,3.76
2025.269.19:14:00/wx/-0.53,555.7,27.3,9.35,253,3.81
2025.269.19:15:00/wx/-0.30,555.7,26.0,11.91,275,3.77
2025.269.19:16:00/wx/-0.11,555.7,24.0,12.12,262,3.90
2025.269.19:17:00/wx/-0.56,555.7,24.5,10.40,254,3.87
2025.269.19:18:00/wx/0.32,555.7,25.6,8.51,277,3.81
2025.269.19:19:00/wx/0.69,555.7,24.7,9.58,271,3.71
2025.269.19:20:00/wx/0.18,555.7,24.3,7.60,275,3.67
2025.269.19:21:00/wx/0.12,555.7,22.8,10.14,277,3.58
2025.269.19:22:00/wx/-0.36,555.7,24.1,7.54,256,3.52
2025.269.19:23:00/wx/-0.98,555.6,23.9,7.39,254,3.50
2025.269.19:24:00/wx/-0.90,555.6,23.6,11.33,269,3.45
2025.269.19:25:00/wx/-0.66,555.7,22.7,9.55,277,3.48
2025.269.19:26:00/wx/-0.64,555.6,22.7,6.14,274,3.54
2025.269.19:27:00/wx/-0.60,555.6,23.1,7.10,268,3.59
2025.269.19:28:00/wx/-0.57,555.6,24.3,12.57,249,3.64
2025.269.19:29:00/wx/-0.91,555.7,26.8,11.75,253,3.67
2025.269.19:30:00/wx/-1.44,555.7,25.7,9.37,254,3.82
2025.269.19:31:00/wx/-1.40,555.7,26.5,12.19,249,3.89
2025.269.19:32:00/wx/-1.26,555.7,25.5,9.48,272,3.85
2025.269.19:33:00/wx/-1.01,555.7,25.1,10.98,280,3.76
2025.269.19:34:00/wx/-0.61,555.7,25.1,8.03,269,3.77
2025.269.19:35:00/wx/-0.67,555.7,25.5,10.33,256,3.77
2025.269.19:36:00/wx/-1.25,555.7,25.1,9.63,255,3.63
2025.269.19:37:00/wx/-1.32,555.6,25.8,8.44,270,3.68
2025.269.19:38:00/wx/-1.10,555.7,26.6,11.13,272,3.70
2025.269.19:39:00/wx/-1.41,555.7,24.5,8.16,268,4.07
2025.269.19:40:00/wx/-1.16,555.6,25.7,8.51,264,3.93
2025.269.19:41:00/wx/-1.26,555.6,26.3,5.75,272,3.88
2025.269.19:42:00/wx/-0.52,555.6,24.7,8.86,272,3.78
2025.269.19:43:00/wx/-0.91,555.6,24.4,7.85,261,3.73
2025.269.19:44:00/wx/-0.99,555.6,25.4,7.33,262,3.81
2025.269.19:45:00/wx/-0.90,555.6,25.7,10.98,255,3.74
2025.269.19:46:00/wx/-1.37,555.6,24.9,11.44,253,3.76
2025.269.19:47:00/wx/-1.61,555.6,25.0,12.09,252,3.83
2025.269.19:48:00/wx/-1.50,555.6,26.1,8.13,253,3.81
2025.269.19:49:00/wx/-1.37,555.6,26.3,8.69,255,3.77
2025.269.19:50:00/wx/-1.49,555.6,25.2,9.31,259,3.54
2025.269.19:51:00/wx/-1.20,555.6,27.3,9.45,251,3.48
2025.269.19:52:00/wx/-1.19,555.6,26.2,11.48,253,3.50
2025.269.19:53:00/wx/-1.20,555.6,25.5,10.46,245,3.42
2025.269.19:54:00/wx/-1.23,555.6,25.3,14.41,247,3.59
2025.269.19:55:00/wx/-1.34,555.5,27.0,10.02,247,3.68
2025.269.19:56:00/wx/-1.56,555.6,27.9,18.03,243,3.74
2025.269.19:57:00/wx/-1.90,555.6,28.8,9.13,271,3.81
2025.269.19:58:00/wx/-1.69,555.6,29.8,12.54,251,3.89
2025.269.19:59:00/wx/-1.75,555.5,29.6,10.17,252,4.01
2025.269.20:00:00/wx/-1.71,555.5,28.2,10.55,254,3.97
2025.269.20:01:00/wx/-1.59,555.5,28.9,11.88,251,3.63
2025.269.20:02:00/wx/-1.40,555.5,28.8,11.80,244,3.71
2025.269.20:03:00/wx/-1.46,555.5,26.3,9.06,250,3.66
2025.269.20:04:00/wx/-1.35,555.4,26.3,12.64,248,3.70
2025.269.20:05:00/wx/-1.89,555.5,26.4,9.77,254,3.76
2025.269.20:06:00/wx/-1.62,555.5,27.4,8.47,271,3.87
2025.269.20:07:00/wx/-1.30,555.6,26.2,10.67,274,3.96
2025.269.20:08:00/wx/-1.33,555.6,28.1,10.02,270,4.11
2025.269.20:09:00/wx/-1.21,555.7,27.4,10.53,273,4.05
2025.269.20:10:00/wx/-1.39,555.6,27.0,8.39,264,3.91
2025.269.20:11:00/wx/-1.50,555.6,26.1,7.53,273,3.85
2025.269.20:12:00/wx/-1.19,555.6,26.1,10.66,275,3.64
2025.269.20:13:00/wx/-1.08,555.6,27.2,10.45,276,3.69
2025.269.20:14:00/wx/-1.64,555.5,26.4,7.73,267,3.73
2025.269.20:15:00/wx/-1.91,555.5,27.5,6.67,269,3.74
2025.269.20:16:00/wx/-1.69,555.6,27.6,6.97,274,3.85
2025.269.20:17:00/wx/-1.19,555.6,27.0,11.56,275,3.90
2025.269.20:18:00/wx/-1.42,555.7,26.5,11.61,273,4.07
2025.269.20:19:00/wx/-1.61,555.6,26.4,9.84,277,4.05
2025.269.20:20:00/wx/-1.70,555.6,26.6,9.34,282,3.92
2025.269.20:21:00/wx/-0.99,555.6,26.3,11.36,283,3.89
2025.269.20:22:00/wx/-1.14,555.6,26.1,11.61,285,3.76
2025.269.20:23:00/wx/-1.16,555.6,26.5,12.79,283,3.67
2025.269.20:24:00/wx/-1.11,555.6,26.0,11.30,282,3.60
2025.269.20:25:00/wx/-0.90,555.5,26.4,8.42,271,3.66
2025.269.20:26:00/wx/-1.14,555.5,26.1,7.58,262,3.72
2025.269.20:27:00/wx/-1.32,555.5,27.2,11.08,243,3.71
2025.269.20:28:00/wx/-1.20,555.6,28.3,11.93,255,3.73
2025.269.20:29:00/wx/-1.30,555.5,29.2,10.07,257,3.76
2025.269.20:30:00/wx/-1.29,555.6,30.8,12.02,251,3.73
2025.269.20:31:00/wx/-1.48,555.6,29.0,8.84,261,3.73
2025.269.20:32:00/wx/-1.45,555.6,28.5,8.39,256,3.69
2025.269.20:33:00/wx/-0.78,555.6,30.2,7.39,261,3.74
2025.269.20:34:00/wx/-0.50,555.6,26.0,11.53,261,3.74
2025.269.20:35:00/wx/-0.89,555.5,25.8,9.40,282,3.86
2025.269.20:36:00/wx/-0.19,555.5,25.1,8.82,276,3.91
2025.269.20:37:00/wx/-0.34,555.5,24.5,9.58,282,3.68
2025.269.20:38:00/wx/-0.86,555.5,25.1,7.06,258,3.70
2025.269.20:39:00/wx/-1.10,555.5,27.4,12.52,254,3.62
2025.269.20:40:00/wx/-1.13,555.5,28.1,11.06,260,3.65
2025.269.20:41:00/wx/-1.46,555.5,27.7,8.98,262,3.62
2025.269.20:42:00/wx/-1.50,555.4,28.3,5.42,267,3.54
2025.269.20:43:00/wx/-1.11,555.5,28.7,8.96,256,3.53
2025.269.20:44:00/wx/-1.41,555.5,26.9,8.42,259,3.49
2025.269.20:45:00/wx/-1.21,555.5,29.0,12.79,248,3.51
2025.269.20:46:00/wx/-1.25,555.5,27.6,7.86,269,3.44
2025.269.20:47:00/wx/-0.91,555.5,28.2,9.41,252,3.40
2025.269.20:48:00/wx/-0.71,555.5,28.3,7.03,264,3.39
2025.269.20:49:00/wx/-0.58,555.5,28.3,7.31,255,3.39
2025.269.20:50:00/wx/-1.14,555.5,26.2,10.63,259,3.42
2025.269.20:51:00/wx/-1.56,555.5,26.3,8.80,255,3.50
2025.269.20:52:00/wx/-1.16,555.5,28.2,12.56,250,3.53
2025.269.20:53:00/wx/-1.29,555.5,28.4,11.99,249,3.46
2025.269.20:54:00/wx/-1.50,555.5,27.3,9.25,261,3.34
2025.269.20:55:00/wx/-1.60,555.5,27.6,8.39,261,3.36
2025.269.20:56:00/wx/-1.33,555.5,28.5,7.61,260,3.39
2025.269.20:57:00/wx/-1.60,555.5,28.8,9.91,254,3.39
2025.269.20:58:00/wx/-1.70,555.5,28.6,9.87,255,3.45
2025.269.20:59:00/wx/-1.90,555.5,28.6,7.64,255,3.44
2025.269.21:00:00/wx/-1.90,555.5,28.7,9.17,266,3.49
2025.269.21:01:00/wx/-1.72,555.5,27.3,7.26,257,3.51
2025.269.21:02:00/wx/-1.80,555.5,27.7,10.50,278,3.47
2025.269.21:03:00/wx/-1.70,555.5,28.0,12.50,250,3.44
2025.269.21:04:00/wx/-1.87,555.5,28.9,9.24,265,3.43
2025.269.21:05:00/wx/-1.90,555.4,27.2,8.29,269,3.41
2025.269.21:06:00/wx/-1.90,555.5,28.4,11.22,254,3.41
2025.269.21:07:00/wx/-1.80,555.5,27.7,7.63,268,3.44
2025.269.21:08:00/wx/-1.79,555.5,28.3,9.38,274,3.41
2025.269.21:09:00/wx/-1.70,555.4,27.8,11.08,249,3.44
2025.269.21:10:00/wx/-1.67,555.4,27.7,7.84,266,3.39
2025.269.21:11:00/wx/-1.80,555.5,28.0,11.56,253,3.41
2025.269.21:12:00/wx/-1.80,555.5,27.6,10.85,257,3.39
2025.269.21:13:00/wx/-1.80,555.5,26.5,9.28,273,3.40
2025.269.21:14:00/wx/-1.80,555.4,26.7,10.57,259,3.39
2025.269.21:15:00/wx/-1.80,555.5,27.3,9.32,264,3.41
2025.269.21:16:00/wx/-1.90,555.4,26.6,8.92,251,3.41
2025.269.21:17:00/wx/-1.79,555.5,27.1,9.09,256,3.39
2025.269.21:18:00/wx/-1.70,555.5,26.9,7.37,268,3.38
2025.269.21:19:00/wx/-1.60,555.5,26.4,7.47,261,3.39
2025.269.21:20:00/wx/-1.58,555.5,26.4,10.38,246,3.48
2025.269.21:21:00/wx/-1.90,555.5,27.2,8.02,253,3.34
2025.269.21:22:00/wx/-1.60,555.5,28.1,8.15,259,3.38
2025.269.21:23:00/wx/-1.60,555.5,27.7,8.03,252,3.36
2025.269.21:24:00/wx/-1.53,555.5,27.7,8.45,268,3.31
2025.269.21:25:00/wx/-1.50,555.5,28.8,9.26,249,3.39
2025.269.21:26:00/wx/-1.40,555.5,27.4,10.41,265,3.38
2025.269.21:27:00/wx/-1.53,555.5,26.1,11.66,270,3.39
2025.269.21:28:00/wx/-1.81,555.5,27.6,9.35,261,3.37
2025.269.21:29:00/wx/-1.70,555.5,26.5,7.03,262,3.36
2025.269.21:30:00/wx/-1.70,555.5,26.7,8.88,254,3.36
2025.269.21:31:00/wx/-1.51,555.5,29.1,13.79,244,3.35
2025.269.21:32:00/wx/-1.60,555.4,27.5,13.52,237,3.36
2025.269.21:33:00/wx/-1.54,555.4,25.5,11.00,240,3.36
2025.269.21:34:00/wx/-1.80,555.5,27.3,11.76,245,3.35
2025.269.21:35:00/wx/-1.90,555.5,29.3,10.63,257,3.36
2025.269.21:36:00/wx/-1.90,555.5,29.1,12.53,253,3.38
2025.269.21:37:00/wx/-2.00,555.5,27.7,10.47,255,3.38
2025.269.21:38:00/wx/-2.00,555.5,28.0,10.16,255,3.38
2025.269.21:39:00/wx/-2.00,555.6,28.0,8.53,257,3.40
2025.269.21:40:00/wx/-1.89,555.6,27.4,12.40,258,3.41
2025.269.21:41:00/wx/-1.90,555.5,27.4,9.94,259,3.42
2025.269.21:42:00/wx/-2.00,555.6,27.5,9.08,258,3.40
2025.269.21:43:00/wx/-1.90,555.5,27.5,8.02,271,3.39
2025.269.21:44:00/wx/-1.90,555.5,26.6,8.84,270,3.39
2025.269.21:45:00/wx/-2.00,555.5,27.6,8.52,256,3.42
2025.269.21:46:00/wx/-2.20,555.5,30.5,10.65,242,3.43
2025.269.21:47:00/wx/-2.08,555.5,29.8,8.06,262,3.44
2025.269.21:48:00/wx/-2.20,555.6,28.9,11.52,254,3.45
2025.269.21:49:00/wx/-2.20,555.6,28.5,9.03,264,3.46
2025.269.21:50:00/wx/-2.28,555.6,29.7,12.02,250,3.42
2025.269.21:51:00/wx/-2.23,555.5,28.9,10.28,249,3.40
2025.269.21:52:00/wx/-2.20,555.5,28.2,8.22,272,3.44
2025.269.21:53:00/wx/-2.19,555.5,29.4,11.15,244,3.39
2025.269.21:54:00/wx/-2.30,555.5,29.9,12.75,242,3.40
2025.269.21:55:00/wx/-2.32,555.5,29.6,13.73,247,3.41
2025.269.21:56:00/wx/-2.50,555.5,30.5,10.85,248,3.36
2025.269.21:57:00/wx/-2.70,555.5,32.4,11.51,247,3.40
2025.269.21:58:00/wx/-2.60,555.5,31.6,13.21,248,3.39
2025.269.21:59:00/wx/-2.61,555.5,30.7,11.51,249,3.38
2025.269.22:00:00/wx/-2.63,555.5,30.3,12.91,249,3.36
2025.269.22:01:00/wx/-2.56,555.6,29.8,10.27,252,3.36
2025.269.22:02:00/wx/-2.50,555.5,30.4,11.41,245,3.39
2025.269.22:03:00/wx/-2.60,555.5,31.8,10.23,247,3.41
2025.269.22:04:00/wx/-2.60,555.6,31.7,13.11,244,3.41
2025.269.22:05:00/wx/-2.60,555.6,30.6,10.54,248,3.42
2025.269.22:06:00/wx/-2.60,555.6,30.9,10.33,248,3.33
2025.269.22:07:00/wx/-2.69,555.6,32.0,6.97,259,3.36
2025.269.22:08:00/wx/-2.60,555.6,31.9,9.05,258,3.36
2025.269.22:09:00/wx/-2.70,555.6,32.3,10.88,249,3.45
2025.269.22:10:00/wx/-2.55,555.6,30.8,13.28,246,3.49
2025.269.22:11:00/wx/-2.77,555.6,32.5,10.14,247,3.45
2025.269.22:12:00/wx/-2.70,555.6,31.3,13.05,248,3.46
2025.269.22:13:00/wx/-2.80,555.6,30.9,12.91,251,3.46
2025.269.22:14:00/wx/-2.73,555.6,31.0,9.77,247,3.44
2025.269.22:15:00/wx/-2.96,555.6,33.5,11.47,249,3.46
2025.269.22:16:00/wx/-2.89,555.6,31.7,10.98,248,3.47
2025.269.22:17:00/wx/-3.00,555.6,32.0,11.72,248,3.45
2025.269.22:18:00/wx/-2.82,555.6,30.6,8.60,249,3.48
2025.269.22:19:00/wx/-2.90,555.6,31.4,11.91,247,3.46
2025.269.22:20:00/wx/-2.80,555.6,30.4,9.60,252,3.46
2025.269.22:21:00/wx/-2.80,555.6,30.7,7.94,249,3.47
2025.269.22:22:00/wx/-3.10,555.6,33.0,9.45,247,3.45
2025.269.22:23:00/wx/-2.90,555.5,32.0,8.77,251,3.46
2025.269.22:24:00/wx/-3.05,555.6,32.5,9.42,254,3.45
2025.269.22:25:00/wx/-2.73,555.6,30.2,10.27,256,3.41
2025.269.22:26:00/wx/-2.90,555.6,30.8,9.40,256,3.41
2025.269.22:27:00/wx/-3.00,555.6,31.8,11.08,245,3.41
2025.269.22:28:00/wx/-3.10,555.6,32.7,10.13,251,3.43
2025.269.22:29:00/wx/-2.88,555.6,31.1,10.26,247,3.43
2025.269.22:30:00/wx/-3.10,555.6,32.3,9.99,247,3.43
2025.269.22:31:00/wx/-2.90,555.6,31.3,12.32,245,3.45
2025.269.22:32:00/wx/-2.91,555.6,30.8,11.00,242,3.42
2025.269.22:33:00/wx/-3.05,555.6,31.6,11.78,245,3.42
2025.269.22:34:00/wx/-3.10,555.6,32.0,9.69,249,3.43
2025.269.22:35:00/wx/-3.09,555.6,31.4,9.97,251,3.41
2025.269.22:36:00/wx/-3.00,555.6,30.7,9.26,252,3.45
2025.269.22:37:00/wx/-3.28,555.6,32.7,7.37,258,3.44
2025.269.22:38:00/wx/-3.03,555.6,31.2,8.72,251,3.40
2025.269.22:39:00/wx/-3.02,555.6,31.1,9.78,257,3.43
2025.269.22:40:00/wx/-3.00,555.6,30.9,10.57,251,3.45
2025.269.22:41:00/wx/-3.22,555.6,32.0,9.16,249,3.46
2025.269.22:42:00/wx/-3.30,555.6,32.7,8.54,251,3.42
2025.269.22:43:00/wx/-3.30,555.7,32.2,10.44,247,3.39
2025.269.22:44:00/wx/-3.12,555.7,31.3,11.80,248,3.39
2025.269.22:45:00/wx/-3.10,555.6,31.0,12.32,240,3.39
2025.269.22:46:00/wx/-3.02,555.7,30.9,9.87,245,3.44
2025.269.22:47:00/wx/-3.26,555.7,32.6,10.69,247,3.44
2025.269.22:48:00/wx/-3.30,555.7,32.6,11.12,244,3.43
2025.269.22:49:00/wx/-3.29,555.7,32.7,10.21,247,3.44
2025.269.22:50:00/wx/-3.31,555.7,33.3,8.09,244,3.45
2025.269.22:51:00/wx/-3.37,555.7,33.9,10.22,243,3.37
2025.269.22:52:00/wx/-3.40,555.7,34.0,9.82,246,3.45
2025.269.22:53:00/wx/-3.41,555.7,33.5,12.32,244,3.49
2025.269.22:54:00/wx/-3.30,555.7,33.1,10.54,245,3.49
2025.269.22:55:00/wx/-3.51,555.7,34.5,8.28,246,3.48
2025.269.22:56:00/wx/-3.72,555.7,36.0,9.04,244,3.48
2025.269.22:57:00/wx/-3.60,555.7,35.3,8.39,243,3.48
2025.269.22:58:00/wx/-3.42,555.6,33.5,10.72,242,3.48
2025.269.22:59:00/wx/-3.30,555.6,33.3,10.42,249,3.45
2025.269.23:00:00/wx/-3.48,555.6,34.1,11.87,240,3.49
2025.269.23:01:00/wx/-3.40,555.6,33.3,10.08,245,3.48
2025.269.23:02:00/wx/-3.42,555.6,33.4,9.47,247,3.47
2025.269.23:03:00/wx/-3.50,555.6,34.4,10.64,244,3.49
2025.269.23:04:00/wx/-3.61,555.7,34.4,7.14,244,3.50
2025.269.23:05:00/wx/-3.70,555.6,35.0,9.42,242,3.52
2025.269.23:06:00/wx/-3.66,555.6,34.6,7.65,238,3.51
2025.269.23:07:00/wx/-3.80,555.6,34.9,8.57,241,3.50
2025.269.23:08:00/wx/-3.80,555.6,34.3,7.49,237,3.50
2025.269.23:09:00/wx/-4.00,555.6,34.8,9.85,229,3.54
2025.269.23:10:00/wx/-4.03,555.6,34.6,10.70,226,3.54
2025.269.23:11:00/wx/-3.94,555.6,34.3,10.08,227,3.52
2025.269.23:12:00/wx/-4.09,555.6,35.1,10.20,234,3.58
2025.269.23:13:00/wx/-4.10,555.7,35.5,10.02,232,3.57
2025.269.23:14:00/wx/-4.10,555.7,35.8,9.12,229,3.45
2025.269.23:15:00/wx/-4.04,555.7,35.2,9.60,233,3.44
2025.269.23:16:00/wx/-4.13,555.7,35.8,9.47,226,3.47
2025.269.23:17:00/wx/-4.10,555.7,35.8,9.42,233,3.50
2025.269.23:18:00/wx/-4.20,555.7,36.0,8.22,238,3.50
2025.269.23:19:00/wx/-4.20,555.7,36.4,9.22,239,3.50
2025.269.23:20:00/wx/-4.31,555.7,36.8,8.59,230,3.53
2025.269.23:21:00/wx/-4.20,555.7,36.1,9.36,233,3.53
2025.269.23:22:00/wx/-4.20,555.7,36.3,9.16,230,3.54
2025.269.23:23:00/wx/-4.20,555.7,35.9,9.60,230,3.57
2025.269.23:24:00/wx/-4.30,555.7,35.7,9.74,227,3.55
2025.269.23:25:00/wx/-4.30,555.7,35.8,8.26,232,3.57
2025.269.23:26:00/wx/-4.40,555.7,36.3,8.09,231,3.62
2025.269.23:27:00/wx/-4.50,555.7,37.6,7.52,231,3.62
2025.269.23:28:00/wx/-4.50,555.7,37.7,8.94,231,3.61
2025.269.23:29:00/wx/-4.50,555.7,37.9,7.87,232,3.58
2025.269.23:30:00/wx/-4.50,555.7,38.6,7.96,234,3.61
2025.269.23:31:00/wx/-4.60,555.7,39.2,8.35,232,3.61
2025.269.23:32:00/wx/-4.80,555.7,40.0,9.30,230,3.64
2025.269.23:33:00/wx/-4.70,555.7,40.2,8.50,231,3.75
2025.269.23:34:00/wx/-4.80,555.7,40.9,8.45,232,3.81
2025.269.23:35:00/wx/-4.80,555.7,41.1,9.48,227,3.83
2025.269.23:36:00/wx/-4.80,555.7,41.2,7.89,235,3.81
2025.269.23:37:00/wx/-4.80,555.7,40.6,8.29,229,3.77
2025.269.23:38:00/wx/-4.70,555.7,40.3,7.16,233,3.72
2025.269.23:39:00/wx/-4.75,555.7,41.0,6.92,236,3.79
2025.269.23:40:00/wx/-4.90,555.7,41.9,6.89,232,3.81
2025.269.23:41:00/wx/-5.00,555.7,42.6,7.53,233,3.73
2025.269.23:42:00/wx/-5.01,555.7,43.0,6.72,230,3.74
2025.269.23:43:00/wx/-5.10,555.7,43.6,6.80,235,3.70
2025.269.23:44:00/wx/-5.10,555.7,43.9,6.92,227,3.75
2025.269.23:45:00/wx/-5.21,555.7,44.4,6.28,232,3.74
2025.269.23:46:00/wx/-5.10,555.7,44.1,8.62,230,3.75
2025.269.23:47:00/wx/-5.00,555.7,43.4,8.27,231,3.73
2025.269.23:48:00/wx/-5.00,555.7,43.5,7.17,233,3.70
2025.269.23:49:00/wx/-4.96,555.7,43.5,6.68,236,3.75
2025.269.23:50:00/wx/-5.19,555.7,44.5,4.43,245,3.74
2025.269.23:51:00/wx/-5.30,555.7,45.7,4.80,238,3.75
2025.269.23:52:00/wx/-5.30,555.7,46.6,5.30,242,3.71
2025.269.23:53:00/wx/-5.40,555.6,47.2,5.06,241,3.73
2025.269.23:54:00/wx/-5.40,555.6,46.9,5.84,245,3.75
2025.269.23:55:00/wx/-5.40,555.6,47.3,5.52,234,3.76
2025.269.23:56:00/wx/-5.51,555.7,47.5,6.12,248,3.75
2025.269.23:57:00/wx/-5.26,555.7,45.9,7.12,247,3.73
2025.269.23:58:00/wx/-5.21,555.7,44.8,5.75,254,3.70
2025.269.23:59:00/wx/-5.08,555.7,44.1,6.10,243,3.70
2025.270.00:00:00/wx/-5.30,555.7,45.0,5.72,249,3.70
2025.270.00:01:00/wx/-5.40,555.7,45.5,6.27,244,3.67
2025.270.00:02:00/wx/-5.40,555.7,46.0,5.59,245,3.62
2025.270.00:03:00/wx/-5.60,555.7,47.0,4.53,240,3.62
2025.270.00:04:00/wx/-5.70,555.7,48.5,4.84,249,3.67
2025.270.00:05:00/wx/-5.60,555.7,47.5,5.49,245,3.62
2025.270.00:06:00/wx/-5.73,555.7,48.4,4.83,243,3.62
2025.270.00:07:00/wx/-5.64,555.7,48.3,5.00,249,3.65
2025.270.00:08:00/wx/-5.69,555.7,47.8,4.40,246,3.64
2025.270.00:09:00/wx/-6.10,555.7,49.5,4.11,242,3.63
2025.270.00:10:00/wx/-6.00,555.7,49.4,4.70,237,3.64
2025.270.00:11:00/wx/-5.86,555.7,48.2,5.03,240,3.66
2025.270.00:12:00/wx/-5.96,555.7,49.3,4.06,251,3.62
2025.270.00:13:00/wx/-6.10,555.7,50.3,4.58,249,3.62
2025.270.00:14:00/wx/-6.10,555.7,50.4,4.32,237,3.62
2025.270.00:15:00/wx/-6.02,555.7,51.0,4.15,244,3.61
2025.270.00:16:00/wx/-6.10,555.7,51.4,4.97,243,3.59
2025.270.00:17:00/wx/-6.07,555.7,51.1,5.74,248,3.61
2025.270.00:18:00/wx/-6.11,555.7,51.2,5.96,247,3.58
2025.270.00:19:00/wx/-5.80,555.7,49.8,5.67,244,3.61
2025.270.00:20:00/wx/-5.90,555.8,49.7,5.36,260,3.62
2025.270.00:21:00/wx/-5.90,555.8,49.7,5.87,249,3.64
2025.270.00:22:00/wx/-5.80,555.7,49.6,5.74,250,3.65
2025.270.00:23:00/wx/-5.60,555.8,48.8,5.41,252,3.66
2025.270.00:24:00/wx/-5.60,555.8,48.4,6.34,247,3.66
2025.270.00:25:00/wx/-5.53,555.8,47.8,5.41,251,3.63
2025.270.00:26:00/wx/-5.60,555.8,47.9,5.41,253,3.62
2025.270.00:27:00/wx/-5.60,555.8,47.6,6.20,249,3.65
2025.270.00:28:00/wx/-5.70,555.8,47.7,6.02,245,3.73
2025.270.00:29:00/wx/-5.70,555.8,47.8,5.49,249,3.76
2025.270.00:30:00/wx/-5.80,555.8,48.4,5.18,253,3.72
2025.270.00:31:00/wx/-5.90,555.9,48.4,6.14,248,3.66
2025.270.00:32:00/wx/-5.89,555.8,47.9,5.79,249,3.70
2025.270.00:33:00/wx/-5.79,555.8,47.5,6.42,247,3.75
2025.270.00:34:00/wx/-5.90,555.8,47.9,5.19,245,3.71
2025.270.00:35:00/wx/-6.20,555.8,49.4,5.03,247,3.78
2025.270.00:36:00/wx/-6.50,555.8,50.9,4.25,247,3.77
2025.270.00:37:00/wx/-6.50,555.8,51.5,3.43,242,3.75
2025.270.00:38:00/wx/-6.71,555.8,52.2,3.86,249,3.77
2025.270.00:39:00/wx/-6.50,555.8,51.4,4.22,241,3.75
2025.270.00:40:00/wx/-6.46,555.8,51.4,3.59,243,3.78
2025.270.00:41:00/wx/-6.59,555.8,51.7,3.26,244,3.82
2025.270.00:42:00/wx/-6.60,555.8,51.8,4.22,238,3.77
2025.270.00:43:00/wx/-6.58,555.8,51.4,4.76,243,3.82
2025.270.00:44:00/wx/-6.14,555.8,49.2,4.75,240,3.69
2025.270.00:45:00/wx/-6.20,555.8,48.7,4.42,235,3.72
2025.270.00:46:00/wx/-5.92,555.8,47.1,6.42,230,3.66
2025.270.00:47:00/wx/-5.61,555.8,45.1,5.92,236,3.68
2025.270.00:48:00/wx/-5.90,555.8,45.5,4.92,232,3.60
2025.270.00:49:00/wx/-6.09,555.8,46.2,4.61,245,3.60
2025.270.00:50:00/wx/-6.67,555.8,50.1,3.92,245,3.66
2025.270.00:51:00/wx/-6.60,555.8,50.7,4.80,248,3.63
2025.270.00:52:00/wx/-6.50,555.8,49.6,4.88,248,3.64
2025.270.00:53:00/wx/-6.10,555.8,48.2,5.41,242,3.37
2025.270.00:54:00/wx/-6.15,555.8,48.1,4.96,233,3.66
2025.270.00:55:00/wx/-6.39,555.8,49.4,4.48,239,3.64
2025.270.00:56:00/wx/-6.30,555.8,48.8,4.72,245,3.56
2025.270.00:57:00/wx/-6.52,555.8,49.7,3.91,241,3.53
2025.270.00:58:00/wx/-6.75,555.8,50.8,3.68,244,3.55
2025.270.00:59:00/wx/-6.80,555.8,51.6,3.71,246,3.56
2025.270.01:00:00/wx/-6.71,555.7,50.9,3.69,252,3.52
2025.270.01:01:00/wx/-6.90,555.7,51.1,3.41,247,3.51
2025.270.01:02:00/wx/-7.10,555.7,51.6,3.91,244,3.50
2025.270.01:03:00/wx/-7.05,555.8,51.6,3.71,247,3.49
2025.270.01:04:00/wx/-7.14,555.8,51.9,4.04,243,3.50
2025.270.01:05:00/wx/-7.01,555.8,50.8,5.05,245,3.46
2025.270.01:06:00/wx/-6.99,555.7,50.7,4.02,240,3.47
2025.270.01:07:00/wx/-7.00,555.7,51.0,3.77,243,3.49
2025.270.01:08:00/wx/-7.10,555.7,51.4,3.64,251,3.50
2025.270.01:09:00/wx/-7.28,555.8,51.8,3.12,252,3.56
2025.270.01:10:00/wx/-7.30,555.8,52.0,3.83,255,3.51
2025.270.01:11:00/wx/-6.78,555.7,49.8,3.55,260,3.54
2025.270.01:12:00/wx/-6.50,555.7,48.0,3.76,265,3.53
2025.270.01:13:00/wx/-6.40,555.7,47.1,3.88,272,3.52
2025.270.01:14:00/wx/-6.21,555.7,46.4,3.72,271,3.48
2025.270.01:15:00/wx/-6.10,555.7,45.8,3.79,269,3.48
2025.270.01:16:00/wx/-6.10,555.7,45.5,3.75,267,3.49
2025.270.01:17:00/wx/-6.00,555.8,45.1,4.22,261,3.50
2025.270.01:18:00/wx/-5.90,555.8,44.5,4.00,259,3.48
2025.270.01:19:00/wx/-5.90,555.8,44.7,4.34,253,3.45
2025.270.01:20:00/wx/-5.89,555.8,44.7,4.77,257,3.45
2025.270.01:21:00/wx/-5.90,555.8,44.5,3.83,267,3.49
2025.270.01:22:00/wx/-5.84,555.8,44.5,4.18,262,3.55
2025.270.01:23:00/wx/-5.80,555.9,44.1,3.95,260,3.50
2025.270.01:24:00/wx/-5.80,555.9,44.1,3.83,261,3.50
2025.270.01:25:00/wx/-5.90,555.9,44.1,4.45,257,3.48
2025.270.01:26:00/wx/-5.70,555.9,42.7,3.66,259,3.54
2025.270.01:27:00/wx/-5.80,555.9,42.9,4.29,256,3.55
2025.270.01:28:00/wx/-5.81,555.8,42.5,4.17,252,3.60
2025.270.01:29:00/wx/-5.90,555.8,42.5,4.81,246,3.56
2025.270.01:30:00/wx/-6.00,555.8,42.8,4.35,247,3.50
2025.270.01:31:00/wx/-6.14,555.8,43.7,3.79,254,3.48
2025.270.01:32:00/wx/-6.30,555.8,44.4,3.31,263,3.49
2025.270.01:33:00/wx/-6.21,555.8,44.1,3.40,260,3.48
2025.270.01:34:00/wx/-6.00,555.8,43.5,4.16,253,3.51
2025.270.01:35:00/wx/-6.04,555.8,43.7,4.05,253,3.46
2025.270.01:36:00/wx/-6.10,555.8,43.9,3.71,251,3.40
2025.270.01:37:00/wx/-6.00,555.8,43.4,5.11,250,3.42
2025.270.01:38:00/wx/-6.10,555.8,43.0,3.73,255,3.44
2025.270.01:39:00/wx/-6.21,555.8,43.4,3.53,256,3.43
2025.270.01:40:00/wx/-6.20,555.8,42.8,3.19,267,3.39
2025.270.01:41:00/wx/-6.02,555.8,42.6,4.78,251,3.39
2025.270.01:42:00/wx/-6.00,555.8,42.3,3.99,254,3.37
2025.270.01:43:00/wx/-6.00,555.8,42.2,3.94,253,3.37
2025.270.01:44:00/wx/-5.90,555.8,42.6,5.00,253,3.44
2025.270.01:45:00/wx/-5.90,555.8,42.9,4.26,255,3.41
2025.270.01:46:00/wx/-5.90,555.8,42.8,4.28,255,3.40
2025.270.01:47:00/wx/-5.80,555.8,43.0,3.83,256,3.40
2025.270.01:48:00/wx/-5.91,555.8,43.3,3.55,273,3.39
2025.270.01:49:00/wx/-5.90,555.8,43.3,5.06,247,3.35
2025.270.01:50:00/wx/-6.10,555.8,43.5,4.55,252,3.37
2025.270.01:51:00/wx/-6.10,555.8,43.7,4.43,253,3.38
2025.270.01:52:00/wx/-6.20,555.8,44.0,4.13,250,3.34
2025.270.01:53:00/wx/-6.64,555.8,45.3,2.08,262,3.37
2025.270.01:54:00/wx/-7.10,555.8,47.5,2.78,248,3.37
2025.270.01:55:00/wx/-7.06,555.8,47.8,2.07,255,3.38
2025.270.01:56:00/wx/-7.39,555.8,49.0,2.71,255,3.40
2025.270.01:57:00/wx/-7.00,555.8,47.9,2.92,252,3.36
2025.270.01:58:00/wx/-7.03,555.8,46.5,2.85,246,3.29
2025.270.01:59:00/wx/-7.30,555.8,47.5,2.97,245,3.32
2025.270.02:00:00/wx/-7.38,555.8,47.5,3.01,243,3.29
2025.270.02:01:00/wx/-7.30,555.8,46.5,3.43,249,3.25
2025.270.02:02:00/wx/-7.30,555.8,46.5,3.62,248,3.25
2025.270.02:03:00/wx/-7.30,555.8,46.8,2.69,250,3.23
2025.270.02:04:00/wx/-7.40,555.8,46.6,2.63,255,3.18
2025.270.02:05:00/wx/-7.50,555.8,46.4,2.89,247,3.20
2025.270.02:06:00/wx/-7.50,555.8,45.8,2.93,248,3.19
2025.270.02:07:00/wx/-7.40,555.8,45.0,2.50,251,3.18
2025.270.02:08:00/wx/-7.50,555.8,44.6,2.42,246,3.19
2025.270.02:09:00/wx/-7.27,555.8,44.4,2.43,268,3.16
2025.270.02:10:00/wx/-6.80,555.8,42.7,3.57,253,3.17
2025.270.02:11:00/wx/-6.80,555.8,43.2,2.94,268,3.17
2025.270.02:12:00/wx/-6.67,555.8,43.1,3.64,254,3.13
2025.270.02:13:00/wx/-6.60,555.8,42.5,2.47,258,3.11
2025.270.02:14:00/wx/-6.70,555.8,43.0,3.00,262,3.16
2025.270.02:15:00/wx/-6.60,555.8,42.6,2.84,254,3.14
2025.270.02:16:00/wx/-6.60,555.8,42.8,2.80,254,3.14
2025.270.02:17:00/wx/-6.70,555.7,42.8,2.24,271,3.18
2025.270.02:18:00/wx/-6.90,555.8,43.7,2.72,274,3.14
2025.270.02:19:00/wx/-7.00,555.7,43.8,2.92,287,3.10
2025.270.02:20:00/wx/-7.10,555.8,43.7,3.83,299,3.11
2025.270.02:21:00/wx/-7.02,555.8,43.7,3.00,290,3.08
2025.270.02:22:00/wx/-6.96,555.7,43.7,2.72,295,3.11
2025.270.02:23:00/wx/-6.94,555.7,43.3,3.16,288,3.12
2025.270.02:24:00/wx/-6.81,555.7,43.3,3.11,284,3.09
2025.270.02:25:00/wx/-6.60,555.7,43.3,3.21,282,3.10
2025.270.02:26:00/wx/-6.78,555.8,44.1,2.78,275,3.11
2025.270.02:27:00/wx/-6.45,555.8,44.2,2.93,276,3.12
2025.270.02:28:00/wx/-6.37,555.8,43.7,3.39,281,3.11
2025.270.02:29:00/wx/-6.69,555.8,44.2,3.51,278,3.11
2025.270.02:30:00/wx/-6.90,555.8,45.0,2.71,291,3.13
2025.270.02:31:00/wx/-7.00,555.8,45.4,2.92,304,3.14
2025.270.02:32:00/wx/-6.84,555.8,44.5,3.03,314,3.14
2025.270.02:33:00/wx/-6.60,555.8,43.3,2.49,306,3.12
2025.270.02:34:00/wx/-6.50,555.8,42.8,2.43,303,3.13
2025.270.02:35:00/wx/-6.60,555.8,42.9,2.65,303,3.14
2025.270.02:36:00/wx/-6.50,555.8,42.8,2.96,315,3.18
2025.270.02:37:00/wx/-6.42,555.8,42.9,2.87,307,3.18
2025.270.02:38:00/wx/-6.49,555.8,42.4,3.01,303,3.19
2025.270.02:39:00/wx/-6.40,555.8,42.5,2.73,301,3.21
2025.270.02:40:00/wx/-6.22,555.8,42.3,2.83,307,3.20
2025.270.02:41:00/wx/-6.30,555.8,42.0,2.65,312,3.24
2025.270.02:42:00/wx/-6.22,555.8,42.0,2.78,321,3.23
2025.270.02:43:00/wx/-6.20,555.8,42.0,3.04,317,3.22
2025.270.02:44:00/wx/-6.20,555.8,41.8,2.76,308,3.24
2025.270.02:45:00/wx/-6.20,555.8,41.9,3.09,309,3.27
2025.270.02:46:00/wx/-6.20,555.8,41.9,3.35,307,3.27
2025.270.02:47:00/wx/-6.11,555.8,41.8,3.39,309,3.26
2025.270.02:48:00/wx/-6.10,555.8,41.6,2.53,301,3.27
2025.270.02:49:00/wx/-6.20,555.8,42.0,3.23,310,3.29
2025.270.02:50:00/wx/-6.30,555.9,42.0,2.78,308,3.33
2025.270.02:51:00/wx/-6.30,555.8,42.3,3.36,309,3.33
2025.270.02:52:00/wx/-6.39,555.8,42.4,3.10,307,3.33
2025.270.02:53:00/wx/-6.30,555.8,42.9,3.72,303,3.35
2025.270.02:54:00/wx/-6.20,555.8,42.9,3.43,309,3.38
2025.270.02:55:00/wx/-6.35,555.8,42.9,3.17,303,3.37
2025.270.02:56:00/wx/-6.40,555.8,42.9,2.94,309,3.37
2025.270.02:57:00/wx/-6.30,555.8,42.9,2.91,302,3.37
2025.270.02:58:00/wx/-6.31,555.8,42.7,3.48,302,3.37
2025.270.02:59:00/wx/-6.26,555.8,42.9,3.52,300,3.36
2025.270.03:00:00/wx/-6.29,555.8,42.6,3.41,309,3.34
2025.270.03:01:00/wx/-6.60,555.8,43.2,3.05,307,3.31
2025.270.03:02:00/wx/-6.80,555.8,43.9,3.83,315,3.32
2025.270.03:03:00/wx/-6.71,555.8,44.0,3.67,309,3.33
2025.270.03:04:00/wx/-7.31,555.8,44.5,3.70,315,3.35
2025.270.03:05:00/wx/-6.81,555.8,45.1,3.47,315,3.32
2025.270.03:06:00/wx/-6.40,555.8,44.1,3.90,314,3.32
2025.270.03:07:00/wx/-6.30,555.8,43.5,3.27,317,3.31
2025.270.03:08:00/wx/-6.29,555.8,43.2,3.74,315,3.30
2025.270.03:09:00/wx/-6.20,555.8,42.9,3.38,314,3.30
2025.270.03:10:00/wx/-6.30,555.8,42.9,3.35,317,3.30
2025.270.03:11:00/wx/-6.30,555.8,42.9,3.43,316,3.31
2025.270.03:12:00/wx/-6.30,555.8,43.0,3.23,314,3.31
2025.270.03:13:00/wx/-6.40,555.8,43.1,3.59,311,3.28
2025.270.03:14:00/wx/-6.40,555.8,43.1,3.66,316,3.29
2025.270.03:15:00/wx/-6.30,555.8,42.9,3.14,316,3.27
2025.270.03:16:00/wx/-6.30,555.8,43.1,3.53,310,3.27
2025.270.03:17:00/wx/-6.30,555.8,43.0,2.94,315,3.28
2025.270.03:18:00/wx/-6.20,555.8,43.1,3.35,319,3.27
2025.270.03:19:00/wx/-6.38,555.8,43.2,3.49,313,3.26
2025.270.03:20:00/wx/-6.50,555.8,43.7,3.52,307,3.26
2025.270.03:21:00/wx/-6.60,555.8,43.8,3.64,312,3.28
2025.270.03:22:00/wx/-6.40,555.8,43.7,3.25,310,3.26
2025.270.03:23:00/wx/-6.35,555.8,43.4,3.10,310,3.22
2025.270.03:24:00/wx/-6.48,555.8,43.6,3.33,309,3.22
2025.270.03:25:00/wx/-6.50,555.8,43.7,3.33,306,3.23
2025.270.03:26:00/wx/-6.51,555.8,43.8,3.54,308,3.25
2025.270.03:27:00/wx/-6.50,555.8,43.9,3.47,311,3.26
2025.270.03:28:00/wx/-6.50,555.8,43.6,3.52,312,3.14
2025.270.03:29:00/wx/-6.40,555.8,43.7,3.56,309,3.31
2025.270.03:30:00/wx/-6.40,555.8,43.7,3.23,298,3.30
2025.270.03:31:00/wx/-6.29,555.8,44.0,3.72,300,3.28
2025.270.03:32:00/wx/-6.40,555.8,43.8,3.47,296,3.27
2025.270.03:33:00/wx/-6.47,555.9,43.9,3.53,301,3.29
2025.270.03:34:00/wx/-6.50,555.9,44.2,3.54,296,3.28
2025.270.03:35:00/wx/-6.60,555.8,44.5,3.73,299,3.32
2025.270.03:36:00/wx/-6.49,555.8,44.8,3.55,300,3.32
2025.270.03:37:00/wx/-6.65,555.8,44.8,3.63,297,3.33
2025.270.03:38:00/wx/-6.50,555.8,44.8,3.34,298,3.32
2025.270.03:39:00/wx/-6.50,555.8,45.1,3.73,296,3.31
2025.270.03:40:00/wx/-6.50,555.8,45.0,3.59,312,3.31
2025.270.03:41:00/wx/-6.50,555.8,44.7,4.04,307,3.30
2025.270.03:42:00/wx/-6.70,555.8,45.0,3.63,303,3.31
2025.270.03:43:00/wx/-6.80,555.8,45.5,3.79,312,3.48
2025.270.03:44:00/wx/-6.80,555.8,45.6,3.53,313,3.36
2025.270.03:45:00/wx/-6.60,555.8,45.5,3.35,316,3.33
2025.270.03:46:00/wx/-6.60,555.8,45.3,3.47,312,3.34
2025.270.03:47:00/wx/-6.67,555.8,45.4,3.54,312,3.31
2025.270.03:48:00/wx/-6.70,555.8,45.4,3.44,310,3.28
2025.270.03:49:00/wx/-6.60,555.8,45.4,3.63,317,3.32
2025.270.03:50:00/wx/-6.70,555.8,45.4,3.79,314,3.29
2025.270.03:51:00/wx/-6.81,555.8,45.8,3.59,313,3.26
2025.270.03:52:00/wx/-6.70,555.8,45.9,4.00,310,3.25
2025.270.03:53:00/wx/-6.70,555.8,45.9,3.82,310,3.29
2025.270.03:54:00/wx/-6.59,555.8,45.8,3.91,314,3.25
2025.270.03:55:00/wx/-6.70,555.7,45.7,3.38,311,3.28
2025.270.03:56:00/wx/-6.70,555.7,46.1,3.69,312,3.26
2025.270.03:57:00/wx/-6.60,555.7,46.2,3.63,308,3.25
2025.270.03:58:00/wx/-6.60,555.7,46.1,3.53,302,3.19
2025.270.03:59:00/wx/-6.52,555.7,46.0,3.45,307,3.18
2025.270.04:00:00/wx/-6.54,555.7,46.1,3.96,324,3.17
2025.270.04:01:00/wx/-6.66,555.7,46.1,3.58,317,3.19
2025.270.04:02:00/wx/-6.51,555.7,46.5,4.31,318,3.18
2025.270.04:03:00/wx/-6.40,555.6,46.4,3.71,315,3.19
2025.270.04:04:00/wx/-6.57,555.6,46.3,3.79,326,3.19
2025.270.04:05:00/wx/-7.00,555.6,47.1,3.90,324,3.20
2025.270.04:06:00/wx/-7.53,555.6,48.7,4.18,324,3.23
2025.270.04:07:00/wx/-7.59,555.6,49.4,3.44,311,3.20
2025.270.04:08:00/wx/-7.70,555.6,50.4,4.13,316,3.21
2025.270.04:09:00/wx/-7.13,555.6,50.5,4.42,336,3.21
2025.270.04:10:00/wx/-6.44,555.6,48.5,4.62,326,3.19
2025.270.04:11:00/wx/-6.48,555.6,47.4,3.77,327,3.16
2025.270.04:12:00/wx/-6.70,555.5,48.4,4.13,320,3.15
2025.270.04:13:00/wx/-6.50,555.6,48.1,3.76,319,3.12
2025.270.04:14:00/wx/-6.42,555.6,47.7,4.81,332,3.07
2025.270.04:15:00/wx/-6.23,555.6,47.0,4.50,319,3.22
2025.270.04:16:00/wx/-7.01,555.6,48.3,4.33,318,3.14
2025.270.04:17:00/wx/-6.50,555.6,48.6,4.56,323,3.15
2025.270.04:18:00/wx/-6.75,555.6,48.0,4.90,318,3.13
2025.270.04:19:00/wx/-6.55,555.5,48.7,4.68,313,3.10
2025.270.04:20:00/wx/-6.16,555.6,49.3,4.25,324,3.19
2025.270.04:21:00/wx/-6.30,555.6,48.3,4.84,331,3.15
2025.270.04:22:00/wx/-5.79,555.5,48.2,5.03,334,3.16
2025.270.04:23:00/wx/-6.04,555.5,47.5,5.12,326,3.18
2025.270.04:24:00/wx/-6.11,555.5,47.8,4.35,325,3.19
2025.270.04:25:00/wx/-6.66,555.5,48.0,3.89,310,3.23
2025.270.04:26:00/wx/-7.10,555.5,49.7,3.63,312,3.24
2025.270.04:27:00/wx/-7.30,555.5,50.7,4.28,318,3.25
2025.270.04:28:00/wx/-7.30,555.5,50.8,4.48,327,3.28
2025.270.04:29:00/wx/-7.37,555.5,51.7,4.65,323,3.28
2025.270.04:30:00/wx/-7.30,555.5,53.2,4.28,318,3.29
2025.270.04:31:00/wx/-7.09,555.5,53.0,4.92,326,3.31
2025.270.04:32:00/wx/-6.40,555.5,52.9,4.84,331,3.34
2025.270.04:33:00/wx/-6.81,555.4,52.1,3.32,286,3.35
2025.270.04:34:00/wx/-6.92,555.4,52.0,4.47,284,3.29
2025.270.04:35:00/wx/-6.90,555.5,51.1,4.03,286,3.31
2025.270.04:36:00/wx/-6.70,555.4,51.3,4.73,290,3.27
2025.270.04:37:00/wx/-6.60,555.4,51.0,4.46,307,3.28
2025.270.04:38:00/wx/-6.50,555.4,50.6,4.07,315,3.28
2025.270.04:39:00/wx/-6.79,555.4,50.8,4.31,319,3.24
2025.270.04:40:00/wx/-7.00,555.4,52.2,3.63,311,3.28
2025.270.04:41:00/wx/-7.50,555.3,53.0,4.01,301,3.34
2025.270.04:42:00/wx/-7.71,555.4,54.2,3.51,305,3.31
2025.270.04:43:00/wx/-7.57,555.4,55.8,4.42,318,3.26
2025.270.04:44:00/wx/-7.29,555.3,56.8,3.05,319,3.24
2025.270.04:45:00/wx/-7.51,555.4,57.3,3.78,318,3.16
2025.270.04:46:00/wx/-7.20,555.3,58.1,3.48,313,3.04
2025.270.04:47:00/wx/-7.77,555.4,57.4,4.31,295,3.05
2025.270.04:48:00/wx/-7.50,555.4,58.3,4.24,306,3.06
2025.270.04:49:00/wx/-7.40,555.4,57.9,4.43,301,3.10
2025.270.04:50:00/wx/-7.39,555.4,57.5,4.25,305,3.05
2025.270.04:51:00/wx/-7.17,555.4,58.0,4.13,312,3.02
2025.270.04:52:00/wx/-7.20,555.4,57.4,4.02,281,3.01
2025.270.04:53:00/wx/-7.30,555.4,56.8,3.62,290,3.04
2025.270.04:54:00/wx/-7.30,555.3,57.1,3.63,298,3.00
2025.270.04:55:00/wx/-7.60,555.3,57.9,3.96,290,2.96
2025.270.04:56:00/wx/-7.36,555.4,58.5,4.32,289,2.94
2025.270.04:57:00/wx/-7.20,555.4,58.6,3.75,289,2.97
2025.270.04:58:00/wx/-7.29,555.4,58.6,3.26,298,2.97
2025.270.04:59:00/wx/-7.30,555.4,59.6,3.93,298,2.99
2025.270.05:00:00/wx/-7.20,555.4,60.3,3.43,292,2.99
2025.270.05:01:00/wx/-7.15,555.4,60.2,3.58,295,2.99
2025.270.05:02:00/wx/-7.02,555.4,60.2,4.49,298,3.01
2025.270.05:03:00/wx/-7.00,555.3,60.3,4.34,304,3.04
2025.270.05:04:00/wx/-6.91,555.4,59.5,3.70,299,3.07
2025.270.05:05:00/wx/-7.00,555.4,59.4,4.13,310,3.05
2025.270.05:06:00/wx/-6.80,555.4,59.4,3.97,304,3.09
2025.270.05:07:00/wx/-6.99,555.4,59.5,3.85,301,3.11
2025.270.05:08:00/wx/-7.10,555.4,59.6,3.83,297,3.05
2025.270.05:09:00/wx/-7.19,555.4,59.5,3.87,293,3.15
2025.270.05:10:00/wx/-7.16,555.4,59.8,3.86,299,3.07
2025.270.05:11:00/wx/-7.20,555.4,60.0,3.57,298,3.11
2025.270.05:12:00/wx/-7.40,555.3,59.9,3.52,307,3.02
2025.270.05:13:00/wx/-7.71,555.3,60.6,3.74,301,3.11
2025.270.05:14:00/wx/-7.90,555.3,61.5,3.83,308,3.05
2025.270.05:15:00/wx/-7.95,555.3,62.2,3.62,301,3.10
2025.270.05:16:00/wx/-8.00,555.3,62.6,3.20,306,3.11
2025.270.05:17:00/wx/-7.81,555.3,62.9,3.84,308,3.13
2025.270.05:18:00/wx/-7.48,555.3,62.3,4.09,313,3.19
2025.270.05:19:00/wx/-7.30,555.4,60.9,3.80,303,3.19
2025.270.05:20:00/wx/-7.20,555.3,60.1,3.82,308,3.26
2025.270.05:21:00/wx/-7.20,555.3,59.7,3.72,312,3.16
2025.270.05:22:00/wx/-7.10,555.3,59.9,3.83,314,3.07
2025.270.05:23:00/wx/-7.30,555.3,60.2,3.77,314,3.05
2025.270.05:24:00/wx/-7.40,555.3,61.0,3.98,321,3.00
2025.270.05:25:00/wx/-7.26,555.2,61.2,4.07,322,2.96
2025.270.05:26:00/wx/-7.03,555.2,60.9,4.52,325,2.85
2025.270.05:27:00/wx/-6.80,555.2,59.3,4.25,322,2.79
2025.270.05:28:00/wx/-6.95,555.2,58.5,4.40,322,2.70
2025.270.05:29:00/wx/-7.30,555.2,59.2,4.50,323,2.71
2025.270.05:30:00/wx/-7.00,555.2,58.9,4.16,314,2.58
2025.270.05:31:00/wx/-6.91,555.2,58.0,4.03,326,2.55
2025.270.05:32:00/wx/-6.91,555.2,56.4,4.65,326,2.55
2025.270.05:33:00/wx/-6.56,555.2,56.0,4.75,324,2.50
2025.270.05:34:00/wx/-6.66,555.1,54.8,3.84,326,2.47
2025.270.05:35:00/wx/-6.71,555.1,55.7,5.02,328,2.39
2025.270.05:36:00/wx/-6.70,555.2,55.3,4.13,312,2.35
2025.270.05:37:00/wx/-7.02,555.1,55.6,3.53,321,2.34
2025.270.05:38:00/wx/-7.58,555.1,56.4,4.00,328,2.32
2025.270.05:39:00/wx/-7.03,555.1,57.3,4.18,318,2.32
2025.270.05:40:00/wx/-7.37,555.1,56.4,3.28,288,2.32
2025.270.05:41:00/wx/-7.91,555.1,58.0,3.59,285,2.26
2025.270.05:42:00/wx/-8.00,555.1,59.5,4.20,287,2.22
2025.270.05:43:00/wx/-7.79,555.1,59.7,3.43,286,2.22
2025.270.05:44:00/wx/-7.80,555.1,59.2,3.97,292,2.14
2025.270.05:45:00/wx/-8.00,555.1,59.5,3.55,290,2.02
2025.270.05:46:00/wx/-8.01,555.1,59.7,2.17,286,1.99
2025.270.05:47:00/wx/-8.20,555.1,60.0,3.27,305,1.89
2025.270.05:48:00/wx/-8.19,555.1,60.6,4.52,326,1.81
2025.270.05:49:00/wx/-7.06,555.1,59.6,4.91,325,1.78
2025.270.05:50:00/wx/-6.70,555.1,56.7,5.33,327,1.75
2025.270.05:51:00/wx/-6.71,555.1,56.5,4.51,326,1.63
2025.270.05:52:00/wx/-6.36,555.1,56.3,5.22,328,1.68
2025.270.05:53:00/wx/-6.32,555.1,55.6,5.64,331,1.64
2025.270.05:54:00/wx/-6.00,555.1,55.7,5.02,331,1.60
2025.270.05:55:00/wx/-6.20,555.1,55.7,5.15,335,1.57
2025.270.05:56:00/wx/-6.23,555.1,55.9,4.67,328,1.57
2025.270.05:57:00/wx/-6.24,555.1,56.5,5.55,333,1.49
2025.270.05:58:00/wx/-6.10,555.1,57.1,4.93,330,1.44
2025.270.05:59:00/wx/-6.10,555.1,57.1,4.91,328,1.45
2025.270.06:00:00/wx/-6.31,555.1,57.7,4.81,320,1.44
2025.270.06:01:00/wx/-6.30,555.1,59.2,4.73,321,1.43
2025.270.06:02:00/wx/-6.36,555.1,59.3,4.43,329,1.38
2025.270.06:03:00/wx/-6.50,555.1,60.0,4.23,333,1.37
2025.270.06:04:00/wx/-6.60,555.0,61.2,4.63,330,1.36
2025.270.06:05:00/wx/-6.42,555.1,61.2,3.63,328,1.34
2025.270.06:06:00/wx/-6.66,555.0,62.0,4.78,323,1.29
2025.270.06:07:00/wx/-6.40,555.0,62.3,4.96,324,1.25
2025.270.06:08:00/wx/-6.30,555.0,61.9,4.21,329,1.27
2025.270.06:09:00/wx/-6.72,555.0,61.1,3.75,320,1.28
2025.270.06:10:00/wx/-7.76,555.0,61.9,2.96,307,1.25
2025.270.06:11:00/wx/-7.95,555.0,64.8,3.94,321,1.25
2025.270.06:12:00/wx/-7.80,555.0,65.9,4.17,326,1.31
2025.270.06:13:00/wx/-8.10,555.0,65.5,4.55,320,1.25
2025.270.06:14:00/wx/-8.20,555.0,66.5,3.49,302,1.24
2025.270.06:15:00/wx/-8.20,555.0,67.6,3.36,296,1.24
2025.270.06:16:00/wx/-7.93,555.0,68.3,3.54,307,1.24
2025.270.06:17:00/wx/-7.72,555.0,68.0,3.65,313,1.24
2025.270.06:18:00/wx/-7.60,555.0,67.6,3.23,313,1.21
2025.270.06:19:00/wx/-7.70,555.0,67.8,3.92,311,1.17
2025.270.06:20:00/wx/-7.45,555.0,68.2,3.26,312,1.11
2025.270.06:21:00/wx/-7.34,554.9,67.8,3.70,321,1.07
2025.270.06:22:00/wx/-7.10,555.0,67.4,3.71,324,1.14
2025.270.06:23:00/wx/-6.89,555.0,67.4,4.02,318,1.16
2025.270.06:24:00/wx/-6.71,555.0,67.4,4.38,317,1.25
2025.270.06:25:00/wx/-6.85,555.0,67.3,3.78,319,1.18
2025.270.06:26:00/wx/-7.00,554.9,67.7,4.24,323,1.11
2025.270.06:27:00/wx/-7.10,554.9,67.4,4.14,325,1.13
2025.270.06:28:00/wx/-6.90,555.0,68.4,4.24,315,1.15
2025.270.06:29:00/wx/-6.76,554.9,68.5,4.20,323,1.13
2025.270.06:30:00/wx/-6.70,554.9,67.7,3.86,314,1.07
2025.270.06:31:00/wx/-6.80,554.9,67.8,4.24,328,1.03
2025.270.06:32:00/wx/-6.80,554.9,67.7,4.43,326,1.02
2025.270.06:33:00/wx/-6.70,554.9,67.4,4.18,324,1.01
2025.270.06:34:00/wx/-6.60,554.9,67.2,4.68,325,0.96
2025.270.06:35:00/wx/-6.88,554.9,66.4,4.70,330,0.94
2025.270.06:36:00/wx/-7.09,554.9,66.9,4.15,324,0.92
2025.270.06:37:00/wx/-6.90,554.9,67.7,4.63,321,0.91
2025.270.06:38:00/wx/-6.70,554.9,67.2,4.43,326,0.93
2025.270.06:39:00/wx/-6.80,554.9,66.8,4.56,329,0.94
2025.270.06:40:00/wx/-6.53,554.8,67.0,4.36,327,0.88
2025.270.06:41:00/wx/-6.70,554.8,65.6,4.54,321,0.80
2025.270.06:42:00/wx/-6.50,554.8,66.2,5.40,323,0.83
2025.270.06:43:00/wx/-6.61,554.8,65.7,4.84,331,0.82
2025.270.06:44:00/wx/-6.76,554.7,65.4,5.05,329,0.82
2025.270.06:45:00/wx/-6.54,554.7,66.3,5.17,335,0.80
2025.270.06:46:00/wx/-6.20,554.7,65.4,4.93,336,0.80
2025.270.06:47:00/wx/-6.00,554.7,64.5,4.96,331,0.76
2025.270.06:48:00/wx/-6.00,554.7,64.0,5.25,328,0.75
2025.270.06:49:00/wx/-5.90,554.7,63.8,5.41,329,0.76
2025.270.06:50:00/wx/-6.00,554.7,63.5,5.27,325,0.80
2025.270.06:51:00/wx/-6.01,554.7,63.8,4.93,323,0.83
2025.270.06:52:00/wx/-6.00,554.6,64.1,4.44,327,0.87
2025.270.06:53:00/wx/-6.16,554.6,64.6,4.88,326,0.88
2025.270.06:54:00/wx/-5.90,554.6,64.4,4.57,323,0.87
2025.270.06:55:00/wx/-5.90,554.6,63.9,4.73,322,0.84
2025.270.06:56:00/wx/-5.90,554.6,64.0,4.99,330,0.77
2025.270.06:57:00/wx/-6.00,554.6,64.1,4.75,326,0.78
2025.270.06:58:00/wx/-5.96,554.6,64.3,5.01,329,0.78
2025.270.06:59:00/wx/-6.10,554.6,64.4,4.70,321,0.80
2025.270.07:00:00/wx/-6.00,554.6,64.3,4.83,324,0.75
2025.270.07:01:00/wx/-6.18,554.6,63.5,5.35,320,0.72
2025.270.07:02:00/wx/-6.19,554.6,63.1,4.31,329,0.75
2025.270.07:03:00/wx/-6.90,554.6,63.0,4.49,320,0.74
2025.270.07:04:00/wx/-6.80,554.6,65.5,5.15,325,0.75
2025.270.07:05:00/wx/-6.29,554.6,65.7,4.93,326,0.77
2025.270.07:06:00/wx/-6.38,554.6,64.7,5.38,333,0.75
2025.270.07:07:00/wx/-6.31,554.6,64.9,4.66,327,0.73
2025.270.07:08:00/wx/-6.07,554.6,64.5,5.00,336,0.78
2025.270.07:09:00/wx/-6.09,554.6,63.4,5.11,327,0.77
2025.270.07:10:00/wx/-6.10,554.6,63.5,4.74,328,0.76
2025.270.07:11:00/wx/-6.14,554.6,63.2,4.68,330,0.71
2025.270.07:12:00/wx/-6.35,554.5,63.0,5.40,334,0.69
2025.270.07:13:00/wx/-6.30,554.6,63.2,4.93,329,0.69
2025.270.07:14:00/wx/-6.40,554.5,62.4,5.03,334,0.68
2025.270.07:15:00/wx/-6.09,554.5,62.4,4.75,335,0.71
2025.270.07:16:00/wx/-6.16,554.6,61.0,4.78,333,0.77
2025.270.07:17:00/wx/-6.09,554.6,60.5,5.17,334,0.74
2025.270.07:18:00/wx/-6.28,554.6,60.8,5.41,335,0.76
2025.270.07:19:00/wx/-6.60,554.6,60.7,4.67,329,0.75
2025.270.07:20:00/wx/-6.30,554.6,60.0,4.89,336,0.71
2025.270.07:21:00/wx/-6.62,554.6,59.6,5.25,337,0.71
2025.270.07:22:00/wx/-6.30,554.6,60.1,5.04,336,0.70
2025.270.07:23:00/wx/-6.20,554.6,59.3,4.85,339,0.73
2025.270.07:24:00/wx/-6.20,554.6,58.5,4.68,336,0.74
2025.270.07:25:00/wx/-6.30,554.5,58.4,4.94,335,0.73
2025.270.07:26:00/wx/-6.30,554.5,58.7,4.74,332,0.72
2025.270.07:27:00/wx/-6.57,554.5,57.9,4.33,333,0.64
2025.270.07:28:00/wx/-6.60,554.5,58.1,5.23,334,0.66
2025.270.07:29:00/wx/-6.83,554.5,57.1,4.94,335,0.67
2025.270.07:30:00/wx/-6.49,554.5,57.7,5.13,336,0.68
2025.270.07:31:00/wx/-6.30,554.5,57.5,5.00,338,0.68
2025.270.07:32:00/wx/-6.20,554.4,56.8,5.23,331,0.68
2025.270.07:33:00/wx/-6.20,554.5,57.0,5.21,335,0.68
2025.270.07:34:00/wx/-6.28,554.4,58.3,4.85,331,0.66
2025.270.07:35:00/wx/-6.04,554.4,58.4,4.63,337,0.66
2025.270.07:36:00/wx/-6.12,554.5,58.8,4.57,333,0.68
2025.270.07:37:00/wx/-6.10,554.5,59.3,4.24,330,0.75
2025.270.07:38:00/wx/-6.00,554.4,59.2,4.13,330,0.77
2025.270.07:39:00/wx/-6.16,554.4,58.8,4.87,337,0.80
2025.270.07:40:00/wx/-6.30,554.4,59.0,4.79,336,0.81
2025.270.07:41:00/wx/-6.10,554.5,59.2,4.64,334,0.83
2025.270.07:42:00/wx/-6.30,554.5,57.9,4.23,322,0.83
2025.270.07:43:00/wx/-6.32,554.5,58.2,4.10,329,0.82
2025.270.07:44:00/wx/-6.36,554.4,58.6,4.41,323,0.76
2025.270.07:45:00/wx/-6.37,554.5,58.9,4.55,335,0.74
2025.270.07:46:00/wx/-6.30,554.5,58.6,4.95,326,0.77
2025.270.07:47:00/wx/-6.30,554.4,58.8,5.12,321,0.74
2025.270.07:48:00/wx/-6.40,554.4,59.0,4.82,328,0.70
2025.270.07:49:00/wx/-6.55,554.4,59.6,5.07,333,0.70
2025.270.07:50:00/wx/-6.50,554.5,60.1,4.49,323,0.72
2025.270.07:51:00/wx/-6.50,554.5,59.9,5.51,332,0.70
2025.270.07:52:00/wx/-6.40,554.5,60.0,4.91,327,0.71
2025.270.07:53:00/wx/-6.45,554.5,59.8,4.73,329,0.67
2025.270.07:54:00/wx/-6.40,554.5,60.2,4.61,330,0.67
2025.270.07:55:00/wx/-6.20,554.5,60.1,5.13,333,0.65
2025.270.07:56:00/wx/-6.40,554.5,59.4,5.03,330,0.65
2025.270.07:57:00/wx/-6.20,554.5,58.7,4.70,332,0.67
2025.270.07:58:00/wx/-6.34,554.5,57.7,4.89,321,0.70
2025.270.07:59:00/wx/-6.19,554.5,57.1,4.92,327,0.66
2025.270.08:00:00/wx/-6.20,554.5,56.5,4.93,322,0.65
2025.270.08:01:00/wx/-6.20,554.5,55.7,5.32,329,0.66
2025.270.08:02:00/wx/-6.20,554.5,55.0,4.65,331,0.66
2025.270.08:03:00/wx/-6.31,554.5,53.9,5.39,327,0.67
2025.270.08:04:00/wx/-6.20,554.5,54.6,4.84,326,0.67
2025.270.08:05:00/wx/-6.31,554.5,53.5,4.73,328,0.71
2025.270.08:06:00/wx/-6.30,554.5,54.1,4.98,318,0.69
2025.270.08:07:00/wx/-6.46,554.5,53.3,4.81,322,0.70
2025.270.08:08:00/wx/-6.52,554.5,54.1,5.06,325,0.66
2025.270.08:09:00/wx/-6.30,554.5,53.9,4.43,327,0.66
2025.270.08:10:00/wx/-6.50,554.5,53.4,4.92,324,0.63
2025.270.08:11:00/wx/-6.74,554.5,52.8,4.95,326,0.69
2025.270.08:12:00/wx/-6.80,554.5,53.7,5.00,328,0.66
2025.270.08:13:00/wx/-6.60,554.5,52.9,5.35,324,0.69
2025.270.08:14:00/wx/-6.50,554.5,52.9,4.66,328,0.70
2025.270.08:15:00/wx/-6.69,554.5,52.4,4.99,333,0.65
2025.270.08:16:00/wx/-6.70,554.5,52.6,4.88,328,0.65
2025.270.08:17:00/wx/-6.60,554.5,52.1,5.48,324,0.64
2025.270.08:18:00/wx/-6.70,554.5,51.6,5.25,333,0.68
2025.270.08:19:00/wx/-6.80,554.5,51.8,4.72,330,0.68
2025.270.08:20:00/wx/-6.90,554.5,52.3,5.65,328,0.69
2025.270.08:21:00/wx/-6.56,554.5,52.3,5.29,335,0.66
2025.270.08:22:00/wx/-6.50,554.5,51.8,5.06,338,0.65
2025.270.08:23:00/wx/-6.60,554.5,51.7,5.43,344,0.63
2025.270.08:24:00/wx/-6.82,554.5,51.6,5.33,335,0.66
2025.270.08:25:00/wx/-6.60,554.5,52.0,5.61,335,0.64
2025.270.08:26:00/wx/-6.70,554.5,52.1,5.45,329,0.66
2025.270.08:27:00/wx/-6.60,554.5,52.3,5.69,329,0.67
2025.270.08:28:00/wx/-6.50,554.5,52.4,6.11,333,0.62
2025.270.08:29:00/wx/-6.38,554.5,52.4,5.50,330,0.59
2025.270.08:30:00/wx/-6.60,554.5,52.2,4.97,327,0.60
2025.270.08:31:00/wx/-6.70,554.5,52.3,4.71,327,0.66
2025.270.08:32:00/wx/-6.69,554.5,52.2,4.93,328,0.65
2025.270.08:33:00/wx/-6.59,554.5,51.8,5.20,338,0.59
2025.270.08:34:00/wx/-6.54,554.5,51.0,5.21,331,0.56
2025.270.08:35:00/wx/-6.50,554.5,51.1,5.65,335,0.69
2025.270.08:36:00/wx/-6.51,554.5,50.5,5.98,324,0.67
2025.270.08:37:00/wx/-6.30,554.4,50.2,6.13,334,0.59
2025.270.08:38:00/wx/-6.38,554.5,49.5,5.54,337,0.66
2025.270.08:39:00/wx/-6.38,554.5,49.5,5.17,332,0.64
2025.270.08:40:00/wx/-6.60,554.5,49.8,5.56,331,0.63
2025.270.08:41:00/wx/-6.50,554.5,50.0,5.61,325,0.63
2025.270.08:42:00/wx/-6.30,554.5,49.6,4.95,333,0.62
2025.270.08:43:00/wx/-6.43,554.5,49.3,5.63,332,0.59
2025.270.08:44:00/wx/-6.65,554.6,50.2,5.44,328,0.58
2025.270.08:45:00/wx/-6.67,554.5,50.4,5.97,331,0.60
2025.270.08:46:00/wx/-6.50,554.5,50.9,4.82,333,0.60
2025.270.08:47:00/wx/-6.50,554.6,50.8,5.72,321,0.62
2025.270.08:48:00/wx/-6.54,554.6,50.9,5.30,328,0.62
2025.270.08:49:00/wx/-6.60,554.6,51.2,5.76,328,0.58
2025.270.08:50:00/wx/-6.60,554.6,51.1,5.20,334,0.53
2025.270.08:51:00/wx/-6.90,554.6,50.8,5.43,330,0.54
2025.270.08:52:00/wx/-7.08,554.6,51.6,5.39,333,0.54
2025.270.08:53:00/wx/-6.79,554.6,51.3,5.67,330,0.53
2025.270.08:54:00/wx/-6.74,554.6,51.4,5.29,334,0.50
2025.270.08:55:00/wx/-6.91,554.6,52.1,5.78,334,0.51
2025.270.08:56:00/wx/-6.60,554.6,52.0,5.93,333,0.52
2025.270.08:57:00/wx/-6.93,554.6,51.6,5.20,334,0.52
2025.270.08:58:00/wx/-6.86,554.6,52.2,5.47,334,0.50
2025.270.08:59:00/wx/-6.72,554.6,52.2,5.49,337,0.48
2025.270.09:00:00/wx/-6.89,554.6,51.7,5.90,335,0.49
2025.270.09:01:00/wx/-6.71,554.6,51.0,5.41,330,0.49
2025.270.09:02:00/wx/-6.88,554.6,50.9,6.10,336,0.47
2025.270.09:03:00/wx/-6.62,554.6,49.5,5.65,332,0.49
2025.270.09:04:00/wx/-6.88,554.6,49.0,5.75,341,0.49
2025.270.09:05:00/wx/-6.90,554.6,48.5,5.33,337,0.50
2025.270.09:06:00/wx/-6.80,554.6,47.2,5.69,329,0.49
2025.270.09:07:00/wx/-6.74,554.6,45.8,5.53,333,0.49
2025.270.09:08:00/wx/-6.86,554.6,45.1,5.50,335,0.52
2025.270.09:09:00/wx/-7.10,554.6,45.7,5.98,335,0.50
2025.270.09:10:00/wx/-7.00,554.6,45.8,5.53,333,0.52
2025.270.09:11:00/wx/-6.69,554.6,45.3,6.03,336,0.53
2025.270.09:12:00/wx/-6.40,554.6,44.0,5.32,333,0.54
2025.270.09:13:00/wx/-6.40,554.6,43.7,5.45,342,0.51
2025.270.09:14:00/wx/-6.40,554.6,44.1,5.81,339,0.52
2025.270.09:15:00/wx/-6.50,554.6,44.4,5.38,337,0.52
2025.270.09:16:00/wx/-6.47,554.6,44.7,5.14,336,0.51
2025.270.09:17:00/wx/-6.55,554.6,44.7,5.44,333,0.52
2025.270.09:18:00/wx/-7.00,554.6,45.8,5.90,334,0.53
2025.270.09:19:00/wx/-6.90,554.6,46.3,5.43,335,0.50
2025.270.09:20:00/wx/-6.98,554.6,46.6,5.36,330,0.49
2025.270.09:21:00/wx/-6.81,554.6,46.4,5.70,333,0.51
2025.270.09:22:00/wx/-6.98,554.6,46.6,6.32,337,0.58
2025.270.09:23:00/wx/-6.41,554.6,46.3,6.17,341,0.52
2025.270.09:24:00/wx/-6.30,554.6,44.6,4.13,341,0.48
2025.270.09:25:00/wx/-6.30,554.6,44.0,5.65,333,0.53
2025.270.09:26:00/wx/-6.25,554.6,43.0,5.44,328,0.54
2025.270.09:27:00/wx/-6.68,554.6,43.2,5.46,328,0.51
2025.270.09:28:00/wx/-6.39,554.6,43.4,5.96,335,0.51
2025.270.09:29:00/wx/-6.59,554.6,43.3,6.46,336,0.51
2025.270.09:30:00/wx/-6.73,554.6,43.6,5.40,328,0.48
2025.270.09:31:00/wx/-7.02,554.6,44.0,6.08,335,0.51
2025.270.09:32:00/wx/-6.72,554.7,43.5,5.70,332,0.52
2025.270.09:33:00/wx/-7.11,554.7,43.6,5.34,319,0.54
2025.270.09:34:00/wx/-6.99,554.7,43.9,5.47,333,0.53
2025.270.09:35:00/wx/-7.01,554.7,43.8,5.75,334,0.52
2025.270.09:36:00/wx/-6.90,554.7,43.3,6.07,336,0.49
2025.270.09:37:00/wx/-6.90,554.7,42.6,5.82,331,0.50
2025.270.09:38:00/wx/-6.90,554.7,42.4,5.83,328,0.50
2025.270.09:39:00/wx/-6.90,554.7,41.8,5.69,332,0.50
2025.270.09:40:00/wx/-7.12,554.7,41.6,5.49,328,0.49
2025.270.09:41:00/wx/-7.11,554.7,41.1,5.73,327,0.48
2025.270.09:42:00/wx/-7.00,554.7,40.8,5.33,330,0.46
2025.270.09:43:00/wx/-6.90,554.7,40.2,5.12,332,0.46
2025.270.09:44:00/wx/-6.90,554.7,39.9,4.97,329,0.45
2025.270.09:45:00/wx/-6.90,554.7,39.6,4.91,328,0.45
2025.270.09:46:00/wx/-6.90,554.7,39.2,4.85,329,0.44
2025.270.09:47:00/wx/-7.10,554.7,38.9,5.23,333,0.45
2025.270.09:48:00/wx/-6.79,554.7,38.3,5.03,331,0.46
2025.270.09:49:00/wx/-6.66,554.7,37.3,4.78,334,0.45
2025.270.09:50:00/wx/-6.64,554.7,36.7,4.77,334,0.45
2025.270.09:51:00/wx/-6.70,554.7,36.6,4.94,331,0.45
2025.270.09:52:00/wx/-6.70,554.7,36.5,5.23,339,0.44
2025.270.09:53:00/wx/-6.68,554.7,36.1,5.06,336,0.45
2025.270.09:54:00/wx/-6.50,554.7,35.5,5.04,337,0.45
2025.270.09:55:00/wx/-6.50,554.7,34.9,4.90,339,0.45
2025.270.09:56:00/wx/-6.58,554.7,34.6,5.17,337,0.45
2025.270.09:57:00/wx/-6.59,554.8,34.6,4.93,339,0.45
2025.270.09:58:00/wx/-6.60,554.7,34.1,4.83,337,0.45
2025.270.09:59:00/wx/-6.82,554.7,34.0,5.09,334,0.45
2025.270.10:00:00/wx/-6.88,554.7,34.2,4.86,336,0.44
2025.270.10:01:00/wx/-6.70,554.7,34.1,4.73,335,0.43
2025.270.10:02:00/wx/-6.79,554.7,34.1,4.88,335,0.43
2025.270.10:03:00/wx/-6.60,554.7,33.7,4.85,339,0.43
2025.270.10:04:00/wx/-6.39,554.7,33.1,4.68,337,0.43
2025.270.10:05:00/wx/-6.69,554.7,33.3,4.75,328,0.44
2025.270.10:06:00/wx/-6.80,554.7,33.3,4.54,334,0.44
2025.270.10:07:00/wx/-6.70,554.7,33.1,4.30,334,0.43
2025.270.10:08:00/wx/-6.60,554.8,32.6,4.51,331,0.43
2025.270.10:09:00/wx/-6.61,554.7,31.9,4.80,336,0.43
2025.270.10:10:00/wx/-6.60,554.7,31.3,4.83,338,0.42
2025.270.10:11:00/wx/-6.50,554.7,30.9,4.33,330,0.42
2025.270.10:12:00/wx/-6.57,554.7,30.8,4.58,334,0.43
2025.270.10:13:00/wx/-6.50,554.7,30.4,4.30,333,0.43
2025.270.10:14:00/wx/-6.40,554.7,29.6,4.14,330,0.43
2025.270.10:15:00/wx/-6.40,554.8,28.9,4.93,336,0.42
2025.270.10:16:00/wx/-6.61,554.8,28.8,3.85,330,0.41
2025.270.10:17:00/wx/-6.57,554.8,28.5,4.19,332,0.40
2025.270.10:18:00/wx/-6.43,554.7,27.8,4.18,333,0.40
2025.270.10:19:00/wx/-6.40,554.8,27.2,4.80,332,0.40
2025.270.10:20:00/wx/-6.60,554.8,27.2,4.03,334,0.39
2025.270.10:21:00/wx/-6.42,554.8,26.8,4.00,333,0.40
2025.270.10:22:00/wx/-6.40,554.8,26.3,4.28,334,0.39
2025.270.10:23:00/wx/-6.40,554.8,25.7,4.16,334,0.39
2025.270.10:24:00/wx/-6.40,554.8,25.3,4.53,334,0.38
2025.270.10:25:00/wx/-6.30,554.8,24.7,3.96,328,0.38
2025.270.10:26:00/wx/-6.30,554.8,24.6,4.38,335,0.37
2025.270.10:27:00/wx/-6.30,554.8,24.1,4.09,334,0.37
2025.270.10:28:00/wx/-6.09,554.9,23.6,4.26,333,0.37
2025.270.10:29:00/wx/-6.20,554.8,23.3,4.03,335,0.37
2025.270.10:30:00/wx/-6.21,554.8,23.1,4.15,334,0.37
2025.270.10:31:00/wx/-6.20,554.8,22.7,3.86,325,0.38
2025.270.10:32:00/wx/-6.20,554.8,22.8,3.96,325,0.38
2025.270.10:33:00/wx/-6.21,554.9,22.6,3.81,332,0.37
2025.270.10:34:00/wx/-6.40,554.8,22.6,3.63,331,0.36
2025.270.10:35:00/wx/-6.38,554.9,22.2,3.98,331,0.36
2025.270.10:36:00/wx/-6.20,554.9,21.7,3.90,328,0.36
2025.270.10:37:00/wx/-6.20,554.9,21.4,3.50,332,0.35
2025.270.10:38:00/wx/-6.20,554.9,21.1,3.73,330,0.36
2025.270.10:39:00/wx/-6.30,554.9,20.8,4.05,325,0.35
2025.270.10:40:00/wx/-6.16,554.9,20.2,3.76,327,0.35
2025.270.10:41:00/wx/-6.09,554.9,20.2,3.53,326,0.35
2025.270.10:42:00/wx/-6.20,554.9,20.2,3.93,329,0.34
2025.270.10:43:00/wx/-6.10,554.9,19.2,3.63,338,0.34
2025.270.10:44:00/wx/-6.32,554.9,19.3,3.94,329,0.34
2025.270.10:45:00/wx/-6.47,554.9,19.7,4.03,331,0.35
2025.270.10:46:00/wx/-6.31,554.9,19.1,4.31,337,0.33
2025.270.10:47:00/wx/-6.00,555.0,18.2,4.02,337,0.33
2025.270.10:48:00/wx/-5.90,554.9,17.6,4.13,336,0.33
2025.270.10:49:00/wx/-5.88,554.9,17.3,3.42,333,0.33
2025.270.10:50:00/wx/-5.90,554.9,17.2,4.25,330,0.33
2025.270.10:51:00/wx/-6.00,554.9,17.0,4.42,338,0.33
2025.270.10:52:00/wx/-5.90,555.0,16.6,4.02,336,0.33
2025.270.10:53:00/wx/-5.90,555.0,16.4,4.51,336,0.32
2025.270.10:54:00/wx/-5.80,554.9,16.5,4.07,330,0.32
2025.270.10:55:00/wx/-6.08,555.0,16.4,4.48,339,0.31
2025.270.10:56:00/wx/-5.81,554.9,15.7,4.43,339,0.32
2025.270.10:57:00/wx/-5.70,554.9,15.3,4.23,335,0.32
2025.270.10:58:00/wx/-5.81,555.0,15.4,4.82,342,0.32
2025.270.10:59:00/wx/-5.76,555.0,15.0,4.03,344,0.32
2025.270.11:00:00/wx/-5.73,555.0,14.7,4.10,334,0.32
2025.270.11:01:00/wx/-5.61,555.0,14.7,4.61,335,0.32
2025.270.11:02:00/wx/-5.80,555.0,15.3,4.55,347,0.32
2025.270.11:03:00/wx/-5.58,555.0,14.3,4.51,343,0.31
2025.270.11:04:00/wx/-5.44,555.0,14.2,3.84,332,0.32
2025.270.11:05:00/wx/-5.54,555.0,14.8,3.91,328,0.31
2025.270.11:06:00/wx/-5.80,555.0,15.5,4.00,331,0.32
2025.270.11:07:00/wx/-5.59,555.0,14.6,3.70,334,0.32
2025.270.11:08:00/wx/-5.60,555.0,13.6,4.11,347,0.31
2025.270.11:09:00/wx/-5.50,555.0,13.5,4.00,343,0.31
2025.270.11:10:00/wx/-5.50,555.0,13.4,4.10,343,0.31
2025.270.11:11:00/wx/-5.50,555.0,14.0,4.03,339,0.31
2025.270.11:12:00/wx/-5.49,555.0,13.1,3.58,331,0.31
2025.270.11:13:00/wx/-5.56,555.0,13.2,4.49,338,0.31
2025.270.11:14:00/wx/-5.52,555.0,13.1,4.91,340,0.31
2025.270.11:15:00/wx/-5.30,555.0,11.9,4.21,339,0.31
2025.270.11:16:00/wx/-5.20,555.0,11.1,4.24,338,0.30
2025.270.11:17:00/wx/-5.40,555.0,12.2,4.55,338,0.30
2025.270.11:18:00/wx/-5.63,555.0,14.6,4.02,352,0.30
2025.270.11:19:00/wx/-5.30,555.0,12.5,3.23,343,0.30
2025.270.11:20:00/wx/-5.09,555.0,11.2,3.34,331,0.30
2025.270.11:21:00/wx/-5.30,555.0,12.0,3.92,338,0.30
2025.270.11:22:00/wx/-5.28,555.0,12.1,4.08,336,0.30
2025.270.11:23:00/wx/-5.10,555.0,10.6,4.44,343,0.30
2025.270.11:24:00/wx/-5.09,555.0,12.0,3.32,343,0.30
2025.270.11:25:00/wx/-5.20,555.0,12.3,3.73,332,0.30
2025.270.11:26:00/wx/-5.30,555.0,12.8,4.15,341,0.30
2025.270.11:27:00/wx/-5.20,555.1,12.6,4.05,340,0.30
2025.270.11:28:00/wx/-5.20,555.0,11.5,4.09,329,0.29
2025.270.11:29:00/wx/-5.20,555.0,12.7,3.85,338,0.29
2025.270.11:30:00/wx/-5.00,555.0,11.6,4.02,339,0.29
2025.270.11:31:00/wx/-5.00,555.1,12.9,3.84,347,0.29
2025.270.11:32:00/wx/-4.83,555.1,10.2,3.07,336,0.29
2025.270.11:33:00/wx/-4.90,555.1,13.2,2.66,327,0.30
2025.270.11:34:00/wx/-4.90,555.1,12.5,3.44,338,0.29
2025.270.11:35:00/wx/-4.80,555.1,12.2,3.71,328,0.29
2025.270.11:36:00/wx/-4.73,555.1,10.5,3.16,328,0.28
2025.270.11:37:00/wx/-4.80,555.1,11.8,4.03,343,0.28
2025.270.11:38:00/wx/-4.72,555.1,12.4,4.08,347,0.28
2025.270.11:39:00/wx/-4.60,555.2,11.8,3.72,347,0.28
2025.270.11:40:00/wx/-4.59,555.1,11.0,4.23,348,0.28
2025.270.11:41:00/wx/-4.40,555.1,9.3,4.47,245,0.28
2025.270.11:42:00/wx/-4.40,555.1,8.4,4.26,345,0.28
2025.270.11:43:00/wx/-4.30,555.2,6.8,4.43,352,0.28
2025.270.11:44:00/wx/-4.30,555.2,8.5,4.03,343,0.28
2025.270.11:45:00/wx/-4.38,555.2,11.7,3.86,347,0.28
2025.270.11:46:00/wx/-4.20,555.2,10.5,4.02,343,0.28
2025.270.11:47:00/wx/-4.20,555.2,9.1,4.34,343,0.28
2025.270.11:48:00/wx/-4.20,555.2,8.6,3.77,343,0.28
2025.270.11:49:00/wx/-4.10,555.2,8.0,3.77,342,0.27
2025.270.11:50:00/wx/-4.09,555.2,7.2,3.41,348,0.28
2025.270.11:51:00/wx/-4.00,555.2,8.2,3.54,338,0.27
2025.270.11:52:00/wx/-4.00,555.3,7.9,4.40,327,0.28
2025.270.11:53:00/wx/-4.10,555.2,8.0,3.55,328,0.28
2025.270.11:54:00/wx/-4.00,555.3,6.8,3.72,333,0.28
2025.270.11:55:00/wx/-3.78,555.3,8.2,3.87,322,0.28
2025.270.11:56:00/wx/-3.48,555.3,9.4,3.39,326,0.28
2025.270.11:57:00/wx/-3.62,555.3,9.6,2.93,337,0.28
2025.270.11:58:00/wx/-3.80,555.3,7.9,3.35,336,0.28
2025.270.11:59:00/wx/-3.80,555.3,8.3,3.19,330,0.28
2025.270.12:00:00/wx/-3.90,555.3,7.1,3.59,332,0.28
2025.270.12:01:00/wx/-3.91,555.3,7.3,3.57,332,0.28
2025.270.12:02:00/wx/-3.41,555.2,8.9,3.36,336,0.27
2025.270.12:03:00/wx/-3.50,555.2,7.1,3.04,343,0.28
2025.270.12:04:00/wx/-3.50,555.3,7.0,4.11,342,0.27
2025.270.12:05:00/wx/-3.60,555.3,6.0,3.76,337,0.28
2025.270.12:06:00/wx/-3.55,555.3,5.8,3.69,345,0.28
2025.270.12:07:00/wx/-3.62,555.3,5.5,2.75,331,0.28
2025.270.12:08:00/wx/-3.50,555.3,5.1,3.53,306,0.28
2025.270.12:09:00/wx/-3.60,555.3,4.7,3.55,308,0.28
2025.270.12:10:00/wx/-3.39,555.3,5.9,3.89,333,0.28
2025.270.12:11:00/wx/-3.18,555.3,6.0,2.73,332,0.28
2025.270.12:12:00/wx/-3.40,555.3,4.6,3.93,325,0.28
2025.270.12:13:00/wx/-3.50,555.3,4.5,2.74,328,0.28
2025.270.12:14:00/wx/-3.32,555.3,5.0,3.78,337,0.28
2025.270.12:15:00/wx/-3.30,555.3,5.3,3.51,322,0.28
2025.270.12:16:00/wx/-3.20,555.3,4.8,3.69,333,0.28
2025.270.12:17:00/wx/-3.10,555.3,4.7,3.53,334,0.28
2025.270.12:18:00/wx/-3.20,555.3,4.5,3.43,332,0.28
2025.270.12:19:00/wx/-3.20,555.4,4.6,3.41,323,0.28
2025.270.12:20:00/wx/-3.30,555.4,4.4,3.71,324,0.27
2025.270.12:21:00/wx/-3.30,555.4,4.4,4.20,330,0.28
2025.270.12:22:00/wx/-3.30,555.4,3.9,4.13,339,0.28
2025.270.12:23:00/wx/-3.40,555.4,4.0,3.06,336,0.28
2025.270.12:24:00/wx/-3.40,555.4,3.7,2.49,343,0.29
2025.270.12:25:00/wx/-3.37,555.4,4.0,3.73,345,0.29
2025.270.12:26:00/wx/-3.21,555.4,4.8,3.78,334,0.29
2025.270.12:27:00/wx/-3.20,555.4,4.8,3.31,327,0.30
2025.270.12:28:00/wx/-2.73,555.4,5.3,3.04,351,0.30
2025.270.12:29:00/wx/-2.91,555.4,5.2,3.40,339,0.30
2025.270.12:30:00/wx/-2.46,555.4,6.1,2.64,342,0.29
2025.270.12:31:00/wx/-2.40,555.4,5.8,2.34,345,0.29
2025.270.12:32:00/wx/-2.40,555.4,5.3,3.48,319,0.29
2025.270.12:33:00/wx/-2.53,555.4,4.5,3.61,263,0.29
2025.270.12:34:00/wx/-2.60,555.4,5.0,3.40,313,0.30
2025.270.12:35:00/wx/-2.77,555.4,5.4,4.01,329,0.29
2025.270.12:36:00/wx/-2.80,555.4,5.2,3.13,331,0.29
2025.270.12:37:00/wx/-2.89,555.4,4.8,4.48,309,0.28
2025.270.12:38:00/wx/-2.80,555.5,3.6,4.75,319,0.27
2025.270.12:39:00/wx/-2.90,555.5,2.9,3.26,305,0.27
2025.270.12:40:00/wx/-3.02,555.5,2.6,3.90,309,0.28
2025.270.12:41:00/wx/-2.90,555.5,2.9,2.35,303,0.28
2025.270.12:42:00/wx/-2.77,555.5,3.1,2.44,312,0.29
2025.270.12:43:00/wx/-2.44,555.4,3.2,3.31,323,0.29
2025.270.12:44:00/wx/-2.69,555.5,3.3,3.46,318,0.29
2025.270.12:45:00/wx/-2.80,555.5,3.2,3.14,282,0.29
2025.270.12:46:00/wx/-2.60,555.5,3.6,3.89,301,0.29
2025.270.12:47:00/wx/-2.40,555.5,4.1,2.95,310,0.29
2025.270.12:48:00/wx/-2.20,555.5,4.0,2.69,324,0.29
2025.270.12:49:00/wx/-2.11,555.5,3.4,3.29,333,0.29
2025.270.12:50:00/wx/-2.00,555.5,3.2,2.83,292,0.28
2025.270.12:51:00/wx/-1.90,555.5,3.6,4.65,298,0.28
2025.270.12:52:00/wx/-2.18,555.5,3.3,5.13,300,0.27
2025.270.12:53:00/wx/-2.43,555.5,3.0,3.63,294,0.28
2025.270.12:54:00/wx/-2.51,555.5,3.1,3.79,315,0.28
2025.270.12:55:00/wx/-2.19,555.5,3.3,4.03,289,0.28
2025.270.12:56:00/wx/-2.20,555.5,3.5,3.98,301,0.28
2025.270.12:57:00/wx/-2.15,555.6,3.7,4.29,282,0.28
2025.270.12:58:00/wx/-2.30,555.5,3.4,4.17,297,0.28
2025.270.12:59:00/wx/-2.20,555.5,2.8,4.37,306,0.28
2025.270.13:00:00/wx/-2.30,555.5,2.6,5.74,325,0.28
2025.270.13:01:00/wx/-2.20,555.5,2.9,3.99,327,0.29
2025.270.13:02:00/wx/-1.95,555.6,3.0,4.02,325,0.29
2025.270.13:03:00/wx/-1.90,555.6,3.3,4.59,319,0.29
2025.270.13:04:00/wx/-2.00,555.6,3.2,4.93,318,0.28
2025.270.13:05:00/wx/-2.09,555.6,3.1,4.89,315,0.30
2025.270.13:06:00/wx/-1.80,555.6,3.3,4.37,310,0.30
2025.270.13:07:00/wx/-1.96,555.6,3.4,5.28,295,0.30
2025.270.13:08:00/wx/-2.01,555.6,3.4,4.40,288,0.31
2025.270.13:09:00/wx/-2.10,555.6,3.5,3.84,287,0.30
2025.270.13:10:00/wx/-1.87,555.6,3.4,3.84,313,0.31
2025.270.13:11:00/wx/-1.90,555.6,3.5,4.56,316,0.31
2025.270.13:12:00/wx/-1.43,555.6,3.8,5.44,322,0.30
2025.270.13:13:00/wx/-1.60,555.6,3.6,3.36,321,0.31
2025.270.13:14:00/wx/-1.69,555.6,3.4,3.87,336,0.30
2025.270.13:15:00/wx/-1.73,555.6,3.5,4.03,338,0.30
2025.270.13:16:00/wx/-1.47,555.6,3.9,5.33,299,0.29
2025.270.13:17:00/wx/-1.80,555.6,3.5,3.92,307,0.30
2025.270.13:18:00/wx/-1.80,555.6,3.1,4.03,308,0.30
2025.270.13:19:00/wx/-1.80,555.6,3.0,4.61,298,0.30
2025.270.13:20:00/wx/-2.01,555.6,2.9,3.46,286,0.30
2025.270.13:21:00/wx/-2.06,555.7,3.1,4.32,305,0.30
2025.270.13:22:00/wx/-1.89,555.6,3.5,4.00,281,0.31
2025.270.13:23:00/wx/-2.10,555.7,3.5,4.11,283,0.31
2025.270.13:24:00/wx/-1.93,555.7,3.5,4.49,338,0.31
2025.270.13:25:00/wx/-1.63,555.7,3.5,5.29,341,0.31
2025.270.13:26:00/wx/-1.87,555.7,3.6,4.15,317,0.30
2025.270.13:27:00/wx/-1.60,555.7,3.8,3.86,305,0.32
2025.270.13:28:00/wx/-1.60,555.6,3.7,3.15,327,0.32
2025.270.13:29:00/wx/-0.93,555.7,4.2,4.57,311,0.31
2025.270.13:30:00/wx/-1.15,555.7,4.1,5.53,281,0.30
2025.270.13:31:00/wx/-1.50,555.7,3.7,3.05,275,0.30
2025.270.13:32:00/wx/-1.70,555.7,3.8,3.63,281,0.31
2025.270.13:33:00/wx/-1.68,555.7,3.7,4.70,292,0.31
2025.270.13:34:00/wx/-1.13,555.7,4.4,4.46,324,0.31
2025.270.13:35:00/wx/-1.30,555.7,3.6,4.29,312,0.30
2025.270.13:36:00/wx/-1.16,555.7,3.6,4.12,333,0.33
2025.270.13:37:00/wx/-1.40,555.7,3.5,5.03,296,0.34
2025.270.13:38:00/wx/-1.92,555.7,3.4,5.75,284,0.34
2025.270.13:39:00/wx/-1.73,555.7,3.8,5.57,296,0.33
2025.270.13:40:00/wx/-1.94,555.7,3.6,3.79,280,0.32
2025.270.13:41:00/wx/-1.81,555.7,3.8,3.92,279,0.32
2025.270.13:42:00/wx/-1.42,555.7,3.9,3.03,290,0.33
2025.270.13:43:00/wx/-1.28,555.7,4.2,2.75,277,0.32
2025.270.13:44:00/wx/-1.26,555.7,4.0,4.90,281,0.32
2025.270.13:45:00/wx/-1.50,555.7,3.5,3.33,292,0.32
2025.270.13:46:00/wx/-1.56,555.7,3.3,4.24,301,0.32
2025.270.13:47:00/wx/-1.34,555.7,3.4,5.08,308,0.34
2025.270.13:48:00/wx/-1.32,555.7,3.7,4.63,302,0.35
2025.270.13:49:00/wx/-1.51,555.7,3.9,4.12,263,0.36
2025.270.13:50:00/wx/-1.90,555.7,4.0,3.15,258,0.36
2025.270.13:51:00/wx/-1.58,555.7,4.5,4.76,314,0.35
2025.270.13:52:00/wx/-1.25,555.7,4.7,2.92,282,0.36
2025.270.13:53:00/wx/-1.00,555.7,4.5,2.60,293,0.36
2025.270.13:54:00/wx/-0.90,555.7,4.0,3.81,286,0.35
2025.270.13:55:00/wx/-1.01,555.8,4.6,4.43,271,0.35
2025.270.13:56:00/wx/-1.30,555.7,4.5,3.02,273,0.37
2025.270.13:57:00/wx/-1.10,555.7,5.6,2.78,251,0.37
2025.270.13:58:00/wx/-1.30,555.7,4.8,5.07,308,0.38
2025.270.13:59:00/wx/-1.40,555.7,4.5,3.23,279,0.36
2025.270.14:00:00/wx/-1.10,555.7,4.8,3.45,251,0.38
2025.270.14:01:00/wx/-1.42,555.6,4.9,2.48,249,0.37
2025.270.14:02:00/wx/-1.32,555.7,4.8,5.61,288,0.36
2025.270.14:03:00/wx/-1.19,555.7,4.6,4.46,267,0.34
2025.270.14:04:00/wx/-1.40,555.7,5.2,3.22,274,0.36
2025.270.14:05:00/wx/-1.27,555.7,5.5,3.26,291,0.37
2025.270.14:06:00/wx/-0.86,555.7,5.8,5.63,283,0.36
2025.270.14:07:00/wx/-0.91,555.7,5.8,3.74,291,0.38
2025.270.14:08:00/wx/-0.79,555.7,5.9,4.81,282,0.39
2025.270.14:09:00/wx/-1.30,555.7,5.2,4.94,307,0.38
2025.270.14:10:00/wx/-1.03,555.7,4.8,5.57,304,0.40
2025.270.14:11:00/wx/-0.76,555.7,5.7,3.84,258,0.39
2025.270.14:12:00/wx/-0.71,555.7,5.5,2.07,251,0.40
2025.270.14:13:00/wx/-0.40,555.7,5.6,2.43,306,0.38
2025.270.14:14:00/wx/-0.21,555.7,5.1,3.45,273,0.39
2025.270.14:15:00/wx/-0.29,555.7,6.0,3.74,265,0.38
2025.270.14:16:00/wx/-0.84,555.7,5.6,5.07,262,0.41
2025.270.14:17:00/wx/-1.19,555.7,6.1,2.79,261,0.40
2025.270.14:18:00/wx/-1.32,555.8,6.2,5.98,249,0.41
2025.270.14:19:00/wx/-1.29,555.8,6.2,2.38,267,0.42
2025.270.14:20:00/wx/-1.13,555.8,6.2,2.82,273,0.46
2025.270.14:21:00/wx/-0.60,555.8,7.1,4.92,237,0.46
2025.270.14:22:00/wx/-0.61,555.8,5.9,4.02,287,0.45
2025.270.14:23:00/wx/-0.85,555.8,5.8,3.33,270,0.44
2025.270.14:24:00/wx/-0.56,555.8,5.8,3.37,316,0.42
2025.270.14:25:00/wx/-0.55,555.8,5.1,2.66,323,0.42
2025.270.14:26:00/wx/-0.10,555.7,5.4,5.83,242,0.42
2025.270.14:27:00/wx/-0.42,555.8,7.0,6.44,280,0.41
2025.270.14:28:00/wx/-0.73,555.8,6.7,3.62,236,0.44
2025.270.14:29:00/wx/-0.26,555.8,7.0,5.37,247,0.45
2025.270.14:30:00/wx/-0.89,555.8,6.4,3.23,227,0.43
2025.270.14:31:00/wx/-0.80,555.8,6.6,5.16,287,0.43
2025.270.14:32:00/wx/-0.41,555.8,7.5,3.62,239,0.44
2025.270.14:33:00/wx/-0.25,555.7,6.9,2.58,262,0.46
2025.270.14:34:00/wx/-0.01,555.8,7.5,4.90,251,0.48
2025.270.14:35:00/wx/-0.20,555.8,8.3,4.14,260,0.48
2025.270.14:36:00/wx/-0.70,555.8,7.7,6.73,242,0.51
2025.270.14:37:00/wx/-0.64,555.8,7.2,3.64,242,0.52
2025.270.14:38:00/wx/-0.37,555.8,7.1,3.90,224,0.51
2025.270.14:39:00/wx/0.00,555.8,8.1,4.46,272,0.56
2025.270.14:40:00/wx/-0.20,555.8,9.5,5.82,231,0.63
2025.270.14:41:00/wx/-0.39,555.8,9.7,4.67,248,0.65
2025.270.14:42:00/wx/-0.82,555.8,9.4,2.54,242,0.60
2025.270.14:43:00/wx/-0.48,555.8,10.0,3.35,250,0.50
2025.270.14:44:00/wx/-0.72,555.8,9.9,2.13,249,0.66
2025.270.14:45:00/wx/-0.49,555.7,10.0,1.65,267,0.67
2025.270.14:46:00/wx/-0.07,555.8,10.3,3.95,247,0.62
2025.270.14:47:00/wx/-0.12,555.8,10.0,4.01,245,0.60
2025.270.14:48:00/wx/0.59,555.8,9.6,3.88,228,0.56
2025.270.14:49:00/wx/0.41,555.8,9.2,3.95,252,0.56
2025.270.14:50:00/wx/0.20,555.8,11.3,4.11,279,0.56
2025.270.14:51:00/wx/-0.11,555.8,10.6,4.72,259,0.57
2025.270.14:52:00/wx/-0.14,555.8,12.0,4.62,258,0.58
2025.270.14:53:00/wx/-0.50,555.8,11.1,2.56,248,0.56
2025.270.14:54:00/wx/-0.50,555.8,10.4,5.12,244,0.56
2025.270.14:55:00/wx/-0.37,555.8,9.8,0.54,187,0.65
2025.270.14:56:00/wx/-0.30,555.8,9.2,1.83,261,0.63
2025.270.14:57:00/wx/-0.34,555.8,9.2,3.61,245,0.56
2025.270.14:58:00/wx/-0.01,555.8,9.8,5.23,242,0.51
2025.270.14:59:00/wx/0.02,555.7,8.6,5.35,225,0.53
2025.270.15:00:00/wx/0.29,555.8,9.2,5.07,238,0.55
2025.270.15:01:00/wx/0.25,555.7,9.6,3.66,234,0.59
2025.270.15:02:00/wx/0.24,555.8,10.4,4.72,244,0.64
2025.270.15:03:00/wx/-0.18,555.8,10.0,4.44,248,0.64
2025.270.15:04:00/wx/-0.30,555.8,10.5,2.03,204,0.75
2025.270.15:05:00/wx/0.04,555.8,10.2,4.72,244,0.77
2025.270.15:06:00/wx/-0.17,555.9,11.3,6.85,237,0.70
2025.270.15:07:00/wx/-0.34,555.8,10.6,4.51,226,0.68
2025.270.15:08:00/wx/-0.10,555.8,9.9,5.02,237,0.74
2025.270.15:09:00/wx/0.50,555.8,10.2,5.21,230,0.65
2025.270.15:10:00/wx/0.83,555.9,11.3,4.55,280,0.69
2025.270.15:11:00/wx/0.57,555.8,10.7,4.06,297,0.77
2025.270.15:12:00/wx/1.46,555.8,10.2,2.77,223,0.68
2025.270.15:13:00/wx/0.79,555.8,11.2,6.60,247,0.70
2025.270.15:14:00/wx/0.00,555.8,10.8,2.83,263,0.75
2025.270.15:15:00/wx/-0.19,555.8,11.0,3.66,237,0.70
2025.270.15:16:00/wx/0.31,555.9,11.3,4.51,274,0.64
2025.270.15:17:00/wx/0.21,555.9,11.1,5.78,246,0.77
2025.270.15:18:00/wx/-0.12,555.9,10.9,4.19,269,0.80
2025.270.15:19:00/wx/-0.39,555.8,10.7,1.88,286,0.71
2025.270.15:20:00/wx/0.56,555.9,13.1,5.29,245,0.68
2025.270.15:21:00/wx/0.87,555.8,10.7,7.03,228,0.80
2025.270.15:22:00/wx/0.70,555.9,9.3,5.22,214,0.80
2025.270.15:23:00/wx/1.27,555.9,9.2,5.73,229,0.77
2025.270.15:24:00/wx/0.83,555.9,8.6,5.27,240,0.79
2025.270.15:25:00/wx/0.58,555.8,9.8,7.00,229,0.61
2025.270.15:26:00/wx/0.31,555.8,9.8,5.49,220,0.71
2025.270.15:27:00/wx/0.50,555.8,9.7,4.25,228,0.71
2025.270.15:28:00/wx/0.83,555.9,8.7,7.63,227,0.78
2025.270.15:29:00/wx/0.37,555.8,7.5,6.10,235,0.76
2025.270.15:30:00/wx/-0.03,555.8,8.5,1.40,265,0.75
2025.270.15:31:00/wx/0.39,555.8,10.0,6.20,235,0.77
2025.270.15:32:00/wx/0.68,555.9,11.3,5.55,275,0.67
2025.270.15:33:00/wx/0.30,555.9,10.1,3.86,260,0.67
2025.270.15:34:00/wx/0.10,555.9,10.9,4.67,262,0.75
2025.270.15:35:00/wx/0.23,555.9,10.9,5.78,246,0.62
2025.270.15:36:00/wx/0.60,555.8,9.8,6.22,250,0.57
2025.270.15:37:00/wx/0.52,555.9,10.7,6.85,246,0.51
2025.270.15:38:00/wx/0.66,555.8,8.0,6.79,217,0.57
2025.270.15:39:00/wx/0.45,555.8,8.4,7.52,235,0.65
2025.270.15:40:00/wx/0.51,555.8,8.2,4.03,221,0.68
2025.270.15:41:00/wx/0.39,555.8,6.7,3.12,229,0.51
2025.270.15:42:00/wx/0.90,555.8,7.6,4.87,240,0.58
2025.270.15:43:00/wx/0.50,555.8,8.7,5.19,249,0.65
2025.270.15:44:00/wx/0.39,555.8,9.0,4.52,249,0.73
2025.270.15:45:00/wx/0.79,555.8,7.7,8.12,245,0.73
2025.270.15:46:00/wx/0.59,555.8,7.8,7.30,254,0.62
2025.270.15:47:00/wx/0.70,555.8,8.4,5.32,266,0.59
2025.270.15:48:00/wx/-0.20,555.8,6.4,6.14,270,0.68
2025.270.15:49:00/wx/0.36,555.8,9.1,9.14,245,0.73
2025.270.15:50:00/wx/0.60,555.8,10.1,9.22,247,0.68
2025.270.15:51:00/wx/0.79,555.8,9.6,8.75,248,0.76
2025.270.15:52:00/wx/0.73,555.8,8.2,7.17,213,0.69
2025.270.15:53:00/wx/0.85,555.8,7.5,9.04,238,0.69
2025.270.15:54:00/wx/0.79,555.8,8.9,6.78,247,0.78
2025.270.15:55:00/wx/0.40,555.8,9.4,7.70,250,0.66
2025.270.15:56:00/wx/0.30,555.8,8.2,1.59,291,0.59
2025.270.15:57:00/wx/0.50,555.8,7.7,2.03,277,0.63
2025.270.15:58:00/wx/1.22,555.8,8.8,4.14,289,0.65
2025.270.15:59:00/wx/0.81,555.8,7.2,5.01,253,0.55
2025.270.16:00:00/wx/0.39,555.7,7.8,2.43,258,0.49
2025.270.16:01:00/wx/1.27,555.8,8.8,7.24,239,0.54
2025.270.16:02:00/wx/1.26,555.8,7.4,6.82,232,0.61
2025.270.16:03:00/wx/2.40,555.8,8.2,6.94,247,0.63
2025.270.16:04:00/wx/1.50,555.8,8.3,4.33,258,0.65
2025.270.16:05:00/wx/1.08,555.8,7.0,6.37,235,0.58
2025.270.16:06:00/wx/0.93,555.8,7.2,7.96,239,0.53
2025.270.16:07:00/wx/0.73,555.7,6.8,4.86,250,0.63
2025.270.16:08:00/wx/0.79,555.8,8.5,8.09,242,0.63
2025.270.16:09:00/wx/0.60,555.7,9.0,8.28,243,0.61
2025.270.16:10:00/wx/0.84,555.8,7.1,4.85,218,0.52
2025.270.16:11:00/wx/0.50,555.8,8.0,4.43,254,0.51
2025.270.16:12:00/wx/0.27,555.7,7.4,3.12,226,0.54
2025.270.16:13:00/wx/0.51,555.7,6.9,4.26,238,0.54
2025.270.16:14:00/wx/1.24,555.7,7.3,2.56,271,0.54
2025.270.16:15:00/wx/1.25,555.8,8.4,6.23,252,0.56
2025.270.16:16:00/wx/0.63,555.8,8.1,4.67,263,0.49
2025.270.16:17:00/wx/1.30,555.7,9.3,6.84,251,0.50
2025.270.16:18:00/wx/0.97,555.7,7.0,6.62,246,0.56
2025.270.16:19:00/wx/1.28,555.7,8.1,3.54,266,0.57
2025.270.16:20:00/wx/0.83,555.8,8.1,5.86,256,0.57
2025.270.16:21:00/wx/0.20,555.7,8.1,5.66,254,0.58
2025.270.16:22:00/wx/0.63,555.7,8.6,5.17,254,0.53
2025.270.16:23:00/wx/0.96,555.7,9.2,5.20,239,0.53
2025.270.16:24:00/wx/1.20,555.7,7.1,6.32,232,0.57
2025.270.16:25:00/wx/1.72,555.7,7.3,4.11,253,0.56
2025.270.16:26:00/wx/1.00,555.8,7.2,4.23,278,0.60
2025.270.16:27:00/wx/0.70,555.7,7.4,4.15,266,0.65
2025.270.16:28:00/wx/1.05,555.7,7.5,6.40,247,0.62
2025.270.16:29:00/wx/0.90,555.7,8.1,5.81,254,0.58
2025.270.16:30:00/wx/0.71,555.7,8.1,4.08,267,0.52
2025.270.16:31:00/wx/1.11,555.7,7.7,5.96,254,0.52
2025.270.16:32:00/wx/1.15,555.7,9.4,7.31,253,0.52
2025.270.16:33:00/wx/1.00,555.7,9.3,6.51,262,0.61
2025.270.16:34:00/wx/0.77,555.7,8.4,9.04,293,0.68
2025.270.16:35:00/wx/0.71,555.7,7.8,4.07,296,0.67
2025.270.16:36:00/wx/0.89,555.7,8.6,5.75,257,0.61
2025.270.16:37:00/wx/0.63,555.7,9.2,8.21,247,0.56
2025.270.16:38:00/wx/0.42,555.7,8.7,5.74,253,0.57
2025.270.16:39:00/wx/1.18,555.7,8.8,7.71,301,0.55
2025.270.16:40:00/wx/0.80,555.6,7.3,7.93,294,0.62
2025.270.16:41:00/wx/0.80,555.7,8.3,5.13,276,0.69
2025.270.16:42:00/wx/1.06,555.7,9.3,8.04,272,0.69
2025.270.16:43:00/wx/1.04,555.7,9.5,7.00,251,0.55
2025.270.16:44:00/wx/0.41,555.6,8.4,1.76,256,0.53
2025.270.16:45:00/wx/0.64,555.6,8.4,4.61,302,0.61
2025.270.16:46:00/wx/1.48,555.7,9.5,7.10,276,0.63
2025.270.16:47:00/wx/0.55,555.7,9.5,7.31,254,0.67
2025.270.16:48:00/wx/0.60,555.7,11.1,5.84,272,0.68
2025.270.16:49:00/wx/0.70,555.6,9.2,5.33,280,0.63
2025.270.16:50:00/wx/0.51,555.6,7.8,4.99,246,0.66
2025.270.16:51:00/wx/0.95,555.6,7.4,6.02,289,0.64
2025.270.16:52:00/wx/1.39,555.7,7.6,6.32,255,0.63
2025.270.16:53:00/wx/0.66,555.7,6.4,4.01,254,0.63
2025.270.16:54:00/wx/0.70,555.6,6.8,2.83,242,0.61
2025.270.16:55:00/wx/1.07,555.7,7.8,8.69,226,0.67
2025.270.16:56:00/wx/1.15,555.7,10.3,6.71,258,0.71
2025.270.16:57:00/wx/0.66,555.6,9.2,6.29,229,0.63
2025.270.16:58:00/wx/0.99,555.6,8.4,4.79,290,0.66
2025.270.16:59:00/wx/1.10,555.6,9.8,8.79,240,0.63
2025.270.17:00:00/wx/0.90,555.7,10.0,4.43,251,0.57
2025.270.17:01:00/wx/1.29,555.6,9.8,5.02,240,0.62
2025.270.17:02:00/wx/1.17,555.6,9.4,3.16,254,0.62
2025.270.17:03:00/wx/1.40,555.6,10.7,5.02,270,0.61
2025.270.17:04:00/wx/0.90,555.6,10.8,7.61,280,0.71
2025.270.17:05:00/wx/0.65,555.6,11.0,3.59,287,0.73
2025.270.17:06:00/wx/1.05,555.6,10.5,4.98,277,0.85
2025.270.17:07:00/wx/0.95,555.6,9.7,6.22,295,0.72
2025.270.17:08:00/wx/0.90,555.6,10.2,4.13,278,0.68
2025.270.17:09:00/wx/1.31,555.6,11.6,4.34,262,0.70
2025.270.17:10:00/wx/1.43,555.6,9.5,7.73,241,0.69
2025.270.17:11:00/wx/1.24,555.6,7.7,7.91,231,0.72
2025.270.17:12:00/wx/1.60,555.6,7.3,5.89,218,0.68
2025.270.17:13:00/wx/1.30,555.6,7.3,3.96,241,0.63
2025.270.17:14:00/wx/1.70,555.6,9.5,4.52,258,0.65
2025.270.17:15:00/wx/1.15,555.6,10.9,6.94,253,0.67
2025.270.17:16:00/wx/1.02,555.6,11.3,6.91,250,0.71
2025.270.17:17:00/wx/1.00,555.6,10.5,7.93,238,0.64
2025.270.17:18:00/wx/1.49,555.6,8.1,9.02,234,0.67
2025.270.17:19:00/wx/1.20,555.5,8.0,3.89,251,0.73
2025.270.17:20:00/wx/1.26,555.5,9.2,9.48,228,0.70
2025.270.17:21:00/wx/1.34,555.6,7.5,8.36,237,0.69
2025.270.17:22:00/wx/0.90,555.5,7.7,2.52,247,0.65
2025.270.17:23:00/wx/2.08,555.5,7.4,10.98,233,0.67
2025.270.17:24:00/wx/1.64,555.6,5.9,7.34,243,0.58
2025.270.17:25:00/wx/1.77,555.5,7.3,7.86,247,0.63
2025.270.17:26:00/wx/1.57,555.5,7.6,8.51,244,0.64
2025.270.17:27:00/wx/1.60,555.5,7.2,3.01,258,0.70
2025.270.17:28:00/wx/1.47,555.5,9.4,5.32,254,0.72
2025.270.17:29:00/wx/1.72,555.5,10.7,3.89,285,0.65
2025.270.17:30:00/wx/1.89,555.5,11.0,7.63,284,0.57
2025.270.17:31:00/wx/1.79,555.6,10.4,5.45,265,0.69
2025.270.17:32:00/wx/1.86,555.5,7.7,8.76,235,0.67
2025.270.17:33:00/wx/1.44,555.5,7.0,7.46,245,0.61
2025.270.17:34:00/wx/1.56,555.5,5.7,6.62,227,0.64
2025.270.17:35:00/wx/1.43,555.5,6.6,7.50,243,0.69
2025.270.17:36:00/wx/1.20,555.5,7.2,5.12,241,0.63
2025.270.17:37:00/wx/1.32,555.5,8.3,10.09,242,0.52
2025.270.17:38:00/wx/2.10,555.5,6.1,7.26,238,0.58
2025.270.17:39:00/wx/1.42,555.5,6.5,7.42,245,0.60
2025.270.17:40:00/wx/1.22,555.5,8.3,11.16,247,0.64
2025.270.17:41:00/wx/0.50,555.5,8.0,6.62,238,0.54
2025.270.17:42:00/wx/0.66,555.5,8.3,6.96,236,0.60
2025.270.17:43:00/wx/1.16,555.5,8.7,5.30,237,0.62
2025.270.17:44:00/wx/0.94,555.5,9.1,3.10,238,0.66
2025.270.17:45:00/wx/1.09,555.5,9.9,2.39,272,0.77
2025.270.17:46:00/wx/1.00,555.5,9.9,3.06,256,0.82
2025.270.17:47:00/wx/1.09,555.5,9.0,4.33,240,0.81
2025.270.17:48:00/wx/1.65,555.4,8.5,8.20,236,0.77
2025.270.17:49:00/wx/1.56,555.4,6.6,6.76,234,0.84
2025.270.17:50:00/wx/1.77,555.4,6.4,8.73,239,0.83
2025.270.17:51:00/wx/2.01,555.5,8.3,6.72,285,0.62
2025.270.17:52:00/wx/1.23,555.5,8.4,5.83,286,0.69
2025.270.17:53:00/wx/1.20,555.5,8.3,5.68,274,0.62
2025.270.17:54:00/wx/0.62,555.4,8.2,4.75,282,0.61
2025.270.17:55:00/wx/1.09,555.5,8.2,4.46,303,0.64
2025.270.17:56:00/wx/1.40,555.4,7.2,4.01,293,0.61
2025.270.17:57:00/wx/1.37,555.5,8.5,6.35,255,0.67
2025.270.17:58:00/wx/0.90,555.4,8.3,6.70,247,0.71
2025.270.17:59:00/wx/0.72,555.4,7.3,2.84,243,0.71
2025.270.18:00:00/wx/1.19,555.4,7.5,4.47,249,0.71
2025.270.18:01:00/wx/1.69,555.4,8.9,7.78,238,0.66
2025.270.18:02:00/wx/2.65,555.5,9.6,7.29,248,0.65
2025.270.18:03:00/wx/2.65,555.5,11.4,4.97,263,0.64
2025.270.18:04:00/wx/1.60,555.5,8.8,5.66,257,0.65
2025.270.18:05:00/wx/1.40,555.5,8.4,4.93,276,0.67
2025.270.18:06:00/wx/1.26,555.5,8.9,5.06,248,0.66
2025.270.18:07:00/wx/1.11,555.4,8.1,3.17,254,0.68
2025.270.18:08:00/wx/1.20,555.4,7.8,5.78,277,0.69
2025.270.18:09:00/wx/1.09,555.4,7.4,4.94,272,0.71
2025.270.18:10:00/wx/1.10,555.4,7.5,5.03,265,0.69
2025.270.18:11:00/wx/1.28,555.4,8.6,7.51,250,0.74
2025.270.18:12:00/wx/1.44,555.4,9.2,6.61,289,0.76
2025.270.18:13:00/wx/1.13,555.4,8.3,4.15,274,0.70
2025.270.18:14:00/wx/1.30,555.4,8.3,4.25,281,0.76
2025.270.18:15:00/wx/1.81,555.4,9.8,5.02,258,0.82
2025.270.18:16:00/wx/2.58,555.4,10.5,5.30,291,0.75
2025.270.18:17:00/wx/2.17,555.4,9.6,7.30,260,0.78
2025.270.18:18:00/wx/1.35,555.4,7.8,5.26,247,0.71
2025.270.18:19:00/wx/2.19,555.4,8.5,7.63,284,0.74
2025.270.18:20:00/wx/2.07,555.4,7.5,9.43,278,0.71
2025.270.18:21:00/wx/1.59,555.4,7.2,6.88,278,0.69
2025.270.18:22:00/wx/1.47,555.4,6.4,7.57,292,0.64
2025.270.18:23:00/wx/1.63,555.4,6.0,6.49,302,0.66
2025.270.18:24:00/wx/1.40,555.3,5.5,5.73,302,0.70
2025.270.18:25:00/wx/1.32,555.3,5.8,4.49,276,0.71
2025.270.18:26:00/wx/1.41,555.3,7.3,6.46,241,0.67
2025.270.18:27:00/wx/1.12,555.4,8.4,6.89,272,0.69
2025.270.18:28:00/wx/1.21,555.4,9.5,9.02,244,0.72
2025.270.18:29:00/wx/0.80,555.4,9.1,6.05,243,0.69
2025.270.18:30:00/wx/0.74,555.4,9.3,5.79,260,0.60
2025.270.18:31:00/wx/0.71,555.4,8.7,4.28,257,0.67
2025.270.18:32:00/wx/0.60,555.3,8.1,3.46,276,0.70
2025.270.18:33:00/wx/0.99,555.3,8.4,6.88,272,0.77
2025.270.18:34:00/wx/0.78,555.3,8.3,5.52,263,0.72
2025.270.18:35:00/wx/0.96,555.3,8.4,4.11,254,0.74
2025.270.18:36:00/wx/1.29,555.3,7.9,6.15,250,0.73
2025.270.18:37:00/wx/1.49,555.3,9.5,5.98,263,0.72
2025.270.18:38:00/wx/1.00,555.3,7.9,6.03,244,0.74
2025.270.18:39:00/wx/1.30,555.3,7.8,9.28,251,0.78
2025.270.18:40:00/wx/0.98,555.3,7.9,4.08,250,0.77
2025.270.18:41:00/wx/1.32,555.3,7.5,5.87,293,0.69
2025.270.18:42:00/wx/1.79,555.3,6.8,7.53,297,0.67
2025.270.18:43:00/wx/1.79,555.3,7.1,6.09,265,0.70
2025.270.18:44:00/wx/1.09,555.2,6.6,4.13,276,0.69
2025.270.18:45:00/wx/2.08,555.3,7.5,6.23,282,0.71
2025.270.18:46:00/wx/2.15,555.2,6.3,8.57,290,0.63
2025.270.18:47:00/wx/1.53,555.3,7.7,8.08,257,0.65
2025.270.18:48:00/wx/0.91,555.2,8.1,8.19,245,0.64
2025.270.18:49:00/wx/1.49,555.3,6.9,7.46,288,0.62
2025.270.18:50:00/wx/1.94,555.3,7.8,6.32,278,0.63
2025.270.18:51:00/wx/1.63,555.3,6.7,7.05,291,0.65
2025.270.18:52:00/wx/1.40,555.3,5.5,3.83,312,0.66
2025.270.18:53:00/wx/1.24,555.3,6.7,5.81,262,0.66
2025.270.18:54:00/wx/0.87,555.3,7.1,4.58,272,0.69
2025.270.18:55:00/wx/1.16,555.3,8.1,4.22,251,0.69
2025.270.18:56:00/wx/0.97,555.3,7.1,4.82,280,0.70
2025.270.18:57:00/wx/1.09,555.3,7.2,5.07,276,0.73
2025.270.18:58:00/wx/1.40,555.3,7.1,3.58,270,0.70
2025.270.18:59:00/wx/1.16,555.2,6.9,3.02,262,0.68
2025.270.19:00:00/wx/1.93,555.2,8.1,5.20,273,0.66
2025.270.19:01:00/wx/1.81,555.3,9.2,8.12,258,0.71
2025.270.19:02:00/wx/1.58,555.2,9.2,6.88,262,0.70
2025.270.19:03:00/wx/1.91,555.2,11.3,5.87,265,0.69
2025.270.19:04:00/wx/0.93,555.3,8.4,6.11,279,0.72
2025.270.19:05:00/wx/1.12,555.2,8.8,7.61,246,0.73
2025.270.19:06:00/wx/1.20,555.2,7.9,3.12,257,0.69
2025.270.19:07:00/wx/1.38,555.2,7.5,7.98,275,0.73
2025.270.19:08:00/wx/1.07,555.2,7.7,7.06,264,0.72
2025.270.19:09:00/wx/1.81,555.2,9.1,7.50,246,0.67
2025.270.19:10:00/wx/1.19,555.2,7.8,3.48,268,0.63
2025.270.19:11:00/wx/1.32,555.2,7.6,5.27,299,0.63
2025.270.19:12:00/wx/1.55,555.2,6.2,7.85,284,0.60
2025.270.19:13:00/wx/1.64,555.2,6.3,4.75,262,0.60
2025.270.19:14:00/wx/1.16,555.2,6.4,4.86,284,0.56
2025.270.19:15:00/wx/1.19,555.2,6.2,6.16,271,0.60
2025.270.19:16:00/wx/1.21,555.2,6.8,6.13,277,0.63
2025.270.19:17:00/wx/0.85,555.2,7.4,4.46,263,0.66
2025.270.19:18:00/wx/1.26,555.2,8.0,5.82,271,0.64
2025.270.19:19:00/wx/1.28,555.2,7.4,5.09,292,0.64
2025.270.19:20:00/wx/1.60,555.2,6.5,5.73,278,0.67
2025.270.19:21:00/wx/1.31,555.2,6.2,4.84,288,0.62
2025.270.19:22:00/wx/1.68,555.2,5.5,5.48,299,0.59
2025.270.19:23:00/wx/1.30,555.2,4.9,4.03,274,0.62
2025.270.19:24:00/wx/1.08,555.2,5.0,5.82,283,0.64
2025.270.19:25:00/wx/1.51,555.2,7.0,5.90,283,0.69
2025.270.19:26:00/wx/0.96,555.2,6.5,7.91,249,0.66
2025.270.19:27:00/wx/0.92,555.2,6.5,7.08,251,0.60
2025.270.19:28:00/wx/0.66,555.2,6.3,4.86,281,0.58
2025.270.19:29:00/wx/0.79,555.2,5.8,4.48,283,0.60
2025.270.19:30:00/wx/1.51,555.2,8.0,3.40,265,0.63
2025.270.19:31:00/wx/2.07,555.2,8.1,5.45,254,0.70
2025.270.19:32:00/wx/2.09,555.2,10.9,5.66,242,0.71
2025.270.19:33:00/wx/1.84,555.2,6.9,7.81,236,0.68
2025.270.19:34:00/wx/1.79,555.2,7.4,5.45,225,0.69
2025.270.19:35:00/wx/2.29,555.2,6.7,5.99,239,0.68
2025.270.19:36:00/wx/1.94,555.2,6.5,3.68,272,0.76
2025.270.19:37:00/wx/1.28,555.2,7.2,9.05,251,0.73
2025.270.19:38:00/wx/0.79,555.2,7.9,8.89,256,0.70
2025.270.19:39:00/wx/0.69,555.2,7.7,6.71,222,0.66
2025.270.19:40:00/wx/1.11,555.2,8.6,6.26,284,0.62
2025.270.19:41:00/wx/1.49,555.2,7.2,6.85,288,0.63
2025.270.19:42:00/wx/1.40,555.2,6.0,6.24,282,0.59
2025.270.19:43:00/wx/1.65,555.2,6.5,4.85,281,0.67
2025.270.19:44:00/wx/1.51,555.2,7.5,3.60,260,0.71
2025.270.19:45:00/wx/1.39,555.2,9.0,5.53,259,0.73
2025.270.19:46:00/wx/1.00,555.2,8.8,7.23,278,0.70
2025.270.19:47:00/wx/0.84,555.2,8.0,4.31,268,0.69
2025.270.19:48:00/wx/0.68,555.2,8.0,3.85,272,0.68
2025.270.19:49:00/wx/1.00,555.2,9.2,7.03,253,0.65
2025.270.19:50:00/wx/0.89,555.2,6.7,4.68,249,0.64
2025.270.19:51:00/wx/1.29,555.2,6.0,6.46,216,0.63
2025.270.19:52:00/wx/0.92,555.2,5.7,5.97,216,0.63
2025.270.19:53:00/wx/1.18,555.2,5.7,5.84,230,0.61
2025.270.19:54:00/wx/1.00,555.2,7.7,5.62,261,0.54
2025.270.19:55:00/wx/0.92,555.1,7.4,6.20,236,0.52
2025.270.19:56:00/wx/1.30,555.2,7.9,5.20,266,0.52
2025.270.19:57:00/wx/0.74,555.2,6.7,7.89,246,0.55
2025.270.19:58:00/wx/0.79,555.2,6.8,8.48,255,0.58
2025.270.19:59:00/wx/1.31,555.2,9.5,7.78,256,0.61
2025.270.20:00:00/wx/0.82,555.2,7.7,5.14,255,0.64
2025.270.20:01:00/wx/0.83,555.2,7.2,3.93,288,0.65
2025.270.20:02:00/wx/1.10,555.2,8.2,4.58,249,0.64
2025.270.20:03:00/wx/2.27,555.2,7.1,6.86,234,0.62
2025.270.20:04:00/wx/1.39,555.2,6.2,5.57,232,0.60
2025.270.20:05:00/wx/1.04,555.2,7.0,7.72,246,0.60
2025.270.20:06:00/wx/0.95,555.2,7.8,7.85,244,0.61
2025.270.20:07:00/wx/0.52,555.2,8.3,7.70,251,0.64
2025.270.20:08:00/wx/0.50,555.2,7.4,4.30,254,0.64
2025.270.20:09:00/wx/0.79,555.2,6.9,6.09,238,0.65
2025.270.20:10:00/wx/1.03,555.2,7.0,8.13,230,0.67
2025.270.20:11:00/wx/0.69,555.2,7.8,5.65,241,0.69
2025.270.20:12:00/wx/0.86,555.2,8.4,5.64,249,0.66
2025.270.20:13:00/wx/1.09,555.2,9.5,6.27,246,0.68
2025.270.20:14:00/wx/0.79,555.2,8.8,5.62,249,0.68
2025.270.20:15:00/wx/0.71,555.2,8.1,8.84,236,0.68
2025.270.20:16:00/wx/0.54,555.2,6.8,5.91,237,0.69
2025.270.20:17:00/wx/1.09,555.2,9.6,11.02,244,0.67
2025.270.20:18:00/wx/1.00,555.2,7.5,9.26,245,0.64
2025.270.20:19:00/wx/0.82,555.2,7.2,5.56,231,0.63
2025.270.20:20:00/wx/0.55,555.2,8.4,5.12,258,0.67
2025.270.20:21:00/wx/0.60,555.2,10.7,6.52,249,0.67
2025.270.20:22:00/wx/0.49,555.2,9.4,6.45,247,0.62
2025.270.20:23:00/wx/0.90,555.2,9.6,7.52,243,0.64
2025.270.20:24:00/wx/0.50,555.2,7.7,3.89,250,0.61
2025.270.20:25:00/wx/0.70,555.3,7.5,5.55,229,0.66
2025.270.20:26:00/wx/1.07,555.2,6.7,6.19,230,0.68
2025.270.20:27:00/wx/1.33,555.3,8.7,9.13,246,0.65
2025.270.20:28:00/wx/0.59,555.2,8.5,6.13,258,0.60
2025.270.20:29:00/wx/0.76,555.3,8.2,8.23,244,0.58
2025.270.20:30:00/wx/0.46,555.2,8.2,5.10,244,0.57
2025.270.20:31:00/wx/0.26,555.2,8.1,5.92,249,0.54
2025.270.20:32:00/wx/0.50,555.3,7.3,5.26,243,0.53
2025.270.20:33:00/wx/0.59,555.3,9.1,7.68,257,0.54
2025.270.20:34:00/wx/0.30,555.2,8.0,4.27,258,0.58
2025.270.20:35:00/wx/0.66,555.2,9.6,6.89,260,0.60
2025.270.20:36:00/wx/0.73,555.3,9.8,8.66,246,0.62
2025.270.20:37:00/wx/0.80,555.3,7.3,7.42,243,0.58
2025.270.20:38:00/wx/0.62,555.3,6.5,7.09,241,0.57
2025.270.20:39:00/wx/0.40,555.3,7.1,4.72,246,0.60
2025.270.20:40:00/wx/0.52,555.3,7.2,5.70,251,0.60
2025.270.20:41:00/wx/0.41,555.3,7.6,3.95,264,0.55
2025.270.20:42:00/wx/0.40,555.3,8.2,7.68,253,0.54
2025.270.20:43:00/wx/0.32,555.3,7.6,3.62,275,0.58
2025.270.20:44:00/wx/0.66,555.3,9.9,5.39,247,0.64
2025.270.20:45:00/wx/0.50,555.3,7.6,3.69,276,0.67
2025.270.20:46:00/wx/1.00,555.3,7.2,5.54,226,0.67
2025.270.20:47:00/wx/0.92,555.3,6.2,7.38,228,0.59
2025.270.20:48:00/wx/0.56,555.3,6.6,7.31,248,0.58
2025.270.20:49:00/wx/0.34,555.3,8.9,6.17,249,0.55
2025.270.20:50:00/wx/0.01,555.3,6.7,5.54,250,0.51
2025.270.20:51:00/wx/0.11,555.3,6.1,5.49,252,0.53
2025.270.20:52:00/wx/0.10,555.3,6.4,3.18,260,0.56
2025.270.20:53:00/wx/0.22,555.3,8.0,3.99,269,0.57
2025.270.20:54:00/wx/0.20,555.3,6.7,3.96,263,0.57
2025.270.20:55:00/wx/0.40,555.3,7.6,5.33,243,0.58
2025.270.20:56:00/wx/1.26,555.3,7.1,7.68,220,0.54
2025.270.20:57:00/wx/1.01,555.3,6.5,6.97,241,0.58
2025.270.20:58:00/wx/0.60,555.4,6.4,7.66,240,0.56
2025.270.20:59:00/wx/0.50,555.4,7.0,7.52,239,0.55
2025.270.21:00:00/wx/0.68,555.4,6.0,8.60,242,0.55
2025.270.21:01:00/wx/1.02,555.3,6.4,6.80,228,0.52
2025.270.21:02:00/wx/1.01,555.3,5.1,8.47,232,0.53
2025.270.21:03:00/wx/0.99,555.4,4.7,6.24,233,0.55
2025.270.21:04:00/wx/0.69,555.3,7.2,5.59,240,0.55
2025.270.21:05:00/wx/0.27,555.4,7.1,4.99,249,0.60
2025.270.21:06:00/wx/0.15,555.4,5.7,5.23,240,0.58
2025.270.21:07:00/wx/0.30,555.4,6.5,4.78,250,0.59
2025.270.21:08:00/wx/0.30,555.3,6.5,4.59,224,0.64
2025.270.21:09:00/wx/0.61,555.4,7.6,7.50,232,0.64
2025.270.21:10:00/wx/0.84,555.4,7.6,9.83,246,0.62
2025.270.21:11:00/wx/0.44,555.4,9.8,7.86,243,0.62
2025.270.21:12:00/wx/0.20,555.4,7.9,6.87,243,0.61
2025.270.21:13:00/wx/0.00,555.4,9.1,5.03,251,0.65
2025.270.21:14:00/wx/-0.08,555.4,9.4,6.86,244,0.66
2025.270.21:15:00/wx/0.30,555.4,8.3,7.00,238,0.64
2025.270.21:16:00/wx/0.55,555.4,6.9,7.97,242,0.61
2025.270.21:17:00/wx/0.01,555.4,7.5,6.37,250,0.57
2025.270.21:18:00/wx/-0.30,555.4,9.0,6.26,254,0.56
2025.270.21:19:00/wx/-0.30,555.4,9.2,6.82,245,0.57
2025.270.21:20:00/wx/-0.05,555.4,9.2,8.55,237,0.57
2025.270.21:21:00/wx/0.15,555.4,9.0,8.87,248,0.53
2025.270.21:22:00/wx/-0.29,555.4,8.3,6.86,252,0.53
2025.270.21:23:00/wx/0.32,555.4,8.4,8.02,238,0.55
2025.270.21:24:00/wx/0.02,555.4,6.3,6.11,233,0.56
2025.270.21:25:00/wx/0.04,555.4,7.7,5.13,233,0.58
2025.270.21:26:00/wx/0.02,555.5,7.3,5.46,264,0.60
2025.270.21:27:00/wx/-0.30,555.4,10.4,6.02,246,0.55
2025.270.21:28:00/wx/-0.20,555.4,11.4,5.27,245,0.56
2025.270.21:29:00/wx/-0.10,555.4,9.6,6.73,240,0.57
2025.270.21:30:00/wx/-0.20,555.4,10.3,5.39,252,0.60
2025.270.21:31:00/wx/-0.40,555.5,9.3,4.25,254,0.60
2025.270.21:32:00/wx/-0.30,555.4,8.7,5.97,245,0.64
2025.270.21:33:00/wx/-0.30,555.5,9.9,6.20,247,0.65
2025.270.21:34:00/wx/0.11,555.4,10.7,6.87,230,0.65
2025.270.21:35:00/wx/-0.07,555.4,9.9,5.08,253,0.65
2025.270.21:36:00/wx/-0.30,555.4,10.5,4.36,252,0.64
2025.270.21:37:00/wx/-0.30,555.4,9.6,4.34,254,0.69
2025.270.21:38:00/wx/-0.36,555.4,11.3,5.86,251,0.70
2025.270.21:39:00/wx/-0.30,555.4,9.5,4.32,250,0.69
2025.270.21:40:00/wx/-0.29,555.4,10.4,5.80,245,0.74
2025.270.21:41:00/wx/-0.40,555.4,11.8,5.33,240,0.80
2025.270.21:42:00/wx/-0.40,555.4,12.2,7.16,257,0.74
2025.270.21:43:00/wx/-0.10,555.4,11.3,6.04,245,0.70
2025.270.21:44:00/wx/-0.26,555.4,12.7,6.41,245,0.70
2025.270.21:45:00/wx/-0.60,555.4,13.6,8.59,245,0.67
2025.270.21:46:00/wx/-0.60,555.4,11.3,5.53,251,0.66
2025.270.21:47:00/wx/-0.50,555.4,12.6,8.11,239,0.67
2025.270.21:48:00/wx/-0.37,555.4,11.5,8.12,237,0.58
2025.270.21:49:00/wx/-0.14,555.4,10.0,5.98,239,0.60
2025.270.21:50:00/wx/-0.19,555.4,10.8,5.35,244,0.65
2025.270.21:51:00/wx/-0.40,555.4,12.4,7.85,246,0.68
2025.270.21:52:00/wx/-0.48,555.4,13.1,7.92,240,0.70
2025.270.21:53:00/wx/-0.36,555.4,11.0,6.02,233,0.71
2025.270.21:54:00/wx/-0.30,555.4,10.4,6.60,244,0.75
