1156+295              EQ  2000   11:59:31.8339138   29:14:43.826822   LSR 0.0
3C273                 EQ  2000   12:29:06.6997419   02:03:08.598116   LSR 0.0
3C279                 EQ  2000   12:56:11.1665796  -05:47:21.525151   LSR 0.0
M87                   EQ  2000   12:30:49.4233826   12:23:28.043742   LSR 0.0
P-BXCAM               EQ  2000   05:46:44.2900000   69:58:24.200000   LSR 0.0
P-GXMON               EQ  2000   06:52:46.9200000   08:25:18.980000   LSR 0.0
P-VYCMA               EQ  2000   07:22:58.3300000  -25:46:03.000000   LSR 0.0
P-RCNC                EQ  2000   08:16:33.8260000   11:43:34.320000   LSR 0.0
P-RLEO                EQ  2000   09:47:33.5000000   11:25:43.680000   LSR 0.0
P-WHYA                EQ  2000   13:49:01.9200000  -28:22:03.360000   LSR 0.0
P-UHER                EQ  2000   16:25:47.6400000   18:53:33.000000   LSR 0.0
P-VXSGR               EQ  2000   18:08:04.0465000  -22:13:26.624600   LSR 0.0

Error: no scans found for Ax in vexfiles/triggered/c251a.vex!

NRAO150               EQ  2000   03:59:29.7472735   50:57:50.161861   LSR 0.0
0420-014              EQ  2000   04:23:15.8007222  -01:20:33.065607   LSR 0.0
3C120                 EQ  2000   04:33:11.0955307   05:21:15.619266   LSR 0.0
1156+295              EQ  2000   11:59:31.8339138   29:14:43.826822   LSR 0.0
3C273                 EQ  2000   12:29:06.6997419   02:03:08.598116   LSR 0.0
3C279                 EQ  2000   12:56:11.1665796  -05:47:21.525151   LSR 0.0
BLLAC                 EQ  2000   22:02:43.2913695   42:16:39.979896   LSR 0.0
3C454.3               EQ  2000   22:53:57.7479401   16:08:53.560881   LSR 0.0
M87                   EQ  2000   12:30:49.4233826   12:23:28.043742   LSR 0.0
P-IRC+10011           EQ  2000   01:06:25.9888000   12:35:52.729400   LSR 0.0
P-IKTAU               EQ  2000   03:53:28.9367000   11:24:21.345400   LSR 0.0
P-UORI                EQ  2000   05:55:49.1900000   20:10:30.720000   LSR 0.0
P-GXMON               EQ  2000   06:52:46.9200000   08:25:18.980000   LSR 0.0
P-VYCMA               EQ  2000   07:22:58.3300000  -25:46:03.000000   LSR 0.0
P-RCNC                EQ  2000   08:16:33.8260000   11:43:34.320000   LSR 0.0
P-RLEO                EQ  2000   09:47:33.5000000   11:25:43.680000   LSR 0.0
P-WHYA                EQ  2000   13:49:01.9200000  -28:22:03.360000   LSR 0.0
P-UHER                EQ  2000   16:25:47.6400000   18:53:33.000000   LSR 0.0
P-AHSCO               EQ  2000   17:11:17.1600000  -32:19:30.720000   LSR 0.0
P-V2108OPH            EQ  2000   17:14:19.3900000   08:56:02.600000   LSR 0.0
P-VXSGR               EQ  2000   18:08:04.0465000  -22:13:26.624600   LSR 0.0
P-RRAQL               EQ  2000   19:57:36.0314000  -01:53:12.401200   LSR 0.0
P-RAQR                EQ  2000   23:43:49.4600000  -15:17:04.140000   LSR 0.0
P-RCAS                EQ  2000   23:58:25.0653000   51:23:20.102200   LSR 0.0
DR21                  EQ  2000   20:39:01.0200000   42:22:48.800000   LSR 0.0
Warning: pre-scan cals for No0317 (M87) must omit reference scan, time margin is only 15 sec, need >30 sec
Warning: pre-scan cals for No0319 (M87) must omit reference scan, time margin is only 5 sec, need >30 sec
Warning: pre-scan cals for No0322 (M87) must omit reference scan, time margin is only 5 sec, need >30 sec
Warning: pre-scan cals for No0324 (M87) must omit reference scan, time margin is only 10 sec, need >30 sec
Warning: pre-scan cals for No0356 (M87) must omit reference scan, time margin is only 15 sec, need >30 sec
Warning: pre-scan cals for No0378 (M87) must omit reference scan, time margin is only 10 sec, need >30 sec
Warning: pre-scan cals for No0401 (M87) must omit reference scan, time margin is only 5 sec, need >30 sec
Warning: pre-scan cals for No0413 (M87) must omit reference scan, time margin is only 5 sec, need >30 sec
Warning: pre-scan cals for No0419 (M87) must omit reference scan, time margin is only 5 sec, need >30 sec
Warning: pre-scan cals for No0426 (M87) must omit reference scan, time margin is only 5 sec, need >30 sec
Warning: pre-scan cals for No0431 (M87) must omit reference scan, time margin is only 5 sec, need >30 sec
Warning: pre-scan cals for No0439 (M87) must omit reference scan, time margin is only 5 sec, need >30 sec
Warning: pre-scan cals for No0444 (M87) must omit reference scan, time margin is only 10 sec, need >30 sec

Done. Created APECS observing file c251b.apecs.obs with 79 scans for N3AR90.

NGC4552               EQ  2000   12:35:39.8073334   12:33:22.830866   LSR 0.0
NGC5232               EQ  2000   13:36:08.2598262  -08:29:51.798058   LSR 0.0
0420-014              EQ  2000   04:23:15.8007222  -01:20:33.065607   LSR 0.0
3C120                 EQ  2000   04:33:11.0955307   05:21:15.619266   LSR 0.0
M84                   EQ  2000   12:25:03.7433392   12:53:13.139214   LSR 0.0
3C273                 EQ  2000   12:29:06.6997419   02:03:08.598116   LSR 0.0
J1337-1257            EQ  2000   13:37:39.7827813  -12:57:24.693392   LSR 0.0
BLLAC                 EQ  2000   22:02:43.2913695   42:16:39.979896   LSR 0.0
P-IKTAU               EQ  2000   03:53:28.9367000   11:24:21.345400   LSR 0.0
P-ORINEW2             EQ  2000   05:35:14.5000000  -05:22:29.600000   LSR 0.0
P-GXMON               EQ  2000   06:52:46.9200000   08:25:18.980000   LSR 0.0
P-VYCMA               EQ  2000   07:22:58.3300000  -25:46:03.000000   LSR 0.0
P-RCNC                EQ  2000   08:16:33.8260000   11:43:34.320000   LSR 0.0
P-RLEO                EQ  2000   09:47:33.5000000   11:25:43.680000   LSR 0.0
P-WHYA                EQ  2000   13:49:01.9200000  -28:22:03.360000   LSR 0.0
Warning: pre-scan cals for No0254 (M84) must omit reference scan, time margin is only 5 sec, need >30 sec
Warning: pre-scan cals for No0261 (M84) must omit reference scan, time margin is only 5 sec, need >30 sec
Warning: pre-scan cals for No0280 (M84) must omit reference scan, time margin is only 5 sec, need >30 sec
Warning: pre-scan cals for No0288 (M84) must omit reference scan, time margin is only 5 sec, need >30 sec
Warning: pre-scan cals for No0297 (NGC4552) must omit reference scan, time margin is only 5 sec, need >30 sec
Warning: pre-scan cals for No0309 (M84) must omit reference scan, time margin is only 5 sec, need >30 sec
Warning: pre-scan cals for No0330 (M84) must omit reference scan, time margin is only 5 sec, need >30 sec
Warning: pre-scan cals for No0352 (M84) must omit reference scan, time margin is only 5 sec, need >30 sec
Warning: pre-scan cals for No0363 (M84) must omit reference scan, time margin is only 5 sec, need >30 sec
Warning: pre-scan cals for No0386 (M84) must omit reference scan, time margin is only 5 sec, need >30 sec

Done. Created APECS observing file c251c.apecs.obs with 49 scans for N3AR90.

3C84                  EQ  2000   03:19:48.1601120   41:30:42.103636   LSR 0.0
NRAO150               EQ  2000   03:59:29.7472735   50:57:50.161861   LSR 0.0
J0510+1800            EQ  2000   05:10:02.3691294   18:00:41.581564   LSR 0.0
OJ287                 EQ  2000   08:54:48.8749297   20:06:30.640824   LSR 0.0
3C279                 EQ  2000   12:56:11.1665796  -05:47:21.525151   LSR 0.0
1749+096              EQ  2000   17:51:32.8185733   09:39:00.728407   LSR 0.0
1921-293              EQ  2000   19:24:51.0559525  -29:14:30.121025   LSR 0.0
BLLAC                 EQ  2000   22:02:43.2913695   42:16:39.979896   LSR 0.0
3C111                 EQ  2000   04:18:21.2772325   38:01:35.800201   LSR 0.0
P-YCAS                EQ  2000   00:03:21.6530910   55:40:47.830327   LSR 0.0
P-IRC+10011           EQ  2000   01:06:25.9888000   12:35:52.729400   LSR 0.0
P-OCETI               EQ  2000   02:19:20.8060000  -02:58:44.779200   LSR 0.0
P-IKTAU               EQ  2000   03:53:28.9367000   11:24:21.345400   LSR 0.0
P-TXCAM               EQ  2000   05:00:50.3900000   56:10:52.600000   LSR 0.0
P-UORI                EQ  2000   05:55:49.1900000   20:10:30.720000   LSR 0.0
P-BXCAM               EQ  2000   05:46:44.2900000   69:58:24.200000   LSR 0.0
P-GXMON               EQ  2000   06:52:46.9200000   08:25:18.980000   LSR 0.0
P-RCNC                EQ  2000   08:16:33.8260000   11:43:34.320000   LSR 0.0
P-RLEO                EQ  2000   09:47:33.5000000   11:25:43.680000   LSR 0.0
P-WHYA                EQ  2000   13:49:01.9200000  -28:22:03.360000   LSR 0.0
P-UHER                EQ  2000   16:25:47.6400000   18:53:33.000000   LSR 0.0
P-AHSCO               EQ  2000   17:11:17.1600000  -32:19:30.720000   LSR 0.0
P-V2108OPH            EQ  2000   17:14:19.3900000   08:56:02.600000   LSR 0.0
P-VXSGR               EQ  2000   18:08:04.0465000  -22:13:26.624600   LSR 0.0
P-V1111OPH            EQ  2000   18:37:19.2600000   10:25:42.200000   LSR 0.0
P-RAQL                EQ  2000   19:06:22.3200000   08:13:48.000000   LSR 0.0
P-RCAS                EQ  2000   23:58:25.0653000   51:23:20.102200   LSR 0.0
DR21                  EQ  2000   20:39:01.0200000   42:22:48.800000   LSR 0.0

Done. Created APECS observing file c251d.apecs.obs with 70 scans for N3AR90.

OJ287                 EQ  2000   08:54:48.8749297   20:06:30.640824   LSR 0.0
BLLAC                 EQ  2000   22:02:43.2913695   42:16:39.979896   LSR 0.0

Error: no scans found for Ax in vexfiles/triggered/f251a.vex!

SGR_A                 EQ  2000   17:45:40.0317460  -29:00:28.272280   LSR 0.0
IRS7                  EQ  2000   17:45:40.0340570  -29:00:22.821530   LSR 0.0
P-HALF                EQ  2000   17:45:40.0329015  -29:00:25.546905   LSR 0.0
REALSGRA              EQ  2000   17:45:40.0317460  -29:00:28.272280   LSR 0.0
REALIRS7              EQ  2000   17:45:40.0340570  -29:00:22.821530   LSR 0.0
1741-038              EQ  2000   17:43:58.8561354  -03:50:04.616733   LSR 0.0
1921-293              EQ  2000   19:24:51.0559525  -29:14:30.121025   LSR 0.0
3C454.3               EQ  2000   22:53:57.7479401   16:08:53.560881   LSR 0.0
P-IRC+10011           EQ  2000   01:06:25.9888000   12:35:52.729400   LSR 0.0
P-UHER                EQ  2000   16:25:47.6400000   18:53:33.000000   LSR 0.0
P-AHSCO               EQ  2000   17:11:17.1600000  -32:19:30.720000   LSR 0.0
P-V2108OPH            EQ  2000   17:14:19.3900000   08:56:02.600000   LSR 0.0
P-VXSGR               EQ  2000   18:08:04.0465000  -22:13:26.624600   LSR 0.0
P-V1111OPH            EQ  2000   18:37:19.2600000   10:25:42.200000   LSR 0.0
P-RAQL                EQ  2000   19:06:22.3200000   08:13:48.000000   LSR 0.0
P-RCAS                EQ  2000   23:58:25.0653000   51:23:20.102200   LSR 0.0
Warning: pre-scan cals for No0106 (P-HALF) must omit reference scan, time margin is only 15 sec, need >30 sec
Warning: pre-scan cals for No0143 (P-HALF) must omit reference scan, time margin is only 15 sec, need >30 sec
Warning: pre-scan cals for No0191 (P-HALF) must omit Tsys, time margin is only 20 sec, need >22 sec
Warning: pre-scan cals for No0191 (P-HALF) must omit reference scan, time margin is only 20 sec, need >30 sec
Warning: pre-scan cals for No0195 (P-HALF) must omit Tsys, time margin is only 20 sec, need >22 sec
Warning: pre-scan cals for No0195 (P-HALF) must omit reference scan, time margin is only 20 sec, need >30 sec
Warning: pre-scan cals for No0196 (P-HALF) must omit Tsys, time margin is only 20 sec, need >22 sec
Warning: pre-scan cals for No0196 (P-HALF) must omit reference scan, time margin is only 20 sec, need >30 sec
Warning: pre-scan cals for No0197 (P-HALF) must omit Tsys, time margin is only 20 sec, need >22 sec
Warning: pre-scan cals for No0197 (P-HALF) must omit reference scan, time margin is only 20 sec, need >30 sec
Warning: pre-scan cals for No0198 (P-HALF) must omit Tsys, time margin is only 20 sec, need >22 sec
Warning: pre-scan cals for No0198 (P-HALF) must omit reference scan, time margin is only 20 sec, need >30 sec

Done. Created APECS observing file mj008.apecs.obs with 39 scans for N3AR90.

3C273                 EQ  2000   12:29:06.6997419   02:03:08.598116   LSR 0.0
1308+326              EQ  2000   13:10:28.6638542   32:20:43.782834   LSR 0.0
1741-038              EQ  2000   17:43:58.8561354  -03:50:04.616733   LSR 0.0

Done. Created APECS observing file c251z104.apecs.obs with 12 scans for N3AR90_DWKim104.

3C273                 EQ  2000   12:29:06.6997419   02:03:08.598116   LSR 0.0
1308+326              EQ  2000   13:10:28.6638542   32:20:43.782834   LSR 0.0
1741-038              EQ  2000   17:43:58.8561354  -03:50:04.616733   LSR 0.0

Done. Created APECS observing file c251z114.apecs.obs with 12 scans for N3AR90_DWKim114.

