APLIB                 EQ  2000   15:17:41.8131348  -24:22:19.476099   LSR 0.0
0109+224              EQ  2000   01:12:05.8247160   22:44:38.786350   LSR 0.0
3C84                  EQ  2000   03:19:48.1601120   41:30:42.103636   LSR 0.0
0346-279              EQ  2000   03:48:38.1445704  -27:49:13.565786   LSR 0.0
0506+056              EQ  2000   05:09:25.9644628   05:41:35.333421   LSR 0.0
3C138                 EQ  2000   05:21:09.8859626   16:38:22.051546   LSR 0.0
0716+714              EQ  2000   07:21:53.4484757   71:20:36.363429   LSR 0.0
0723-008              EQ  2000   07:25:50.6399126  -00:54:56.543051   LSR 0.0
0736+017              EQ  2000   07:39:18.0338991   01:37:04.617750   LSR 0.0
OJ287                 EQ  2000   08:54:48.8749297   20:06:30.640824   LSR 0.0
0954+658              EQ  2000   09:58:47.2451133   65:33:54.818038   LSR 0.0
1156+295              EQ  2000   11:59:31.8339138   29:14:43.826822   LSR 0.0
1222+216              EQ  2000   12:24:54.4584052   21:22:46.388483   LSR 0.0
1308+326              EQ  2000   13:10:28.6638542   32:20:43.782834   LSR 0.0
1510-089              EQ  2000   15:12:50.5329305  -09:05:59.829791   LSR 0.0
1749+096              EQ  2000   17:51:32.8185733   09:39:00.728407   LSR 0.0
BLLAC                 EQ  2000   22:02:43.2913695   42:16:39.979896   LSR 0.0
P-IRC+10011           EQ  2000   01:06:25.9888000   12:35:52.729400   LSR 0.0
P-IKTAU               EQ  2000   03:53:28.9367000   11:24:21.345400   LSR 0.0
P-TXCAM               EQ  2000   05:00:50.3900000   56:10:52.600000   LSR 0.0
P-ORINEW2             EQ  2000   05:35:14.5000000  -05:22:29.600000   LSR 0.0
P-BXCAM               EQ  2000   05:46:44.2900000   69:58:24.200000   LSR 0.0
P-GXMON               EQ  2000   06:52:46.9200000   08:25:18.980000   LSR 0.0
P-VYCMA               EQ  2000   07:22:58.3300000  -25:46:03.000000   LSR 0.0
P-RCNC                EQ  2000   08:16:33.8260000   11:43:34.320000   LSR 0.0
P-RLEO                EQ  2000   09:47:33.5000000   11:25:43.680000   LSR 0.0
P-WHYA                EQ  2000   13:49:01.9200000  -28:22:03.360000   LSR 0.0
P-UHER                EQ  2000   16:25:47.6400000   18:53:33.000000   LSR 0.0
P-AHSCO               EQ  2000   17:11:17.1600000  -32:19:30.720000   LSR 0.0
P-VXSGR               EQ  2000   18:08:04.0465000  -22:13:26.624600   LSR 0.0
P-V1111OPH            EQ  2000   18:37:19.2600000   10:25:42.200000   LSR 0.0
P-RAQR                EQ  2000   23:43:49.4600000  -15:17:04.140000   LSR 0.0
P-RCAS                EQ  2000   23:58:25.0653000   51:23:20.102200   LSR 0.0
DR21                  EQ  2000   20:39:01.0200000   42:22:48.800000   LSR 0.0

Done. Created APECS observing file c252a.apecs.obs with 55 scans for N3AR90_GMVA86.

OJ287                 EQ  2000   08:54:48.8749297   20:06:30.640824   LSR 0.0
1055+018              EQ  2000   10:58:29.6052081   01:33:58.823745   LSR 0.0
1308+326              EQ  2000   13:10:28.6638542   32:20:43.782834   LSR 0.0
3C345                 EQ  2000   16:42:58.8099704   39:48:36.993955   LSR 0.0
2013+370              EQ  2000   20:15:28.7297866   37:10:59.514737   LSR 0.0
BLLAC                 EQ  2000   22:02:43.2913695   42:16:39.979896   LSR 0.0
3C454.3               EQ  2000   22:53:57.7479401   16:08:53.560881   LSR 0.0
P-IRC+10011           EQ  2000   01:06:25.9888000   12:35:52.729400   LSR 0.0
P-BXCAM               EQ  2000   05:46:44.2900000   69:58:24.200000   LSR 0.0
P-GXMON               EQ  2000   06:52:46.9200000   08:25:18.980000   LSR 0.0
P-VYCMA               EQ  2000   07:22:58.3300000  -25:46:03.000000   LSR 0.0
P-RCNC                EQ  2000   08:16:33.8260000   11:43:34.320000   LSR 0.0
P-RLEO                EQ  2000   09:47:33.5000000   11:25:43.680000   LSR 0.0
P-WHYA                EQ  2000   13:49:01.9200000  -28:22:03.360000   LSR 0.0
P-UHER                EQ  2000   16:25:47.6400000   18:53:33.000000   LSR 0.0
P-V1111OPH            EQ  2000   18:37:19.2600000   10:25:42.200000   LSR 0.0
P-RAQR                EQ  2000   23:43:49.4600000  -15:17:04.140000   LSR 0.0
P-RCAS                EQ  2000   23:58:25.0653000   51:23:20.102200   LSR 0.0
DR21                  EQ  2000   20:39:01.0200000   42:22:48.800000   LSR 0.0

Done. Created APECS observing file c252b.apecs.obs with 51 scans for N3AR90_GMVA86.

3C84                  EQ  2000   03:19:48.1601120   41:30:42.103636   LSR 0.0
2013+370              EQ  2000   20:15:28.7297866   37:10:59.514737   LSR 0.0
BLLAC                 EQ  2000   22:02:43.2913695   42:16:39.979896   LSR 0.0
3C454.3               EQ  2000   22:53:57.7479401   16:08:53.560881   LSR 0.0
P-IRC+10011           EQ  2000   01:06:25.9888000   12:35:52.729400   LSR 0.0
P-IKTAU               EQ  2000   03:53:28.9367000   11:24:21.345400   LSR 0.0
P-TXCAM               EQ  2000   05:00:50.3900000   56:10:52.600000   LSR 0.0
P-V1111OPH            EQ  2000   18:37:19.2600000   10:25:42.200000   LSR 0.0
P-RAQR                EQ  2000   23:43:49.4600000  -15:17:04.140000   LSR 0.0
P-RCAS                EQ  2000   23:58:25.0653000   51:23:20.102200   LSR 0.0
DR21                  EQ  2000   20:39:01.0200000   42:22:48.800000   LSR 0.0

Done. Created APECS observing file c252c.apecs.obs with 26 scans for N3AR90_GMVA94.

0420-014              EQ  2000   04:23:15.8007270  -01:20:33.065550   LSR 0.0
3C120                 EQ  2000   04:33:11.0955270   05:21:15.619210   LSR 0.0
BLLAC                 EQ  2000   22:02:43.2913710   42:16:39.979870   LSR 0.0
CTA102                EQ  2000   22:32:36.4089050   11:43:50.903940   LSR 0.0
3C454.3               EQ  2000   22:53:57.7479370   16:08:53.560930   LSR 0.0
Warning: pre-scan cals for No0002 (3C454.3) must omit reference scan, time margin is only 5 sec, need >30 sec
Warning: pre-scan cals for No0003 (CTA102) must omit reference scan, time margin is only 5 sec, need >30 sec
Warning: pre-scan cals for No0004 (3C454.3) must omit reference scan, time margin is only 5 sec, need >30 sec
Warning: pre-scan cals for No0005 (CTA102) must omit reference scan, time margin is only 5 sec, need >30 sec
Warning: pre-scan cals for No0006 (3C454.3) must omit reference scan, time margin is only 5 sec, need >30 sec
Warning: pre-scan cals for No0007 (CTA102) must omit reference scan, time margin is only 5 sec, need >30 sec
Warning: pre-scan cals for No0008 (3C454.3) must omit reference scan, time margin is only 5 sec, need >30 sec
Warning: pre-scan cals for No0009 (CTA102) must omit reference scan, time margin is only 5 sec, need >30 sec
Warning: pre-scan cals for No0010 (3C454.3) must omit reference scan, time margin is only 5 sec, need >30 sec
Warning: pre-scan cals for No0011 (CTA102) must omit reference scan, time margin is only 5 sec, need >30 sec
Warning: pre-scan cals for No0014 (3C454.3) must omit reference scan, time margin is only 5 sec, need >30 sec
Warning: pre-scan cals for No0015 (CTA102) must omit reference scan, time margin is only 5 sec, need >30 sec
Warning: pre-scan cals for No0016 (3C454.3) must omit reference scan, time margin is only 5 sec, need >30 sec
Warning: pre-scan cals for No0017 (CTA102) must omit reference scan, time margin is only 5 sec, need >30 sec
Warning: pre-scan cals for No0018 (3C454.3) must omit reference scan, time margin is only 5 sec, need >30 sec
Warning: pre-scan cals for No0019 (CTA102) must omit reference scan, time margin is only 5 sec, need >30 sec
Warning: pre-scan cals for No0020 (3C454.3) must omit reference scan, time margin is only 5 sec, need >30 sec
Warning: pre-scan cals for No0021 (CTA102) must omit reference scan, time margin is only 5 sec, need >30 sec
Warning: pre-scan cals for No0025 (3C120) must omit reference scan, time margin is only 5 sec, need >30 sec
Warning: pre-scan cals for No0026 (0420-014) must omit reference scan, time margin is only 5 sec, need >30 sec
Warning: pre-scan cals for No0027 (3C120) must omit reference scan, time margin is only 5 sec, need >30 sec
Warning: pre-scan cals for No0028 (0420-014) must omit reference scan, time margin is only 5 sec, need >30 sec
Warning: pre-scan cals for No0029 (3C120) must omit reference scan, time margin is only 5 sec, need >30 sec
Warning: pre-scan cals for No0030 (0420-014) must omit reference scan, time margin is only 5 sec, need >30 sec
Warning: pre-scan cals for No0031 (3C120) must omit reference scan, time margin is only 5 sec, need >30 sec
Warning: pre-scan cals for No0032 (0420-014) must omit reference scan, time margin is only 5 sec, need >30 sec
Warning: pre-scan cals for No0033 (3C120) must omit reference scan, time margin is only 5 sec, need >30 sec
Warning: pre-scan cals for No0034 (0420-014) must omit reference scan, time margin is only 5 sec, need >30 sec
Warning: pre-scan cals for No0035 (3C120) must omit reference scan, time margin is only 5 sec, need >30 sec
Warning: pre-scan cals for No0036 (0420-014) must omit reference scan, time margin is only 5 sec, need >30 sec

Done. Created APECS observing file fpt_test_2025.apecs.obs with 37 scans for N3AR90xNFLASH260.

