## dpkg --get-selections
accountsservice					install
acl						install
acpi						install
acpi-support-base				install
acpid						install
adduser						install
aisleriot					install
alacarte					install
alsa-base					install
alsa-utils					install
anacron						install
ant						install
ant-optional					install
apache2.2-bin					install
apg						install
app-install-data				install
apt						install
apt-listchanges					install
apt-ntop					install
apt-utils					install
apt-xapian-index				install
aptdaemon					install
aptdaemon-data					install
aptitude					install
aptitude-common					install
argyll						install
aspell						install
aspell-en					install
at						install
at-spi2-core					install
autoconf					install
automake					install
autotools-dev					install
avahi-daemon					install
baobab						install
base-files					install
base-passwd					install
bash						install
bash-completion					install
bc						install
bind9-host					install
binfmt-support					install
binutils					install
bison						install
blcr-util					install
blt						install
bluez						install
bogofilter					install
bogofilter-bdb					install
bogofilter-common				install
brasero						install
brasero-common					install
bridge-utils					install
browser-plugin-gnash				install
bsd-mailx					install
bsdmainutils					install
bsdutils					install
build-essential					install
busybox						install
bwidget						install
bzip2						install
ca-certificates					install
ca-certificates-java				install
caribou						install
caribou-antler					install
cdrdao						install
cento						deinstall
checkpolicy					install
cheese						install
cheese-common					install
cli-common					install
colord						install
console-setup					install
console-setup-linux				install
consolekit					install
coreutils					install
cpio						install
cpp						install
cpp-4.6						install
cpp-4.7						install
crda						install
cron						install
cryptsetup-bin					install
cups						install
cups-bsd					install
cups-client					install
cups-common					install
cups-filters					install
cups-pk-helper					install
cups-ppdc					install
curl						install
cvs						install
dash						install
db5.1-util					install
dbus						install
dbus-x11					install
dc						install
dconf-gsettings-backend:amd64			install
dconf-service					install
dconf-tools					install
debconf						install
debconf-i18n					install
debian-archive-keyring				install
debian-faq					install
debianutils					install
default-jre					install
default-jre-headless				install
desktop-base					install
desktop-file-utils				install
dictionaries-common				install
diffutils					install
discover					install
discover-data					install
dkms						install
dmidecode					install
dmsetup						install
dnsmasq						install
dnsmasq-base					install
dnsmasq-utils					install
dnsutils					install
doc-debian					install
docbook-xml					install
dosfstools					install
doxygen						install
doxygen-doc					install
doxygen-gui					install
doxygen-latex					install
dpkg						install
dpkg-dev					install
e2fslibs:amd64					install
e2fsprogs					install
ed						install
eject						install
elinks						install
elinks-data					install
empathy						install
empathy-common					install
enchant						install
eog						install
espeak-data:amd64				install
ethtool						install
evince						install
evince-common					install
evolution					install
evolution-common				install
evolution-data-server				install
evolution-data-server-common			install
evolution-plugins				install
evolution-webcal				install
exim4						install
exim4-base					install
exim4-config					install
exim4-daemon-light				install
expat						install
fakeroot					install
fftw-dev					install
fftw2						install
file						install
file-roller					install
findutils					install
finger						install
firefox-esr					install
flex						install
flex-doc					install
folks-common					install
fontconfig					install
fontconfig-config				install
fonts-cantarell					install
fonts-droid					install
fonts-liberation				install
fonts-lyx					install
fonts-opensymbol				install
fonts-sil-gentium				install
fonts-sil-gentium-basic				install
fonts-stix					install
foomatic-db-compressed-ppds			install
foomatic-db-engine				install
foomatic-filters				install
freepats					install
ftp						install
fuse						install
g++						install
g++-4.7						install
g++-4.7-multilib				install
g++-multilib					install
gcalctool					install
gcc						install
gcc-4.6						install
gcc-4.6-base:amd64				install
gcc-4.7						install
gcc-4.7-base:amd64				install
gcc-4.7-multilib				install
gcc-multilib					install
gccxml						install
gconf-service					install
gconf2						install
gconf2-common					install
gcr						install
gdebi						install
gdebi-core					install
gdm3						install
gedit						install
gedit-common					install
gedit-plugins					install
geoclue						install
geoclue-hostip					install
geoclue-localnet				install
geoclue-manual					install
geoclue-yahoo					install
geoip-database					install
gettext-base					install
gfortran					install
gfortran-4.7					install
gfortran-4.7-multilib				install
gfortran-multilib				install
ghostscript					install
ghostscript-cups				install
gimp						install
gimp-data					install
gir1.2-accountsservice-1.0			install
gir1.2-atk-1.0					install
gir1.2-atspi-2.0				install
gir1.2-caribou-1.0				install
gir1.2-clutter-1.0				install
gir1.2-clutter-gst-1.0				install
gir1.2-cogl-1.0					install
gir1.2-coglpango-1.0				install
gir1.2-evince-3.0				install
gir1.2-folks-0.6				install
gir1.2-freedesktop				install
gir1.2-gck-1					install
gir1.2-gconf-2.0				install
gir1.2-gcr-3					install
gir1.2-gdata-0.0				install
gir1.2-gdesktopenums-3.0			install
gir1.2-gdkpixbuf-2.0				install
gir1.2-gee-1.0					install
gir1.2-gkbd-3.0					install
gir1.2-glib-2.0					install
gir1.2-gmenu-3.0				install
gir1.2-gnomebluetooth-1.0			install
gir1.2-gnomekeyring-1.0				install
gir1.2-goa-1.0					install
gir1.2-gst-plugins-base-0.10			install
gir1.2-gstreamer-0.10				install
gir1.2-gtk-3.0					install
gir1.2-gtkclutter-1.0				install
gir1.2-gtksource-3.0				install
gir1.2-gtop-2.0					install
gir1.2-gucharmap-2.90				install
gir1.2-javascriptcoregtk-3.0			install
gir1.2-json-1.0					install
gir1.2-mutter-3.0				install
gir1.2-networkmanager-1.0			install
gir1.2-panelapplet-4.0				install
gir1.2-pango-1.0				install
gir1.2-peas-1.0					install
gir1.2-polkit-1.0				install
gir1.2-rb-3.0					install
gir1.2-soup-2.4					install
gir1.2-telepathyglib-0.12			install
gir1.2-telepathylogger-0.2			install
gir1.2-totem-1.0				install
gir1.2-totem-plparser-1.0			install
gir1.2-tracker-0.14				install
gir1.2-upowerglib-1.0				install
gir1.2-vte-2.90					install
gir1.2-webkit-3.0				install
gir1.2-wnck-3.0					install
gir1.2-xkl-1.0					install
git						install
git-man						install
gjs						install
gkbd-capplet					install
gksu						install
glchess						install
glib-networking:amd64				install
glib-networking-common				install
glib-networking-services			install
glines						install
gnash						install
gnash-common					install
gnect						install
gnibbles					install
gnobots2					install
gnome						install
gnome-accessibility-themes			install
gnome-applets					install
gnome-applets-data				install
gnome-backgrounds				install
gnome-bluetooth					install
gnome-color-manager				install
gnome-contacts					install
gnome-control-center				install
gnome-control-center-data			install
gnome-core					install
gnome-desktop3-data				install
gnome-dictionary				install
gnome-disk-utility				install
gnome-documents					install
gnome-font-viewer				install
gnome-games					install
gnome-games-data				install
gnome-games-extra-data				install
gnome-icon-theme				install
gnome-icon-theme-extras				install
gnome-icon-theme-symbolic			install
gnome-js-common					install
gnome-keyring					install
gnome-mag					install
gnome-media					install
gnome-menus					install
gnome-mime-data					install
gnome-nettool					install
gnome-online-accounts				install
gnome-orca					install
gnome-packagekit				install
gnome-packagekit-data				install
gnome-panel					install
gnome-panel-data				install
gnome-power-manager				install
gnome-screensaver				install
gnome-screenshot				install
gnome-session					install
gnome-session-bin				install
gnome-session-common				install
gnome-session-fallback				install
gnome-settings-daemon				install
gnome-shell					install
gnome-shell-common				install
gnome-shell-extensions				install
gnome-sudoku					install
gnome-sushi					install
gnome-system-log				install
gnome-system-monitor				install
gnome-terminal					install
gnome-terminal-data				install
gnome-themes-standard				install
gnome-themes-standard-data			install
gnome-tweak-tool				install
gnome-user-guide				install
gnome-user-share				install
gnome-video-effects				install
gnomine						install
gnotravex					install
gnotski						install
gnuchess					install
gnuchess-book					install
gnupg						install
gnuplot						install
gnuplot-nox					install
gpgv						install
grep						install
grilo-plugins-0.1:amd64				install
groff						install
groff-base					install
grub-common					install
grub-pc						install
grub-pc-bin					install
grub2-common					install
gsettings-desktop-schemas			install
gsfonts						install
gstreamer0.10-ffmpeg:amd64			install
gstreamer0.10-gconf:amd64			install
gstreamer0.10-nice:amd64			install
gstreamer0.10-plugins-bad:amd64			install
gstreamer0.10-plugins-base:amd64		install
gstreamer0.10-plugins-good:amd64		install
gstreamer0.10-plugins-ugly:amd64		install
gstreamer0.10-pulseaudio:amd64			install
gstreamer0.10-x:amd64				install
gtali						install
gtk2-engines:amd64				install
gucharmap					install
guile-2.0-libs					install
gvfs:amd64					install
gvfs-backends					install
gvfs-bin					install
gvfs-common					install
gvfs-daemons					install
gvfs-libs:amd64					install
gzip						install
hamster-applet					install
hdparm						install
hicolor-icon-theme				install
hostname					install
hp-ppd						install
hpijs						install
hplip						install
hplip-data					install
htop						install
hunspell-en-us					install
hwdata						install
hyphen-en-us					install
iagno						install
iamerican					install
ibritish					install
iceweasel					install
ienglish-common					install
iftop						install
ifupdown					install
imagemagick					install
imagemagick-common				install
info						install
initramfs-tools					install
initscripts					install
inkscape					install
insserv						install
install-info					install
installation-report				install
iperf						install
iproute						install
iptables					install
iptraf						install
iputils-ping					install
iputils-tracepath				install
isc-dhcp-client					install
isc-dhcp-common					install
iso-codes					install
ispell						install
iw						install
java-common					install
kbd						install
keyboard-configuration				install
klibc-utils					install
kmod						install
krb5-locales					install
laptop-detect					install
latex-beamer					install
latex-xcolor					install
less						install
lib32gcc1					install
lib32gfortran3					install
lib32gomp1					install
lib32itm1					install
lib32quadmath0					install
lib32stdc++6					install
liba52-0.7.4					install
libaa1:amd64					install
libaacs0:amd64					install
libaccountsservice0				install
libacl1:amd64					install
libalgorithm-diff-perl				install
libalgorithm-diff-xs-perl			install
libalgorithm-merge-perl				install
libamd2.2.0					install
libao-common					install
libao4						install
libapache-pom-java				install
libapache2-mod-dnssd				install
libapol4:amd64					install
libapr1						install
libaprutil1					install
libaprutil1-dbd-sqlite3				install
libaprutil1-ldap				install
libapt-inst1.5:amd64				install
libapt-pkg4.12:amd64				install
libarchive12:amd64				install
libart-2.0-2:amd64				install
libasound2:amd64				install
libasound2-plugins:amd64			install
libaspell15					install
libasprintf0c2:amd64				install
libass4:amd64					install
libasyncns0:amd64				install
libatasmart4:amd64				install
libatk-adaptor:amd64				install
libatk-adaptor-data				install
libatk-bridge2.0-0:amd64			install
libatk-wrapper-java				install
libatk-wrapper-java-jni:amd64			install
libatk1.0-0:amd64				install
libatk1.0-data					install
libatkmm-1.6-1					install
libatspi1.0-0					install
libatspi2.0-0:amd64				install
libattr1:amd64					install
libaudio2:amd64					install
libaudit0					install
libavahi-client3:amd64				install
libavahi-common-data:amd64			install
libavahi-common3:amd64				install
libavahi-core7:amd64				install
libavahi-glib1:amd64				install
libavahi-gobject0:amd64				install
libavahi-ui-gtk3-0:amd64			install
libavc1394-0:amd64				install
libavcodec53:amd64				install
libavformat53:amd64				install
libavutil51:amd64				install
libbabl-0.1-0:amd64				install
libbind9-80					install
libbison-dev:amd64				install
libblas3					install
libblas3gf					install
libblkid1:amd64					install
libbluetooth3:amd64				install
libbluray1:amd64				install
libbonobo2-0					install
libbonobo2-common				install
libbonoboui2-0					install
libbonoboui2-common				install
libboost-all-dev				install
libboost-chrono-dev				install
libboost-chrono1.49-dev				install
libboost-chrono1.49.0				install
libboost-date-time-dev				install
libboost-date-time1.49-dev			install
libboost-date-time1.49.0			install
libboost-dev					install
libboost-filesystem-dev				install
libboost-filesystem1.49-dev			install
libboost-filesystem1.49.0			install
libboost-graph-dev				install
libboost-graph-parallel-dev			install
libboost-graph-parallel1.49-dev			install
libboost-graph-parallel1.49.0			install
libboost-graph1.49-dev				install
libboost-graph1.49.0				install
libboost-iostreams-dev				install
libboost-iostreams1.49-dev			install
libboost-iostreams1.49.0			install
libboost-locale-dev				install
libboost-locale1.49-dev				install
libboost-locale1.49.0				install
libboost-math-dev				install
libboost-math1.49-dev				install
libboost-math1.49.0				install
libboost-mpi-dev				install
libboost-mpi-python-dev				install
libboost-mpi-python1.49-dev			install
libboost-mpi-python1.49.0			install
libboost-mpi1.49-dev				install
libboost-mpi1.49.0				install
libboost-program-options-dev			install
libboost-program-options1.49-dev		install
libboost-program-options1.49.0			install
libboost-python-dev				install
libboost-python1.49-dev				install
libboost-python1.49.0				install
libboost-random-dev				install
libboost-random1.49-dev				install
libboost-random1.49.0				install
libboost-regex-dev				install
libboost-regex1.49-dev				install
libboost-regex1.49.0				install
libboost-serialization-dev			install
libboost-serialization1.49-dev			install
libboost-serialization1.49.0			install
libboost-signals-dev				install
libboost-signals1.49-dev			install
libboost-signals1.49.0				install
libboost-system-dev				install
libboost-system1.49-dev				install
libboost-system1.49.0				install
libboost-test-dev				install
libboost-test1.49-dev				install
libboost-test1.49.0				install
libboost-thread-dev				install
libboost-thread1.49-dev				install
libboost-thread1.49.0				install
libboost-timer-dev				install
libboost-timer1.49-dev				install
libboost-timer1.49.0				install
libboost-wave-dev				install
libboost-wave1.49-dev				install
libboost-wave1.49.0				install
libboost1.49-dev				install
libbrasero-media3-1				install
libbrlapi0.5:amd64				install
libbsd0:amd64					install
libburn4					install
libbz2-1.0:amd64				install
libc-bin					install
libc-dev-bin					install
libc6:amd64					install
libc6-dev:amd64					install
libc6-dev-i386					install
libc6-i386					install
libcaca0:amd64					install
libcairo-gobject2:amd64				install
libcairo-perl					install
libcairo2:amd64					install
libcairomm-1.0-1				install
libcamel-1.2-33					install
libcanberra-gtk-module:amd64			install
libcanberra-gtk0:amd64				install
libcanberra-gtk3-0:amd64			install
libcanberra-gtk3-module:amd64			install
libcanberra-pulse:amd64				install
libcanberra0:amd64				install
libcap-ng0					install
libcap2:amd64					install
libcap2-bin					install
libcaribou-common				install
libcaribou-gtk-module:amd64			install
libcaribou-gtk3-module:amd64			install
libcaribou0:amd64				install
libcdaudio1					install
libcdio-cdda1					install
libcdio-paranoia1				install
libcdio13					install
libcdparanoia0					install
libchamplain-0.12-0:amd64			install
libchamplain-gtk-0.12-0:amd64			install
libcheese-gtk21:amd64				install
libcheese3:amd64				install
libck-connector0:amd64				install
libclass-isa-perl				install
libclutter-1.0-0:amd64				install
libclutter-1.0-common				install
libclutter-gst-1.0-0:amd64			install
libclutter-gtk-1.0-0:amd64			install
libclutter-imcontext-0.1-0:amd64		install
libclutter-imcontext-0.1-bin			install
libcluttergesture-0.0.2-0:amd64			install
libcmis-0.2-0					install
libcogl-common					install
libcogl-pango0:amd64				install
libcogl9:amd64					install
libcolamd2.7.1					install
libcolorblind0					install
libcolord1:amd64				install
libcomerr2:amd64				install
libcommons-beanutils-java			install
libcommons-collections3-java			install
libcommons-compress-java			install
libcommons-digester-java			install
libcommons-logging-java				install
libcommons-parent-java				install
libcpufreq0					install
libcr0						install
libcroco3:amd64					install
libcryptsetup4					install
libcups2:amd64					install
libcupscgi1:amd64				install
libcupsdriver1:amd64				install
libcupsfilters1:amd64				install
libcupsimage2:amd64				install
libcupsmime1:amd64				install
libcupsppdc1:amd64				install
libcurl3:amd64					install
libcurl3-gnutls:amd64				install
libcwidget3					install
libdaemon0					install
libdatrie1:amd64				install
libdb-java					install
libdb-je-java					install
libdb5.1:amd64					install
libdb5.1-java					install
libdb5.1-java-jni:amd64				install
libdbi1						install
libdbus-1-3:amd64				install
libdbus-glib-1-2:amd64				install
libdbus-glib1.0-cil				install
libdbus1.0-cil					install
libdc1394-22:amd64				install
libdca0						install
libdconf0:amd64					install
libdee-1.0-4					install
libdevmapper-event1.02.1:amd64			install
libdevmapper1.02.1:amd64			install
libdirac-encoder0:amd64				install
libdirectfb-1.2-9:amd64				install
libdiscid0:amd64				install
libdiscover2					install
libdjvulibre-text				install
libdjvulibre21					install
libdmapsharing-3.0-2				install
libdns88					install
libdotconf1.0					install
libdpkg-perl					install
libdrm-intel1:amd64				install
libdrm-nouveau1a:amd64				install
libdrm-radeon1:amd64				install
libdrm2:amd64					install
libdv4:amd64					install
libdvdnav4					install
libdvdread4					install
libebackend-1.2-2				install
libebook-1.2-13					install
libecal-1.2-11					install
libedata-book-1.2-13				install
libedata-cal-1.2-15				install
libedataserver-1.2-16				install
libedataserverui-3.0-1				install
libedit2:amd64					install
libelf1						install
libenca0					install
libenchant1c2a					install
libencode-locale-perl				install
libepc-1.0-3					install
libepc-common					install
libepc-ui-1.0-3					install
libept1.4.12					install
liberror-perl					install
libescpr1:amd64					install
libespeak1:amd64				install
libevdocument3-4				install
libevent-2.0-5:amd64				install
libevolution					install
libevview3-3					install
libexempi3:amd64				install
libexif12:amd64					install
libexiv2-12					install
libexpat1:amd64					install
libexpat1-dev					install
libexttextcat-data				install
libexttextcat0					install
libfaad2:amd64					install
libfam0						install
libfarstream-0.1-0:amd64			install
libffi5:amd64					install
libfftw3-3:amd64				install
libfftw3-bin					install
libfftw3-dev:amd64				install
libfile-basedir-perl				install
libfile-copy-recursive-perl			install
libfile-desktopentry-perl			install
libfile-fcntllock-perl				install
libfile-listing-perl				install
libfile-mimeinfo-perl				install
libflac8:amd64					install
libflite1:amd64					install
libfolks-eds25					install
libfolks-telepathy25				install
libfolks25					install
libfont-afm-perl				install
libfontconfig1:amd64				install
libfontenc1:amd64				install
libfreetype6:amd64				install
libfribidi0:amd64				install
libfs6:amd64					install
libfsplib0					install
libfuse-dev					install
libfuse2:amd64					install
libgail-3-0:amd64				install
libgail-common:amd64				install
libgail18:amd64					install
libgc1c2					install
libgcc1:amd64					install
libgck-1-0					install
libgconf-2-4:amd64				install
libgconf2-4:amd64				install
libgconf2.0-cil					install
libgcr-3-1					install
libgcr-3-common					install
libgcrypt11:amd64				install
libgd2-xpm:amd64				install
libgdata-common					install
libgdata13					install
libgdbm3:amd64					install
libgdict-1.0-6					install
libgdict-common					install
libgdiplus					install
libgdk-pixbuf2.0-0:amd64			install
libgdk-pixbuf2.0-common				install
libgdu-gtk0					install
libgdu0						install
libgee2:amd64					install
libgegl-0.2-0:amd64				install
libgeoclue0					install
libgeocode-glib0				install
libgeoip1					install
libgexiv2-1					install
libgfortran3:amd64				install
libgif4						install
libgimp2.0					install
libgirepository-1.0-1				install
libgjs0b					install
libgksu2-0					install
libgl1-mesa-dri:amd64				install
libgl1-mesa-glx:amd64				install
libglade2-0					install
libglapi-mesa:amd64				install
libglew1.7:amd64				install
libglib-perl					install
libglib2.0-0:amd64				install
libglib2.0-bin					install
libglib2.0-cil					install
libglib2.0-data					install
libglibmm-2.4-1c2a:amd64			install
libglu1-mesa:amd64				install
libgme0						install
libgmime-2.6-0					install
libgmime2.6-cil					install
libgmp10:amd64					install
libgnome-bluetooth10				install
libgnome-desktop-3-2				install
libgnome-keyring-common				install
libgnome-keyring0:amd64				install
libgnome-mag2					install
libgnome-media-profiles-3.0-0			install
libgnome-menu-3-0				install
libgnome2-0					install
libgnome2-common				install
libgnomecanvas2-0				install
libgnomecanvas2-common				install
libgnomekbd-common				install
libgnomekbd7					install
libgnomeui-0					install
libgnomeui-common				install
libgnomevfs2-0					install
libgnomevfs2-common				install
libgnomevfs2-extra				install
libgnutls26:amd64				install
libgoa-1.0-0:amd64				install
libgoa-1.0-common				install
libgomp1:amd64					install
libgpg-error0:amd64				install
libgpgme11					install
libgphoto2-2:amd64				install
libgphoto2-l10n					install
libgphoto2-port0:amd64				install
libgpm2:amd64					install
libgpod-common					install
libgpod4:amd64					install
libgraphite2-2.0.0:amd64			install
libgraphite3					install
libgrilo-0.1-0:amd64				install
libgs9						install
libgs9-common					install
libgsf-1-114					install
libgsf-1-common					install
libgsl0ldbl					install
libgsm1:amd64					install
libgssapi-krb5-2:amd64				install
libgssdp-1.0-3					install
libgssglue1:amd64				install
libgstreamer-plugins-bad0.10-0:amd64		install
libgstreamer-plugins-base0.10-0:amd64		install
libgstreamer0.10-0:amd64			install
libgtk-3-0:amd64				install
libgtk-3-bin					install
libgtk-3-common					install
libgtk-vnc-2.0-0				install
libgtk2-perl					install
libgtk2.0-0:amd64				install
libgtk2.0-bin					install
libgtk2.0-cil					install
libgtk2.0-common				install
libgtkhtml-4.0-0				install
libgtkhtml-4.0-common				install
libgtkhtml-editor-4.0-0				install
libgtkmm-2.4-1c2a				install
libgtkmm-3.0-1:amd64				install
libgtksourceview-3.0-0:amd64			install
libgtksourceview-3.0-common			install
libgtkspell0					install
libgtop2-7					install
libgtop2-common					install
libgucharmap-2-90-7				install
libgudev-1.0-0:amd64				install
libgupnp-1.0-4					install
libgupnp-av-1.0-2				install
libgupnp-dlna-1.0-2				install
libgupnp-igd-1.0-4:amd64			install
libgusb2					install
libgutenprint2					install
libgvnc-1.0-0					install
libgweather-3-0					install
libgweather-common				install
libgxps2:amd64					install
libhiredis0.10:amd64				install
libhpmud0					install
libhsqldb-java					install
libhtml-form-perl				install
libhtml-format-perl				install
libhtml-parser-perl				install
libhtml-tagset-perl				install
libhtml-tree-perl				install
libhttp-cookies-perl				install
libhttp-daemon-perl				install
libhttp-date-perl				install
libhttp-message-perl				install
libhttp-negotiate-perl				install
libhunspell-1.3-0:amd64				install
libhyphen0					install
libibverbs-dev					install
libibverbs1					install
libical0					install
libicc2:amd64					install
libice-dev:amd64				install
libice6:amd64					install
libicu-dev					install
libicu48:amd64					install
libicu4j-java					install
libidl0						install
libidn11:amd64					install
libiec61883-0					install
libieee1284-3:amd64				install
libijs-0.35					install
libilmbase6					install
libimdi0:amd64					install
libimobiledevice2				install
libio-socket-ip-perl				install
libio-socket-ssl-perl				install
libiptcdata0					install
libisc84					install
libisccc80					install
libisccfg82					install
libisofs6					install
libitm1:amd64					install
libjack-jackd2-0:amd64				install
libjasper1:amd64				install
libjavascriptcoregtk-1.0-0			install
libjavascriptcoregtk-3.0-0			install
libjaxp1.3-java					install
libjbig0:amd64					install
libjbig2dec0					install
libjemalloc1					install
libjim0debian2:amd64				install
libjline-java					install
libjpeg8:amd64					install
libjson-glib-1.0-0:amd64			install
libjson0:amd64					install
libjsoncpp0					install
libjte1						install
libjtidy-java					install
libk5crypto3:amd64				install
libkate1					install
libkeyutils1:amd64				install
libklibc					install
libkmod2:amd64					install
libkpathsea6					install
libkrb5-3:amd64					install
libkrb5support0:amd64				install
liblapack3					install
liblcms1:amd64					install
liblcms2-2:amd64				install
libldap-2.4-2:amd64				install
liblensfun-data					install
liblensfun0					install
liblinear-tools					install
liblinear1					install
liblircclient0					install
liblocale-gettext-perl				install
liblockfile-bin					install
liblockfile1:amd64				install
liblouis-data					install
liblouis2:amd64					install
liblqr-1-0:amd64				install
libltdl-dev:amd64				install
libltdl7:amd64					install
liblua5.1-0:amd64				install
liblucene2-java					install
liblvm2app2.2:amd64				install
liblwp-mediatypes-perl				install
liblwp-protocol-https-perl			install
liblwres80					install
liblzma5:amd64					install
libmad0						install
libmagic1:amd64					install
libmagick++5:amd64				install
libmagickcore5:amd64				install
libmagickcore5-extra:amd64			install
libmagickwand5:amd64				install
libmailtools-perl				install
libmeanwhile1					install
libmetacity-private0a				install
libmhash2					install
libmimic0					install
libminiupnpc5					install
libmission-control-plugins0			install
libmms0:amd64					install
libmng1:amd64					install
libmodplug1					install
libmono-addins-gui0.2-cil			install
libmono-addins0.2-cil				install
libmono-cairo4.0-cil				install
libmono-corlib4.0-cil				install
libmono-i18n-west4.0-cil			install
libmono-i18n4.0-cil				install
libmono-posix4.0-cil				install
libmono-security4.0-cil				install
libmono-sharpzip4.84-cil			install
libmono-system-configuration4.0-cil		install
libmono-system-core4.0-cil			install
libmono-system-drawing4.0-cil			install
libmono-system-security4.0-cil			install
libmono-system-xml4.0-cil			install
libmono-system4.0-cil				install
libmount1					install
libmozjs185-1.0					install
libmp3lame0:amd64				install
libmpc2:amd64					install
libmpcdec6:amd64				install
libmpeg2-4					install
libmpfr4:amd64					install
libmtdev1:amd64					install
libmtp-common					install
libmtp-runtime					install
libmtp9:amd64					install
libmusicbrainz5-0:amd64				install
libmutter0					install
libmx-1.0-2:amd64				install
libmx-bin					install
libmx-common					install
libmysqlclient18:amd64				install
libmythes-1.2-0					install
libnatpmp1					install
libnautilus-extension1a				install
libncurses5:amd64				install
libncursesw5:amd64				install
libneon27-gnutls				install
libnet-dbus-perl				install
libnet-http-perl				install
libnet-ssleay-perl				install
libnetfilter-conntrack3:amd64			install
libnetfilter-queue1				install
libnetpbm10					install
libnettle4:amd64				install
libnewt0.52					install
libnfnetlink0					install
libnfsidmap2:amd64				install
libnice10:amd64					install
libnl-3-200:amd64				install
libnl-genl-3-200:amd64				install
libnl-route-3-200:amd64				install
libnl1:amd64					install
libnm-glib-vpn1					install
libnm-glib4					install
libnm-gtk-common				install
libnm-gtk0					install
libnm-util2					install
libnotify4:amd64				install
libnspr4:amd64					install
libnss-mdns					install
libnss3:amd64					install
libnuma1					install
liboauth0:amd64					install
libofa0						install
libogg0:amd64					install
libopenal-data					install
libopenal1:amd64				install
libopencore-amrnb0:amd64			install
libopencore-amrwb0:amd64			install
libopenexr6					install
libopenjpeg2:amd64				install
libopenmpi-dev					install
libopenmpi1.3					install
libopenobex1					install
libopenraw1:amd64				install
libopts25					install
libopus0					install
liborbit2					install
liborc-0.4-0:amd64				install
libp11-kit0:amd64				install
libpackagekit-glib2-14:amd64			install
libpam-cap:amd64				install
libpam-ck-connector:amd64			install
libpam-gnome-keyring				install
libpam-modules:amd64				install
libpam-modules-bin				install
libpam-runtime					install
libpam0g:amd64					install
libpanel-applet-4-0				install
libpango-perl					install
libpango1.0-0:amd64				install
libpangomm-1.4-1				install
libpaper-utils					install
libpaper1:amd64					install
libparted0debian1:amd64				install
libpcap-dev					install
libpcap0.8:amd64				install
libpcap0.8-dev					install
libpci3:amd64					install
libpciaccess0:amd64				install
libpcre3:amd64					install
libpcsclite1:amd64				install
libpeas-1.0-0					install
libpeas-common					install
libperl5.14					install
libpgm-5.1-0					install
libpipeline1:amd64				install
libpixman-1-0:amd64				install
libplist1					install
libplot2c2					install
libpng12-0:amd64				install
libpng12-dev					install
libpolkit-agent-1-0:amd64			install
libpolkit-backend-1-0:amd64			install
libpolkit-gobject-1-0:amd64			install
libpoppler-glib8:amd64				install
libpoppler19:amd64				install
libpopt0:amd64					install
libportaudio2:amd64				install
libpostproc52:amd64				install
libprocps0:amd64				install
libproxy0:amd64					install
libpst4:amd64					install
libpstoedit0c2a					install
libptexenc1					install
libpth20					install
libpthread-stubs0:amd64				install
libpthread-stubs0-dev:amd64			install
libpulse-mainloop-glib0:amd64			install
libpulse0:amd64					install
libpurple-bin					install
libpurple0					install
libpython2.7					install
libqpol1:amd64					install
libqt4-xml:amd64				install
libqtcore4:amd64				install
libqtgui4:amd64					install
libquadmath0:amd64				install
libquvi-scripts					install
libquvi7:amd64					install
libraptor2-0					install
librarian0					install
librasqal3					install
libraw1394-11:amd64				install
libraw5:amd64					install
librdf0						install
libreadline5:amd64				install
libreadline6:amd64				install
libregexp-java					install
libreoffice					install
libreoffice-base				install
libreoffice-base-core				install
libreoffice-calc				install
libreoffice-common				install
libreoffice-core				install
libreoffice-draw				install
libreoffice-emailmerge				install
libreoffice-evolution				install
libreoffice-filter-binfilter			install
libreoffice-filter-mobiledev			install
libreoffice-gnome				install
libreoffice-gtk					install
libreoffice-help-en-us				install
libreoffice-impress				install
libreoffice-java-common				install
libreoffice-math				install
libreoffice-report-builder-bin			install
libreoffice-style-galaxy			install
libreoffice-style-tango				install
libreoffice-writer				install
librest-0.7-0:amd64				install
librest-extras-0.7-0:amd64			install
librhythmbox-core6				install
librrd4						install
librsvg2-2:amd64				install
librsvg2-common:amd64				install
librtmp0:amd64					install
libruby1.9.1					install
libsamplerate0:amd64				install
libsane:amd64					install
libsane-common					install
libsane-extras:amd64				install
libsane-extras-common				install
libsane-hpaio					install
libsasl2-2:amd64				install
libsasl2-modules:amd64				install
libschroedinger-1.0-0:amd64			install
libsctp1					install
libsdl1.2debian:amd64				install
libseed-gtk3-0					install
libselinux1:amd64				install
libselinux1-dev					install
libsemanage-common				install
libsemanage1:amd64				install
libsensors4:amd64				install
libsepol1:amd64					install
libsepol1-dev					install
libservlet2.5-java				install
libsetools-tcl					install
libsgutils2-2					install
libshout3:amd64					install
libsidplay1					install
libsigc++-2.0-0c2a:amd64			install
libslang2:amd64					install
libslp1						install
libslv2-9					install
libsm-dev:amd64					install
libsm6:amd64					install
libsmbclient:amd64				install
libsndfile1:amd64				install
libsnmp-base					install
libsnmp15					install
libsocialweb-client2:amd64			install
libsocialweb-common				install
libsocialweb-service				install
libsocialweb0:amd64				install
libsocket-perl					install
libsofia-sip-ua-glib3				install
libsofia-sip-ua0				install
libsonic0:amd64					install
libsoundtouch0:amd64				install
libsoup-gnome2.4-1:amd64			install
libsoup2.4-1:amd64				install
libspandsp2					install
libspectre1:amd64				install
libspeechd2					install
libspeex1:amd64					install
libspeexdsp1:amd64				install
libsqlite3-0:amd64				install
libss2:amd64					install
libssh2-1:amd64					install
libssl-dev					install
libssl-doc					install
libssl1.0.0:amd64				install
libstartup-notification0			install
libstdc++6:amd64				install
libstdc++6-4.7-dev				install
libsvm-tools					install
libsvn1:amd64					install
libswitch-perl					install
libswscale2:amd64				install
libsystemd-daemon0:amd64			install
libsystemd-login0:amd64				install
libt1-5						install
libtag1-vanilla:amd64				install
libtag1c2a:amd64				install
libtalloc2:amd64				install
libtasn1-3:amd64				install
libtdb1:amd64					install
libtelepathy-farstream2:amd64			install
libtelepathy-glib0:amd64			install
libtelepathy-logger2:amd64			install
libtext-charwidth-perl				install
libtext-iconv-perl				install
libtext-wrapi18n-perl				install
libthai-data					install
libthai0:amd64					install
libtheora0:amd64				install
libtidy-0.99-0					install
libtie-ixhash-perl				install
libtiff4:amd64					install
libtimedate-perl				install
libtinfo5:amd64					install
libtirpc1:amd64					install
libtokyocabinet9:amd64				install
libtool						install
libtool-doc					install
libtorque2					install
libtotem-plparser17				install
libtotem0					install
libtracker-extract-0.14-0			install
libtracker-miner-0.14-0				install
libtracker-sparql-0.14-0			install
libtre5:amd64					install
libts-0.0-0:amd64				install
libtwolame0					install
libudev-dev					install
libudev0:amd64					install
libumfpack5.4.0					install
libunique-3.0-0					install
libunistring0:amd64				install
libupower-glib1					install
liburi-perl					install
libusb-0.1-4:amd64				install
libusb-1.0-0:amd64				install
libusbmuxd1					install
libustr-1.0-1:amd64				install
libutempter0					install
libuuid-perl					install
libuuid1:amd64					install
libv4l-0:amd64					install
libv4lconvert0:amd64				install
libva1:amd64					install
libvisio-0.0-0					install
libvisual-0.4-0:amd64				install
libvisual-0.4-plugins:amd64			install
libvo-aacenc0:amd64				install
libvo-amrwbenc0:amd64				install
libvorbis0a:amd64				install
libvorbisenc2:amd64				install
libvorbisfile3:amd64				install
libvpx1:amd64					install
libvte-2.90-9					install
libvte-2.90-common				install
libvte-common					install
libvte9						install
libwacom-common					install
libwacom2:amd64					install
libwavpack1:amd64				install
libwbclient0:amd64				install
libwebkitgtk-1.0-0				install
libwebkitgtk-1.0-common				install
libwebkitgtk-3.0-0				install
libwebkitgtk-3.0-common				install
libwebrtc-audio-processing-0:amd64		install
libwildmidi-config				install
libwildmidi1:amd64				install
libwmf-bin					install
libwmf0.2-7:amd64				install
libwnck-3-0					install
libwnck-3-common				install
libwnck-common					install
libwnck22					install
libwpd-0.9-9					install
libwpg-0.2-2					install
libwps-0.2-2					install
libwrap0:amd64					install
libwww-perl					install
libwww-robotrules-perl				install
libx11-6:amd64					install
libx11-data					install
libx11-dev:amd64				install
libx11-doc					install
libx11-protocol-perl				install
libx11-xcb1:amd64				install
libx264-123:amd64				install
libx86-1:amd64					install
libxalan2-java					install
libxapian22					install
libxau-dev:amd64				install
libxau6:amd64					install
libxaw7:amd64					install
libxaw7-dev:amd64				install
libxcb-dri2-0:amd64				install
libxcb-glx0:amd64				install
libxcb-render0:amd64				install
libxcb-shape0:amd64				install
libxcb-shm0:amd64				install
libxcb-util0:amd64				install
libxcb1:amd64					install
libxcb1-dev:amd64				install
libxcomposite1:amd64				install
libxcursor1:amd64				install
libxdamage1:amd64				install
libxdmcp-dev:amd64				install
libxdmcp6:amd64					install
libxerces-c-dev					install
libxerces-c3.1:amd64				install
libxerces2-java					install
libxext-dev:amd64				install
libxext6:amd64					install
libxfixes3:amd64				install
libxfont1					install
libxft2:amd64					install
libxi6:amd64					install
libxinerama1:amd64				install
libxkbfile1:amd64				install
libxklavier16					install
libxml-commons-external-java			install
libxml-commons-resolver1.1-java			install
libxml-parser-perl				install
libxml-twig-perl				install
libxml-xpathengine-perl				install
libxml2:amd64					install
libxmu-dev:amd64				install
libxmu-headers					install
libxmu6:amd64					install
libxmuu1:amd64					install
libxpm-dev:amd64				install
libxpm4:amd64					install
libxrandr2:amd64				install
libxrender1:amd64				install
libxres1:amd64					install
libxslt1.1:amd64				install
libxss1:amd64					install
libxt-dev:amd64					install
libxt6:amd64					install
libxtst6:amd64					install
libxv1:amd64					install
libxvidcore4:amd64				install
libxvmc1					install
libxxf86dga1:amd64				install
libxxf86vm1:amd64				install
libxz-java					install
libyajl2					install
libyaml-0-2:amd64				install
libyelp0					install
libzbar0					install
libzephyr4					install
libzmq3:amd64					install
libzvbi-common					install
libzvbi0:amd64					install
lightsoff					install
linux-base					install
linux-headers-3.2.0-4-amd64			install
linux-headers-3.2.0-4-common			install
linux-image-3.2.0-4-amd64			install
linux-image-amd64				install
linux-kbuild-3.2				install
linux-libc-dev:amd64				install
lksctp-tools					install
lmodern						install
locales						install
login						install
logrotate					install
lp-solve					install
lsb-base					install
lsb-release					install
lsof						install
luatex						install
m4						install
mahjongg					install
make						install
man-db						install
manpages					install
manpages-dev					install
mawk						install
media-player-info				install
menu						install
mesa-utils					install
metacity					install
metacity-common					install
mime-support					install
minissdpd					install
mlocate						install
mobile-broadband-provider-info			install
modemmanager					install
module-init-tools				install
mono-4.0-gac					install
mono-gac					install
mono-runtime					install
mount						install
mousetweaks					install
mpi-default-dev					install
mscompress					install
multiarch-support				install
mutt						install
mutter-common					install
mysql-common					install
mythes-en-us					install
n2disk						deinstall
nano						install
nautilus					install
nautilus-data					install
nautilus-sendto					install
nautilus-sendto-empathy				install
ncurses-base					install
ncurses-bin					install
ncurses-term					install
net-tools					install
netbase						install
netcat						install
netcat-traditional				install
netpbm						install
network-manager					install
network-manager-gnome				install
nfs-common					install
nfs-kernel-server				install
nmap						install
notification-daemon				install
nprobe						install
ntfs-3g						install
ntopng						install
ntopng-data					install
ntp						install
obex-data-server				install
obexd-client					install
openjdk-7-jre:amd64				install
openjdk-7-jre-headless:amd64			install
openmpi-bin					install
openmpi-checkpoint				install
openmpi-common					install
openprinting-ppds				install
openssh-blacklist				install
openssh-blacklist-extra				install
openssh-client					install
openssh-server					install
openssl						install
os-prober					install
p7zip-full					install
packagekit					install
packagekit-backend-aptcc			install
packagekit-tools				install
passwd						install
patch						install
pciutils					install
perl						install
perl-base					install
perl-modules					install
perlmagick					install
pfring						install
pfring-dkms					install
pgf						install
pidgin-data					install
pkg-config					install
pm-utils					install
policycoreutils					install
policykit-1					install
policykit-1-gnome				install
poppler-data					install
poppler-utils					install
powermgmt-base					install
ppp						install
preview-latex-style				install
printer-driver-all				install
printer-driver-c2050				install
printer-driver-c2esp				install
printer-driver-cjet				install
printer-driver-escpr				install
printer-driver-foo2zjs				install
printer-driver-gutenprint			install
printer-driver-hpcups				install
printer-driver-hpijs				install
printer-driver-m2300w				install
printer-driver-min12xxw				install
printer-driver-pnm2ppa				install
printer-driver-postscript-hp			install
printer-driver-ptouch				install
printer-driver-pxljr				install
printer-driver-sag-gdi				install
printer-driver-splix				install
procmail					install
procps						install
prosper						install
ps2eps						install
psmisc						install
pstoedit					install
psutils						install
pulseaudio					install
pulseaudio-module-x11				install
pulseaudio-utils				install
python						install
python-apt					install
python-apt-common				install
python-aptdaemon				install
python-aptdaemon.gtk3widgets			install
python-beautifulsoup				install
python-brlapi					install
python-cairo					install
python-central					install
python-chardet					install
python-ctypeslib				install
python-dateutil					install
python-dbus					install
python-dbus-dev					install
python-debian					install
python-debianbts				install
python-defer					install
python-dev					install
python-ethtool					install
python-feedparser				install
python-fpconst					install
python-gconf					install
python-gi					install
python-gi-cairo					install
python-glade2					install
python-gnome2					install
python-gnupginterface				install
python-gobject					install
python-gobject-2				install
python-gtk2					install
python-httplib2					install
python-imaging					install
python-ipy					install
python-libpcap					install
python-libxml2					install
python-louis					install
python-mako					install
python-markupsafe				install
python-matplotlib				install
python-matplotlib-data				install
python-minimal					install
python-notify					install
python-numpy					install
python-packagekit				install
python-pexpect					install
python-pkg-resources				install
python-pyatspi					install
python-pyatspi2					install
python-pycurl					install
python-pyorbit					install
python-pyparsing				install
python-pyudev					install
python-renderpm					install
python-reportbug				install
python-reportlab				install
python-reportlab-accel				install
python-selinux					install
python-semanage					install
python-sepolgen					install
python-setools					install
python-soappy					install
python-software-properties			install
python-speechd					install
python-support					install
python-tk					install
python-tz					install
python-uno					install
python-utidylib					install
python-wnck					install
python-xapian					install
python-xdg					install
python-zeitgeist				install
python2.6					install
python2.6-minimal				install
python2.7					install
python2.7-dev					install
python2.7-minimal				install
quadrapassel					install
rarian-compat					install
rdesktop					install
readline-common					install
redis-server					install
reportbug					install
rhythmbox					install
rhythmbox-data					install
rhythmbox-plugin-cdrecorder			install
rhythmbox-plugins				install
rpcbind						install
rsync						install
rsyslog						install
rtkit						install
ruby						install
ruby1.9.1					install
rygel						install
rygel-playbin					install
rygel-preferences				install
rygel-tracker					install
samba-common					install
samba-common-bin				install
sane-utils					install
screen						install
seahorse					install
sed						install
selinux-policy-default				install
sensible-utils					install
setools						install
sgml-base					install
sgml-data					install
shared-mime-info				install
shotwell					install
shotwell-common					install
simple-scan					install
smbclient					install
snmp						install
software-properties-common			install
software-properties-gtk				install
sound-juicer					install
sound-theme-freedesktop				install
speech-dispatcher				install
sshfs						install
ssl-cert					install
subversion					install
sudo						install
swell-foop					install
synaptic					install
sysstat						install
sysv-rc						install
sysvinit					install
sysvinit-utils					install
tar						install
task-desktop					install
task-english					install
task-gnome-desktop				install
task-print-server				install
task-ssh-server					install
tasksel						install
tasksel-data					install
tcl						install
tcl8.5						install
tcpd						install
tcpdump						install
telepathy-gabble				install
telepathy-haze					install
telepathy-idle					install
telepathy-logger				install
telepathy-mission-control-5			install
telepathy-rakia					install
telepathy-salut					install
telnet						install
tex-common					install
tex-gyre					install
texinfo						install
texlive-base					install
texlive-binaries				install
texlive-common					install
texlive-doc-base				install
texlive-extra-utils				install
texlive-font-utils				install
texlive-fonts-recommended			install
texlive-fonts-recommended-doc			install
texlive-generic-recommended			install
texlive-latex-base				install
texlive-latex-base-doc				install
texlive-latex-extra				install
texlive-latex-extra-doc				install
texlive-latex-recommended			install
texlive-latex-recommended-doc			install
texlive-luatex					install
texlive-pictures				install
texlive-pictures-doc				install
texlive-pstricks				install
texlive-pstricks-doc				install
time						install
tipa						install
tk						install
tk8.5						install
tomboy						install
totem						install
totem-common					install
totem-plugins					install
traceroute					install
tracker						install
tracker-extract					install
tracker-gui					install
tracker-miner-fs				install
tracker-utils					install
transmission-common				install
transmission-gtk				install
tsconf						install
ttf-dejavu					install
ttf-dejavu-core					install
ttf-dejavu-extra				install
ttf-liberation					install
ttf-marvosym					install
ttf-sil-gentium-basic				install
tzdata						install
tzdata-java					install
ucf						install
udev						install
udisks						install
ufraw-batch					install
unattended-upgrades				install
uno-libs3					install
unoconv						install
unzip						install
update-inetd					install
upower						install
ure						install
usb-modeswitch					install
usb-modeswitch-data				install
usbmuxd						install
usbutils					install
util-linux					install
util-linux-locales				install
vbetool						install
vim-common					install
vim-tiny					install
vinagre						install
vino						install
w3m						install
wamerican					install
wget						install
whiptail					install
whois						install
wireless-regdb					install
wpasupplicant					install
x11-apps					install
x11-common					install
x11-session-utils				install
x11-utils					install
x11-xfs-utils					install
x11-xkb-utils					install
x11-xserver-utils				install
x11proto-core-dev				install
x11proto-input-dev				install
x11proto-kb-dev					install
x11proto-xext-dev				install
xauth						install
xbitmaps					install
xbrlapi						install
xdg-user-dirs					install
xdg-user-dirs-gtk				install
xdg-utils					install
xfonts-100dpi					install
xfonts-75dpi					install
xfonts-base					install
xfonts-encodings				install
xfonts-mathml					install
xfonts-scalable					install
xfonts-utils					install
xinit						install
xkb-data					install
xml-core					install
xorg						install
xorg-docs-core					install
xorg-sgml-doctools				install
xserver-common					install
xserver-xephyr					install
xserver-xorg					install
xserver-xorg-core				install
xserver-xorg-input-all				install
xserver-xorg-input-evdev			install
xserver-xorg-input-mouse			install
xserver-xorg-input-synaptics			install
xserver-xorg-input-vmmouse			install
xserver-xorg-input-wacom			install
xserver-xorg-video-all				install
xserver-xorg-video-apm				install
xserver-xorg-video-ark				install
xserver-xorg-video-ati				install
xserver-xorg-video-chips			install
xserver-xorg-video-cirrus			install
xserver-xorg-video-fbdev			install
xserver-xorg-video-i128				install
xserver-xorg-video-intel			install
xserver-xorg-video-mach64			install
xserver-xorg-video-mga				install
xserver-xorg-video-neomagic			install
xserver-xorg-video-nouveau			install
xserver-xorg-video-openchrome			install
xserver-xorg-video-r128				install
xserver-xorg-video-radeon			install
xserver-xorg-video-rendition			install
xserver-xorg-video-s3				install
xserver-xorg-video-s3virge			install
xserver-xorg-video-savage			install
xserver-xorg-video-siliconmotion		install
xserver-xorg-video-sis				install
xserver-xorg-video-sisusb			install
xserver-xorg-video-tdfx				install
xserver-xorg-video-trident			install
xserver-xorg-video-tseng			install
xserver-xorg-video-vesa				install
xserver-xorg-video-vmware			install
xserver-xorg-video-voodoo			install
xterm						install
xtrans-dev					install
xz-utils					install
yelp						install
yelp-xsl					install
zeitgeist-core					install
zenity						install
zenity-common					install
zlib1g:amd64					install
zlib1g-dev:amd64				install
